2021-05-15T20:24:31.151203000Z -- Attaching packages --------------------------------------- tidyverse 1.3.0 --
2021-05-15T20:24:31.162802200Z v ggplot2 3.3.2     v purrr   0.3.4
2021-05-15T20:24:31.162901400Z v tibble  3.0.3     v dplyr   1.0.2
2021-05-15T20:24:31.162910400Z v tidyr   1.1.2     v stringr 1.4.0
2021-05-15T20:24:31.162917800Z v readr   1.3.1     v forcats 0.5.0
2021-05-15T20:24:31.438538900Z -- Conflicts ------------------------------------------ tidyverse_conflicts() --
2021-05-15T20:24:31.438636300Z x dplyr::filter() masks stats::filter()
2021-05-15T20:24:31.438645500Z x dplyr::lag()    masks stats::lag()


state: succeeded
commit: d95a6fa6ef28b1c9dce6d94b3ef6b92ac12b6e69
docker_image_id: sha256:b0e86ebee1d778d06c4c86d5d4c32dd910483eb4b0a9c7ed3997f928aa94c500
exit_code: 0
job_id: uetrf2ozirk3bijt
run_by_user: wjchulme
created_at: 2021-05-15T20:23:41Z
started_at: 2021-05-15T20:24:27Z
completed_at: 2021-05-15T20:26:48Z

Completed successfully

outputs:
  output/data/ethnicity_table.txt           - moderately_sensitive
  output/data/ethnicity_table_combined.txt  - moderately_sensitive