2021-05-14T17:28:11.013465500Z -- Attaching packages --------------------------------------- tidyverse 1.3.0 --
2021-05-14T17:28:11.022260700Z v ggplot2 3.3.2     v purrr   0.3.4
2021-05-14T17:28:11.022283100Z v tibble  3.0.3     v dplyr   1.0.2
2021-05-14T17:28:11.022291800Z v tidyr   1.1.2     v stringr 1.4.0
2021-05-14T17:28:11.022299100Z v readr   1.3.1     v forcats 0.5.0
2021-05-14T17:28:11.186805500Z -- Conflicts ------------------------------------------ tidyverse_conflicts() --
2021-05-14T17:28:11.186835700Z x dplyr::filter() masks stats::filter()
2021-05-14T17:28:11.186844500Z x dplyr::lag()    masks stats::lag()
2021-05-14T17:28:11.223180300Z 
2021-05-14T17:28:11.223207800Z Attaching package: 'lubridate'
2021-05-14T17:28:11.223216500Z 
2021-05-14T17:28:11.224713700Z The following objects are masked from 'package:base':
2021-05-14T17:28:11.224730000Z 
2021-05-14T17:28:11.224737600Z     date, intersect, setdiff, union
2021-05-14T17:28:11.224744600Z 


state: succeeded
commit: 04cf9632a53d0e8d52376613d7aee5ea5cb68f21
docker_image_id: sha256:b0e86ebee1d778d06c4c86d5d4c32dd910483eb4b0a9c7ed3997f928aa94c500
exit_code: 0
job_id: lfcfiea3jiagnjfc
run_by_user: wjchulme
created_at: 2021-05-14T13:49:09Z
started_at: 2021-05-14T17:28:08Z
completed_at: 2021-05-14T17:30:33Z

Completed successfully

outputs:
  output/over80s/data_properties/data_wide_fixed_coltypes.txt  - moderately_sensitive
  output/over80s/data_properties/data_wide_fixed_skim.txt      - moderately_sensitive
  output/over80s/data_properties/data_wide_fixed_tabulate.txt  - moderately_sensitive