2021-05-14T15:15:40.511383800Z -- Attaching packages --------------------------------------- tidyverse 1.3.0 --
2021-05-14T15:15:40.520049800Z v ggplot2 3.3.2     v purrr   0.3.4
2021-05-14T15:15:40.520074400Z v tibble  3.0.3     v dplyr   1.0.2
2021-05-14T15:15:40.520083200Z v tidyr   1.1.2     v stringr 1.4.0
2021-05-14T15:15:40.520090400Z v readr   1.3.1     v forcats 0.5.0
2021-05-14T15:15:40.684791200Z -- Conflicts ------------------------------------------ tidyverse_conflicts() --
2021-05-14T15:15:40.684910700Z x dplyr::filter() masks stats::filter()
2021-05-14T15:15:40.684922400Z x dplyr::lag()    masks stats::lag()
2021-05-14T15:17:16.881389700Z  
2021-05-14T15:17:16.882671900Z one-row-per-patient (time-independent) data size = 875359 
2021-05-14T15:17:16.884581500Z memory usage = 0.106 GB 
2021-05-14T15:17:26.144563200Z  
2021-05-14T15:17:26.145022100Z one-row-per-patient (tte) data size = 875359 
2021-05-14T15:17:26.145752900Z memory usage = 234.607 MB 
2021-05-14T15:23:24.491434600Z  
2021-05-14T15:23:24.492144800Z one-row-per-patient-per-event data size = 2051573 
2021-05-14T15:23:24.493105300Z memory usage = 0.681 GB 
2021-05-14T17:20:57.806598500Z  
2021-05-14T17:20:57.807032600Z one-row-per-patient-per-time-unit data size = 67402643 
2021-05-14T17:20:57.807770100Z memory usage = 21.03 GB 


state: succeeded
commit: 04cf9632a53d0e8d52376613d7aee5ea5cb68f21
docker_image_id: sha256:b0e86ebee1d778d06c4c86d5d4c32dd910483eb4b0a9c7ed3997f928aa94c500
exit_code: 0
job_id: 3acnmxpxrllciqk5
run_by_user: wjchulme
created_at: 2021-05-14T13:49:09Z
started_at: 2021-05-14T15:15:37Z
completed_at: 2021-05-14T17:27:43Z

Completed successfully

outputs:
  output/over80s/data/data_cp.rds          - highly_sensitive
  output/over80s/data/data_pt.rds          - highly_sensitive
  output/over80s/data/data_wide_fixed.rds  - highly_sensitive
  output/over80s/data/data_wide_tte.rds    - highly_sensitive