2021-04-09T00:47:16.135967100Z -- Attaching packages --------------------------------------- tidyverse 1.3.0 --
2021-04-09T00:47:16.144542600Z v ggplot2 3.3.2     v purrr   0.3.4
2021-04-09T00:47:16.144560800Z v tibble  3.0.3     v dplyr   1.0.2
2021-04-09T00:47:16.144568700Z v tidyr   1.1.2     v stringr 1.4.0
2021-04-09T00:47:16.144575600Z v readr   1.3.1     v forcats 0.5.0
2021-04-09T00:47:16.316139000Z -- Conflicts ------------------------------------------ tidyverse_conflicts() --
2021-04-09T00:47:16.316165600Z x dplyr::filter() masks stats::filter()
2021-04-09T00:47:16.316174600Z x dplyr::lag()    masks stats::lag()
2021-04-09T00:47:16.353134800Z 
2021-04-09T00:47:16.353158200Z Attaching package: 'lubridate'
2021-04-09T00:47:16.353166600Z 
2021-04-09T00:47:16.354663100Z The following objects are masked from 'package:base':
2021-04-09T00:47:16.354685000Z 
2021-04-09T00:47:16.354693400Z     date, intersect, setdiff, union
2021-04-09T00:47:16.354701100Z 


state: succeeded
commit: a4269e24910a5f37c21a0df4c2da92f7e3611caa
docker_image_id: sha256:876a994cdafb8d3fb4b710249fd7716a31efd3ea26cb3faf7aa2187853c6c624
exit_code: 0
job_id: z7itp7ps6ay5rn2u
run_by_user: wjchulme
created_at: 2021-04-08T22:20:12Z
started_at: 2021-04-09T00:47:13Z
completed_at: 2021-04-09T01:18:13Z

Completed successfully

outputs:
  output/data_properties/data_all_coltypes.txt  - moderately_sensitive
  output/data_properties/data_all_skim.txt      - moderately_sensitive
  output/data_properties/data_all_tabulate.txt  - moderately_sensitive