2021-04-18T20:49:03.935745500Z -- Attaching packages --------------------------------------- tidyverse 1.3.0 --
2021-04-18T20:49:03.952891100Z v ggplot2 3.3.2     v purrr   0.3.4
2021-04-18T20:49:03.952995100Z v tibble  3.0.3     v dplyr   1.0.2
2021-04-18T20:49:03.953004100Z v tidyr   1.1.2     v stringr 1.4.0
2021-04-18T20:49:03.953011400Z v readr   1.3.1     v forcats 0.5.0
2021-04-18T20:49:04.226611200Z -- Conflicts ------------------------------------------ tidyverse_conflicts() --
2021-04-18T20:49:04.226701400Z x dplyr::filter() masks stats::filter()
2021-04-18T20:49:04.226709900Z x dplyr::lag()    masks stats::lag()
2021-04-18T20:49:04.287778100Z 
2021-04-18T20:49:04.287874500Z Attaching package: 'lubridate'
2021-04-18T20:49:04.287882300Z 
2021-04-18T20:49:04.289645800Z The following objects are masked from 'package:base':
2021-04-18T20:49:04.289712800Z 
2021-04-18T20:49:04.289722300Z     date, intersect, setdiff, union
2021-04-18T20:49:04.289729600Z 


state: succeeded
commit: 33f52791c8cce80c6c198db74da25e5b695f71d1
docker_image_id: sha256:c2fc5042bf86134947d83ad8e70bd926e2c1f91a263c6bfe87438ad783bec981
exit_code: 0
job_id: xfcklsqet673qcev
run_by_user: wjchulme
created_at: 2021-04-18T20:34:38Z
started_at: 2021-04-18T20:49:00Z
completed_at: 2021-04-18T20:50:11Z

Completed successfully

outputs:
  output/in70s/data_properties/data_wide_fixed_coltypes.txt  - moderately_sensitive
  output/in70s/data_properties/data_wide_fixed_skim.txt      - moderately_sensitive
  output/in70s/data_properties/data_wide_fixed_tabulate.txt  - moderately_sensitive