2021-02-16T13:08:51.288031700Z -- Attaching packages --------------------------------------- tidyverse 1.3.0 --
2021-02-16T13:08:51.296674700Z v ggplot2 3.3.2     v purrr   0.3.4
2021-02-16T13:08:51.296697800Z v tibble  3.0.3     v dplyr   1.0.2
2021-02-16T13:08:51.296706600Z v tidyr   1.1.2     v stringr 1.4.0
2021-02-16T13:08:51.296713600Z v readr   1.3.1     v forcats 0.5.0
2021-02-16T13:08:51.458661800Z -- Conflicts ------------------------------------------ tidyverse_conflicts() --
2021-02-16T13:08:51.458681800Z x dplyr::filter() masks stats::filter()
2021-02-16T13:08:51.458690200Z x dplyr::lag()    masks stats::lag()
2021-02-16T13:08:51.473665900Z 
2021-02-16T13:08:51.473689900Z Attaching package: 'lubridate'
2021-02-16T13:08:51.473698400Z 
2021-02-16T13:08:51.475142700Z The following objects are masked from 'package:base':
2021-02-16T13:08:51.475159500Z 
2021-02-16T13:08:51.475167200Z     date, intersect, setdiff, union
2021-02-16T13:08:51.475174900Z 
2021-02-16T13:08:51.484163900Z 
2021-02-16T13:08:51.484179300Z Attaching package: 'jsonlite'
2021-02-16T13:08:51.484186800Z 
2021-02-16T13:08:51.484662400Z The following object is masked from 'package:purrr':
2021-02-16T13:08:51.484677000Z 
2021-02-16T13:08:51.484684300Z     flatten
2021-02-16T13:08:51.484691100Z 
2021-02-16T13:08:51.549491500Z  [1] "patient_id"                         "age"                               
2021-02-16T13:08:51.549515200Z  [3] "sex"                                "bmi"                               
2021-02-16T13:08:51.549524300Z  [5] "has_follow_up_previous_year"        "registered_at_latest"              
2021-02-16T13:08:51.549531700Z  [7] "ethnicity"                          "practice_id"                       
2021-02-16T13:08:51.549539200Z  [9] "stp"                                "region"                            
2021-02-16T13:08:51.549546900Z [11] "imd"                                "care_home_type"                    
2021-02-16T13:08:51.549554600Z [13] "care_home"                          "covid_vax_1_date"                  
2021-02-16T13:08:51.549561900Z [15] "covid_vax_2_date"                   "covid_vax_3_date"                  
2021-02-16T13:08:51.549569100Z [17] "covid_vax_4_date"                   "covid_vax_pfizer_1_date"           
2021-02-16T13:08:51.549599000Z [19] "covid_vax_pfizer_2_date"            "covid_vax_pfizer_3_date"           
2021-02-16T13:08:51.549613700Z [21] "covid_vax_pfizer_4_date"            "covid_vax_az_1_date"               
2021-02-16T13:08:51.549621600Z [23] "covid_vax_az_2_date"                "covid_vax_az_3_date"               
2021-02-16T13:08:51.549629000Z [25] "covid_vax_az_4_date"                "prior_positive_test_date"          
2021-02-16T13:08:51.549636200Z [27] "prior_primary_care_covid_case_date" "positive_test_1_date"              
2021-02-16T13:08:51.549657900Z [29] "positive_test_2_date"               "primary_care_covid_case_1_date"    
2021-02-16T13:08:51.549666200Z [31] "primary_care_covid_case_2_date"     "covidadmitted_1_date"              
2021-02-16T13:08:51.549673500Z [33] "covidadmitted_2_date"               "coviddeath_date"                   
2021-02-16T13:08:51.549680600Z [35] "death_date"                         "admitted_1_date"                   
2021-02-16T13:08:51.549687600Z [37] "discharged_1_date"                  "admitted_2_date"                   
2021-02-16T13:08:51.549694600Z [39] "discharged_2_date"                  "admitted_3_date"                   
2021-02-16T13:08:51.549701800Z [41] "discharged_3_date"                  "admitted_4_date"                   
2021-02-16T13:08:51.549708800Z [43] "discharged_4_date"                  "admitted_5_date"                   
2021-02-16T13:08:51.549718700Z [45] "discharged_5_date"                  "chronic_cardiac_disease"           
2021-02-16T13:08:51.549726400Z [47] "current_copd"                       "dmards"                            
2021-02-16T13:08:51.549733700Z [49] "dementia"                           "dialysis"                          
2021-02-16T13:08:51.549740800Z [51] "solid_organ_transplantation"        "chemo_or_radio"                    
2021-02-16T13:08:51.549747900Z [53] "intel_dis_incl_downs_syndrome"      "lung_cancer"                       
2021-02-16T13:08:51.549754900Z [55] "cancer_excl_lung_and_haem"          "haematological_cancer"             
2021-02-16T13:08:51.549762100Z [57] "bone_marrow_transplant"             "cystic_fibrosis"                   
2021-02-16T13:08:51.549769200Z [59] "sickle_cell_disease"                "permanant_immunosuppression"       
2021-02-16T13:08:51.549778000Z [61] "temporary_immunosuppression"        "psychosis_schiz_bipolar"           
2021-02-16T13:08:51.549785100Z [63] "asplenia"                          
2021-02-16T13:09:30.727947600Z Warning: 18918 parsing failures.
2021-02-16T13:09:30.728004900Z  row               col           expected     actual                                     file
2021-02-16T13:09:30.728014900Z 1777 admitted_3_date   1/0/T/F/TRUE/FALSE 2020-12-31 '/workspace/output/input_vaccinated.csv'
2021-02-16T13:09:30.728022800Z 1777 discharged_3_date 1/0/T/F/TRUE/FALSE 2020-12-31 '/workspace/output/input_vaccinated.csv'
2021-02-16T13:09:30.728030500Z 2423 admitted_3_date   1/0/T/F/TRUE/FALSE 2020-12-24 '/workspace/output/input_vaccinated.csv'
2021-02-16T13:09:30.728038100Z 2423 discharged_3_date 1/0/T/F/TRUE/FALSE 2020-12-27 '/workspace/output/input_vaccinated.csv'
2021-02-16T13:09:30.728045700Z 4163 admitted_3_date   1/0/T/F/TRUE/FALSE 2020-12-23 '/workspace/output/input_vaccinated.csv'
2021-02-16T13:09:30.728053400Z .... ................. .................. .......... ........................................
2021-02-16T13:09:30.728060800Z See problems(...) for more details.
2021-02-16T13:09:30.728087500Z 
2021-02-16T13:09:30.728095500Z Warning message:
2021-02-16T13:09:30.728117600Z The following named parsers don't match the column names: registered, registered_at_latest_date, has_died, ethnicity_16, first_SGSS_positive_test_date, earliest_primary_care_covid_case_date, covid_vacc_date, covid_vacc_second_dose_date, covid_vacc_pfizer_first_dose_date, covid_vacc_pfizer_second_dose_date, covid_vacc_pfizer_third_dose_date, covid_vacc_oxford_first_dose_date, covid_vacc_oxford_second_dose_date, covid_vacc_oxford_third_dose_date, post_vaccine_SGSS_positive_test_date, post_vaccine_primary_care_covid_case_date, post_vaccine_admitted_date 


state: succeeded
commit: 068a9d77282100339453bd94787c4495801b58e4
docker_image_id: sha256:841eb4b2d7724549048fdd750533559f9bd5131c6623d83a48602edaf6af651a
job_id: l3zxlwht6tmwygcg
run_by_user: wjchulme
created_at: 2021-02-16T11:53:43Z
started_at: 2021-02-16T13:08:48Z
completed_at: 2021-02-16T13:10:46Z

Completed successfully

outputs:
  output/data/data_vaccinated.rds            - highly_sensitive
  output/data/data_vaccinated_vax_dates.rds  - highly_sensitive