2021-02-16T13:12:38.081119400Z -- Attaching packages --------------------------------------- tidyverse 1.3.0 --
2021-02-16T13:12:38.090231800Z v ggplot2 3.3.2     v purrr   0.3.4
2021-02-16T13:12:38.090266400Z v tibble  3.0.3     v dplyr   1.0.2
2021-02-16T13:12:38.090275400Z v tidyr   1.1.2     v stringr 1.4.0
2021-02-16T13:12:38.090282500Z v readr   1.3.1     v forcats 0.5.0
2021-02-16T13:12:38.261088200Z -- Conflicts ------------------------------------------ tidyverse_conflicts() --
2021-02-16T13:12:38.261122600Z x dplyr::filter() masks stats::filter()
2021-02-16T13:12:38.261131700Z x dplyr::lag()    masks stats::lag()
2021-02-16T13:12:38.308047600Z 
2021-02-16T13:12:38.308088800Z Attaching package: 'lubridate'
2021-02-16T13:12:38.308097700Z 
2021-02-16T13:12:38.309698800Z The following objects are masked from 'package:base':
2021-02-16T13:12:38.309723400Z 
2021-02-16T13:12:38.309731900Z     date, intersect, setdiff, union
2021-02-16T13:12:38.309739200Z 


state: succeeded
commit: 068a9d77282100339453bd94787c4495801b58e4
docker_image_id: sha256:841eb4b2d7724549048fdd750533559f9bd5131c6623d83a48602edaf6af651a
job_id: gim7fzhpy5bto6k2
run_by_user: wjchulme
created_at: 2021-02-16T11:53:43Z
started_at: 2021-02-16T13:12:35Z
completed_at: 2021-02-16T13:17:53Z

Completed successfully

outputs:
  output/data_properties/data_vaccinated_coltypes.txt  - moderately_sensitive
  output/data_properties/data_vaccinated_skim.txt      - moderately_sensitive
  output/data_properties/data_vaccinated_tabulate.txt  - moderately_sensitive