2021-04-22T07:01:41.757739100Z -- Attaching packages --------------------------------------- tidyverse 1.3.0 --
2021-04-22T07:01:41.766543300Z v ggplot2 3.3.2     v purrr   0.3.4
2021-04-22T07:01:41.766567300Z v tibble  3.0.3     v dplyr   1.0.2
2021-04-22T07:01:41.766576000Z v tidyr   1.1.2     v stringr 1.4.0
2021-04-22T07:01:41.766583300Z v readr   1.3.1     v forcats 0.5.0
2021-04-22T07:01:41.928521700Z -- Conflicts ------------------------------------------ tidyverse_conflicts() --
2021-04-22T07:01:41.928586600Z x dplyr::filter() masks stats::filter()
2021-04-22T07:01:41.928595300Z x dplyr::lag()    masks stats::lag()
2021-04-22T07:01:41.942465100Z 
2021-04-22T07:01:41.942486400Z Attaching package: 'lubridate'
2021-04-22T07:01:41.942494600Z 
2021-04-22T07:01:41.943888300Z The following objects are masked from 'package:base':
2021-04-22T07:01:41.943905400Z 
2021-04-22T07:01:41.943913100Z     date, intersect, setdiff, union
2021-04-22T07:01:41.943920100Z 
2021-04-22T07:01:42.009824800Z   [1] "patient_id"                            
2021-04-22T07:01:42.009863300Z   [2] "age"                                   
2021-04-22T07:01:42.009872300Z   [3] "sex"                                   
2021-04-22T07:01:42.009879800Z   [4] "bmi"                                   
2021-04-22T07:01:42.009887100Z   [5] "has_follow_up_previous_year"           
2021-04-22T07:01:42.009894200Z   [6] "registered_at_latest"                  
2021-04-22T07:01:42.009901400Z   [7] "dereg_date"                            
2021-04-22T07:01:42.009908500Z   [8] "ethnicity"                             
2021-04-22T07:01:42.009915700Z   [9] "ethnicity_6_sus"                       
2021-04-22T07:01:42.009922700Z  [10] "practice_id"                           
2021-04-22T07:01:42.009929900Z  [11] "msoa"                                  
2021-04-22T07:01:42.009937000Z  [12] "stp"                                   
2021-04-22T07:01:42.009944200Z  [13] "region"                                
2021-04-22T07:01:42.009951700Z  [14] "imd"                                   
2021-04-22T07:01:42.009959000Z  [15] "rural_urban"                           
2021-04-22T07:01:42.009966100Z  [16] "care_home_type"                        
2021-04-22T07:01:42.009973400Z  [17] "care_home_tpp"                         
2021-04-22T07:01:42.009980400Z  [18] "care_home_code"                        
2021-04-22T07:01:42.009990800Z  [19] "household_id"                          
2021-04-22T07:01:42.009998500Z  [20] "nontpp_household"                      
2021-04-22T07:01:42.010005500Z  [21] "tpp_coverage"                          
2021-04-22T07:01:42.010012600Z  [22] "covid_vax_1_date"                      
2021-04-22T07:01:42.010039100Z  [23] "covid_vax_2_date"                      
2021-04-22T07:01:42.010047400Z  [24] "covid_vax_3_date"                      
2021-04-22T07:01:42.010054700Z  [25] "covid_vax_4_date"                      
2021-04-22T07:01:42.010061600Z  [26] "covid_vax_pfizer_1_date"               
2021-04-22T07:01:42.010068900Z  [27] "covid_vax_pfizer_2_date"               
2021-04-22T07:01:42.010075800Z  [28] "covid_vax_pfizer_3_date"               
2021-04-22T07:01:42.010082800Z  [29] "covid_vax_pfizer_4_date"               
2021-04-22T07:01:42.010089700Z  [30] "covid_vax_az_1_date"                   
2021-04-22T07:01:42.010096800Z  [31] "covid_vax_az_2_date"                   
2021-04-22T07:01:42.010103600Z  [32] "covid_vax_az_3_date"                   
2021-04-22T07:01:42.010110700Z  [33] "covid_vax_az_4_date"                   
2021-04-22T07:01:42.010117600Z  [34] "prior_positive_test_date"              
2021-04-22T07:01:42.010124900Z  [35] "prior_primary_care_covid_case_date"    
2021-04-22T07:01:42.010131900Z  [36] "prior_covidadmitted_date"              
2021-04-22T07:01:42.010139000Z  [37] "covid_test_1_date"                     
2021-04-22T07:01:42.010146000Z  [38] "covid_test_2_date"                     
2021-04-22T07:01:42.010153100Z  [39] "positive_test_1_date"                  
2021-04-22T07:01:42.010160200Z  [40] "positive_test_2_date"                  
2021-04-22T07:01:42.010167100Z  [41] "positive_test_3_date"                  
2021-04-22T07:01:42.010174100Z  [42] "positive_test_4_date"                  
2021-04-22T07:01:42.010181000Z  [43] "primary_care_covid_case_1_date"        
2021-04-22T07:01:42.010189500Z  [44] "primary_care_covid_case_2_date"        
2021-04-22T07:01:42.010196700Z  [45] "emergency_1_date"                      
2021-04-22T07:01:42.010203700Z  [46] "emergency_2_date"                      
2021-04-22T07:01:42.010210700Z  [47] "covidadmitted_1_date"                  
2021-04-22T07:01:42.010217700Z  [48] "covidadmitted_2_date"                  
2021-04-22T07:01:42.010224600Z  [49] "covidadmitted_3_date"                  
2021-04-22T07:01:42.010231500Z  [50] "covidadmitted_4_date"                  
2021-04-22T07:01:42.010238400Z  [51] "coviddeath_date"                       
2021-04-22T07:01:42.010245300Z  [52] "death_date"                            
2021-04-22T07:01:42.010252200Z  [53] "admitted_unplanned_0_date"             
2021-04-22T07:01:42.010259100Z  [54] "discharged_unplanned_0_date"           
2021-04-22T07:01:42.010266000Z  [55] "admitted_unplanned_1_date"             
2021-04-22T07:01:42.010272900Z  [56] "discharged_unplanned_1_date"           
2021-04-22T07:01:42.010279800Z  [57] "admitted_unplanned_2_date"             
2021-04-22T07:01:42.010286800Z  [58] "discharged_unplanned_2_date"           
2021-04-22T07:01:42.010311100Z  [59] "admitted_unplanned_3_date"             
2021-04-22T07:01:42.010319100Z  [60] "discharged_unplanned_3_date"           
2021-04-22T07:01:42.010326300Z  [61] "admitted_unplanned_4_date"             
2021-04-22T07:01:42.010333300Z  [62] "discharged_unplanned_4_date"           
2021-04-22T07:01:42.010340400Z  [63] "admitted_unplanned_5_date"             
2021-04-22T07:01:42.010347300Z  [64] "discharged_unplanned_5_date"           
2021-04-22T07:01:42.010354200Z  [65] "admitted_unplanned_infectious_0_date"  
2021-04-22T07:01:42.010361100Z  [66] "discharged_unplanned_infectious_0_date"
2021-04-22T07:01:42.010368100Z  [67] "admitted_unplanned_infectious_1_date"  
2021-04-22T07:01:42.010374900Z  [68] "discharged_unplanned_infectious_1_date"
2021-04-22T07:01:42.010381800Z  [69] "admitted_unplanned_infectious_2_date"  
2021-04-22T07:01:42.010388800Z  [70] "discharged_unplanned_infectious_2_date"
2021-04-22T07:01:42.010395800Z  [71] "admitted_unplanned_infectious_3_date"  
2021-04-22T07:01:42.010402700Z  [72] "discharged_unplanned_infectious_3_date"
2021-04-22T07:01:42.010409500Z  [73] "admitted_unplanned_infectious_4_date"  
2021-04-22T07:01:42.010416400Z  [74] "discharged_unplanned_infectious_4_date"
2021-04-22T07:01:42.010423300Z  [75] "admitted_unplanned_infectious_5_date"  
2021-04-22T07:01:42.010430200Z  [76] "discharged_unplanned_infectious_5_date"
2021-04-22T07:01:42.010437200Z  [77] "admitted_planned_0_date"               
2021-04-22T07:01:42.010444200Z  [78] "discharged_planned_0_date"             
2021-04-22T07:01:42.010451200Z  [79] "admitted_planned_1_date"               
2021-04-22T07:01:42.010458100Z  [80] "discharged_planned_1_date"             
2021-04-22T07:01:42.010464900Z  [81] "admitted_planned_2_date"               
2021-04-22T07:01:42.010471800Z  [82] "discharged_planned_2_date"             
2021-04-22T07:01:42.010478600Z  [83] "admitted_planned_3_date"               
2021-04-22T07:01:42.010485400Z  [84] "discharged_planned_3_date"             
2021-04-22T07:01:42.010492200Z  [85] "admitted_planned_4_date"               
2021-04-22T07:01:42.010499000Z  [86] "discharged_planned_4_date"             
2021-04-22T07:01:42.010505900Z  [87] "admitted_planned_5_date"               
2021-04-22T07:01:42.010513600Z  [88] "discharged_planned_5_date"             
2021-04-22T07:01:42.010520900Z  [89] "primary_care_probable_covid_1_date"    
2021-04-22T07:01:42.010527800Z  [90] "primary_care_probable_covid_2_date"    
2021-04-22T07:01:42.010534700Z  [91] "primary_care_probable_covid_3_date"    
2021-04-22T07:01:42.010541500Z  [92] "primary_care_probable_covid_4_date"    
2021-04-22T07:01:42.010548500Z  [93] "primary_care_probable_covid_5_date"    
2021-04-22T07:01:42.010561400Z  [94] "primary_care_suspected_covid_1_date"   
2021-04-22T07:01:42.010569000Z  [95] "primary_care_suspected_covid_2_date"   
2021-04-22T07:01:42.010575800Z  [96] "primary_care_suspected_covid_3_date"   
2021-04-22T07:01:42.010582800Z  [97] "primary_care_suspected_covid_4_date"   
2021-04-22T07:01:42.010589600Z  [98] "primary_care_suspected_covid_5_date"   
2021-04-22T07:01:42.010596500Z  [99] "chronic_cardiac_disease"               
2021-04-22T07:01:42.010603400Z [100] "heart_failure"                         
2021-04-22T07:01:42.010610300Z [101] "other_heart_disease"                   
2021-04-22T07:01:42.010617100Z [102] "diabetes"                              
2021-04-22T07:01:42.010624100Z [103] "dialysis"                              
2021-04-22T07:01:42.010630900Z [104] "chronic_liver_disease"                 
2021-04-22T07:01:42.010638100Z [105] "current_copd"                          
2021-04-22T07:01:42.010645000Z [106] "LD_incl_DS_and_CP"                     
2021-04-22T07:01:42.010651900Z [107] "cystic_fibrosis"                       
2021-04-22T07:01:42.010658700Z [108] "other_resp_conditions"                 
2021-04-22T07:01:42.010665600Z [109] "lung_cancer"                           
2021-04-22T07:01:42.010672500Z [110] "haematological_cancer"                 
2021-04-22T07:01:42.010679400Z [111] "cancer_excl_lung_and_haem"             
2021-04-22T07:01:42.010686200Z [112] "chemo_or_radio"                        
2021-04-22T07:01:42.010693200Z [113] "solid_organ_transplantation"           
2021-04-22T07:01:42.010700000Z [114] "bone_marrow_transplant"                
2021-04-22T07:01:42.010707200Z [115] "sickle_cell_disease"                   
2021-04-22T07:01:42.010714000Z [116] "permanant_immunosuppression"           
2021-04-22T07:01:42.010721000Z [117] "temporary_immunosuppression"           
2021-04-22T07:01:42.010727800Z [118] "asplenia"                              
2021-04-22T07:01:42.010734800Z [119] "dmards"                                
2021-04-22T07:01:42.010741600Z [120] "dementia"                              
2021-04-22T07:01:42.010748500Z [121] "other_neuro_conditions"                
2021-04-22T07:01:42.010755400Z [122] "psychosis_schiz_bipolar"               
2021-04-22T07:01:42.010762500Z [123] "flu_vaccine"                           
2021-04-22T07:01:42.010769300Z [124] "shielded_ever"                         
2021-04-22T07:01:42.010776300Z [125] "shielded"                              


state: succeeded
commit: c40035625547015a2a89c056178f87bff93a0389
docker_image_id: sha256:c2fc5042bf86134947d83ad8e70bd926e2c1f91a263c6bfe87438ad783bec981
exit_code: 0
job_id: uojmzwoaglbfxwls
run_by_user: wjchulme
created_at: 2021-04-22T07:00:10Z
started_at: 2021-04-22T07:01:39Z
completed_at: 2021-04-22T08:05:27Z

Completed successfully

outputs:
  output/data/data_all.rds                                 - highly_sensitive
  output/data/data_long_admission_dates.rds                - highly_sensitive
  output/data/data_long_admission_infectious_dates.rds     - highly_sensitive
  output/data/data_long_admission_noninfectious_dates.rds  - highly_sensitive
  output/data/data_long_postest_dates.rds                  - highly_sensitive
  output/data/data_long_pr_probable_covid_dates.rds        - highly_sensitive
  output/data/data_long_pr_suspected_covid_dates.rds       - highly_sensitive
  output/data/data_long_vax_dates.rds                      - highly_sensitive