2021-02-16T13:13:27.859923000Z -- Attaching packages --------------------------------------- tidyverse 1.3.0 --
2021-02-16T13:13:27.869338500Z v ggplot2 3.3.2     v purrr   0.3.4
2021-02-16T13:13:27.869372700Z v tibble  3.0.3     v dplyr   1.0.2
2021-02-16T13:13:27.869381400Z v tidyr   1.1.2     v stringr 1.4.0
2021-02-16T13:13:27.869388600Z v readr   1.3.1     v forcats 0.5.0
2021-02-16T13:13:28.050306600Z -- Conflicts ------------------------------------------ tidyverse_conflicts() --
2021-02-16T13:13:28.050345500Z x dplyr::filter() masks stats::filter()
2021-02-16T13:13:28.050353900Z x dplyr::lag()    masks stats::lag()
2021-02-16T13:13:28.069483500Z 
2021-02-16T13:13:28.069510100Z Attaching package: 'lubridate'
2021-02-16T13:13:28.069518300Z 
2021-02-16T13:13:28.071087800Z The following objects are masked from 'package:base':
2021-02-16T13:13:28.071108000Z 
2021-02-16T13:13:28.071116300Z     date, intersect, setdiff, union
2021-02-16T13:13:28.071123700Z 


state: succeeded
commit: 068a9d77282100339453bd94787c4495801b58e4
docker_image_id: sha256:841eb4b2d7724549048fdd750533559f9bd5131c6623d83a48602edaf6af651a
job_id: 4ozd54ynxszxh7kt
run_by_user: wjchulme
created_at: 2021-02-16T11:53:43Z
started_at: 2021-02-16T13:13:25Z
completed_at: 2021-02-16T13:17:05Z

Completed successfully

outputs:
  output/summary_stats.json                                                      - moderately_sensitive
  output/variable_summary/categorical.txt                                        - moderately_sensitive
  output/variable_summary/date.txt                                               - moderately_sensitive
  output/variable_summary/numeric.txt                                            - moderately_sensitive
  output/variable_summary/tables/categorical_admitted_3_date.csv                 - moderately_sensitive
  output/variable_summary/tables/categorical_admitted_4_date.csv                 - moderately_sensitive
  output/variable_summary/tables/categorical_admitted_5_date.csv                 - moderately_sensitive
  output/variable_summary/tables/categorical_ageband.csv                         - moderately_sensitive
  output/variable_summary/tables/categorical_asplenia.csv                        - moderately_sensitive
  output/variable_summary/tables/categorical_bmi.csv                             - moderately_sensitive
  output/variable_summary/tables/categorical_bone_marrow_transplant.csv          - moderately_sensitive
  output/variable_summary/tables/categorical_cancer_excl_lung_and_haem.csv       - moderately_sensitive
  output/variable_summary/tables/categorical_care_home.csv                       - moderately_sensitive
  output/variable_summary/tables/categorical_care_home_type.csv                  - moderately_sensitive
  output/variable_summary/tables/categorical_cause_of_death.csv                  - moderately_sensitive
  output/variable_summary/tables/categorical_chemo_or_radio.csv                  - moderately_sensitive
  output/variable_summary/tables/categorical_chronic_cardiac_disease.csv         - moderately_sensitive
  output/variable_summary/tables/categorical_covid_vax_1_type.csv                - moderately_sensitive
  output/variable_summary/tables/categorical_covid_vax_3_date.csv                - moderately_sensitive
  output/variable_summary/tables/categorical_covid_vax_4_date.csv                - moderately_sensitive
  output/variable_summary/tables/categorical_covid_vax_az_2_date.csv             - moderately_sensitive
  output/variable_summary/tables/categorical_covid_vax_az_3_date.csv             - moderately_sensitive
  output/variable_summary/tables/categorical_covid_vax_az_4_date.csv             - moderately_sensitive
  output/variable_summary/tables/categorical_covid_vax_pfizer_3_date.csv         - moderately_sensitive
  output/variable_summary/tables/categorical_covid_vax_pfizer_4_date.csv         - moderately_sensitive
  output/variable_summary/tables/categorical_covidadmitted_2_date.csv            - moderately_sensitive
  output/variable_summary/tables/categorical_current_copd.csv                    - moderately_sensitive
  output/variable_summary/tables/categorical_cystic_fibrosis.csv                 - moderately_sensitive
  output/variable_summary/tables/categorical_dementia.csv                        - moderately_sensitive
  output/variable_summary/tables/categorical_dialysis.csv                        - moderately_sensitive
  output/variable_summary/tables/categorical_discharged_3_date.csv               - moderately_sensitive
  output/variable_summary/tables/categorical_discharged_4_date.csv               - moderately_sensitive
  output/variable_summary/tables/categorical_discharged_5_date.csv               - moderately_sensitive
  output/variable_summary/tables/categorical_dmards.csv                          - moderately_sensitive
  output/variable_summary/tables/categorical_ethnicity.csv                       - moderately_sensitive
  output/variable_summary/tables/categorical_haematological_cancer.csv           - moderately_sensitive
  output/variable_summary/tables/categorical_has_follow_up_previous_year.csv     - moderately_sensitive
  output/variable_summary/tables/categorical_imd.csv                             - moderately_sensitive
  output/variable_summary/tables/categorical_ind_admitted.csv                    - moderately_sensitive
  output/variable_summary/tables/categorical_ind_coviddeath.csv                  - moderately_sensitive
  output/variable_summary/tables/categorical_ind_death.csv                       - moderately_sensitive
  output/variable_summary/tables/categorical_ind_posPC.csv                       - moderately_sensitive
  output/variable_summary/tables/categorical_ind_posSGSS.csv                     - moderately_sensitive
  output/variable_summary/tables/categorical_ind_seconddose.csv                  - moderately_sensitive
  output/variable_summary/tables/categorical_intel_dis_incl_downs_syndrome.csv   - moderately_sensitive
  output/variable_summary/tables/categorical_lung_cancer.csv                     - moderately_sensitive
  output/variable_summary/tables/categorical_permanant_immunosuppression.csv     - moderately_sensitive
  output/variable_summary/tables/categorical_positive_test_2_date.csv            - moderately_sensitive
  output/variable_summary/tables/categorical_primary_care_covid_case_2_date.csv  - moderately_sensitive
  output/variable_summary/tables/categorical_psychosis_schiz_bipolar.csv         - moderately_sensitive
  output/variable_summary/tables/categorical_region.csv                          - moderately_sensitive
  output/variable_summary/tables/categorical_sex.csv                             - moderately_sensitive
  output/variable_summary/tables/categorical_sickle_cell_disease.csv             - moderately_sensitive
  output/variable_summary/tables/categorical_solid_organ_transplantation.csv     - moderately_sensitive
  output/variable_summary/tables/categorical_stp.csv                             - moderately_sensitive
  output/variable_summary/tables/categorical_temporary_immunosuppression.csv     - moderately_sensitive