2021-02-17T13:09:31.258386500Z -- Attaching packages --------------------------------------- tidyverse 1.3.0 --
2021-02-17T13:09:31.267163700Z v ggplot2 3.3.2     v purrr   0.3.4
2021-02-17T13:09:31.267187700Z v tibble  3.0.3     v dplyr   1.0.2
2021-02-17T13:09:31.267196300Z v tidyr   1.1.2     v stringr 1.4.0
2021-02-17T13:09:31.267203500Z v readr   1.3.1     v forcats 0.5.0
2021-02-17T13:09:31.428929400Z -- Conflicts ------------------------------------------ tidyverse_conflicts() --
2021-02-17T13:09:31.428998800Z x dplyr::filter() masks stats::filter()
2021-02-17T13:09:31.429007600Z x dplyr::lag()    masks stats::lag()
2021-02-17T13:09:31.443339100Z 
2021-02-17T13:09:31.443362000Z Attaching package: 'lubridate'
2021-02-17T13:09:31.443370500Z 
2021-02-17T13:09:31.444739600Z The following objects are masked from 'package:base':
2021-02-17T13:09:31.444755100Z 
2021-02-17T13:09:31.444762500Z     date, intersect, setdiff, union
2021-02-17T13:09:31.444769500Z 
2021-02-17T13:43:33.338090600Z one-row-per-patient data size = 989726 
2021-02-17T13:43:33.338336900Z   one-row-per-patient-per-event data size = 1743269 
2021-02-17T13:43:33.338699300Z   one-row-per-patient-per-time-unit data size = 42091067 
2021-02-17T13:44:26.105142000Z   

state: succeeded
commit: d2588ddb076953dce69073309aef6a6a321d3ddf
docker_image_id: sha256:620657ea71ffa5cc1a98e97c26d2a3ee4298d16da0bec4b1af9fe2cfed6f8ff0
job_id: a65wgigw4xxscyde
run_by_user: wjchulme
created_at: 2021-02-17T13:06:50Z
started_at: 2021-02-17T13:09:28Z
completed_at: 2021-02-17T13:44:29Z

Completed successfully

outputs:
  output/modeldata/data_tte_day_cp_over80s.rds  - highly_sensitive
  output/modeldata/data_tte_day_over80s.rds     - highly_sensitive
  output/modeldata/data_tte_day_pt_over80s.rds  - highly_sensitive