2021-02-17T13:51:53.080581400Z -- Attaching packages --------------------------------------- tidyverse 1.3.0 --
2021-02-17T13:51:53.089824300Z v ggplot2 3.3.2     v purrr   0.3.4
2021-02-17T13:51:53.089845400Z v tibble  3.0.3     v dplyr   1.0.2
2021-02-17T13:51:53.089853500Z v tidyr   1.1.2     v stringr 1.4.0
2021-02-17T13:51:53.089860700Z v readr   1.3.1     v forcats 0.5.0
2021-02-17T13:51:53.258398400Z -- Conflicts ------------------------------------------ tidyverse_conflicts() --
2021-02-17T13:51:53.258429500Z x dplyr::filter() masks stats::filter()
2021-02-17T13:51:53.258438200Z x dplyr::lag()    masks stats::lag()
2021-02-17T13:51:53.296550500Z 
2021-02-17T13:51:53.296573600Z Attaching package: 'lubridate'
2021-02-17T13:51:53.296581900Z 
2021-02-17T13:51:53.298153600Z The following objects are masked from 'package:base':
2021-02-17T13:51:53.298175200Z 
2021-02-17T13:51:53.298183600Z     date, intersect, setdiff, union
2021-02-17T13:51:53.298190700Z 


state: succeeded
commit: d2588ddb076953dce69073309aef6a6a321d3ddf
docker_image_id: sha256:620657ea71ffa5cc1a98e97c26d2a3ee4298d16da0bec4b1af9fe2cfed6f8ff0
job_id: gltoqjyucf7r6gqn
run_by_user: wjchulme
created_at: 2021-02-17T13:06:50Z
started_at: 2021-02-17T13:51:50Z
completed_at: 2021-02-17T13:55:17Z

Completed successfully

outputs:
  output/data_properties/data_tte_day_over80s_coltypes.txt  - moderately_sensitive
  output/data_properties/data_tte_day_over80s_skim.txt      - moderately_sensitive
  output/data_properties/data_tte_day_over80s_tabulate.txt  - moderately_sensitive