2021-03-15T20:52:02.912408100Z -- Attaching packages --------------------------------------- tidyverse 1.3.0 --
2021-03-15T20:52:02.921115100Z v ggplot2 3.3.2     v purrr   0.3.4
2021-03-15T20:52:02.921138100Z v tibble  3.0.3     v dplyr   1.0.2
2021-03-15T20:52:02.921146800Z v tidyr   1.1.2     v stringr 1.4.0
2021-03-15T20:52:02.921153700Z v readr   1.3.1     v forcats 0.5.0
2021-03-15T20:52:03.081553400Z -- Conflicts ------------------------------------------ tidyverse_conflicts() --
2021-03-15T20:52:03.081599200Z x dplyr::filter() masks stats::filter()
2021-03-15T20:52:03.081607700Z x dplyr::lag()    masks stats::lag()
2021-03-15T20:52:03.118384300Z 
2021-03-15T20:52:03.118427900Z Attaching package: 'lubridate'
2021-03-15T20:52:03.118436800Z 
2021-03-15T20:52:03.119827300Z The following objects are masked from 'package:base':
2021-03-15T20:52:03.119849900Z 
2021-03-15T20:52:03.119859200Z     date, intersect, setdiff, union
2021-03-15T20:52:03.119866700Z 


state: succeeded
commit: 6b40e3327780aa5432dd4ee80ebcbe9753e8090d
docker_image_id: sha256:c7cb8c47c64952beb4dc7e1b4b0edaf95b0fa5cc1af3f796e073e4190413ec9e
exit_code: 0
job_id: pamd6vcaid2rwxo3
run_by_user: wjchulme
created_at: 2021-03-15T19:02:19Z
started_at: 2021-03-15T20:52:00Z
completed_at: 2021-03-15T20:52:49Z

Completed successfully

outputs:
  output/over80s/data_properties/data_wide_tte_coltypes.txt  - moderately_sensitive
  output/over80s/data_properties/data_wide_tte_skim.txt      - moderately_sensitive
  output/over80s/data_properties/data_wide_tte_tabulate.txt  - moderately_sensitive