2021-02-10T17:08:45.877029500Z -- Attaching packages --------------------------------------- tidyverse 1.3.0 --
2021-02-10T17:08:45.885777300Z v ggplot2 3.3.2     v purrr   0.3.4
2021-02-10T17:08:45.885796300Z v tibble  3.0.3     v dplyr   1.0.2
2021-02-10T17:08:45.885804400Z v tidyr   1.1.2     v stringr 1.4.0
2021-02-10T17:08:45.885811600Z v readr   1.3.1     v forcats 0.5.0
2021-02-10T17:08:46.046323100Z -- Conflicts ------------------------------------------ tidyverse_conflicts() --
2021-02-10T17:08:46.046349200Z x dplyr::filter() masks stats::filter()
2021-02-10T17:08:46.046357600Z x dplyr::lag()    masks stats::lag()
2021-02-10T17:08:46.060363300Z 
2021-02-10T17:08:46.060381200Z Attaching package: 'lubridate'
2021-02-10T17:08:46.060388700Z 
2021-02-10T17:08:46.061846700Z The following objects are masked from 'package:base':
2021-02-10T17:08:46.061862600Z 
2021-02-10T17:08:46.061870000Z     date, intersect, setdiff, union
2021-02-10T17:08:46.061877000Z 
2021-02-10T17:08:46.070521500Z 
2021-02-10T17:08:46.070537300Z Attaching package: 'jsonlite'
2021-02-10T17:08:46.070544600Z 
2021-02-10T17:08:46.071083400Z The following object is masked from 'package:purrr':
2021-02-10T17:08:46.071099000Z 
2021-02-10T17:08:46.071105900Z     flatten
2021-02-10T17:08:46.071112700Z 
2021-02-10T17:08:47.853540300Z  [1] "patient_id"                         "age"                               
2021-02-10T17:08:47.853610000Z  [3] "sex"                                "bmi"                               
2021-02-10T17:08:47.853619400Z  [5] "has_follow_up_previous_year"        "registered_at_latest"              
2021-02-10T17:08:47.853626900Z  [7] "practice_id"                        "stp"                               
2021-02-10T17:08:47.853634300Z  [9] "region"                             "imd"                               
2021-02-10T17:08:47.853641500Z [11] "care_home_type"                     "care_home"                         
2021-02-10T17:08:47.853648700Z [13] "covid_vax_1_date"                   "covid_vax_2_date"                  
2021-02-10T17:08:47.853656000Z [15] "covid_vax_3_date"                   "covid_vax_4_date"                  
2021-02-10T17:08:47.853663000Z [17] "covid_vax_pfizer_1_date"            "covid_vax_pfizer_2_date"           
2021-02-10T17:08:47.853670300Z [19] "covid_vax_pfizer_3_date"            "covid_vax_pfizer_4_date"           
2021-02-10T17:08:47.853677600Z [21] "covid_vax_az_1_date"                "covid_vax_az_2_date"               
2021-02-10T17:08:47.853685300Z [23] "covid_vax_az_3_date"                "covid_vax_az_4_date"               
2021-02-10T17:08:47.853692600Z [25] "prior_positive_test_date"           "prior_primary_care_covid_case_date"
2021-02-10T17:08:47.853699800Z [27] "positive_test_1_date"               "primary_care_covid_case_1_date"    
2021-02-10T17:08:47.853735300Z [29] "admitted_1_date"                    "coviddeath_date"                   
2021-02-10T17:08:47.853743400Z [31] "death_date"                        


state: succeeded
commit: b6a640d1dae5123da04cf5fb753fec133eb593e1
docker_image_id: sha256:841eb4b2d7724549048fdd750533559f9bd5131c6623d83a48602edaf6af651a
job_id: efmjel7mhblzxmup
run_by_user: wjchulme
created_at: 2021-02-10T17:02:29Z
started_at: 2021-02-10T17:08:43Z
completed_at: 2021-02-10T17:10:52Z

Completed successfully

outputs:
  output/data/data_processed_over80s.rds  - highly_sensitive
  output/data/data_tte_over80s.rds        - highly_sensitive