2021-05-15T13:43:43.655643900Z -- Attaching packages --------------------------------------- tidyverse 1.3.0 --
2021-05-15T13:43:43.664844900Z v ggplot2 3.3.2     v purrr   0.3.4
2021-05-15T13:43:43.664872700Z v tibble  3.0.3     v dplyr   1.0.2
2021-05-15T13:43:43.664881400Z v tidyr   1.1.2     v stringr 1.4.0
2021-05-15T13:43:43.664888600Z v readr   1.3.1     v forcats 0.5.0
2021-05-15T13:43:43.837279000Z -- Conflicts ------------------------------------------ tidyverse_conflicts() --
2021-05-15T13:43:43.837353100Z x dplyr::filter() masks stats::filter()
2021-05-15T13:43:43.837361300Z x dplyr::lag()    masks stats::lag()
2021-05-15T13:43:43.877518500Z 
2021-05-15T13:43:43.877558800Z Attaching package: 'lubridate'
2021-05-15T13:43:43.877567100Z 
2021-05-15T13:43:43.879225700Z The following objects are masked from 'package:base':
2021-05-15T13:43:43.879247000Z 
2021-05-15T13:43:43.879255300Z     date, intersect, setdiff, union
2021-05-15T13:43:43.879262500Z 


state: succeeded
commit: 40052f412591a257916362728da1b0c1613ecd65
docker_image_id: sha256:b0e86ebee1d778d06c4c86d5d4c32dd910483eb4b0a9c7ed3997f928aa94c500
exit_code: 0
job_id: g2uvt74xofp5zky3
run_by_user: wjchulme
created_at: 2021-05-15T09:33:46Z
started_at: 2021-05-15T13:43:41Z
completed_at: 2021-05-15T13:44:56Z

Completed successfully

outputs:
  output/in70s/data_properties/data_wide_tte_coltypes.txt  - moderately_sensitive
  output/in70s/data_properties/data_wide_tte_skim.txt      - moderately_sensitive
  output/in70s/data_properties/data_wide_tte_tabulate.txt  - moderately_sensitive