2021-02-08T22:43:02.771270400Z -- Attaching packages --------------------------------------- tidyverse 1.3.0 --
2021-02-08T22:43:02.779996400Z v ggplot2 3.3.2     v purrr   0.3.4
2021-02-08T22:43:02.780012400Z v tibble  3.0.3     v dplyr   1.0.2
2021-02-08T22:43:02.780019900Z v tidyr   1.1.2     v stringr 1.4.0
2021-02-08T22:43:02.780026800Z v readr   1.3.1     v forcats 0.5.0
2021-02-08T22:43:02.942068400Z -- Conflicts ------------------------------------------ tidyverse_conflicts() --
2021-02-08T22:43:02.942090700Z x dplyr::filter() masks stats::filter()
2021-02-08T22:43:02.942098600Z x dplyr::lag()    masks stats::lag()
2021-02-08T22:43:02.956312500Z 
2021-02-08T22:43:02.956332600Z Attaching package: 'lubridate'
2021-02-08T22:43:02.956340800Z 
2021-02-08T22:43:02.957845700Z The following objects are masked from 'package:base':
2021-02-08T22:43:02.957862700Z 
2021-02-08T22:43:02.957869900Z     date, intersect, setdiff, union
2021-02-08T22:43:02.957876500Z 
2021-02-08T22:43:02.966610200Z 
2021-02-08T22:43:02.966624400Z Attaching package: 'jsonlite'
2021-02-08T22:43:02.966631600Z 
2021-02-08T22:43:02.967117600Z The following object is masked from 'package:purrr':
2021-02-08T22:43:02.967131600Z 
2021-02-08T22:43:02.967138500Z     flatten
2021-02-08T22:43:02.967145200Z 


state: succeeded
commit: 5538e94cca9082d8419a2ef6315d8770282ea75d
docker_image_id: sha256:76740c1d3b370497b2291d1b01b8b8fac4cf79bdc6e79e8b06117de59f791e7b
job_id: zrbwpi47axgqrb6q
run_by_user: wjchulme
created_at: 2021-02-08T22:33:33Z
started_at: 2021-02-08T22:43:00Z
completed_at: 2021-02-09T07:05:27Z

Completed successfully

outputs:
  output/cox.txt  - moderately_sensitive