2021-04-07T23:19:35.172130200Z -- Attaching packages --------------------------------------- tidyverse 1.3.0 --
2021-04-07T23:19:35.180881300Z v ggplot2 3.3.2     v purrr   0.3.4
2021-04-07T23:19:35.180902900Z v tibble  3.0.3     v dplyr   1.0.2
2021-04-07T23:19:35.180911500Z v tidyr   1.1.2     v stringr 1.4.0
2021-04-07T23:19:35.180918700Z v readr   1.3.1     v forcats 0.5.0
2021-04-07T23:19:35.372904300Z -- Conflicts ------------------------------------------ tidyverse_conflicts() --
2021-04-07T23:19:35.372964900Z x dplyr::filter() masks stats::filter()
2021-04-07T23:19:35.372973700Z x dplyr::lag()    masks stats::lag()
2021-04-07T23:20:37.078304500Z # A tibble: 3 x 2
2021-04-07T23:20:37.078368400Z   cohort   cohort_size
2021-04-07T23:20:37.078377900Z   <chr>          <int>
2021-04-07T23:20:37.078386100Z 1 over80s       916969
2021-04-07T23:20:37.078393500Z 2 in70s        1754422
2021-04-07T23:20:37.078400800Z 3 under65s    11418769


state: succeeded
commit: d47632fa4f9ec6616e4e80cda80d946594612eee
docker_image_id: sha256:876a994cdafb8d3fb4b710249fd7716a31efd3ea26cb3faf7aa2187853c6c624
exit_code: 0
job_id: aojvzer4lw6f4hxm
run_by_user: wjchulme
created_at: 2021-04-07T20:48:06Z
started_at: 2021-04-07T23:19:32Z
completed_at: 2021-04-07T23:20:47Z

Completed successfully

outputs:
  output/data/data_cohorts.rds       - highly_sensitive    
  output/data/list_formula.rds       - moderately_sensitive
  output/data/list_strata.rds        - moderately_sensitive
  output/data/metadata_cohorts.csv   - moderately_sensitive
  output/data/metadata_cohorts.rds   - moderately_sensitive
  output/data/metadata_outcomes.rds  - moderately_sensitive