2021-03-11T16:06:10.317334900Z -- Attaching packages --------------------------------------- tidyverse 1.3.0 --
2021-03-11T16:06:10.326028700Z v ggplot2 3.3.2     v purrr   0.3.4
2021-03-11T16:06:10.326049900Z v tibble  3.0.3     v dplyr   1.0.2
2021-03-11T16:06:10.326058000Z v tidyr   1.1.2     v stringr 1.4.0
2021-03-11T16:06:10.326065500Z v readr   1.3.1     v forcats 0.5.0
2021-03-11T16:06:10.487446200Z -- Conflicts ------------------------------------------ tidyverse_conflicts() --
2021-03-11T16:06:10.487465900Z x dplyr::filter() masks stats::filter()
2021-03-11T16:06:10.487474000Z x dplyr::lag()    masks stats::lag()
2021-03-11T16:06:10.501681800Z 
2021-03-11T16:06:10.501702100Z Attaching package: 'lubridate'
2021-03-11T16:06:10.501710400Z 
2021-03-11T16:06:10.503129100Z The following objects are masked from 'package:base':
2021-03-11T16:06:10.503147700Z 
2021-03-11T16:06:10.503155200Z     date, intersect, setdiff, union
2021-03-11T16:06:10.503161900Z 
2021-03-11T16:06:33.525172100Z #BlackLivesMatter


state: succeeded
commit: 9b3a15915a99dd736982594579835af554e19d07
docker_image_id: sha256:c7cb8c47c64952beb4dc7e1b4b0edaf95b0fa5cc1af3f796e073e4190413ec9e
exit_code: 0
job_id: jqmqphzbyeqbmfcb
run_by_user: wjchulme
created_at: 2021-03-11T13:51:21Z
started_at: 2021-03-11T16:06:07Z
completed_at: 2021-03-11T16:07:23Z

Completed successfully

outputs:
  output/over80s/descr/tables/table1.html  - moderately_sensitive