2021-03-03T18:50:42.542636600Z -- Attaching packages --------------------------------------- tidyverse 1.3.0 --
2021-03-03T18:50:42.551527600Z v ggplot2 3.3.2     v purrr   0.3.4
2021-03-03T18:50:42.551560700Z v tibble  3.0.3     v dplyr   1.0.2
2021-03-03T18:50:42.551569200Z v tidyr   1.1.2     v stringr 1.4.0
2021-03-03T18:50:42.551576000Z v readr   1.3.1     v forcats 0.5.0
2021-03-03T18:50:42.720433400Z -- Conflicts ------------------------------------------ tidyverse_conflicts() --
2021-03-03T18:50:42.720466900Z x dplyr::filter() masks stats::filter()
2021-03-03T18:50:42.720475000Z x dplyr::lag()    masks stats::lag()
2021-03-03T18:50:42.735432100Z 
2021-03-03T18:50:42.735452400Z Attaching package: 'lubridate'
2021-03-03T18:50:42.735460100Z 
2021-03-03T18:50:42.736889100Z The following objects are masked from 'package:base':
2021-03-03T18:50:42.736907800Z 
2021-03-03T18:50:42.736915600Z     date, intersect, setdiff, union
2021-03-03T18:50:42.736922500Z 
2021-03-03T18:50:44.950872400Z <environment: R_GlobalEnv>
2021-03-03T18:51:36.931522700Z `summarise()` regrouping output by 'week' (override with `.groups` argument)
2021-03-03T18:51:40.064667200Z `summarise()` regrouping output by 'week', 'vaxany_status', 'sex' (override with `.groups` argument)
2021-03-03T18:51:46.601832500Z `summarise()` regrouping output by 'week', 'vaxany_status' (override with `.groups` argument)


state: succeeded
commit: 09bbcadb848bed6a055f0c05d8bd3c2fa6b619b9
docker_image_id: sha256:c7cb8c47c64952beb4dc7e1b4b0edaf95b0fa5cc1af3f796e073e4190413ec9e
exit_code: 0
job_id: ncllt3mwaf465uif
run_by_user: wjchulme
created_at: 2021-03-03T18:43:37Z
started_at: 2021-03-03T18:50:39Z
completed_at: 2021-03-03T18:51:56Z

Completed successfully

outputs:
  output/over80s/postest/descr/events_perday_n.svg             - moderately_sensitive
  output/over80s/postest/descr/events_perday_n_region.svg      - moderately_sensitive
  output/over80s/postest/descr/events_perday_n_sex_imd.svg     - moderately_sensitive
  output/over80s/postest/descr/events_perday_rate.svg          - moderately_sensitive
  output/over80s/postest/descr/events_perday_rate_region.svg   - moderately_sensitive
  output/over80s/postest/descr/events_perday_rate_sex_imd.svg  - moderately_sensitive