2021-05-19T13:31:09.932601600Z -- Attaching packages --------------------------------------- tidyverse 1.3.0 --
2021-05-19T13:31:09.941412000Z v ggplot2 3.3.2     v purrr   0.3.4
2021-05-19T13:31:09.941434900Z v tibble  3.0.3     v dplyr   1.0.2
2021-05-19T13:31:09.941443400Z v tidyr   1.1.2     v stringr 1.4.0
2021-05-19T13:31:09.941450500Z v readr   1.3.1     v forcats 0.5.0
2021-05-19T13:31:10.108025200Z -- Conflicts ------------------------------------------ tidyverse_conflicts() --
2021-05-19T13:31:10.108047300Z x dplyr::filter() masks stats::filter()
2021-05-19T13:31:10.108055800Z x dplyr::lag()    masks stats::lag()
2021-05-19T13:31:10.123371200Z 
2021-05-19T13:31:10.123391300Z Attaching package: 'lubridate'
2021-05-19T13:31:10.123399400Z 
2021-05-19T13:31:10.124829300Z The following objects are masked from 'package:base':
2021-05-19T13:31:10.124850200Z 
2021-05-19T13:31:10.124858700Z     date, intersect, setdiff, union
2021-05-19T13:31:10.124865700Z 
2021-05-19T13:31:12.473698800Z <environment: R_GlobalEnv>
2021-05-19T15:02:18.610672400Z `summarise()` ungrouping output (override with `.groups` argument)
2021-05-19T15:05:13.672158200Z make data_ptmake data_tab

state: failed
commit: e60624e2b99bed9110acf535c66510762b50c1f7
docker_image_id: sha256:fd70d515514910d8399e807135f3decedae0a426b222b3488810a7aa5283eafb
exit_code: 137
job_id: rlhkuwc44keiqxjp
run_by_user: wjchulme
created_at: 2021-05-19T13:30:30Z
started_at: 2021-05-19T13:31:07Z
completed_at: 2021-05-19T15:05:15Z

Job exited with an error code

outputs:
  output/over70s/descr/tables/table1.html  - moderately_sensitive