2021-04-28T06:25:34.848020200Z -- Attaching packages --------------------------------------- tidyverse 1.3.0 --
2021-04-28T06:25:34.859032500Z v ggplot2 3.3.2     v purrr   0.3.4
2021-04-28T06:25:34.859117500Z v tibble  3.0.3     v dplyr   1.0.2
2021-04-28T06:25:34.859126300Z v tidyr   1.1.2     v stringr 1.4.0
2021-04-28T06:25:34.859133300Z v readr   1.3.1     v forcats 0.5.0
2021-04-28T06:25:35.041270800Z -- Conflicts ------------------------------------------ tidyverse_conflicts() --
2021-04-28T06:25:35.041364900Z x dplyr::filter() masks stats::filter()
2021-04-28T06:25:35.041374000Z x dplyr::lag()    masks stats::lag()
2021-04-28T06:25:35.059298300Z 
2021-04-28T06:25:35.059395100Z Attaching package: 'lubridate'
2021-04-28T06:25:35.059403500Z 
2021-04-28T06:25:35.060778200Z The following objects are masked from 'package:base':
2021-04-28T06:25:35.060804100Z 
2021-04-28T06:25:35.060812600Z     date, intersect, setdiff, union
2021-04-28T06:25:35.060819900Z 
2021-04-28T06:25:57.604552300Z <environment: R_GlobalEnv>
2021-04-28T06:30:29.169238700Z `summarise()` regrouping output by 'date', 'variable' (override with `.groups` argument)
2021-04-28T06:30:30.829934700Z `summarise()` regrouping output by 'date', 'variable' (override with `.groups` argument)
2021-04-28T06:30:32.654703500Z `summarise()` regrouping output by 'date', 'variable' (override with `.groups` argument)
2021-04-28T06:30:34.370833800Z `summarise()` regrouping output by 'date', 'variable' (override with `.groups` argument)
2021-04-28T06:30:36.113959700Z `summarise()` regrouping output by 'date', 'variable' (override with `.groups` argument)
2021-04-28T06:30:37.923349300Z `summarise()` regrouping output by 'date', 'variable' (override with `.groups` argument)
2021-04-28T06:31:01.929545700Z # A tibble: 6 x 9
2021-04-28T06:31:01.929679300Z   plot   filename  path    panelwidth panelheight units width height `pmap(...)`
2021-04-28T06:31:01.929689000Z   <list> <chr>     <chr>        <dbl>       <dbl> <chr> <dbl>  <dbl> <list>     
2021-04-28T06:31:01.929705500Z 1 <fxd_~ vaxcount~ /works~         15           7 cm       25   11.1 <NULL>     
2021-04-28T06:31:01.929713600Z 2 <fxd_~ vaxcount~ /works~         15           7 cm       25   18.3 <NULL>     
2021-04-28T06:31:01.929721700Z 3 <fxd_~ vaxcount~ /works~         15           7 cm       25   39.8 <NULL>     
2021-04-28T06:31:01.929730100Z 4 <fxd_~ vaxcount~ /works~         15           7 cm       25   32.6 <NULL>     
2021-04-28T06:31:01.929738000Z 5 <fxd_~ vaxcount~ /works~         15           7 cm       25   39.8 <NULL>     
2021-04-28T06:31:01.929745800Z 6 <fxd_~ vaxcount~ /works~         15           7 cm       25   68.6 <NULL>     
2021-04-28T06:31:03.558203000Z `summarise()` regrouping output by 'date', 'variable' (override with `.groups` argument)
2021-04-28T06:31:05.129636400Z `summarise()` regrouping output by 'date', 'variable' (override with `.groups` argument)
2021-04-28T06:31:06.806810100Z `summarise()` regrouping output by 'date', 'variable' (override with `.groups` argument)
2021-04-28T06:31:08.530641400Z `summarise()` regrouping output by 'date', 'variable' (override with `.groups` argument)
2021-04-28T06:31:10.280214200Z `summarise()` regrouping output by 'date', 'variable' (override with `.groups` argument)
2021-04-28T06:31:12.813753100Z `summarise()` regrouping output by 'date', 'variable' (override with `.groups` argument)
2021-04-28T06:31:32.086130000Z # A tibble: 6 x 9
2021-04-28T06:31:32.086243300Z   plot   filename  path    panelwidth panelheight units width height `pmap(...)`
2021-04-28T06:31:32.086252500Z   <list> <chr>     <chr>        <dbl>       <dbl> <chr> <dbl>  <dbl> <list>     
2021-04-28T06:31:32.086262000Z 1 <fxd_~ brandcou~ /works~         15           7 cm       25   11.1 <NULL>     
2021-04-28T06:31:32.086269800Z 2 <fxd_~ brandcou~ /works~         15           7 cm       25   18.3 <NULL>     
2021-04-28T06:31:32.086287900Z 3 <fxd_~ brandcou~ /works~         15           7 cm       25   39.8 <NULL>     
2021-04-28T06:31:32.086295600Z 4 <fxd_~ brandcou~ /works~         15           7 cm       25   32.6 <NULL>     
2021-04-28T06:31:32.086303600Z 5 <fxd_~ brandcou~ /works~         15           7 cm       25   39.8 <NULL>     
2021-04-28T06:31:32.086311300Z 6 <fxd_~ brandcou~ /works~         15           7 cm       25   68.6 <NULL>     
2021-04-28T06:31:33.907332400Z `summarise()` regrouping output by 'date', 'outcome_status', 'variable' (override with `.groups` argument)
2021-04-28T06:31:35.683654700Z `summarise()` regrouping output by 'date', 'outcome_status', 'variable' (override with `.groups` argument)
2021-04-28T06:31:37.607259000Z `summarise()` regrouping output by 'date', 'outcome_status', 'variable' (override with `.groups` argument)
2021-04-28T06:31:39.505982400Z `summarise()` regrouping output by 'date', 'outcome_status', 'variable' (override with `.groups` argument)
2021-04-28T06:31:41.314798900Z `summarise()` regrouping output by 'date', 'outcome_status', 'variable' (override with `.groups` argument)
2021-04-28T06:31:43.270743200Z `summarise()` regrouping output by 'date', 'outcome_status', 'variable' (override with `.groups` argument)
2021-04-28T06:32:16.952152700Z # A tibble: 6 x 9
2021-04-28T06:32:16.952297100Z   plot   filename  path    panelwidth panelheight units width height `pmap(...)`
2021-04-28T06:32:16.952308700Z   <list> <chr>     <chr>        <dbl>       <dbl> <chr> <dbl>  <dbl> <list>     
2021-04-28T06:32:16.952319300Z 1 <fxd_~ eventcou~ /works~         15           7 cm       25   12.6 <NULL>     
2021-04-28T06:32:16.952327300Z 2 <fxd_~ eventcou~ /works~         15           7 cm       25   19.8 <NULL>     
2021-04-28T06:32:16.952372200Z 3 <fxd_~ eventcou~ /works~         15           7 cm       25   41.4 <NULL>     
2021-04-28T06:32:16.952385600Z 4 <fxd_~ eventcou~ /works~         15           7 cm       25   34.2 <NULL>     
2021-04-28T06:32:16.952392800Z 5 <fxd_~ eventcou~ /works~         15           7 cm       25   41.4 <NULL>     
2021-04-28T06:32:16.952401800Z 6 <fxd_~ eventcou~ /works~         15           7 cm       25   70.2 <NULL>     
2021-04-28T06:32:24.376591100Z `summarise()` regrouping output by 'date', 'variable' (override with `.groups` argument)
2021-04-28T06:32:32.185480600Z `summarise()` regrouping output by 'date', 'variable' (override with `.groups` argument)
2021-04-28T06:32:40.673559400Z `summarise()` regrouping output by 'date', 'variable' (override with `.groups` argument)
2021-04-28T06:32:54.084955800Z `summarise()` regrouping output by 'date', 'variable' (override with `.groups` argument)
2021-04-28T06:33:01.320355200Z `summarise()` regrouping output by 'date', 'variable' (override with `.groups` argument)
2021-04-28T06:33:08.053621600Z `summarise()` regrouping output by 'date', 'variable' (override with `.groups` argument)
2021-04-28T06:33:36.461690300Z # A tibble: 6 x 9
2021-04-28T06:33:36.461821300Z   plot   filename  path    panelwidth panelheight units width height `pmap(...)`
2021-04-28T06:33:36.461831300Z   <list> <chr>     <chr>        <dbl>       <dbl> <chr> <dbl>  <dbl> <list>     
2021-04-28T06:33:36.461841200Z 1 <fxd_~ eventrat~ /works~         15           7 cm       25   12.6 <NULL>     
2021-04-28T06:33:36.461849100Z 2 <fxd_~ eventrat~ /works~         15           7 cm       25   19.8 <NULL>     
2021-04-28T06:33:36.461857300Z 3 <fxd_~ eventrat~ /works~         15           7 cm       25   41.4 <NULL>     
2021-04-28T06:33:36.461865300Z 4 <fxd_~ eventrat~ /works~         15           7 cm       25   34.2 <NULL>     
2021-04-28T06:33:36.461873100Z 5 <fxd_~ eventrat~ /works~         15           7 cm       25   41.4 <NULL>     
2021-04-28T06:33:36.461881300Z 6 <fxd_~ eventrat~ /works~         15           7 cm       25   70.2 <NULL>     


state: succeeded
commit: d63ac7b7e4fc85ba424510244fdccdf533016b04
docker_image_id: sha256:c2fc5042bf86134947d83ad8e70bd926e2c1f91a263c6bfe87438ad783bec981
exit_code: 0
job_id: b3iaodpysaaonozc
run_by_user: wjchulme
created_at: 2021-04-27T20:50:46Z
started_at: 2021-04-28T06:25:32Z
completed_at: 2021-04-28T06:33:50Z

Completed successfully

outputs:
  output/over80s/descr/plots/brandcounts_ageband.svg    - moderately_sensitive
  output/over80s/descr/plots/brandcounts_all.svg        - moderately_sensitive
  output/over80s/descr/plots/brandcounts_ethnicity.svg  - moderately_sensitive
  output/over80s/descr/plots/brandcounts_imd.svg        - moderately_sensitive
  output/over80s/descr/plots/brandcounts_region.svg     - moderately_sensitive
  output/over80s/descr/plots/brandcounts_sex.svg        - moderately_sensitive
  output/over80s/descr/plots/eventcounts_ageband.svg    - moderately_sensitive
  output/over80s/descr/plots/eventcounts_all.svg        - moderately_sensitive
  output/over80s/descr/plots/eventcounts_ethnicity.svg  - moderately_sensitive
  output/over80s/descr/plots/eventcounts_imd.svg        - moderately_sensitive
  output/over80s/descr/plots/eventcounts_region.svg     - moderately_sensitive
  output/over80s/descr/plots/eventcounts_sex.svg        - moderately_sensitive
  output/over80s/descr/plots/eventrates_ageband.svg     - moderately_sensitive
  output/over80s/descr/plots/eventrates_all.svg         - moderately_sensitive
  output/over80s/descr/plots/eventrates_ethnicity.svg   - moderately_sensitive
  output/over80s/descr/plots/eventrates_imd.svg         - moderately_sensitive
  output/over80s/descr/plots/eventrates_region.svg      - moderately_sensitive
  output/over80s/descr/plots/eventrates_sex.svg         - moderately_sensitive
  output/over80s/descr/plots/vaxcounts_ageband.svg      - moderately_sensitive
  output/over80s/descr/plots/vaxcounts_all.svg          - moderately_sensitive
  output/over80s/descr/plots/vaxcounts_ethnicity.svg    - moderately_sensitive
  output/over80s/descr/plots/vaxcounts_imd.svg          - moderately_sensitive
  output/over80s/descr/plots/vaxcounts_region.svg       - moderately_sensitive
  output/over80s/descr/plots/vaxcounts_sex.svg          - moderately_sensitive
  output/over80s/descr/tables/end_status.csv            - moderately_sensitive