2021-05-18T15:42:02.708576100Z -- Attaching packages --------------------------------------- tidyverse 1.3.0 --
2021-05-18T15:42:02.717400600Z v ggplot2 3.3.2     v purrr   0.3.4
2021-05-18T15:42:02.717423600Z v tibble  3.0.3     v dplyr   1.0.2
2021-05-18T15:42:02.717432500Z v tidyr   1.1.2     v stringr 1.4.0
2021-05-18T15:42:02.717439600Z v readr   1.3.1     v forcats 0.5.0
2021-05-18T15:42:02.886436600Z -- Conflicts ------------------------------------------ tidyverse_conflicts() --
2021-05-18T15:42:02.886504400Z x dplyr::filter() masks stats::filter()
2021-05-18T15:42:02.886513200Z x dplyr::lag()    masks stats::lag()
2021-05-18T15:42:02.900547900Z 
2021-05-18T15:42:02.900603800Z Attaching package: 'lubridate'
2021-05-18T15:42:02.900613000Z 
2021-05-18T15:42:02.901822000Z The following objects are masked from 'package:base':
2021-05-18T15:42:02.901844400Z 
2021-05-18T15:42:02.901853300Z     date, intersect, setdiff, union
2021-05-18T15:42:02.901860600Z 
2021-05-18T17:20:05.265770700Z `summarise()` regrouping output by 'date', 'variable' (override with `.groups` argument)
2021-05-18T17:20:21.941075800Z `summarise()` regrouping output by 'date', 'variable' (override with `.groups` argument)
2021-05-18T17:20:39.727305300Z `summarise()` regrouping output by 'date', 'variable' (override with `.groups` argument)
2021-05-18T17:20:58.825336400Z `summarise()` regrouping output by 'date', 'variable' (override with `.groups` argument)
2021-05-18T17:21:16.595000500Z `summarise()` regrouping output by 'date', 'variable' (override with `.groups` argument)
2021-05-18T17:21:35.817845100Z `summarise()` regrouping output by 'date', 'variable' (override with `.groups` argument)
2021-05-18T17:21:52.763508500Z # A tibble: 6 x 9
2021-05-18T17:21:52.763550800Z   plot   filename  path    panelwidth panelheight units width height `pmap(...)`
2021-05-18T17:21:52.763560700Z   <list> <chr>     <chr>        <dbl>       <dbl> <chr> <dbl>  <dbl> <list>     
2021-05-18T17:21:52.763577000Z 1 <fxd_~ vaxcount~ /works~         15           7 cm       25   17.1 <NULL>     
2021-05-18T17:21:52.763585200Z 2 <fxd_~ vaxcount~ /works~         15           7 cm       25   17.1 <NULL>     
2021-05-18T17:21:52.763593500Z 3 <fxd_~ vaxcount~ /works~         15           7 cm       25   38.7 <NULL>     
2021-05-18T17:21:52.763601200Z 4 <fxd_~ vaxcount~ /works~         15           7 cm       25   45.8 <NULL>     
2021-05-18T17:21:52.763609100Z 5 <fxd_~ vaxcount~ /works~         15           7 cm       25   38.7 <NULL>     
2021-05-18T17:21:52.763616700Z 6 <fxd_~ vaxcount~ /works~         15           7 cm       25   67.4 <NULL>     
2021-05-18T17:23:01.618584900Z `summarise()` regrouping output by 'date', 'variable', 'vaxbrand_status' (override with `.groups` argument)
2021-05-18T17:24:25.447383500Z `summarise()` regrouping output by 'date', 'variable', 'vaxbrand_status' (override with `.groups` argument)
2021-05-18T17:25:28.931631800Z `summarise()` regrouping output by 'date', 'variable', 'vaxbrand_status' (override with `.groups` argument)
2021-05-18T17:26:48.474119800Z `summarise()` regrouping output by 'date', 'variable', 'vaxbrand_status' (override with `.groups` argument)
2021-05-18T17:28:12.380302600Z `summarise()` regrouping output by 'date', 'variable', 'vaxbrand_status' (override with `.groups` argument)
2021-05-18T17:29:18.562016700Z `summarise()` regrouping output by 'date', 'variable', 'vaxbrand_status' (override with `.groups` argument)
2021-05-18T17:29:34.736801700Z # A tibble: 6 x 9
2021-05-18T17:29:34.736883600Z   plot   filename  path    panelwidth panelheight units width height `pmap(...)`
2021-05-18T17:29:34.736896400Z   <list> <chr>     <chr>        <dbl>       <dbl> <chr> <dbl>  <dbl> <list>     
2021-05-18T17:29:34.736906100Z 1 <fxd_~ brandcou~ /works~         15           7 cm       25   18.4 <NULL>     
2021-05-18T17:29:34.736913900Z 2 <fxd_~ brandcou~ /works~         15           7 cm       25   18.4 <NULL>     
2021-05-18T17:29:34.736921600Z 3 <fxd_~ brandcou~ /works~         15           7 cm       25   40.0 <NULL>     
2021-05-18T17:29:34.736929300Z 4 <fxd_~ brandcou~ /works~         15           7 cm       25   47.1 <NULL>     
2021-05-18T17:29:34.736937000Z 5 <fxd_~ brandcou~ /works~         15           7 cm       25   40.0 <NULL>     
2021-05-18T17:29:34.736944600Z 6 <fxd_~ brandcou~ /works~         15           7 cm       25   68.7 <NULL>     


state: succeeded
commit: 1160e9e700f91af93a917c7d7d52308ab84dd34c
docker_image_id: sha256:fd70d515514910d8399e807135f3decedae0a426b222b3488810a7aa5283eafb
exit_code: 0
job_id: dpj5kxoppszwo7fm
run_by_user: wjchulme
created_at: 2021-05-18T15:38:22Z
started_at: 2021-05-18T15:42:00Z
completed_at: 2021-05-18T18:08:03Z

Completed successfully

outputs:
  output/over70s/descr/plots/brandcounts_ageband.svg             - moderately_sensitive
  output/over70s/descr/plots/brandcounts_agecohort.svg           - moderately_sensitive
  output/over70s/descr/plots/brandcounts_ethnicity_combined.svg  - moderately_sensitive
  output/over70s/descr/plots/brandcounts_imd.svg                 - moderately_sensitive
  output/over70s/descr/plots/brandcounts_region.svg              - moderately_sensitive
  output/over70s/descr/plots/brandcounts_sex.svg                 - moderately_sensitive
  output/over70s/descr/plots/vaxcounts_ageband.svg               - moderately_sensitive
  output/over70s/descr/plots/vaxcounts_agecohort.svg             - moderately_sensitive
  output/over70s/descr/plots/vaxcounts_ethnicity_combined.svg    - moderately_sensitive
  output/over70s/descr/plots/vaxcounts_imd.svg                   - moderately_sensitive
  output/over70s/descr/plots/vaxcounts_region.svg                - moderately_sensitive
  output/over70s/descr/plots/vaxcounts_sex.svg                   - moderately_sensitive
  output/over70s/descr/tables/end_status.csv                     - moderately_sensitive