2021-02-16T11:53:57.261391300Z 2021-02-16 11:53:57 [info     ] Generating cohort for study_definition_vaccinated in output [cohortextractor.cohortextractor] 
2021-02-16T11:53:57.800510700Z 2021-02-16 11:53:57 [info     ] Checking for existing results in 'OPENCoronaTempTables..DataExtract_5c8283a10b8faa1f0e8bcde8a9b49d72379d6f4d' [cohortextractor.tpp_backend] 
2021-02-16T11:53:57.905471300Z 2021-02-16 11:53:57 [info     ] No existing results found, running queries to generate new results [cohortextractor.tpp_backend] 
2021-02-16T11:53:57.935286700Z 2021-02-16 11:53:57 [info     ] Running: Query for age         [cohortextractor.tpp_backend] 
2021-02-16T11:54:14.607824200Z 2021-02-16 11:54:14 [info     ] Running: Query for sex         [cohortextractor.tpp_backend] 
2021-02-16T11:54:21.690439000Z 2021-02-16 11:54:21 [info     ] Running: Query for bmi_value   [cohortextractor.tpp_backend] 
2021-02-16T11:56:09.416754400Z 2021-02-16 11:56:09 [info     ] Running: Query for has_follow_up_previous_year [cohortextractor.tpp_backend] 
2021-02-16T11:56:21.909567600Z 2021-02-16 11:56:21 [info     ] Running: Query for registered_at_latest [cohortextractor.tpp_backend] 
2021-02-16T11:56:35.348799300Z 2021-02-16 11:56:35 [info     ] Running: Uploading codelist for ethnicity [cohortextractor.tpp_backend] 
2021-02-16T11:56:35.388138700Z 2021-02-16 11:56:35 [info     ] Running: Query for ethnicity   [cohortextractor.tpp_backend] 
2021-02-16T12:57:55.016986800Z 2021-02-16 12:57:55 [info     ] Running: Query for practice_id [cohortextractor.tpp_backend] 
2021-02-16T12:58:11.899246900Z 2021-02-16 12:58:11 [info     ] Running: Query for stp         [cohortextractor.tpp_backend] 
2021-02-16T12:58:30.873620700Z 2021-02-16 12:58:30 [info     ] Running: Query for region      [cohortextractor.tpp_backend] 
2021-02-16T12:58:50.658824300Z 2021-02-16 12:58:50 [info     ] Running: Query for index_of_multiple_deprivation [cohortextractor.tpp_backend] 
2021-02-16T12:59:17.596579300Z 2021-02-16 12:59:17 [info     ] Running: Query for care_home_type [cohortextractor.tpp_backend] 
2021-02-16T12:59:40.857787400Z 2021-02-16 12:59:40 [info     ] Running: Query for covid_vax_1_date [cohortextractor.tpp_backend] 
2021-02-16T12:59:46.610588600Z 2021-02-16 12:59:46 [info     ] Running: Query for covid_vax_2_date [cohortextractor.tpp_backend] 
2021-02-16T12:59:47.944578900Z 2021-02-16 12:59:47 [info     ] Running: Query for covid_vax_3_date [cohortextractor.tpp_backend] 
2021-02-16T12:59:49.029555000Z 2021-02-16 12:59:49 [info     ] Running: Query for covid_vax_4_date [cohortextractor.tpp_backend] 
2021-02-16T12:59:49.725674700Z 2021-02-16 12:59:49 [info     ] Running: Query for covid_vax_pfizer_1_date [cohortextractor.tpp_backend] 
2021-02-16T12:59:53.460428000Z 2021-02-16 12:59:53 [info     ] Running: Query for covid_vax_pfizer_2_date [cohortextractor.tpp_backend] 
2021-02-16T12:59:54.622751600Z 2021-02-16 12:59:54 [info     ] Running: Query for covid_vax_pfizer_3_date [cohortextractor.tpp_backend] 
2021-02-16T12:59:55.702744500Z 2021-02-16 12:59:55 [info     ] Running: Query for covid_vax_pfizer_4_date [cohortextractor.tpp_backend] 
2021-02-16T12:59:56.416911100Z 2021-02-16 12:59:56 [info     ] Running: Query for covid_vax_az_1_date [cohortextractor.tpp_backend] 
2021-02-16T12:59:58.721334400Z 2021-02-16 12:59:58 [info     ] Running: Query for covid_vax_az_2_date [cohortextractor.tpp_backend] 
2021-02-16T12:59:59.599100800Z 2021-02-16 12:59:59 [info     ] Running: Query for covid_vax_az_3_date [cohortextractor.tpp_backend] 
2021-02-16T13:00:00.338549500Z 2021-02-16 13:00:00 [info     ] Running: Query for covid_vax_az_4_date [cohortextractor.tpp_backend] 
2021-02-16T13:00:01.041758700Z 2021-02-16 13:00:01 [info     ] Running: Query for prior_positive_test_date [cohortextractor.tpp_backend] 
2021-02-16T13:00:01.488193800Z 2021-02-16 13:00:01 [info     ] Running: Uploading codelist for prior_primary_care_covid_case_date [cohortextractor.tpp_backend] 
2021-02-16T13:00:01.518139100Z 2021-02-16 13:00:01 [info     ] Running: Query for prior_primary_care_covid_case_date [cohortextractor.tpp_backend] 
2021-02-16T13:00:01.995418600Z 2021-02-16 13:00:01 [info     ] Running: Query for positive_test_1_date [cohortextractor.tpp_backend] 
2021-02-16T13:00:02.544365500Z 2021-02-16 13:00:02 [info     ] Running: Query for positive_test_2_date [cohortextractor.tpp_backend] 
2021-02-16T13:00:02.755906400Z 2021-02-16 13:00:02 [info     ] Running: Uploading codelist for primary_care_covid_case_1_date [cohortextractor.tpp_backend] 
2021-02-16T13:00:02.785714600Z 2021-02-16 13:00:02 [info     ] Running: Query for primary_care_covid_case_1_date [cohortextractor.tpp_backend] 
2021-02-16T13:00:02.970773100Z 2021-02-16 13:00:02 [info     ] Running: Uploading codelist for primary_care_covid_case_2_date [cohortextractor.tpp_backend] 
2021-02-16T13:00:02.999403300Z 2021-02-16 13:00:02 [info     ] Running: Query for primary_care_covid_case_2_date [cohortextractor.tpp_backend] 
2021-02-16T13:00:03.359411900Z 2021-02-16 13:00:03 [info     ] Running: Query for covidadmitted_1_date [cohortextractor.tpp_backend] 
2021-02-16T13:00:04.423807400Z 2021-02-16 13:00:04 [info     ] Running: Query for covidadmitted_2_date [cohortextractor.tpp_backend] 
2021-02-16T13:00:12.815151500Z 2021-02-16 13:00:12 [info     ] Running: Query for coviddeath_date [cohortextractor.tpp_backend] 
2021-02-16T13:00:13.460001600Z 2021-02-16 13:00:13 [info     ] Running: Query for death_date  [cohortextractor.tpp_backend] 
2021-02-16T13:00:13.664673500Z 2021-02-16 13:00:13 [info     ] Running: Query for admitted_1_date [cohortextractor.tpp_backend] 
2021-02-16T13:00:14.192220700Z 2021-02-16 13:00:14 [info     ] Running: Query for discharged_1_date [cohortextractor.tpp_backend] 
2021-02-16T13:00:14.692933300Z 2021-02-16 13:00:14 [info     ] Running: Query for admitted_2_date [cohortextractor.tpp_backend] 
2021-02-16T13:00:18.774811000Z 2021-02-16 13:00:18 [info     ] Running: Query for discharged_2_date [cohortextractor.tpp_backend] 
2021-02-16T13:00:22.024196600Z 2021-02-16 13:00:22 [info     ] Running: Query for admitted_3_date [cohortextractor.tpp_backend] 
2021-02-16T13:00:24.979360200Z 2021-02-16 13:00:24 [info     ] Running: Query for discharged_3_date [cohortextractor.tpp_backend] 
2021-02-16T13:00:28.124294500Z 2021-02-16 13:00:28 [info     ] Running: Query for admitted_4_date [cohortextractor.tpp_backend] 
2021-02-16T13:00:30.905480100Z 2021-02-16 13:00:30 [info     ] Running: Query for discharged_4_date [cohortextractor.tpp_backend] 
2021-02-16T13:00:34.170534400Z 2021-02-16 13:00:34 [info     ] Running: Query for admitted_5_date [cohortextractor.tpp_backend] 
2021-02-16T13:00:36.930883000Z 2021-02-16 13:00:36 [info     ] Running: Query for discharged_5_date [cohortextractor.tpp_backend] 
2021-02-16T13:00:40.163753200Z 2021-02-16 13:00:40 [info     ] Running: Uploading codelist for chronic_cardiac_disease [cohortextractor.tpp_backend] 
2021-02-16T13:00:40.270501700Z 2021-02-16 13:00:40 [info     ] Running: Query for chronic_cardiac_disease [cohortextractor.tpp_backend] 
2021-02-16T13:00:45.714191200Z 2021-02-16 13:00:45 [info     ] Running: Uploading codelist for current_copd [cohortextractor.tpp_backend] 
2021-02-16T13:00:45.747263100Z 2021-02-16 13:00:45 [info     ] Running: Query for current_copd [cohortextractor.tpp_backend] 
2021-02-16T13:00:47.645180300Z 2021-02-16 13:00:47 [info     ] Running: Uploading codelist for dmards [cohortextractor.tpp_backend] 
2021-02-16T13:00:47.743547000Z 2021-02-16 13:00:47 [info     ] Running: Query for dmards      [cohortextractor.tpp_backend] 
2021-02-16T13:01:38.134676200Z 2021-02-16 13:01:38 [info     ] Running: Uploading codelist for dementia [cohortextractor.tpp_backend] 
2021-02-16T13:01:38.169182700Z 2021-02-16 13:01:38 [info     ] Running: Query for dementia    [cohortextractor.tpp_backend] 
2021-02-16T13:01:39.007154700Z 2021-02-16 13:01:39 [info     ] Running: Uploading codelist for dialysis [cohortextractor.tpp_backend] 
2021-02-16T13:01:39.043543200Z 2021-02-16 13:01:39 [info     ] Running: Query for dialysis    [cohortextractor.tpp_backend] 
2021-02-16T13:01:39.121703500Z 2021-02-16 13:01:39 [info     ] Running: Uploading codelist for solid_organ_transplantation [cohortextractor.tpp_backend] 
2021-02-16T13:01:39.155915500Z 2021-02-16 13:01:39 [info     ] Running: Query for solid_organ_transplantation [cohortextractor.tpp_backend] 
2021-02-16T13:01:39.231575900Z 2021-02-16 13:01:39 [info     ] Running: Uploading codelist for chemo_or_radio [cohortextractor.tpp_backend] 
2021-02-16T13:01:39.279961600Z 2021-02-16 13:01:39 [info     ] Running: Query for chemo_or_radio [cohortextractor.tpp_backend] 
2021-02-16T13:01:39.847558200Z 2021-02-16 13:01:39 [info     ] Running: Uploading codelist for intel_dis_incl_downs_syndrome [cohortextractor.tpp_backend] 
2021-02-16T13:01:39.892796300Z 2021-02-16 13:01:39 [info     ] Running: Query for intel_dis_incl_downs_syndrome [cohortextractor.tpp_backend] 
2021-02-16T13:01:40.965232000Z 2021-02-16 13:01:40 [info     ] Running: Uploading codelist for lung_cancer [cohortextractor.tpp_backend] 
2021-02-16T13:01:40.997185700Z 2021-02-16 13:01:40 [info     ] Running: Query for lung_cancer [cohortextractor.tpp_backend] 
2021-02-16T13:01:41.224943700Z 2021-02-16 13:01:41 [info     ] Running: Uploading codelist for cancer_excl_lung_and_haem [cohortextractor.tpp_backend] 
2021-02-16T13:01:41.356379500Z 2021-02-16 13:01:41 [info     ] Running: Query for cancer_excl_lung_and_haem [cohortextractor.tpp_backend] 
2021-02-16T13:01:43.839339700Z 2021-02-16 13:01:43 [info     ] Running: Uploading codelist for haematological_cancer [cohortextractor.tpp_backend] 
2021-02-16T13:01:43.900693000Z 2021-02-16 13:01:43 [info     ] Running: Query for haematological_cancer [cohortextractor.tpp_backend] 
2021-02-16T13:01:44.170698500Z 2021-02-16 13:01:44 [info     ] Running: Uploading codelist for bone_marrow_transplant [cohortextractor.tpp_backend] 
2021-02-16T13:01:44.199901800Z 2021-02-16 13:01:44 [info     ] Running: Query for bone_marrow_transplant [cohortextractor.tpp_backend] 
2021-02-16T13:01:44.223718600Z 2021-02-16 13:01:44 [info     ] Running: Uploading codelist for cystic_fibrosis [cohortextractor.tpp_backend] 
2021-02-16T13:01:44.252799700Z 2021-02-16 13:01:44 [info     ] Running: Query for cystic_fibrosis [cohortextractor.tpp_backend] 
2021-02-16T13:01:44.320985200Z 2021-02-16 13:01:44 [info     ] Running: Uploading codelist for sickle_cell_disease [cohortextractor.tpp_backend] 
2021-02-16T13:01:44.349010000Z 2021-02-16 13:01:44 [info     ] Running: Query for sickle_cell_disease [cohortextractor.tpp_backend] 
2021-02-16T13:01:44.408249700Z 2021-02-16 13:01:44 [info     ] Running: Uploading codelist for permanant_immunosuppression [cohortextractor.tpp_backend] 
2021-02-16T13:01:44.443010900Z 2021-02-16 13:01:44 [info     ] Running: Query for permanant_immunosuppression [cohortextractor.tpp_backend] 
2021-02-16T13:01:44.506663800Z 2021-02-16 13:01:44 [info     ] Running: Uploading codelist for temporary_immunosuppression [cohortextractor.tpp_backend] 
2021-02-16T13:01:44.535704000Z 2021-02-16 13:01:44 [info     ] Running: Query for temporary_immunosuppression [cohortextractor.tpp_backend] 
2021-02-16T13:01:44.646496400Z 2021-02-16 13:01:44 [info     ] Running: Uploading codelist for psychosis_schiz_bipolar [cohortextractor.tpp_backend] 
2021-02-16T13:01:44.683902300Z 2021-02-16 13:01:44 [info     ] Running: Query for psychosis_schiz_bipolar [cohortextractor.tpp_backend] 
2021-02-16T13:01:45.059110300Z 2021-02-16 13:01:45 [info     ] Running: Uploading codelist for asplenia [cohortextractor.tpp_backend] 
2021-02-16T13:01:45.089218100Z 2021-02-16 13:01:45 [info     ] Running: Query for asplenia    [cohortextractor.tpp_backend] 
2021-02-16T13:01:45.169704900Z 2021-02-16 13:01:45 [info     ] Running: Query for registered  [cohortextractor.tpp_backend] 
2021-02-16T13:01:59.603578100Z 2021-02-16 13:01:59 [info     ] Running: Query for has_died    [cohortextractor.tpp_backend] 
2021-02-16T13:02:00.244862900Z 2021-02-16 13:02:00 [info     ] Writing results into temporary table 'OPENCoronaTempTables..DataExtract_5c8283a10b8faa1f0e8bcde8a9b49d72379d6f4d' [cohortextractor.tpp_backend] 
2021-02-16T13:04:14.748232000Z 2021-02-16 13:04:14 [info     ] Downloading results from 'OPENCoronaTempTables..DataExtract_5c8283a10b8faa1f0e8bcde8a9b49d72379d6f4d' [cohortextractor.tpp_backend] 
2021-02-16T13:05:01.543181100Z 2021-02-16 13:05:01 [info     ] Downloaded 1000000 results     [cohortextractor.tpp_backend] 
2021-02-16T13:05:49.251292400Z 2021-02-16 13:05:49 [info     ] Downloaded 2000000 results     [cohortextractor.tpp_backend] 
2021-02-16T13:06:37.503969700Z 2021-02-16 13:06:37 [info     ] Downloaded 3000000 results     [cohortextractor.tpp_backend] 
2021-02-16T13:07:24.654793300Z 2021-02-16 13:07:24 [info     ] Downloaded 4000000 results     [cohortextractor.tpp_backend] 
2021-02-16T13:08:07.825269100Z 2021-02-16 13:08:07 [info     ] Downloaded 4617128 results     [cohortextractor.tpp_backend] 
2021-02-16T13:08:07.825334700Z 2021-02-16 13:08:07 [info     ] Running: Deleting 'OPENCoronaTempTables..DataExtract_5c8283a10b8faa1f0e8bcde8a9b49d72379d6f4d' [cohortextractor.tpp_backend] 
2021-02-16T13:08:08.284053400Z 2021-02-16 13:08:08 [info     ] Successfully created cohort and covariates at output/input_vaccinated.csv [cohortextractor.cohortextractor] 


state: succeeded
commit: 068a9d77282100339453bd94787c4495801b58e4
docker_image_id: sha256:57dbb79a93cf71de156a4e1010bb656d7e181149a49a17015eb8b75824cd6762
job_id: qhhe6kpenofcw7wj
run_by_user: wjchulme
created_at: 2021-02-16T11:53:43Z
started_at: 2021-02-16T11:53:55Z
completed_at: 2021-02-16T13:08:11Z

Completed successfully

outputs:
  output/input_vaccinated.csv  - highly_sensitive