2021-04-01T21:15:31.987240100Z 2021-04-01 21:15:31 [info     ] Generating cohort for study_definition_all in output [cohortextractor.cohortextractor] 
2021-04-01T21:15:32.544951000Z 2021-04-01 21:15:32 [info     ] Checking for existing results in 'OPENCoronaTempTables..DataExtract_386aa962225385aaf8d60203941ce416b9a53855' [cohortextractor.tpp_backend] 
2021-04-01T21:15:32.647026300Z 2021-04-01 21:15:32 [info     ] No existing results found, running queries to generate new results [cohortextractor.tpp_backend] 
2021-04-01T21:15:32.676216200Z 2021-04-01 21:15:32 [info     ] Running: Query for age         [cohortextractor.tpp_backend] 
2021-04-01T21:15:49.438680500Z 2021-04-01 21:15:49 [info     ] Running: Query for sex         [cohortextractor.tpp_backend] 
2021-04-01T21:15:56.262544700Z 2021-04-01 21:15:56 [info     ] Running: Query for bmi_value   [cohortextractor.tpp_backend] 
2021-04-01T21:20:01.722520100Z 2021-04-01 21:20:01 [info     ] Running: Query for has_follow_up_previous_year [cohortextractor.tpp_backend] 
2021-04-01T21:20:17.189223600Z 2021-04-01 21:20:17 [info     ] Running: Query for registered_at_latest [cohortextractor.tpp_backend] 
2021-04-01T21:20:34.064785400Z 2021-04-01 21:20:34 [info     ] Running: Query for dereg_date  [cohortextractor.tpp_backend] 
2021-04-01T21:20:54.534242000Z 2021-04-01 21:20:54 [info     ] Running: Uploading codelist for ethnicity [cohortextractor.tpp_backend] 
2021-04-01T21:20:54.575750000Z 2021-04-01 21:20:54 [info     ] Running: Query for ethnicity   [cohortextractor.tpp_backend] 
2021-04-01T22:22:21.106314500Z 2021-04-01 22:22:21 [info     ] Running: Query for ethnicity_6_sus [cohortextractor.tpp_backend] 
2021-04-01T22:22:45.520903400Z 2021-04-01 22:22:45 [info     ] Running: Query for practice_id [cohortextractor.tpp_backend] 
2021-04-01T22:23:02.038602800Z 2021-04-01 22:23:02 [info     ] Running: Query for msoa        [cohortextractor.tpp_backend] 
2021-04-01T22:23:34.766645900Z 2021-04-01 22:23:34 [info     ] Running: Query for stp         [cohortextractor.tpp_backend] 
2021-04-01T22:23:53.002960500Z 2021-04-01 22:23:53 [info     ] Running: Query for region      [cohortextractor.tpp_backend] 
2021-04-01T22:24:12.066496500Z 2021-04-01 22:24:12 [info     ] Running: Query for index_of_multiple_deprivation [cohortextractor.tpp_backend] 
2021-04-01T22:24:37.974176400Z 2021-04-01 22:24:37 [info     ] Running: Query for care_home_type [cohortextractor.tpp_backend] 
2021-04-01T22:25:01.343534400Z 2021-04-01 22:25:01 [info     ] Running: Query for covid_vax_1_date [cohortextractor.tpp_backend] 
2021-04-01T22:25:12.160531600Z 2021-04-01 22:25:12 [info     ] Running: Query for covid_vax_2_date [cohortextractor.tpp_backend] 
2021-04-01T22:25:15.121731200Z 2021-04-01 22:25:15 [info     ] Running: Query for covid_vax_3_date [cohortextractor.tpp_backend] 
2021-04-01T22:25:16.207874600Z 2021-04-01 22:25:16 [info     ] Running: Query for covid_vax_4_date [cohortextractor.tpp_backend] 
2021-04-01T22:25:17.111762600Z 2021-04-01 22:25:17 [info     ] Running: Query for covid_vax_pfizer_1_date [cohortextractor.tpp_backend] 
2021-04-01T22:25:20.851854900Z 2021-04-01 22:25:20 [info     ] Running: Query for covid_vax_pfizer_2_date [cohortextractor.tpp_backend] 
2021-04-01T22:25:22.555335900Z 2021-04-01 22:25:22 [info     ] Running: Query for covid_vax_pfizer_3_date [cohortextractor.tpp_backend] 
2021-04-01T22:25:23.511745700Z 2021-04-01 22:25:23 [info     ] Running: Query for covid_vax_pfizer_4_date [cohortextractor.tpp_backend] 
2021-04-01T22:25:24.243456900Z 2021-04-01 22:25:24 [info     ] Running: Query for covid_vax_az_1_date [cohortextractor.tpp_backend] 
2021-04-01T22:25:30.785273600Z 2021-04-01 22:25:30 [info     ] Running: Query for covid_vax_az_2_date [cohortextractor.tpp_backend] 
2021-04-01T22:25:32.285164800Z 2021-04-01 22:25:32 [info     ] Running: Query for covid_vax_az_3_date [cohortextractor.tpp_backend] 
2021-04-01T22:25:33.362664500Z 2021-04-01 22:25:33 [info     ] Running: Query for covid_vax_az_4_date [cohortextractor.tpp_backend] 
2021-04-01T22:25:34.180844600Z 2021-04-01 22:25:34 [info     ] Running: Query for prior_positive_test_date [cohortextractor.tpp_backend] 
2021-04-01T22:25:34.657786900Z 2021-04-01 22:25:34 [info     ] Running: Uploading codelist for prior_primary_care_covid_case_date [cohortextractor.tpp_backend] 
2021-04-01T22:25:34.686959700Z 2021-04-01 22:25:34 [info     ] Running: Query for prior_primary_care_covid_case_date [cohortextractor.tpp_backend] 
2021-04-01T22:25:35.186623600Z 2021-04-01 22:25:35 [info     ] Running: Query for prior_covidadmitted_date [cohortextractor.tpp_backend] 
2021-04-01T22:25:43.505359800Z 2021-04-01 22:25:43 [info     ] Running: Query for positive_test_1_date [cohortextractor.tpp_backend] 
2021-04-01T22:25:44.143269200Z 2021-04-01 22:25:44 [info     ] Running: Query for positive_test_2_date [cohortextractor.tpp_backend] 
2021-04-01T22:25:44.379855900Z 2021-04-01 22:25:44 [info     ] Running: Uploading codelist for primary_care_covid_case_1_date [cohortextractor.tpp_backend] 
2021-04-01T22:25:44.408908700Z 2021-04-01 22:25:44 [info     ] Running: Query for primary_care_covid_case_1_date [cohortextractor.tpp_backend] 
2021-04-01T22:25:44.629702800Z 2021-04-01 22:25:44 [info     ] Running: Uploading codelist for primary_care_covid_case_2_date [cohortextractor.tpp_backend] 
2021-04-01T22:25:44.659120100Z 2021-04-01 22:25:44 [info     ] Running: Query for primary_care_covid_case_2_date [cohortextractor.tpp_backend] 
2021-04-01T22:25:45.029509900Z 2021-04-01 22:25:45 [info     ] Running: Query for emergency_1_date [cohortextractor.tpp_backend] 
2021-04-01T22:25:46.405967800Z 2021-04-01 22:25:46 [info     ] Running: Query for emergency_2_date [cohortextractor.tpp_backend] 
2021-04-01T22:25:48.792274100Z 2021-04-01 22:25:48 [info     ] Running: Query for covidadmitted_1_date [cohortextractor.tpp_backend] 
2021-04-01T22:25:49.565029700Z 2021-04-01 22:25:49 [info     ] Running: Query for covidadmitted_2_date [cohortextractor.tpp_backend] 
2021-04-01T22:25:57.895838500Z 2021-04-01 22:25:57 [info     ] Running: Query for coviddeath_date [cohortextractor.tpp_backend] 
2021-04-01T22:25:58.461531900Z 2021-04-01 22:25:58 [info     ] Running: Query for death_date  [cohortextractor.tpp_backend] 
2021-04-01T22:25:58.670951500Z 2021-04-01 22:25:58 [info     ] Running: Query for admitted_0_date [cohortextractor.tpp_backend] 
2021-04-01T22:26:10.654640500Z 2021-04-01 22:26:10 [info     ] Running: Query for discharged_0_date [cohortextractor.tpp_backend] 
2021-04-01T22:26:21.958611600Z 2021-04-01 22:26:21 [info     ] Running: Query for admitted_1_date [cohortextractor.tpp_backend] 
2021-04-01T22:26:22.436372800Z 2021-04-01 22:26:22 [info     ] Running: Query for discharged_1_date [cohortextractor.tpp_backend] 
2021-04-01T22:26:22.883638400Z 2021-04-01 22:26:22 [info     ] Running: Query for admitted_2_date [cohortextractor.tpp_backend] 
2021-04-01T22:26:26.099144600Z 2021-04-01 22:26:26 [info     ] Running: Query for discharged_2_date [cohortextractor.tpp_backend] 
2021-04-01T22:26:29.010041800Z 2021-04-01 22:26:29 [info     ] Running: Query for admitted_3_date [cohortextractor.tpp_backend] 
2021-04-01T22:26:32.489207600Z 2021-04-01 22:26:32 [info     ] Running: Query for discharged_3_date [cohortextractor.tpp_backend] 
2021-04-01T22:26:35.412523500Z 2021-04-01 22:26:35 [info     ] Running: Query for admitted_4_date [cohortextractor.tpp_backend] 
2021-04-01T22:26:38.245314300Z 2021-04-01 22:26:38 [info     ] Running: Query for discharged_4_date [cohortextractor.tpp_backend] 
2021-04-01T22:26:41.181494800Z 2021-04-01 22:26:41 [info     ] Running: Query for admitted_5_date [cohortextractor.tpp_backend] 
2021-04-01T22:26:43.913577200Z 2021-04-01 22:26:43 [info     ] Running: Query for discharged_5_date [cohortextractor.tpp_backend] 
2021-04-01T22:26:46.774929400Z 2021-04-01 22:26:46 [info     ] Running: Uploading codelist for primary_care_probable_covid_1_date [cohortextractor.tpp_backend] 
2021-04-01T22:26:46.804092700Z 2021-04-01 22:26:46 [info     ] Running: Query for primary_care_probable_covid_1_date [cohortextractor.tpp_backend] 
2021-04-01T22:26:46.999722100Z 2021-04-01 22:26:46 [info     ] Running: Uploading codelist for primary_care_probable_covid_2_date [cohortextractor.tpp_backend] 
2021-04-01T22:26:47.027638100Z 2021-04-01 22:26:47 [info     ] Running: Query for primary_care_probable_covid_2_date [cohortextractor.tpp_backend] 
2021-04-01T22:26:47.413225000Z 2021-04-01 22:26:47 [info     ] Running: Uploading codelist for primary_care_probable_covid_3_date [cohortextractor.tpp_backend] 
2021-04-01T22:26:47.442033500Z 2021-04-01 22:26:47 [info     ] Running: Query for primary_care_probable_covid_3_date [cohortextractor.tpp_backend] 
2021-04-01T22:26:47.616535900Z 2021-04-01 22:26:47 [info     ] Running: Uploading codelist for primary_care_probable_covid_4_date [cohortextractor.tpp_backend] 
2021-04-01T22:26:47.645115400Z 2021-04-01 22:26:47 [info     ] Running: Query for primary_care_probable_covid_4_date [cohortextractor.tpp_backend] 
2021-04-01T22:26:47.817166700Z 2021-04-01 22:26:47 [info     ] Running: Uploading codelist for primary_care_probable_covid_5_date [cohortextractor.tpp_backend] 
2021-04-01T22:26:47.845231100Z 2021-04-01 22:26:47 [info     ] Running: Query for primary_care_probable_covid_5_date [cohortextractor.tpp_backend] 
2021-04-01T22:26:48.045590500Z 2021-04-01 22:26:48 [info     ] Running: Uploading codelist for primary_care_suspected_covid_1_date [cohortextractor.tpp_backend] 
2021-04-01T22:26:48.075971200Z 2021-04-01 22:26:48 [info     ] Running: Query for primary_care_suspected_covid_1_date [cohortextractor.tpp_backend] 
2021-04-01T22:26:48.547228200Z 2021-04-01 22:26:48 [info     ] Running: Uploading codelist for primary_care_suspected_covid_2_date [cohortextractor.tpp_backend] 
2021-04-01T22:26:48.578144900Z 2021-04-01 22:26:48 [info     ] Running: Query for primary_care_suspected_covid_2_date [cohortextractor.tpp_backend] 
2021-04-01T22:26:49.335722900Z 2021-04-01 22:26:49 [info     ] Running: Uploading codelist for primary_care_suspected_covid_3_date [cohortextractor.tpp_backend] 
2021-04-01T22:26:49.367208300Z 2021-04-01 22:26:49 [info     ] Running: Query for primary_care_suspected_covid_3_date [cohortextractor.tpp_backend] 
2021-04-01T22:26:49.677354500Z 2021-04-01 22:26:49 [info     ] Running: Uploading codelist for primary_care_suspected_covid_4_date [cohortextractor.tpp_backend] 
2021-04-01T22:26:49.707601700Z 2021-04-01 22:26:49 [info     ] Running: Query for primary_care_suspected_covid_4_date [cohortextractor.tpp_backend] 
2021-04-01T22:26:50.003827700Z 2021-04-01 22:26:50 [info     ] Running: Uploading codelist for primary_care_suspected_covid_5_date [cohortextractor.tpp_backend] 
2021-04-01T22:26:50.034467900Z 2021-04-01 22:26:50 [info     ] Running: Query for primary_care_suspected_covid_5_date [cohortextractor.tpp_backend] 
2021-04-01T22:26:50.323764200Z 2021-04-01 22:26:50 [info     ] Running: Uploading codelist for chronic_cardiac_disease [cohortextractor.tpp_backend] 
2021-04-01T22:26:50.420761800Z 2021-04-01 22:26:50 [info     ] Running: Query for chronic_cardiac_disease [cohortextractor.tpp_backend] 
2021-04-01T22:26:55.879137100Z 2021-04-01 22:26:55 [info     ] Running: Uploading codelist for heart_failure [cohortextractor.tpp_backend] 
2021-04-01T22:26:55.911275700Z 2021-04-01 22:26:55 [info     ] Running: Query for heart_failure [cohortextractor.tpp_backend] 
2021-04-01T22:26:56.616222300Z 2021-04-01 22:26:56 [info     ] Running: Uploading codelist for other_heart_disease [cohortextractor.tpp_backend] 
2021-04-01T22:26:56.719325800Z 2021-04-01 22:26:56 [info     ] Running: Query for other_heart_disease [cohortextractor.tpp_backend] 
2021-04-01T22:27:01.165828200Z 2021-04-01 22:27:01 [info     ] Running: Uploading codelist for diabetes [cohortextractor.tpp_backend] 
2021-04-01T22:27:01.219860000Z 2021-04-01 22:27:01 [info     ] Running: Query for diabetes    [cohortextractor.tpp_backend] 
2021-04-01T22:27:08.049055200Z 2021-04-01 22:27:08 [info     ] Running: Uploading codelist for dialysis [cohortextractor.tpp_backend] 
2021-04-01T22:27:08.085610300Z 2021-04-01 22:27:08 [info     ] Running: Query for dialysis    [cohortextractor.tpp_backend] 
2021-04-01T22:27:08.167043600Z 2021-04-01 22:27:08 [info     ] Running: Uploading codelist for chronic_liver_disease [cohortextractor.tpp_backend] 
2021-04-01T22:27:08.201772500Z 2021-04-01 22:27:08 [info     ] Running: Query for chronic_liver_disease [cohortextractor.tpp_backend] 
2021-04-01T22:27:08.401488500Z 2021-04-01 22:27:08 [info     ] Running: Uploading codelist for current_copd [cohortextractor.tpp_backend] 
2021-04-01T22:27:08.434221600Z 2021-04-01 22:27:08 [info     ] Running: Query for current_copd [cohortextractor.tpp_backend] 
2021-04-01T22:27:10.301443900Z 2021-04-01 22:27:10 [info     ] Running: Uploading codelist for LD_incl_DS_and_CP [cohortextractor.tpp_backend] 
2021-04-01T22:27:10.334389000Z 2021-04-01 22:27:10 [info     ] Running: Query for LD_incl_DS_and_CP [cohortextractor.tpp_backend] 
2021-04-01T22:27:10.625767800Z 2021-04-01 22:27:10 [info     ] Running: Uploading codelist for cystic_fibrosis [cohortextractor.tpp_backend] 
2021-04-01T22:27:10.654911400Z 2021-04-01 22:27:10 [info     ] Running: Query for cystic_fibrosis [cohortextractor.tpp_backend] 
2021-04-01T22:27:10.719895700Z 2021-04-01 22:27:10 [info     ] Running: Uploading codelist for other_resp_conditions [cohortextractor.tpp_backend] 
2021-04-01T22:27:10.759348900Z 2021-04-01 22:27:10 [info     ] Running: Query for other_resp_conditions [cohortextractor.tpp_backend] 
2021-04-01T22:27:11.505471800Z 2021-04-01 22:27:11 [info     ] Running: Uploading codelist for lung_cancer [cohortextractor.tpp_backend] 
2021-04-01T22:27:11.536798200Z 2021-04-01 22:27:11 [info     ] Running: Query for lung_cancer [cohortextractor.tpp_backend] 
2021-04-01T22:27:11.747607500Z 2021-04-01 22:27:11 [info     ] Running: Uploading codelist for haematological_cancer [cohortextractor.tpp_backend] 
2021-04-01T22:27:11.804480700Z 2021-04-01 22:27:11 [info     ] Running: Query for haematological_cancer [cohortextractor.tpp_backend] 
2021-04-01T22:27:12.103176400Z 2021-04-01 22:27:12 [info     ] Running: Uploading codelist for cancer_excl_lung_and_haem [cohortextractor.tpp_backend] 
2021-04-01T22:27:12.233916200Z 2021-04-01 22:27:12 [info     ] Running: Query for cancer_excl_lung_and_haem [cohortextractor.tpp_backend] 
2021-04-01T22:27:14.183249800Z 2021-04-01 22:27:14 [info     ] Running: Uploading codelist for chemo_or_radio [cohortextractor.tpp_backend] 
2021-04-01T22:27:14.232280600Z 2021-04-01 22:27:14 [info     ] Running: Query for chemo_or_radio [cohortextractor.tpp_backend] 
2021-04-01T22:27:14.743725300Z 2021-04-01 22:27:14 [info     ] Running: Uploading codelist for solid_organ_transplantation [cohortextractor.tpp_backend] 
2021-04-01T22:27:14.777826000Z 2021-04-01 22:27:14 [info     ] Running: Query for solid_organ_transplantation [cohortextractor.tpp_backend] 
2021-04-01T22:27:14.844819000Z 2021-04-01 22:27:14 [info     ] Running: Uploading codelist for bone_marrow_transplant [cohortextractor.tpp_backend] 
2021-04-01T22:27:14.873403000Z 2021-04-01 22:27:14 [info     ] Running: Query for bone_marrow_transplant [cohortextractor.tpp_backend] 
2021-04-01T22:27:14.894078300Z 2021-04-01 22:27:14 [info     ] Running: Uploading codelist for sickle_cell_disease [cohortextractor.tpp_backend] 
2021-04-01T22:27:14.922063800Z 2021-04-01 22:27:14 [info     ] Running: Query for sickle_cell_disease [cohortextractor.tpp_backend] 
2021-04-01T22:27:15.006380400Z 2021-04-01 22:27:15 [info     ] Running: Uploading codelist for permanant_immunosuppression [cohortextractor.tpp_backend] 
2021-04-01T22:27:15.041171600Z 2021-04-01 22:27:15 [info     ] Running: Query for permanant_immunosuppression [cohortextractor.tpp_backend] 
2021-04-01T22:27:15.103766000Z 2021-04-01 22:27:15 [info     ] Running: Uploading codelist for temporary_immunosuppression [cohortextractor.tpp_backend] 
2021-04-01T22:27:15.133003900Z 2021-04-01 22:27:15 [info     ] Running: Query for temporary_immunosuppression [cohortextractor.tpp_backend] 
2021-04-01T22:27:15.239912800Z 2021-04-01 22:27:15 [info     ] Running: Uploading codelist for asplenia [cohortextractor.tpp_backend] 
2021-04-01T22:27:15.268926800Z 2021-04-01 22:27:15 [info     ] Running: Query for asplenia    [cohortextractor.tpp_backend] 
2021-04-01T22:27:15.345676600Z 2021-04-01 22:27:15 [info     ] Running: Uploading codelist for dmards [cohortextractor.tpp_backend] 
2021-04-01T22:27:15.436449000Z 2021-04-01 22:27:15 [info     ] Running: Query for dmards      [cohortextractor.tpp_backend] 
2021-04-01T22:28:22.875830300Z 2021-04-01 22:28:22 [info     ] Running: Uploading codelist for dementia [cohortextractor.tpp_backend] 
2021-04-01T22:28:22.910590800Z 2021-04-01 22:28:22 [info     ] Running: Query for dementia    [cohortextractor.tpp_backend] 
2021-04-01T22:28:23.767560200Z 2021-04-01 22:28:23 [info     ] Running: Uploading codelist for other_neuro_conditions [cohortextractor.tpp_backend] 
2021-04-01T22:28:23.804482300Z 2021-04-01 22:28:23 [info     ] Running: Query for other_neuro_conditions [cohortextractor.tpp_backend] 
2021-04-01T22:28:24.181137400Z 2021-04-01 22:28:24 [info     ] Running: Uploading codelist for psychosis_schiz_bipolar [cohortextractor.tpp_backend] 
2021-04-01T22:28:24.218694500Z 2021-04-01 22:28:24 [info     ] Running: Query for psychosis_schiz_bipolar [cohortextractor.tpp_backend] 
2021-04-01T22:28:24.622521800Z 2021-04-01 22:28:24 [info     ] Running: Query for flu_vaccine_tpp_table [cohortextractor.tpp_backend] 
2021-04-01T22:28:34.385051000Z 2021-04-01 22:28:34 [info     ] Running: Uploading codelist for flu_vaccine_med [cohortextractor.tpp_backend] 
2021-04-01T22:28:34.415051100Z 2021-04-01 22:28:34 [info     ] Running: Query for flu_vaccine_med [cohortextractor.tpp_backend] 
2021-04-01T22:29:20.743451500Z 2021-04-01 22:29:20 [info     ] Running: Uploading codelist for flu_vaccine_clinical [cohortextractor.tpp_backend] 
2021-04-01T22:29:20.773259900Z 2021-04-01 22:29:20 [info     ] Running: Uploading codelist for flu_vaccine_clinical [cohortextractor.tpp_backend] 
2021-04-01T22:29:22.766387300Z 2021-04-01 22:29:22 [info     ] Running: Query for flu_vaccine_clinical [cohortextractor.tpp_backend] 
2021-04-01T22:29:27.309108200Z 2021-04-01 22:29:27 [info     ] Running: Query for registered  [cohortextractor.tpp_backend] 
2021-04-01T22:29:41.144766200Z 2021-04-01 22:29:41 [info     ] Running: Query for has_died    [cohortextractor.tpp_backend] 
2021-04-01T22:29:41.710493900Z 2021-04-01 22:29:41 [info     ] Writing results into temporary table 'OPENCoronaTempTables..DataExtract_386aa962225385aaf8d60203941ce416b9a53855' [cohortextractor.tpp_backend] 
2021-04-01T22:34:47.569425600Z 2021-04-01 22:34:47 [info     ] Downloading results from 'OPENCoronaTempTables..DataExtract_386aa962225385aaf8d60203941ce416b9a53855' [cohortextractor.tpp_backend] 
2021-04-01T22:35:38.537871300Z 2021-04-01 22:35:38 [info     ] Downloaded 1000000 results     [cohortextractor.tpp_backend] 
2021-04-01T22:36:29.441368800Z 2021-04-01 22:36:29 [info     ] Downloaded 2000000 results     [cohortextractor.tpp_backend] 
2021-04-01T22:37:21.895692500Z 2021-04-01 22:37:21 [info     ] Downloaded 3000000 results     [cohortextractor.tpp_backend] 
2021-04-01T22:38:15.220756800Z 2021-04-01 22:38:15 [info     ] Downloaded 4000000 results     [cohortextractor.tpp_backend] 
2021-04-01T22:39:05.408748900Z 2021-04-01 22:39:05 [info     ] Downloaded 5000000 results     [cohortextractor.tpp_backend] 
2021-04-01T22:40:01.081738700Z 2021-04-01 22:40:01 [info     ] Downloaded 6000000 results     [cohortextractor.tpp_backend] 
2021-04-01T22:40:57.202687000Z 2021-04-01 22:40:57 [info     ] Downloaded 7000000 results     [cohortextractor.tpp_backend] 
2021-04-01T22:41:52.514563900Z 2021-04-01 22:41:52 [info     ] Downloaded 8000000 results     [cohortextractor.tpp_backend] 
2021-04-01T22:42:44.047674700Z 2021-04-01 22:42:44 [info     ] Downloaded 9000000 results     [cohortextractor.tpp_backend] 
2021-04-01T22:43:35.984186800Z 2021-04-01 22:43:35 [info     ] Downloaded 10000000 results    [cohortextractor.tpp_backend] 
2021-04-01T22:44:32.558130000Z 2021-04-01 22:44:32 [info     ] Downloaded 11000000 results    [cohortextractor.tpp_backend] 
2021-04-01T22:45:24.487748800Z 2021-04-01 22:45:24 [info     ] Downloaded 12000000 results    [cohortextractor.tpp_backend] 
2021-04-01T22:46:18.220894800Z 2021-04-01 22:46:18 [info     ] Downloaded 13000000 results    [cohortextractor.tpp_backend] 
2021-04-01T22:47:10.321086400Z 2021-04-01 22:47:10 [info     ] Downloaded 14000000 results    [cohortextractor.tpp_backend] 
2021-04-01T22:48:05.309680400Z 2021-04-01 22:48:05 [info     ] Downloaded 15000000 results    [cohortextractor.tpp_backend] 
2021-04-01T22:48:58.401680600Z 2021-04-01 22:48:58 [info     ] Downloaded 16000000 results    [cohortextractor.tpp_backend] 
2021-04-01T22:49:53.677482700Z 2021-04-01 22:49:53 [info     ] Downloaded 17000000 results    [cohortextractor.tpp_backend] 
2021-04-01T22:50:40.418772900Z 2021-04-01 22:50:40 [info     ] Downloaded 17873657 results    [cohortextractor.tpp_backend] 
2021-04-01T22:50:40.419007000Z 2021-04-01 22:50:40 [info     ] Running: Deleting 'OPENCoronaTempTables..DataExtract_386aa962225385aaf8d60203941ce416b9a53855' [cohortextractor.tpp_backend] 
2021-04-01T22:50:41.942138100Z 2021-04-01 22:50:41 [info     ] Successfully created cohort and covariates at output/input_all.csv [cohortextractor.cohortextractor] 


state: succeeded
commit: 16547ad6c0640a5eda982387794a88056462cfd7
docker_image_id: sha256:6d0350f7512a99160e54828eda192d30db3bb214bd761d05bef6392a9b2d5d4b
exit_code: 0
job_id: anjjldfo3r45f74v
run_by_user: wjchulme
created_at: 2021-04-01T21:15:21Z
started_at: 2021-04-01T21:15:30Z
completed_at: 2021-04-01T22:50:45Z

Completed successfully

outputs:
  output/input_all.csv  - highly_sensitive