2021-02-10T17:02:37.308160500Z 2021-02-10 17:02:37 [info     ] Generating cohort for study_definition_over80s in output [cohortextractor.cohortextractor] 
2021-02-10T17:02:37.599969200Z 2021-02-10 17:02:37 [info     ] Checking for existing results in 'OPENCoronaTempTables..DataExtract_10fe8e3ce2f2f54fecfb950365805f0cca953286' [cohortextractor.tpp_backend] 
2021-02-10T17:02:37.703690300Z 2021-02-10 17:02:37 [info     ] No existing results found, running queries to generate new results [cohortextractor.tpp_backend] 
2021-02-10T17:02:37.738380800Z 2021-02-10 17:02:37 [info     ] Running: Query for age         [cohortextractor.tpp_backend] 
2021-02-10T17:02:54.643689200Z 2021-02-10 17:02:54 [info     ] Running: Query for sex         [cohortextractor.tpp_backend] 
2021-02-10T17:03:01.493579700Z 2021-02-10 17:03:01 [info     ] Running: Query for bmi_value   [cohortextractor.tpp_backend] 
2021-02-10T17:04:49.701130000Z 2021-02-10 17:04:49 [info     ] Running: Query for has_follow_up_previous_year [cohortextractor.tpp_backend] 
2021-02-10T17:05:02.506159000Z 2021-02-10 17:05:02 [info     ] Running: Query for registered_at_latest [cohortextractor.tpp_backend] 
2021-02-10T17:05:16.228978300Z 2021-02-10 17:05:16 [info     ] Running: Query for practice_id [cohortextractor.tpp_backend] 
2021-02-10T17:05:30.799441900Z 2021-02-10 17:05:30 [info     ] Running: Query for stp         [cohortextractor.tpp_backend] 
2021-02-10T17:05:47.091155700Z 2021-02-10 17:05:47 [info     ] Running: Query for region      [cohortextractor.tpp_backend] 
2021-02-10T17:06:04.383000500Z 2021-02-10 17:06:04 [info     ] Running: Query for index_of_multiple_deprivation [cohortextractor.tpp_backend] 
2021-02-10T17:06:28.493160500Z 2021-02-10 17:06:28 [info     ] Running: Query for care_home_type [cohortextractor.tpp_backend] 
2021-02-10T17:06:50.434756200Z 2021-02-10 17:06:50 [info     ] Running: Query for covid_vax_1_date [cohortextractor.tpp_backend] 
2021-02-10T17:06:56.309061700Z 2021-02-10 17:06:56 [info     ] Running: Query for covid_vax_2_date [cohortextractor.tpp_backend] 
2021-02-10T17:06:57.605001900Z 2021-02-10 17:06:57 [info     ] Running: Query for covid_vax_3_date [cohortextractor.tpp_backend] 
2021-02-10T17:06:58.722514500Z 2021-02-10 17:06:58 [info     ] Running: Query for covid_vax_4_date [cohortextractor.tpp_backend] 
2021-02-10T17:06:59.501024100Z 2021-02-10 17:06:59 [info     ] Running: Query for covid_vax_pfizer_1_date [cohortextractor.tpp_backend] 
2021-02-10T17:07:02.137146600Z 2021-02-10 17:07:02 [info     ] Running: Query for covid_vax_pfizer_2_date [cohortextractor.tpp_backend] 
2021-02-10T17:07:03.265826700Z 2021-02-10 17:07:03 [info     ] Running: Query for covid_vax_pfizer_3_date [cohortextractor.tpp_backend] 
2021-02-10T17:07:04.409214900Z 2021-02-10 17:07:04 [info     ] Running: Query for covid_vax_pfizer_4_date [cohortextractor.tpp_backend] 
2021-02-10T17:07:05.227529200Z 2021-02-10 17:07:05 [info     ] Running: Query for covid_vax_az_1_date [cohortextractor.tpp_backend] 
2021-02-10T17:07:07.049688200Z 2021-02-10 17:07:07 [info     ] Running: Query for covid_vax_az_2_date [cohortextractor.tpp_backend] 
2021-02-10T17:07:07.944628100Z 2021-02-10 17:07:07 [info     ] Running: Query for covid_vax_az_3_date [cohortextractor.tpp_backend] 
2021-02-10T17:07:08.757912000Z 2021-02-10 17:07:08 [info     ] Running: Query for covid_vax_az_4_date [cohortextractor.tpp_backend] 
2021-02-10T17:07:09.495596900Z 2021-02-10 17:07:09 [info     ] Running: Query for prior_positive_test_date [cohortextractor.tpp_backend] 
2021-02-10T17:07:10.128327200Z 2021-02-10 17:07:10 [info     ] Running: Uploading codelist for prior_primary_care_covid_case_date [cohortextractor.tpp_backend] 
2021-02-10T17:07:10.158536800Z 2021-02-10 17:07:10 [info     ] Running: Query for prior_primary_care_covid_case_date [cohortextractor.tpp_backend] 
2021-02-10T17:07:10.586962800Z 2021-02-10 17:07:10 [info     ] Running: Query for positive_test_1_date [cohortextractor.tpp_backend] 
2021-02-10T17:07:11.322088000Z 2021-02-10 17:07:11 [info     ] Running: Uploading codelist for primary_care_covid_case_1_date [cohortextractor.tpp_backend] 
2021-02-10T17:07:11.352420500Z 2021-02-10 17:07:11 [info     ] Running: Query for primary_care_covid_case_1_date [cohortextractor.tpp_backend] 
2021-02-10T17:07:11.586845700Z 2021-02-10 17:07:11 [info     ] Running: Query for admitted_1_date [cohortextractor.tpp_backend] 
2021-02-10T17:07:12.210326300Z 2021-02-10 17:07:12 [info     ] Running: Query for coviddeath_date [cohortextractor.tpp_backend] 
2021-02-10T17:07:12.533480200Z 2021-02-10 17:07:12 [info     ] Running: Query for death_date  [cohortextractor.tpp_backend] 
2021-02-10T17:07:12.738157300Z 2021-02-10 17:07:12 [info     ] Running: Query for registered  [cohortextractor.tpp_backend] 
2021-02-10T17:07:27.337686100Z 2021-02-10 17:07:27 [info     ] Running: Query for has_died    [cohortextractor.tpp_backend] 
2021-02-10T17:07:27.678946600Z 2021-02-10 17:07:27 [info     ] Writing results into temporary table 'OPENCoronaTempTables..DataExtract_10fe8e3ce2f2f54fecfb950365805f0cca953286' [cohortextractor.tpp_backend] 
2021-02-10T17:07:52.138520000Z 2021-02-10 17:07:52 [info     ] Downloading results from 'OPENCoronaTempTables..DataExtract_10fe8e3ce2f2f54fecfb950365805f0cca953286' [cohortextractor.tpp_backend] 
2021-02-10T17:08:26.718795200Z 2021-02-10 17:08:26 [info     ] Downloaded 1000000 results     [cohortextractor.tpp_backend] 
2021-02-10T17:08:26.795073800Z 2021-02-10 17:08:26 [info     ] Downloaded 1007992 results     [cohortextractor.tpp_backend] 
2021-02-10T17:08:26.795128900Z 2021-02-10 17:08:26 [info     ] Running: Deleting 'OPENCoronaTempTables..DataExtract_10fe8e3ce2f2f54fecfb950365805f0cca953286' [cohortextractor.tpp_backend] 
2021-02-10T17:08:26.909784200Z 2021-02-10 17:08:26 [info     ] Successfully created cohort and covariates at output/input_over80s.csv [cohortextractor.cohortextractor] 


state: succeeded
commit: b6a640d1dae5123da04cf5fb753fec133eb593e1
docker_image_id: sha256:0574f44079c63ec41c331a06cfec7a857774f1a7b3a8af544837209e53afc4b3
job_id: n6ceyzjakl4yb2qp
run_by_user: wjchulme
created_at: 2021-02-10T17:02:29Z
started_at: 2021-02-10T17:02:35Z
completed_at: 2021-02-10T17:08:30Z

Completed successfully

outputs:
  output/input_over80s.csv  - highly_sensitive