2021-03-22T22:51:17.288216700Z 2021-03-22 22:51:17 [info     ] Generating cohort for study_definition_all_flow_chart in output [cohortextractor.cohortextractor] 
2021-03-22T22:51:17.590161700Z 2021-03-22 22:51:17 [info     ] Checking for existing results in 'OPENCoronaTempTables..DataExtract_d2540df8769e2ef197b387b65e94a6db4f6b4574' [cohortextractor.tpp_backend] 
2021-03-22T22:51:17.692690900Z 2021-03-22 22:51:17 [info     ] No existing results found, running queries to generate new results [cohortextractor.tpp_backend] 
2021-03-22T22:51:17.722476700Z 2021-03-22 22:51:17 [info     ] Running: Query for age         [cohortextractor.tpp_backend] 
2021-03-22T22:51:34.857841800Z 2021-03-22 22:51:34 [info     ] Running: Query for sex         [cohortextractor.tpp_backend] 
2021-03-22T22:51:48.564785000Z 2021-03-22 22:51:48 [info     ] Running: Query for has_follow_up_previous_year [cohortextractor.tpp_backend] 
2021-03-22T22:52:04.363538000Z 2021-03-22 22:52:04 [info     ] Running: Query for registered_at_latest [cohortextractor.tpp_backend] 
2021-03-22T22:52:19.510865300Z 2021-03-22 22:52:19 [info     ] Running: Query for has_died    [cohortextractor.tpp_backend] 
2021-03-22T22:52:20.782978700Z 2021-03-22 22:52:20 [info     ] Running: Query for covid_vax_1_date [cohortextractor.tpp_backend] 
2021-03-22T22:52:31.200936300Z 2021-03-22 22:52:31 [info     ] Running: Query for covid_vax_pfizer_1_date [cohortextractor.tpp_backend] 
2021-03-22T22:52:36.586528300Z 2021-03-22 22:52:36 [info     ] Running: Query for covid_vax_az_1_date [cohortextractor.tpp_backend] 
2021-03-22T22:52:44.306206300Z 2021-03-22 22:52:44 [info     ] Running: Uploading codelist for ethnicity [cohortextractor.tpp_backend] 
2021-03-22T22:52:44.377115600Z 2021-03-22 22:52:44 [info     ] Running: Query for ethnicity   [cohortextractor.tpp_backend] 
2021-03-22T23:50:28.124138900Z 2021-03-22 23:50:28 [info     ] Running: Query for ethnicity_6_sus [cohortextractor.tpp_backend] 
2021-03-22T23:50:52.662387700Z 2021-03-22 23:50:52 [info     ] Running: Query for region      [cohortextractor.tpp_backend] 
2021-03-22T23:51:12.623307500Z 2021-03-22 23:51:12 [info     ] Running: Query for index_of_multiple_deprivation [cohortextractor.tpp_backend] 
2021-03-22T23:51:38.932841600Z 2021-03-22 23:51:38 [info     ] Running: Query for population  [cohortextractor.tpp_backend] 
2021-03-22T23:51:46.326872900Z 2021-03-22 23:51:46 [info     ] Writing results into temporary table 'OPENCoronaTempTables..DataExtract_d2540df8769e2ef197b387b65e94a6db4f6b4574' [cohortextractor.tpp_backend] 
2021-03-23T00:44:01.883390800Z 2021-03-23 00:44:01 [info     ] Downloading results from 'OPENCoronaTempTables..DataExtract_d2540df8769e2ef197b387b65e94a6db4f6b4574' [cohortextractor.tpp_backend] 
2021-03-23T00:44:12.952255500Z 2021-03-23 00:44:12 [info     ] Downloaded 1000000 results     [cohortextractor.tpp_backend] 
2021-03-23T00:44:23.316384500Z 2021-03-23 00:44:23 [info     ] Downloaded 2000000 results     [cohortextractor.tpp_backend] 
2021-03-23T00:44:33.796534700Z 2021-03-23 00:44:33 [info     ] Downloaded 3000000 results     [cohortextractor.tpp_backend] 
2021-03-23T00:44:44.124819800Z 2021-03-23 00:44:44 [info     ] Downloaded 4000000 results     [cohortextractor.tpp_backend] 
2021-03-23T00:44:54.687278500Z 2021-03-23 00:44:54 [info     ] Downloaded 5000000 results     [cohortextractor.tpp_backend] 
2021-03-23T00:45:04.536857400Z 2021-03-23 00:45:04 [info     ] Downloaded 6000000 results     [cohortextractor.tpp_backend] 
2021-03-23T00:45:14.076886700Z 2021-03-23 00:45:14 [info     ] Downloaded 7000000 results     [cohortextractor.tpp_backend] 
2021-03-23T00:45:23.771737100Z 2021-03-23 00:45:23 [info     ] Downloaded 8000000 results     [cohortextractor.tpp_backend] 
2021-03-23T00:45:33.641038700Z 2021-03-23 00:45:33 [info     ] Downloaded 9000000 results     [cohortextractor.tpp_backend] 
2021-03-23T00:45:43.271916200Z 2021-03-23 00:45:43 [info     ] Downloaded 10000000 results    [cohortextractor.tpp_backend] 
2021-03-23T00:45:53.928855800Z 2021-03-23 00:45:53 [info     ] Downloaded 11000000 results    [cohortextractor.tpp_backend] 
2021-03-23T00:46:03.941921600Z 2021-03-23 00:46:03 [info     ] Downloaded 12000000 results    [cohortextractor.tpp_backend] 
2021-03-23T00:46:14.153750600Z 2021-03-23 00:46:14 [info     ] Downloaded 13000000 results    [cohortextractor.tpp_backend] 
2021-03-23T00:46:24.223763000Z 2021-03-23 00:46:24 [info     ] Downloaded 14000000 results    [cohortextractor.tpp_backend] 
2021-03-23T00:46:34.622232800Z 2021-03-23 00:46:34 [info     ] Downloaded 15000000 results    [cohortextractor.tpp_backend] 
2021-03-23T00:46:45.114421300Z 2021-03-23 00:46:45 [info     ] Downloaded 16000000 results    [cohortextractor.tpp_backend] 
2021-03-23T00:46:55.612566500Z 2021-03-23 00:46:55 [info     ] Downloaded 17000000 results    [cohortextractor.tpp_backend] 
2021-03-23T00:47:05.774970000Z 2021-03-23 00:47:05 [info     ] Downloaded 18000000 results    [cohortextractor.tpp_backend] 
2021-03-23T00:47:16.017651800Z 2021-03-23 00:47:16 [info     ] Downloaded 19000000 results    [cohortextractor.tpp_backend] 
2021-03-23T00:47:26.206519800Z 2021-03-23 00:47:26 [info     ] Downloaded 20000000 results    [cohortextractor.tpp_backend] 
2021-03-23T00:47:37.670577000Z 2021-03-23 00:47:37 [info     ] Downloaded 21000000 results    [cohortextractor.tpp_backend] 
2021-03-23T00:47:47.633818400Z 2021-03-23 00:47:47 [info     ] Downloaded 22000000 results    [cohortextractor.tpp_backend] 
2021-03-23T00:47:58.063753500Z 2021-03-23 00:47:58 [info     ] Downloaded 23000000 results    [cohortextractor.tpp_backend] 
2021-03-23T00:48:08.438153900Z 2021-03-23 00:48:08 [info     ] Downloaded 24000000 results    [cohortextractor.tpp_backend] 
2021-03-23T00:48:18.898763600Z 2021-03-23 00:48:18 [info     ] Downloaded 25000000 results    [cohortextractor.tpp_backend] 
2021-03-23T00:48:28.765757500Z 2021-03-23 00:48:28 [info     ] Downloaded 26000000 results    [cohortextractor.tpp_backend] 
2021-03-23T00:48:38.820160700Z 2021-03-23 00:48:38 [info     ] Downloaded 27000000 results    [cohortextractor.tpp_backend] 
2021-03-23T00:48:49.125080500Z 2021-03-23 00:48:49 [info     ] Downloaded 28000000 results    [cohortextractor.tpp_backend] 
2021-03-23T00:48:59.830348100Z 2021-03-23 00:48:59 [info     ] Downloaded 29000000 results    [cohortextractor.tpp_backend] 
2021-03-23T00:49:10.212381100Z 2021-03-23 00:49:10 [info     ] Downloaded 30000000 results    [cohortextractor.tpp_backend] 
2021-03-23T00:49:20.595710900Z 2021-03-23 00:49:20 [info     ] Downloaded 31000000 results    [cohortextractor.tpp_backend] 
2021-03-23T00:49:22.836279800Z 2021-03-23 00:49:22 [info     ] Downloaded 31237456 results    [cohortextractor.tpp_backend] 
2021-03-23T00:49:22.836363800Z 2021-03-23 00:49:22 [info     ] Running: Deleting 'OPENCoronaTempTables..DataExtract_d2540df8769e2ef197b387b65e94a6db4f6b4574' [cohortextractor.tpp_backend] 
2021-03-23T00:49:25.100917700Z 2021-03-23 00:49:25 [info     ] Successfully created cohort and covariates at output/input_all_flow_chart.csv [cohortextractor.cohortextractor] 


state: succeeded
commit: ac56ec6a46c0e1b9c597ffa3a664efdfb35bbdf7
docker_image_id: sha256:e0c3fac054fd31a3204ec9d18ca4493bac78551b154f43dd6be0da81828d0d63
exit_code: 0
job_id: z6j5xx5wf77dbrfo
run_by_user: wjchulme
created_at: 2021-03-22T22:51:03Z
started_at: 2021-03-22T22:51:15Z
completed_at: 2021-03-23T00:49:34Z

Completed successfully

outputs:
  output/input_all_flow_chart.csv  - highly_sensitive