2021-03-26T11:59:11.405544600Z 2021-03-26 11:59:11 [info     ] Generating cohort for study_definition_over80s_flow_chart in output [cohortextractor.cohortextractor] 
2021-03-26T11:59:11.702605900Z 2021-03-26 11:59:11 [info     ] Checking for existing results in 'OPENCoronaTempTables..DataExtract_92b1ba1ea27cd033447635896f6cea29c827d8b8' [cohortextractor.tpp_backend] 
2021-03-26T11:59:11.811064300Z 2021-03-26 11:59:11 [info     ] No existing results found, running queries to generate new results [cohortextractor.tpp_backend] 
2021-03-26T11:59:11.841851000Z 2021-03-26 11:59:11 [info     ] Running: Query for age         [cohortextractor.tpp_backend] 
2021-03-26T11:59:30.702067600Z 2021-03-26 11:59:30 [info     ] Running: Query for has_died    [cohortextractor.tpp_backend] 
2021-03-26T11:59:31.320348500Z 2021-03-26 11:59:31 [info     ] Running: Query for registered_at_latest [cohortextractor.tpp_backend] 
2021-03-26T11:59:45.971822700Z 2021-03-26 11:59:45 [info     ] Running: Query for has_follow_up_previous_year [cohortextractor.tpp_backend] 
2021-03-26T11:59:59.580649000Z 2021-03-26 11:59:59 [info     ] Running: Query for care_home_type [cohortextractor.tpp_backend] 
2021-03-26T12:00:24.249503100Z 2021-03-26 12:00:24 [info     ] Running: Query for prior_positive_test_date [cohortextractor.tpp_backend] 
2021-03-26T12:00:24.716463600Z 2021-03-26 12:00:24 [info     ] Running: Uploading codelist for prior_primary_care_covid_case_date [cohortextractor.tpp_backend] 
2021-03-26T12:00:24.749135700Z 2021-03-26 12:00:24 [info     ] Running: Query for prior_primary_care_covid_case_date [cohortextractor.tpp_backend] 
2021-03-26T12:00:25.237657200Z 2021-03-26 12:00:25 [info     ] Running: Query for prior_covidadmitted_date [cohortextractor.tpp_backend] 
2021-03-26T12:00:34.362039900Z 2021-03-26 12:00:34 [info     ] Running: Query for sex         [cohortextractor.tpp_backend] 
2021-03-26T12:00:48.376157100Z 2021-03-26 12:00:48 [info     ] Running: Query for index_of_multiple_deprivation [cohortextractor.tpp_backend] 
2021-03-26T12:01:16.864055500Z 2021-03-26 12:01:16 [info     ] Running: Query for region      [cohortextractor.tpp_backend] 
2021-03-26T12:01:32.850983100Z 2021-03-26 12:01:32 [info     ] Running: Uploading codelist for ethnicity [cohortextractor.tpp_backend] 
2021-03-26T12:01:32.900915100Z 2021-03-26 12:01:32 [info     ] Running: Query for ethnicity   [cohortextractor.tpp_backend] 
2021-03-26T12:36:15.424553300Z 2021-03-26 12:36:15 [info     ] Running: Query for ethnicity_6_sus [cohortextractor.tpp_backend] 
2021-03-26T12:36:48.108174100Z 2021-03-26 12:36:48 [info     ] Running: Query for covid_vax_1_date [cohortextractor.tpp_backend] 
2021-03-26T12:36:55.543693300Z 2021-03-26 12:36:55 [info     ] Running: Query for covid_vax_pfizer_1_date [cohortextractor.tpp_backend] 
2021-03-26T12:36:59.616526700Z 2021-03-26 12:36:59 [info     ] Running: Query for covid_vax_az_1_date [cohortextractor.tpp_backend] 
2021-03-26T12:37:04.325460400Z 2021-03-26 12:37:04 [info     ] Running: Query for population  [cohortextractor.tpp_backend] 
2021-03-26T12:37:15.646567500Z 2021-03-26 12:37:15 [info     ] Writing results into temporary table 'OPENCoronaTempTables..DataExtract_92b1ba1ea27cd033447635896f6cea29c827d8b8' [cohortextractor.tpp_backend] 
2021-03-26T12:55:00.880412900Z 2021-03-26 12:55:00 [info     ] Downloading results from 'OPENCoronaTempTables..DataExtract_92b1ba1ea27cd033447635896f6cea29c827d8b8' [cohortextractor.tpp_backend] 
2021-03-26T12:55:20.705270700Z 2021-03-26 12:55:20 [info     ] Downloaded 1000000 results     [cohortextractor.tpp_backend] 
2021-03-26T12:55:38.080308500Z 2021-03-26 12:55:38 [info     ] Downloaded 2000000 results     [cohortextractor.tpp_backend] 
2021-03-26T12:55:58.001484600Z 2021-03-26 12:55:58 [info     ] Downloaded 3000000 results     [cohortextractor.tpp_backend] 
2021-03-26T12:56:14.450329600Z 2021-03-26 12:56:14 [info     ] Downloaded 4000000 results     [cohortextractor.tpp_backend] 
2021-03-26T12:56:32.535559200Z 2021-03-26 12:56:32 [info     ] Downloaded 5000000 results     [cohortextractor.tpp_backend] 
2021-03-26T12:56:50.014735400Z 2021-03-26 12:56:50 [info     ] Downloaded 6000000 results     [cohortextractor.tpp_backend] 
2021-03-26T12:57:06.075889500Z 2021-03-26 12:57:06 [info     ] Downloaded 7000000 results     [cohortextractor.tpp_backend] 
2021-03-26T12:57:22.486546800Z 2021-03-26 12:57:22 [info     ] Downloaded 8000000 results     [cohortextractor.tpp_backend] 
2021-03-26T12:57:37.652119200Z 2021-03-26 12:57:37 [info     ] Downloaded 9000000 results     [cohortextractor.tpp_backend] 
2021-03-26T12:57:53.882045400Z 2021-03-26 12:57:53 [info     ] Downloaded 10000000 results    [cohortextractor.tpp_backend] 
2021-03-26T12:58:09.710209300Z 2021-03-26 12:58:09 [info     ] Downloaded 11000000 results    [cohortextractor.tpp_backend] 
2021-03-26T12:58:23.753348600Z 2021-03-26 12:58:23 [info     ] Downloaded 12000000 results    [cohortextractor.tpp_backend] 
2021-03-26T12:58:37.277878500Z 2021-03-26 12:58:37 [info     ] Downloaded 13000000 results    [cohortextractor.tpp_backend] 
2021-03-26T12:58:52.716268900Z 2021-03-26 12:58:52 [info     ] Downloaded 14000000 results    [cohortextractor.tpp_backend] 
2021-03-26T12:59:13.027475000Z 2021-03-26 12:59:13 [info     ] Downloaded 15000000 results    [cohortextractor.tpp_backend] 
2021-03-26T12:59:27.642105000Z 2021-03-26 12:59:27 [info     ] Downloaded 16000000 results    [cohortextractor.tpp_backend] 
2021-03-26T12:59:44.155696600Z 2021-03-26 12:59:44 [info     ] Downloaded 17000000 results    [cohortextractor.tpp_backend] 
2021-03-26T13:00:02.522060000Z 2021-03-26 13:00:02 [info     ] Downloaded 18000000 results    [cohortextractor.tpp_backend] 
2021-03-26T13:00:19.264703300Z 2021-03-26 13:00:19 [info     ] Downloaded 19000000 results    [cohortextractor.tpp_backend] 
2021-03-26T13:00:35.637211800Z 2021-03-26 13:00:35 [info     ] Downloaded 20000000 results    [cohortextractor.tpp_backend] 
2021-03-26T13:00:54.752852600Z 2021-03-26 13:00:54 [info     ] Downloaded 21000000 results    [cohortextractor.tpp_backend] 
2021-03-26T13:01:10.373832800Z 2021-03-26 13:01:10 [info     ] Downloaded 22000000 results    [cohortextractor.tpp_backend] 
2021-03-26T13:01:25.178367900Z 2021-03-26 13:01:25 [info     ] Downloaded 23000000 results    [cohortextractor.tpp_backend] 
2021-03-26T13:01:39.898767300Z 2021-03-26 13:01:39 [info     ] Downloaded 24000000 results    [cohortextractor.tpp_backend] 
2021-03-26T13:01:54.567693600Z 2021-03-26 13:01:54 [info     ] Downloaded 25000000 results    [cohortextractor.tpp_backend] 
2021-03-26T13:02:10.454750500Z 2021-03-26 13:02:10 [info     ] Downloaded 26000000 results    [cohortextractor.tpp_backend] 
2021-03-26T13:02:27.735075700Z 2021-03-26 13:02:27 [info     ] Downloaded 27000000 results    [cohortextractor.tpp_backend] 
2021-03-26T13:02:47.301129400Z 2021-03-26 13:02:47 [info     ] Downloaded 28000000 results    [cohortextractor.tpp_backend] 
2021-03-26T13:03:04.072987300Z 2021-03-26 13:03:04 [info     ] Downloaded 29000000 results    [cohortextractor.tpp_backend] 
2021-03-26T13:03:19.399403500Z 2021-03-26 13:03:19 [info     ] Downloaded 30000000 results    [cohortextractor.tpp_backend] 
2021-03-26T13:03:36.769521900Z 2021-03-26 13:03:36 [info     ] Downloaded 31000000 results    [cohortextractor.tpp_backend] 
2021-03-26T13:03:40.354180400Z 2021-03-26 13:03:40 [info     ] Downloaded 31237456 results    [cohortextractor.tpp_backend] 
2021-03-26T13:03:40.354258600Z 2021-03-26 13:03:40 [info     ] Running: Deleting 'OPENCoronaTempTables..DataExtract_92b1ba1ea27cd033447635896f6cea29c827d8b8' [cohortextractor.tpp_backend] 
2021-03-26T13:03:42.407877800Z 2021-03-26 13:03:42 [info     ] Successfully created cohort and covariates at output/input_over80s_flow_chart.csv [cohortextractor.cohortextractor] 


state: succeeded
commit: 4d87f26dff1d4b407efa42a98b59c922736ef01a
docker_image_id: sha256:1dcaf8e3df9bbc3810e17fc27094632d70997ef961e1929e81108622502d8034
exit_code: 0
job_id: akkopfbuk62o5zoo
run_by_user: acagreen17
created_at: 2021-03-26T11:37:51Z
started_at: 2021-03-26T11:59:09Z
completed_at: 2021-03-26T13:03:47Z

Completed successfully

outputs:
  output/input_over80s_flow_chart.csv  - highly_sensitive