2021-03-11T21:50:08.490152500Z -- Attaching packages --------------------------------------- tidyverse 1.3.0 --
2021-03-11T21:50:08.499724800Z v ggplot2 3.3.2     v purrr   0.3.4
2021-03-11T21:50:08.499794200Z v tibble  3.0.3     v dplyr   1.0.2
2021-03-11T21:50:08.499802100Z v tidyr   1.1.2     v stringr 1.4.0
2021-03-11T21:50:08.499809400Z v readr   1.3.1     v forcats 0.5.0
2021-03-11T21:50:08.672499700Z -- Conflicts ------------------------------------------ tidyverse_conflicts() --
2021-03-11T21:50:08.672546000Z x dplyr::filter() masks stats::filter()
2021-03-11T21:50:08.672554200Z x dplyr::lag()    masks stats::lag()
2021-03-11T21:50:10.868826900Z 
2021-03-11T21:50:10.868894500Z Attaching package: 'lubridate'
2021-03-11T21:50:10.868902600Z 
2021-03-11T21:50:10.870475700Z The following objects are masked from 'package:base':
2021-03-11T21:50:10.870496900Z 
2021-03-11T21:50:10.870505500Z     date, intersect, setdiff, union
2021-03-11T21:50:10.870512500Z 
2021-03-11T21:50:11.217582000Z <environment: R_GlobalEnv>
2021-03-11T21:50:11.218105600Z <environment: R_GlobalEnv>
2021-03-11T21:51:03.362989100Z data_pt data size = 20639627 
2021-03-11T21:51:03.364060500Z   memory usage = 5.366 GB 
2021-03-11T21:51:29.003549500Z   ipwvaxpfizer1 
2021-03-11T22:36:39.028012000Z ipwvaxpfizer1_fxd 
2021-03-11T23:21:28.688194900Z ipwvaxaz1 
2021-03-11T23:40:52.396297000Z ipwvaxaz1_fxd 


state: failed
commit: 9b3a15915a99dd736982594579835af554e19d07
docker_image_id: sha256:c7cb8c47c64952beb4dc7e1b4b0edaf95b0fa5cc1af3f796e073e4190413ec9e
exit_code: 137
job_id: j723azaj7a7id3xo
run_by_user: wjchulme
created_at: 2021-03-11T21:39:12Z
started_at: 2021-03-11T21:50:05Z
completed_at: 2021-03-11T23:50:05Z

Job exited with an error code

outputs:
  output/in70s/postest/az/all/strata_vector.rds  - moderately_sensitive