2021-03-03T21:52:21.884372700Z -- Attaching packages --------------------------------------- tidyverse 1.3.0 --
2021-03-03T21:52:21.892873400Z v ggplot2 3.3.2     v purrr   0.3.4
2021-03-03T21:52:21.892894900Z v tibble  3.0.3     v dplyr   1.0.2
2021-03-03T21:52:21.892902800Z v tidyr   1.1.2     v stringr 1.4.0
2021-03-03T21:52:21.892909800Z v readr   1.3.1     v forcats 0.5.0
2021-03-03T21:52:22.093069100Z -- Conflicts ------------------------------------------ tidyverse_conflicts() --
2021-03-03T21:52:22.093120400Z x dplyr::filter() masks stats::filter()
2021-03-03T21:52:22.093128200Z x dplyr::lag()    masks stats::lag()
2021-03-03T21:52:23.975781900Z 
2021-03-03T21:52:23.975824500Z Attaching package: 'lubridate'
2021-03-03T21:52:23.975832900Z 
2021-03-03T21:52:23.977377800Z The following objects are masked from 'package:base':
2021-03-03T21:52:23.977414700Z 
2021-03-03T21:52:23.977423200Z     date, intersect, setdiff, union
2021-03-03T21:52:23.977430400Z 
2021-03-03T21:52:24.312247800Z <environment: R_GlobalEnv>
2021-03-03T21:53:27.415050200Z ipwvax1 
2021-03-03T21:54:39.308380900Z MODEL INFO:
2021-03-03T21:54:39.308447600Z Observations: 7435094
2021-03-03T21:54:39.308457100Z Dependent Variable: 
2021-03-03T21:54:39.308465000Z Type: Generalized linear model
2021-03-03T21:54:39.308472800Z   Family: binomial 
2021-03-03T21:54:39.308480400Z   Link function: logit 
2021-03-03T21:54:39.308488000Z 
2021-03-03T21:54:39.310240300Z MODEL FIT:
2021-03-03T21:54:39.310262000Z <U+03C7><U+00B2>(10) = 104057.56, p = 0.00
2021-03-03T21:54:39.310271700Z Pseudo-R<U+00B2> (Cragg-Uhler) = 
2021-03-03T21:54:39.310279700Z Pseudo-R<U+00B2> (McFadden) = 0.06
2021-03-03T21:54:39.310287400Z AIC = 1595368.92, BIC = 1595520.96 
2021-03-03T21:54:39.310294900Z 
2021-03-03T21:54:39.310606200Z Standard errors: MLE
2021-03-03T21:54:39.361849200Z ---------------------------------------------------------------
2021-03-03T21:54:39.361931200Z                                     Est.   S.E.   z val.      p
2021-03-03T21:54:39.361940100Z ------------------------------- -------- ------ -------- ------
2021-03-03T21:54:39.361947900Z (Intercept)                       -18.34   0.86   -21.29   0.00
2021-03-03T21:54:39.361955400Z age                                 0.31   0.02    15.45   0.00
2021-03-03T21:54:39.361963000Z I(age  age)                        -0.00   0.00   -16.56   0.00
2021-03-03T21:54:39.361970600Z sexMale                             0.06   0.00    12.75   0.00
2021-03-03T21:54:39.361978100Z imd2                                0.12   0.01    13.31   0.00
2021-03-03T21:54:39.361985500Z imd3                                0.20   0.01    23.31   0.00
2021-03-03T21:54:39.362022200Z imd4                                0.27   0.01    31.74   0.00
2021-03-03T21:54:39.362030100Z imd5 most deprived                  0.32   0.01    37.48   0.00
2021-03-03T21:54:39.362037000Z ns(tstop, knots = knots)1           5.03   0.02   248.03   0.00
2021-03-03T21:54:39.362044300Z ns(tstop, knots = knots)2           1.73   0.01   158.82   0.00
2021-03-03T21:54:39.362051300Z hospital_status                     0.06   0.02     2.75   0.01
2021-03-03T21:54:39.362058200Z ---------------------------------------------------------------
2021-03-03T21:54:39.362065100Z ipwvax2 
2021-03-03T21:55:37.260320300Z MODEL INFO:
2021-03-03T21:55:37.260375700Z Observations: 5032859
2021-03-03T21:55:37.260385000Z Dependent Variable: 
2021-03-03T21:55:37.260451100Z Type: Generalized linear model
2021-03-03T21:55:37.260472000Z   Family: binomial 
2021-03-03T21:55:37.260481100Z   Link function: logit 
2021-03-03T21:55:37.260488500Z 
2021-03-03T21:55:37.262472600Z MODEL FIT:
2021-03-03T21:55:37.262487500Z <U+03C7><U+00B2>(10) = 97778.92, p = 0.00
2021-03-03T21:55:37.262498000Z Pseudo-R<U+00B2> (Cragg-Uhler) = 
2021-03-03T21:55:37.262505900Z Pseudo-R<U+00B2> (McFadden) = 0.31
2021-03-03T21:55:37.262513800Z AIC = 214390.98, BIC = 214538.72 
2021-03-03T21:55:37.262521400Z 
2021-03-03T21:55:37.262717100Z Standard errors: MLE
2021-03-03T21:55:37.308041800Z ----------------------------------------------------------------
2021-03-03T21:55:37.308058800Z                                     Est.   S.E.    z val.      p
2021-03-03T21:55:37.308066900Z ------------------------------- -------- ------ --------- ------
2021-03-03T21:55:37.308074800Z (Intercept)                       -34.76   2.58    -13.45   0.00
2021-03-03T21:55:37.308082500Z age                                 0.03   0.06      0.47   0.64
2021-03-03T21:55:37.308090300Z I(age  age)                        -0.00   0.00     -0.55   0.58
2021-03-03T21:55:37.308098000Z sexMale                             0.04   0.01      3.18   0.00
2021-03-03T21:55:37.308106200Z imd2                               -0.03   0.02     -1.42   0.16
2021-03-03T21:55:37.308113600Z imd3                               -0.01   0.02     -0.35   0.72
2021-03-03T21:55:37.308121600Z imd4                               -0.13   0.02     -5.77   0.00
2021-03-03T21:55:37.308129200Z imd5 most deprived                 -0.22   0.02     -9.56   0.00
2021-03-03T21:55:37.308136900Z ns(tstop, knots = knots)1          44.75   0.42    106.81   0.00
2021-03-03T21:55:37.308144400Z ns(tstop, knots = knots)2         -36.75   0.30   -120.67   0.00
2021-03-03T21:55:37.308152100Z hospital_status                     0.86   0.07     11.93   0.00
2021-03-03T21:55:37.308216100Z ----------------------------------------------------------------
2021-03-03T21:55:37.308226000Z ipwvax1_fxd 
2021-03-03T21:58:26.945429000Z MODEL INFO:
2021-03-03T21:58:26.945529400Z Observations: 7435094
2021-03-03T21:58:26.945538400Z Dependent Variable: 
2021-03-03T21:58:26.945551000Z Type: Generalized linear model
2021-03-03T21:58:26.945558800Z   Family: binomial 
2021-03-03T21:58:26.945566100Z   Link function: logit 
2021-03-03T21:58:26.945573300Z 
2021-03-03T21:58:26.947302000Z MODEL FIT:
2021-03-03T21:58:26.947324400Z <U+03C7><U+00B2>(33) = 111707.88, p = 0.00
2021-03-03T21:58:26.947334300Z Pseudo-R<U+00B2> (Cragg-Uhler) = 
2021-03-03T21:58:26.947341900Z Pseudo-R<U+00B2> (McFadden) = 0.07
2021-03-03T21:58:26.947349500Z AIC = 1587764.61, BIC = 1588234.55 
2021-03-03T21:58:26.947356900Z 
2021-03-03T21:58:26.947565700Z Standard errors: MLE
2021-03-03T21:58:27.065364300Z ---------------------------------------------------------------
2021-03-03T21:58:27.065443100Z                                     Est.   S.E.   z val.      p
2021-03-03T21:58:27.065452000Z ------------------------------- -------- ------ -------- ------
2021-03-03T21:58:27.065459400Z (Intercept)                       -18.19   0.86   -21.09   0.00
2021-03-03T21:58:27.065466900Z age                                 0.31   0.02    15.71   0.00
2021-03-03T21:58:27.065474300Z I(age  age)                        -0.00   0.00   -16.82   0.00
2021-03-03T21:58:27.065481800Z sexMale                             0.06   0.00    13.13   0.00
2021-03-03T21:58:27.065489000Z imd2                                0.15   0.01    16.85   0.00
2021-03-03T21:58:27.065496500Z imd3                                0.23   0.01    26.87   0.00
2021-03-03T21:58:27.065503900Z imd4                                0.29   0.01    34.09   0.00
2021-03-03T21:58:27.065511100Z imd5 most deprived                  0.34   0.01    39.14   0.00
2021-03-03T21:58:27.065518500Z ns(tstop, knots = knots)1           4.10   0.04   108.65   0.00
2021-03-03T21:58:27.065525600Z ns(tstop, knots = knots)2           1.95   0.02    93.91   0.00
2021-03-03T21:58:27.065533000Z regionEast Midlands                -1.86   0.04   -47.65   0.00
2021-03-03T21:58:27.065540500Z regionLondon                       -1.43   0.07   -20.11   0.00
2021-03-03T21:58:27.065547900Z regionNorth East                   -0.50   0.05    -9.71   0.00
2021-03-03T21:58:27.065555000Z regionNorth West                   -0.35   0.04    -9.46   0.00
2021-03-03T21:58:27.065562400Z regionSouth East                   -0.56   0.04   -13.57   0.00
2021-03-03T21:58:27.065569600Z regionSouth West                   -0.48   0.03   -16.02   0.00
2021-03-03T21:58:27.065576800Z regionWest Midlands                 0.29   0.05     6.06   0.00
2021-03-03T21:58:27.065615000Z regionYorkshire and The             0.18   0.03     6.10   0.00
2021-03-03T21:58:27.065622500Z Humber                                                         
2021-03-03T21:58:27.065629200Z ns(tstop, knots =                   3.74   0.08    48.30   0.00
2021-03-03T21:58:27.065635800Z knots)1:regionEast Midlands                                    
2021-03-03T21:58:27.065643000Z ns(tstop, knots =                   0.35   0.03    10.21   0.00
2021-03-03T21:58:27.065649600Z knots)2:regionEast Midlands                                    
2021-03-03T21:58:27.065656200Z ns(tstop, knots =                   2.17   0.14    15.26   0.00
2021-03-03T21:58:27.065662700Z knots)1:regionLondon                                           
2021-03-03T21:58:27.065669300Z ns(tstop, knots =                  -1.44   0.07   -21.80   0.00
2021-03-03T21:58:27.065675900Z knots)2:regionLondon                                           
2021-03-03T21:58:27.065682500Z ns(tstop, knots =                   1.33   0.10    12.72   0.00
2021-03-03T21:58:27.065689100Z knots)1:regionNorth East                                       
2021-03-03T21:58:27.065697600Z ns(tstop, knots =                  -0.56   0.06    -9.59   0.00
2021-03-03T21:58:27.065704400Z knots)2:regionNorth East                                       
2021-03-03T21:58:27.065711000Z ns(tstop, knots =                   1.20   0.08    15.68   0.00
2021-03-03T21:58:27.065717700Z knots)1:regionNorth West                                       
2021-03-03T21:58:27.065724300Z ns(tstop, knots =                  -0.41   0.05    -8.99   0.00
2021-03-03T21:58:27.065731000Z knots)2:regionNorth West                                       
2021-03-03T21:58:27.065737500Z ns(tstop, knots =                   1.12   0.08    13.34   0.00
2021-03-03T21:58:27.065744200Z knots)1:regionSouth East                                       
2021-03-03T21:58:27.065750900Z ns(tstop, knots =                  -0.08   0.04    -1.87   0.06
2021-03-03T21:58:27.065757600Z knots)2:regionSouth East                                       
2021-03-03T21:58:27.065764300Z ns(tstop, knots =                   1.22   0.06    19.79   0.00
2021-03-03T21:58:27.065771000Z knots)1:regionSouth West                                       
2021-03-03T21:58:27.065777700Z ns(tstop, knots =                   0.19   0.03     5.79   0.00
2021-03-03T21:58:27.065784700Z knots)2:regionSouth West                                       
2021-03-03T21:58:27.065791500Z ns(tstop, knots =                  -0.62   0.10    -6.19   0.00
2021-03-03T21:58:27.065798100Z knots)1:regionWest Midlands                                    
2021-03-03T21:58:27.065804900Z ns(tstop, knots =                  -1.13   0.06   -18.57   0.00
2021-03-03T21:58:27.065811600Z knots)2:regionWest Midlands                                    
2021-03-03T21:58:27.065818300Z ns(tstop, knots =                  -0.09   0.06    -1.44   0.15
2021-03-03T21:58:27.065831800Z knots)1:regionYorkshire and                                    
2021-03-03T21:58:27.065839000Z The Humber                                                     
2021-03-03T21:58:27.065845900Z ns(tstop, knots =                  -0.69   0.04   -18.17   0.00
2021-03-03T21:58:27.065852500Z knots)2:regionYorkshire and                                    
2021-03-03T21:58:27.065859300Z The Humber                                                     
2021-03-03T21:58:27.065866000Z ---------------------------------------------------------------
2021-03-03T21:58:27.065872800Z ipwvax2_fxd 
2021-03-03T22:01:24.544954800Z MODEL INFO:
2021-03-03T22:01:24.545047300Z Observations: 5032859
2021-03-03T22:01:24.545056200Z Dependent Variable: 
2021-03-03T22:01:24.545063700Z Type: Generalized linear model
2021-03-03T22:01:24.545071000Z   Family: binomial 
2021-03-03T22:01:24.545078400Z   Link function: logit 
2021-03-03T22:01:24.545085700Z 
2021-03-03T22:01:24.546814900Z MODEL FIT:
2021-03-03T22:01:24.546835100Z <U+03C7><U+00B2>(33) = 106277.56, p = 0.00
2021-03-03T22:01:24.546843800Z Pseudo-R<U+00B2> (Cragg-Uhler) = 
2021-03-03T22:01:24.546851200Z Pseudo-R<U+00B2> (McFadden) = 0.34
2021-03-03T22:01:24.546858700Z AIC = 205938.34, BIC = 206395.01 
2021-03-03T22:01:24.546865900Z 
2021-03-03T22:01:24.547057800Z Standard errors: MLE
2021-03-03T22:01:24.655422000Z ----------------------------------------------------------------
2021-03-03T22:01:24.655487000Z                                      Est.   S.E.   z val.      p
2021-03-03T22:01:24.655494800Z ------------------------------- --------- ------ -------- ------
2021-03-03T22:01:24.655502100Z (Intercept)                        -29.09   2.63   -11.05   0.00
2021-03-03T22:01:24.655509400Z age                                  0.03   0.06     0.48   0.63
2021-03-03T22:01:24.655516800Z I(age  age)                         -0.00   0.00    -0.55   0.58
2021-03-03T22:01:24.655524100Z sexMale                              0.05   0.01     3.53   0.00
2021-03-03T22:01:24.655531500Z imd2                                -0.03   0.02    -1.06   0.29
2021-03-03T22:01:24.655539200Z imd3                                -0.01   0.02    -0.33   0.74
2021-03-03T22:01:24.655546600Z imd4                                -0.08   0.02    -3.38   0.00
2021-03-03T22:01:24.655553900Z imd5 most deprived                  -0.18   0.02    -7.81   0.00
2021-03-03T22:01:24.655561300Z ns(tstop, knots = knots)1           36.64   0.62    58.96   0.00
2021-03-03T22:01:24.655568800Z ns(tstop, knots = knots)2          -30.51   0.47   -65.24   0.00
2021-03-03T22:01:24.655576300Z regionEast Midlands                  3.86   0.84     4.58   0.00
2021-03-03T22:01:24.655620800Z regionLondon                         3.18   1.18     2.70   0.01
2021-03-03T22:01:24.655628500Z regionNorth East                    17.28   0.57    30.33   0.00
2021-03-03T22:01:24.655635200Z regionNorth West                   -32.25   1.61   -19.98   0.00
2021-03-03T22:01:24.655642100Z regionSouth East                   -32.46   1.76   -18.42   0.00
2021-03-03T22:01:24.655648800Z regionSouth West                   -17.88   1.02   -17.58   0.00
2021-03-03T22:01:24.655655700Z regionWest Midlands               -119.75   4.78   -25.06   0.00
2021-03-03T22:01:24.655662400Z regionYorkshire and The            -16.84   0.99   -17.01   0.00
2021-03-03T22:01:24.655669200Z Humber                                                          
2021-03-03T22:01:24.655675900Z ns(tstop, knots =                   -8.61   1.33    -6.48   0.00
2021-03-03T22:01:24.655685700Z knots)1:regionEast Midlands                                     
2021-03-03T22:01:24.655692500Z ns(tstop, knots =                    2.15   0.97     2.21   0.03
2021-03-03T22:01:24.655699300Z knots)2:regionEast Midlands                                     
2021-03-03T22:01:24.655706000Z ns(tstop, knots =                   -3.67   1.94    -1.89   0.06
2021-03-03T22:01:24.655712800Z knots)1:regionLondon                                            
2021-03-03T22:01:24.655719500Z ns(tstop, knots =                    9.17   1.06     8.64   0.00
2021-03-03T22:01:24.655726300Z knots)2:regionLondon                                            
2021-03-03T22:01:24.655733000Z ns(tstop, knots =                  -27.73   0.94   -29.37   0.00
2021-03-03T22:01:24.655741700Z knots)1:regionNorth East                                        
2021-03-03T22:01:24.655748800Z ns(tstop, knots =                   20.47   0.65    31.41   0.00
2021-03-03T22:01:24.655755600Z knots)2:regionNorth East                                        
2021-03-03T22:01:24.655762400Z ns(tstop, knots =                   48.24   2.46    19.58   0.00
2021-03-03T22:01:24.655769200Z knots)1:regionNorth West                                        
2021-03-03T22:01:24.655775900Z ns(tstop, knots =                  -33.59   1.78   -18.83   0.00
2021-03-03T22:01:24.655782800Z knots)2:regionNorth West                                        
2021-03-03T22:01:24.655789500Z ns(tstop, knots =                   48.23   2.67    18.05   0.00
2021-03-03T22:01:24.655796300Z knots)1:regionSouth East                                        
2021-03-03T22:01:24.655803000Z ns(tstop, knots =                  -36.30   2.01   -18.09   0.00
2021-03-03T22:01:24.655809900Z knots)2:regionSouth East                                        
2021-03-03T22:01:24.655816600Z ns(tstop, knots =                   25.63   1.56    16.47   0.00
2021-03-03T22:01:24.655823500Z knots)1:regionSouth West                                        
2021-03-03T22:01:24.655830200Z ns(tstop, knots =                  -21.14   1.18   -17.96   0.00
2021-03-03T22:01:24.655844900Z knots)2:regionSouth West                                        
2021-03-03T22:01:24.655852100Z ns(tstop, knots =                  187.09   7.32    25.56   0.00
2021-03-03T22:01:24.655859000Z knots)1:regionWest Midlands                                     
2021-03-03T22:01:24.655865700Z ns(tstop, knots =                 -106.31   4.72   -22.52   0.00
2021-03-03T22:01:24.655872500Z knots)2:regionWest Midlands                                     
2021-03-03T22:01:24.655879200Z ns(tstop, knots =                   25.11   1.52    16.48   0.00
2021-03-03T22:01:24.655886000Z knots)1:regionYorkshire and                                     
2021-03-03T22:01:24.655892700Z The Humber                                                      
2021-03-03T22:01:24.655899500Z ns(tstop, knots =                  -17.34   1.13   -15.40   0.00
2021-03-03T22:01:24.655906200Z knots)2:regionYorkshire and                                     
2021-03-03T22:01:24.655913100Z The Humber                                                      
2021-03-03T22:01:24.655919800Z ----------------------------------------------------------------
2021-03-03T22:10:29.927124300Z Saving 7 x 7 in image
2021-03-03T22:10:40.987544700Z `stat_bin()` using `bins = 30`. Pick better value with `binwidth`.
2021-03-03T22:13:00.898031400Z msmmod0 
2021-03-03T22:15:12.857329900Z MODEL INFO:
2021-03-03T22:15:12.857427300Z Observations: 13560419
2021-03-03T22:15:12.857436700Z Dependent Variable: 
2021-03-03T22:15:12.857444300Z Type: Generalized linear model
2021-03-03T22:15:12.857451600Z   Family: binomial 
2021-03-03T22:15:12.857459000Z   Link function: logit 
2021-03-03T22:15:12.857466500Z 
2021-03-03T22:15:12.859120400Z MODEL FIT:
2021-03-03T22:15:12.859689000Z <U+03C7><U+00B2>(10) = 1388.03, p = 0.00
2021-03-03T22:15:12.859705600Z Pseudo-R<U+00B2> (Cragg-Uhler) = 
2021-03-03T22:15:12.859713600Z Pseudo-R<U+00B2> (McFadden) = 0.02
2021-03-03T22:15:12.859720900Z AIC = 78382.63, BIC = 78541.28 
2021-03-03T22:15:12.859728300Z 
2021-03-03T22:15:12.859893100Z Standard errors: MLE
2021-03-03T22:15:12.906135200Z --------------------------------------------------------------
2021-03-03T22:15:12.906153000Z                                   Est.   S.E.    z val.      p
2021-03-03T22:15:12.906161000Z ------------------------------ ------- ------ --------- ------
2021-03-03T22:15:12.906168300Z (Intercept)                      -7.65   0.02   -454.82   0.00
2021-03-03T22:15:12.906175700Z timesincevax_pwDose 1            -1.47   0.15     -9.67   0.00
2021-03-03T22:15:12.906183100Z (0,3]                                                         
2021-03-03T22:15:12.906190400Z timesincevax_pwDose 1            -0.95   0.10     -9.30   0.00
2021-03-03T22:15:12.906230100Z (3,7]                                                         
2021-03-03T22:15:12.906237500Z timesincevax_pwDose 1            -0.75   0.07    -10.56   0.00
2021-03-03T22:15:12.906244300Z (7,14]                                                        
2021-03-03T22:15:12.906250900Z timesincevax_pwDose 1            -0.81   0.07    -11.05   0.00
2021-03-03T22:15:12.906257700Z (14,21]                                                       
2021-03-03T22:15:12.906264300Z timesincevax_pwDose 1 (21,       -1.41   0.06    -21.95   0.00
2021-03-03T22:15:12.906271100Z Inf]                                                          
2021-03-03T22:15:12.906277800Z timesincevax_pwDose 2            -2.17   0.50     -4.35   0.00
2021-03-03T22:15:12.906284500Z (0,3]                                                         
2021-03-03T22:15:12.906291200Z timesincevax_pwDose 2            -1.21   0.27     -4.50   0.00
2021-03-03T22:15:12.906298000Z (3,7]                                                         
2021-03-03T22:15:12.906304700Z timesincevax_pwDose 2            -1.69   0.26     -6.54   0.00
2021-03-03T22:15:12.906311500Z (7,14]                                                        
2021-03-03T22:15:12.906318100Z timesincevax_pwDose 2            -2.00   0.30     -6.62   0.00
2021-03-03T22:15:12.906324900Z (14,21]                                                       
2021-03-03T22:15:12.906331700Z timesincevax_pwDose 2 (21,       -2.25   0.19    -12.07   0.00
2021-03-03T22:15:12.906338500Z Inf]                                                          
2021-03-03T22:15:12.906345200Z --------------------------------------------------------------
2021-03-03T22:15:12.906352100Z msmmod1 
2021-03-03T22:17:46.821982800Z MODEL INFO:
2021-03-03T22:17:46.822041600Z Observations: 13560419
2021-03-03T22:17:46.822050400Z Dependent Variable: 
2021-03-03T22:17:46.822118200Z Type: Generalized linear model
2021-03-03T22:17:46.822143100Z   Family: binomial 
2021-03-03T22:17:46.822152000Z   Link function: logit 
2021-03-03T22:17:46.822160200Z 
2021-03-03T22:17:46.824208300Z MODEL FIT:
2021-03-03T22:17:46.824224200Z <U+03C7><U+00B2>(17) = 1868.97, p = 0.00
2021-03-03T22:17:46.824233300Z Pseudo-R<U+00B2> (Cragg-Uhler) = 
2021-03-03T22:17:46.824241000Z Pseudo-R<U+00B2> (McFadden) = 0.02
2021-03-03T22:17:46.824248700Z AIC = 77915.69, BIC = 78175.30 
2021-03-03T22:17:46.824256100Z 
2021-03-03T22:17:46.824466600Z Standard errors: MLE
2021-03-03T22:17:46.900172100Z --------------------------------------------------------------
2021-03-03T22:17:46.900190200Z                                    Est.   S.E.   z val.      p
2021-03-03T22:17:46.900198600Z ------------------------------ -------- ------ -------- ------
2021-03-03T22:17:46.900233200Z (Intercept)                      -23.48   4.48    -5.24   0.00
2021-03-03T22:17:46.900241000Z age                                0.30   0.10     2.96   0.00
2021-03-03T22:17:46.900247900Z I(age  age)                       -0.00   0.00    -2.30   0.02
2021-03-03T22:17:46.900254700Z sexMale                            0.03   0.03     1.10   0.27
2021-03-03T22:17:46.900261500Z imd2                              -0.15   0.05    -2.89   0.00
2021-03-03T22:17:46.900268700Z imd3                              -0.24   0.05    -4.94   0.00
2021-03-03T22:17:46.900278000Z imd4                              -0.34   0.05    -6.99   0.00
2021-03-03T22:17:46.900285100Z imd5 most deprived                -0.38   0.05    -7.68   0.00
2021-03-03T22:17:46.900292000Z timesincevax_pwDose 1             -1.41   0.15    -9.31   0.00
2021-03-03T22:17:46.900298900Z (0,3]                                                         
2021-03-03T22:17:46.900305700Z timesincevax_pwDose 1             -0.90   0.10    -8.77   0.00
2021-03-03T22:17:46.900312500Z (3,7]                                                         
2021-03-03T22:17:46.900319500Z timesincevax_pwDose 1             -0.70   0.07    -9.79   0.00
2021-03-03T22:17:46.900326200Z (7,14]                                                        
2021-03-03T22:17:46.900333000Z timesincevax_pwDose 1             -0.76   0.07   -10.29   0.00
2021-03-03T22:17:46.900339900Z (14,21]                                                       
2021-03-03T22:17:46.900346700Z timesincevax_pwDose 1 (21,        -1.36   0.06   -21.06   0.00
2021-03-03T22:17:46.900353600Z Inf]                                                          
2021-03-03T22:17:46.900360300Z timesincevax_pwDose 2             -2.13   0.50    -4.26   0.00
2021-03-03T22:17:46.900367000Z (0,3]                                                         
2021-03-03T22:17:46.900373900Z timesincevax_pwDose 2             -1.16   0.27    -4.34   0.00
2021-03-03T22:17:46.900380600Z (3,7]                                                         
2021-03-03T22:17:46.900387300Z timesincevax_pwDose 2             -1.65   0.26    -6.38   0.00
2021-03-03T22:17:46.900394200Z (7,14]                                                        
2021-03-03T22:17:46.900400900Z timesincevax_pwDose 2             -1.96   0.30    -6.48   0.00
2021-03-03T22:17:46.900407700Z (14,21]                                                       
2021-03-03T22:17:46.900414700Z timesincevax_pwDose 2 (21,        -2.21   0.19   -11.83   0.00
2021-03-03T22:17:46.900421200Z Inf]                                                          
2021-03-03T22:17:46.900427800Z --------------------------------------------------------------
2021-03-03T22:17:46.900437500Z msmmod2 
2021-03-03T22:25:22.307363600Z MODEL INFO:
2021-03-03T22:25:22.307411500Z Observations: 13560419
2021-03-03T22:25:22.307444900Z Dependent Variable: 
2021-03-03T22:25:22.307456100Z Type: Generalized linear model
2021-03-03T22:25:22.307463000Z   Family: binomial 
2021-03-03T22:25:22.307469600Z   Link function: logit 
2021-03-03T22:25:22.307476100Z 
2021-03-03T22:25:22.309281800Z MODEL FIT:
2021-03-03T22:25:22.309305700Z <U+03C7><U+00B2>(32) = 2628.78, p = 0.00
2021-03-03T22:25:22.309314800Z Pseudo-R<U+00B2> (Cragg-Uhler) = 
2021-03-03T22:25:22.309321600Z Pseudo-R<U+00B2> (McFadden) = 0.03
2021-03-03T22:25:22.309328500Z AIC = 77185.88, BIC = 77661.83 
2021-03-03T22:25:22.309335000Z 
2021-03-03T22:25:22.309475800Z Standard errors: MLE
2021-03-03T22:25:22.410737800Z -----------------------------------------------------------------------
2021-03-03T22:25:22.410754700Z                                             Est.   S.E.   z val.      p
2021-03-03T22:25:22.410762100Z --------------------------------------- -------- ------ -------- ------
2021-03-03T22:25:22.410768800Z (Intercept)                               -17.49   4.52    -3.87   0.00
2021-03-03T22:25:22.410776000Z age                                         0.16   0.10     1.59   0.11
2021-03-03T22:25:22.410782800Z I(age  age)                                -0.00   0.00    -1.00   0.32
2021-03-03T22:25:22.410789700Z sexMale                                    -0.01   0.03    -0.38   0.70
2021-03-03T22:25:22.410796600Z imd2                                       -0.12   0.05    -2.47   0.01
2021-03-03T22:25:22.410803200Z imd3                                       -0.20   0.05    -4.19   0.00
2021-03-03T22:25:22.410810000Z imd4                                       -0.30   0.05    -6.12   0.00
2021-03-03T22:25:22.410816600Z imd5 most deprived                         -0.33   0.05    -6.55   0.00
2021-03-03T22:25:22.410823400Z chronic_cardiac_diseaseTRUE                 0.33   0.03    10.56   0.00
2021-03-03T22:25:22.410830100Z current_copdTRUE                            0.32   0.04     7.39   0.00
2021-03-03T22:25:22.410836900Z dementiaTRUE                                0.90   0.04    23.48   0.00
2021-03-03T22:25:22.410843500Z dialysisTRUE                                1.10   0.22     5.03   0.00
2021-03-03T22:25:22.410850300Z solid_organ_transplantationTRUE            -0.09   0.59    -0.15   0.88
2021-03-03T22:25:22.410856900Z chemo_or_radioTRUE                          0.07   0.08     0.79   0.43
2021-03-03T22:25:22.410864000Z sickle_cell_diseaseTRUE                     0.98   1.00     0.98   0.33
2021-03-03T22:25:22.410870700Z permanant_immunosuppressionTRUE            -0.63   0.71    -0.89   0.38
2021-03-03T22:25:22.410877500Z temporary_immunosuppressionTRUE             0.31   0.19     1.63   0.10
2021-03-03T22:25:22.410884100Z aspleniaTRUE                                0.44   0.25     1.76   0.08
2021-03-03T22:25:22.410891000Z intel_dis_incl_downs_syndromeTRUE           0.79   0.24     3.22   0.00
2021-03-03T22:25:22.410907700Z psychosis_schiz_bipolarTRUE                 0.74   0.11     6.57   0.00
2021-03-03T22:25:22.410914900Z lung_cancerTRUE                             0.11   0.17     0.64   0.52
2021-03-03T22:25:22.410921800Z cancer_excl_lung_and_haemTRUE               0.14   0.04     3.68   0.00
2021-03-03T22:25:22.410930500Z haematological_cancerTRUE                   0.36   0.10     3.71   0.00
2021-03-03T22:25:22.410937200Z timesincevax_pwDose 1                      -1.38   0.15    -9.12   0.00
2021-03-03T22:25:22.410943800Z (0,3]                                                                  
2021-03-03T22:25:22.410951400Z timesincevax_pwDose 1                      -0.87   0.10    -8.47   0.00
2021-03-03T22:25:22.410958200Z (3,7]                                                                  
2021-03-03T22:25:22.410964800Z timesincevax_pwDose 1                      -0.67   0.07    -9.36   0.00
2021-03-03T22:25:22.410971500Z (7,14]                                                                 
2021-03-03T22:25:22.410978100Z timesincevax_pwDose 1                      -0.73   0.07    -9.87   0.00
2021-03-03T22:25:22.410984800Z (14,21]                                                                
2021-03-03T22:25:22.410991700Z timesincevax_pwDose 1 (21,                 -1.33   0.06   -20.63   0.00
2021-03-03T22:25:22.410998500Z Inf]                                                                   
2021-03-03T22:25:22.411005200Z timesincevax_pwDose 2                      -2.10   0.50    -4.19   0.00
2021-03-03T22:25:22.411011900Z (0,3]                                                                  
2021-03-03T22:25:22.411018700Z timesincevax_pwDose 2                      -1.13   0.27    -4.21   0.00
2021-03-03T22:25:22.411025300Z (3,7]                                                                  
2021-03-03T22:25:22.411032000Z timesincevax_pwDose 2                      -1.61   0.26    -6.24   0.00
2021-03-03T22:25:22.411038700Z (7,14]                                                                 
2021-03-03T22:25:22.411045400Z timesincevax_pwDose 2                      -1.92   0.30    -6.36   0.00
2021-03-03T22:25:22.411052000Z (14,21]                                                                
2021-03-03T22:25:22.411059000Z timesincevax_pwDose 2 (21,                 -2.17   0.19   -11.64   0.00
2021-03-03T22:25:22.411065600Z Inf]                                                                   
2021-03-03T22:25:22.411072400Z -----------------------------------------------------------------------
2021-03-03T22:25:22.411079100Z msmmod3 
2021-03-03T22:42:24.827572300Z MODEL INFO:
2021-03-03T22:42:24.827630300Z Observations: 13560419
2021-03-03T22:42:24.827639200Z Dependent Variable: 
2021-03-03T22:42:24.827646600Z Type: Generalized linear model
2021-03-03T22:42:24.827653700Z   Family: binomial 
2021-03-03T22:42:24.827691100Z   Link function: logit 
2021-03-03T22:42:24.827698700Z 
2021-03-03T22:42:24.829297100Z MODEL FIT:
2021-03-03T22:42:24.829318200Z <U+03C7><U+00B2>(58) = 3601.24, p = 0.00
2021-03-03T22:42:24.829328100Z Pseudo-R<U+00B2> (Cragg-Uhler) = 
2021-03-03T22:42:24.829335400Z Pseudo-R<U+00B2> (McFadden) = 0.05
2021-03-03T22:42:24.829343300Z AIC = 76265.42, BIC = 77116.36 
2021-03-03T22:42:24.829350200Z 
2021-03-03T22:42:24.829672000Z Standard errors: MLE
2021-03-03T22:42:25.000698500Z -----------------------------------------------------------------------
2021-03-03T22:42:25.000719200Z                                             Est.   S.E.   z val.      p
2021-03-03T22:42:25.000727600Z --------------------------------------- -------- ------ -------- ------
2021-03-03T22:42:25.000734600Z (Intercept)                               -18.90   4.51    -4.19   0.00
2021-03-03T22:42:25.000741500Z age                                         0.18   0.10     1.76   0.08
2021-03-03T22:42:25.000748400Z I(age  age)                                -0.00   0.00    -1.20   0.23
2021-03-03T22:42:25.000755000Z sexMale                                    -0.01   0.03    -0.19   0.85
2021-03-03T22:42:25.000762000Z imd2                                       -0.12   0.05    -2.32   0.02
2021-03-03T22:42:25.000768700Z imd3                                       -0.18   0.05    -3.64   0.00
2021-03-03T22:42:25.000775500Z imd4                                       -0.25   0.05    -4.98   0.00
2021-03-03T22:42:25.000782100Z imd5 most deprived                         -0.28   0.05    -5.38   0.00
2021-03-03T22:42:25.000788900Z ns(tstop, knots = knots)1                   2.21   0.19    11.48   0.00
2021-03-03T22:42:25.000795700Z ns(tstop, knots = knots)2                  -0.44   0.14    -3.04   0.00
2021-03-03T22:42:25.000802500Z regionEast Midlands                        -0.33   0.15    -2.20   0.03
2021-03-03T22:42:25.000809200Z regionLondon                               -0.45   0.26    -1.76   0.08
2021-03-03T22:42:25.000816000Z regionNorth East                            0.21   0.22     0.94   0.34
2021-03-03T22:42:25.000823000Z regionNorth West                           -0.27   0.20    -1.37   0.17
2021-03-03T22:42:25.000829800Z regionSouth East                           -0.65   0.22    -3.01   0.00
2021-03-03T22:42:25.000836500Z regionSouth West                           -1.14   0.19    -5.91   0.00
2021-03-03T22:42:25.000843400Z regionWest Midlands                         0.09   0.23     0.39   0.70
2021-03-03T22:42:25.000850100Z regionYorkshire and The                    -0.57   0.19    -3.04   0.00
2021-03-03T22:42:25.000857200Z Humber                                                                 
2021-03-03T22:42:25.000863800Z chronic_cardiac_diseaseTRUE                 0.35   0.03    11.13   0.00
2021-03-03T22:42:25.000882100Z current_copdTRUE                            0.33   0.04     7.61   0.00
2021-03-03T22:42:25.000889700Z dementiaTRUE                                0.89   0.04    23.03   0.00
2021-03-03T22:42:25.000896500Z dialysisTRUE                                1.09   0.22     5.02   0.00
2021-03-03T22:42:25.000903200Z solid_organ_transplantationTRUE            -0.10   0.59    -0.17   0.87
2021-03-03T22:42:25.000909900Z chemo_or_radioTRUE                          0.08   0.08     0.96   0.34
2021-03-03T22:42:25.000917500Z sickle_cell_diseaseTRUE                     0.78   1.00     0.78   0.43
2021-03-03T22:42:25.000924400Z permanant_immunosuppressionTRUE            -0.65   0.71    -0.92   0.36
2021-03-03T22:42:25.000931000Z temporary_immunosuppressionTRUE             0.34   0.19     1.80   0.07
2021-03-03T22:42:25.000937800Z aspleniaTRUE                                0.45   0.25     1.78   0.08
2021-03-03T22:42:25.000944400Z intel_dis_incl_downs_syndromeTRUE           0.80   0.24     3.30   0.00
2021-03-03T22:42:25.000951200Z psychosis_schiz_bipolarTRUE                 0.72   0.11     6.32   0.00
2021-03-03T22:42:25.000958300Z lung_cancerTRUE                             0.13   0.17     0.76   0.45
2021-03-03T22:42:25.000965100Z cancer_excl_lung_and_haemTRUE               0.15   0.04     3.83   0.00
2021-03-03T22:42:25.000971700Z haematological_cancerTRUE                   0.37   0.10     3.77   0.00
2021-03-03T22:42:25.000978300Z timesincevax_pwDose 1                      -1.57   0.15   -10.36   0.00
2021-03-03T22:42:25.000985000Z (0,3]                                                                  
2021-03-03T22:42:25.000991800Z timesincevax_pwDose 1                      -1.09   0.10   -10.55   0.00
2021-03-03T22:42:25.000998300Z (3,7]                                                                  
2021-03-03T22:42:25.001032900Z timesincevax_pwDose 1                      -0.90   0.07   -12.44   0.00
2021-03-03T22:42:25.001043300Z (7,14]                                                                 
2021-03-03T22:42:25.001050300Z timesincevax_pwDose 1                      -0.95   0.08   -12.42   0.00
2021-03-03T22:42:25.001057100Z (14,21]                                                                
2021-03-03T22:42:25.001063800Z timesincevax_pwDose 1 (21,                 -1.36   0.08   -17.28   0.00
2021-03-03T22:42:25.001071400Z Inf]                                                                   
2021-03-03T22:42:25.001078300Z timesincevax_pwDose 2                      -2.47   0.50    -4.93   0.00
2021-03-03T22:42:25.001085100Z (0,3]                                                                  
2021-03-03T22:42:25.001092000Z timesincevax_pwDose 2                      -1.52   0.27    -5.68   0.00
2021-03-03T22:42:25.001098700Z (3,7]                                                                  
2021-03-03T22:42:25.001105500Z timesincevax_pwDose 2                      -2.01   0.26    -7.74   0.00
2021-03-03T22:42:25.001112200Z (7,14]                                                                 
2021-03-03T22:42:25.001128300Z timesincevax_pwDose 2                      -2.25   0.30    -7.44   0.00
2021-03-03T22:42:25.001135600Z (14,21]                                                                
2021-03-03T22:42:25.001142400Z timesincevax_pwDose 2 (21,                 -2.21   0.19   -11.42   0.00
2021-03-03T22:42:25.001149800Z Inf]                                                                   
2021-03-03T22:42:25.001156500Z ns(tstop, knots =                           0.37   0.32     1.17   0.24
2021-03-03T22:42:25.001163200Z knots)1:regionEast Midlands                                            
2021-03-03T22:42:25.001169900Z ns(tstop, knots =                           0.86   0.20     4.37   0.00
2021-03-03T22:42:25.001176900Z knots)2:regionEast Midlands                                            
2021-03-03T22:42:25.001183600Z ns(tstop, knots =                           1.05   0.53     1.99   0.05
2021-03-03T22:42:25.001190200Z knots)1:regionLondon                                                   
2021-03-03T22:42:25.001196900Z ns(tstop, knots =                          -0.46   0.35    -1.30   0.19
2021-03-03T22:42:25.001203600Z knots)2:regionLondon                                                   
2021-03-03T22:42:25.001210200Z ns(tstop, knots =                          -1.39   0.50    -2.78   0.01
2021-03-03T22:42:25.001216900Z knots)1:regionNorth East                                               
2021-03-03T22:42:25.001223600Z ns(tstop, knots =                           0.49   0.35     1.39   0.16
2021-03-03T22:42:25.001230200Z knots)2:regionNorth East                                               
2021-03-03T22:42:25.001236900Z ns(tstop, knots =                          -0.16   0.42    -0.38   0.70
2021-03-03T22:42:25.001243600Z knots)1:regionNorth West                                               
2021-03-03T22:42:25.001250200Z ns(tstop, knots =                           0.79   0.27     2.90   0.00
2021-03-03T22:42:25.001256900Z knots)2:regionNorth West                                               
2021-03-03T22:42:25.001263500Z ns(tstop, knots =                           1.01   0.45     2.22   0.03
2021-03-03T22:42:25.001270100Z knots)1:regionSouth East                                               
2021-03-03T22:42:25.001276800Z ns(tstop, knots =                           0.23   0.29     0.81   0.42
2021-03-03T22:42:25.001283500Z knots)2:regionSouth East                                               
2021-03-03T22:42:25.001290100Z ns(tstop, knots =                           0.99   0.40     2.47   0.01
2021-03-03T22:42:25.001296800Z knots)1:regionSouth West                                               
2021-03-03T22:42:25.001303500Z ns(tstop, knots =                           0.34   0.26     1.34   0.18
2021-03-03T22:42:25.001310100Z knots)2:regionSouth West                                               
2021-03-03T22:42:25.001316800Z ns(tstop, knots =                           0.33   0.49     0.68   0.50
2021-03-03T22:42:25.001329900Z knots)1:regionWest Midlands                                            
2021-03-03T22:42:25.001337200Z ns(tstop, knots =                           0.64   0.30     2.17   0.03
2021-03-03T22:42:25.001343800Z knots)2:regionWest Midlands                                            
2021-03-03T22:42:25.001351200Z ns(tstop, knots =                           0.13   0.40     0.32   0.75
2021-03-03T22:42:25.001358000Z knots)1:regionYorkshire and                                            
2021-03-03T22:42:25.001364700Z The Humber                                                             
2021-03-03T22:42:25.001371400Z ns(tstop, knots =                           1.17   0.24     4.96   0.00
2021-03-03T22:42:25.001378100Z knots)2:regionYorkshire and                                            
2021-03-03T22:42:25.001384800Z The Humber                                                             
2021-03-03T22:42:25.001391500Z -----------------------------------------------------------------------
2021-03-03T22:42:25.001398100Z msmmod4 
2021-03-03T22:56:15.518777600Z MODEL INFO:
2021-03-03T22:56:15.518823500Z Observations: 13560419
2021-03-03T22:56:15.518832800Z Dependent Variable: 
2021-03-03T22:56:15.518887100Z Type: Generalized linear model
2021-03-03T22:56:15.518909200Z   Family: binomial 
2021-03-03T22:56:15.518918000Z   Link function: logit 
2021-03-03T22:56:15.518925900Z 
2021-03-03T22:56:15.520636600Z MODEL FIT:
2021-03-03T22:56:15.520650800Z <U+03C7><U+00B2>(58) = 3674.19, p = 0.00
2021-03-03T22:56:15.520659700Z Pseudo-R<U+00B2> (Cragg-Uhler) = 
2021-03-03T22:56:15.520667500Z Pseudo-R<U+00B2> (McFadden) = 0.05
2021-03-03T22:56:15.520675200Z AIC = 76438.37, BIC = 77289.31 
2021-03-03T22:56:15.520682900Z 
2021-03-03T22:56:15.520896600Z Standard errors: MLE
2021-03-03T22:56:15.705180800Z -----------------------------------------------------------------------
2021-03-03T22:56:15.705218100Z                                             Est.   S.E.   z val.      p
2021-03-03T22:56:15.705227200Z --------------------------------------- -------- ------ -------- ------
2021-03-03T22:56:15.705235100Z (Intercept)                               -18.69   4.48    -4.17   0.00
2021-03-03T22:56:15.705243000Z age                                         0.18   0.10     1.73   0.08
2021-03-03T22:56:15.705251100Z I(age  age)                                -0.00   0.00    -1.16   0.25
2021-03-03T22:56:15.705259200Z sexMale                                    -0.01   0.03    -0.36   0.72
2021-03-03T22:56:15.705267100Z imd2                                       -0.13   0.05    -2.49   0.01
2021-03-03T22:56:15.705275000Z imd3                                       -0.18   0.05    -3.60   0.00
2021-03-03T22:56:15.705295700Z imd4                                       -0.25   0.05    -5.02   0.00
2021-03-03T22:56:15.705303900Z imd5 most deprived                         -0.27   0.05    -5.33   0.00
2021-03-03T22:56:15.705310900Z ns(tstop, knots = knots)1                   2.20   0.19    11.48   0.00
2021-03-03T22:56:15.705318100Z ns(tstop, knots = knots)2                  -0.43   0.14    -3.04   0.00
2021-03-03T22:56:15.705325200Z regionEast Midlands                        -0.36   0.15    -2.42   0.02
2021-03-03T22:56:15.705332400Z regionLondon                               -0.50   0.25    -2.00   0.05
2021-03-03T22:56:15.705339400Z regionNorth East                            0.22   0.22     0.98   0.33
2021-03-03T22:56:15.705346600Z regionNorth West                           -0.27   0.20    -1.36   0.17
2021-03-03T22:56:15.705353600Z regionSouth East                           -0.65   0.22    -3.01   0.00
2021-03-03T22:56:15.705360800Z regionSouth West                           -1.13   0.19    -5.88   0.00
2021-03-03T22:56:15.705367800Z regionWest Midlands                         0.08   0.23     0.34   0.73
2021-03-03T22:56:15.705375100Z regionYorkshire and The                    -0.56   0.19    -2.95   0.00
2021-03-03T22:56:15.705382200Z Humber                                                                 
2021-03-03T22:56:15.705389400Z chronic_cardiac_diseaseTRUE                 0.35   0.03    11.33   0.00
2021-03-03T22:56:15.705396400Z current_copdTRUE                            0.34   0.04     7.80   0.00
2021-03-03T22:56:15.705403600Z dementiaTRUE                                0.89   0.04    23.36   0.00
2021-03-03T22:56:15.705410700Z dialysisTRUE                                1.10   0.22     5.07   0.00
2021-03-03T22:56:15.705417900Z solid_organ_transplantationTRUE            -0.12   0.59    -0.21   0.83
2021-03-03T22:56:15.705424900Z chemo_or_radioTRUE                          0.07   0.08     0.88   0.38
2021-03-03T22:56:15.705433700Z sickle_cell_diseaseTRUE                     0.67   1.04     0.64   0.52
2021-03-03T22:56:15.705440900Z permanant_immunosuppressionTRUE            -0.70   0.72    -0.98   0.33
2021-03-03T22:56:15.705448100Z temporary_immunosuppressionTRUE             0.34   0.19     1.81   0.07
2021-03-03T22:56:15.705455000Z aspleniaTRUE                                0.44   0.25     1.73   0.08
2021-03-03T22:56:15.705462200Z intel_dis_incl_downs_syndromeTRUE           0.83   0.24     3.48   0.00
2021-03-03T22:56:15.705469300Z psychosis_schiz_bipolarTRUE                 0.71   0.11     6.34   0.00
2021-03-03T22:56:15.705476400Z lung_cancerTRUE                             0.07   0.17     0.43   0.67
2021-03-03T22:56:15.705483300Z cancer_excl_lung_and_haemTRUE               0.15   0.04     3.81   0.00
2021-03-03T22:56:15.705490500Z haematological_cancerTRUE                   0.35   0.10     3.63   0.00
2021-03-03T22:56:15.705497400Z timesincevax_pwDose 1                      -1.61   0.15   -10.52   0.00
2021-03-03T22:56:15.705504600Z (0,3]                                                                  
2021-03-03T22:56:15.705518500Z timesincevax_pwDose 1                      -1.09   0.10   -10.66   0.00
2021-03-03T22:56:15.705526200Z (3,7]                                                                  
2021-03-03T22:56:15.705533200Z timesincevax_pwDose 1                      -0.90   0.07   -12.53   0.00
2021-03-03T22:56:15.705540400Z (7,14]                                                                 
2021-03-03T22:56:15.705547300Z timesincevax_pwDose 1                      -0.94   0.08   -12.43   0.00
2021-03-03T22:56:15.705554500Z (14,21]                                                                
2021-03-03T22:56:15.705561500Z timesincevax_pwDose 1 (21,                 -1.37   0.08   -17.23   0.00
2021-03-03T22:56:15.705568700Z Inf]                                                                   
2021-03-03T22:56:15.705575700Z timesincevax_pwDose 2                      -2.37   0.49    -4.85   0.00
2021-03-03T22:56:15.705582900Z (0,3]                                                                  
2021-03-03T22:56:15.705589800Z timesincevax_pwDose 2                      -1.51   0.27    -5.53   0.00
2021-03-03T22:56:15.705597000Z (3,7]                                                                  
2021-03-03T22:56:15.705603900Z timesincevax_pwDose 2                      -2.00   0.26    -7.56   0.00
2021-03-03T22:56:15.705611100Z (7,14]                                                                 
2021-03-03T22:56:15.705618000Z timesincevax_pwDose 2                      -2.25   0.31    -7.26   0.00
2021-03-03T22:56:15.705625200Z (14,21]                                                                
2021-03-03T22:56:15.705632200Z timesincevax_pwDose 2 (21,                 -2.20   0.20   -11.15   0.00
2021-03-03T22:56:15.705639800Z Inf]                                                                   
2021-03-03T22:56:15.705647000Z ns(tstop, knots =                           0.45   0.32     1.42   0.16
2021-03-03T22:56:15.705654100Z knots)1:regionEast Midlands                                            
2021-03-03T22:56:15.705661100Z ns(tstop, knots =                           0.84   0.19     4.38   0.00
2021-03-03T22:56:15.705670700Z knots)2:regionEast Midlands                                            
2021-03-03T22:56:15.705677900Z ns(tstop, knots =                           1.11   0.52     2.13   0.03
2021-03-03T22:56:15.705684900Z knots)1:regionLondon                                                   
2021-03-03T22:56:15.705691900Z ns(tstop, knots =                          -0.69   0.30    -2.28   0.02
2021-03-03T22:56:15.705698900Z knots)2:regionLondon                                                   
2021-03-03T22:56:15.705705900Z ns(tstop, knots =                          -1.44   0.51    -2.84   0.00
2021-03-03T22:56:15.705712900Z knots)1:regionNorth East                                               
2021-03-03T22:56:15.705719900Z ns(tstop, knots =                           0.45   0.36     1.24   0.22
2021-03-03T22:56:15.705733100Z knots)2:regionNorth East                                               
2021-03-03T22:56:15.705740700Z ns(tstop, knots =                          -0.14   0.43    -0.33   0.74
2021-03-03T22:56:15.705747800Z knots)1:regionNorth West                                               
2021-03-03T22:56:15.705754900Z ns(tstop, knots =                           0.83   0.29     2.88   0.00
2021-03-03T22:56:15.705761900Z knots)2:regionNorth West                                               
2021-03-03T22:56:15.705769100Z ns(tstop, knots =                           1.01   0.45     2.24   0.02
2021-03-03T22:56:15.705776000Z knots)1:regionSouth East                                               
2021-03-03T22:56:15.705783200Z ns(tstop, knots =                           0.25   0.28     0.91   0.37
2021-03-03T22:56:15.705790200Z knots)2:regionSouth East                                               
2021-03-03T22:56:15.705797300Z ns(tstop, knots =                           0.98   0.40     2.45   0.01
2021-03-03T22:56:15.705804400Z knots)1:regionSouth West                                               
2021-03-03T22:56:15.705811400Z ns(tstop, knots =                           0.36   0.26     1.40   0.16
2021-03-03T22:56:15.705818500Z knots)2:regionSouth West                                               
2021-03-03T22:56:15.705825600Z ns(tstop, knots =                           0.31   0.50     0.63   0.53
2021-03-03T22:56:15.705832700Z knots)1:regionWest Midlands                                            
2021-03-03T22:56:15.705839700Z ns(tstop, knots =                           0.47   0.30     1.55   0.12
2021-03-03T22:56:15.705846800Z knots)2:regionWest Midlands                                            
2021-03-03T22:56:15.705854400Z ns(tstop, knots =                           0.10   0.41     0.24   0.81
2021-03-03T22:56:15.705861700Z knots)1:regionYorkshire and                                            
2021-03-03T22:56:15.705868700Z The Humber                                                             
2021-03-03T22:56:15.705875700Z ns(tstop, knots =                           1.13   0.24     4.65   0.00
2021-03-03T22:56:15.705882700Z knots)2:regionYorkshire and                                            
2021-03-03T22:56:15.705889800Z The Humber                                                             
2021-03-03T22:56:15.705896800Z -----------------------------------------------------------------------
2021-03-03T22:56:15.705903800Z msmmod5 
2021-03-03T23:04:12.183312000Z MODEL INFO:
2021-03-03T23:04:12.183362900Z Observations: 13560419
2021-03-03T23:04:12.183372100Z Dependent Variable: 
2021-03-03T23:04:12.183440400Z Type: Generalized linear model
2021-03-03T23:04:12.183462300Z   Family: binomial 
2021-03-03T23:04:12.183471300Z   Link function: logit 
2021-03-03T23:04:12.183479200Z 
2021-03-03T23:04:12.185447800Z MODEL FIT:
2021-03-03T23:04:12.185466300Z <U+03C7><U+00B2>(36) = 2453.39, p = 0.00
2021-03-03T23:04:12.185475500Z Pseudo-R<U+00B2> (Cragg-Uhler) = 
2021-03-03T23:04:12.185482700Z Pseudo-R<U+00B2> (McFadden) = 0.03
2021-03-03T23:04:12.185489800Z AIC = 77599.58, BIC = 78133.22 
2021-03-03T23:04:12.185496600Z 
2021-03-03T23:04:12.185683900Z Standard errors: MLE
2021-03-03T23:04:12.332851600Z --------------------------------------------------------------
2021-03-03T23:04:12.332894900Z                                    Est.   S.E.   z val.      p
2021-03-03T23:04:12.332903200Z ------------------------------- ------- ------ -------- ------
2021-03-03T23:04:12.332910200Z (Intercept)                       -8.37   0.09   -92.65   0.00
2021-03-03T23:04:12.332917200Z ns(tstop, knots = knots)1          2.27   0.19    11.83   0.00
2021-03-03T23:04:12.332924200Z ns(tstop, knots = knots)2         -0.35   0.14    -2.49   0.01
2021-03-03T23:04:12.332931100Z regionEast Midlands               -0.35   0.15    -2.36   0.02
2021-03-03T23:04:12.332938100Z regionLondon                      -0.43   0.25    -1.72   0.09
2021-03-03T23:04:12.332944800Z regionNorth East                   0.30   0.22     1.32   0.19
2021-03-03T23:04:12.332951600Z regionNorth West                  -0.23   0.20    -1.17   0.24
2021-03-03T23:04:12.332958200Z regionSouth East                  -0.64   0.22    -2.96   0.00
2021-03-03T23:04:12.332965100Z regionSouth West                  -1.13   0.19    -5.89   0.00
2021-03-03T23:04:12.332971800Z regionWest Midlands                0.14   0.23     0.59   0.56
2021-03-03T23:04:12.332978700Z regionYorkshire and The           -0.52   0.19    -2.76   0.01
2021-03-03T23:04:12.332985400Z Humber                                                        
2021-03-03T23:04:12.332992200Z timesincevax_pwDose 1             -1.70   0.15   -11.13   0.00
2021-03-03T23:04:12.332998900Z (0,3]                                                         
2021-03-03T23:04:12.333005700Z timesincevax_pwDose 1             -1.18   0.10   -11.61   0.00
2021-03-03T23:04:12.333012500Z (3,7]                                                         
2021-03-03T23:04:12.333019400Z timesincevax_pwDose 1             -1.01   0.07   -13.97   0.00
2021-03-03T23:04:12.333026200Z (7,14]                                                        
2021-03-03T23:04:12.333033100Z timesincevax_pwDose 1             -1.05   0.08   -13.88   0.00
2021-03-03T23:04:12.333041900Z (14,21]                                                       
2021-03-03T23:04:12.333048900Z timesincevax_pwDose 1 (21,        -1.50   0.08   -18.81   0.00
2021-03-03T23:04:12.333055800Z Inf]                                                          
2021-03-03T23:04:12.333062700Z timesincevax_pwDose 2             -2.46   0.49    -5.04   0.00
2021-03-03T23:04:12.333080300Z (0,3]                                                         
2021-03-03T23:04:12.333087700Z timesincevax_pwDose 2             -1.60   0.27    -5.88   0.00
2021-03-03T23:04:12.333094500Z (3,7]                                                         
2021-03-03T23:04:12.333101200Z timesincevax_pwDose 2             -2.10   0.26    -7.95   0.00
2021-03-03T23:04:12.333108100Z (7,14]                                                        
2021-03-03T23:04:12.333115000Z timesincevax_pwDose 2             -2.36   0.31    -7.61   0.00
2021-03-03T23:04:12.333123700Z (14,21]                                                       
2021-03-03T23:04:12.333130700Z timesincevax_pwDose 2 (21,        -2.33   0.20   -11.82   0.00
2021-03-03T23:04:12.333137400Z Inf]                                                          
2021-03-03T23:04:12.333144100Z ns(tstop, knots =                  0.47   0.32     1.50   0.13
2021-03-03T23:04:12.333150800Z knots)1:regionEast Midlands                                   
2021-03-03T23:04:12.333157900Z ns(tstop, knots =                  0.87   0.19     4.55   0.00
2021-03-03T23:04:12.333164500Z knots)2:regionEast Midlands                                   
2021-03-03T23:04:12.333171300Z ns(tstop, knots =                  1.08   0.52     2.07   0.04
2021-03-03T23:04:12.333177900Z knots)1:regionLondon                                          
2021-03-03T23:04:12.333184700Z ns(tstop, knots =                 -0.86   0.30    -2.84   0.00
2021-03-03T23:04:12.333191400Z knots)2:regionLondon                                          
2021-03-03T23:04:12.333198200Z ns(tstop, knots =                 -1.38   0.51    -2.71   0.01
2021-03-03T23:04:12.333204800Z knots)1:regionNorth East                                      
2021-03-03T23:04:12.333211800Z ns(tstop, knots =                  0.46   0.36     1.26   0.21
2021-03-03T23:04:12.333218700Z knots)2:regionNorth East                                      
2021-03-03T23:04:12.333225700Z ns(tstop, knots =                 -0.10   0.43    -0.23   0.82
2021-03-03T23:04:12.333232500Z knots)1:regionNorth West                                      
2021-03-03T23:04:12.333239300Z ns(tstop, knots =                  0.84   0.28     2.96   0.00
2021-03-03T23:04:12.333246200Z knots)2:regionNorth West                                      
2021-03-03T23:04:12.333253200Z ns(tstop, knots =                  1.00   0.45     2.23   0.03
2021-03-03T23:04:12.333259800Z knots)1:regionSouth East                                      
2021-03-03T23:04:12.333266900Z ns(tstop, knots =                  0.27   0.28     0.95   0.34
2021-03-03T23:04:12.333273600Z knots)2:regionSouth East                                      
2021-03-03T23:04:12.333280600Z ns(tstop, knots =                  1.00   0.40     2.49   0.01
2021-03-03T23:04:12.333287200Z knots)1:regionSouth West                                      
2021-03-03T23:04:12.333300900Z ns(tstop, knots =                  0.38   0.26     1.48   0.14
2021-03-03T23:04:12.333308200Z knots)2:regionSouth West                                      
2021-03-03T23:04:12.333315100Z ns(tstop, knots =                  0.37   0.50     0.75   0.45
2021-03-03T23:04:12.333321700Z knots)1:regionWest Midlands                                   
2021-03-03T23:04:12.333328700Z ns(tstop, knots =                  0.45   0.30     1.51   0.13
2021-03-03T23:04:12.333335400Z knots)2:regionWest Midlands                                   
2021-03-03T23:04:12.333342300Z ns(tstop, knots =                  0.15   0.41     0.37   0.71
2021-03-03T23:04:12.333349100Z knots)1:regionYorkshire and                                   
2021-03-03T23:04:12.333357000Z The Humber                                                    
2021-03-03T23:04:12.333363800Z ns(tstop, knots =                  1.14   0.24     4.71   0.00
2021-03-03T23:04:12.333370900Z knots)2:regionYorkshire and                                   
2021-03-03T23:04:12.333377500Z The Humber                                                    
2021-03-03T23:04:12.333384200Z --------------------------------------------------------------


state: succeeded
commit: 09bbcadb848bed6a055f0c05d8bd3c2fa6b619b9
docker_image_id: sha256:c7cb8c47c64952beb4dc7e1b4b0edaf95b0fa5cc1af3f796e073e4190413ec9e
exit_code: 0
job_id: 7q5f6fcpgb56p2o3
run_by_user: wjchulme
created_at: 2021-03-03T21:52:08Z
started_at: 2021-03-03T21:52:19Z
completed_at: 2021-03-03T23:31:53Z

Completed successfully

outputs:
  output/over80s/postest/pfizer/models/data_weights.rds       - highly_sensitive    
  output/over80s/postest/pfizer/models/histogram_weights.svg  - moderately_sensitive
  output/over80s/postest/pfizer/models/model0.rds             - highly_sensitive    
  output/over80s/postest/pfizer/models/model1.rds             - highly_sensitive    
  output/over80s/postest/pfizer/models/model2.rds             - highly_sensitive    
  output/over80s/postest/pfizer/models/model3.rds             - highly_sensitive    
  output/over80s/postest/pfizer/models/model4.rds             - highly_sensitive    
  output/over80s/postest/pfizer/models/model5.rds             - highly_sensitive    
  output/over80s/postest/pfizer/models/model_vax1.rds         - highly_sensitive    
  output/over80s/postest/pfizer/models/model_vax1_fxd.rds     - highly_sensitive    
  output/over80s/postest/pfizer/models/model_vax2.rds         - highly_sensitive    
  output/over80s/postest/pfizer/models/model_vax2_fxd.rds     - highly_sensitive    
  output/over80s/postest/pfizer/models/weights.txt            - moderately_sensitive