2021-05-15T01:20:54.757909900Z -- Attaching packages --------------------------------------- tidyverse 1.3.0 --
2021-05-15T01:20:54.766533700Z v ggplot2 3.3.2     v purrr   0.3.4
2021-05-15T01:20:54.766562300Z v tibble  3.0.3     v dplyr   1.0.2
2021-05-15T01:20:54.766571000Z v tidyr   1.1.2     v stringr 1.4.0
2021-05-15T01:20:54.766578200Z v readr   1.3.1     v forcats 0.5.0
2021-05-15T01:20:54.929148100Z -- Conflicts ------------------------------------------ tidyverse_conflicts() --
2021-05-15T01:20:54.929170900Z x dplyr::filter() masks stats::filter()
2021-05-15T01:20:54.929179400Z x dplyr::lag()    masks stats::lag()
2021-05-15T01:20:54.942406700Z 
2021-05-15T01:20:54.942431600Z Attaching package: 'glue'
2021-05-15T01:20:54.942440100Z 
2021-05-15T01:20:54.943788700Z The following object is masked from 'package:dplyr':
2021-05-15T01:20:54.943806700Z 
2021-05-15T01:20:54.943814700Z     collapse
2021-05-15T01:20:54.943821700Z 
2021-05-15T01:20:56.975891600Z 
2021-05-15T01:20:56.975924600Z Attaching package: 'lubridate'
2021-05-15T01:20:56.975933300Z 
2021-05-15T01:20:56.976469900Z The following objects are masked from 'package:base':
2021-05-15T01:20:56.976490400Z 
2021-05-15T01:20:56.976499200Z     date, intersect, setdiff, union
2021-05-15T01:20:56.976506300Z 
2021-05-15T01:20:57.299618400Z <environment: R_GlobalEnv>
2021-05-15T01:20:57.300136700Z <environment: R_GlobalEnv>
2021-05-15T01:23:07.979682700Z data_pt data size = 7868678 
2021-05-15T01:23:07.981989900Z   memory usage = 3.652 GB 
2021-05-15T01:23:08.557000300Z     
2021-05-15T01:23:08.557024200Z all   
2021-05-15T01:23:08.557033000Z   
2021-05-15T01:23:26.633565800Z   
2021-05-15T01:28:40.850666300Z vaxany1  vaxany1 data size = 4071121 
2021-05-15T01:28:47.127509300Z memory usage = 3.682 GB 
2021-05-15T01:28:47.127581900Z   
2021-05-15T01:31:57.025069300Z vaxany1_fxd  vaxany1_fxd data size = 4071121 
2021-05-15T01:32:03.386647600Z memory usage = 3.682 GB 
2021-05-15T01:35:46.411396400Z Saving 7 x 7 in image
2021-05-15T01:35:49.653940100Z `stat_bin()` using `bins = 30`. Pick better value with `binwidth`.
2021-05-15T01:35:54.578023900Z   
2021-05-15T01:35:54.578380300Z data_weights data size = 7868678   
2021-05-15T01:35:54.578982200Z memory usage = 1.322 GB   
2021-05-15T01:36:19.878089300Z   
2021-05-15T01:36:19.878173300Z msmmod1 
2021-05-15T01:41:11.304420700Z MODEL INFO:
2021-05-15T01:41:11.304520900Z Observations: 7868678
2021-05-15T01:41:11.304530500Z Dependent Variable: 
2021-05-15T01:41:11.304576600Z Type: Generalized linear model
2021-05-15T01:41:11.304584800Z   Family: binomial 
2021-05-15T01:41:11.304591900Z   Link function: logit 
2021-05-15T01:41:11.304599600Z 
2021-05-15T01:41:11.306549400Z MODEL FIT:
2021-05-15T01:41:11.306677200Z <U+03C7><U+00B2>(50) = 28594.672, p = 0.000
2021-05-15T01:41:11.306693000Z Pseudo-R<U+00B2> (Cragg-Uhler) = 
2021-05-15T01:41:11.306700800Z Pseudo-R<U+00B2> (McFadden) = 0.100
2021-05-15T01:41:11.306708200Z AIC = 258060.075, BIC = 258767.873 
2021-05-15T01:41:11.306715200Z 
2021-05-15T01:41:11.307402500Z Standard errors: MLE
2021-05-15T01:41:11.489985600Z -----------------------------------------------------------------
2021-05-15T01:41:11.490004900Z                                   Est.    S.E.     z val.       p
2021-05-15T01:41:11.490013000Z ----------------------------- -------- ------- ---------- -------
2021-05-15T01:41:11.490020300Z (Intercept)                     -9.337   0.082   -113.529   0.000
2021-05-15T01:41:11.490027600Z timesincevax_pw1-3              -2.145   0.080    -26.674   0.000
2021-05-15T01:41:11.490035000Z timesincevax_pw4-7              -1.878   0.058    -32.344   0.000
2021-05-15T01:41:11.490042000Z timesincevax_pw8-14             -1.796   0.041    -44.309   0.000
2021-05-15T01:41:11.490049400Z timesincevax_pw15-21            -1.806   0.039    -46.402   0.000
2021-05-15T01:41:11.490056700Z timesincevax_pw22-28            -1.878   0.040    -47.184   0.000
2021-05-15T01:41:11.490064100Z timesincevax_pw29+              -2.253   0.033    -68.504   0.000
2021-05-15T01:41:11.490071200Z ns(tstop, df = 4)1               1.496   0.088     17.023   0.000
2021-05-15T01:41:11.490078500Z ns(tstop, df = 4)2               2.436   0.085     28.517   0.000
2021-05-15T01:41:11.490085700Z ns(tstop, df = 4)3               3.071   0.197     15.612   0.000
2021-05-15T01:41:11.490093000Z ns(tstop, df = 4)4               1.869   0.081     22.951   0.000
2021-05-15T01:41:11.490100100Z regionEast Midlands              0.388   0.127      3.057   0.002
2021-05-15T01:41:11.490107400Z regionLondon                     1.463   0.227      6.455   0.000
2021-05-15T01:41:11.490114700Z regionNorth East                 0.969   0.190      5.094   0.000
2021-05-15T01:41:11.490121700Z regionNorth West                 0.615   0.174      3.526   0.000
2021-05-15T01:41:11.490129100Z regionSouth East                 1.502   0.168      8.953   0.000
2021-05-15T01:41:11.490136300Z regionSouth West                 3.227   0.128     25.252   0.000
2021-05-15T01:41:11.490143600Z regionWest Midlands              3.543   0.223     15.882   0.000
2021-05-15T01:41:11.490150800Z regionYorkshire and The         -0.705   0.140     -5.047   0.000
2021-05-15T01:41:11.490158300Z Humber                                                           
2021-05-15T01:41:11.490175400Z ns(tstop, df =                  -0.325   0.139     -2.345   0.019
2021-05-15T01:41:11.490183500Z 4)1:regionEast Midlands                                          
2021-05-15T01:41:11.490193300Z ns(tstop, df =                  -0.174   0.131     -1.324   0.186
2021-05-15T01:41:11.490200400Z 4)2:regionEast Midlands                                          
2021-05-15T01:41:11.490207500Z ns(tstop, df =                  -0.690   0.305     -2.259   0.024
2021-05-15T01:41:11.490214500Z 4)3:regionEast Midlands                                          
2021-05-15T01:41:11.490221700Z ns(tstop, df =                   0.425   0.122      3.485   0.000
2021-05-15T01:41:11.490228900Z 4)4:regionEast Midlands                                          
2021-05-15T01:41:11.490237000Z ns(tstop, df =                   0.708   0.240      2.954   0.003
2021-05-15T01:41:11.490244700Z 4)1:regionLondon                                                 
2021-05-15T01:41:11.490251700Z ns(tstop, df =                  -0.435   0.236     -1.841   0.066
2021-05-15T01:41:11.490258600Z 4)2:regionLondon                                                 
2021-05-15T01:41:11.490265800Z ns(tstop, df =                  -0.644   0.539     -1.194   0.232
2021-05-15T01:41:11.490273000Z 4)3:regionLondon                                                 
2021-05-15T01:41:11.490280200Z ns(tstop, df =                   0.057   0.225      0.254   0.800
2021-05-15T01:41:11.490287400Z 4)4:regionLondon                                                 
2021-05-15T01:41:11.490294500Z ns(tstop, df =                  -0.432   0.219     -1.972   0.049
2021-05-15T01:41:11.490301500Z 4)1:regionNorth East                                             
2021-05-15T01:41:11.490308600Z ns(tstop, df =                  -0.432   0.209     -2.070   0.038
2021-05-15T01:41:11.490315700Z 4)2:regionNorth East                                             
2021-05-15T01:41:11.490322600Z ns(tstop, df =                  -0.807   0.468     -1.725   0.084
2021-05-15T01:41:11.490329600Z 4)3:regionNorth East                                             
2021-05-15T01:41:11.490336800Z ns(tstop, df =                   0.234   0.196      1.190   0.234
2021-05-15T01:41:11.490343800Z 4)4:regionNorth East                                             
2021-05-15T01:41:11.490350800Z ns(tstop, df =                   0.207   0.186      1.114   0.265
2021-05-15T01:41:11.490357800Z 4)1:regionNorth West                                             
2021-05-15T01:41:11.490364700Z ns(tstop, df =                   0.123   0.176      0.699   0.484
2021-05-15T01:41:11.490371700Z 4)2:regionNorth West                                             
2021-05-15T01:41:11.490378700Z ns(tstop, df =                   0.637   0.414      1.536   0.124
2021-05-15T01:41:11.490385600Z 4)3:regionNorth West                                             
2021-05-15T01:41:11.490399400Z ns(tstop, df =                   0.344   0.157      2.190   0.029
2021-05-15T01:41:11.490407200Z 4)4:regionNorth West                                             
2021-05-15T01:41:11.490414200Z ns(tstop, df =                   0.114   0.185      0.616   0.538
2021-05-15T01:41:11.490421200Z 4)1:regionSouth East                                             
2021-05-15T01:41:11.490428200Z ns(tstop, df =                  -0.251   0.177     -1.416   0.157
2021-05-15T01:41:11.490435300Z 4)2:regionSouth East                                             
2021-05-15T01:41:11.490442300Z ns(tstop, df =                  -0.552   0.407     -1.358   0.174
2021-05-15T01:41:11.490449500Z 4)3:regionSouth East                                             
2021-05-15T01:41:11.490456900Z ns(tstop, df =                   0.217   0.166      1.305   0.192
2021-05-15T01:41:11.490464900Z 4)4:regionSouth East                                             
2021-05-15T01:41:11.490472500Z ns(tstop, df =                  -0.337   0.141     -2.395   0.017
2021-05-15T01:41:11.490479800Z 4)1:regionSouth West                                             
2021-05-15T01:41:11.490486900Z ns(tstop, df =                  -0.222   0.134     -1.656   0.098
2021-05-15T01:41:11.490494000Z 4)2:regionSouth West                                             
2021-05-15T01:41:11.490501100Z ns(tstop, df =                  -0.329   0.309     -1.066   0.286
2021-05-15T01:41:11.490508100Z 4)3:regionSouth West                                             
2021-05-15T01:41:11.490515700Z ns(tstop, df =                   0.459   0.125      3.664   0.000
2021-05-15T01:41:11.490523300Z 4)4:regionSouth West                                             
2021-05-15T01:41:11.490530600Z ns(tstop, df =                   0.341   0.238      1.432   0.152
2021-05-15T01:41:11.490538000Z 4)1:regionWest Midlands                                          
2021-05-15T01:41:11.490545100Z ns(tstop, df =                  -0.159   0.227     -0.701   0.483
2021-05-15T01:41:11.490552400Z 4)2:regionWest Midlands                                          
2021-05-15T01:41:11.490559600Z ns(tstop, df =                  -0.434   0.534     -0.812   0.417
2021-05-15T01:41:11.490566700Z 4)3:regionWest Midlands                                          
2021-05-15T01:41:11.490574200Z ns(tstop, df =                   0.264   0.219      1.206   0.228
2021-05-15T01:41:11.490581600Z 4)4:regionWest Midlands                                          
2021-05-15T01:41:11.490588900Z ns(tstop, df =                  -0.294   0.155     -1.891   0.059
2021-05-15T01:41:11.490596400Z 4)1:regionYorkshire and The                                      
2021-05-15T01:41:11.490604000Z Humber                                                           
2021-05-15T01:41:11.490611100Z ns(tstop, df =                  -0.237   0.146     -1.628   0.104
2021-05-15T01:41:11.490618400Z 4)2:regionYorkshire and The                                      
2021-05-15T01:41:11.490632700Z Humber                                                           
2021-05-15T01:41:11.490640500Z ns(tstop, df =                  -0.402   0.339     -1.186   0.236
2021-05-15T01:41:11.490647600Z 4)3:regionYorkshire and The                                      
2021-05-15T01:41:11.490654900Z Humber                                                           
2021-05-15T01:41:11.490662100Z ns(tstop, df =                   0.193   0.135      1.426   0.154
2021-05-15T01:41:11.490669300Z 4)4:regionYorkshire and The                                      
2021-05-15T01:41:11.490676700Z Humber                                                           
2021-05-15T01:41:11.490684000Z -----------------------------------------------------------------
2021-05-15T01:41:11.490693400Z msmmod1_par data size = 7868678 
2021-05-15T01:41:24.956767200Z memory usage = 3.368 GB 
2021-05-15T01:42:10.543055300Z   
2021-05-15T01:42:10.543147800Z msmmod2 
2021-05-15T01:53:49.870707400Z MODEL INFO:
2021-05-15T01:53:49.870781600Z Observations: 7868678
2021-05-15T01:53:49.870791000Z Dependent Variable: 
2021-05-15T01:53:49.870798700Z Type: Generalized linear model
2021-05-15T01:53:49.870806200Z   Family: binomial 
2021-05-15T01:53:49.870813700Z   Link function: logit 
2021-05-15T01:53:49.870821300Z 
2021-05-15T01:53:49.872492500Z MODEL FIT:
2021-05-15T01:53:49.872514600Z <U+03C7><U+00B2>(88) = 35721.394, p = 0.000
2021-05-15T01:53:49.872524000Z Pseudo-R<U+00B2> (Cragg-Uhler) = 
2021-05-15T01:53:49.872531700Z Pseudo-R<U+00B2> (McFadden) = 0.125
2021-05-15T01:53:49.872539400Z AIC = 251009.344, BIC = 252244.521 
2021-05-15T01:53:49.872547100Z 
2021-05-15T01:53:49.872753700Z Standard errors: MLE
2021-05-15T01:53:50.138265200Z -------------------------------------------------------------------
2021-05-15T01:53:50.138293800Z                                      Est.    S.E.    z val.       p
2021-05-15T01:53:50.138303300Z ------------------------------- --------- ------- --------- -------
2021-05-15T01:53:50.138311000Z (Intercept)                       -24.943   2.352   -10.606   0.000
2021-05-15T01:53:50.138318700Z timesincevax_pw1-3                 -2.085   0.080   -25.916   0.000
2021-05-15T01:53:50.138326300Z timesincevax_pw4-7                 -1.801   0.058   -30.981   0.000
2021-05-15T01:53:50.138334000Z timesincevax_pw8-14                -1.691   0.041   -41.607   0.000
2021-05-15T01:53:50.138341600Z timesincevax_pw15-21               -1.673   0.039   -42.758   0.000
2021-05-15T01:53:50.138349500Z timesincevax_pw22-28               -1.726   0.040   -43.011   0.000
2021-05-15T01:53:50.138357300Z timesincevax_pw29+                 -2.108   0.034   -62.815   0.000
2021-05-15T01:53:50.138385700Z poly(age, degree = 2, raw =         0.255   0.053     4.786   0.000
2021-05-15T01:53:50.138393500Z TRUE)1                                                             
2021-05-15T01:53:50.138400500Z poly(age, degree = 2, raw =        -0.001   0.000    -3.303   0.001
2021-05-15T01:53:50.138407500Z TRUE)2                                                             
2021-05-15T01:53:50.138414700Z sexMale                             0.424   0.017    25.004   0.000
2021-05-15T01:53:50.138421700Z imd2                                0.059   0.028     2.105   0.035
2021-05-15T01:53:50.138428800Z imd3                                0.109   0.028     3.943   0.000
2021-05-15T01:53:50.138435900Z imd4                                0.132   0.028     4.710   0.000
2021-05-15T01:53:50.138443200Z imd5 least deprived                 0.070   0.028     2.454   0.014
2021-05-15T01:53:50.138450500Z ethnicity_combinedBlack             0.084   0.074     1.126   0.260
2021-05-15T01:53:50.138457600Z ethnicity_combinedSouth            -0.022   0.048    -0.453   0.651
2021-05-15T01:53:50.138464500Z Asian                                                              
2021-05-15T01:53:50.138471700Z ethnicity_combinedMixed             0.269   0.134     2.012   0.044
2021-05-15T01:53:50.138478600Z ethnicity_combinedOther             0.248   0.100     2.495   0.013
2021-05-15T01:53:50.138485800Z bmiObese I (30-34.9)               -0.184   0.027    -6.887   0.000
2021-05-15T01:53:50.138493100Z bmiObese II (35-39.9)              -0.170   0.054    -3.177   0.001
2021-05-15T01:53:50.138500200Z bmiObese III (40+)                 -0.016   0.081    -0.198   0.843
2021-05-15T01:53:50.138507500Z heart_failure                       0.366   0.025    14.702   0.000
2021-05-15T01:53:50.138514700Z other_heart_disease                -0.086   0.027    -3.169   0.002
2021-05-15T01:53:50.138521700Z dialysis                            0.789   0.108     7.273   0.000
2021-05-15T01:53:50.138529900Z diabetes                           -0.039   0.033    -1.187   0.235
2021-05-15T01:53:50.138537500Z chronic_liver_disease               0.361   0.084     4.285   0.000
2021-05-15T01:53:50.138544700Z current_copd                       -0.013   0.033    -0.380   0.704
2021-05-15T01:53:50.138551600Z other_resp_conditions               0.083   0.034     2.482   0.013
2021-05-15T01:53:50.138558800Z lung_cancer                         0.801   0.066    12.144   0.000
2021-05-15T01:53:50.138566200Z haematological_cancer               0.195   0.053     3.709   0.000
2021-05-15T01:53:50.138573400Z cancer_excl_lung_and_haem           0.061   0.033     1.879   0.060
2021-05-15T01:53:50.138581200Z any_immunosuppression              -0.074   0.041    -1.822   0.068
2021-05-15T01:53:50.138588900Z dementia                            0.412   0.034    12.229   0.000
2021-05-15T01:53:50.138596300Z other_neuro_conditions              0.220   0.047     4.707   0.000
2021-05-15T01:53:50.138610700Z LD_incl_DS_and_CP                   0.121   0.303     0.400   0.689
2021-05-15T01:53:50.138618500Z psychosis_schiz_bipolar             0.153   0.080     1.901   0.057
2021-05-15T01:53:50.138625700Z multimorb1                          0.183   0.036     5.118   0.000
2021-05-15T01:53:50.138632800Z multimorb2                          0.366   0.058     6.288   0.000
2021-05-15T01:53:50.138639900Z multimorb3                          0.435   0.085     5.146   0.000
2021-05-15T01:53:50.138646800Z multimorb4+                         0.470   0.119     3.947   0.000
2021-05-15T01:53:50.138654000Z shielded                            0.338   0.022    15.603   0.000
2021-05-15T01:53:50.138661300Z flu_vaccine                        -0.043   0.025    -1.706   0.088
2021-05-15T01:53:50.138668900Z efi_catMild                         0.279   0.053     5.271   0.000
2021-05-15T01:53:50.138676100Z efi_catModerate                     0.518   0.053     9.835   0.000
2021-05-15T01:53:50.138683200Z efi_catSevere                       0.748   0.054    13.757   0.000
2021-05-15T01:53:50.138690100Z ns(tstop, df = 4)1                  1.475   0.088    16.792   0.000
2021-05-15T01:53:50.138697100Z ns(tstop, df = 4)2                  2.270   0.085    26.592   0.000
2021-05-15T01:53:50.138704300Z ns(tstop, df = 4)3                  2.927   0.197    14.883   0.000
2021-05-15T01:53:50.138711500Z ns(tstop, df = 4)4                  1.785   0.082    21.894   0.000
2021-05-15T01:53:50.138718400Z regionEast Midlands                 0.375   0.127     2.952   0.003
2021-05-15T01:53:50.138725400Z regionLondon                        1.356   0.228     5.955   0.000
2021-05-15T01:53:50.138732300Z regionNorth East                    0.877   0.191     4.600   0.000
2021-05-15T01:53:50.138741500Z regionNorth West                    0.606   0.174     3.473   0.001
2021-05-15T01:53:50.138748500Z regionSouth East                    1.381   0.168     8.237   0.000
2021-05-15T01:53:50.138756000Z regionSouth West                    2.908   0.128    22.754   0.000
2021-05-15T01:53:50.138763300Z regionWest Midlands                 3.190   0.223    14.274   0.000
2021-05-15T01:53:50.138770500Z regionYorkshire and The            -0.727   0.140    -5.202   0.000
2021-05-15T01:53:50.138777800Z Humber                                                             
2021-05-15T01:53:50.138785100Z ns(tstop, df =                     -0.311   0.139    -2.241   0.025
2021-05-15T01:53:50.138792300Z 4)1:regionEast Midlands                                            
2021-05-15T01:53:50.138799500Z ns(tstop, df =                     -0.181   0.131    -1.382   0.167
2021-05-15T01:53:50.138806500Z 4)2:regionEast Midlands                                            
2021-05-15T01:53:50.138813500Z ns(tstop, df =                     -0.660   0.306    -2.162   0.031
2021-05-15T01:53:50.138821100Z 4)3:regionEast Midlands                                            
2021-05-15T01:53:50.138836300Z ns(tstop, df =                      0.389   0.122     3.201   0.001
2021-05-15T01:53:50.138844100Z 4)4:regionEast Midlands                                            
2021-05-15T01:53:50.138851200Z ns(tstop, df =                      0.712   0.241     2.958   0.003
2021-05-15T01:53:50.138858400Z 4)1:regionLondon                                                   
2021-05-15T01:53:50.138865600Z ns(tstop, df =                     -0.297   0.237    -1.252   0.210
2021-05-15T01:53:50.138872800Z 4)2:regionLondon                                                   
2021-05-15T01:53:50.138880200Z ns(tstop, df =                     -0.405   0.541    -0.750   0.453
2021-05-15T01:53:50.138887500Z 4)3:regionLondon                                                   
2021-05-15T01:53:50.138894900Z ns(tstop, df =                      0.143   0.225     0.635   0.526
2021-05-15T01:53:50.138902300Z 4)4:regionLondon                                                   
2021-05-15T01:53:50.138909700Z ns(tstop, df =                     -0.453   0.219    -2.065   0.039
2021-05-15T01:53:50.138917000Z 4)1:regionNorth East                                               
2021-05-15T01:53:50.138924200Z ns(tstop, df =                     -0.435   0.209    -2.084   0.037
2021-05-15T01:53:50.138931400Z 4)2:regionNorth East                                               
2021-05-15T01:53:50.138938500Z ns(tstop, df =                     -0.734   0.468    -1.569   0.117
2021-05-15T01:53:50.138946000Z 4)3:regionNorth East                                               
2021-05-15T01:53:50.138953100Z ns(tstop, df =                      0.233   0.195     1.193   0.233
2021-05-15T01:53:50.138960300Z 4)4:regionNorth East                                               
2021-05-15T01:53:50.138967300Z ns(tstop, df =                      0.239   0.186     1.285   0.199
2021-05-15T01:53:50.138974300Z 4)1:regionNorth West                                               
2021-05-15T01:53:50.138982000Z ns(tstop, df =                      0.161   0.176     0.917   0.359
2021-05-15T01:53:50.138989600Z 4)2:regionNorth West                                               
2021-05-15T01:53:50.138996600Z ns(tstop, df =                      0.668   0.414     1.612   0.107
2021-05-15T01:53:50.139003600Z 4)3:regionNorth West                                               
2021-05-15T01:53:50.139010600Z ns(tstop, df =                      0.349   0.157     2.224   0.026
2021-05-15T01:53:50.139017700Z 4)4:regionNorth West                                               
2021-05-15T01:53:50.139024800Z ns(tstop, df =                      0.087   0.185     0.469   0.639
2021-05-15T01:53:50.139032200Z 4)1:regionSouth East                                               
2021-05-15T01:53:50.139039600Z ns(tstop, df =                     -0.203   0.177    -1.145   0.252
2021-05-15T01:53:50.139046700Z 4)2:regionSouth East                                               
2021-05-15T01:53:50.139068100Z ns(tstop, df =                     -0.507   0.407    -1.247   0.212
2021-05-15T01:53:50.139075900Z 4)3:regionSouth East                                               
2021-05-15T01:53:50.139082900Z ns(tstop, df =                      0.229   0.166     1.383   0.167
2021-05-15T01:53:50.139090000Z 4)4:regionSouth East                                               
2021-05-15T01:53:50.139097100Z ns(tstop, df =                     -0.271   0.141    -1.924   0.054
2021-05-15T01:53:50.139104200Z 4)1:regionSouth West                                               
2021-05-15T01:53:50.139111200Z ns(tstop, df =                     -0.203   0.134    -1.519   0.129
2021-05-15T01:53:50.139118900Z 4)2:regionSouth West                                               
2021-05-15T01:53:50.139126200Z ns(tstop, df =                     -0.252   0.309    -0.815   0.415
2021-05-15T01:53:50.139133300Z 4)3:regionSouth West                                               
2021-05-15T01:53:50.139140400Z ns(tstop, df =                      0.557   0.125     4.444   0.000
2021-05-15T01:53:50.139147600Z 4)4:regionSouth West                                               
2021-05-15T01:53:50.139154900Z ns(tstop, df =                      0.390   0.239     1.637   0.102
2021-05-15T01:53:50.139162000Z 4)1:regionWest Midlands                                            
2021-05-15T01:53:50.139169100Z ns(tstop, df =                     -0.044   0.227    -0.193   0.847
2021-05-15T01:53:50.139176100Z 4)2:regionWest Midlands                                            
2021-05-15T01:53:50.139183200Z ns(tstop, df =                     -0.184   0.535    -0.345   0.730
2021-05-15T01:53:50.139190200Z 4)3:regionWest Midlands                                            
2021-05-15T01:53:50.139197100Z ns(tstop, df =                      0.469   0.219     2.137   0.033
2021-05-15T01:53:50.139204200Z 4)4:regionWest Midlands                                            
2021-05-15T01:53:50.139211900Z ns(tstop, df =                     -0.291   0.155    -1.872   0.061
2021-05-15T01:53:50.139219200Z 4)1:regionYorkshire and The                                        
2021-05-15T01:53:50.139226500Z Humber                                                             
2021-05-15T01:53:50.139233800Z ns(tstop, df =                     -0.204   0.146    -1.401   0.161
2021-05-15T01:53:50.139240900Z 4)2:regionYorkshire and The                                        
2021-05-15T01:53:50.139248000Z Humber                                                             
2021-05-15T01:53:50.139255000Z ns(tstop, df =                     -0.355   0.339    -1.049   0.294
2021-05-15T01:53:50.139266800Z 4)3:regionYorkshire and The                                        
2021-05-15T01:53:50.139274500Z Humber                                                             
2021-05-15T01:53:50.139281700Z ns(tstop, df =                      0.173   0.135     1.281   0.200
2021-05-15T01:53:50.139288900Z 4)4:regionYorkshire and The                                        
2021-05-15T01:53:50.139303800Z Humber                                                             
2021-05-15T01:53:50.139311400Z -------------------------------------------------------------------
2021-05-15T01:53:50.139318500Z msmmod2_par data size = 7868678 
2021-05-15T01:54:03.866933800Z memory usage = 3.369 GB 
2021-05-15T01:55:06.462407800Z   
2021-05-15T01:55:06.462501300Z msmmod3 
2021-05-15T02:12:03.466221400Z MODEL INFO:
2021-05-15T02:12:03.466321600Z Observations: 7868678
2021-05-15T02:12:03.466331100Z Dependent Variable: 
2021-05-15T02:12:03.466338700Z Type: Generalized linear model
2021-05-15T02:12:03.466346100Z   Family: binomial 
2021-05-15T02:12:03.466353700Z   Link function: logit 
2021-05-15T02:12:03.466361100Z 
2021-05-15T02:12:03.468028100Z MODEL FIT:
2021-05-15T02:12:03.468054500Z <U+03C7><U+00B2>(110) = 63064.339, p = 0.000
2021-05-15T02:12:03.468064900Z Pseudo-R<U+00B2> (Cragg-Uhler) = 
2021-05-15T02:12:03.468072800Z Pseudo-R<U+00B2> (McFadden) = 0.220
2021-05-15T02:12:03.468080700Z AIC = 223710.372, BIC = 225250.874 
2021-05-15T02:12:03.468088500Z 
2021-05-15T02:12:03.468237300Z Standard errors: MLE
2021-05-15T02:12:04.015410000Z ------------------------------------------------------------------------------
2021-05-15T02:12:04.015447600Z                                                         Est.    S.E.    z val.
2021-05-15T02:12:04.015467700Z -------------------------------------------------- --------- ------- ---------
2021-05-15T02:12:04.015476300Z (Intercept)                                          -13.984   2.400    -5.828
2021-05-15T02:12:04.015484700Z timesincevax_pw1-3                                    -0.374   0.082    -4.537
2021-05-15T02:12:04.015492600Z timesincevax_pw4-7                                    -0.087   0.061    -1.434
2021-05-15T02:12:04.015500800Z timesincevax_pw8-14                                   -0.036   0.043    -0.833
2021-05-15T02:12:04.015508800Z timesincevax_pw15-21                                  -0.086   0.041    -2.083
2021-05-15T02:12:04.015517200Z timesincevax_pw22-28                                  -0.117   0.042    -2.758
2021-05-15T02:12:04.015525300Z timesincevax_pw29+                                    -0.396   0.036   -10.928
2021-05-15T02:12:04.015532900Z poly(age, degree = 2, raw =                            0.005   0.054     0.086
2021-05-15T02:12:04.015540700Z TRUE)1                                                                        
2021-05-15T02:12:04.015548600Z poly(age, degree = 2, raw =                            0.000   0.000     1.120
2021-05-15T02:12:04.015556700Z TRUE)2                                                                        
2021-05-15T02:12:04.015564600Z sexMale                                                0.334   0.017    19.459
2021-05-15T02:12:04.015592100Z imd2                                                   0.101   0.028     3.559
2021-05-15T02:12:04.015600200Z imd3                                                   0.140   0.028     5.019
2021-05-15T02:12:04.015607500Z imd4                                                   0.183   0.028     6.456
2021-05-15T02:12:04.015614800Z imd5 least deprived                                    0.144   0.029     5.003
2021-05-15T02:12:04.015621900Z ethnicity_combinedBlack                                0.170   0.076     2.221
2021-05-15T02:12:04.015629100Z ethnicity_combinedSouth                                0.181   0.049     3.736
2021-05-15T02:12:04.015636400Z Asian                                                                         
2021-05-15T02:12:04.015644000Z ethnicity_combinedMixed                                0.242   0.138     1.758
2021-05-15T02:12:04.015651600Z ethnicity_combinedOther                                0.138   0.101     1.370
2021-05-15T02:12:04.015659600Z bmiObese I (30-34.9)                                  -0.183   0.027    -6.775
2021-05-15T02:12:04.015668000Z bmiObese II (35-39.9)                                 -0.086   0.054    -1.593
2021-05-15T02:12:04.015675900Z bmiObese III (40+)                                    -0.035   0.081    -0.424
2021-05-15T02:12:04.015683000Z heart_failure                                          0.281   0.025    11.128
2021-05-15T02:12:04.015690400Z other_heart_disease                                   -0.090   0.028    -3.246
2021-05-15T02:12:04.015698300Z dialysis                                               0.597   0.112     5.346
2021-05-15T02:12:04.015706100Z diabetes                                              -0.038   0.033    -1.142
2021-05-15T02:12:04.015713200Z chronic_liver_disease                                  0.349   0.085     4.110
2021-05-15T02:12:04.015720500Z current_copd                                          -0.003   0.034    -0.104
2021-05-15T02:12:04.015727600Z other_resp_conditions                                  0.063   0.034     1.840
2021-05-15T02:12:04.015735000Z lung_cancer                                            0.758   0.067    11.317
2021-05-15T02:12:04.015742500Z haematological_cancer                                  0.135   0.053     2.529
2021-05-15T02:12:04.015750000Z cancer_excl_lung_and_haem                              0.076   0.033     2.267
2021-05-15T02:12:04.015757500Z any_immunosuppression                                 -0.048   0.041    -1.166
2021-05-15T02:12:04.015764800Z dementia                                               0.322   0.034     9.431
2021-05-15T02:12:04.015772000Z other_neuro_conditions                                 0.085   0.047     1.788
2021-05-15T02:12:04.015779200Z LD_incl_DS_and_CP                                     -0.004   0.304    -0.015
2021-05-15T02:12:04.015786300Z psychosis_schiz_bipolar                                0.161   0.081     1.990
2021-05-15T02:12:04.015805300Z multimorb1                                             0.129   0.036     3.561
2021-05-15T02:12:04.015813400Z multimorb2                                             0.275   0.059     4.633
2021-05-15T02:12:04.015820700Z multimorb3                                             0.360   0.086     4.183
2021-05-15T02:12:04.015827800Z multimorb4+                                            0.345   0.121     2.863
2021-05-15T02:12:04.015835200Z shielded                                               0.239   0.022    10.825
2021-05-15T02:12:04.015842300Z flu_vaccine                                           -0.135   0.025    -5.355
2021-05-15T02:12:04.015849700Z efi_catMild                                           -0.058   0.053    -1.092
2021-05-15T02:12:04.015856700Z efi_catModerate                                       -0.036   0.053    -0.680
2021-05-15T02:12:04.015864200Z efi_catSevere                                         -0.026   0.055    -0.484
2021-05-15T02:12:04.015872100Z ns(tstop, df = 4)1                                     1.192   0.088    13.512
2021-05-15T02:12:04.015879500Z ns(tstop, df = 4)2                                     1.415   0.086    16.489
2021-05-15T02:12:04.015886800Z ns(tstop, df = 4)3                                     2.003   0.196    10.202
2021-05-15T02:12:04.015894100Z ns(tstop, df = 4)4                                     1.200   0.082    14.671
2021-05-15T02:12:04.015901400Z regionEast Midlands                                    0.355   0.127     2.793
2021-05-15T02:12:04.015908800Z regionLondon                                           1.199   0.232     5.158
2021-05-15T02:12:04.015916100Z regionNorth East                                       0.872   0.191     4.567
2021-05-15T02:12:04.015923600Z regionNorth West                                       0.658   0.174     3.783
2021-05-15T02:12:04.015930800Z regionSouth East                                       1.387   0.168     8.251
2021-05-15T02:12:04.015938200Z regionSouth West                                       2.844   0.128    22.226
2021-05-15T02:12:04.015945400Z regionWest Midlands                                    2.852   0.231    12.336
2021-05-15T02:12:04.015952600Z regionYorkshire and The                               -0.686   0.139    -4.917
2021-05-15T02:12:04.015959800Z Humber                                                                        
2021-05-15T02:12:04.015967400Z timesince_postesttdc_pw1-3                             2.765   0.045    61.909
2021-05-15T02:12:04.015974400Z timesince_postesttdc_pw3-7                             3.217   0.034    94.595
2021-05-15T02:12:04.015981700Z timesince_postesttdc_pw8-14                            3.288   0.029   112.055
2021-05-15T02:12:04.015988800Z timesince_postesttdc_pw15-21                           2.812   0.040    69.973
2021-05-15T02:12:04.015996100Z timesince_postesttdc_pw22-28                           2.152   0.060    35.822
2021-05-15T02:12:04.016003200Z timesince_postesttdc_pw29+                             1.745   0.055    31.998
2021-05-15T02:12:04.016030600Z timesince_suspectedcovid_pw1-3                         0.831   0.154     5.399
2021-05-15T02:12:04.016038500Z timesince_suspectedcovid_pw3-7                         0.569   0.140     4.075
2021-05-15T02:12:04.016045600Z timesince_suspectedcovid_pw8-14                        0.453   0.118     3.853
2021-05-15T02:12:04.016052600Z timesince_suspectedcovid_pw15-21                       0.345   0.150     2.303
2021-05-15T02:12:04.016059900Z timesince_suspectedcovid_pw22-28                       0.378   0.179     2.106
2021-05-15T02:12:04.016067000Z timesince_suspectedcovid_pw29+                         0.695   0.122     5.712
2021-05-15T02:12:04.016074100Z timesince_hospinfectiousdischarge_pwIn                 2.021   0.025    80.122
2021-05-15T02:12:04.016082100Z hospital                                                                      
2021-05-15T02:12:04.016089600Z timesince_hospinfectiousdischarge_pw1-7                1.636   0.044    37.391
2021-05-15T02:12:04.016096700Z timesince_hospinfectiousdischarge_pw8-14               1.649   0.050    32.959
2021-05-15T02:12:04.016103900Z timesince_hospinfectiousdischarge_pw15-21              1.391   0.065    21.249
2021-05-15T02:12:04.016111200Z timesince_hospinfectiousdischarge_pw22-28              1.326   0.078    16.905
2021-05-15T02:12:04.016120800Z timesince_hospnoninfectiousdischarge_pwIn              0.054   0.041     1.293
2021-05-15T02:12:04.016127900Z hospital                                                                      
2021-05-15T02:12:04.016135000Z timesince_hospnoninfectiousdischarge_pw1-7             0.711   0.138     5.152
2021-05-15T02:12:04.016142100Z timesince_hospnoninfectiousdischarge_pw8-14            0.957   0.115     8.317
2021-05-15T02:12:04.016149400Z timesince_hospnoninfectiousdischarge_pw15-21           0.956   0.125     7.626
2021-05-15T02:12:04.016156500Z timesince_hospnoninfectiousdischarge_pw22-28           0.950   0.147     6.452
2021-05-15T02:12:04.016163900Z ns(tstop, df =                                        -0.288   0.139    -2.070
2021-05-15T02:12:04.016171200Z 4)1:regionEast Midlands                                                       
2021-05-15T02:12:04.016178600Z ns(tstop, df =                                        -0.115   0.131    -0.875
2021-05-15T02:12:04.016185900Z 4)2:regionEast Midlands                                                       
2021-05-15T02:12:04.016193200Z ns(tstop, df =                                        -0.532   0.305    -1.741
2021-05-15T02:12:04.016200500Z 4)3:regionEast Midlands                                                       
2021-05-15T02:12:04.016207900Z ns(tstop, df =                                         0.265   0.121     2.185
2021-05-15T02:12:04.016215000Z 4)4:regionEast Midlands                                                       
2021-05-15T02:12:04.016222300Z ns(tstop, df =                                         0.241   0.245     0.983
2021-05-15T02:12:04.016229300Z 4)1:regionLondon                                                              
2021-05-15T02:12:04.016241900Z ns(tstop, df =                                        -0.455   0.242    -1.879
2021-05-15T02:12:04.016249600Z 4)2:regionLondon                                                              
2021-05-15T02:12:04.016256500Z ns(tstop, df =                                        -0.012   0.551    -0.021
2021-05-15T02:12:04.016263500Z 4)3:regionLondon                                                              
2021-05-15T02:12:04.016270800Z ns(tstop, df =                                         0.167   0.222     0.754
2021-05-15T02:12:04.016278200Z 4)4:regionLondon                                                              
2021-05-15T02:12:04.016285700Z ns(tstop, df =                                        -0.453   0.220    -2.058
2021-05-15T02:12:04.016292900Z 4)1:regionNorth East                                                          
2021-05-15T02:12:04.016300200Z ns(tstop, df =                                        -0.323   0.212    -1.520
2021-05-15T02:12:04.016307400Z 4)2:regionNorth East                                                          
2021-05-15T02:12:04.016314600Z ns(tstop, df =                                        -0.960   0.468    -2.051
2021-05-15T02:12:04.016321600Z 4)3:regionNorth East                                                          
2021-05-15T02:12:04.016329000Z ns(tstop, df =                                        -0.137   0.200    -0.686
2021-05-15T02:12:04.016336000Z 4)4:regionNorth East                                                          
2021-05-15T02:12:04.016343200Z ns(tstop, df =                                        -0.062   0.187    -0.332
2021-05-15T02:12:04.016350300Z 4)1:regionNorth West                                                          
2021-05-15T02:12:04.016357600Z ns(tstop, df =                                         0.346   0.178     1.950
2021-05-15T02:12:04.016364700Z 4)2:regionNorth West                                                          
2021-05-15T02:12:04.016371800Z ns(tstop, df =                                         0.596   0.413     1.443
2021-05-15T02:12:04.016378900Z 4)3:regionNorth West                                                          
2021-05-15T02:12:04.016386300Z ns(tstop, df =                                         0.137   0.158     0.863
2021-05-15T02:12:04.016393600Z 4)4:regionNorth West                                                          
2021-05-15T02:12:04.016400700Z ns(tstop, df =                                        -0.390   0.186    -2.099
2021-05-15T02:12:04.016407900Z 4)1:regionSouth East                                                          
2021-05-15T02:12:04.016415200Z ns(tstop, df =                                        -0.494   0.178    -2.773
2021-05-15T02:12:04.016422400Z 4)2:regionSouth East                                                          
2021-05-15T02:12:04.016429500Z ns(tstop, df =                                        -0.602   0.408    -1.475
2021-05-15T02:12:04.016436600Z 4)3:regionSouth East                                                          
2021-05-15T02:12:04.016449000Z ns(tstop, df =                                        -0.030   0.167    -0.180
2021-05-15T02:12:04.016456600Z 4)4:regionSouth East                                                          
2021-05-15T02:12:04.016463700Z ns(tstop, df =                                        -0.799   0.143    -5.598
2021-05-15T02:12:04.016471300Z 4)1:regionSouth West                                                          
2021-05-15T02:12:04.016478700Z ns(tstop, df =                                        -0.634   0.136    -4.647
2021-05-15T02:12:04.016486000Z 4)2:regionSouth West                                                          
2021-05-15T02:12:04.016493100Z ns(tstop, df =                                        -0.542   0.310    -1.747
2021-05-15T02:12:04.016500200Z 4)3:regionSouth West                                                          
2021-05-15T02:12:04.016507300Z ns(tstop, df =                                         0.367   0.128     2.874
2021-05-15T02:12:04.016514600Z 4)4:regionSouth West                                                          
2021-05-15T02:12:04.016522000Z ns(tstop, df =                                        -0.369   0.246    -1.503
2021-05-15T02:12:04.016529200Z 4)1:regionWest Midlands                                                       
2021-05-15T02:12:04.016536400Z ns(tstop, df =                                        -1.038   0.237    -4.378
2021-05-15T02:12:04.016543700Z 4)2:regionWest Midlands                                                       
2021-05-15T02:12:04.016551000Z ns(tstop, df =                                        -0.933   0.554    -1.684
2021-05-15T02:12:04.016558300Z 4)3:regionWest Midlands                                                       
2021-05-15T02:12:04.016565700Z ns(tstop, df =                                        -0.247   0.224    -1.099
2021-05-15T02:12:04.016573000Z 4)4:regionWest Midlands                                                       
2021-05-15T02:12:04.016580300Z ns(tstop, df =                                        -0.200   0.156    -1.287
2021-05-15T02:12:04.016587800Z 4)1:regionYorkshire and The                                                   
2021-05-15T02:12:04.016595100Z Humber                                                                        
2021-05-15T02:12:04.016602200Z ns(tstop, df =                                        -0.039   0.146    -0.265
2021-05-15T02:12:04.016609400Z 4)2:regionYorkshire and The                                                   
2021-05-15T02:12:04.016616400Z Humber                                                                        
2021-05-15T02:12:04.016623600Z ns(tstop, df =                                        -0.133   0.338    -0.394
2021-05-15T02:12:04.016630800Z 4)3:regionYorkshire and The                                                   
2021-05-15T02:12:04.016638100Z Humber                                                                        
2021-05-15T02:12:04.016645300Z ns(tstop, df =                                         0.242   0.135     1.797
2021-05-15T02:12:04.016657800Z 4)4:regionYorkshire and The                                                   
2021-05-15T02:12:04.016666000Z Humber                                                                        
2021-05-15T02:12:04.016673400Z ------------------------------------------------------------------------------
2021-05-15T02:12:04.016680500Z  
2021-05-15T02:12:04.016687500Z ----------------------------------------------------------
2021-05-15T02:12:04.016694600Z                                                          p
2021-05-15T02:12:04.016701700Z -------------------------------------------------- -------
2021-05-15T02:12:04.016708900Z (Intercept)                                          0.000
2021-05-15T02:12:04.016716300Z timesincevax_pw1-3                                   0.000
2021-05-15T02:12:04.016723400Z timesincevax_pw4-7                                   0.152
2021-05-15T02:12:04.016730600Z timesincevax_pw8-14                                  0.405
2021-05-15T02:12:04.016737700Z timesincevax_pw15-21                                 0.037
2021-05-15T02:12:04.016745000Z timesincevax_pw22-28                                 0.006
2021-05-15T02:12:04.016752300Z timesincevax_pw29+                                   0.000
2021-05-15T02:12:04.016759400Z poly(age, degree = 2, raw =                          0.932
2021-05-15T02:12:04.016766400Z TRUE)1                                                    
2021-05-15T02:12:04.016773700Z poly(age, degree = 2, raw =                          0.263
2021-05-15T02:12:04.016780700Z TRUE)2                                                    
2021-05-15T02:12:04.016787900Z sexMale                                              0.000
2021-05-15T02:12:04.016794800Z imd2                                                 0.000
2021-05-15T02:12:04.016801900Z imd3                                                 0.000
2021-05-15T02:12:04.016809000Z imd4                                                 0.000
2021-05-15T02:12:04.016816400Z imd5 least deprived                                  0.000
2021-05-15T02:12:04.016823500Z ethnicity_combinedBlack                              0.026
2021-05-15T02:12:04.016830600Z ethnicity_combinedSouth                              0.000
2021-05-15T02:12:04.016837700Z Asian                                                     
2021-05-15T02:12:04.016844700Z ethnicity_combinedMixed                              0.079
2021-05-15T02:12:04.016851700Z ethnicity_combinedOther                              0.171
2021-05-15T02:12:04.016858900Z bmiObese I (30-34.9)                                 0.000
2021-05-15T02:12:04.016866000Z bmiObese II (35-39.9)                                0.111
2021-05-15T02:12:04.016873000Z bmiObese III (40+)                                   0.671
2021-05-15T02:12:04.016879900Z heart_failure                                        0.000
2021-05-15T02:12:04.016906500Z other_heart_disease                                  0.001
2021-05-15T02:12:04.016914000Z dialysis                                             0.000
2021-05-15T02:12:04.016921000Z diabetes                                             0.253
2021-05-15T02:12:04.016928000Z chronic_liver_disease                                0.000
2021-05-15T02:12:04.016935800Z current_copd                                         0.917
2021-05-15T02:12:04.016943000Z other_resp_conditions                                0.066
2021-05-15T02:12:04.016950300Z lung_cancer                                          0.000
2021-05-15T02:12:04.016957200Z haematological_cancer                                0.011
2021-05-15T02:12:04.016964400Z cancer_excl_lung_and_haem                            0.023
2021-05-15T02:12:04.016971500Z any_immunosuppression                                0.244
2021-05-15T02:12:04.016978600Z dementia                                             0.000
2021-05-15T02:12:04.016985700Z other_neuro_conditions                               0.074
2021-05-15T02:12:04.016992900Z LD_incl_DS_and_CP                                    0.988
2021-05-15T02:12:04.016999900Z psychosis_schiz_bipolar                              0.047
2021-05-15T02:12:04.017007100Z multimorb1                                           0.000
2021-05-15T02:12:04.017014400Z multimorb2                                           0.000
2021-05-15T02:12:04.017021400Z multimorb3                                           0.000
2021-05-15T02:12:04.017028400Z multimorb4+                                          0.004
2021-05-15T02:12:04.017035400Z shielded                                             0.000
2021-05-15T02:12:04.017042700Z flu_vaccine                                          0.000
2021-05-15T02:12:04.017050000Z efi_catMild                                          0.275
2021-05-15T02:12:04.017057300Z efi_catModerate                                      0.497
2021-05-15T02:12:04.017065000Z efi_catSevere                                        0.628
2021-05-15T02:12:04.017072000Z ns(tstop, df = 4)1                                   0.000
2021-05-15T02:12:04.017079200Z ns(tstop, df = 4)2                                   0.000
2021-05-15T02:12:04.017086300Z ns(tstop, df = 4)3                                   0.000
2021-05-15T02:12:04.017093400Z ns(tstop, df = 4)4                                   0.000
2021-05-15T02:12:04.017100500Z regionEast Midlands                                  0.005
2021-05-15T02:12:04.017107700Z regionLondon                                         0.000
2021-05-15T02:12:04.017114900Z regionNorth East                                     0.000
2021-05-15T02:12:04.017122000Z regionNorth West                                     0.000
2021-05-15T02:12:04.017129200Z regionSouth East                                     0.000
2021-05-15T02:12:04.017143300Z regionSouth West                                     0.000
2021-05-15T02:12:04.017150900Z regionWest Midlands                                  0.000
2021-05-15T02:12:04.017158000Z regionYorkshire and The                              0.000
2021-05-15T02:12:04.017165000Z Humber                                                    
2021-05-15T02:12:04.017172300Z timesince_postesttdc_pw1-3                           0.000
2021-05-15T02:12:04.017179500Z timesince_postesttdc_pw3-7                           0.000
2021-05-15T02:12:04.017186700Z timesince_postesttdc_pw8-14                          0.000
2021-05-15T02:12:04.017194200Z timesince_postesttdc_pw15-21                         0.000
2021-05-15T02:12:04.017201700Z timesince_postesttdc_pw22-28                         0.000
2021-05-15T02:12:04.017208800Z timesince_postesttdc_pw29+                           0.000
2021-05-15T02:12:04.017216000Z timesince_suspectedcovid_pw1-3                       0.000
2021-05-15T02:12:04.017222900Z timesince_suspectedcovid_pw3-7                       0.000
2021-05-15T02:12:04.017230000Z timesince_suspectedcovid_pw8-14                      0.000
2021-05-15T02:12:04.017237000Z timesince_suspectedcovid_pw15-21                     0.021
2021-05-15T02:12:04.017244200Z timesince_suspectedcovid_pw22-28                     0.035
2021-05-15T02:12:04.017251100Z timesince_suspectedcovid_pw29+                       0.000
2021-05-15T02:12:04.017258300Z timesince_hospinfectiousdischarge_pwIn               0.000
2021-05-15T02:12:04.017265300Z hospital                                                  
2021-05-15T02:12:04.017272500Z timesince_hospinfectiousdischarge_pw1-7              0.000
2021-05-15T02:12:04.017279500Z timesince_hospinfectiousdischarge_pw8-14             0.000
2021-05-15T02:12:04.017286600Z timesince_hospinfectiousdischarge_pw15-21            0.000
2021-05-15T02:12:04.017293600Z timesince_hospinfectiousdischarge_pw22-28            0.000
2021-05-15T02:12:04.017300700Z timesince_hospnoninfectiousdischarge_pwIn            0.196
2021-05-15T02:12:04.017307700Z hospital                                                  
2021-05-15T02:12:04.017314900Z timesince_hospnoninfectiousdischarge_pw1-7           0.000
2021-05-15T02:12:04.017321800Z timesince_hospnoninfectiousdischarge_pw8-14          0.000
2021-05-15T02:12:04.017328800Z timesince_hospnoninfectiousdischarge_pw15-21         0.000
2021-05-15T02:12:04.017335800Z timesince_hospnoninfectiousdischarge_pw22-28         0.000
2021-05-15T02:12:04.017342800Z ns(tstop, df =                                       0.038
2021-05-15T02:12:04.017350000Z 4)1:regionEast Midlands                                   
2021-05-15T02:12:04.017357100Z ns(tstop, df =                                       0.381
2021-05-15T02:12:04.017364200Z 4)2:regionEast Midlands                                   
2021-05-15T02:12:04.017371200Z ns(tstop, df =                                       0.082
2021-05-15T02:12:04.017384900Z 4)3:regionEast Midlands                                   
2021-05-15T02:12:04.017392500Z ns(tstop, df =                                       0.029
2021-05-15T02:12:04.017399500Z 4)4:regionEast Midlands                                   
2021-05-15T02:12:04.017406500Z ns(tstop, df =                                       0.325
2021-05-15T02:12:04.017413500Z 4)1:regionLondon                                          
2021-05-15T02:12:04.017420500Z ns(tstop, df =                                       0.060
2021-05-15T02:12:04.017427600Z 4)2:regionLondon                                          
2021-05-15T02:12:04.017434700Z ns(tstop, df =                                       0.983
2021-05-15T02:12:04.017441700Z 4)3:regionLondon                                          
2021-05-15T02:12:04.017449100Z ns(tstop, df =                                       0.451
2021-05-15T02:12:04.017456500Z 4)4:regionLondon                                          
2021-05-15T02:12:04.017463700Z ns(tstop, df =                                       0.040
2021-05-15T02:12:04.017470700Z 4)1:regionNorth East                                      
2021-05-15T02:12:04.017477700Z ns(tstop, df =                                       0.129
2021-05-15T02:12:04.017484800Z 4)2:regionNorth East                                      
2021-05-15T02:12:04.017491800Z ns(tstop, df =                                       0.040
2021-05-15T02:12:04.017499000Z 4)3:regionNorth East                                      
2021-05-15T02:12:04.017506200Z ns(tstop, df =                                       0.493
2021-05-15T02:12:04.017513400Z 4)4:regionNorth East                                      
2021-05-15T02:12:04.017520400Z ns(tstop, df =                                       0.740
2021-05-15T02:12:04.017527600Z 4)1:regionNorth West                                      
2021-05-15T02:12:04.017534600Z ns(tstop, df =                                       0.051
2021-05-15T02:12:04.017541900Z 4)2:regionNorth West                                      
2021-05-15T02:12:04.017549100Z ns(tstop, df =                                       0.149
2021-05-15T02:12:04.017556200Z 4)3:regionNorth West                                      
2021-05-15T02:12:04.017563300Z ns(tstop, df =                                       0.388
2021-05-15T02:12:04.017570600Z 4)4:regionNorth West                                      
2021-05-15T02:12:04.017577600Z ns(tstop, df =                                       0.036
2021-05-15T02:12:04.017584600Z 4)1:regionSouth East                                      
2021-05-15T02:12:04.017591600Z ns(tstop, df =                                       0.006
2021-05-15T02:12:04.017598800Z 4)2:regionSouth East                                      
2021-05-15T02:12:04.017605800Z ns(tstop, df =                                       0.140
2021-05-15T02:12:04.017620300Z 4)3:regionSouth East                                      
2021-05-15T02:12:04.017627900Z ns(tstop, df =                                       0.857
2021-05-15T02:12:04.017635100Z 4)4:regionSouth East                                      
2021-05-15T02:12:04.017642000Z ns(tstop, df =                                       0.000
2021-05-15T02:12:04.017649300Z 4)1:regionSouth West                                      
2021-05-15T02:12:04.017656400Z ns(tstop, df =                                       0.000
2021-05-15T02:12:04.017663800Z 4)2:regionSouth West                                      
2021-05-15T02:12:04.017670900Z ns(tstop, df =                                       0.081
2021-05-15T02:12:04.017678100Z 4)3:regionSouth West                                      
2021-05-15T02:12:04.017685200Z ns(tstop, df =                                       0.004
2021-05-15T02:12:04.017692300Z 4)4:regionSouth West                                      
2021-05-15T02:12:04.017700100Z ns(tstop, df =                                       0.133
2021-05-15T02:12:04.017707600Z 4)1:regionWest Midlands                                   
2021-05-15T02:12:04.017714700Z ns(tstop, df =                                       0.000
2021-05-15T02:12:04.017721900Z 4)2:regionWest Midlands                                   
2021-05-15T02:12:04.017728900Z ns(tstop, df =                                       0.092
2021-05-15T02:12:04.017736200Z 4)3:regionWest Midlands                                   
2021-05-15T02:12:04.017743500Z ns(tstop, df =                                       0.272
2021-05-15T02:12:04.017750700Z 4)4:regionWest Midlands                                   
2021-05-15T02:12:04.017757800Z ns(tstop, df =                                       0.198
2021-05-15T02:12:04.017765000Z 4)1:regionYorkshire and The                               
2021-05-15T02:12:04.017772000Z Humber                                                    
2021-05-15T02:12:04.017779200Z ns(tstop, df =                                       0.791
2021-05-15T02:12:04.017786600Z 4)2:regionYorkshire and The                               
2021-05-15T02:12:04.017793700Z Humber                                                    
2021-05-15T02:12:04.017801000Z ns(tstop, df =                                       0.694
2021-05-15T02:12:04.017808200Z 4)3:regionYorkshire and The                               
2021-05-15T02:12:04.017815500Z Humber                                                    
2021-05-15T02:12:04.017822800Z ns(tstop, df =                                       0.072
2021-05-15T02:12:04.017830200Z 4)4:regionYorkshire and The                               
2021-05-15T02:12:04.017837300Z Humber                                                    
2021-05-15T02:12:04.017844600Z ----------------------------------------------------------
2021-05-15T02:12:04.017857900Z msmmod3_par data size = 7868678 
2021-05-15T02:12:17.060146200Z memory usage = 3.369 GB 
2021-05-15T02:13:19.253498300Z   
2021-05-15T02:13:19.253585500Z msmmod4 
2021-05-15T02:24:56.758641200Z MODEL INFO:
2021-05-15T02:24:56.758714000Z Observations: 7868678
2021-05-15T02:24:56.758723400Z Dependent Variable: 
2021-05-15T02:24:56.758731100Z Type: Generalized linear model
2021-05-15T02:24:56.758738600Z   Family: binomial 
2021-05-15T02:24:56.758746200Z   Link function: logit 
2021-05-15T02:24:56.758755000Z 
2021-05-15T02:24:56.760445900Z MODEL FIT:
2021-05-15T02:24:56.760470800Z <U+03C7><U+00B2>(88) = 31433.600, p = 0.000
2021-05-15T02:24:56.760481100Z Pseudo-R<U+00B2> (Cragg-Uhler) = 
2021-05-15T02:24:56.760489100Z Pseudo-R<U+00B2> (McFadden) = 0.117
2021-05-15T02:24:56.760496800Z AIC = 242897.388, BIC = 244132.565 
2021-05-15T02:24:56.760504600Z 
2021-05-15T02:24:56.760663400Z Standard errors: MLE
2021-05-15T02:24:57.021807100Z -------------------------------------------------------------------
2021-05-15T02:24:57.021829300Z                                      Est.    S.E.    z val.       p
2021-05-15T02:24:57.021838500Z ------------------------------- --------- ------- --------- -------
2021-05-15T02:24:57.021846200Z (Intercept)                       -21.686   2.382    -9.104   0.000
2021-05-15T02:24:57.021854000Z timesincevax_pw1-3                 -1.486   0.069   -21.674   0.000
2021-05-15T02:24:57.021861500Z timesincevax_pw4-7                 -1.142   0.049   -23.141   0.000
2021-05-15T02:24:57.021869100Z timesincevax_pw8-14                -1.165   0.038   -30.604   0.000
2021-05-15T02:24:57.021876800Z timesincevax_pw15-21               -1.233   0.039   -31.820   0.000
2021-05-15T02:24:57.021884400Z timesincevax_pw22-28               -1.257   0.039   -31.839   0.000
2021-05-15T02:24:57.021891900Z timesincevax_pw29+                 -1.677   0.034   -48.859   0.000
2021-05-15T02:24:57.021899400Z poly(age, degree = 2, raw =         0.178   0.054     3.294   0.001
2021-05-15T02:24:57.021907000Z TRUE)1                                                             
2021-05-15T02:24:57.021914500Z poly(age, degree = 2, raw =        -0.001   0.000    -1.697   0.090
2021-05-15T02:24:57.021922100Z TRUE)2                                                             
2021-05-15T02:24:57.021929500Z sexMale                             0.402   0.018    22.918   0.000
2021-05-15T02:24:57.021937000Z imd2                                0.068   0.029     2.375   0.018
2021-05-15T02:24:57.021944500Z imd3                                0.064   0.029     2.252   0.024
2021-05-15T02:24:57.021951900Z imd4                                0.093   0.029     3.214   0.001
2021-05-15T02:24:57.021984100Z imd5 least deprived                 0.016   0.029     0.533   0.594
2021-05-15T02:24:57.021992000Z ethnicity_combinedBlack             0.175   0.076     2.294   0.022
2021-05-15T02:24:57.021999000Z ethnicity_combinedSouth             0.068   0.049     1.389   0.165
2021-05-15T02:24:57.022005900Z Asian                                                              
2021-05-15T02:24:57.022012900Z ethnicity_combinedMixed             0.281   0.142     1.986   0.047
2021-05-15T02:24:57.022019800Z ethnicity_combinedOther             0.204   0.106     1.918   0.055
2021-05-15T02:24:57.022026800Z bmiObese I (30-34.9)               -0.177   0.028    -6.399   0.000
2021-05-15T02:24:57.022033800Z bmiObese II (35-39.9)              -0.175   0.056    -3.130   0.002
2021-05-15T02:24:57.022040700Z bmiObese III (40+)                 -0.014   0.084    -0.160   0.873
2021-05-15T02:24:57.022048400Z heart_failure                       0.379   0.026    14.738   0.000
2021-05-15T02:24:57.022055400Z other_heart_disease                -0.089   0.028    -3.187   0.001
2021-05-15T02:24:57.022062500Z dialysis                            0.798   0.114     7.001   0.000
2021-05-15T02:24:57.022070500Z diabetes                           -0.008   0.034    -0.241   0.809
2021-05-15T02:24:57.022077900Z chronic_liver_disease               0.531   0.081     6.540   0.000
2021-05-15T02:24:57.022084800Z current_copd                       -0.019   0.034    -0.550   0.582
2021-05-15T02:24:57.022091800Z other_resp_conditions               0.099   0.035     2.857   0.004
2021-05-15T02:24:57.022098900Z lung_cancer                         0.803   0.068    11.836   0.000
2021-05-15T02:24:57.022105900Z haematological_cancer               0.181   0.055     3.321   0.001
2021-05-15T02:24:57.022113000Z cancer_excl_lung_and_haem           0.089   0.034     2.641   0.008
2021-05-15T02:24:57.022120200Z any_immunosuppression              -0.082   0.042    -1.940   0.052
2021-05-15T02:24:57.022127600Z dementia                            0.450   0.035    13.005   0.000
2021-05-15T02:24:57.022135100Z other_neuro_conditions              0.345   0.047     7.374   0.000
2021-05-15T02:24:57.022142600Z LD_incl_DS_and_CP                   0.153   0.314     0.486   0.627
2021-05-15T02:24:57.022149700Z psychosis_schiz_bipolar             0.101   0.085     1.190   0.234
2021-05-15T02:24:57.022156900Z multimorb1                          0.176   0.037     4.755   0.000
2021-05-15T02:24:57.022164100Z multimorb2                          0.370   0.060     6.163   0.000
2021-05-15T02:24:57.022171200Z multimorb3                          0.449   0.087     5.159   0.000
2021-05-15T02:24:57.022178400Z multimorb4+                         0.409   0.123     3.326   0.001
2021-05-15T02:24:57.022185300Z shielded                            0.359   0.022    16.086   0.000
2021-05-15T02:24:57.022192300Z flu_vaccine                        -0.161   0.026    -6.295   0.000
2021-05-15T02:24:57.022206900Z efi_catMild                         0.246   0.055     4.451   0.000
2021-05-15T02:24:57.022214500Z efi_catModerate                     0.493   0.055     8.961   0.000
2021-05-15T02:24:57.022221700Z efi_catSevere                       0.735   0.057    12.966   0.000
2021-05-15T02:24:57.022228700Z ns(tstop, df = 4)1                  1.396   0.089    15.618   0.000
2021-05-15T02:24:57.022235700Z ns(tstop, df = 4)2                  1.694   0.089    19.016   0.000
2021-05-15T02:24:57.022247000Z ns(tstop, df = 4)3                  2.389   0.199    12.011   0.000
2021-05-15T02:24:57.022256300Z ns(tstop, df = 4)4                  1.451   0.084    17.236   0.000
2021-05-15T02:24:57.022263300Z regionEast Midlands                 0.340   0.128     2.659   0.008
2021-05-15T02:24:57.022271000Z regionLondon                        1.279   0.231     5.541   0.000
2021-05-15T02:24:57.022278000Z regionNorth East                    0.810   0.193     4.199   0.000
2021-05-15T02:24:57.022285100Z regionNorth West                    0.588   0.175     3.349   0.001
2021-05-15T02:24:57.022294400Z regionSouth East                    1.473   0.165     8.909   0.000
2021-05-15T02:24:57.022302100Z regionSouth West                    2.907   0.128    22.775   0.000
2021-05-15T02:24:57.022309400Z regionWest Midlands                 3.127   0.225    13.915   0.000
2021-05-15T02:24:57.022316700Z regionYorkshire and The            -0.725   0.140    -5.186   0.000
2021-05-15T02:24:57.022323800Z Humber                                                             
2021-05-15T02:24:57.022330900Z ns(tstop, df =                     -0.327   0.142    -2.303   0.021
2021-05-15T02:24:57.022338000Z 4)1:regionEast Midlands                                            
2021-05-15T02:24:57.022345400Z ns(tstop, df =                     -0.295   0.138    -2.142   0.032
2021-05-15T02:24:57.022352600Z 4)2:regionEast Midlands                                            
2021-05-15T02:24:57.022360000Z ns(tstop, df =                     -0.529   0.309    -1.711   0.087
2021-05-15T02:24:57.022367400Z 4)3:regionEast Midlands                                            
2021-05-15T02:24:57.022374700Z ns(tstop, df =                      0.361   0.125     2.889   0.004
2021-05-15T02:24:57.022382000Z 4)4:regionEast Midlands                                            
2021-05-15T02:24:57.022389500Z ns(tstop, df =                      0.561   0.247     2.268   0.023
2021-05-15T02:24:57.022396700Z 4)1:regionLondon                                                   
2021-05-15T02:24:57.022403800Z ns(tstop, df =                     -0.338   0.252    -1.342   0.180
2021-05-15T02:24:57.022410800Z 4)2:regionLondon                                                   
2021-05-15T02:24:57.022417700Z ns(tstop, df =                     -0.150   0.552    -0.272   0.785
2021-05-15T02:24:57.022424700Z 4)3:regionLondon                                                   
2021-05-15T02:24:57.022431700Z ns(tstop, df =                      0.158   0.231     0.685   0.493
2021-05-15T02:24:57.022447600Z 4)4:regionLondon                                                   
2021-05-15T02:24:57.022455100Z ns(tstop, df =                     -0.675   0.225    -2.994   0.003
2021-05-15T02:24:57.022462200Z 4)1:regionNorth East                                               
2021-05-15T02:24:57.022469200Z ns(tstop, df =                     -0.149   0.210    -0.706   0.480
2021-05-15T02:24:57.022476300Z 4)2:regionNorth East                                               
2021-05-15T02:24:57.022483300Z ns(tstop, df =                     -0.304   0.474    -0.641   0.522
2021-05-15T02:24:57.022490300Z 4)3:regionNorth East                                               
2021-05-15T02:24:57.022497300Z ns(tstop, df =                      0.317   0.190     1.671   0.095
2021-05-15T02:24:57.022504300Z 4)4:regionNorth East                                               
2021-05-15T02:24:57.022511400Z ns(tstop, df =                      0.157   0.190     0.827   0.409
2021-05-15T02:24:57.022518600Z 4)1:regionNorth West                                               
2021-05-15T02:24:57.022526500Z ns(tstop, df =                      0.137   0.181     0.756   0.450
2021-05-15T02:24:57.022533900Z 4)2:regionNorth West                                               
2021-05-15T02:24:57.022541000Z ns(tstop, df =                      0.729   0.419     1.741   0.082
2021-05-15T02:24:57.022548100Z 4)3:regionNorth West                                               
2021-05-15T02:24:57.022555100Z ns(tstop, df =                      0.433   0.157     2.754   0.006
2021-05-15T02:24:57.022562300Z 4)4:regionNorth West                                               
2021-05-15T02:24:57.022569100Z ns(tstop, df =                      0.223   0.184     1.212   0.226
2021-05-15T02:24:57.022576100Z 4)1:regionSouth East                                               
2021-05-15T02:24:57.022583100Z ns(tstop, df =                     -0.174   0.177    -0.981   0.327
2021-05-15T02:24:57.022590200Z 4)2:regionSouth East                                               
2021-05-15T02:24:57.022597100Z ns(tstop, df =                     -0.666   0.404    -1.650   0.099
2021-05-15T02:24:57.022604100Z 4)3:regionSouth East                                               
2021-05-15T02:24:57.022611100Z ns(tstop, df =                      0.624   0.161     3.877   0.000
2021-05-15T02:24:57.022618200Z 4)4:regionSouth East                                               
2021-05-15T02:24:57.022625200Z ns(tstop, df =                     -0.133   0.142    -0.936   0.349
2021-05-15T02:24:57.022632400Z 4)1:regionSouth West                                               
2021-05-15T02:24:57.022639500Z ns(tstop, df =                     -0.065   0.137    -0.471   0.637
2021-05-15T02:24:57.022646600Z 4)2:regionSouth West                                               
2021-05-15T02:24:57.022653500Z ns(tstop, df =                     -0.224   0.310    -0.723   0.469
2021-05-15T02:24:57.022668400Z 4)3:regionSouth West                                               
2021-05-15T02:24:57.022675900Z ns(tstop, df =                      0.603   0.127     4.735   0.000
2021-05-15T02:24:57.022683000Z 4)4:regionSouth West                                               
2021-05-15T02:24:57.022690200Z ns(tstop, df =                      0.416   0.242     1.723   0.085
2021-05-15T02:24:57.022697300Z 4)1:regionWest Midlands                                            
2021-05-15T02:24:57.022704300Z ns(tstop, df =                      0.193   0.232     0.832   0.406
2021-05-15T02:24:57.022711500Z 4)2:regionWest Midlands                                            
2021-05-15T02:24:57.022718500Z ns(tstop, df =                      0.068   0.539     0.127   0.899
2021-05-15T02:24:57.022725700Z 4)3:regionWest Midlands                                            
2021-05-15T02:24:57.022733100Z ns(tstop, df =                      0.646   0.220     2.935   0.003
2021-05-15T02:24:57.022740400Z 4)4:regionWest Midlands                                            
2021-05-15T02:24:57.022748100Z ns(tstop, df =                     -0.284   0.157    -1.804   0.071
2021-05-15T02:24:57.022755300Z 4)1:regionYorkshire and The                                        
2021-05-15T02:24:57.022762300Z Humber                                                             
2021-05-15T02:24:57.022769400Z ns(tstop, df =                     -0.167   0.151    -1.109   0.267
2021-05-15T02:24:57.022776300Z 4)2:regionYorkshire and The                                        
2021-05-15T02:24:57.022783500Z Humber                                                             
2021-05-15T02:24:57.022790500Z ns(tstop, df =                     -0.406   0.341    -1.193   0.233
2021-05-15T02:24:57.022797700Z 4)3:regionYorkshire and The                                        
2021-05-15T02:24:57.022804700Z Humber                                                             
2021-05-15T02:24:57.022811900Z ns(tstop, df =                      0.194   0.139     1.403   0.161
2021-05-15T02:24:57.022819000Z 4)4:regionYorkshire and The                                        
2021-05-15T02:24:57.022826200Z Humber                                                             
2021-05-15T02:24:57.022833200Z -------------------------------------------------------------------
2021-05-15T02:24:57.022840300Z msmmod4_par data size = 7868678 
2021-05-15T02:25:10.372792600Z memory usage = 3.369 GB 
2021-05-15T02:26:15.788794100Z NULL
2021-05-15T02:26:15.788853900Z   
2021-05-15T02:26:17.131521400Z              used    (Mb) gc trigger    (Mb)   max used    (Mb)
2021-05-15T02:26:17.131553500Z Ncells    2339279   125.0   15764217   842.0    2339279   125.0
2021-05-15T02:26:17.131562900Z Vcells 1467713476 11197.8 3579977772 27313.1 1467713476 11197.8


state: succeeded
commit: 40052f412591a257916362728da1b0c1613ecd65
docker_image_id: sha256:b0e86ebee1d778d06c4c86d5d4c32dd910483eb4b0a9c7ed3997f928aa94c500
exit_code: 0
job_id: ef3n4dabmwk5bvwg
run_by_user: wjchulme
created_at: 2021-05-15T01:20:27Z
started_at: 2021-05-15T01:20:52Z
completed_at: 2021-05-15T02:26:29Z

Completed successfully

outputs:
  output/over80s/death/any/all/all/data_weights.rds           - highly_sensitive    
  output/over80s/death/any/all/all/model1.rds                 - highly_sensitive    
  output/over80s/death/any/all/all/model2.rds                 - highly_sensitive    
  output/over80s/death/any/all/all/model3.rds                 - highly_sensitive    
  output/over80s/death/any/all/all/model4.rds                 - highly_sensitive    
  output/over80s/death/any/all/all/model_formula_vaxany1.rds  - highly_sensitive    
  output/over80s/death/any/all/all/model_vaxany1.rds          - highly_sensitive    
  output/over80s/death/any/all/all/weights_histogram.svg      - moderately_sensitive
  output/over80s/death/any/all/all/weights_table.txt          - moderately_sensitive