2021-03-11T21:49:55.140535100Z -- Attaching packages --------------------------------------- tidyverse 1.3.0 --
2021-03-11T21:49:55.149974100Z v ggplot2 3.3.2     v purrr   0.3.4
2021-03-11T21:49:55.150014500Z v tibble  3.0.3     v dplyr   1.0.2
2021-03-11T21:49:55.150022700Z v tidyr   1.1.2     v stringr 1.4.0
2021-03-11T21:49:55.150029800Z v readr   1.3.1     v forcats 0.5.0
2021-03-11T21:49:55.336631700Z -- Conflicts ------------------------------------------ tidyverse_conflicts() --
2021-03-11T21:49:55.336677600Z x dplyr::filter() masks stats::filter()
2021-03-11T21:49:55.336686100Z x dplyr::lag()    masks stats::lag()
2021-03-11T21:49:57.478577500Z #BlackLivesMatter
2021-03-11T21:49:57.538210700Z 
2021-03-11T21:49:57.538287900Z Attaching package: 'lubridate'
2021-03-11T21:49:57.538296500Z 
2021-03-11T21:49:57.539661100Z The following objects are masked from 'package:base':
2021-03-11T21:49:57.539681200Z 
2021-03-11T21:49:57.539689300Z     date, intersect, setdiff, union
2021-03-11T21:49:57.539696500Z 
2021-03-11T21:49:57.899522600Z <environment: R_GlobalEnv>
2021-03-11T21:49:57.899980300Z <environment: R_GlobalEnv>
2021-03-11T21:50:48.766024300Z data_pt data size = 20496094 
2021-03-11T21:50:48.767154100Z   memory usage = 5.329 GB 
2021-03-11T21:51:09.891056900Z   ipwvaxpfizer1 
2021-03-11T22:27:10.381496700Z ipwvaxpfizer1_fxd 
2021-03-11T22:57:56.620852800Z ipwvaxaz1 
2021-03-11T23:29:51.494252800Z ipwvaxaz1_fxd 
2021-03-11T23:58:21.987686500Z ipwdeath 
2021-03-12T00:58:49.564940500Z ipwdeath_fxd 
2021-03-12T02:21:40.098547600Z Saving 7 x 7 in image
2021-03-12T02:21:50.767056000Z `stat_bin()` using `bins = 30`. Pick better value with `binwidth`.
2021-03-12T03:41:27.742293800Z data_weights data size = 20496094 
2021-03-12T03:41:28.374712900Z   memory usage = 2.624 GB 
2021-03-12T03:42:31.001346300Z   msmmod0 
2021-03-12T03:44:36.303459100Z msmmod1 
2021-03-12T03:48:05.627514300Z msmmod4 


state: failed
commit: 9b3a15915a99dd736982594579835af554e19d07
docker_image_id: sha256:c7cb8c47c64952beb4dc7e1b4b0edaf95b0fa5cc1af3f796e073e4190413ec9e
exit_code: 137
job_id: yufqdrhz3jttfrf5
run_by_user: wjchulme
created_at: 2021-03-11T21:39:12Z
started_at: 2021-03-11T21:49:52Z
completed_at: 2021-03-12T03:51:09Z

Job exited with an error code

outputs:
  output/in70s/postest/pfizer/all/all/data_weights.rds           - highly_sensitive    
  output/in70s/postest/pfizer/all/all/weights_histogram.svg      - moderately_sensitive
  output/in70s/postest/pfizer/all/all/weights_model_az.html      - moderately_sensitive
  output/in70s/postest/pfizer/all/all/weights_model_pfizer.html  - moderately_sensitive
  output/in70s/postest/pfizer/all/all/weights_table.txt          - moderately_sensitive
  output/in70s/postest/pfizer/all/strata_vector.rds              - moderately_sensitive