2021-05-15T22:36:45.645997900Z -- Attaching packages --------------------------------------- tidyverse 1.3.0 --
2021-05-15T22:36:45.654602800Z v ggplot2 3.3.2     v purrr   0.3.4
2021-05-15T22:36:45.654626600Z v tibble  3.0.3     v dplyr   1.0.2
2021-05-15T22:36:45.654635500Z v tidyr   1.1.2     v stringr 1.4.0
2021-05-15T22:36:45.654642700Z v readr   1.3.1     v forcats 0.5.0
2021-05-15T22:36:45.827206900Z -- Conflicts ------------------------------------------ tidyverse_conflicts() --
2021-05-15T22:36:45.827242700Z x dplyr::filter() masks stats::filter()
2021-05-15T22:36:45.827251500Z x dplyr::lag()    masks stats::lag()
2021-05-15T22:36:45.839956700Z 
2021-05-15T22:36:45.839977200Z Attaching package: 'glue'
2021-05-15T22:36:45.839985500Z 
2021-05-15T22:36:45.841344200Z The following object is masked from 'package:dplyr':
2021-05-15T22:36:45.841360400Z 
2021-05-15T22:36:45.841368200Z     collapse
2021-05-15T22:36:45.841375500Z 
2021-05-15T22:36:47.843045900Z #BlackLivesMatter
2021-05-15T22:36:47.908893000Z 
2021-05-15T22:36:47.908934500Z Attaching package: 'lubridate'
2021-05-15T22:36:47.908943100Z 
2021-05-15T22:36:47.909494800Z The following objects are masked from 'package:base':
2021-05-15T22:36:47.909514200Z 
2021-05-15T22:36:47.909522500Z     date, intersect, setdiff, union
2021-05-15T22:36:47.909529900Z 
2021-05-15T22:36:48.242554300Z <environment: R_GlobalEnv>
2021-05-15T22:36:48.243067600Z <environment: R_GlobalEnv>
2021-05-15T22:38:58.263161600Z data_pt data size = 3993795 
2021-05-15T22:38:58.265312100Z   memory usage = 1.854 GB 
2021-05-15T22:38:58.793384400Z     
2021-05-15T22:38:58.793469600Z all   
2021-05-15T22:38:58.793479500Z   
2021-05-15T22:39:13.996396600Z   
2021-05-15T22:55:06.803883200Z vaxpfizer1  vaxpfizer1 data size = 3449280 
2021-05-15T22:55:18.837648900Z memory usage = 3.12 GB 
2021-05-15T22:55:18.837781600Z   
2021-05-15T23:03:11.399258200Z vaxpfizer1_fxd  vaxpfizer1_fxd data size = 3449280 
2021-05-15T23:03:21.589302000Z memory usage = 3.119 GB 
2021-05-15T23:06:09.635293200Z   
2021-05-15T23:09:25.140665700Z vaxaz1  vaxaz1 data size = 1266663 
2021-05-15T23:09:27.544879300Z memory usage = 1.147 GB 
2021-05-15T23:09:27.544987800Z   
2021-05-15T23:11:57.568258400Z vaxaz1_fxd  vaxaz1_fxd data size = 1266663 
2021-05-15T23:12:01.765746200Z memory usage = 1.146 GB 
2021-05-15T23:13:46.260889500Z   
2021-05-15T23:46:20.418385900Z noncoviddeath  noncoviddeath data size = 3993795 
2021-05-15T23:46:35.436865300Z memory usage = 3.612 GB 
2021-05-15T23:46:35.437099900Z   
2021-05-16T00:08:07.436559100Z noncoviddeath_fxd  noncoviddeath_fxd data size = 3993795 
2021-05-16T00:08:29.876182400Z memory usage = 3.612 GB 
2021-05-16T00:12:46.961755000Z Saving 7 x 7 in image
2021-05-16T00:12:48.582536800Z `stat_bin()` using `bins = 30`. Pick better value with `binwidth`.
2021-05-16T00:12:51.660825200Z   
2021-05-16T00:12:51.661356400Z data_weights data size = 3993795   
2021-05-16T00:12:51.661952400Z memory usage = 0.671 GB   
2021-05-16T00:13:09.013320300Z   
2021-05-16T00:13:09.013426600Z msmmod1 
2021-05-16T00:17:00.973882200Z MODEL INFO:
2021-05-16T00:17:00.973967500Z Observations: 3993795
2021-05-16T00:17:00.973977100Z Dependent Variable: 
2021-05-16T00:17:00.974011000Z Type: Generalized linear model
2021-05-16T00:17:00.974019800Z   Family: binomial 
2021-05-16T00:17:00.974027400Z   Link function: logit 
2021-05-16T00:17:00.974036400Z 
2021-05-16T00:17:00.976561300Z MODEL FIT:
2021-05-16T00:17:00.976617400Z <U+03C7><U+00B2>(50) = 11517.774, p = 0.000
2021-05-16T00:17:00.976627200Z Pseudo-R<U+00B2> (Cragg-Uhler) = 
2021-05-16T00:17:00.976635100Z Pseudo-R<U+00B2> (McFadden) = 0.126
2021-05-16T00:17:00.976642800Z AIC = 80011.026, BIC = 80684.239 
2021-05-16T00:17:00.976650500Z 
2021-05-16T00:17:00.977101000Z Standard errors: MLE
2021-05-16T00:17:01.222643000Z -----------------------------------------------------------------
2021-05-16T00:17:01.222766200Z                                    Est.    S.E.    z val.       p
2021-05-16T00:17:01.222775400Z ----------------------------- --------- ------- --------- -------
2021-05-16T00:17:01.222783800Z (Intercept)                     -13.649   0.489   -27.893   0.000
2021-05-16T00:17:01.222791600Z timesincevax_pw1-3               -3.067   0.268   -11.437   0.000
2021-05-16T00:17:01.222799900Z timesincevax_pw4-7               -2.884   0.205   -14.040   0.000
2021-05-16T00:17:01.222807700Z timesincevax_pw8-14              -2.249   0.114   -19.730   0.000
2021-05-16T00:17:01.222815900Z timesincevax_pw15-21             -1.890   0.103   -18.395   0.000
2021-05-16T00:17:01.222823800Z timesincevax_pw22-28             -2.147   0.133   -16.088   0.000
2021-05-16T00:17:01.222832000Z timesincevax_pw29+               -2.515   0.208   -12.111   0.000
2021-05-16T00:17:01.222839600Z ns(tstop, df = 4)1                3.996   0.469     8.516   0.000
2021-05-16T00:17:01.222847700Z ns(tstop, df = 4)2                5.327   0.317    16.814   0.000
2021-05-16T00:17:01.222855800Z ns(tstop, df = 4)3                9.634   1.012     9.524   0.000
2021-05-16T00:17:01.222863500Z ns(tstop, df = 4)4                3.762   0.228    16.517   0.000
2021-05-16T00:17:01.222909400Z regionEast Midlands               0.326   0.792     0.412   0.681
2021-05-16T00:17:01.222917800Z regionLondon                      1.139   1.481     0.770   0.442
2021-05-16T00:17:01.222925000Z regionNorth East                 -1.611   1.652    -0.975   0.329
2021-05-16T00:17:01.222932400Z regionNorth West                  1.366   0.925     1.477   0.140
2021-05-16T00:17:01.222939500Z regionSouth East                  2.959   0.838     3.531   0.000
2021-05-16T00:17:01.222947000Z regionSouth West                  1.966   1.279     1.538   0.124
2021-05-16T00:17:01.222954300Z regionWest Midlands               6.040   0.869     6.953   0.000
2021-05-16T00:17:01.222961500Z regionYorkshire and The          -0.976   0.941    -1.037   0.300
2021-05-16T00:17:01.222968800Z Humber                                                           
2021-05-16T00:17:01.223023000Z ns(tstop, df =                   -0.620   0.761    -0.815   0.415
2021-05-16T00:17:01.223038200Z 4)1:regionEast Midlands                                          
2021-05-16T00:17:01.223045900Z ns(tstop, df =                   -0.312   0.512    -0.611   0.541
2021-05-16T00:17:01.223053100Z 4)2:regionEast Midlands                                          
2021-05-16T00:17:01.223060500Z ns(tstop, df =                   -0.610   1.644    -0.371   0.711
2021-05-16T00:17:01.223067700Z 4)3:regionEast Midlands                                          
2021-05-16T00:17:01.223075200Z ns(tstop, df =                    0.502   0.364     1.382   0.167
2021-05-16T00:17:01.223082500Z 4)4:regionEast Midlands                                          
2021-05-16T00:17:01.223092800Z ns(tstop, df =                    0.884   1.424     0.621   0.535
2021-05-16T00:17:01.223100300Z 4)1:regionLondon                                                 
2021-05-16T00:17:01.223107600Z ns(tstop, df =                    0.829   0.957     0.866   0.386
2021-05-16T00:17:01.223114800Z 4)2:regionLondon                                                 
2021-05-16T00:17:01.223122300Z ns(tstop, df =                    0.085   3.011     0.028   0.977
2021-05-16T00:17:01.223129500Z 4)3:regionLondon                                                 
2021-05-16T00:17:01.223136500Z ns(tstop, df =                   -0.481   0.695    -0.692   0.489
2021-05-16T00:17:01.223143600Z 4)4:regionLondon                                                 
2021-05-16T00:17:01.223150600Z ns(tstop, df =                    1.892   1.560     1.213   0.225
2021-05-16T00:17:01.223157700Z 4)1:regionNorth East                                             
2021-05-16T00:17:01.223164800Z ns(tstop, df =                    0.308   1.077     0.286   0.775
2021-05-16T00:17:01.223172500Z 4)2:regionNorth East                                             
2021-05-16T00:17:01.223179700Z ns(tstop, df =                    4.967   3.364     1.477   0.140
2021-05-16T00:17:01.223197100Z 4)3:regionNorth East                                             
2021-05-16T00:17:01.223204900Z ns(tstop, df =                    0.622   0.718     0.867   0.386
2021-05-16T00:17:01.223212300Z 4)4:regionNorth East                                             
2021-05-16T00:17:01.223219800Z ns(tstop, df =                   -0.817   0.887    -0.922   0.357
2021-05-16T00:17:01.223227400Z 4)1:regionNorth West                                             
2021-05-16T00:17:01.223234500Z ns(tstop, df =                   -0.500   0.611    -0.818   0.414
2021-05-16T00:17:01.223241600Z 4)2:regionNorth West                                             
2021-05-16T00:17:01.223249100Z ns(tstop, df =                   -1.430   1.948    -0.734   0.463
2021-05-16T00:17:01.223256000Z 4)3:regionNorth West                                             
2021-05-16T00:17:01.223263500Z ns(tstop, df =                   -0.271   0.457    -0.593   0.553
2021-05-16T00:17:01.223270600Z 4)4:regionNorth West                                             
2021-05-16T00:17:01.223277900Z ns(tstop, df =                   -1.740   0.819    -2.125   0.034
2021-05-16T00:17:01.223284900Z 4)1:regionSouth East                                             
2021-05-16T00:17:01.223292000Z ns(tstop, df =                   -0.393   0.554    -0.709   0.478
2021-05-16T00:17:01.223299000Z 4)2:regionSouth East                                             
2021-05-16T00:17:01.223306300Z ns(tstop, df =                   -4.551   1.810    -2.515   0.012
2021-05-16T00:17:01.223313300Z 4)3:regionSouth East                                             
2021-05-16T00:17:01.223320400Z ns(tstop, df =                   -0.399   0.459    -0.870   0.384
2021-05-16T00:17:01.223328100Z 4)4:regionSouth East                                             
2021-05-16T00:17:01.223335600Z ns(tstop, df =                    0.134   1.233     0.109   0.913
2021-05-16T00:17:01.223342700Z 4)1:regionSouth West                                             
2021-05-16T00:17:01.223349800Z ns(tstop, df =                    1.021   0.807     1.266   0.206
2021-05-16T00:17:01.223357000Z 4)2:regionSouth West                                             
2021-05-16T00:17:01.223364300Z ns(tstop, df =                    1.658   2.624     0.632   0.527
2021-05-16T00:17:01.223371400Z 4)3:regionSouth West                                             
2021-05-16T00:17:01.223378800Z ns(tstop, df =                    1.048   0.559     1.876   0.061
2021-05-16T00:17:01.223386200Z 4)4:regionSouth West                                             
2021-05-16T00:17:01.223393700Z ns(tstop, df =                   -2.286   0.848    -2.695   0.007
2021-05-16T00:17:01.223400900Z 4)1:regionWest Midlands                                          
2021-05-16T00:17:01.223408000Z ns(tstop, df =                   -0.829   0.577    -1.436   0.151
2021-05-16T00:17:01.223415300Z 4)2:regionWest Midlands                                          
2021-05-16T00:17:01.223431200Z ns(tstop, df =                   -3.851   1.872    -2.058   0.040
2021-05-16T00:17:01.223439000Z 4)3:regionWest Midlands                                          
2021-05-16T00:17:01.223446300Z ns(tstop, df =                   -0.945   0.462    -2.045   0.041
2021-05-16T00:17:01.223453300Z 4)4:regionWest Midlands                                          
2021-05-16T00:17:01.223460500Z ns(tstop, df =                   -0.470   0.903    -0.520   0.603
2021-05-16T00:17:01.223467700Z 4)1:regionYorkshire and The                                      
2021-05-16T00:17:01.223474900Z Humber                                                           
2021-05-16T00:17:01.223481900Z ns(tstop, df =                   -0.430   0.608    -0.706   0.480
2021-05-16T00:17:01.223489700Z 4)2:regionYorkshire and The                                      
2021-05-16T00:17:01.223497100Z Humber                                                           
2021-05-16T00:17:01.223504100Z ns(tstop, df =                   -0.507   1.966    -0.258   0.796
2021-05-16T00:17:01.223511100Z 4)3:regionYorkshire and The                                      
2021-05-16T00:17:01.223518600Z Humber                                                           
2021-05-16T00:17:01.223525700Z ns(tstop, df =                    0.307   0.430     0.713   0.476
2021-05-16T00:17:01.223532800Z 4)4:regionYorkshire and The                                      
2021-05-16T00:17:01.223539800Z Humber                                                           
2021-05-16T00:17:01.223547700Z -----------------------------------------------------------------
2021-05-16T00:17:01.223676100Z msmmod1_par data size = 3993795 
2021-05-16T00:17:11.309235400Z memory usage = 1.71 GB 
2021-05-16T00:17:37.094946000Z   
2021-05-16T00:17:37.095065600Z msmmod2 
2021-05-16T00:27:59.635409800Z MODEL INFO:
2021-05-16T00:27:59.635492700Z Observations: 3993795
2021-05-16T00:27:59.635502500Z Dependent Variable: 
2021-05-16T00:27:59.635510700Z Type: Generalized linear model
2021-05-16T00:27:59.635518300Z   Family: binomial 
2021-05-16T00:27:59.635526400Z   Link function: logit 
2021-05-16T00:27:59.635534200Z 
2021-05-16T00:27:59.637264900Z MODEL FIT:
2021-05-16T00:27:59.637300000Z <U+03C7><U+00B2>(88) = 13891.095, p = 0.000
2021-05-16T00:27:59.637310500Z Pseudo-R<U+00B2> (Cragg-Uhler) = 
2021-05-16T00:27:59.637319000Z Pseudo-R<U+00B2> (McFadden) = 0.152
2021-05-16T00:27:59.637327100Z AIC = 77713.704, BIC = 78888.526 
2021-05-16T00:27:59.637335200Z 
2021-05-16T00:27:59.637507100Z Standard errors: MLE
2021-05-16T00:27:59.925295700Z -------------------------------------------------------------------
2021-05-16T00:27:59.925412900Z                                      Est.    S.E.    z val.       p
2021-05-16T00:27:59.925422600Z ------------------------------- --------- ------- --------- -------
2021-05-16T00:27:59.925430000Z (Intercept)                       -24.194   4.385    -5.518   0.000
2021-05-16T00:27:59.925437300Z timesincevax_pw1-3                 -3.086   0.268   -11.508   0.000
2021-05-16T00:27:59.925444400Z timesincevax_pw4-7                 -2.889   0.206   -14.059   0.000
2021-05-16T00:27:59.925451600Z timesincevax_pw8-14                -2.233   0.114   -19.524   0.000
2021-05-16T00:27:59.925458600Z timesincevax_pw15-21               -1.854   0.104   -17.902   0.000
2021-05-16T00:27:59.925465600Z timesincevax_pw22-28               -2.085   0.134   -15.512   0.000
2021-05-16T00:27:59.925472700Z timesincevax_pw29+                 -2.417   0.208   -11.596   0.000
2021-05-16T00:27:59.925479900Z poly(age, degree = 2, raw =         0.146   0.099     1.470   0.141
2021-05-16T00:27:59.925487100Z TRUE)1                                                             
2021-05-16T00:27:59.925494200Z poly(age, degree = 2, raw =        -0.000   0.001    -0.836   0.403
2021-05-16T00:27:59.925501300Z TRUE)2                                                             
2021-05-16T00:27:59.925508500Z sexMale                             0.640   0.031    20.520   0.000
2021-05-16T00:27:59.925515600Z imd2                                0.125   0.050     2.507   0.012
2021-05-16T00:27:59.925522800Z imd3                                0.190   0.050     3.821   0.000
2021-05-16T00:27:59.925530000Z imd4                                0.197   0.051     3.849   0.000
2021-05-16T00:27:59.925537400Z imd5 least deprived                 0.061   0.053     1.165   0.244
2021-05-16T00:27:59.925544400Z ethnicity_combinedBlack            -0.092   0.118    -0.777   0.437
2021-05-16T00:27:59.925551900Z ethnicity_combinedSouth             0.085   0.075     1.138   0.255
2021-05-16T00:27:59.925560500Z Asian                                                              
2021-05-16T00:27:59.925567900Z ethnicity_combinedMixed             0.550   0.197     2.798   0.005
2021-05-16T00:27:59.925575200Z ethnicity_combinedOther             0.578   0.153     3.784   0.000
2021-05-16T00:27:59.925582500Z bmiObese I (30-34.9)               -0.118   0.046    -2.550   0.011
2021-05-16T00:27:59.925589600Z bmiObese II (35-39.9)              -0.057   0.093    -0.609   0.543
2021-05-16T00:27:59.925597100Z bmiObese III (40+)                  0.073   0.140     0.522   0.601
2021-05-16T00:27:59.925604600Z heart_failure                       0.315   0.045     6.939   0.000
2021-05-16T00:27:59.925612300Z other_heart_disease                -0.026   0.051    -0.516   0.606
2021-05-16T00:27:59.925619700Z dialysis                            0.820   0.191     4.294   0.000
2021-05-16T00:27:59.925629400Z diabetes                            0.055   0.060     0.912   0.362
2021-05-16T00:27:59.925646800Z chronic_liver_disease               0.488   0.151     3.220   0.001
2021-05-16T00:27:59.925655000Z current_copd                        0.040   0.061     0.660   0.509
2021-05-16T00:27:59.925662700Z other_resp_conditions               0.052   0.061     0.857   0.392
2021-05-16T00:27:59.925670100Z lung_cancer                         0.427   0.157     2.727   0.006
2021-05-16T00:27:59.925783400Z haematological_cancer               0.176   0.100     1.769   0.077
2021-05-16T00:27:59.925802400Z cancer_excl_lung_and_haem          -0.024   0.062    -0.391   0.695
2021-05-16T00:27:59.925810300Z any_immunosuppression               0.006   0.075     0.074   0.941
2021-05-16T00:27:59.925817600Z dementia                            0.540   0.061     8.918   0.000
2021-05-16T00:27:59.925824800Z other_neuro_conditions              0.308   0.079     3.903   0.000
2021-05-16T00:27:59.925832300Z LD_incl_DS_and_CP                   0.234   0.451     0.518   0.604
2021-05-16T00:27:59.925839700Z psychosis_schiz_bipolar             0.062   0.144     0.433   0.665
2021-05-16T00:27:59.925847100Z multimorb1                          0.101   0.066     1.524   0.127
2021-05-16T00:27:59.925854600Z multimorb2                          0.223   0.108     2.070   0.038
2021-05-16T00:27:59.925861800Z multimorb3                          0.212   0.155     1.365   0.172
2021-05-16T00:27:59.925869000Z multimorb4+                         0.311   0.217     1.431   0.152
2021-05-16T00:27:59.925876300Z shielded                            0.336   0.040     8.426   0.000
2021-05-16T00:27:59.925883800Z flu_vaccine                         0.132   0.046     2.854   0.004
2021-05-16T00:27:59.925891400Z efi_catMild                         0.460   0.104     4.426   0.000
2021-05-16T00:27:59.925898800Z efi_catModerate                     0.743   0.103     7.198   0.000
2021-05-16T00:27:59.925906300Z efi_catSevere                       1.074   0.106    10.139   0.000
2021-05-16T00:27:59.925913800Z ns(tstop, df = 4)1                  3.975   0.464     8.575   0.000
2021-05-16T00:27:59.925921200Z ns(tstop, df = 4)2                  5.163   0.313    16.483   0.000
2021-05-16T00:27:59.925928600Z ns(tstop, df = 4)3                  9.373   1.000     9.377   0.000
2021-05-16T00:27:59.925935900Z ns(tstop, df = 4)4                  3.717   0.227    16.366   0.000
2021-05-16T00:27:59.925943500Z regionEast Midlands                 0.315   0.782     0.402   0.687
2021-05-16T00:27:59.925950800Z regionLondon                        0.986   1.481     0.666   0.505
2021-05-16T00:27:59.925958500Z regionNorth East                   -1.671   1.634    -1.023   0.306
2021-05-16T00:27:59.925966000Z regionNorth West                    1.329   0.915     1.452   0.146
2021-05-16T00:27:59.925973700Z regionSouth East                    2.780   0.833     3.336   0.001
2021-05-16T00:27:59.925982000Z regionSouth West                    1.944   1.246     1.561   0.119
2021-05-16T00:27:59.925989500Z regionWest Midlands                 5.747   0.863     6.658   0.000
2021-05-16T00:27:59.926008100Z regionYorkshire and The            -1.035   0.931    -1.111   0.266
2021-05-16T00:27:59.926016400Z Humber                                                             
2021-05-16T00:27:59.926023700Z ns(tstop, df =                     -0.582   0.752    -0.774   0.439
2021-05-16T00:27:59.926031100Z 4)1:regionEast Midlands                                            
2021-05-16T00:27:59.926038300Z ns(tstop, df =                     -0.343   0.506    -0.678   0.498
2021-05-16T00:27:59.926045700Z 4)2:regionEast Midlands                                            
2021-05-16T00:27:59.926053000Z ns(tstop, df =                     -0.648   1.624    -0.399   0.690
2021-05-16T00:27:59.926060500Z 4)3:regionEast Midlands                                            
2021-05-16T00:27:59.926067800Z ns(tstop, df =                      0.457   0.361     1.263   0.206
2021-05-16T00:27:59.926075300Z 4)4:regionEast Midlands                                            
2021-05-16T00:27:59.926082600Z ns(tstop, df =                      0.956   1.424     0.671   0.502
2021-05-16T00:27:59.926089900Z 4)1:regionLondon                                                   
2021-05-16T00:27:59.926097200Z ns(tstop, df =                      0.952   0.957     0.996   0.319
2021-05-16T00:27:59.926104700Z 4)2:regionLondon                                                   
2021-05-16T00:27:59.926112000Z ns(tstop, df =                      0.492   3.012     0.163   0.870
2021-05-16T00:27:59.926119300Z 4)3:regionLondon                                                   
2021-05-16T00:27:59.926126500Z ns(tstop, df =                     -0.205   0.693    -0.295   0.768
2021-05-16T00:27:59.926133800Z 4)4:regionLondon                                                   
2021-05-16T00:27:59.926141000Z ns(tstop, df =                      1.879   1.543     1.218   0.223
2021-05-16T00:27:59.926148200Z 4)1:regionNorth East                                               
2021-05-16T00:27:59.926155700Z ns(tstop, df =                      0.210   1.065     0.197   0.844
2021-05-16T00:27:59.926163500Z 4)2:regionNorth East                                               
2021-05-16T00:27:59.926170800Z ns(tstop, df =                      4.890   3.328     1.469   0.142
2021-05-16T00:27:59.926178100Z 4)3:regionNorth East                                               
2021-05-16T00:27:59.926185500Z ns(tstop, df =                      0.656   0.712     0.921   0.357
2021-05-16T00:27:59.926192900Z 4)4:regionNorth East                                               
2021-05-16T00:27:59.926200200Z ns(tstop, df =                     -0.786   0.878    -0.895   0.371
2021-05-16T00:27:59.926207400Z 4)1:regionNorth West                                               
2021-05-16T00:27:59.926216100Z ns(tstop, df =                     -0.385   0.605    -0.637   0.524
2021-05-16T00:27:59.926223700Z 4)2:regionNorth West                                               
2021-05-16T00:27:59.926238500Z ns(tstop, df =                     -1.269   1.929    -0.658   0.511
2021-05-16T00:27:59.926246900Z 4)3:regionNorth West                                               
2021-05-16T00:27:59.926258500Z ns(tstop, df =                     -0.175   0.455    -0.385   0.700
2021-05-16T00:27:59.926266100Z 4)4:regionNorth West                                               
2021-05-16T00:27:59.926273300Z ns(tstop, df =                     -1.704   0.815    -2.092   0.036
2021-05-16T00:27:59.926280700Z 4)1:regionSouth East                                               
2021-05-16T00:27:59.926288100Z ns(tstop, df =                     -0.328   0.551    -0.595   0.552
2021-05-16T00:27:59.926295600Z 4)2:regionSouth East                                               
2021-05-16T00:27:59.926303000Z ns(tstop, df =                     -4.375   1.801    -2.430   0.015
2021-05-16T00:27:59.926310700Z 4)3:regionSouth East                                               
2021-05-16T00:27:59.926318100Z ns(tstop, df =                     -0.392   0.458    -0.855   0.393
2021-05-16T00:27:59.926325600Z 4)4:regionSouth East                                               
2021-05-16T00:27:59.926333000Z ns(tstop, df =                      0.129   1.201     0.107   0.915
2021-05-16T00:27:59.926340600Z 4)1:regionSouth West                                               
2021-05-16T00:27:59.926348100Z ns(tstop, df =                      0.974   0.787     1.237   0.216
2021-05-16T00:27:59.926355700Z 4)2:regionSouth West                                               
2021-05-16T00:27:59.926363100Z ns(tstop, df =                      1.401   2.559     0.548   0.584
2021-05-16T00:27:59.926370400Z 4)3:regionSouth West                                               
2021-05-16T00:27:59.926378600Z ns(tstop, df =                      1.050   0.549     1.911   0.056
2021-05-16T00:27:59.926386200Z 4)4:regionSouth West                                               
2021-05-16T00:27:59.926393600Z ns(tstop, df =                     -2.194   0.843    -2.604   0.009
2021-05-16T00:27:59.926401300Z 4)1:regionWest Midlands                                            
2021-05-16T00:27:59.926409000Z ns(tstop, df =                     -0.768   0.575    -1.337   0.181
2021-05-16T00:27:59.926416700Z 4)2:regionWest Midlands                                            
2021-05-16T00:27:59.926424500Z ns(tstop, df =                     -3.468   1.861    -1.863   0.062
2021-05-16T00:27:59.926431900Z 4)3:regionWest Midlands                                            
2021-05-16T00:27:59.926439700Z ns(tstop, df =                     -0.521   0.463    -1.125   0.261
2021-05-16T00:27:59.926446900Z 4)4:regionWest Midlands                                            
2021-05-16T00:27:59.926454900Z ns(tstop, df =                     -0.428   0.894    -0.479   0.632
2021-05-16T00:27:59.926462700Z 4)1:regionYorkshire and The                                        
2021-05-16T00:27:59.926478200Z Humber                                                             
2021-05-16T00:27:59.926486000Z ns(tstop, df =                     -0.413   0.602    -0.685   0.493
2021-05-16T00:27:59.926493700Z 4)2:regionYorkshire and The                                        
2021-05-16T00:27:59.926500900Z Humber                                                             
2021-05-16T00:27:59.926508400Z ns(tstop, df =                     -0.463   1.946    -0.238   0.812
2021-05-16T00:27:59.926515700Z 4)3:regionYorkshire and The                                        
2021-05-16T00:27:59.926523100Z Humber                                                             
2021-05-16T00:27:59.926530400Z ns(tstop, df =                      0.294   0.428     0.688   0.492
2021-05-16T00:27:59.926538700Z 4)4:regionYorkshire and The                                        
2021-05-16T00:27:59.926546300Z Humber                                                             
2021-05-16T00:27:59.926553600Z -------------------------------------------------------------------
2021-05-16T00:27:59.926561200Z msmmod2_par data size = 3993795 
2021-05-16T00:28:09.882119300Z memory usage = 1.71 GB 
2021-05-16T00:28:42.545576700Z   
2021-05-16T00:28:42.545673700Z msmmod3 
2021-05-16T00:44:17.962213700Z MODEL INFO:
2021-05-16T00:44:17.962321400Z Observations: 3993795
2021-05-16T00:44:17.962331300Z Dependent Variable: 
2021-05-16T00:44:17.962339700Z Type: Generalized linear model
2021-05-16T00:44:17.962347500Z   Family: binomial 
2021-05-16T00:44:17.962355900Z   Link function: logit 
2021-05-16T00:44:17.962363600Z 
2021-05-16T00:44:17.964072100Z MODEL FIT:
2021-05-16T00:44:17.964100200Z <U+03C7><U+00B2>(110) = 42051.705, p = 0.000
2021-05-16T00:44:17.964110900Z Pseudo-R<U+00B2> (Cragg-Uhler) = 
2021-05-16T00:44:17.964119100Z Pseudo-R<U+00B2> (McFadden) = 0.460
2021-05-16T00:44:17.964127300Z AIC = 49597.067, BIC = 51062.295 
2021-05-16T00:44:17.964135400Z 
2021-05-16T00:44:17.964276900Z Standard errors: MLE
2021-05-16T00:44:19.812125900Z -----------------------------------------------------------------------------
2021-05-16T00:44:19.812226200Z                                                        Est.    S.E.    z val.
2021-05-16T00:44:19.812236600Z -------------------------------------------------- -------- ------- ---------
2021-05-16T00:44:19.812245300Z (Intercept)                                           0.080   4.653     0.017
2021-05-16T00:44:19.812253400Z timesincevax_pw1-3                                   -0.555   0.271    -2.049
2021-05-16T00:44:19.812261100Z timesincevax_pw4-7                                   -0.495   0.209    -2.370
2021-05-16T00:44:19.812301600Z timesincevax_pw8-14                                  -0.175   0.118    -1.483
2021-05-16T00:44:19.812309900Z timesincevax_pw15-21                                 -0.034   0.108    -0.319
2021-05-16T00:44:19.812317500Z timesincevax_pw22-28                                 -0.178   0.140    -1.272
2021-05-16T00:44:19.812325200Z timesincevax_pw29+                                   -0.249   0.214    -1.163
2021-05-16T00:44:19.812333000Z poly(age, degree = 2, raw =                          -0.362   0.105    -3.432
2021-05-16T00:44:19.812340900Z TRUE)1                                                                       
2021-05-16T00:44:19.812348300Z poly(age, degree = 2, raw =                           0.002   0.001     3.755
2021-05-16T00:44:19.812355700Z TRUE)2                                                                       
2021-05-16T00:44:19.812363000Z sexMale                                               0.413   0.032    12.852
2021-05-16T00:44:19.812370200Z imd2                                                  0.185   0.051     3.624
2021-05-16T00:44:19.812377600Z imd3                                                  0.249   0.051     4.891
2021-05-16T00:44:19.812385000Z imd4                                                  0.292   0.053     5.559
2021-05-16T00:44:19.812392900Z imd5 least deprived                                   0.195   0.054     3.610
2021-05-16T00:44:19.812400600Z ethnicity_combinedBlack                               0.149   0.124     1.200
2021-05-16T00:44:19.812408500Z ethnicity_combinedSouth                               0.707   0.079     8.970
2021-05-16T00:44:19.812416000Z Asian                                                                        
2021-05-16T00:44:19.812423500Z ethnicity_combinedMixed                               0.385   0.211     1.828
2021-05-16T00:44:19.812430800Z ethnicity_combinedOther                               0.292   0.159     1.836
2021-05-16T00:44:19.812438000Z bmiObese I (30-34.9)                                 -0.157   0.048    -3.261
2021-05-16T00:44:19.812445400Z bmiObese II (35-39.9)                                 0.220   0.098     2.251
2021-05-16T00:44:19.812455000Z bmiObese III (40+)                                   -0.030   0.145    -0.206
2021-05-16T00:44:19.812462700Z heart_failure                                         0.150   0.048     3.151
2021-05-16T00:44:19.812470000Z other_heart_disease                                   0.017   0.054     0.324
2021-05-16T00:44:19.812477200Z dialysis                                              0.316   0.202     1.563
2021-05-16T00:44:19.812484900Z diabetes                                             -0.027   0.062    -0.432
2021-05-16T00:44:19.812492700Z chronic_liver_disease                                 0.024   0.158     0.154
2021-05-16T00:44:19.812500400Z current_copd                                         -0.029   0.063    -0.453
2021-05-16T00:44:19.812507800Z other_resp_conditions                                 0.059   0.064     0.916
2021-05-16T00:44:19.812515300Z lung_cancer                                           0.420   0.163     2.573
2021-05-16T00:44:19.812528500Z haematological_cancer                                 0.070   0.104     0.671
2021-05-16T00:44:19.812536500Z cancer_excl_lung_and_haem                            -0.072   0.066    -1.085
2021-05-16T00:44:19.812543700Z any_immunosuppression                                -0.073   0.080    -0.914
2021-05-16T00:44:19.812550900Z dementia                                              0.154   0.064     2.415
2021-05-16T00:44:19.812558200Z other_neuro_conditions                                0.060   0.082     0.736
2021-05-16T00:44:19.812565400Z LD_incl_DS_and_CP                                    -0.037   0.456    -0.081
2021-05-16T00:44:19.812573100Z psychosis_schiz_bipolar                              -0.411   0.149    -2.759
2021-05-16T00:44:19.812580600Z multimorb1                                            0.114   0.069     1.641
2021-05-16T00:44:19.812588000Z multimorb2                                            0.259   0.115     2.253
2021-05-16T00:44:19.812595200Z multimorb3                                            0.499   0.167     2.994
2021-05-16T00:44:19.812602600Z multimorb4+                                           0.443   0.230     1.925
2021-05-16T00:44:19.812610100Z shielded                                              0.108   0.042     2.571
2021-05-16T00:44:19.812617500Z flu_vaccine                                          -0.131   0.047    -2.776
2021-05-16T00:44:19.812624800Z efi_catMild                                          -0.096   0.106    -0.903
2021-05-16T00:44:19.812632000Z efi_catModerate                                      -0.071   0.105    -0.679
2021-05-16T00:44:19.812639500Z efi_catSevere                                        -0.074   0.108    -0.691
2021-05-16T00:44:19.812646600Z ns(tstop, df = 4)1                                    1.832   0.408     4.494
2021-05-16T00:44:19.812654700Z ns(tstop, df = 4)2                                    1.786   0.279     6.398
2021-05-16T00:44:19.812662900Z ns(tstop, df = 4)3                                    3.054   0.875     3.491
2021-05-16T00:44:19.812670600Z ns(tstop, df = 4)4                                    0.767   0.220     3.495
2021-05-16T00:44:19.812677900Z regionEast Midlands                                   0.025   0.706     0.036
2021-05-16T00:44:19.812685200Z regionLondon                                         -0.135   1.524    -0.089
2021-05-16T00:44:19.812692600Z regionNorth East                                     -1.525   1.554    -0.981
2021-05-16T00:44:19.812700100Z regionNorth West                                      0.771   0.863     0.894
2021-05-16T00:44:19.812707400Z regionSouth East                                      2.239   0.779     2.873
2021-05-16T00:44:19.812714800Z regionSouth West                                      1.600   1.199     1.334
2021-05-16T00:44:19.812722000Z regionWest Midlands                                   4.003   0.888     4.510
2021-05-16T00:44:19.812729400Z regionYorkshire and The                              -1.292   0.829    -1.558
2021-05-16T00:44:19.812744700Z Humber                                                                       
2021-05-16T00:44:19.812752500Z timesince_postesttdc_pw1-3                            5.901   0.072    82.391
2021-05-16T00:44:19.812759600Z timesince_postesttdc_pw3-7                            6.484   0.063   103.415
2021-05-16T00:44:19.812766800Z timesince_postesttdc_pw8-14                           6.674   0.060   110.824
2021-05-16T00:44:19.812774200Z timesince_postesttdc_pw15-21                          6.359   0.068    93.959
2021-05-16T00:44:19.812781700Z timesince_postesttdc_pw22-28                          5.737   0.087    65.782
2021-05-16T00:44:19.812788900Z timesince_postesttdc_pw29+                            5.160   0.091    56.522
2021-05-16T00:44:19.812796500Z timesince_suspectedcovid_pw1-3                       -0.060   0.324    -0.187
2021-05-16T00:44:19.812803900Z timesince_suspectedcovid_pw3-7                        0.431   0.195     2.207
2021-05-16T00:44:19.812811100Z timesince_suspectedcovid_pw8-14                       0.423   0.149     2.845
2021-05-16T00:44:19.812818900Z timesince_suspectedcovid_pw15-21                     -0.145   0.235    -0.618
2021-05-16T00:44:19.812826400Z timesince_suspectedcovid_pw22-28                     -0.111   0.308    -0.361
2021-05-16T00:44:19.812833700Z timesince_suspectedcovid_pw29+                        0.510   0.204     2.493
2021-05-16T00:44:19.812841000Z timesince_hospinfectiousdischarge_pwIn                1.914   0.047    40.542
2021-05-16T00:44:19.812848400Z hospital                                                                     
2021-05-16T00:44:19.812856300Z timesince_hospinfectiousdischarge_pw1-7               0.394   0.082     4.814
2021-05-16T00:44:19.812863900Z timesince_hospinfectiousdischarge_pw8-14              0.447   0.093     4.824
2021-05-16T00:44:19.812871100Z timesince_hospinfectiousdischarge_pw15-21             0.181   0.130     1.396
2021-05-16T00:44:19.812878200Z timesince_hospinfectiousdischarge_pw22-28             0.192   0.164     1.174
2021-05-16T00:44:19.812885800Z timesince_hospnoninfectiousdischarge_pwIn             0.350   0.124     2.824
2021-05-16T00:44:19.812893100Z hospital                                                                     
2021-05-16T00:44:19.812900600Z timesince_hospnoninfectiousdischarge_pw1-7            0.147   0.216     0.680
2021-05-16T00:44:19.812908200Z timesince_hospnoninfectiousdischarge_pw8-14           0.307   0.179     1.716
2021-05-16T00:44:19.812915600Z timesince_hospnoninfectiousdischarge_pw15-21          0.357   0.185     1.928
2021-05-16T00:44:19.812923000Z timesince_hospnoninfectiousdischarge_pw22-28          0.049   0.256     0.192
2021-05-16T00:44:19.812930400Z ns(tstop, df =                                        0.062   0.682     0.091
2021-05-16T00:44:19.812937600Z 4)1:regionEast Midlands                                                      
2021-05-16T00:44:19.812945100Z ns(tstop, df =                                       -0.355   0.462    -0.769
2021-05-16T00:44:19.812960700Z 4)2:regionEast Midlands                                                      
2021-05-16T00:44:19.812968600Z ns(tstop, df =                                        0.242   1.469     0.164
2021-05-16T00:44:19.812975600Z 4)3:regionEast Midlands                                                      
2021-05-16T00:44:19.812982900Z ns(tstop, df =                                        0.619   0.347     1.783
2021-05-16T00:44:19.812990800Z 4)4:regionEast Midlands                                                      
2021-05-16T00:44:19.812998100Z ns(tstop, df =                                        1.213   1.461     0.830
2021-05-16T00:44:19.813005300Z 4)1:regionLondon                                                             
2021-05-16T00:44:19.813012500Z ns(tstop, df =                                        0.240   0.982     0.245
2021-05-16T00:44:19.813019500Z 4)2:regionLondon                                                             
2021-05-16T00:44:19.813026600Z ns(tstop, df =                                        2.343   3.110     0.753
2021-05-16T00:44:19.813033600Z 4)3:regionLondon                                                             
2021-05-16T00:44:19.813065600Z ns(tstop, df =                                        0.535   0.705     0.758
2021-05-16T00:44:19.813075500Z 4)4:regionLondon                                                             
2021-05-16T00:44:19.813082900Z ns(tstop, df =                                        1.327   1.468     0.904
2021-05-16T00:44:19.813091900Z 4)1:regionNorth East                                                         
2021-05-16T00:44:19.813099300Z ns(tstop, df =                                        0.773   1.024     0.755
2021-05-16T00:44:19.813106600Z 4)2:regionNorth East                                                         
2021-05-16T00:44:19.813113700Z ns(tstop, df =                                        4.000   3.169     1.262
2021-05-16T00:44:19.813121300Z 4)3:regionNorth East                                                         
2021-05-16T00:44:19.813129700Z ns(tstop, df =                                       -0.064   0.693    -0.093
2021-05-16T00:44:19.813137800Z 4)4:regionNorth East                                                         
2021-05-16T00:44:19.813145700Z ns(tstop, df =                                       -1.342   0.833    -1.611
2021-05-16T00:44:19.813153200Z 4)1:regionNorth West                                                         
2021-05-16T00:44:19.813161300Z ns(tstop, df =                                        0.389   0.579     0.672
2021-05-16T00:44:19.813169000Z 4)2:regionNorth West                                                         
2021-05-16T00:44:19.813176200Z ns(tstop, df =                                        0.373   1.821     0.205
2021-05-16T00:44:19.813183800Z 4)3:regionNorth West                                                         
2021-05-16T00:44:19.813191100Z ns(tstop, df =                                       -0.775   0.452    -1.713
2021-05-16T00:44:19.813206700Z 4)4:regionNorth West                                                         
2021-05-16T00:44:19.813214900Z ns(tstop, df =                                       -1.996   0.772    -2.587
2021-05-16T00:44:19.813222000Z 4)1:regionSouth East                                                         
2021-05-16T00:44:19.813229100Z ns(tstop, df =                                       -0.902   0.527    -1.713
2021-05-16T00:44:19.813236300Z 4)2:regionSouth East                                                         
2021-05-16T00:44:19.813243800Z ns(tstop, df =                                       -3.696   1.685    -2.194
2021-05-16T00:44:19.813251400Z 4)3:regionSouth East                                                         
2021-05-16T00:44:19.813258600Z ns(tstop, df =                                       -0.611   0.462    -1.322
2021-05-16T00:44:19.813266100Z 4)4:regionSouth East                                                         
2021-05-16T00:44:19.813273200Z ns(tstop, df =                                       -0.820   1.158    -0.708
2021-05-16T00:44:19.813280200Z 4)1:regionSouth West                                                         
2021-05-16T00:44:19.813287200Z ns(tstop, df =                                       -0.261   0.762    -0.343
2021-05-16T00:44:19.813294700Z 4)2:regionSouth West                                                         
2021-05-16T00:44:19.813302200Z ns(tstop, df =                                        0.113   2.470     0.046
2021-05-16T00:44:19.813309500Z 4)3:regionSouth West                                                         
2021-05-16T00:44:19.813316600Z ns(tstop, df =                                        0.783   0.545     1.438
2021-05-16T00:44:19.813324200Z 4)4:regionSouth West                                                         
2021-05-16T00:44:19.813331700Z ns(tstop, df =                                       -2.424   0.871    -2.782
2021-05-16T00:44:19.813339000Z 4)1:regionWest Midlands                                                      
2021-05-16T00:44:19.813346200Z ns(tstop, df =                                       -1.825   0.591    -3.089
2021-05-16T00:44:19.813353400Z 4)2:regionWest Midlands                                                      
2021-05-16T00:44:19.813360900Z ns(tstop, df =                                       -4.239   1.915    -2.214
2021-05-16T00:44:19.813368100Z 4)3:regionWest Midlands                                                      
2021-05-16T00:44:19.813375100Z ns(tstop, df =                                       -0.556   0.472    -1.178
2021-05-16T00:44:19.813382100Z 4)4:regionWest Midlands                                                      
2021-05-16T00:44:19.813389300Z ns(tstop, df =                                        0.433   0.800     0.541
2021-05-16T00:44:19.813396300Z 4)1:regionYorkshire and The                                                  
2021-05-16T00:44:19.813403700Z Humber                                                                       
2021-05-16T00:44:19.813417400Z ns(tstop, df =                                       -0.014   0.544    -0.026
2021-05-16T00:44:19.813425500Z 4)2:regionYorkshire and The                                                  
2021-05-16T00:44:19.813432600Z Humber                                                                       
2021-05-16T00:44:19.813440200Z ns(tstop, df =                                        0.992   1.742     0.569
2021-05-16T00:44:19.813447300Z 4)3:regionYorkshire and The                                                  
2021-05-16T00:44:19.813454900Z Humber                                                                       
2021-05-16T00:44:19.813462200Z ns(tstop, df =                                        0.727   0.408     1.780
2021-05-16T00:44:19.813469600Z 4)4:regionYorkshire and The                                                  
2021-05-16T00:44:19.813476900Z Humber                                                                       
2021-05-16T00:44:19.813485100Z -----------------------------------------------------------------------------
2021-05-16T00:44:19.813492500Z  
2021-05-16T00:44:19.813499900Z ----------------------------------------------------------
2021-05-16T00:44:19.813507200Z                                                          p
2021-05-16T00:44:19.813514600Z -------------------------------------------------- -------
2021-05-16T00:44:19.813521500Z (Intercept)                                          0.986
2021-05-16T00:44:19.813528400Z timesincevax_pw1-3                                   0.041
2021-05-16T00:44:19.813535400Z timesincevax_pw4-7                                   0.018
2021-05-16T00:44:19.813542600Z timesincevax_pw8-14                                  0.138
2021-05-16T00:44:19.813549600Z timesincevax_pw15-21                                 0.750
2021-05-16T00:44:19.813557000Z timesincevax_pw22-28                                 0.203
2021-05-16T00:44:19.813564200Z timesincevax_pw29+                                   0.245
2021-05-16T00:44:19.813571800Z poly(age, degree = 2, raw =                          0.001
2021-05-16T00:44:19.813579100Z TRUE)1                                                    
2021-05-16T00:44:19.813586200Z poly(age, degree = 2, raw =                          0.000
2021-05-16T00:44:19.813593400Z TRUE)2                                                    
2021-05-16T00:44:19.813600900Z sexMale                                              0.000
2021-05-16T00:44:19.813608200Z imd2                                                 0.000
2021-05-16T00:44:19.813615400Z imd3                                                 0.000
2021-05-16T00:44:19.813622600Z imd4                                                 0.000
2021-05-16T00:44:19.813630000Z imd5 least deprived                                  0.000
2021-05-16T00:44:19.813637300Z ethnicity_combinedBlack                              0.230
2021-05-16T00:44:19.813653400Z ethnicity_combinedSouth                              0.000
2021-05-16T00:44:19.813661300Z Asian                                                     
2021-05-16T00:44:19.813668500Z ethnicity_combinedMixed                              0.067
2021-05-16T00:44:19.813675400Z ethnicity_combinedOther                              0.066
2021-05-16T00:44:19.813682600Z bmiObese I (30-34.9)                                 0.001
2021-05-16T00:44:19.813689700Z bmiObese II (35-39.9)                                0.024
2021-05-16T00:44:19.813697100Z bmiObese III (40+)                                   0.837
2021-05-16T00:44:19.813704100Z heart_failure                                        0.002
2021-05-16T00:44:19.813711100Z other_heart_disease                                  0.746
2021-05-16T00:44:19.813718100Z dialysis                                             0.118
2021-05-16T00:44:19.813725200Z diabetes                                             0.666
2021-05-16T00:44:19.813732200Z chronic_liver_disease                                0.878
2021-05-16T00:44:19.813740000Z current_copd                                         0.651
2021-05-16T00:44:19.813747100Z other_resp_conditions                                0.360
2021-05-16T00:44:19.813754300Z lung_cancer                                          0.010
2021-05-16T00:44:19.813762500Z haematological_cancer                                0.502
2021-05-16T00:44:19.813769800Z cancer_excl_lung_and_haem                            0.278
2021-05-16T00:44:19.813776800Z any_immunosuppression                                0.361
2021-05-16T00:44:19.813784100Z dementia                                             0.016
2021-05-16T00:44:19.813791400Z other_neuro_conditions                               0.461
2021-05-16T00:44:19.813798600Z LD_incl_DS_and_CP                                    0.935
2021-05-16T00:44:19.813805800Z psychosis_schiz_bipolar                              0.006
2021-05-16T00:44:19.813813200Z multimorb1                                           0.101
2021-05-16T00:44:19.813820400Z multimorb2                                           0.024
2021-05-16T00:44:19.813827600Z multimorb3                                           0.003
2021-05-16T00:44:19.813835300Z multimorb4+                                          0.054
2021-05-16T00:44:19.813842700Z shielded                                             0.010
2021-05-16T00:44:19.813850000Z flu_vaccine                                          0.006
2021-05-16T00:44:19.813857200Z efi_catMild                                          0.367
2021-05-16T00:44:19.813864400Z efi_catModerate                                      0.497
2021-05-16T00:44:19.813871700Z efi_catSevere                                        0.490
2021-05-16T00:44:19.813879000Z ns(tstop, df = 4)1                                   0.000
2021-05-16T00:44:19.813894800Z ns(tstop, df = 4)2                                   0.000
2021-05-16T00:44:19.813902500Z ns(tstop, df = 4)3                                   0.000
2021-05-16T00:44:19.813909600Z ns(tstop, df = 4)4                                   0.000
2021-05-16T00:44:19.813917000Z regionEast Midlands                                  0.971
2021-05-16T00:44:19.813924300Z regionLondon                                         0.929
2021-05-16T00:44:19.813931800Z regionNorth East                                     0.326
2021-05-16T00:44:19.813940100Z regionNorth West                                     0.371
2021-05-16T00:44:19.813947200Z regionSouth East                                     0.004
2021-05-16T00:44:19.813954800Z regionSouth West                                     0.182
2021-05-16T00:44:19.813962900Z regionWest Midlands                                  0.000
2021-05-16T00:44:19.813970400Z regionYorkshire and The                              0.119
2021-05-16T00:44:19.813977700Z Humber                                                    
2021-05-16T00:44:19.813984900Z timesince_postesttdc_pw1-3                           0.000
2021-05-16T00:44:19.813992100Z timesince_postesttdc_pw3-7                           0.000
2021-05-16T00:44:19.813999700Z timesince_postesttdc_pw8-14                          0.000
2021-05-16T00:44:19.814007200Z timesince_postesttdc_pw15-21                         0.000
2021-05-16T00:44:19.814014400Z timesince_postesttdc_pw22-28                         0.000
2021-05-16T00:44:19.814021500Z timesince_postesttdc_pw29+                           0.000
2021-05-16T00:44:19.814029200Z timesince_suspectedcovid_pw1-3                       0.852
2021-05-16T00:44:19.814036500Z timesince_suspectedcovid_pw3-7                       0.027
2021-05-16T00:44:19.814044500Z timesince_suspectedcovid_pw8-14                      0.004
2021-05-16T00:44:19.814051700Z timesince_suspectedcovid_pw15-21                     0.536
2021-05-16T00:44:19.814059600Z timesince_suspectedcovid_pw22-28                     0.718
2021-05-16T00:44:19.814071900Z timesince_suspectedcovid_pw29+                       0.013
2021-05-16T00:44:19.814079500Z timesince_hospinfectiousdischarge_pwIn               0.000
2021-05-16T00:44:19.814086900Z hospital                                                  
2021-05-16T00:44:19.814094500Z timesince_hospinfectiousdischarge_pw1-7              0.000
2021-05-16T00:44:19.814101900Z timesince_hospinfectiousdischarge_pw8-14             0.000
2021-05-16T00:44:19.814109100Z timesince_hospinfectiousdischarge_pw15-21            0.163
2021-05-16T00:44:19.814116400Z timesince_hospinfectiousdischarge_pw22-28            0.241
2021-05-16T00:44:19.814124000Z timesince_hospnoninfectiousdischarge_pwIn            0.005
2021-05-16T00:44:19.814131300Z hospital                                                  
2021-05-16T00:44:19.814146700Z timesince_hospnoninfectiousdischarge_pw1-7           0.496
2021-05-16T00:44:19.814154700Z timesince_hospnoninfectiousdischarge_pw8-14          0.086
2021-05-16T00:44:19.814162000Z timesince_hospnoninfectiousdischarge_pw15-21         0.054
2021-05-16T00:44:19.814169700Z timesince_hospnoninfectiousdischarge_pw22-28         0.847
2021-05-16T00:44:19.814176800Z ns(tstop, df =                                       0.927
2021-05-16T00:44:19.814184300Z 4)1:regionEast Midlands                                   
2021-05-16T00:44:19.814191600Z ns(tstop, df =                                       0.442
2021-05-16T00:44:19.814199800Z 4)2:regionEast Midlands                                   
2021-05-16T00:44:19.814207200Z ns(tstop, df =                                       0.869
2021-05-16T00:44:19.814214600Z 4)3:regionEast Midlands                                   
2021-05-16T00:44:19.814221900Z ns(tstop, df =                                       0.075
2021-05-16T00:44:19.814229100Z 4)4:regionEast Midlands                                   
2021-05-16T00:44:19.814236300Z ns(tstop, df =                                       0.406
2021-05-16T00:44:19.814243400Z 4)1:regionLondon                                          
2021-05-16T00:44:19.814250500Z ns(tstop, df =                                       0.807
2021-05-16T00:44:19.814257800Z 4)2:regionLondon                                          
2021-05-16T00:44:19.814265200Z ns(tstop, df =                                       0.451
2021-05-16T00:44:19.814272700Z 4)3:regionLondon                                          
2021-05-16T00:44:19.814280300Z ns(tstop, df =                                       0.448
2021-05-16T00:44:19.814288100Z 4)4:regionLondon                                          
2021-05-16T00:44:19.814295700Z ns(tstop, df =                                       0.366
2021-05-16T00:44:19.814303200Z 4)1:regionNorth East                                      
2021-05-16T00:44:19.814310500Z ns(tstop, df =                                       0.450
2021-05-16T00:44:19.814317500Z 4)2:regionNorth East                                      
2021-05-16T00:44:19.814325200Z ns(tstop, df =                                       0.207
2021-05-16T00:44:19.814332800Z 4)3:regionNorth East                                      
2021-05-16T00:44:19.814339900Z ns(tstop, df =                                       0.926
2021-05-16T00:44:19.814347700Z 4)4:regionNorth East                                      
2021-05-16T00:44:19.814355100Z ns(tstop, df =                                       0.107
2021-05-16T00:44:19.814362200Z 4)1:regionNorth West                                      
2021-05-16T00:44:19.814369700Z ns(tstop, df =                                       0.502
2021-05-16T00:44:19.814377200Z 4)2:regionNorth West                                      
2021-05-16T00:44:19.814384600Z ns(tstop, df =                                       0.838
2021-05-16T00:44:19.814400500Z 4)3:regionNorth West                                      
2021-05-16T00:44:19.814408900Z ns(tstop, df =                                       0.087
2021-05-16T00:44:19.814416200Z 4)4:regionNorth West                                      
2021-05-16T00:44:19.814423600Z ns(tstop, df =                                       0.010
2021-05-16T00:44:19.814431400Z 4)1:regionSouth East                                      
2021-05-16T00:44:19.814438800Z ns(tstop, df =                                       0.087
2021-05-16T00:44:19.814446700Z 4)2:regionSouth East                                      
2021-05-16T00:44:19.814454600Z ns(tstop, df =                                       0.028
2021-05-16T00:44:19.814462600Z 4)3:regionSouth East                                      
2021-05-16T00:44:19.814469900Z ns(tstop, df =                                       0.186
2021-05-16T00:44:19.814477200Z 4)4:regionSouth East                                      
2021-05-16T00:44:19.814485000Z ns(tstop, df =                                       0.479
2021-05-16T00:44:19.814492200Z 4)1:regionSouth West                                      
2021-05-16T00:44:19.814499400Z ns(tstop, df =                                       0.732
2021-05-16T00:44:19.814507500Z 4)2:regionSouth West                                      
2021-05-16T00:44:19.814515500Z ns(tstop, df =                                       0.963
2021-05-16T00:44:19.814522700Z 4)3:regionSouth West                                      
2021-05-16T00:44:19.814529900Z ns(tstop, df =                                       0.150
2021-05-16T00:44:19.814537200Z 4)4:regionSouth West                                      
2021-05-16T00:44:19.814544600Z ns(tstop, df =                                       0.005
2021-05-16T00:44:19.814552700Z 4)1:regionWest Midlands                                   
2021-05-16T00:44:19.814560200Z ns(tstop, df =                                       0.002
2021-05-16T00:44:19.814569200Z 4)2:regionWest Midlands                                   
2021-05-16T00:44:19.814576900Z ns(tstop, df =                                       0.027
2021-05-16T00:44:19.814583900Z 4)3:regionWest Midlands                                   
2021-05-16T00:44:19.814591000Z ns(tstop, df =                                       0.239
2021-05-16T00:44:19.814598100Z 4)4:regionWest Midlands                                   
2021-05-16T00:44:19.814605500Z ns(tstop, df =                                       0.588
2021-05-16T00:44:19.814612600Z 4)1:regionYorkshire and The                               
2021-05-16T00:44:19.814620100Z Humber                                                    
2021-05-16T00:44:19.814627100Z ns(tstop, df =                                       0.979
2021-05-16T00:44:19.814634800Z 4)2:regionYorkshire and The                               
2021-05-16T00:44:19.814650900Z Humber                                                    
2021-05-16T00:44:19.814658600Z ns(tstop, df =                                       0.569
2021-05-16T00:44:19.814665600Z 4)3:regionYorkshire and The                               
2021-05-16T00:44:19.814673000Z Humber                                                    
2021-05-16T00:44:19.814680200Z ns(tstop, df =                                       0.075
2021-05-16T00:44:19.814687500Z 4)4:regionYorkshire and The                               
2021-05-16T00:44:19.814694900Z Humber                                                    
2021-05-16T00:44:19.814702600Z ----------------------------------------------------------
2021-05-16T00:44:19.814709700Z msmmod3_par data size = 3993795 
2021-05-16T00:44:30.333312400Z memory usage = 1.71 GB 
2021-05-16T00:45:05.597324900Z   
2021-05-16T00:45:05.597423100Z msmmod4 
2021-05-16T00:55:17.234074900Z MODEL INFO:
2021-05-16T00:55:17.234175100Z Observations: 3993795
2021-05-16T00:55:17.234184800Z Dependent Variable: 
2021-05-16T00:55:17.234192600Z Type: Generalized linear model
2021-05-16T00:55:17.234200400Z   Family: binomial 
2021-05-16T00:55:17.234208000Z   Link function: logit 
2021-05-16T00:55:17.234216000Z 
2021-05-16T00:55:17.235799400Z MODEL FIT:
2021-05-16T00:55:17.235822300Z <U+03C7><U+00B2>(88) = 9361.762, p = 0.000
2021-05-16T00:55:17.235831900Z Pseudo-R<U+00B2> (Cragg-Uhler) = 
2021-05-16T00:55:17.235840200Z Pseudo-R<U+00B2> (McFadden) = 0.131
2021-05-16T00:55:17.235848200Z AIC = 65814.456, BIC = 66989.279 
2021-05-16T00:55:17.235856200Z 
2021-05-16T00:55:17.236017900Z Standard errors: MLE
2021-05-16T00:55:17.492085600Z ------------------------------------------------------------------
2021-05-16T00:55:17.492139200Z                                     Est.    S.E.    z val.       p
2021-05-16T00:55:17.492148500Z ------------------------------- -------- ------- --------- -------
2021-05-16T00:55:17.492156700Z (Intercept)                       -7.638   4.641    -1.646   0.100
2021-05-16T00:55:17.492164700Z timesincevax_pw1-3                -1.061   0.142    -7.492   0.000
2021-05-16T00:55:17.492172700Z timesincevax_pw4-7                -0.848   0.113    -7.510   0.000
2021-05-16T00:55:17.492180600Z timesincevax_pw8-14               -1.120   0.104   -10.715   0.000
2021-05-16T00:55:17.492188800Z timesincevax_pw15-21              -0.751   0.102    -7.393   0.000
2021-05-16T00:55:17.492196900Z timesincevax_pw22-28              -0.461   0.111    -4.153   0.000
2021-05-16T00:55:17.492204900Z timesincevax_pw29+                -0.683   0.156    -4.372   0.000
2021-05-16T00:55:17.492213200Z poly(age, degree = 2, raw =       -0.232   0.105    -2.219   0.026
2021-05-16T00:55:17.492235600Z TRUE)1                                                            
2021-05-16T00:55:17.492243800Z poly(age, degree = 2, raw =        0.002   0.001     2.975   0.003
2021-05-16T00:55:17.492251100Z TRUE)2                                                            
2021-05-16T00:55:17.492258400Z sexMale                            0.612   0.036    17.168   0.000
2021-05-16T00:55:17.492265800Z imd2                               0.123   0.055     2.241   0.025
2021-05-16T00:55:17.492273100Z imd3                               0.094   0.056     1.675   0.094
2021-05-16T00:55:17.492280200Z imd4                               0.077   0.058     1.335   0.182
2021-05-16T00:55:17.492287500Z imd5 least deprived               -0.140   0.061    -2.301   0.021
2021-05-16T00:55:17.492294600Z ethnicity_combinedBlack            0.080   0.126     0.638   0.523
2021-05-16T00:55:17.492302800Z ethnicity_combinedSouth            0.275   0.081     3.395   0.001
2021-05-16T00:55:17.492309900Z Asian                                                             
2021-05-16T00:55:17.492317200Z ethnicity_combinedMixed            0.648   0.220     2.945   0.003
2021-05-16T00:55:17.492324500Z ethnicity_combinedOther            0.607   0.175     3.466   0.001
2021-05-16T00:55:17.492331800Z bmiObese I (30-34.9)              -0.070   0.053    -1.326   0.185
2021-05-16T00:55:17.492339200Z bmiObese II (35-39.9)             -0.055   0.107    -0.511   0.609
2021-05-16T00:55:17.492346600Z bmiObese III (40+)                 0.023   0.163     0.141   0.888
2021-05-16T00:55:17.492353900Z heart_failure                      0.311   0.052     6.026   0.000
2021-05-16T00:55:17.492361200Z other_heart_disease               -0.008   0.057    -0.147   0.883
2021-05-16T00:55:17.492368400Z dialysis                           0.911   0.224     4.072   0.000
2021-05-16T00:55:17.492377300Z diabetes                           0.147   0.068     2.163   0.031
2021-05-16T00:55:17.492384800Z chronic_liver_disease              0.409   0.180     2.269   0.023
2021-05-16T00:55:17.492391900Z current_copd                       0.032   0.069     0.459   0.646
2021-05-16T00:55:17.492398900Z other_resp_conditions              0.092   0.069     1.321   0.187
2021-05-16T00:55:17.492406000Z lung_cancer                        0.343   0.186     1.843   0.065
2021-05-16T00:55:17.492413200Z haematological_cancer              0.210   0.114     1.844   0.065
2021-05-16T00:55:17.492420300Z cancer_excl_lung_and_haem         -0.022   0.070    -0.309   0.758
2021-05-16T00:55:17.492427300Z any_immunosuppression             -0.100   0.087    -1.146   0.252
2021-05-16T00:55:17.492434500Z dementia                           0.642   0.068     9.410   0.000
2021-05-16T00:55:17.492441600Z other_neuro_conditions             0.514   0.085     6.046   0.000
2021-05-16T00:55:17.492448800Z LD_incl_DS_and_CP                  0.391   0.487     0.802   0.423
2021-05-16T00:55:17.492464600Z psychosis_schiz_bipolar           -0.004   0.171    -0.023   0.981
2021-05-16T00:55:17.492472400Z multimorb1                         0.186   0.077     2.410   0.016
2021-05-16T00:55:17.492479700Z multimorb2                         0.315   0.123     2.563   0.010
2021-05-16T00:55:17.492487000Z multimorb3                         0.300   0.177     1.697   0.090
2021-05-16T00:55:17.492494200Z multimorb4+                        0.318   0.247     1.288   0.198
2021-05-16T00:55:17.492501400Z shielded                           0.373   0.045     8.316   0.000
2021-05-16T00:55:17.492508600Z flu_vaccine                       -0.080   0.052    -1.548   0.122
2021-05-16T00:55:17.492516100Z efi_catMild                        0.297   0.120     2.462   0.014
2021-05-16T00:55:17.492523400Z efi_catModerate                    0.622   0.119     5.215   0.000
2021-05-16T00:55:17.492530900Z efi_catSevere                      0.963   0.122     7.864   0.000
2021-05-16T00:55:17.492538400Z ns(tstop, df = 4)1                 3.831   0.447     8.565   0.000
2021-05-16T00:55:17.492545700Z ns(tstop, df = 4)2                 4.550   0.309    14.728   0.000
2021-05-16T00:55:17.492552800Z ns(tstop, df = 4)3                 7.536   0.972     7.755   0.000
2021-05-16T00:55:17.492559800Z ns(tstop, df = 4)4                 2.398   0.239    10.013   0.000
2021-05-16T00:55:17.492566900Z regionEast Midlands                0.313   0.749     0.417   0.676
2021-05-16T00:55:17.492846100Z regionLondon                       0.696   1.481     0.470   0.638
2021-05-16T00:55:17.492858000Z regionNorth East                  -1.956   1.665    -1.175   0.240
2021-05-16T00:55:17.492865400Z regionNorth West                   1.472   0.857     1.718   0.086
2021-05-16T00:55:17.492873000Z regionSouth East                   2.875   0.784     3.667   0.000
2021-05-16T00:55:17.492880300Z regionSouth West                   1.994   1.194     1.670   0.095
2021-05-16T00:55:17.492888900Z regionWest Midlands                5.450   0.844     6.457   0.000
2021-05-16T00:55:17.492896200Z regionYorkshire and The           -1.138   0.901    -1.263   0.207
2021-05-16T00:55:17.492903300Z Humber                                                            
2021-05-16T00:55:17.492910600Z ns(tstop, df =                    -0.410   0.718    -0.570   0.568
2021-05-16T00:55:17.492918100Z 4)1:regionEast Midlands                                           
2021-05-16T00:55:17.492925400Z ns(tstop, df =                    -0.825   0.502    -1.645   0.100
2021-05-16T00:55:17.492932900Z 4)2:regionEast Midlands                                           
2021-05-16T00:55:17.492940200Z ns(tstop, df =                    -0.879   1.567    -0.561   0.575
2021-05-16T00:55:17.492947500Z 4)3:regionEast Midlands                                           
2021-05-16T00:55:17.492954800Z ns(tstop, df =                     0.419   0.376     1.114   0.265
2021-05-16T00:55:17.492972400Z 4)4:regionEast Midlands                                           
2021-05-16T00:55:17.492980400Z ns(tstop, df =                     1.107   1.419     0.780   0.435
2021-05-16T00:55:17.492987600Z 4)1:regionLondon                                                  
2021-05-16T00:55:17.492994900Z ns(tstop, df =                     0.789   0.972     0.812   0.417
2021-05-16T00:55:17.493002300Z 4)2:regionLondon                                                  
2021-05-16T00:55:17.493009700Z ns(tstop, df =                     1.298   3.024     0.429   0.668
2021-05-16T00:55:17.493017100Z 4)3:regionLondon                                                  
2021-05-16T00:55:17.493024300Z ns(tstop, df =                     0.252   0.717     0.352   0.725
2021-05-16T00:55:17.493031600Z 4)4:regionLondon                                                  
2021-05-16T00:55:17.493039200Z ns(tstop, df =                     1.948   1.567     1.243   0.214
2021-05-16T00:55:17.493046900Z 4)1:regionNorth East                                              
2021-05-16T00:55:17.493054100Z ns(tstop, df =                     0.049   1.089     0.045   0.964
2021-05-16T00:55:17.493061400Z 4)2:regionNorth East                                              
2021-05-16T00:55:17.493068800Z ns(tstop, df =                     5.970   3.404     1.754   0.079
2021-05-16T00:55:17.493076000Z 4)3:regionNorth East                                              
2021-05-16T00:55:17.493083400Z ns(tstop, df =                     1.566   0.712     2.200   0.028
2021-05-16T00:55:17.493090700Z 4)4:regionNorth East                                              
2021-05-16T00:55:17.493098200Z ns(tstop, df =                    -0.775   0.826    -0.938   0.348
2021-05-16T00:55:17.493105500Z 4)1:regionNorth West                                              
2021-05-16T00:55:17.493112900Z ns(tstop, df =                    -1.195   0.589    -2.028   0.043
2021-05-16T00:55:17.493121500Z 4)2:regionNorth West                                              
2021-05-16T00:55:17.493128600Z ns(tstop, df =                    -1.901   1.832    -1.038   0.299
2021-05-16T00:55:17.493135600Z 4)3:regionNorth West                                              
2021-05-16T00:55:17.493142800Z ns(tstop, df =                     0.271   0.447     0.606   0.544
2021-05-16T00:55:17.493149900Z 4)4:regionNorth West                                              
2021-05-16T00:55:17.493157100Z ns(tstop, df =                    -1.224   0.772    -1.585   0.113
2021-05-16T00:55:17.493164600Z 4)1:regionSouth East                                              
2021-05-16T00:55:17.493171700Z ns(tstop, df =                    -1.473   0.541    -2.723   0.006
2021-05-16T00:55:17.493178800Z 4)2:regionSouth East                                              
2021-05-16T00:55:17.493185900Z ns(tstop, df =                    -4.674   1.727    -2.707   0.007
2021-05-16T00:55:17.493193000Z 4)3:regionSouth East                                              
2021-05-16T00:55:17.493212900Z ns(tstop, df =                     1.424   0.444     3.208   0.001
2021-05-16T00:55:17.493220700Z 4)4:regionSouth East                                              
2021-05-16T00:55:17.493228000Z ns(tstop, df =                     0.123   1.149     0.107   0.915
2021-05-16T00:55:17.493238500Z 4)1:regionSouth West                                              
2021-05-16T00:55:17.493245900Z ns(tstop, df =                     0.677   0.770     0.880   0.379
2021-05-16T00:55:17.493253000Z 4)2:regionSouth West                                              
2021-05-16T00:55:17.493260300Z ns(tstop, df =                     1.045   2.471     0.423   0.672
2021-05-16T00:55:17.493267400Z 4)3:regionSouth West                                              
2021-05-16T00:55:17.493274500Z ns(tstop, df =                     0.979   0.555     1.764   0.078
2021-05-16T00:55:17.493281600Z 4)4:regionSouth West                                              
2021-05-16T00:55:17.493288800Z ns(tstop, df =                    -2.126   0.827    -2.570   0.010
2021-05-16T00:55:17.493296000Z 4)1:regionWest Midlands                                           
2021-05-16T00:55:17.493303400Z ns(tstop, df =                    -0.629   0.570    -1.103   0.270
2021-05-16T00:55:17.493310600Z 4)2:regionWest Midlands                                           
2021-05-16T00:55:17.493318000Z ns(tstop, df =                    -2.383   1.836    -1.298   0.194
2021-05-16T00:55:17.493325400Z 4)3:regionWest Midlands                                           
2021-05-16T00:55:17.493332500Z ns(tstop, df =                     0.747   0.465     1.605   0.108
2021-05-16T00:55:17.493339600Z 4)4:regionWest Midlands                                           
2021-05-16T00:55:17.493346900Z ns(tstop, df =                    -0.441   0.865    -0.510   0.610
2021-05-16T00:55:17.493354100Z 4)1:regionYorkshire and The                                       
2021-05-16T00:55:17.493362000Z Humber                                                            
2021-05-16T00:55:17.493369600Z ns(tstop, df =                    -0.376   0.599    -0.629   0.530
2021-05-16T00:55:17.493376800Z 4)2:regionYorkshire and The                                       
2021-05-16T00:55:17.493384200Z Humber                                                            
2021-05-16T00:55:17.493391300Z ns(tstop, df =                    -0.383   1.898    -0.202   0.840
2021-05-16T00:55:17.493398600Z 4)3:regionYorkshire and The                                       
2021-05-16T00:55:17.493406000Z Humber                                                            
2021-05-16T00:55:17.493413200Z ns(tstop, df =                     0.228   0.446     0.512   0.609
2021-05-16T00:55:17.493696000Z 4)4:regionYorkshire and The                                       
2021-05-16T00:55:17.493706500Z Humber                                                            
2021-05-16T00:55:17.493723800Z ------------------------------------------------------------------
2021-05-16T00:55:17.493731700Z msmmod4_par data size = 3993795 
2021-05-16T00:55:24.202238500Z memory usage = 1.71 GB 
2021-05-16T00:55:59.701845900Z NULL
2021-05-16T00:55:59.701938300Z   
2021-05-16T00:56:02.683417000Z             used   (Mb) gc trigger    (Mb)  max used   (Mb)
2021-05-16T00:56:02.683518900Z Ncells   2339329  125.0    7237761   386.6   2339329  125.0
2021-05-16T00:56:02.683528900Z Vcells 773214577 5899.2 1903085661 14519.4 773214577 5899.2


state: succeeded
commit: d95a6fa6ef28b1c9dce6d94b3ef6b92ac12b6e69
docker_image_id: sha256:b0e86ebee1d778d06c4c86d5d4c32dd910483eb4b0a9c7ed3997f928aa94c500
exit_code: 0
job_id: x7wl6myafkmxvbcd
run_by_user: wjchulme
created_at: 2021-05-15T22:36:15Z
started_at: 2021-05-15T22:36:43Z
completed_at: 2021-05-16T00:56:48Z

Completed successfully

outputs:
  output/over80s/coviddeath/az/all/all/data_weights.rds              - highly_sensitive    
  output/over80s/coviddeath/az/all/all/model1.rds                    - highly_sensitive    
  output/over80s/coviddeath/az/all/all/model2.rds                    - highly_sensitive    
  output/over80s/coviddeath/az/all/all/model3.rds                    - highly_sensitive    
  output/over80s/coviddeath/az/all/all/model4.rds                    - highly_sensitive    
  output/over80s/coviddeath/az/all/all/model_death.rds               - highly_sensitive    
  output/over80s/coviddeath/az/all/all/model_formula_death.rds       - highly_sensitive    
  output/over80s/coviddeath/az/all/all/model_formula_vaxaz1.rds      - highly_sensitive    
  output/over80s/coviddeath/az/all/all/model_formula_vaxpfizer1.rds  - highly_sensitive    
  output/over80s/coviddeath/az/all/all/model_vaxaz1.rds              - highly_sensitive    
  output/over80s/coviddeath/az/all/all/model_vaxpfizer1.rds          - highly_sensitive    
  output/over80s/coviddeath/az/all/all/weights_histogram.svg         - moderately_sensitive
  output/over80s/coviddeath/az/all/all/weights_table.txt             - moderately_sensitive