2021-05-16T13:22:56.386090900Z -- Attaching packages --------------------------------------- tidyverse 1.3.0 --
2021-05-16T13:22:56.394750400Z v ggplot2 3.3.2     v purrr   0.3.4
2021-05-16T13:22:56.394767500Z v tibble  3.0.3     v dplyr   1.0.2
2021-05-16T13:22:56.394775500Z v tidyr   1.1.2     v stringr 1.4.0
2021-05-16T13:22:56.394782500Z v readr   1.3.1     v forcats 0.5.0
2021-05-16T13:22:56.556562600Z -- Conflicts ------------------------------------------ tidyverse_conflicts() --
2021-05-16T13:22:56.556610800Z x dplyr::filter() masks stats::filter()
2021-05-16T13:22:56.556619800Z x dplyr::lag()    masks stats::lag()
2021-05-16T13:22:56.569161900Z 
2021-05-16T13:22:56.569184400Z Attaching package: 'glue'
2021-05-16T13:22:56.569192900Z 
2021-05-16T13:22:56.570564500Z The following object is masked from 'package:dplyr':
2021-05-16T13:22:56.570581500Z 
2021-05-16T13:22:56.570589200Z     collapse
2021-05-16T13:22:56.570596200Z 
2021-05-16T13:22:58.503162500Z #BlackLivesMatter
2021-05-16T13:22:58.564499600Z 
2021-05-16T13:22:58.564555400Z Attaching package: 'lubridate'
2021-05-16T13:22:58.564564200Z 
2021-05-16T13:22:58.565010200Z The following objects are masked from 'package:base':
2021-05-16T13:22:58.565041100Z 
2021-05-16T13:22:58.565049700Z     date, intersect, setdiff, union
2021-05-16T13:22:58.565057100Z 
2021-05-16T13:22:58.888003100Z <environment: R_GlobalEnv>
2021-05-16T13:22:58.888514300Z <environment: R_GlobalEnv>
2021-05-16T13:27:14.546925700Z data_pt data size = 11741488 
2021-05-16T13:27:14.548648800Z   memory usage = 5.449 GB 
2021-05-16T13:27:15.097230700Z     
2021-05-16T13:27:15.097317100Z all   
2021-05-16T13:27:15.097326200Z   
2021-05-16T13:27:53.150510600Z   
2021-05-16T14:12:02.959331000Z vaxpfizer1  vaxpfizer1 data size = 9712458 
2021-05-16T14:12:43.254272400Z memory usage = 8.782 GB 
2021-05-16T14:12:43.254423600Z   
2021-05-16T14:31:56.927342700Z vaxpfizer1_fxd  vaxpfizer1_fxd data size = 9712458 
2021-05-16T14:32:24.862428100Z memory usage = 8.781 GB 
2021-05-16T14:38:56.868108900Z   
2021-05-16T14:55:03.875018600Z vaxaz1  vaxaz1 data size = 4854147 
2021-05-16T14:55:18.423093100Z memory usage = 4.39 GB 
2021-05-16T14:55:18.423258500Z   
2021-05-16T15:03:53.915632400Z vaxaz1_fxd  vaxaz1_fxd data size = 4854147 
2021-05-16T15:04:07.750759400Z memory usage = 4.389 GB 
2021-05-16T15:09:34.663977600Z   
2021-05-16T16:24:49.139676700Z coviddeath  coviddeath data size = 11741488 
2021-05-16T16:25:28.919342400Z memory usage = 10.699 GB 
2021-05-16T16:25:28.919883500Z   
2021-05-16T17:11:49.106508400Z coviddeath_fxd  coviddeath_fxd data size = 11741488 
2021-05-16T17:12:35.681759800Z memory usage = 10.699 GB 
2021-05-16T17:21:41.495439700Z Saving 7 x 7 in image
2021-05-16T17:21:46.806318900Z `stat_bin()` using `bins = 30`. Pick better value with `binwidth`.
2021-05-16T17:21:56.981218400Z   
2021-05-16T17:21:56.981327000Z data_weights data size = 11741488   
2021-05-16T17:21:56.982094900Z memory usage = 1.973 GB   
2021-05-16T17:22:50.133528800Z   
2021-05-16T17:22:50.133607400Z msmmod1 
2021-05-16T17:32:56.592259500Z MODEL INFO:
2021-05-16T17:32:56.592365000Z Observations: 11741488
2021-05-16T17:32:56.592375200Z Dependent Variable: 
2021-05-16T17:32:56.592382900Z Type: Generalized linear model
2021-05-16T17:32:56.592390900Z   Family: binomial 
2021-05-16T17:32:56.592398300Z   Link function: logit 
2021-05-16T17:32:56.592406100Z 
2021-05-16T17:32:56.594726700Z MODEL FIT:
2021-05-16T17:32:56.594795800Z <U+03C7><U+00B2>(50) = 6735.614, p = 0.000
2021-05-16T17:32:56.594806500Z Pseudo-R<U+00B2> (Cragg-Uhler) = 
2021-05-16T17:32:56.594814600Z Pseudo-R<U+00B2> (McFadden) = 0.064
2021-05-16T17:32:56.594822300Z AIC = 98858.546, BIC = 99586.756 
2021-05-16T17:32:56.594829900Z 
2021-05-16T17:32:56.595267300Z Standard errors: MLE
2021-05-16T17:32:56.836355700Z -----------------------------------------------------------------
2021-05-16T17:32:56.836456000Z                                    Est.    S.E.    z val.       p
2021-05-16T17:32:56.836466000Z ----------------------------- --------- ------- --------- -------
2021-05-16T17:32:56.836473800Z (Intercept)                     -10.955   0.144   -76.066   0.000
2021-05-16T17:32:56.836481500Z timesincevax_pw1-3               -2.172   0.251    -8.656   0.000
2021-05-16T17:32:56.836489300Z timesincevax_pw4-7               -1.554   0.152   -10.246   0.000
2021-05-16T17:32:56.836497000Z timesincevax_pw8-14              -1.459   0.104   -14.005   0.000
2021-05-16T17:32:56.836504700Z timesincevax_pw15-21             -1.615   0.110   -14.660   0.000
2021-05-16T17:32:56.836512400Z timesincevax_pw22-28             -1.305   0.119   -10.971   0.000
2021-05-16T17:32:56.836519900Z timesincevax_pw29+               -1.296   0.106   -12.247   0.000
2021-05-16T17:32:56.836527700Z ns(tstop, df = 4)1                0.630   0.161     3.905   0.000
2021-05-16T17:32:56.836535200Z ns(tstop, df = 4)2                0.558   0.151     3.690   0.000
2021-05-16T17:32:56.836542800Z ns(tstop, df = 4)3                2.066   0.354     5.835   0.000
2021-05-16T17:32:56.836550400Z ns(tstop, df = 4)4                2.083   0.148    14.076   0.000
2021-05-16T17:32:56.836598200Z regionEast Midlands               0.430   0.208     2.064   0.039
2021-05-16T17:32:56.836606500Z regionLondon                      0.779   0.487     1.600   0.110
2021-05-16T17:32:56.836613500Z regionNorth East                  0.624   0.351     1.779   0.075
2021-05-16T17:32:56.836621300Z regionNorth West                  1.421   0.232     6.115   0.000
2021-05-16T17:32:56.836628400Z regionSouth East                  1.735   0.274     6.326   0.000
2021-05-16T17:32:56.836635200Z regionSouth West                  3.747   0.207    18.075   0.000
2021-05-16T17:32:56.836642100Z regionWest Midlands               4.540   0.361    12.573   0.000
2021-05-16T17:32:56.836649000Z regionYorkshire and The          -0.339   0.218    -1.552   0.121
2021-05-16T17:32:56.836656000Z Humber                                                           
2021-05-16T17:32:56.836662900Z ns(tstop, df =                   -0.297   0.236    -1.258   0.209
2021-05-16T17:32:56.836669900Z 4)1:regionEast Midlands                                          
2021-05-16T17:32:56.836676700Z ns(tstop, df =                   -0.030   0.218    -0.138   0.890
2021-05-16T17:32:56.836683800Z 4)2:regionEast Midlands                                          
2021-05-16T17:32:56.836690700Z ns(tstop, df =                   -0.132   0.513    -0.257   0.797
2021-05-16T17:32:56.836697700Z 4)3:regionEast Midlands                                          
2021-05-16T17:32:56.836704700Z ns(tstop, df =                   -0.172   0.205    -0.839   0.401
2021-05-16T17:32:56.836711600Z 4)4:regionEast Midlands                                          
2021-05-16T17:32:56.836720200Z ns(tstop, df =                    0.430   0.510     0.843   0.399
2021-05-16T17:32:56.836727300Z 4)1:regionLondon                                                 
2021-05-16T17:32:56.836734200Z ns(tstop, df =                    0.717   0.482     1.489   0.136
2021-05-16T17:32:56.836741100Z 4)2:regionLondon                                                 
2021-05-16T17:32:56.836747900Z ns(tstop, df =                    1.408   1.152     1.223   0.221
2021-05-16T17:32:56.836754900Z 4)3:regionLondon                                                 
2021-05-16T17:32:56.836762000Z ns(tstop, df =                   -0.559   0.424    -1.320   0.187
2021-05-16T17:32:56.836768700Z 4)4:regionLondon                                                 
2021-05-16T17:32:56.836775800Z ns(tstop, df =                    0.068   0.388     0.174   0.862
2021-05-16T17:32:56.836782600Z 4)1:regionNorth East                                             
2021-05-16T17:32:56.836789600Z ns(tstop, df =                    0.352   0.347     1.014   0.311
2021-05-16T17:32:56.836796400Z 4)2:regionNorth East                                             
2021-05-16T17:32:56.836803300Z ns(tstop, df =                   -0.074   0.856    -0.086   0.932
2021-05-16T17:32:56.836818700Z 4)3:regionNorth East                                             
2021-05-16T17:32:56.836826400Z ns(tstop, df =                   -0.176   0.351    -0.500   0.617
2021-05-16T17:32:56.836833400Z 4)4:regionNorth East                                             
2021-05-16T17:32:56.836840300Z ns(tstop, df =                   -0.666   0.277    -2.404   0.016
2021-05-16T17:32:56.836847300Z 4)1:regionNorth West                                             
2021-05-16T17:32:56.836854200Z ns(tstop, df =                   -0.282   0.258    -1.093   0.274
2021-05-16T17:32:56.836861000Z 4)2:regionNorth West                                             
2021-05-16T17:32:56.836868000Z ns(tstop, df =                   -0.911   0.585    -1.556   0.120
2021-05-16T17:32:56.836875000Z 4)3:regionNorth West                                             
2021-05-16T17:32:56.836882200Z ns(tstop, df =                   -0.128   0.256    -0.500   0.617
2021-05-16T17:32:56.836889100Z 4)4:regionNorth West                                             
2021-05-16T17:32:56.836896100Z ns(tstop, df =                   -0.373   0.321    -1.165   0.244
2021-05-16T17:32:56.836902900Z 4)1:regionSouth East                                             
2021-05-16T17:32:56.836910000Z ns(tstop, df =                   -0.120   0.303    -0.395   0.693
2021-05-16T17:32:56.836916900Z 4)2:regionSouth East                                             
2021-05-16T17:32:56.836923900Z ns(tstop, df =                   -0.455   0.685    -0.664   0.507
2021-05-16T17:32:56.836930700Z 4)3:regionSouth East                                             
2021-05-16T17:32:56.836937800Z ns(tstop, df =                   -0.161   0.294    -0.546   0.585
2021-05-16T17:32:56.836945200Z 4)4:regionSouth East                                             
2021-05-16T17:32:56.836952300Z ns(tstop, df =                   -0.448   0.241    -1.857   0.063
2021-05-16T17:32:56.836959200Z 4)1:regionSouth West                                             
2021-05-16T17:32:56.836966200Z ns(tstop, df =                   -0.145   0.229    -0.633   0.527
2021-05-16T17:32:56.836973100Z 4)2:regionSouth West                                             
2021-05-16T17:32:56.836980100Z ns(tstop, df =                   -0.888   0.518    -1.716   0.086
2021-05-16T17:32:56.836987200Z 4)3:regionSouth West                                             
2021-05-16T17:32:56.836994100Z ns(tstop, df =                   -0.447   0.231    -1.935   0.053
2021-05-16T17:32:56.837001900Z 4)4:regionSouth West                                             
2021-05-16T17:32:56.837008700Z ns(tstop, df =                   -0.239   0.413    -0.578   0.563
2021-05-16T17:32:56.837015600Z 4)1:regionWest Midlands                                          
2021-05-16T17:32:56.837022700Z ns(tstop, df =                    0.084   0.398     0.211   0.833
2021-05-16T17:32:56.837030000Z 4)2:regionWest Midlands                                          
2021-05-16T17:32:56.837044000Z ns(tstop, df =                    0.346   0.888     0.389   0.697
2021-05-16T17:32:56.837052400Z 4)3:regionWest Midlands                                          
2021-05-16T17:32:56.837059300Z ns(tstop, df =                   -0.689   0.388    -1.779   0.075
2021-05-16T17:32:56.837066400Z 4)4:regionWest Midlands                                          
2021-05-16T17:32:56.837073400Z ns(tstop, df =                   -0.414   0.251    -1.652   0.099
2021-05-16T17:32:56.837083700Z 4)1:regionYorkshire and The                                      
2021-05-16T17:32:56.837090900Z Humber                                                           
2021-05-16T17:32:56.837097800Z ns(tstop, df =                    0.211   0.234     0.900   0.368
2021-05-16T17:32:56.837104700Z 4)2:regionYorkshire and The                                      
2021-05-16T17:32:56.837111600Z Humber                                                           
2021-05-16T17:32:56.837118600Z ns(tstop, df =                   -0.508   0.541    -0.939   0.348
2021-05-16T17:32:56.837125400Z 4)3:regionYorkshire and The                                      
2021-05-16T17:32:56.837132200Z Humber                                                           
2021-05-16T17:32:56.837139900Z ns(tstop, df =                   -0.501   0.230    -2.185   0.029
2021-05-16T17:32:56.837147400Z 4)4:regionYorkshire and The                                      
2021-05-16T17:32:56.837154900Z Humber                                                           
2021-05-16T17:32:56.837161800Z -----------------------------------------------------------------
2021-05-16T17:32:56.837241100Z msmmod1_par data size = 11741488 
2021-05-16T17:33:19.216979100Z memory usage = 5.11 GB 
2021-05-16T17:34:30.085315800Z   
2021-05-16T17:34:30.085408000Z msmmod2 
2021-05-16T17:59:03.024012100Z MODEL INFO:
2021-05-16T17:59:03.024118400Z Observations: 11741488
2021-05-16T17:59:03.024128300Z Dependent Variable: 
2021-05-16T17:59:03.024136300Z Type: Generalized linear model
2021-05-16T17:59:03.024143800Z   Family: binomial 
2021-05-16T17:59:03.024151600Z   Link function: logit 
2021-05-16T17:59:03.024159000Z 
2021-05-16T17:59:03.025985600Z MODEL FIT:
2021-05-16T17:59:03.026026500Z <U+03C7><U+00B2>(88) = 11762.083, p = 0.000
2021-05-16T17:59:03.026037800Z Pseudo-R<U+00B2> (Cragg-Uhler) = 
2021-05-16T17:59:03.026045700Z Pseudo-R<U+00B2> (McFadden) = 0.111
2021-05-16T17:59:03.026053400Z AIC = 93908.075, BIC = 95178.874 
2021-05-16T17:59:03.026061000Z 
2021-05-16T17:59:03.026236700Z Standard errors: MLE
2021-05-16T17:59:03.376872500Z -------------------------------------------------------------------
2021-05-16T17:59:03.376985300Z                                     Est.     S.E.    z val.       p
2021-05-16T17:59:03.376994700Z ------------------------------- -------- -------- --------- -------
2021-05-16T17:59:03.377002100Z (Intercept)                       -5.052   11.571    -0.437   0.662
2021-05-16T17:59:03.377008800Z timesincevax_pw1-3                -2.199    0.251    -8.769   0.000
2021-05-16T17:59:03.377015800Z timesincevax_pw4-7                -1.574    0.151   -10.395   0.000
2021-05-16T17:59:03.377022500Z timesincevax_pw8-14               -1.477    0.103   -14.311   0.000
2021-05-16T17:59:03.377029500Z timesincevax_pw15-21              -1.671    0.108   -15.412   0.000
2021-05-16T17:59:03.377036200Z timesincevax_pw22-28              -1.508    0.118   -12.778   0.000
2021-05-16T17:59:03.377043200Z timesincevax_pw29+                -1.665    0.106   -15.645   0.000
2021-05-16T17:59:03.377049900Z poly(age, degree = 2, raw =       -0.280    0.311    -0.903   0.367
2021-05-16T17:59:03.377056800Z TRUE)1                                                             
2021-05-16T17:59:03.377063600Z poly(age, degree = 2, raw =        0.003    0.002     1.219   0.223
2021-05-16T17:59:03.377070500Z TRUE)2                                                             
2021-05-16T17:59:03.377077300Z sexMale                            0.324    0.030    10.657   0.000
2021-05-16T17:59:03.377084200Z imd2                              -0.002    0.046    -0.044   0.965
2021-05-16T17:59:03.377091000Z imd3                              -0.012    0.046    -0.265   0.791
2021-05-16T17:59:03.377098100Z imd4                              -0.114    0.048    -2.363   0.018
2021-05-16T17:59:03.377104900Z imd5 least deprived               -0.175    0.050    -3.468   0.001
2021-05-16T17:59:03.377111900Z ethnicity_combinedBlack           -0.489    0.201    -2.435   0.015
2021-05-16T17:59:03.377118600Z ethnicity_combinedSouth           -0.151    0.096    -1.579   0.114
2021-05-16T17:59:03.377125600Z Asian                                                              
2021-05-16T17:59:03.377132400Z ethnicity_combinedMixed           -0.325    0.290    -1.121   0.262
2021-05-16T17:59:03.377139100Z ethnicity_combinedOther           -0.406    0.207    -1.968   0.049
2021-05-16T17:59:03.377145900Z bmiObese I (30-34.9)              -0.315    0.042    -7.565   0.000
2021-05-16T17:59:03.377152900Z bmiObese II (35-39.9)             -0.350    0.077    -4.564   0.000
2021-05-16T17:59:03.377159700Z bmiObese III (40+)                -0.078    0.088    -0.877   0.380
2021-05-16T17:59:03.377166500Z heart_failure                      0.669    0.048    13.810   0.000
2021-05-16T17:59:03.377173400Z other_heart_disease               -0.120    0.050    -2.395   0.017
2021-05-16T17:59:03.377180400Z dialysis                           0.452    0.162     2.795   0.005
2021-05-16T17:59:03.377188700Z diabetes                           0.048    0.057     0.842   0.400
2021-05-16T17:59:03.377204700Z chronic_liver_disease              0.691    0.093     7.463   0.000
2021-05-16T17:59:03.377212400Z current_copd                       0.107    0.056     1.918   0.055
2021-05-16T17:59:03.377219400Z other_resp_conditions              0.117    0.054     2.165   0.030
2021-05-16T17:59:03.377226200Z lung_cancer                        1.298    0.073    17.731   0.000
2021-05-16T17:59:03.377233200Z haematological_cancer              0.401    0.081     4.973   0.000
2021-05-16T17:59:03.377240300Z cancer_excl_lung_and_haem          0.520    0.053     9.832   0.000
2021-05-16T17:59:03.377247300Z any_immunosuppression             -0.077    0.063    -1.224   0.221
2021-05-16T17:59:03.377254300Z dementia                           0.729    0.068    10.676   0.000
2021-05-16T17:59:03.377261200Z other_neuro_conditions             0.582    0.075     7.714   0.000
2021-05-16T17:59:03.377268100Z LD_incl_DS_and_CP                  0.288    0.220     1.306   0.192
2021-05-16T17:59:03.377275100Z psychosis_schiz_bipolar            0.373    0.107     3.471   0.001
2021-05-16T17:59:03.377282100Z multimorb1                         0.586    0.065     8.955   0.000
2021-05-16T17:59:03.377289200Z multimorb2                         0.824    0.102     8.061   0.000
2021-05-16T17:59:03.377296300Z multimorb3                         0.838    0.145     5.792   0.000
2021-05-16T17:59:03.377303400Z multimorb4+                        0.706    0.203     3.479   0.001
2021-05-16T17:59:03.377310200Z shielded                           0.740    0.037    19.846   0.000
2021-05-16T17:59:03.377317400Z flu_vaccine                       -0.364    0.038    -9.463   0.000
2021-05-16T17:59:03.377324200Z efi_catMild                        0.087    0.053     1.632   0.103
2021-05-16T17:59:03.377331100Z efi_catModerate                    0.356    0.058     6.136   0.000
2021-05-16T17:59:03.377338300Z efi_catSevere                      0.643    0.068     9.404   0.000
2021-05-16T17:59:03.377345300Z ns(tstop, df = 4)1                 0.615    0.162     3.807   0.000
2021-05-16T17:59:03.377352900Z ns(tstop, df = 4)2                 0.719    0.152     4.722   0.000
2021-05-16T17:59:03.377359800Z ns(tstop, df = 4)3                 2.201    0.355     6.206   0.000
2021-05-16T17:59:03.377366600Z ns(tstop, df = 4)4                 2.124    0.147    14.463   0.000
2021-05-16T17:59:03.377373400Z regionEast Midlands                0.418    0.209     2.004   0.045
2021-05-16T17:59:03.377380500Z regionLondon                       0.834    0.487     1.711   0.087
2021-05-16T17:59:03.377387800Z regionNorth East                   0.560    0.352     1.594   0.111
2021-05-16T17:59:03.377395300Z regionNorth West                   1.272    0.233     5.451   0.000
2021-05-16T17:59:03.377402200Z regionSouth East                   1.640    0.275     5.972   0.000
2021-05-16T17:59:03.377409800Z regionSouth West                   3.624    0.208    17.440   0.000
2021-05-16T17:59:03.377425900Z regionWest Midlands                4.228    0.362    11.672   0.000
2021-05-16T17:59:03.377433400Z regionYorkshire and The           -0.466    0.219    -2.130   0.033
2021-05-16T17:59:03.377440300Z Humber                                                             
2021-05-16T17:59:03.377447300Z ns(tstop, df =                    -0.302    0.237    -1.275   0.202
2021-05-16T17:59:03.377454200Z 4)1:regionEast Midlands                                            
2021-05-16T17:59:03.377461200Z ns(tstop, df =                    -0.057    0.219    -0.259   0.796
2021-05-16T17:59:03.377468000Z 4)2:regionEast Midlands                                            
2021-05-16T17:59:03.377475200Z ns(tstop, df =                    -0.176    0.513    -0.343   0.732
2021-05-16T17:59:03.377483100Z 4)3:regionEast Midlands                                            
2021-05-16T17:59:03.377490700Z ns(tstop, df =                    -0.208    0.206    -1.011   0.312
2021-05-16T17:59:03.377497400Z 4)4:regionEast Midlands                                            
2021-05-16T17:59:03.377504300Z ns(tstop, df =                     0.468    0.510     0.918   0.358
2021-05-16T17:59:03.377511200Z 4)1:regionLondon                                                   
2021-05-16T17:59:03.377518700Z ns(tstop, df =                     0.644    0.483     1.334   0.182
2021-05-16T17:59:03.377525800Z 4)2:regionLondon                                                   
2021-05-16T17:59:03.377532600Z ns(tstop, df =                     1.387    1.151     1.205   0.228
2021-05-16T17:59:03.377539400Z 4)3:regionLondon                                                   
2021-05-16T17:59:03.377546200Z ns(tstop, df =                    -0.477    0.427    -1.118   0.264
2021-05-16T17:59:03.377553000Z 4)4:regionLondon                                                   
2021-05-16T17:59:03.377559900Z ns(tstop, df =                     0.062    0.389     0.160   0.873
2021-05-16T17:59:03.377566700Z 4)1:regionNorth East                                               
2021-05-16T17:59:03.377573500Z ns(tstop, df =                     0.379    0.348     1.089   0.276
2021-05-16T17:59:03.377580400Z 4)2:regionNorth East                                               
2021-05-16T17:59:03.377587100Z ns(tstop, df =                    -0.055    0.857    -0.064   0.949
2021-05-16T17:59:03.377594000Z 4)3:regionNorth East                                               
2021-05-16T17:59:03.377600800Z ns(tstop, df =                    -0.158    0.351    -0.450   0.653
2021-05-16T17:59:03.377607700Z 4)4:regionNorth East                                               
2021-05-16T17:59:03.377614500Z ns(tstop, df =                    -0.696    0.278    -2.500   0.012
2021-05-16T17:59:03.377621400Z 4)1:regionNorth West                                               
2021-05-16T17:59:03.377630000Z ns(tstop, df =                    -0.204    0.260    -0.784   0.433
2021-05-16T17:59:03.377637200Z 4)2:regionNorth West                                               
2021-05-16T17:59:03.377651700Z ns(tstop, df =                    -0.816    0.587    -1.391   0.164
2021-05-16T17:59:03.377659100Z 4)3:regionNorth West                                               
2021-05-16T17:59:03.377665900Z ns(tstop, df =                    -0.102    0.255    -0.401   0.689
2021-05-16T17:59:03.377672700Z 4)4:regionNorth West                                               
2021-05-16T17:59:03.377679500Z ns(tstop, df =                    -0.349    0.321    -1.086   0.277
2021-05-16T17:59:03.377686300Z 4)1:regionSouth East                                               
2021-05-16T17:59:03.377693100Z ns(tstop, df =                    -0.074    0.305    -0.242   0.808
2021-05-16T17:59:03.377699900Z 4)2:regionSouth East                                               
2021-05-16T17:59:03.377706700Z ns(tstop, df =                    -0.496    0.686    -0.724   0.469
2021-05-16T17:59:03.377713700Z 4)3:regionSouth East                                               
2021-05-16T17:59:03.377720800Z ns(tstop, df =                    -0.234    0.296    -0.790   0.429
2021-05-16T17:59:03.377727600Z 4)4:regionSouth East                                               
2021-05-16T17:59:03.377734600Z ns(tstop, df =                    -0.406    0.242    -1.679   0.093
2021-05-16T17:59:03.377741400Z 4)1:regionSouth West                                               
2021-05-16T17:59:03.377748400Z ns(tstop, df =                    -0.102    0.231    -0.443   0.658
2021-05-16T17:59:03.377755500Z 4)2:regionSouth West                                               
2021-05-16T17:59:03.377763000Z ns(tstop, df =                    -0.826    0.519    -1.592   0.111
2021-05-16T17:59:03.377769800Z 4)3:regionSouth West                                               
2021-05-16T17:59:03.377776700Z ns(tstop, df =                    -0.382    0.233    -1.638   0.101
2021-05-16T17:59:03.377783500Z 4)4:regionSouth West                                               
2021-05-16T17:59:03.377790400Z ns(tstop, df =                    -0.123    0.414    -0.297   0.766
2021-05-16T17:59:03.377797200Z 4)1:regionWest Midlands                                            
2021-05-16T17:59:03.377804200Z ns(tstop, df =                     0.085    0.402     0.211   0.833
2021-05-16T17:59:03.377811000Z 4)2:regionWest Midlands                                            
2021-05-16T17:59:03.377818100Z ns(tstop, df =                     0.425    0.889     0.478   0.633
2021-05-16T17:59:03.377825000Z 4)3:regionWest Midlands                                            
2021-05-16T17:59:03.377831900Z ns(tstop, df =                    -0.571    0.395    -1.443   0.149
2021-05-16T17:59:03.377838700Z 4)4:regionWest Midlands                                            
2021-05-16T17:59:03.377846200Z ns(tstop, df =                    -0.405    0.251    -1.613   0.107
2021-05-16T17:59:03.377853100Z 4)1:regionYorkshire and The                                        
2021-05-16T17:59:03.377867700Z Humber                                                             
2021-05-16T17:59:03.377875000Z ns(tstop, df =                     0.214    0.236     0.908   0.364
2021-05-16T17:59:03.377882000Z 4)2:regionYorkshire and The                                        
2021-05-16T17:59:03.377888800Z Humber                                                             
2021-05-16T17:59:03.377895600Z ns(tstop, df =                    -0.520    0.542    -0.960   0.337
2021-05-16T17:59:03.377902500Z 4)3:regionYorkshire and The                                        
2021-05-16T17:59:03.377909300Z Humber                                                             
2021-05-16T17:59:03.377916300Z ns(tstop, df =                    -0.514    0.231    -2.228   0.026
2021-05-16T17:59:03.377923000Z 4)4:regionYorkshire and The                                        
2021-05-16T17:59:03.377930000Z Humber                                                             
2021-05-16T17:59:03.377936700Z -------------------------------------------------------------------
2021-05-16T17:59:03.377943700Z msmmod2_par data size = 11741488 
2021-05-16T17:59:25.331601500Z memory usage = 5.11 GB 
2021-05-16T18:01:04.362173600Z   
2021-05-16T18:01:04.362288100Z msmmod3 
2021-05-16T18:36:45.338321500Z MODEL INFO:
2021-05-16T18:36:45.338430500Z Observations: 11741488
2021-05-16T18:36:45.338440200Z Dependent Variable: 
2021-05-16T18:36:45.338450900Z Type: Generalized linear model
2021-05-16T18:36:45.338459200Z   Family: binomial 
2021-05-16T18:36:45.338466700Z   Link function: logit 
2021-05-16T18:36:45.338474600Z 
2021-05-16T18:36:45.340152400Z MODEL FIT:
2021-05-16T18:36:45.340179700Z <U+03C7><U+00B2>(110) = 15317.548, p = 0.000
2021-05-16T18:36:45.340190200Z Pseudo-R<U+00B2> (Cragg-Uhler) = 
2021-05-16T18:36:45.340198200Z Pseudo-R<U+00B2> (McFadden) = 0.145
2021-05-16T18:36:45.340205900Z AIC = 90396.610, BIC = 91981.539 
2021-05-16T18:36:45.340213700Z 
2021-05-16T18:36:45.340370600Z Standard errors: MLE
2021-05-16T18:36:45.966540100Z -----------------------------------------------------------------------------
2021-05-16T18:36:45.966648000Z                                                        Est.     S.E.   z val.
2021-05-16T18:36:45.966658400Z -------------------------------------------------- -------- -------- --------
2021-05-16T18:36:45.966666000Z (Intercept)                                          -7.179   11.583   -0.620
2021-05-16T18:36:45.966673600Z timesincevax_pw1-3                                   -1.350    0.252   -5.361
2021-05-16T18:36:45.966681600Z timesincevax_pw4-7                                   -0.682    0.153   -4.458
2021-05-16T18:36:45.966718100Z timesincevax_pw8-14                                  -0.534    0.105   -5.059
2021-05-16T18:36:45.966726200Z timesincevax_pw15-21                                 -0.667    0.110   -6.047
2021-05-16T18:36:45.966733300Z timesincevax_pw22-28                                 -0.496    0.120   -4.145
2021-05-16T18:36:45.966740300Z timesincevax_pw29+                                   -0.623    0.108   -5.778
2021-05-16T18:36:45.966747400Z poly(age, degree = 2, raw =                          -0.217    0.311   -0.697
2021-05-16T18:36:45.966754200Z TRUE)1                                                                       
2021-05-16T18:36:45.966761400Z poly(age, degree = 2, raw =                           0.002    0.002    0.968
2021-05-16T18:36:45.966768400Z TRUE)2                                                                       
2021-05-16T18:36:45.966775500Z sexMale                                               0.273    0.030    8.992
2021-05-16T18:36:45.966782300Z imd2                                                  0.011    0.046    0.242
2021-05-16T18:36:45.966789300Z imd3                                                  0.026    0.046    0.566
2021-05-16T18:36:45.966796200Z imd4                                                 -0.060    0.048   -1.239
2021-05-16T18:36:45.966803200Z imd5 least deprived                                  -0.109    0.050   -2.162
2021-05-16T18:36:45.966810000Z ethnicity_combinedBlack                              -0.323    0.201   -1.611
2021-05-16T18:36:45.966817000Z ethnicity_combinedSouth                              -0.065    0.096   -0.679
2021-05-16T18:36:45.966827100Z Asian                                                                        
2021-05-16T18:36:45.966834300Z ethnicity_combinedMixed                              -0.182    0.290   -0.627
2021-05-16T18:36:45.966841200Z ethnicity_combinedOther                              -0.134    0.206   -0.651
2021-05-16T18:36:45.966848300Z bmiObese I (30-34.9)                                 -0.307    0.042   -7.356
2021-05-16T18:36:45.966855200Z bmiObese II (35-39.9)                                -0.274    0.077   -3.545
2021-05-16T18:36:45.966865600Z bmiObese III (40+)                                   -0.070    0.089   -0.786
2021-05-16T18:36:45.966872800Z heart_failure                                         0.498    0.048   10.332
2021-05-16T18:36:45.966879800Z other_heart_disease                                  -0.190    0.050   -3.784
2021-05-16T18:36:45.966886600Z dialysis                                              0.223    0.161    1.378
2021-05-16T18:36:45.966893500Z diabetes                                              0.113    0.057    1.978
2021-05-16T18:36:45.966900300Z chronic_liver_disease                                 0.617    0.094    6.602
2021-05-16T18:36:45.966907300Z current_copd                                          0.154    0.056    2.730
2021-05-16T18:36:45.966914200Z other_resp_conditions                                 0.115    0.054    2.135
2021-05-16T18:36:45.966928800Z lung_cancer                                           1.082    0.073   14.733
2021-05-16T18:36:45.966936600Z haematological_cancer                                 0.279    0.082    3.409
2021-05-16T18:36:45.966943400Z cancer_excl_lung_and_haem                             0.507    0.053    9.572
2021-05-16T18:36:45.966950400Z any_immunosuppression                                -0.010    0.063   -0.158
2021-05-16T18:36:45.966957300Z dementia                                              0.706    0.068   10.320
2021-05-16T18:36:45.966964100Z other_neuro_conditions                                0.486    0.076    6.383
2021-05-16T18:36:45.966971000Z LD_incl_DS_and_CP                                     0.112    0.222    0.503
2021-05-16T18:36:45.966977700Z psychosis_schiz_bipolar                               0.306    0.108    2.846
2021-05-16T18:36:45.966984600Z multimorb1                                            0.410    0.066    6.221
2021-05-16T18:36:45.966991400Z multimorb2                                            0.540    0.103    5.256
2021-05-16T18:36:45.966998400Z multimorb3                                            0.470    0.146    3.229
2021-05-16T18:36:45.967005200Z multimorb4+                                           0.337    0.203    1.658
2021-05-16T18:36:45.967012000Z shielded                                              0.562    0.037   15.023
2021-05-16T18:36:45.967018800Z flu_vaccine                                          -0.339    0.038   -8.818
2021-05-16T18:36:45.967025700Z efi_catMild                                          -0.186    0.054   -3.452
2021-05-16T18:36:45.967032500Z efi_catModerate                                      -0.125    0.059   -2.117
2021-05-16T18:36:45.967039400Z efi_catSevere                                        -0.052    0.069   -0.750
2021-05-16T18:36:45.967046300Z ns(tstop, df = 4)1                                    0.589    0.162    3.647
2021-05-16T18:36:45.967053600Z ns(tstop, df = 4)2                                    0.685    0.153    4.481
2021-05-16T18:36:45.967061000Z ns(tstop, df = 4)3                                    1.897    0.355    5.345
2021-05-16T18:36:45.967067700Z ns(tstop, df = 4)4                                    1.751    0.149   11.744
2021-05-16T18:36:45.967074600Z regionEast Midlands                                   0.434    0.209    2.081
2021-05-16T18:36:45.967081400Z regionLondon                                          0.859    0.485    1.770
2021-05-16T18:36:45.967088200Z regionNorth East                                      0.589    0.352    1.675
2021-05-16T18:36:45.967095100Z regionNorth West                                      1.319    0.233    5.659
2021-05-16T18:36:45.967101900Z regionSouth East                                      1.710    0.274    6.239
2021-05-16T18:36:45.967108700Z regionSouth West                                      3.624    0.208   17.460
2021-05-16T18:36:45.967115500Z regionWest Midlands                                   4.048    0.361   11.209
2021-05-16T18:36:45.967122300Z regionYorkshire and The                              -0.410    0.219   -1.876
2021-05-16T18:36:45.967136500Z Humber                                                                       
2021-05-16T18:36:45.967144000Z timesince_postesttdc_pw1-3                            1.029    0.209    4.919
2021-05-16T18:36:45.967150800Z timesince_postesttdc_pw3-7                            0.317    0.229    1.382
2021-05-16T18:36:45.967157600Z timesince_postesttdc_pw8-14                          -0.225    0.218   -1.033
2021-05-16T18:36:45.967164500Z timesince_postesttdc_pw15-21                         -0.418    0.234   -1.788
2021-05-16T18:36:45.967171300Z timesince_postesttdc_pw22-28                         -0.132    0.210   -0.630
2021-05-16T18:36:45.967178300Z timesince_postesttdc_pw29+                           -0.012    0.155   -0.079
2021-05-16T18:36:45.967185100Z timesince_suspectedcovid_pw1-3                        0.810    0.382    2.120
2021-05-16T18:36:45.967192000Z timesince_suspectedcovid_pw3-7                        1.101    0.319    3.454
2021-05-16T18:36:45.967198800Z timesince_suspectedcovid_pw8-14                       0.469    0.358    1.308
2021-05-16T18:36:45.967205800Z timesince_suspectedcovid_pw15-21                      0.066    0.429    0.154
2021-05-16T18:36:45.967212800Z timesince_suspectedcovid_pw22-28                      0.141    0.474    0.296
2021-05-16T18:36:45.967219800Z timesince_suspectedcovid_pw29+                        0.299    0.320    0.933
2021-05-16T18:36:45.967226800Z timesince_hospinfectiousdischarge_pwIn                1.685    0.037   44.938
2021-05-16T18:36:45.967233600Z hospital                                                                     
2021-05-16T18:36:45.967241800Z timesince_hospinfectiousdischarge_pw1-7               3.052    0.076   40.137
2021-05-16T18:36:45.967248900Z timesince_hospinfectiousdischarge_pw8-14              2.665    0.097   27.589
2021-05-16T18:36:45.967255800Z timesince_hospinfectiousdischarge_pw15-21             2.750    0.103   26.660
2021-05-16T18:36:45.967262900Z timesince_hospinfectiousdischarge_pw22-28             2.264    0.143   15.875
2021-05-16T18:36:45.967269700Z timesince_hospnoninfectiousdischarge_pwIn             0.235    0.051    4.612
2021-05-16T18:36:45.967276600Z hospital                                                                     
2021-05-16T18:36:45.967283400Z timesince_hospnoninfectiousdischarge_pw1-7            2.522    0.145   17.412
2021-05-16T18:36:45.967290400Z timesince_hospnoninfectiousdischarge_pw8-14           2.064    0.176   11.757
2021-05-16T18:36:45.967297200Z timesince_hospnoninfectiousdischarge_pw15-21          1.909    0.188   10.137
2021-05-16T18:36:45.967304100Z timesince_hospnoninfectiousdischarge_pw22-28          2.052    0.195   10.524
2021-05-16T18:36:45.967310900Z ns(tstop, df =                                       -0.362    0.237   -1.528
2021-05-16T18:36:45.967317800Z 4)1:regionEast Midlands                                                      
2021-05-16T18:36:45.967324600Z ns(tstop, df =                                       -0.030    0.220   -0.138
2021-05-16T18:36:45.967339200Z 4)2:regionEast Midlands                                                      
2021-05-16T18:36:45.967346400Z ns(tstop, df =                                       -0.173    0.513   -0.337
2021-05-16T18:36:45.967353400Z 4)3:regionEast Midlands                                                      
2021-05-16T18:36:45.967360200Z ns(tstop, df =                                       -0.239    0.208   -1.150
2021-05-16T18:36:45.967367200Z 4)4:regionEast Midlands                                                      
2021-05-16T18:36:45.967374100Z ns(tstop, df =                                        0.402    0.508    0.791
2021-05-16T18:36:45.967381100Z 4)1:regionLondon                                                             
2021-05-16T18:36:45.967387900Z ns(tstop, df =                                        0.641    0.483    1.325
2021-05-16T18:36:45.967394800Z 4)2:regionLondon                                                             
2021-05-16T18:36:45.967401600Z ns(tstop, df =                                        1.366    1.146    1.191
2021-05-16T18:36:45.967408600Z 4)3:regionLondon                                                             
2021-05-16T18:36:45.967415400Z ns(tstop, df =                                       -0.391    0.432   -0.905
2021-05-16T18:36:45.967422400Z 4)4:regionLondon                                                             
2021-05-16T18:36:45.967429700Z ns(tstop, df =                                        0.038    0.389    0.098
2021-05-16T18:36:45.967437600Z 4)1:regionNorth East                                                         
2021-05-16T18:36:45.967444400Z ns(tstop, df =                                        0.352    0.349    1.009
2021-05-16T18:36:45.967522100Z 4)2:regionNorth East                                                         
2021-05-16T18:36:45.967532700Z ns(tstop, df =                                        0.008    0.857    0.010
2021-05-16T18:36:45.967540200Z 4)3:regionNorth East                                                         
2021-05-16T18:36:45.967547400Z ns(tstop, df =                                       -0.097    0.353   -0.275
2021-05-16T18:36:45.967554300Z 4)4:regionNorth East                                                         
2021-05-16T18:36:45.967561400Z ns(tstop, df =                                       -0.710    0.278   -2.553
2021-05-16T18:36:45.967568400Z 4)1:regionNorth West                                                         
2021-05-16T18:36:45.967575400Z ns(tstop, df =                                       -0.212    0.260   -0.815
2021-05-16T18:36:45.967582500Z 4)2:regionNorth West                                                         
2021-05-16T18:36:45.967589500Z ns(tstop, df =                                       -0.826    0.587   -1.408
2021-05-16T18:36:45.967596500Z 4)3:regionNorth West                                                         
2021-05-16T18:36:45.967603600Z ns(tstop, df =                                       -0.104    0.256   -0.404
2021-05-16T18:36:45.967620000Z 4)4:regionNorth West                                                         
2021-05-16T18:36:45.967627900Z ns(tstop, df =                                       -0.361    0.321   -1.124
2021-05-16T18:36:45.967634700Z 4)1:regionSouth East                                                         
2021-05-16T18:36:45.967641800Z ns(tstop, df =                                       -0.136    0.307   -0.444
2021-05-16T18:36:45.967649000Z 4)2:regionSouth East                                                         
2021-05-16T18:36:45.967656400Z ns(tstop, df =                                       -0.573    0.684   -0.838
2021-05-16T18:36:45.967663200Z 4)3:regionSouth East                                                         
2021-05-16T18:36:45.967670100Z ns(tstop, df =                                       -0.200    0.300   -0.667
2021-05-16T18:36:45.967676900Z 4)4:regionSouth East                                                         
2021-05-16T18:36:45.967683800Z ns(tstop, df =                                       -0.555    0.242   -2.293
2021-05-16T18:36:45.967690700Z 4)1:regionSouth West                                                         
2021-05-16T18:36:45.967697600Z ns(tstop, df =                                       -0.187    0.232   -0.807
2021-05-16T18:36:45.967705300Z 4)2:regionSouth West                                                         
2021-05-16T18:36:45.967712300Z ns(tstop, df =                                       -0.972    0.518   -1.876
2021-05-16T18:36:45.967719200Z 4)3:regionSouth West                                                         
2021-05-16T18:36:45.967726000Z ns(tstop, df =                                       -0.533    0.236   -2.255
2021-05-16T18:36:45.967732900Z 4)4:regionSouth West                                                         
2021-05-16T18:36:45.967739800Z ns(tstop, df =                                       -0.207    0.413   -0.502
2021-05-16T18:36:45.967746600Z 4)1:regionWest Midlands                                                      
2021-05-16T18:36:45.967753500Z ns(tstop, df =                                        0.067    0.408    0.164
2021-05-16T18:36:45.967760300Z 4)2:regionWest Midlands                                                      
2021-05-16T18:36:45.967767200Z ns(tstop, df =                                       -0.031    0.888   -0.035
2021-05-16T18:36:45.967774100Z 4)3:regionWest Midlands                                                      
2021-05-16T18:36:45.967780900Z ns(tstop, df =                                       -1.060    0.407   -2.604
2021-05-16T18:36:45.967787800Z 4)4:regionWest Midlands                                                      
2021-05-16T18:36:45.967794600Z ns(tstop, df =                                       -0.424    0.251   -1.691
2021-05-16T18:36:45.967801500Z 4)1:regionYorkshire and The                                                  
2021-05-16T18:36:45.967808300Z Humber                                                                       
2021-05-16T18:36:45.967822000Z ns(tstop, df =                                        0.190    0.236    0.805
2021-05-16T18:36:45.967829800Z 4)2:regionYorkshire and The                                                  
2021-05-16T18:36:45.967836800Z Humber                                                                       
2021-05-16T18:36:45.967843600Z ns(tstop, df =                                       -0.470    0.542   -0.867
2021-05-16T18:36:45.967850600Z 4)3:regionYorkshire and The                                                  
2021-05-16T18:36:45.967857500Z Humber                                                                       
2021-05-16T18:36:45.967864600Z ns(tstop, df =                                       -0.421    0.232   -1.813
2021-05-16T18:36:45.967871300Z 4)4:regionYorkshire and The                                                  
2021-05-16T18:36:45.967878400Z Humber                                                                       
2021-05-16T18:36:45.967885400Z -----------------------------------------------------------------------------
2021-05-16T18:36:45.967892200Z  
2021-05-16T18:36:45.967899400Z ----------------------------------------------------------
2021-05-16T18:36:45.967906400Z                                                          p
2021-05-16T18:36:45.967913400Z -------------------------------------------------- -------
2021-05-16T18:36:45.967920000Z (Intercept)                                          0.535
2021-05-16T18:36:45.967926800Z timesincevax_pw1-3                                   0.000
2021-05-16T18:36:45.967933600Z timesincevax_pw4-7                                   0.000
2021-05-16T18:36:45.967940400Z timesincevax_pw8-14                                  0.000
2021-05-16T18:36:45.967947200Z timesincevax_pw15-21                                 0.000
2021-05-16T18:36:45.967953800Z timesincevax_pw22-28                                 0.000
2021-05-16T18:36:45.967960600Z timesincevax_pw29+                                   0.000
2021-05-16T18:36:45.967967300Z poly(age, degree = 2, raw =                          0.486
2021-05-16T18:36:45.967974000Z TRUE)1                                                    
2021-05-16T18:36:45.967980800Z poly(age, degree = 2, raw =                          0.333
2021-05-16T18:36:45.967987700Z TRUE)2                                                    
2021-05-16T18:36:45.967994500Z sexMale                                              0.000
2021-05-16T18:36:45.968001200Z imd2                                                 0.809
2021-05-16T18:36:45.968007900Z imd3                                                 0.571
2021-05-16T18:36:45.968014600Z imd4                                                 0.215
2021-05-16T18:36:45.968021400Z imd5 least deprived                                  0.031
2021-05-16T18:36:45.968028400Z ethnicity_combinedBlack                              0.107
2021-05-16T18:36:45.968042100Z ethnicity_combinedSouth                              0.497
2021-05-16T18:36:45.968049500Z Asian                                                     
2021-05-16T18:36:45.968056300Z ethnicity_combinedMixed                              0.530
2021-05-16T18:36:45.968063000Z ethnicity_combinedOther                              0.515
2021-05-16T18:36:45.968069800Z bmiObese I (30-34.9)                                 0.000
2021-05-16T18:36:45.968076600Z bmiObese II (35-39.9)                                0.000
2021-05-16T18:36:45.968083400Z bmiObese III (40+)                                   0.432
2021-05-16T18:36:45.968090200Z heart_failure                                        0.000
2021-05-16T18:36:45.968097000Z other_heart_disease                                  0.000
2021-05-16T18:36:45.968103800Z dialysis                                             0.168
2021-05-16T18:36:45.968110700Z diabetes                                             0.048
2021-05-16T18:36:45.968117500Z chronic_liver_disease                                0.000
2021-05-16T18:36:45.968124300Z current_copd                                         0.006
2021-05-16T18:36:45.968131100Z other_resp_conditions                                0.033
2021-05-16T18:36:45.968138100Z lung_cancer                                          0.000
2021-05-16T18:36:45.968146100Z haematological_cancer                                0.001
2021-05-16T18:36:45.968153200Z cancer_excl_lung_and_haem                            0.000
2021-05-16T18:36:45.968160200Z any_immunosuppression                                0.875
2021-05-16T18:36:45.968167300Z dementia                                             0.000
2021-05-16T18:36:45.968174100Z other_neuro_conditions                               0.000
2021-05-16T18:36:45.968181000Z LD_incl_DS_and_CP                                    0.615
2021-05-16T18:36:45.968187800Z psychosis_schiz_bipolar                              0.004
2021-05-16T18:36:45.968194800Z multimorb1                                           0.000
2021-05-16T18:36:45.968201500Z multimorb2                                           0.000
2021-05-16T18:36:45.968208400Z multimorb3                                           0.001
2021-05-16T18:36:45.968215200Z multimorb4+                                          0.097
2021-05-16T18:36:45.968221900Z shielded                                             0.000
2021-05-16T18:36:45.968228900Z flu_vaccine                                          0.000
2021-05-16T18:36:45.968235600Z efi_catMild                                          0.001
2021-05-16T18:36:45.968242600Z efi_catModerate                                      0.034
2021-05-16T18:36:45.968249500Z efi_catSevere                                        0.454
2021-05-16T18:36:45.968256400Z ns(tstop, df = 4)1                                   0.000
2021-05-16T18:36:45.968270300Z ns(tstop, df = 4)2                                   0.000
2021-05-16T18:36:45.968277900Z ns(tstop, df = 4)3                                   0.000
2021-05-16T18:36:45.968284600Z ns(tstop, df = 4)4                                   0.000
2021-05-16T18:36:45.968291500Z regionEast Midlands                                  0.037
2021-05-16T18:36:45.968298300Z regionLondon                                         0.077
2021-05-16T18:36:45.968305300Z regionNorth East                                     0.094
2021-05-16T18:36:45.968312100Z regionNorth West                                     0.000
2021-05-16T18:36:45.968319100Z regionSouth East                                     0.000
2021-05-16T18:36:45.968325700Z regionSouth West                                     0.000
2021-05-16T18:36:45.968332800Z regionWest Midlands                                  0.000
2021-05-16T18:36:45.968339500Z regionYorkshire and The                              0.061
2021-05-16T18:36:45.968346400Z Humber                                                    
2021-05-16T18:36:45.968353200Z timesince_postesttdc_pw1-3                           0.000
2021-05-16T18:36:45.968362000Z timesince_postesttdc_pw3-7                           0.167
2021-05-16T18:36:45.968368800Z timesince_postesttdc_pw8-14                          0.301
2021-05-16T18:36:45.968375500Z timesince_postesttdc_pw15-21                         0.074
2021-05-16T18:36:45.968382100Z timesince_postesttdc_pw22-28                         0.528
2021-05-16T18:36:45.968388900Z timesince_postesttdc_pw29+                           0.937
2021-05-16T18:36:45.968396100Z timesince_suspectedcovid_pw1-3                       0.034
2021-05-16T18:36:45.968402900Z timesince_suspectedcovid_pw3-7                       0.001
2021-05-16T18:36:45.968409600Z timesince_suspectedcovid_pw8-14                      0.191
2021-05-16T18:36:45.968416300Z timesince_suspectedcovid_pw15-21                     0.878
2021-05-16T18:36:45.968423000Z timesince_suspectedcovid_pw22-28                     0.767
2021-05-16T18:36:45.968429900Z timesince_suspectedcovid_pw29+                       0.351
2021-05-16T18:36:45.968436600Z timesince_hospinfectiousdischarge_pwIn               0.000
2021-05-16T18:36:45.968443600Z hospital                                                  
2021-05-16T18:36:45.968475300Z timesince_hospinfectiousdischarge_pw1-7              0.000
2021-05-16T18:36:45.968486200Z timesince_hospinfectiousdischarge_pw8-14             0.000
2021-05-16T18:36:45.968493100Z timesince_hospinfectiousdischarge_pw15-21            0.000
2021-05-16T18:36:45.968500100Z timesince_hospinfectiousdischarge_pw22-28            0.000
2021-05-16T18:36:45.968506900Z timesince_hospnoninfectiousdischarge_pwIn            0.000
2021-05-16T18:36:45.968513900Z hospital                                                  
2021-05-16T18:36:45.968530200Z timesince_hospnoninfectiousdischarge_pw1-7           0.000
2021-05-16T18:36:45.968538100Z timesince_hospnoninfectiousdischarge_pw8-14          0.000
2021-05-16T18:36:45.968544900Z timesince_hospnoninfectiousdischarge_pw15-21         0.000
2021-05-16T18:36:45.968551900Z timesince_hospnoninfectiousdischarge_pw22-28         0.000
2021-05-16T18:36:45.968558700Z ns(tstop, df =                                       0.126
2021-05-16T18:36:45.968565600Z 4)1:regionEast Midlands                                   
2021-05-16T18:36:45.968572400Z ns(tstop, df =                                       0.891
2021-05-16T18:36:45.968579200Z 4)2:regionEast Midlands                                   
2021-05-16T18:36:45.968586000Z ns(tstop, df =                                       0.736
2021-05-16T18:36:45.968593000Z 4)3:regionEast Midlands                                   
2021-05-16T18:36:45.968599700Z ns(tstop, df =                                       0.250
2021-05-16T18:36:45.968606700Z 4)4:regionEast Midlands                                   
2021-05-16T18:36:45.968613400Z ns(tstop, df =                                       0.429
2021-05-16T18:36:45.968620300Z 4)1:regionLondon                                          
2021-05-16T18:36:45.968627200Z ns(tstop, df =                                       0.185
2021-05-16T18:36:45.968634200Z 4)2:regionLondon                                          
2021-05-16T18:36:45.968641100Z ns(tstop, df =                                       0.234
2021-05-16T18:36:45.968648100Z 4)3:regionLondon                                          
2021-05-16T18:36:45.968655000Z ns(tstop, df =                                       0.366
2021-05-16T18:36:45.968661800Z 4)4:regionLondon                                          
2021-05-16T18:36:45.968669500Z ns(tstop, df =                                       0.922
2021-05-16T18:36:45.968676500Z 4)1:regionNorth East                                      
2021-05-16T18:36:45.968683300Z ns(tstop, df =                                       0.313
2021-05-16T18:36:45.968690400Z 4)2:regionNorth East                                      
2021-05-16T18:36:45.968697200Z ns(tstop, df =                                       0.992
2021-05-16T18:36:45.968704300Z 4)3:regionNorth East                                      
2021-05-16T18:36:45.968711200Z ns(tstop, df =                                       0.784
2021-05-16T18:36:45.968718200Z 4)4:regionNorth East                                      
2021-05-16T18:36:45.968725200Z ns(tstop, df =                                       0.011
2021-05-16T18:36:45.968732200Z 4)1:regionNorth West                                      
2021-05-16T18:36:45.968739100Z ns(tstop, df =                                       0.415
2021-05-16T18:36:45.968746200Z 4)2:regionNorth West                                      
2021-05-16T18:36:45.968753300Z ns(tstop, df =                                       0.159
2021-05-16T18:36:45.968767800Z 4)3:regionNorth West                                      
2021-05-16T18:36:45.968775200Z ns(tstop, df =                                       0.686
2021-05-16T18:36:45.968782200Z 4)4:regionNorth West                                      
2021-05-16T18:36:45.968789100Z ns(tstop, df =                                       0.261
2021-05-16T18:36:45.968796100Z 4)1:regionSouth East                                      
2021-05-16T18:36:45.968802800Z ns(tstop, df =                                       0.657
2021-05-16T18:36:45.968809800Z 4)2:regionSouth East                                      
2021-05-16T18:36:45.968816600Z ns(tstop, df =                                       0.402
2021-05-16T18:36:45.968823500Z 4)3:regionSouth East                                      
2021-05-16T18:36:45.968830700Z ns(tstop, df =                                       0.505
2021-05-16T18:36:45.968837700Z 4)4:regionSouth East                                      
2021-05-16T18:36:45.968844400Z ns(tstop, df =                                       0.022
2021-05-16T18:36:45.968851200Z 4)1:regionSouth West                                      
2021-05-16T18:36:45.968857900Z ns(tstop, df =                                       0.420
2021-05-16T18:36:45.968864700Z 4)2:regionSouth West                                      
2021-05-16T18:36:45.968871500Z ns(tstop, df =                                       0.061
2021-05-16T18:36:45.968878300Z 4)3:regionSouth West                                      
2021-05-16T18:36:45.968885000Z ns(tstop, df =                                       0.024
2021-05-16T18:36:45.968891900Z 4)4:regionSouth West                                      
2021-05-16T18:36:45.968898600Z ns(tstop, df =                                       0.616
2021-05-16T18:36:45.968905300Z 4)1:regionWest Midlands                                   
2021-05-16T18:36:45.968912100Z ns(tstop, df =                                       0.870
2021-05-16T18:36:45.968919600Z 4)2:regionWest Midlands                                   
2021-05-16T18:36:45.968926600Z ns(tstop, df =                                       0.972
2021-05-16T18:36:45.968933400Z 4)3:regionWest Midlands                                   
2021-05-16T18:36:45.968940200Z ns(tstop, df =                                       0.009
2021-05-16T18:36:45.968947000Z 4)4:regionWest Midlands                                   
2021-05-16T18:36:45.968953700Z ns(tstop, df =                                       0.091
2021-05-16T18:36:45.968960600Z 4)1:regionYorkshire and The                               
2021-05-16T18:36:45.968967400Z Humber                                                    
2021-05-16T18:36:45.968974300Z ns(tstop, df =                                       0.421
2021-05-16T18:36:45.968981100Z 4)2:regionYorkshire and The                               
2021-05-16T18:36:45.968995500Z Humber                                                    
2021-05-16T18:36:45.969003000Z ns(tstop, df =                                       0.386
2021-05-16T18:36:45.969010100Z 4)3:regionYorkshire and The                               
2021-05-16T18:36:45.969016900Z Humber                                                    
2021-05-16T18:36:45.969023900Z ns(tstop, df =                                       0.070
2021-05-16T18:36:45.969030800Z 4)4:regionYorkshire and The                               
2021-05-16T18:36:45.969037800Z Humber                                                    
2021-05-16T18:36:45.969044700Z ----------------------------------------------------------
2021-05-16T18:36:45.969051600Z msmmod3_par data size = 11741488 
2021-05-16T18:37:07.480403200Z memory usage = 5.11 GB 
2021-05-16T18:38:45.408079600Z   
2021-05-16T18:38:45.408170300Z msmmod4 
2021-05-16T19:03:17.345520500Z MODEL INFO:
2021-05-16T19:03:17.345633500Z Observations: 11741488
2021-05-16T19:03:17.345643100Z Dependent Variable: 
2021-05-16T19:03:17.345650900Z Type: Generalized linear model
2021-05-16T19:03:17.345658400Z   Family: binomial 
2021-05-16T19:03:17.345665900Z   Link function: logit 
2021-05-16T19:03:17.345673400Z 
2021-05-16T19:03:17.347324200Z MODEL FIT:
2021-05-16T19:03:17.347355200Z <U+03C7><U+00B2>(88) = 11339.933, p = 0.000
2021-05-16T19:03:17.347366000Z Pseudo-R<U+00B2> (Cragg-Uhler) = 
2021-05-16T19:03:17.347373800Z Pseudo-R<U+00B2> (McFadden) = 0.109
2021-05-16T19:03:17.347381600Z AIC = 93347.376, BIC = 94618.175 
2021-05-16T19:03:17.347389400Z 
2021-05-16T19:03:17.347536000Z Standard errors: MLE
2021-05-16T19:03:17.653314600Z -------------------------------------------------------------------
2021-05-16T19:03:17.653415000Z                                     Est.     S.E.    z val.       p
2021-05-16T19:03:17.653424600Z ------------------------------- -------- -------- --------- -------
2021-05-16T19:03:17.653432500Z (Intercept)                       -7.488   11.650    -0.643   0.520
2021-05-16T19:03:17.653440500Z timesincevax_pw1-3                -2.149    0.256    -8.395   0.000
2021-05-16T19:03:17.653448100Z timesincevax_pw4-7                -1.419    0.149    -9.521   0.000
2021-05-16T19:03:17.653455900Z timesincevax_pw8-14               -1.198    0.098   -12.161   0.000
2021-05-16T19:03:17.653463500Z timesincevax_pw15-21              -1.230    0.100   -12.344   0.000
2021-05-16T19:03:17.653471300Z timesincevax_pw22-28              -1.270    0.118   -10.746   0.000
2021-05-16T19:03:17.653478800Z timesincevax_pw29+                -1.355    0.105   -12.872   0.000
2021-05-16T19:03:17.653486400Z poly(age, degree = 2, raw =       -0.210    0.313    -0.671   0.502
2021-05-16T19:03:17.653530100Z TRUE)1                                                             
2021-05-16T19:03:17.653538500Z poly(age, degree = 2, raw =        0.002    0.002     0.971   0.332
2021-05-16T19:03:17.653545700Z TRUE)2                                                             
2021-05-16T19:03:17.653552900Z sexMale                            0.329    0.031    10.721   0.000
2021-05-16T19:03:17.653559800Z imd2                              -0.012    0.047    -0.247   0.805
2021-05-16T19:03:17.653567000Z imd3                              -0.016    0.047    -0.346   0.729
2021-05-16T19:03:17.653574000Z imd4                              -0.123    0.048    -2.529   0.011
2021-05-16T19:03:17.653581200Z imd5 least deprived               -0.191    0.051    -3.762   0.000
2021-05-16T19:03:17.653588500Z ethnicity_combinedBlack           -0.468    0.202    -2.320   0.020
2021-05-16T19:03:17.653596100Z ethnicity_combinedSouth           -0.123    0.095    -1.284   0.199
2021-05-16T19:03:17.653603100Z Asian                                                              
2021-05-16T19:03:17.653610500Z ethnicity_combinedMixed           -0.386    0.301    -1.282   0.200
2021-05-16T19:03:17.653618000Z ethnicity_combinedOther           -0.379    0.205    -1.851   0.064
2021-05-16T19:03:17.653625600Z bmiObese I (30-34.9)              -0.314    0.042    -7.503   0.000
2021-05-16T19:03:17.653632700Z bmiObese II (35-39.9)             -0.375    0.077    -4.847   0.000
2021-05-16T19:03:17.653639900Z bmiObese III (40+)                -0.088    0.089    -0.993   0.320
2021-05-16T19:03:17.653647000Z heart_failure                      0.690    0.049    14.212   0.000
2021-05-16T19:03:17.653654200Z other_heart_disease               -0.134    0.050    -2.654   0.008
2021-05-16T19:03:17.653661200Z dialysis                           0.466    0.161     2.886   0.004
2021-05-16T19:03:17.653670100Z diabetes                           0.033    0.057     0.589   0.556
2021-05-16T19:03:17.653677700Z chronic_liver_disease              0.695    0.093     7.491   0.000
2021-05-16T19:03:17.653685000Z current_copd                       0.099    0.056     1.777   0.076
2021-05-16T19:03:17.653691900Z other_resp_conditions              0.120    0.054     2.211   0.027
2021-05-16T19:03:17.653699200Z lung_cancer                        1.309    0.073    17.815   0.000
2021-05-16T19:03:17.653706400Z haematological_cancer              0.424    0.081     5.249   0.000
2021-05-16T19:03:17.653713500Z cancer_excl_lung_and_haem          0.496    0.053     9.338   0.000
2021-05-16T19:03:17.653720500Z any_immunosuppression             -0.115    0.063    -1.815   0.069
2021-05-16T19:03:17.653727800Z dementia                           0.730    0.069    10.634   0.000
2021-05-16T19:03:17.653734900Z other_neuro_conditions             0.579    0.076     7.629   0.000
2021-05-16T19:03:17.653742400Z LD_incl_DS_and_CP                  0.310    0.221     1.402   0.161
2021-05-16T19:03:17.653757600Z psychosis_schiz_bipolar            0.372    0.108     3.448   0.001
2021-05-16T19:03:17.653765600Z multimorb1                         0.589    0.066     8.945   0.000
2021-05-16T19:03:17.653772700Z multimorb2                         0.841    0.103     8.194   0.000
2021-05-16T19:03:17.653779800Z multimorb3                         0.865    0.145     5.955   0.000
2021-05-16T19:03:17.653786800Z multimorb4+                        0.760    0.203     3.740   0.000
2021-05-16T19:03:17.653794000Z shielded                           0.743    0.038    19.788   0.000
2021-05-16T19:03:17.653801000Z flu_vaccine                       -0.388    0.039   -10.019   0.000
2021-05-16T19:03:17.653808300Z efi_catMild                        0.110    0.054     2.033   0.042
2021-05-16T19:03:17.653815200Z efi_catModerate                    0.382    0.059     6.488   0.000
2021-05-16T19:03:17.653822500Z efi_catSevere                      0.672    0.069     9.704   0.000
2021-05-16T19:03:17.653829600Z ns(tstop, df = 4)1                 0.636    0.162     3.934   0.000
2021-05-16T19:03:17.653836700Z ns(tstop, df = 4)2                 0.636    0.154     4.122   0.000
2021-05-16T19:03:17.653843800Z ns(tstop, df = 4)3                 1.983    0.355     5.587   0.000
2021-05-16T19:03:17.653850800Z ns(tstop, df = 4)4                 1.878    0.150    12.520   0.000
2021-05-16T19:03:17.653857800Z regionEast Midlands                0.409    0.209     1.959   0.050
2021-05-16T19:03:17.653864800Z regionLondon                       0.827    0.486     1.700   0.089
2021-05-16T19:03:17.653871800Z regionNorth East                   0.546    0.352     1.553   0.120
2021-05-16T19:03:17.653878900Z regionNorth West                   1.264    0.233     5.426   0.000
2021-05-16T19:03:17.653886000Z regionSouth East                   1.631    0.275     5.938   0.000
2021-05-16T19:03:17.653893600Z regionSouth West                   3.618    0.208    17.424   0.000
2021-05-16T19:03:17.653901000Z regionWest Midlands                4.198    0.363    11.572   0.000
2021-05-16T19:03:17.653908100Z regionYorkshire and The           -0.467    0.218    -2.141   0.032
2021-05-16T19:03:17.653915100Z Humber                                                             
2021-05-16T19:03:17.653922400Z ns(tstop, df =                    -0.329    0.237    -1.386   0.166
2021-05-16T19:03:17.653929400Z 4)1:regionEast Midlands                                            
2021-05-16T19:03:17.653936400Z ns(tstop, df =                     0.040    0.222     0.182   0.856
2021-05-16T19:03:17.653943400Z 4)2:regionEast Midlands                                            
2021-05-16T19:03:17.653950400Z ns(tstop, df =                    -0.188    0.514    -0.365   0.715
2021-05-16T19:03:17.653957400Z 4)3:regionEast Midlands                                            
2021-05-16T19:03:17.653964400Z ns(tstop, df =                    -0.347    0.212    -1.641   0.101
2021-05-16T19:03:17.653978300Z 4)4:regionEast Midlands                                            
2021-05-16T19:03:17.653985800Z ns(tstop, df =                     0.455    0.509     0.893   0.372
2021-05-16T19:03:17.653992900Z 4)1:regionLondon                                                   
2021-05-16T19:03:17.653999900Z ns(tstop, df =                     0.650    0.479     1.358   0.175
2021-05-16T19:03:17.654007000Z 4)2:regionLondon                                                   
2021-05-16T19:03:17.654014100Z ns(tstop, df =                     1.506    1.148     1.312   0.190
2021-05-16T19:03:17.654021100Z 4)3:regionLondon                                                   
2021-05-16T19:03:17.654028100Z ns(tstop, df =                    -0.307    0.414    -0.742   0.458
2021-05-16T19:03:17.654035100Z 4)4:regionLondon                                                   
2021-05-16T19:03:17.654042100Z ns(tstop, df =                     0.032    0.389     0.081   0.935
2021-05-16T19:03:17.654049000Z 4)1:regionNorth East                                               
2021-05-16T19:03:17.654056100Z ns(tstop, df =                     0.528    0.352     1.500   0.134
2021-05-16T19:03:17.654063100Z 4)2:regionNorth East                                               
2021-05-16T19:03:17.654070200Z ns(tstop, df =                    -0.078    0.859    -0.091   0.927
2021-05-16T19:03:17.654077200Z 4)3:regionNorth East                                               
2021-05-16T19:03:17.654084700Z ns(tstop, df =                    -0.353    0.367    -0.964   0.335
2021-05-16T19:03:17.654091800Z 4)4:regionNorth East                                               
2021-05-16T19:03:17.654099000Z ns(tstop, df =                    -0.687    0.278    -2.472   0.013
2021-05-16T19:03:17.654105800Z 4)1:regionNorth West                                               
2021-05-16T19:03:17.654113700Z ns(tstop, df =                    -0.094    0.264    -0.354   0.723
2021-05-16T19:03:17.654121000Z 4)2:regionNorth West                                               
2021-05-16T19:03:17.654128100Z ns(tstop, df =                    -0.905    0.587    -1.541   0.123
2021-05-16T19:03:17.654135000Z 4)3:regionNorth West                                               
2021-05-16T19:03:17.654142200Z ns(tstop, df =                    -0.316    0.268    -1.182   0.237
2021-05-16T19:03:17.654149100Z 4)4:regionNorth West                                               
2021-05-16T19:03:17.654156100Z ns(tstop, df =                    -0.389    0.321    -1.211   0.226
2021-05-16T19:03:17.654162900Z 4)1:regionSouth East                                               
2021-05-16T19:03:17.654169900Z ns(tstop, df =                     0.021    0.306     0.069   0.945
2021-05-16T19:03:17.654176800Z 4)2:regionSouth East                                               
2021-05-16T19:03:17.654183800Z ns(tstop, df =                    -0.408    0.686    -0.595   0.552
2021-05-16T19:03:17.654211000Z 4)3:regionSouth East                                               
2021-05-16T19:03:17.654219200Z ns(tstop, df =                    -0.218    0.299    -0.731   0.465
2021-05-16T19:03:17.654226100Z 4)4:regionSouth East                                               
2021-05-16T19:03:17.654233100Z ns(tstop, df =                    -0.423    0.242    -1.746   0.081
2021-05-16T19:03:17.654240100Z 4)1:regionSouth West                                               
2021-05-16T19:03:17.654247200Z ns(tstop, df =                    -0.045    0.235    -0.192   0.848
2021-05-16T19:03:17.654254100Z 4)2:regionSouth West                                               
2021-05-16T19:03:17.654261200Z ns(tstop, df =                    -0.841    0.520    -1.618   0.106
2021-05-16T19:03:17.654268100Z 4)3:regionSouth West                                               
2021-05-16T19:03:17.654275100Z ns(tstop, df =                    -0.482    0.243    -1.984   0.047
2021-05-16T19:03:17.654282100Z 4)4:regionSouth West                                               
2021-05-16T19:03:17.654289100Z ns(tstop, df =                    -0.163    0.415    -0.393   0.694
2021-05-16T19:03:17.654296000Z 4)1:regionWest Midlands                                            
2021-05-16T19:03:17.654303100Z ns(tstop, df =                     0.161    0.408     0.395   0.693
2021-05-16T19:03:17.654310100Z 4)2:regionWest Midlands                                            
2021-05-16T19:03:17.654317200Z ns(tstop, df =                     0.558    0.893     0.625   0.532
2021-05-16T19:03:17.654324100Z 4)3:regionWest Midlands                                            
2021-05-16T19:03:17.654331500Z ns(tstop, df =                    -0.500    0.410    -1.220   0.223
2021-05-16T19:03:17.654338400Z 4)4:regionWest Midlands                                            
2021-05-16T19:03:17.654346000Z ns(tstop, df =                    -0.398    0.251    -1.586   0.113
2021-05-16T19:03:17.654353200Z 4)1:regionYorkshire and The                                        
2021-05-16T19:03:17.654360400Z Humber                                                             
2021-05-16T19:03:17.654367400Z ns(tstop, df =                     0.236    0.238     0.992   0.321
2021-05-16T19:03:17.654374500Z 4)2:regionYorkshire and The                                        
2021-05-16T19:03:17.654381500Z Humber                                                             
2021-05-16T19:03:17.654388600Z ns(tstop, df =                    -0.561    0.542    -1.036   0.300
2021-05-16T19:03:17.654395500Z 4)3:regionYorkshire and The                                        
2021-05-16T19:03:17.654402600Z Humber                                                             
2021-05-16T19:03:17.654409600Z ns(tstop, df =                    -0.564    0.236    -2.395   0.017
2021-05-16T19:03:17.654416700Z 4)4:regionYorkshire and The                                        
2021-05-16T19:03:17.654430500Z Humber                                                             
2021-05-16T19:03:17.654438300Z -------------------------------------------------------------------
2021-05-16T19:03:17.654445300Z msmmod4_par data size = 11741488 
2021-05-16T19:03:38.463908400Z memory usage = 5.11 GB 
2021-05-16T19:05:26.572597700Z NULL
2021-05-16T19:05:26.572658000Z   
2021-05-16T19:05:40.326895000Z              used    (Mb) gc trigger    (Mb)   max used    (Mb)
2021-05-16T19:05:40.326974600Z Ncells    2339329   125.0   22880543  1222.0    2339329   125.0
2021-05-16T19:05:40.326984400Z Vcells 2258425273 17230.5 5887552184 44918.5 2258425273 17230.5


state: succeeded
commit: d95a6fa6ef28b1c9dce6d94b3ef6b92ac12b6e69
docker_image_id: sha256:b0e86ebee1d778d06c4c86d5d4c32dd910483eb4b0a9c7ed3997f928aa94c500
exit_code: 0
job_id: br5mk4466ikn567t
run_by_user: wjchulme
created_at: 2021-05-16T13:21:34Z
started_at: 2021-05-16T13:22:53Z
completed_at: 2021-05-16T19:05:55Z

Completed successfully

outputs:
  output/in70s/noncoviddeath/pfizer/all/all/data_weights.rds              - highly_sensitive    
  output/in70s/noncoviddeath/pfizer/all/all/model1.rds                    - highly_sensitive    
  output/in70s/noncoviddeath/pfizer/all/all/model2.rds                    - highly_sensitive    
  output/in70s/noncoviddeath/pfizer/all/all/model3.rds                    - highly_sensitive    
  output/in70s/noncoviddeath/pfizer/all/all/model4.rds                    - highly_sensitive    
  output/in70s/noncoviddeath/pfizer/all/all/model_death.rds               - highly_sensitive    
  output/in70s/noncoviddeath/pfizer/all/all/model_formula_death.rds       - highly_sensitive    
  output/in70s/noncoviddeath/pfizer/all/all/model_formula_vaxaz1.rds      - highly_sensitive    
  output/in70s/noncoviddeath/pfizer/all/all/model_formula_vaxpfizer1.rds  - highly_sensitive    
  output/in70s/noncoviddeath/pfizer/all/all/model_vaxaz1.rds              - highly_sensitive    
  output/in70s/noncoviddeath/pfizer/all/all/model_vaxpfizer1.rds          - highly_sensitive    
  output/in70s/noncoviddeath/pfizer/all/all/weights_histogram.svg         - moderately_sensitive
  output/in70s/noncoviddeath/pfizer/all/all/weights_table.txt             - moderately_sensitive