2021-04-30T19:22:36.443640500Z -- Attaching packages --------------------------------------- tidyverse 1.3.0 --
2021-04-30T19:22:36.453408400Z v ggplot2 3.3.2     v purrr   0.3.4
2021-04-30T19:22:36.453426700Z v tibble  3.0.3     v dplyr   1.0.2
2021-04-30T19:22:36.453435000Z v tidyr   1.1.2     v stringr 1.4.0
2021-04-30T19:22:36.453441900Z v readr   1.3.1     v forcats 0.5.0
2021-04-30T19:22:36.672617800Z -- Conflicts ------------------------------------------ tidyverse_conflicts() --
2021-04-30T19:22:36.672696900Z x dplyr::filter() masks stats::filter()
2021-04-30T19:22:36.672705200Z x dplyr::lag()    masks stats::lag()
2021-04-30T19:22:36.690741200Z 
2021-04-30T19:22:36.690772300Z Attaching package: 'glue'
2021-04-30T19:22:36.690780800Z 
2021-04-30T19:22:36.693544400Z The following object is masked from 'package:dplyr':
2021-04-30T19:22:36.693563500Z 
2021-04-30T19:22:36.693570800Z     collapse
2021-04-30T19:22:36.693577600Z 
2021-04-30T19:22:38.837082400Z 
2021-04-30T19:22:38.837147200Z Attaching package: 'lubridate'
2021-04-30T19:22:38.837155800Z 
2021-04-30T19:22:38.837559800Z The following objects are masked from 'package:base':
2021-04-30T19:22:38.837574000Z 
2021-04-30T19:22:38.837581400Z     date, intersect, setdiff, union
2021-04-30T19:22:38.837588200Z 
2021-04-30T19:22:39.192188700Z <environment: R_GlobalEnv>
2021-04-30T19:22:39.192652300Z <environment: R_GlobalEnv>
2021-04-30T19:23:39.605636000Z data_pt data size = 15345207 
2021-04-30T19:23:39.607691600Z   memory usage = 6.323 GB 
2021-04-30T19:23:40.174303500Z     
2021-04-30T19:23:40.174378200Z all   
2021-04-30T19:23:40.174387300Z   
2021-04-30T19:24:00.221190200Z   
2021-04-30T19:49:06.155918200Z vaxany1  vaxany1 data size = 10747002 
2021-04-30T19:49:33.889662100Z memory usage = 11.085 GB 
2021-04-30T19:49:33.889754500Z   
2021-04-30T20:06:13.059706200Z vaxany1_fxd  vaxany1_fxd data size = 10747002 
2021-04-30T20:06:49.443140700Z memory usage = 9.194 GB 
2021-04-30T20:14:22.449727600Z   
2021-04-30T21:27:23.862114000Z death  death data size = 15345207 
2021-04-30T21:28:02.935605900Z memory usage = 16.094 GB 
2021-04-30T21:28:02.935699100Z   
2021-04-30T21:35:38.038213900Z death_fxd  

state: failed
commit: c0fbd966a91468dcc99592dc2f8310f35accbf13
docker_image_id: sha256:c2fc5042bf86134947d83ad8e70bd926e2c1f91a263c6bfe87438ad783bec981
exit_code: 137
job_id: ntvfjzn2txy45ted
run_by_user: wjchulme
created_at: 2021-04-30T15:15:48Z
started_at: 2021-04-30T19:22:33Z
completed_at: 2021-04-30T21:35:41Z

Job exited with an error code

outputs:
  output/in70s/noncoviddeath/any/all/all/data_atrisk_vaxany1.rds    - highly_sensitive
  output/in70s/noncoviddeath/any/all/all/model_formula_vaxany1.rds  - highly_sensitive
  output/in70s/noncoviddeath/any/all/all/model_vaxany1.rds          - highly_sensitive