2021-03-11T16:06:34.708081800Z -- Attaching packages --------------------------------------- tidyverse 1.3.0 --
2021-03-11T16:06:34.716114800Z v ggplot2 3.3.2     v purrr   0.3.4
2021-03-11T16:06:34.716139300Z v tibble  3.0.3     v dplyr   1.0.2
2021-03-11T16:06:34.716147800Z v tidyr   1.1.2     v stringr 1.4.0
2021-03-11T16:06:34.716154700Z v readr   1.3.1     v forcats 0.5.0
2021-03-11T16:06:34.868427100Z -- Conflicts ------------------------------------------ tidyverse_conflicts() --
2021-03-11T16:06:34.868499500Z x dplyr::filter() masks stats::filter()
2021-03-11T16:06:34.868540600Z x dplyr::lag()    masks stats::lag()
2021-03-11T16:06:36.813477800Z 
2021-03-11T16:06:36.813517000Z Attaching package: 'lubridate'
2021-03-11T16:06:36.813525400Z 
2021-03-11T16:06:36.814876200Z The following objects are masked from 'package:base':
2021-03-11T16:06:36.814897500Z 
2021-03-11T16:06:36.814905700Z     date, intersect, setdiff, union
2021-03-11T16:06:36.814912700Z 
2021-03-11T16:06:37.132168900Z <environment: R_GlobalEnv>
2021-03-11T16:06:37.132603200Z <environment: R_GlobalEnv>
2021-03-11T16:07:06.158194700Z data_pt data size = 11629272 
2021-03-11T16:07:06.159121800Z   memory usage = 3.024 GB 
2021-03-11T16:07:16.766127500Z   ipwvaxpfizer1 
2021-03-11T16:15:52.830804000Z ipwvaxpfizer1_fxd 
2021-03-11T16:23:57.743693500Z ipwvaxaz1 
2021-03-11T16:31:25.819240800Z ipwvaxaz1_fxd 
2021-03-11T16:38:29.211418800Z ipwdeath 
2021-03-11T16:57:10.987315400Z ipwdeath_fxd 
2021-03-11T17:27:30.971115100Z Saving 7 x 7 in image
2021-03-11T17:27:39.666656900Z `stat_bin()` using `bins = 30`. Pick better value with `binwidth`.
2021-03-11T17:57:23.526182900Z data_weights data size = 11629272 
2021-03-11T17:57:23.850215200Z   memory usage = 1.489 GB 
2021-03-11T17:57:58.957036600Z   msmmod0 
2021-03-11T17:59:13.323323000Z msmmod1 
2021-03-11T18:01:04.119660300Z msmmod4 


state: succeeded
commit: 9b3a15915a99dd736982594579835af554e19d07
docker_image_id: sha256:c7cb8c47c64952beb4dc7e1b4b0edaf95b0fa5cc1af3f796e073e4190413ec9e
exit_code: 0
job_id: d5jheij2zbndqaib
run_by_user: wjchulme
created_at: 2021-03-11T13:51:21Z
started_at: 2021-03-11T16:06:32Z
completed_at: 2021-03-11T18:25:29Z

Completed successfully

outputs:
  output/over80s/postest/any/all/all/data_weights.rds           - highly_sensitive    
  output/over80s/postest/any/all/all/model0.rds                 - highly_sensitive    
  output/over80s/postest/any/all/all/model1.rds                 - highly_sensitive    
  output/over80s/postest/any/all/all/model4.rds                 - highly_sensitive    
  output/over80s/postest/any/all/all/weights_histogram.svg      - moderately_sensitive
  output/over80s/postest/any/all/all/weights_model_az.html      - moderately_sensitive
  output/over80s/postest/any/all/all/weights_model_pfizer.html  - moderately_sensitive
  output/over80s/postest/any/all/all/weights_table.txt          - moderately_sensitive
  output/over80s/postest/any/all/strata_vector.rds              - moderately_sensitive