2021-03-31T09:20:15.760204600Z -- Attaching packages --------------------------------------- tidyverse 1.3.0 --
2021-03-31T09:20:15.769127100Z v ggplot2 3.3.2     v purrr   0.3.4
2021-03-31T09:20:15.769190300Z v tibble  3.0.3     v dplyr   1.0.2
2021-03-31T09:20:15.769199300Z v tidyr   1.1.2     v stringr 1.4.0
2021-03-31T09:20:15.769206500Z v readr   1.3.1     v forcats 0.5.0
2021-03-31T09:20:15.943531700Z -- Conflicts ------------------------------------------ tidyverse_conflicts() --
2021-03-31T09:20:15.943600700Z x dplyr::filter() masks stats::filter()
2021-03-31T09:20:15.943609400Z x dplyr::lag()    masks stats::lag()
2021-03-31T09:20:18.081617400Z #Uighur
2021-03-31T09:20:18.133809800Z 
2021-03-31T09:20:18.133847600Z Attaching package: 'lubridate'
2021-03-31T09:20:18.133856500Z 
2021-03-31T09:20:18.135220500Z The following objects are masked from 'package:base':
2021-03-31T09:20:18.135245700Z 
2021-03-31T09:20:18.135254500Z     date, intersect, setdiff, union
2021-03-31T09:20:18.135261800Z 
2021-03-31T09:20:18.475484300Z <environment: R_GlobalEnv>
2021-03-31T09:20:18.475671400Z <environment: R_GlobalEnv>
2021-03-31T09:20:21.017815400Z data_cox data size = 100000 
2021-03-31T09:20:21.018931500Z   memory usage = 0.042 GB 
2021-03-31T09:20:21.108429400Z     
2021-03-31T09:20:21.108474300Z all   
2021-03-31T09:20:21.108482700Z   
2021-03-31T09:20:21.624165600Z   
2021-03-31T09:20:21.624213500Z coxmod0 
2021-03-31T09:22:30.009852500Z coxmod0 data size = 100000 
2021-03-31T09:22:31.683307300Z memory usage = 0.848 GB 
2021-03-31T09:23:40.019311400Z   
2021-03-31T09:23:40.019387400Z coxmod1 
2021-03-31T09:29:02.575489400Z coxmod1 data size = 100000 
2021-03-31T09:29:04.333606900Z memory usage = 0.848 GB 
2021-03-31T09:32:04.292866400Z   
2021-03-31T09:32:04.292936900Z coxmod2 
2021-03-31T09:43:52.853952400Z coxmod2 data size = 100000 
2021-03-31T09:43:54.466788700Z memory usage = 0.848 GB 
2021-03-31T09:48:44.268592200Z NULL
2021-03-31T09:48:44.268658900Z   
2021-03-31T09:48:52.842349600Z              used    (Mb) gc trigger    (Mb)   max used    (Mb)
2021-03-31T09:48:52.842434700Z Ncells   10441316   557.7   45542233  2432.3   10441316   557.7
2021-03-31T09:48:52.842444100Z Vcells 1442441740 11005.0 2960506030 22586.9 1442441740 11005.0


state: succeeded
commit: 2f1293a9d16087f628fb5801aeead17c32437680
docker_image_id: sha256:876a994cdafb8d3fb4b710249fd7716a31efd3ea26cb3faf7aa2187853c6c624
exit_code: 0
job_id: elwwvs35tcd7vye6
run_by_user: wjchulme
created_at: 2021-03-31T08:50:12Z
started_at: 2021-03-31T09:20:13Z
completed_at: 2021-03-31T09:49:05Z

Completed successfully

outputs:
  output/over80s/death/any/all/all/modelcox0.rds      - highly_sensitive    
  output/over80s/death/any/all/all/modelcox1.rds      - highly_sensitive    
  output/over80s/death/any/all/all/modelcox2.rds      - highly_sensitive    
  output/over80s/death/any/all/strata_vector_cox.rds  - moderately_sensitive