2021-03-09T00:56:51.481618900Z -- Attaching packages --------------------------------------- tidyverse 1.3.0 --
2021-03-09T00:56:51.491061200Z v ggplot2 3.3.2     v purrr   0.3.4
2021-03-09T00:56:51.491120000Z v tibble  3.0.3     v dplyr   1.0.2
2021-03-09T00:56:51.491128100Z v tidyr   1.1.2     v stringr 1.4.0
2021-03-09T00:56:51.491134800Z v readr   1.3.1     v forcats 0.5.0
2021-03-09T00:56:51.660254600Z -- Conflicts ------------------------------------------ tidyverse_conflicts() --
2021-03-09T00:56:51.660300300Z x dplyr::filter() masks stats::filter()
2021-03-09T00:56:51.660308500Z x dplyr::lag()    masks stats::lag()
2021-03-09T00:56:53.369322900Z 
2021-03-09T00:56:53.369370000Z Attaching package: 'lubridate'
2021-03-09T00:56:53.369378300Z 
2021-03-09T00:56:53.370696900Z The following objects are masked from 'package:base':
2021-03-09T00:56:53.370735400Z 
2021-03-09T00:56:53.370744600Z     date, intersect, setdiff, union
2021-03-09T00:56:53.370752200Z 
2021-03-09T00:56:53.673436800Z <environment: R_GlobalEnv>
2021-03-09T00:56:53.673801000Z <environment: R_GlobalEnv>
2021-03-09T00:57:29.543030300Z ipwvax1 
2021-03-09T01:02:00.496306700Z MODEL INFO:
2021-03-09T01:02:00.496387100Z Observations: 5251093
2021-03-09T01:02:00.496396200Z Dependent Variable: 
2021-03-09T01:02:00.496404100Z Type: Generalized linear model
2021-03-09T01:02:00.496411500Z   Family: binomial 
2021-03-09T01:02:00.496419100Z   Link function: logit 
2021-03-09T01:02:00.496426600Z 
2021-03-09T01:02:00.498349600Z MODEL FIT:
2021-03-09T01:02:00.498375500Z <U+03C7><U+00B2>(55) = 83901.54, p = 0.00
2021-03-09T01:02:00.498385200Z Pseudo-R<U+00B2> (Cragg-Uhler) = 
2021-03-09T01:02:00.498392900Z Pseudo-R<U+00B2> (McFadden) = 0.07
2021-03-09T01:02:00.498400500Z AIC = 1133146.28, BIC = 1133900.82 
2021-03-09T01:02:00.498407900Z 
2021-03-09T01:02:00.498765200Z Standard errors: MLE
2021-03-09T01:02:00.682208300Z -----------------------------------------------------------------------
2021-03-09T01:02:00.682273100Z                                             Est.   S.E.   z val.      p
2021-03-09T01:02:00.682281300Z --------------------------------------- -------- ------ -------- ------
2021-03-09T01:02:00.682289100Z (Intercept)                               -15.60   1.03   -15.22   0.00
2021-03-09T01:02:00.682296500Z age                                         0.23   0.02     9.76   0.00
2021-03-09T01:02:00.682304100Z I(age  age)                                -0.00   0.00   -10.61   0.00
2021-03-09T01:02:00.682311900Z sexMale                                     0.08   0.01    13.27   0.00
2021-03-09T01:02:00.682319600Z imd2                                        0.11   0.01    10.66   0.00
2021-03-09T01:02:00.682355600Z imd3                                        0.17   0.01    17.11   0.00
2021-03-09T01:02:00.682363800Z imd4                                        0.23   0.01    23.40   0.00
2021-03-09T01:02:00.682370700Z imd5 most deprived                          0.27   0.01    26.97   0.00
2021-03-09T01:02:00.682377600Z ethnicityMixed                              0.22   0.06     3.45   0.00
2021-03-09T01:02:00.682384400Z ethnicitySouth Asian                        0.35   0.04     9.92   0.00
2021-03-09T01:02:00.682391300Z ethnicityWhite                              0.89   0.03    28.15   0.00
2021-03-09T01:02:00.682398100Z ethnicityOther                              0.26   0.05     5.22   0.00
2021-03-09T01:02:00.682404900Z chronic_cardiac_diseaseTRUE                 0.02   0.01     2.80   0.01
2021-03-09T01:02:00.682411700Z current_copdTRUE                            0.01   0.01     0.72   0.47
2021-03-09T01:02:00.682418600Z dementiaTRUE                               -0.18   0.01   -16.80   0.00
2021-03-09T01:02:00.682425300Z dialysisTRUE                               -0.07   0.07    -1.06   0.29
2021-03-09T01:02:00.682432200Z solid_organ_transplantationTRUE            -0.01   0.13    -0.08   0.93
2021-03-09T01:02:00.682438900Z chemo_or_radioTRUE                         -0.00   0.02    -0.03   0.98
2021-03-09T01:02:00.682445800Z sickle_cell_diseaseTRUE                     0.99   0.51     1.94   0.05
2021-03-09T01:02:00.682452600Z permanant_immunosuppressionTRUE             0.20   0.09     2.17   0.03
2021-03-09T01:02:00.682459500Z temporary_immunosuppressionTRUE             0.06   0.05     1.28   0.20
2021-03-09T01:02:00.682466300Z aspleniaTRUE                                0.04   0.06     0.74   0.46
2021-03-09T01:02:00.682473200Z intel_dis_incl_downs_syndromeTRUE          -0.16   0.07    -2.21   0.03
2021-03-09T01:02:00.682479900Z psychosis_schiz_bipolarTRUE                -0.29   0.03    -8.82   0.00
2021-03-09T01:02:00.682486700Z lung_cancerTRUE                            -0.12   0.04    -3.32   0.00
2021-03-09T01:02:00.682494700Z cancer_excl_lung_and_haemTRUE               0.05   0.01     7.21   0.00
2021-03-09T01:02:00.682501900Z haematological_cancerTRUE                   0.05   0.02     2.38   0.02
2021-03-09T01:02:00.682508700Z ns(tstop, knots = knots)1                   4.28   0.05    95.15   0.00
2021-03-09T01:02:00.682515500Z ns(tstop, knots = knots)2                   2.20   0.02    88.40   0.00
2021-03-09T01:02:00.682522300Z regionEast Midlands                        -1.60   0.04   -36.82   0.00
2021-03-09T01:02:00.682529400Z regionLondon                               -1.20   0.08   -15.70   0.00
2021-03-09T01:02:00.682536200Z regionNorth East                           -0.24   0.06    -4.29   0.00
2021-03-09T01:02:00.682543000Z regionNorth West                           -0.14   0.04    -3.47   0.00
2021-03-09T01:02:00.682549800Z regionSouth East                           -0.30   0.05    -5.92   0.00
2021-03-09T01:02:00.682564100Z regionSouth West                           -0.57   0.04   -14.88   0.00
2021-03-09T01:02:00.682571400Z regionWest Midlands                         0.35   0.05     6.43   0.00
2021-03-09T01:02:00.682578300Z regionYorkshire and The                     0.34   0.03    10.01   0.00
2021-03-09T01:02:00.682585100Z Humber                                                                 
2021-03-09T01:02:00.682592100Z hospital_status                             0.03   0.02     1.27   0.20
2021-03-09T01:02:00.682598900Z probable_covid_status                      -0.58   0.19    -3.08   0.00
2021-03-09T01:02:00.682605800Z suspected_covid_status                      0.56   0.05    10.28   0.00
2021-03-09T01:02:00.682612500Z ns(tstop, knots =                           3.27   0.09    37.90   0.00
2021-03-09T01:02:00.682619400Z knots)1:regionEast Midlands                                            
2021-03-09T01:02:00.682626600Z ns(tstop, knots =                           0.23   0.04     5.67   0.00
2021-03-09T01:02:00.682633700Z knots)2:regionEast Midlands                                            
2021-03-09T01:02:00.682640500Z ns(tstop, knots =                           2.12   0.15    13.87   0.00
2021-03-09T01:02:00.682647500Z knots)1:regionLondon                                                   
2021-03-09T01:02:00.682654200Z ns(tstop, knots =                          -1.46   0.07   -20.34   0.00
2021-03-09T01:02:00.682661200Z knots)2:regionLondon                                                   
2021-03-09T01:02:00.682668100Z ns(tstop, knots =                           0.77   0.11     6.74   0.00
2021-03-09T01:02:00.682675100Z knots)1:regionNorth East                                               
2021-03-09T01:02:00.682681900Z ns(tstop, knots =                          -0.67   0.07   -10.11   0.00
2021-03-09T01:02:00.682688700Z knots)2:regionNorth East                                               
2021-03-09T01:02:00.682696200Z ns(tstop, knots =                           0.74   0.09     8.69   0.00
2021-03-09T01:02:00.682703200Z knots)1:regionNorth West                                               
2021-03-09T01:02:00.682709900Z ns(tstop, knots =                          -0.57   0.05   -10.83   0.00
2021-03-09T01:02:00.682717000Z knots)2:regionNorth West                                               
2021-03-09T01:02:00.682723800Z ns(tstop, knots =                           0.59   0.11     5.54   0.00
2021-03-09T01:02:00.682730700Z knots)1:regionSouth East                                               
2021-03-09T01:02:00.682737400Z ns(tstop, knots =                          -0.56   0.06    -9.65   0.00
2021-03-09T01:02:00.682744300Z knots)2:regionSouth East                                               
2021-03-09T01:02:00.682751100Z ns(tstop, knots =                           1.31   0.08    16.98   0.00
2021-03-09T01:02:00.682757900Z knots)1:regionSouth West                                               
2021-03-09T01:02:00.682771800Z ns(tstop, knots =                           0.09   0.04     2.06   0.04
2021-03-09T01:02:00.682779200Z knots)2:regionSouth West                                               
2021-03-09T01:02:00.682786000Z ns(tstop, knots =                          -0.64   0.11    -5.63   0.00
2021-03-09T01:02:00.682792900Z knots)1:regionWest Midlands                                            
2021-03-09T01:02:00.682799700Z ns(tstop, knots =                          -1.13   0.07   -16.40   0.00
2021-03-09T01:02:00.682806700Z knots)2:regionWest Midlands                                            
2021-03-09T01:02:00.682813500Z ns(tstop, knots =                          -0.38   0.07    -5.33   0.00
2021-03-09T01:02:00.682820300Z knots)1:regionYorkshire and                                            
2021-03-09T01:02:00.682827100Z The Humber                                                             
2021-03-09T01:02:00.682833900Z ns(tstop, knots =                          -0.80   0.05   -17.72   0.00
2021-03-09T01:02:00.682840700Z knots)2:regionYorkshire and                                            
2021-03-09T01:02:00.682847500Z The Humber                                                             
2021-03-09T01:02:00.682854200Z -----------------------------------------------------------------------
2021-03-09T01:02:00.682861000Z ipwvax1_fxd 
2021-03-09T01:06:05.123482800Z MODEL INFO:
2021-03-09T01:06:05.123560600Z Observations: 5251093
2021-03-09T01:06:05.123570200Z Dependent Variable: 
2021-03-09T01:06:05.123581000Z Type: Generalized linear model
2021-03-09T01:06:05.123588900Z   Family: binomial 
2021-03-09T01:06:05.123596500Z   Link function: logit 
2021-03-09T01:06:05.123604300Z 
2021-03-09T01:06:05.125320500Z MODEL FIT:
2021-03-09T01:06:05.125342400Z <U+03C7><U+00B2>(52) = 83798.93, p = 0.00
2021-03-09T01:06:05.125352400Z Pseudo-R<U+00B2> (Cragg-Uhler) = 
2021-03-09T01:06:05.125360400Z Pseudo-R<U+00B2> (McFadden) = 0.07
2021-03-09T01:06:05.125368000Z AIC = 1133242.88, BIC = 1133957.00 
2021-03-09T01:06:05.125375600Z 
2021-03-09T01:06:05.125540200Z Standard errors: MLE
2021-03-09T01:06:05.274589300Z -----------------------------------------------------------------------
2021-03-09T01:06:05.274654200Z                                             Est.   S.E.   z val.      p
2021-03-09T01:06:05.274664000Z --------------------------------------- -------- ------ -------- ------
2021-03-09T01:06:05.274671700Z (Intercept)                               -15.62   1.03   -15.23   0.00
2021-03-09T01:06:05.274679300Z age                                         0.23   0.02     9.77   0.00
2021-03-09T01:06:05.274686900Z I(age  age)                                -0.00   0.00   -10.63   0.00
2021-03-09T01:06:05.274727100Z sexMale                                     0.08   0.01    13.32   0.00
2021-03-09T01:06:05.274735200Z imd2                                        0.11   0.01    10.66   0.00
2021-03-09T01:06:05.274742300Z imd3                                        0.17   0.01    17.10   0.00
2021-03-09T01:06:05.274749200Z imd4                                        0.23   0.01    23.37   0.00
2021-03-09T01:06:05.274756200Z imd5 most deprived                          0.27   0.01    26.94   0.00
2021-03-09T01:06:05.274763200Z ethnicityMixed                              0.22   0.06     3.46   0.00
2021-03-09T01:06:05.274770300Z ethnicitySouth Asian                        0.35   0.04     9.94   0.00
2021-03-09T01:06:05.274777200Z ethnicityWhite                              0.89   0.03    28.17   0.00
2021-03-09T01:06:05.274784300Z ethnicityOther                              0.26   0.05     5.24   0.00
2021-03-09T01:06:05.274791100Z chronic_cardiac_diseaseTRUE                 0.02   0.01     2.88   0.00
2021-03-09T01:06:05.274798000Z current_copdTRUE                            0.01   0.01     0.75   0.46
2021-03-09T01:06:05.274804900Z dementiaTRUE                               -0.18   0.01   -16.74   0.00
2021-03-09T01:06:05.274811900Z dialysisTRUE                               -0.07   0.07    -1.06   0.29
2021-03-09T01:06:05.274818800Z solid_organ_transplantationTRUE            -0.01   0.13    -0.10   0.92
2021-03-09T01:06:05.274825900Z chemo_or_radioTRUE                          0.00   0.02     0.02   0.98
2021-03-09T01:06:05.274832700Z sickle_cell_diseaseTRUE                     0.99   0.51     1.94   0.05
2021-03-09T01:06:05.274839800Z permanant_immunosuppressionTRUE             0.21   0.09     2.31   0.02
2021-03-09T01:06:05.274846800Z temporary_immunosuppressionTRUE             0.06   0.05     1.27   0.20
2021-03-09T01:06:05.274853700Z aspleniaTRUE                                0.05   0.06     0.78   0.43
2021-03-09T01:06:05.274860700Z intel_dis_incl_downs_syndromeTRUE          -0.16   0.07    -2.18   0.03
2021-03-09T01:06:05.274867600Z psychosis_schiz_bipolarTRUE                -0.29   0.03    -8.83   0.00
2021-03-09T01:06:05.274874500Z lung_cancerTRUE                            -0.12   0.04    -3.29   0.00
2021-03-09T01:06:05.274882700Z cancer_excl_lung_and_haemTRUE               0.06   0.01     7.26   0.00
2021-03-09T01:06:05.274890000Z haematological_cancerTRUE                   0.05   0.02     2.45   0.01
2021-03-09T01:06:05.274897100Z ns(tstop, knots = knots)1                   4.28   0.05    95.18   0.00
2021-03-09T01:06:05.274904100Z ns(tstop, knots = knots)2                   2.20   0.02    88.34   0.00
2021-03-09T01:06:05.274911100Z regionEast Midlands                        -1.60   0.04   -36.83   0.00
2021-03-09T01:06:05.274918200Z regionLondon                               -1.20   0.08   -15.70   0.00
2021-03-09T01:06:05.274925100Z regionNorth East                           -0.24   0.06    -4.29   0.00
2021-03-09T01:06:05.274932300Z regionNorth West                           -0.14   0.04    -3.41   0.00
2021-03-09T01:06:05.274946500Z regionSouth East                           -0.30   0.05    -5.87   0.00
2021-03-09T01:06:05.274954100Z regionSouth West                           -0.56   0.04   -14.87   0.00
2021-03-09T01:06:05.274961000Z regionWest Midlands                         0.35   0.05     6.46   0.00
2021-03-09T01:06:05.274968000Z regionYorkshire and The                     0.34   0.03    10.01   0.00
2021-03-09T01:06:05.274975000Z Humber                                                                 
2021-03-09T01:06:05.274982100Z ns(tstop, knots =                           3.27   0.09    37.90   0.00
2021-03-09T01:06:05.274988900Z knots)1:regionEast Midlands                                            
2021-03-09T01:06:05.274995800Z ns(tstop, knots =                           0.23   0.04     5.74   0.00
2021-03-09T01:06:05.275002700Z knots)2:regionEast Midlands                                            
2021-03-09T01:06:05.275009700Z ns(tstop, knots =                           2.12   0.15    13.87   0.00
2021-03-09T01:06:05.275016600Z knots)1:regionLondon                                                   
2021-03-09T01:06:05.275023600Z ns(tstop, knots =                          -1.46   0.07   -20.32   0.00
2021-03-09T01:06:05.275030500Z knots)2:regionLondon                                                   
2021-03-09T01:06:05.275037500Z ns(tstop, knots =                           0.77   0.11     6.73   0.00
2021-03-09T01:06:05.275044500Z knots)1:regionNorth East                                               
2021-03-09T01:06:05.275051400Z ns(tstop, knots =                          -0.67   0.07   -10.08   0.00
2021-03-09T01:06:05.275058300Z knots)2:regionNorth East                                               
2021-03-09T01:06:05.275065300Z ns(tstop, knots =                           0.74   0.09     8.66   0.00
2021-03-09T01:06:05.275072200Z knots)1:regionNorth West                                               
2021-03-09T01:06:05.275079100Z ns(tstop, knots =                          -0.57   0.05   -10.82   0.00
2021-03-09T01:06:05.275086600Z knots)2:regionNorth West                                               
2021-03-09T01:06:05.275093800Z ns(tstop, knots =                           0.58   0.11     5.50   0.00
2021-03-09T01:06:05.275100800Z knots)1:regionSouth East                                               
2021-03-09T01:06:05.275107700Z ns(tstop, knots =                          -0.56   0.06    -9.64   0.00
2021-03-09T01:06:05.275114500Z knots)2:regionSouth East                                               
2021-03-09T01:06:05.275121400Z ns(tstop, knots =                           1.31   0.08    16.97   0.00
2021-03-09T01:06:05.275128200Z knots)1:regionSouth West                                               
2021-03-09T01:06:05.275135000Z ns(tstop, knots =                           0.09   0.04     2.09   0.04
2021-03-09T01:06:05.275141900Z knots)2:regionSouth West                                               
2021-03-09T01:06:05.275155200Z ns(tstop, knots =                          -0.65   0.11    -5.66   0.00
2021-03-09T01:06:05.275162500Z knots)1:regionWest Midlands                                            
2021-03-09T01:06:05.275169300Z ns(tstop, knots =                          -1.13   0.07   -16.40   0.00
2021-03-09T01:06:05.275176100Z knots)2:regionWest Midlands                                            
2021-03-09T01:06:05.275183100Z ns(tstop, knots =                          -0.38   0.07    -5.32   0.00
2021-03-09T01:06:05.275190000Z knots)1:regionYorkshire and                                            
2021-03-09T01:06:05.275196800Z The Humber                                                             
2021-03-09T01:06:05.275203600Z ns(tstop, knots =                          -0.80   0.05   -17.69   0.00
2021-03-09T01:06:05.275210600Z knots)2:regionYorkshire and                                            
2021-03-09T01:06:05.275217600Z The Humber                                                             
2021-03-09T01:06:05.275224500Z -----------------------------------------------------------------------
2021-03-09T01:06:09.914412100Z ipwdeath 
2021-03-09T01:20:59.620774300Z MODEL INFO:
2021-03-09T01:20:59.620866400Z Observations: 9705919
2021-03-09T01:20:59.620875700Z Dependent Variable: 
2021-03-09T01:20:59.620883300Z Type: Generalized linear model
2021-03-09T01:20:59.620890700Z   Family: binomial 
2021-03-09T01:20:59.620898000Z   Link function: logit 
2021-03-09T01:20:59.620905400Z 
2021-03-09T01:20:59.622550100Z MODEL FIT:
2021-03-09T01:20:59.622573000Z <U+03C7><U+00B2>(60) = 2607.34, p = 0.00
2021-03-09T01:20:59.622582800Z Pseudo-R<U+00B2> (Cragg-Uhler) = 
2021-03-09T01:20:59.622590600Z Pseudo-R<U+00B2> (McFadden) = 0.07
2021-03-09T01:20:59.622598400Z AIC = 33265.43, BIC = 34124.82 
2021-03-09T01:20:59.622606300Z 
2021-03-09T01:20:59.622776100Z Standard errors: MLE
2021-03-09T01:20:59.796686300Z ------------------------------------------------------------------------
2021-03-09T01:20:59.796754500Z                                             Est.    S.E.   z val.      p
2021-03-09T01:20:59.796763000Z --------------------------------------- -------- ------- -------- ------
2021-03-09T01:20:59.796770700Z (Intercept)                               -17.73    6.26    -2.83   0.00
2021-03-09T01:20:59.796778300Z age                                         0.08    0.14     0.58   0.56
2021-03-09T01:20:59.796786000Z I(age  age)                                 0.00    0.00     0.16   0.87
2021-03-09T01:20:59.796793500Z sexMale                                     0.19    0.05     4.05   0.00
2021-03-09T01:20:59.796801000Z imd2                                       -0.02    0.08    -0.26   0.80
2021-03-09T01:20:59.796840000Z imd3                                       -0.19    0.08    -2.43   0.02
2021-03-09T01:20:59.796847900Z imd4                                       -0.10    0.08    -1.34   0.18
2021-03-09T01:20:59.796854800Z imd5 most deprived                         -0.20    0.08    -2.48   0.01
2021-03-09T01:20:59.796861800Z ethnicityMixed                              0.27    0.47     0.59   0.56
2021-03-09T01:20:59.796868700Z ethnicitySouth Asian                        0.14    0.26     0.54   0.59
2021-03-09T01:20:59.796875600Z ethnicityWhite                              0.45    0.23     1.93   0.05
2021-03-09T01:20:59.796882600Z ethnicityOther                             -0.63    0.50    -1.25   0.21
2021-03-09T01:20:59.796889400Z chronic_cardiac_diseaseTRUE                 0.35    0.05     7.43   0.00
2021-03-09T01:20:59.796896300Z current_copdTRUE                            0.42    0.06     6.71   0.00
2021-03-09T01:20:59.796903400Z dementiaTRUE                                0.88    0.06    15.23   0.00
2021-03-09T01:20:59.796910400Z dialysisTRUE                                1.22    0.29     4.25   0.00
2021-03-09T01:20:59.796917300Z solid_organ_transplantationTRUE             0.37    0.73     0.51   0.61
2021-03-09T01:20:59.796924100Z chemo_or_radioTRUE                         -0.14    0.12    -1.16   0.25
2021-03-09T01:20:59.796930900Z sickle_cell_diseaseTRUE                    -6.36   68.61    -0.09   0.93
2021-03-09T01:20:59.796937700Z permanant_immunosuppressionTRUE            -0.58    1.00    -0.58   0.56
2021-03-09T01:20:59.796944500Z temporary_immunosuppressionTRUE             0.32    0.29     1.09   0.27
2021-03-09T01:20:59.796951400Z aspleniaTRUE                                0.53    0.36     1.48   0.14
2021-03-09T01:20:59.796958100Z intel_dis_incl_downs_syndromeTRUE           0.37    0.50     0.73   0.46
2021-03-09T01:20:59.796965000Z psychosis_schiz_bipolarTRUE                 0.15    0.23     0.68   0.50
2021-03-09T01:20:59.796971800Z lung_cancerTRUE                             1.24    0.14     8.86   0.00
2021-03-09T01:20:59.796980100Z cancer_excl_lung_and_haemTRUE               0.54    0.05    10.14   0.00
2021-03-09T01:20:59.796987100Z haematological_cancerTRUE                   0.73    0.12     6.14   0.00
2021-03-09T01:20:59.796993900Z timesincevax_pw(0,3]                       -2.05    0.32    -6.46   0.00
2021-03-09T01:20:59.797000700Z timesincevax_pw(3,7]                       -1.58    0.21    -7.47   0.00
2021-03-09T01:20:59.797007500Z timesincevax_pw(7,14]                      -1.50    0.15   -10.10   0.00
2021-03-09T01:20:59.797014200Z timesincevax_pw(14,21]                     -1.40    0.13   -10.37   0.00
2021-03-09T01:20:59.797020900Z timesincevax_pw(21, Inf]                   -1.76    0.10   -18.51   0.00
2021-03-09T01:20:59.797027700Z ns(tstop, knots = knots)1                   1.42    0.31     4.62   0.00
2021-03-09T01:20:59.797034500Z ns(tstop, knots = knots)2                   0.72    0.21     3.49   0.00
2021-03-09T01:20:59.797041200Z regionEast Midlands                        -0.02    0.21    -0.11   0.91
2021-03-09T01:20:59.797055400Z regionLondon                               -0.43    0.40    -1.06   0.29
2021-03-09T01:20:59.797063000Z regionNorth East                            0.00    0.34     0.01   0.99
2021-03-09T01:20:59.797069900Z regionNorth West                            0.22    0.25     0.88   0.38
2021-03-09T01:20:59.797076900Z regionSouth East                           -0.02    0.31    -0.08   0.94
2021-03-09T01:20:59.797083700Z regionSouth West                           -0.16    0.23    -0.72   0.47
2021-03-09T01:20:59.797090600Z regionWest Midlands                        -0.14    0.37    -0.39   0.70
2021-03-09T01:20:59.797097500Z regionYorkshire and The                     0.29    0.22     1.32   0.19
2021-03-09T01:20:59.797104300Z Humber                                                                  
2021-03-09T01:20:59.797111100Z hospital_status                             2.29    0.08    29.56   0.00
2021-03-09T01:20:59.797118400Z probable_covid_status                       2.64    0.29     8.94   0.00
2021-03-09T01:20:59.797125100Z suspected_covid_status                      1.35    0.26     5.17   0.00
2021-03-09T01:20:59.797131900Z ns(tstop, knots =                           0.01    0.47     0.03   0.98
2021-03-09T01:20:59.797138700Z knots)1:regionEast Midlands                                             
2021-03-09T01:20:59.797145500Z ns(tstop, knots =                           0.81    0.27     2.98   0.00
2021-03-09T01:20:59.797152400Z knots)2:regionEast Midlands                                             
2021-03-09T01:20:59.797159300Z ns(tstop, knots =                           0.61    0.88     0.70   0.49
2021-03-09T01:20:59.797166000Z knots)1:regionLondon                                                    
2021-03-09T01:20:59.797174600Z ns(tstop, knots =                           0.50    0.45     1.12   0.26
2021-03-09T01:20:59.797181800Z knots)2:regionLondon                                                    
2021-03-09T01:20:59.797188700Z ns(tstop, knots =                          -0.25    0.76    -0.33   0.74
2021-03-09T01:20:59.797195500Z knots)1:regionNorth East                                                
2021-03-09T01:20:59.797202300Z ns(tstop, knots =                           1.00    0.41     2.44   0.01
2021-03-09T01:20:59.797209000Z knots)2:regionNorth East                                                
2021-03-09T01:20:59.797215700Z ns(tstop, knots =                          -0.43    0.56    -0.76   0.45
2021-03-09T01:20:59.797222500Z knots)1:regionNorth West                                                
2021-03-09T01:20:59.797229400Z ns(tstop, knots =                           0.69    0.33     2.07   0.04
2021-03-09T01:20:59.797236100Z knots)2:regionNorth West                                                
2021-03-09T01:20:59.797243100Z ns(tstop, knots =                          -0.16    0.70    -0.23   0.82
2021-03-09T01:20:59.797249900Z knots)1:regionSouth East                                                
2021-03-09T01:20:59.797264200Z ns(tstop, knots =                           0.45    0.41     1.11   0.27
2021-03-09T01:20:59.797271700Z knots)2:regionSouth East                                                
2021-03-09T01:20:59.797278500Z ns(tstop, knots =                           0.54    0.50     1.08   0.28
2021-03-09T01:20:59.797285400Z knots)1:regionSouth West                                                
2021-03-09T01:20:59.797292400Z ns(tstop, knots =                           0.78    0.28     2.75   0.01
2021-03-09T01:20:59.797299300Z knots)2:regionSouth West                                                
2021-03-09T01:20:59.797306200Z ns(tstop, knots =                           0.87    0.80     1.09   0.27
2021-03-09T01:20:59.797313100Z knots)1:regionWest Midlands                                             
2021-03-09T01:20:59.797319900Z ns(tstop, knots =                           0.25    0.44     0.57   0.57
2021-03-09T01:20:59.797326800Z knots)2:regionWest Midlands                                             
2021-03-09T01:20:59.797333600Z ns(tstop, knots =                          -0.49    0.50    -0.98   0.33
2021-03-09T01:20:59.797340600Z knots)1:regionYorkshire and                                             
2021-03-09T01:20:59.797347600Z The Humber                                                              
2021-03-09T01:20:59.797354500Z ns(tstop, knots =                           0.45    0.30     1.49   0.14
2021-03-09T01:20:59.797361300Z knots)2:regionYorkshire and                                             
2021-03-09T01:20:59.797368300Z The Humber                                                              
2021-03-09T01:20:59.797375100Z ------------------------------------------------------------------------
2021-03-09T01:20:59.797382400Z ipwdeath_fxd 
2021-03-09T01:32:51.910079000Z MODEL INFO:
2021-03-09T01:32:51.910172300Z Observations: 9705919
2021-03-09T01:32:51.910181800Z Dependent Variable: 
2021-03-09T01:32:51.910189500Z Type: Generalized linear model
2021-03-09T01:32:51.910197300Z   Family: binomial 
2021-03-09T01:32:51.910204800Z   Link function: logit 
2021-03-09T01:32:51.910212300Z 
2021-03-09T01:32:51.911799000Z MODEL FIT:
2021-03-09T01:32:51.911821600Z <U+03C7><U+00B2>(57) = 2023.49, p = 0.00
2021-03-09T01:32:51.911831300Z Pseudo-R<U+00B2> (Cragg-Uhler) = 
2021-03-09T01:32:51.911839600Z Pseudo-R<U+00B2> (McFadden) = 0.06
2021-03-09T01:32:51.911847300Z AIC = 33843.29, BIC = 34660.41 
2021-03-09T01:32:51.911855000Z 
2021-03-09T01:32:51.912042800Z Standard errors: MLE
2021-03-09T01:32:52.077258000Z ------------------------------------------------------------------------
2021-03-09T01:32:52.077326400Z                                             Est.    S.E.   z val.      p
2021-03-09T01:32:52.077372600Z --------------------------------------- -------- ------- -------- ------
2021-03-09T01:32:52.077380900Z (Intercept)                               -18.15    6.27    -2.90   0.00
2021-03-09T01:32:52.077387900Z age                                         0.09    0.14     0.67   0.50
2021-03-09T01:32:52.077394900Z I(age  age)                                 0.00    0.00     0.07   0.94
2021-03-09T01:32:52.077402000Z sexMale                                     0.20    0.05     4.29   0.00
2021-03-09T01:32:52.077408900Z imd2                                        0.00    0.08     0.03   0.98
2021-03-09T01:32:52.077415900Z imd3                                       -0.19    0.08    -2.46   0.01
2021-03-09T01:32:52.077422800Z imd4                                       -0.12    0.08    -1.52   0.13
2021-03-09T01:32:52.077429800Z imd5 most deprived                         -0.20    0.08    -2.52   0.01
2021-03-09T01:32:52.077436700Z ethnicityMixed                              0.25    0.47     0.54   0.59
2021-03-09T01:32:52.077443600Z ethnicitySouth Asian                        0.15    0.26     0.57   0.57
2021-03-09T01:32:52.077450700Z ethnicityWhite                              0.48    0.23     2.06   0.04
2021-03-09T01:32:52.077457600Z ethnicityOther                             -0.61    0.50    -1.23   0.22
2021-03-09T01:32:52.077464600Z chronic_cardiac_diseaseTRUE                 0.38    0.05     8.07   0.00
2021-03-09T01:32:52.077471600Z current_copdTRUE                            0.44    0.06     6.99   0.00
2021-03-09T01:32:52.077478600Z dementiaTRUE                                0.87    0.06    15.15   0.00
2021-03-09T01:32:52.077485800Z dialysisTRUE                                1.27    0.29     4.43   0.00
2021-03-09T01:32:52.077492800Z solid_organ_transplantationTRUE             0.30    0.73     0.42   0.68
2021-03-09T01:32:52.077499700Z chemo_or_radioTRUE                         -0.10    0.12    -0.84   0.40
2021-03-09T01:32:52.077506500Z sickle_cell_diseaseTRUE                    -6.40   68.56    -0.09   0.93
2021-03-09T01:32:52.077513400Z permanant_immunosuppressionTRUE            -0.49    1.00    -0.49   0.62
2021-03-09T01:32:52.077520200Z temporary_immunosuppressionTRUE             0.35    0.29     1.19   0.24
2021-03-09T01:32:52.077527100Z aspleniaTRUE                                0.46    0.36     1.29   0.20
2021-03-09T01:32:52.077533900Z intel_dis_incl_downs_syndromeTRUE           0.29    0.50     0.57   0.57
2021-03-09T01:32:52.077540800Z psychosis_schiz_bipolarTRUE                 0.16    0.23     0.73   0.47
2021-03-09T01:32:52.077547800Z lung_cancerTRUE                             1.32    0.14     9.52   0.00
2021-03-09T01:32:52.077556100Z cancer_excl_lung_and_haemTRUE               0.58    0.05    10.85   0.00
2021-03-09T01:32:52.077563300Z haematological_cancerTRUE                   0.88    0.12     7.41   0.00
2021-03-09T01:32:52.077570300Z timesincevax_pw(0,3]                       -2.18    0.32    -6.86   0.00
2021-03-09T01:32:52.077584600Z timesincevax_pw(3,7]                       -1.70    0.21    -8.04   0.00
2021-03-09T01:32:52.077592300Z timesincevax_pw(7,14]                      -1.62    0.15   -10.90   0.00
2021-03-09T01:32:52.077599300Z timesincevax_pw(14,21]                     -1.50    0.13   -11.15   0.00
2021-03-09T01:32:52.077606400Z timesincevax_pw(21, Inf]                   -1.86    0.09   -19.61   0.00
2021-03-09T01:32:52.077613300Z ns(tstop, knots = knots)1                   1.48    0.31     4.83   0.00
2021-03-09T01:32:52.077620300Z ns(tstop, knots = knots)2                   0.67    0.21     3.28   0.00
2021-03-09T01:32:52.077627200Z regionEast Midlands                        -0.01    0.21    -0.06   0.95
2021-03-09T01:32:52.077634200Z regionLondon                               -0.42    0.40    -1.05   0.29
2021-03-09T01:32:52.077641300Z regionNorth East                           -0.00    0.34    -0.00   1.00
2021-03-09T01:32:52.077648800Z regionNorth West                            0.20    0.25     0.82   0.41
2021-03-09T01:32:52.077656200Z regionSouth East                           -0.03    0.31    -0.11   0.92
2021-03-09T01:32:52.077663200Z regionSouth West                           -0.16    0.22    -0.72   0.47
2021-03-09T01:32:52.077670200Z regionWest Midlands                        -0.13    0.36    -0.35   0.73
2021-03-09T01:32:52.077677200Z regionYorkshire and The                     0.29    0.22     1.33   0.18
2021-03-09T01:32:52.077684100Z Humber                                                                  
2021-03-09T01:32:52.077691100Z ns(tstop, knots =                          -0.03    0.47    -0.07   0.95
2021-03-09T01:32:52.077698100Z knots)1:regionEast Midlands                                             
2021-03-09T01:32:52.077705200Z ns(tstop, knots =                           0.81    0.27     2.97   0.00
2021-03-09T01:32:52.077712200Z knots)2:regionEast Midlands                                             
2021-03-09T01:32:52.077719300Z ns(tstop, knots =                           0.60    0.87     0.69   0.49
2021-03-09T01:32:52.077726400Z knots)1:regionLondon                                                    
2021-03-09T01:32:52.077733300Z ns(tstop, knots =                           0.51    0.45     1.14   0.25
2021-03-09T01:32:52.077740300Z knots)2:regionLondon                                                    
2021-03-09T01:32:52.077747400Z ns(tstop, knots =                          -0.22    0.76    -0.29   0.77
2021-03-09T01:32:52.077754200Z knots)1:regionNorth East                                                
2021-03-09T01:32:52.077762000Z ns(tstop, knots =                           0.99    0.41     2.42   0.02
2021-03-09T01:32:52.077772700Z knots)2:regionNorth East                                                
2021-03-09T01:32:52.077779700Z ns(tstop, knots =                          -0.33    0.56    -0.60   0.55
2021-03-09T01:32:52.077786700Z knots)1:regionNorth West                                                
2021-03-09T01:32:52.077801100Z ns(tstop, knots =                           0.68    0.33     2.05   0.04
2021-03-09T01:32:52.077808800Z knots)2:regionNorth West                                                
2021-03-09T01:32:52.077815700Z ns(tstop, knots =                          -0.08    0.69    -0.12   0.91
2021-03-09T01:32:52.077822900Z knots)1:regionSouth East                                                
2021-03-09T01:32:52.077829800Z ns(tstop, knots =                           0.39    0.41     0.96   0.34
2021-03-09T01:32:52.077836800Z knots)2:regionSouth East                                                
2021-03-09T01:32:52.077843800Z ns(tstop, knots =                           0.56    0.49     1.14   0.25
2021-03-09T01:32:52.077850800Z knots)1:regionSouth West                                                
2021-03-09T01:32:52.077857700Z ns(tstop, knots =                           0.75    0.28     2.65   0.01
2021-03-09T01:32:52.077864700Z knots)2:regionSouth West                                                
2021-03-09T01:32:52.077871800Z ns(tstop, knots =                           0.80    0.79     1.01   0.31
2021-03-09T01:32:52.077878800Z knots)1:regionWest Midlands                                             
2021-03-09T01:32:52.077885800Z ns(tstop, knots =                           0.23    0.44     0.51   0.61
2021-03-09T01:32:52.077892600Z knots)2:regionWest Midlands                                             
2021-03-09T01:32:52.077899500Z ns(tstop, knots =                          -0.48    0.49    -0.97   0.33
2021-03-09T01:32:52.077906400Z knots)1:regionYorkshire and                                             
2021-03-09T01:32:52.077913300Z The Humber                                                              
2021-03-09T01:32:52.077920200Z ns(tstop, knots =                           0.47    0.30     1.56   0.12
2021-03-09T01:32:52.077927100Z knots)2:regionYorkshire and                                             
2021-03-09T01:32:52.077934100Z The Humber                                                              
2021-03-09T01:32:52.077940900Z ------------------------------------------------------------------------
2021-03-09T01:41:20.759228200Z Saving 7 x 7 in image
2021-03-09T01:41:24.946704900Z `stat_bin()` using `bins = 30`. Pick better value with `binwidth`.
2021-03-09T01:42:06.838858900Z msmmod0 
2021-03-09T01:43:01.571410700Z MODEL INFO:
2021-03-09T01:43:01.571490800Z Observations: 9705919
2021-03-09T01:43:01.571499900Z Dependent Variable: 
2021-03-09T01:43:01.571507400Z Type: Generalized linear model
2021-03-09T01:43:01.571514900Z   Family: binomial 
2021-03-09T01:43:01.571522200Z   Link function: logit 
2021-03-09T01:43:01.571529700Z 
2021-03-09T01:43:01.573122100Z MODEL FIT:
2021-03-09T01:43:01.573145100Z <U+03C7><U+00B2>(5) = 1113.01, p = 0.00
2021-03-09T01:43:01.573189500Z Pseudo-R<U+00B2> (Cragg-Uhler) = 
2021-03-09T01:43:01.573197700Z Pseudo-R<U+00B2> (McFadden) = 0.02
2021-03-09T01:43:01.573204600Z AIC = 57201.74, BIC = 57286.27 
2021-03-09T01:43:01.573211500Z 
2021-03-09T01:43:01.573339000Z Standard errors: MLE
2021-03-09T01:43:01.600112300Z --------------------------------------------------------------
2021-03-09T01:43:01.600128800Z                                   Est.   S.E.    z val.      p
2021-03-09T01:43:01.600136300Z ------------------------------ ------- ------ --------- ------
2021-03-09T01:43:01.600143200Z (Intercept)                      -7.60   0.02   -389.43   0.00
2021-03-09T01:43:01.600150000Z timesincevax_pw(0,3]             -1.80   0.20     -8.80   0.00
2021-03-09T01:43:01.600156900Z timesincevax_pw(3,7]             -0.88   0.11     -7.79   0.00
2021-03-09T01:43:01.600163600Z timesincevax_pw(7,14]            -0.92   0.09    -10.40   0.00
2021-03-09T01:43:01.600170300Z timesincevax_pw(14,21]           -1.01   0.09    -10.95   0.00
2021-03-09T01:43:01.600177000Z timesincevax_pw(21, Inf]         -1.59   0.07    -23.93   0.00
2021-03-09T01:43:01.600183800Z --------------------------------------------------------------
2021-03-09T01:43:01.600190600Z msmmod1 
2021-03-09T01:44:29.791251900Z MODEL INFO:
2021-03-09T01:44:29.791315900Z Observations: 9705919
2021-03-09T01:44:29.791325400Z Dependent Variable: 
2021-03-09T01:44:29.791333100Z Type: Generalized linear model
2021-03-09T01:44:29.791340700Z   Family: binomial 
2021-03-09T01:44:29.791348200Z   Link function: logit 
2021-03-09T01:44:29.791356000Z 
2021-03-09T01:44:29.792892200Z MODEL FIT:
2021-03-09T01:44:29.792918000Z <U+03C7><U+00B2>(16) = 1504.09, p = 0.00
2021-03-09T01:44:29.792927800Z Pseudo-R<U+00B2> (Cragg-Uhler) = 
2021-03-09T01:44:29.792935700Z Pseudo-R<U+00B2> (McFadden) = 0.03
2021-03-09T01:44:29.792943400Z AIC = 56832.67, BIC = 57072.17 
2021-03-09T01:44:29.792951000Z 
2021-03-09T01:44:29.793111400Z Standard errors: MLE
2021-03-09T01:44:29.848726000Z --------------------------------------------------------------
2021-03-09T01:44:29.848747300Z                                    Est.   S.E.   z val.      p
2021-03-09T01:44:29.848755400Z ------------------------------ -------- ------ -------- ------
2021-03-09T01:44:29.848762900Z (Intercept)                      -26.78   5.40    -4.96   0.00
2021-03-09T01:44:29.848770600Z age                                0.38   0.12     3.09   0.00
2021-03-09T01:44:29.848777900Z I(age  age)                       -0.00   0.00    -2.56   0.01
2021-03-09T01:44:29.848785400Z sexMale                            0.10   0.04     2.93   0.00
2021-03-09T01:44:29.848832000Z imd2                              -0.08   0.06    -1.40   0.16
2021-03-09T01:44:29.848840200Z imd3                              -0.22   0.06    -3.98   0.00
2021-03-09T01:44:29.848847000Z imd4                              -0.32   0.06    -5.52   0.00
2021-03-09T01:44:29.848853800Z imd5 most deprived                -0.42   0.06    -7.09   0.00
2021-03-09T01:44:29.848860500Z ethnicityMixed                    -0.34   0.36    -0.95   0.34
2021-03-09T01:44:29.848867300Z ethnicitySouth Asian               0.45   0.16     2.88   0.00
2021-03-09T01:44:29.848874000Z ethnicityWhite                    -0.03   0.14    -0.18   0.86
2021-03-09T01:44:29.848880800Z ethnicityOther                     0.13   0.23     0.58   0.56
2021-03-09T01:44:29.848887500Z timesincevax_pw(0,3]              -1.74   0.20    -8.51   0.00
2021-03-09T01:44:29.848894200Z timesincevax_pw(3,7]              -0.83   0.11    -7.27   0.00
2021-03-09T01:44:29.848900900Z timesincevax_pw(7,14]             -0.86   0.09    -9.72   0.00
2021-03-09T01:44:29.848907800Z timesincevax_pw(14,21]            -0.96   0.09   -10.31   0.00
2021-03-09T01:44:29.848914500Z timesincevax_pw(21, Inf]          -1.53   0.07   -23.05   0.00
2021-03-09T01:44:29.848921200Z --------------------------------------------------------------
2021-03-09T01:44:29.848929600Z msmmod4 
2021-03-09T01:57:06.676590200Z MODEL INFO:
2021-03-09T01:57:06.676692100Z Observations: 9705919
2021-03-09T01:57:06.676701600Z Dependent Variable: 
2021-03-09T01:57:06.676709400Z Type: Generalized linear model
2021-03-09T01:57:06.676717000Z   Family: binomial 
2021-03-09T01:57:06.676727500Z   Link function: logit 
2021-03-09T01:57:06.676735500Z 
2021-03-09T01:57:06.678609300Z MODEL FIT:
2021-03-09T01:57:06.678743900Z <U+03C7><U+00B2>(57) = 2779.85, p = 0.00
2021-03-09T01:57:06.678760200Z Pseudo-R<U+00B2> (Cragg-Uhler) = 
2021-03-09T01:57:06.678768700Z Pseudo-R<U+00B2> (McFadden) = 0.05
2021-03-09T01:57:06.678776400Z AIC = 55671.58, BIC = 56488.70 
2021-03-09T01:57:06.678784100Z 
2021-03-09T01:57:06.678793900Z Standard errors: MLE
2021-03-09T01:57:06.873334900Z ------------------------------------------------------------------------
2021-03-09T01:57:06.873412400Z                                             Est.    S.E.   z val.      p
2021-03-09T01:57:06.873421600Z --------------------------------------- -------- ------- -------- ------
2021-03-09T01:57:06.873429500Z (Intercept)                               -22.84    5.43    -4.21   0.00
2021-03-09T01:57:06.873437300Z age                                         0.27    0.12     2.17   0.03
2021-03-09T01:57:06.873445300Z I(age  age)                                -0.00    0.00    -1.73   0.08
2021-03-09T01:57:06.873452900Z sexMale                                     0.07    0.04     2.05   0.04
2021-03-09T01:57:06.873495400Z imd2                                       -0.10    0.06    -1.78   0.08
2021-03-09T01:57:06.873503400Z imd3                                       -0.22    0.06    -3.91   0.00
2021-03-09T01:57:06.873510500Z imd4                                       -0.27    0.06    -4.64   0.00
2021-03-09T01:57:06.873517300Z imd5 most deprived                         -0.35    0.06    -5.82   0.00
2021-03-09T01:57:06.873524300Z ethnicityMixed                             -0.20    0.36    -0.55   0.58
2021-03-09T01:57:06.873531200Z ethnicitySouth Asian                        0.59    0.16     3.74   0.00
2021-03-09T01:57:06.873538300Z ethnicityWhite                              0.30    0.14     2.10   0.04
2021-03-09T01:57:06.873545200Z ethnicityOther                              0.28    0.23     1.20   0.23
2021-03-09T01:57:06.873552100Z chronic_cardiac_diseaseTRUE                 0.30    0.04     8.14   0.00
2021-03-09T01:57:06.873559100Z current_copdTRUE                            0.35    0.05     6.96   0.00
2021-03-09T01:57:06.873566000Z dementiaTRUE                                0.90    0.04    20.63   0.00
2021-03-09T01:57:06.873572900Z dialysisTRUE                                0.55    0.32     1.71   0.09
2021-03-09T01:57:06.873579800Z solid_organ_transplantationTRUE             0.34    0.59     0.58   0.56
2021-03-09T01:57:06.873586600Z chemo_or_radioTRUE                          0.15    0.09     1.62   0.11
2021-03-09T01:57:06.873593700Z sickle_cell_diseaseTRUE                    -7.55   71.98    -0.10   0.92
2021-03-09T01:57:06.873600500Z permanant_immunosuppressionTRUE            -1.11    1.00    -1.10   0.27
2021-03-09T01:57:06.873607300Z temporary_immunosuppressionTRUE             0.61    0.21     2.92   0.00
2021-03-09T01:57:06.873614200Z aspleniaTRUE                                0.00    0.35     0.01   0.99
2021-03-09T01:57:06.873621100Z intel_dis_incl_downs_syndromeTRUE           0.75    0.28     2.70   0.01
2021-03-09T01:57:06.873627900Z psychosis_schiz_bipolarTRUE                 0.57    0.13     4.31   0.00
2021-03-09T01:57:06.873634700Z lung_cancerTRUE                             0.08    0.20     0.40   0.69
2021-03-09T01:57:06.873643100Z cancer_excl_lung_and_haemTRUE               0.14    0.05     3.08   0.00
2021-03-09T01:57:06.873650500Z haematological_cancerTRUE                   0.41    0.11     3.73   0.00
2021-03-09T01:57:06.873657700Z ns(tstop, knots = knots)1                   2.25    0.23     9.94   0.00
2021-03-09T01:57:06.873664400Z ns(tstop, knots = knots)2                  -0.41    0.17    -2.38   0.02
2021-03-09T01:57:06.873671500Z regionEast Midlands                        -0.19    0.17    -1.14   0.25
2021-03-09T01:57:06.873678700Z regionLondon                               -0.25    0.25    -0.98   0.32
2021-03-09T01:57:06.873685500Z regionNorth East                            0.49    0.24     2.05   0.04
2021-03-09T01:57:06.873692300Z regionNorth West                           -0.57    0.24    -2.42   0.02
2021-03-09T01:57:06.873707200Z regionSouth East                           -0.70    0.29    -2.43   0.02
2021-03-09T01:57:06.873718100Z regionSouth West                           -0.72    0.22    -3.35   0.00
2021-03-09T01:57:06.873725100Z regionWest Midlands                        -0.69    0.32    -2.17   0.03
2021-03-09T01:57:06.873732100Z regionYorkshire and The                    -0.38    0.21    -1.86   0.06
2021-03-09T01:57:06.873739100Z Humber                                                                  
2021-03-09T01:57:06.873746100Z timesincevax_pw(0,3]                       -1.90    0.20    -9.27   0.00
2021-03-09T01:57:06.873752900Z timesincevax_pw(3,7]                       -1.02    0.11    -8.89   0.00
2021-03-09T01:57:06.873759800Z timesincevax_pw(7,14]                      -1.08    0.09   -11.96   0.00
2021-03-09T01:57:06.873766700Z timesincevax_pw(14,21]                     -1.16    0.10   -12.14   0.00
2021-03-09T01:57:06.873773500Z timesincevax_pw(21, Inf]                   -1.63    0.08   -20.35   0.00
2021-03-09T01:57:06.873780400Z ns(tstop, knots =                           0.04    0.36     0.11   0.91
2021-03-09T01:57:06.873787300Z knots)1:regionEast Midlands                                             
2021-03-09T01:57:06.873794200Z ns(tstop, knots =                           0.92    0.23     3.95   0.00
2021-03-09T01:57:06.873801100Z knots)2:regionEast Midlands                                             
2021-03-09T01:57:06.873808200Z ns(tstop, knots =                           1.01    0.53     1.93   0.05
2021-03-09T01:57:06.873815600Z knots)1:regionLondon                                                    
2021-03-09T01:57:06.873822700Z ns(tstop, knots =                          -0.07    0.34    -0.22   0.83
2021-03-09T01:57:06.873829600Z knots)2:regionLondon                                                    
2021-03-09T01:57:06.873836700Z ns(tstop, knots =                          -2.22    0.56    -3.99   0.00
2021-03-09T01:57:06.873843600Z knots)1:regionNorth East                                                
2021-03-09T01:57:06.873851400Z ns(tstop, knots =                           0.83    0.40     2.08   0.04
2021-03-09T01:57:06.873858800Z knots)2:regionNorth East                                                
2021-03-09T01:57:06.873865700Z ns(tstop, knots =                           0.55    0.50     1.09   0.28
2021-03-09T01:57:06.873872900Z knots)1:regionNorth West                                                
2021-03-09T01:57:06.873879900Z ns(tstop, knots =                           0.57    0.33     1.72   0.09
2021-03-09T01:57:06.873886700Z knots)2:regionNorth West                                                
2021-03-09T01:57:06.873893500Z ns(tstop, knots =                           1.11    0.60     1.85   0.06
2021-03-09T01:57:06.873900300Z knots)1:regionSouth East                                                
2021-03-09T01:57:06.873907100Z ns(tstop, knots =                           0.02    0.40     0.06   0.95
2021-03-09T01:57:06.873922300Z knots)2:regionSouth East                                                
2021-03-09T01:57:06.873929700Z ns(tstop, knots =                           0.24    0.46     0.53   0.59
2021-03-09T01:57:06.873936600Z knots)1:regionSouth West                                                
2021-03-09T01:57:06.873945800Z ns(tstop, knots =                           0.62    0.30     2.05   0.04
2021-03-09T01:57:06.873952600Z knots)2:regionSouth West                                                
2021-03-09T01:57:06.873959500Z ns(tstop, knots =                           1.72    0.65     2.65   0.01
2021-03-09T01:57:06.873966400Z knots)1:regionWest Midlands                                             
2021-03-09T01:57:06.873973200Z ns(tstop, knots =                           0.43    0.37     1.16   0.25
2021-03-09T01:57:06.873980000Z knots)2:regionWest Midlands                                             
2021-03-09T01:57:06.873986900Z ns(tstop, knots =                          -0.20    0.45    -0.44   0.66
2021-03-09T01:57:06.873993700Z knots)1:regionYorkshire and                                             
2021-03-09T01:57:06.874000600Z The Humber                                                              
2021-03-09T01:57:06.874007500Z ns(tstop, knots =                           1.23    0.27     4.54   0.00
2021-03-09T01:57:06.874014400Z knots)2:regionYorkshire and                                             
2021-03-09T01:57:06.874021400Z The Humber                                                              
2021-03-09T01:57:06.874028500Z ------------------------------------------------------------------------


state: succeeded
commit: 57a28ae34ff15bd7b5a6c539d6f877104afc53cb
docker_image_id: sha256:c7cb8c47c64952beb4dc7e1b4b0edaf95b0fa5cc1af3f796e073e4190413ec9e
exit_code: 0
job_id: sbdyn77al4zsb35k
run_by_user: wjchulme
created_at: 2021-03-08T23:14:25Z
started_at: 2021-03-09T00:56:49Z
completed_at: 2021-03-09T02:04:46Z

Completed successfully

outputs:
  output/over80s/postest/pfizer/dose1/data_weights.rds       - highly_sensitive    
  output/over80s/postest/pfizer/dose1/histogram_weights.svg  - moderately_sensitive
  output/over80s/postest/pfizer/dose1/model0.rds             - highly_sensitive    
  output/over80s/postest/pfizer/dose1/model1.rds             - highly_sensitive    
  output/over80s/postest/pfizer/dose1/model4.rds             - highly_sensitive    
  output/over80s/postest/pfizer/dose1/model_vax1.rds         - highly_sensitive    
  output/over80s/postest/pfizer/dose1/model_vax1_fxd.rds     - highly_sensitive    
  output/over80s/postest/pfizer/dose1/weights.txt            - moderately_sensitive