2021-03-09T02:11:58.961723700Z -- Attaching packages --------------------------------------- tidyverse 1.3.0 --
2021-03-09T02:11:58.974399500Z v ggplot2 3.3.2     v purrr   0.3.4
2021-03-09T02:11:58.974476500Z v tibble  3.0.3     v dplyr   1.0.2
2021-03-09T02:11:58.974484800Z v tidyr   1.1.2     v stringr 1.4.0
2021-03-09T02:11:58.974492000Z v readr   1.3.1     v forcats 0.5.0
2021-03-09T02:11:59.187234800Z -- Conflicts ------------------------------------------ tidyverse_conflicts() --
2021-03-09T02:11:59.187310400Z x dplyr::filter() masks stats::filter()
2021-03-09T02:11:59.187319000Z x dplyr::lag()    masks stats::lag()
2021-03-09T02:12:01.296056200Z 
2021-03-09T02:12:01.296134300Z Attaching package: 'lubridate'
2021-03-09T02:12:01.296142700Z 
2021-03-09T02:12:01.297544200Z The following objects are masked from 'package:base':
2021-03-09T02:12:01.297573800Z 
2021-03-09T02:12:01.297582900Z     date, intersect, setdiff, union
2021-03-09T02:12:01.297590100Z 
2021-03-09T02:12:01.673258800Z <environment: R_GlobalEnv>
2021-03-09T02:12:01.673725800Z <environment: R_GlobalEnv>
2021-03-09T02:12:44.415643000Z ipwvax1 
2021-03-09T02:13:53.804566400Z MODEL INFO:
2021-03-09T02:13:53.804656900Z Observations: 5251093
2021-03-09T02:13:53.804671200Z Dependent Variable: 
2021-03-09T02:13:53.804679200Z Type: Generalized linear model
2021-03-09T02:13:53.804686800Z   Family: binomial 
2021-03-09T02:13:53.804694400Z   Link function: logit 
2021-03-09T02:13:53.804701800Z 
2021-03-09T02:13:53.806501500Z MODEL FIT:
2021-03-09T02:13:53.806524500Z <U+03C7><U+00B2>(55) = 83901.54, p = 0.00
2021-03-09T02:13:53.806534800Z Pseudo-R<U+00B2> (Cragg-Uhler) = 
2021-03-09T02:13:53.806542700Z Pseudo-R<U+00B2> (McFadden) = 0.07
2021-03-09T02:13:53.806550400Z AIC = 1133146.28, BIC = 1133900.82 
2021-03-09T02:13:53.806558100Z 
2021-03-09T02:13:53.806973100Z Standard errors: MLE
2021-03-09T02:13:54.001861400Z -----------------------------------------------------------------------
2021-03-09T02:13:54.001934300Z                                             Est.   S.E.   z val.      p
2021-03-09T02:13:54.001943400Z --------------------------------------- -------- ------ -------- ------
2021-03-09T02:13:54.001951200Z (Intercept)                               -15.60   1.03   -15.22   0.00
2021-03-09T02:13:54.001958900Z age                                         0.23   0.02     9.76   0.00
2021-03-09T02:13:54.001966300Z I(age  age)                                -0.00   0.00   -10.61   0.00
2021-03-09T02:13:54.001974000Z sexMale                                     0.08   0.01    13.27   0.00
2021-03-09T02:13:54.001981500Z imd2                                        0.11   0.01    10.66   0.00
2021-03-09T02:13:54.002027400Z imd3                                        0.17   0.01    17.11   0.00
2021-03-09T02:13:54.002035300Z imd4                                        0.23   0.01    23.40   0.00
2021-03-09T02:13:54.002042200Z imd5 most deprived                          0.27   0.01    26.97   0.00
2021-03-09T02:13:54.002048900Z ethnicityMixed                              0.22   0.06     3.45   0.00
2021-03-09T02:13:54.002055900Z ethnicitySouth Asian                        0.35   0.04     9.92   0.00
2021-03-09T02:13:54.002062700Z ethnicityWhite                              0.89   0.03    28.15   0.00
2021-03-09T02:13:54.002069500Z ethnicityOther                              0.26   0.05     5.22   0.00
2021-03-09T02:13:54.002076200Z chronic_cardiac_diseaseTRUE                 0.02   0.01     2.80   0.01
2021-03-09T02:13:54.002083000Z current_copdTRUE                            0.01   0.01     0.72   0.47
2021-03-09T02:13:54.002089800Z dementiaTRUE                               -0.18   0.01   -16.80   0.00
2021-03-09T02:13:54.002096600Z dialysisTRUE                               -0.07   0.07    -1.06   0.29
2021-03-09T02:13:54.002103300Z solid_organ_transplantationTRUE            -0.01   0.13    -0.08   0.93
2021-03-09T02:13:54.002109900Z chemo_or_radioTRUE                         -0.00   0.02    -0.03   0.98
2021-03-09T02:13:54.002116700Z sickle_cell_diseaseTRUE                     0.99   0.51     1.94   0.05
2021-03-09T02:13:54.002123300Z permanant_immunosuppressionTRUE             0.20   0.09     2.17   0.03
2021-03-09T02:13:54.002130000Z temporary_immunosuppressionTRUE             0.06   0.05     1.28   0.20
2021-03-09T02:13:54.002136800Z aspleniaTRUE                                0.04   0.06     0.74   0.46
2021-03-09T02:13:54.002143500Z intel_dis_incl_downs_syndromeTRUE          -0.16   0.07    -2.21   0.03
2021-03-09T02:13:54.002150300Z psychosis_schiz_bipolarTRUE                -0.29   0.03    -8.82   0.00
2021-03-09T02:13:54.002156900Z lung_cancerTRUE                            -0.12   0.04    -3.32   0.00
2021-03-09T02:13:54.002165100Z cancer_excl_lung_and_haemTRUE               0.05   0.01     7.21   0.00
2021-03-09T02:13:54.002172000Z haematological_cancerTRUE                   0.05   0.02     2.38   0.02
2021-03-09T02:13:54.002178800Z ns(tstop, knots = knots)1                   4.28   0.05    95.15   0.00
2021-03-09T02:13:54.002185500Z ns(tstop, knots = knots)2                   2.20   0.02    88.40   0.00
2021-03-09T02:13:54.002192300Z regionEast Midlands                        -1.60   0.04   -36.82   0.00
2021-03-09T02:13:54.002199000Z regionLondon                               -1.20   0.08   -15.70   0.00
2021-03-09T02:13:54.002205800Z regionNorth East                           -0.24   0.06    -4.29   0.00
2021-03-09T02:13:54.002212500Z regionNorth West                           -0.14   0.04    -3.47   0.00
2021-03-09T02:13:54.002219300Z regionSouth East                           -0.30   0.05    -5.92   0.00
2021-03-09T02:13:54.002233400Z regionSouth West                           -0.57   0.04   -14.88   0.00
2021-03-09T02:13:54.002240800Z regionWest Midlands                         0.35   0.05     6.43   0.00
2021-03-09T02:13:54.002247600Z regionYorkshire and The                     0.34   0.03    10.01   0.00
2021-03-09T02:13:54.002254400Z Humber                                                                 
2021-03-09T02:13:54.002261100Z hospital_status                             0.03   0.02     1.27   0.20
2021-03-09T02:13:54.002267800Z probable_covid_status                      -0.58   0.19    -3.08   0.00
2021-03-09T02:13:54.002275000Z suspected_covid_status                      0.56   0.05    10.28   0.00
2021-03-09T02:13:54.002281800Z ns(tstop, knots =                           3.27   0.09    37.90   0.00
2021-03-09T02:13:54.002288700Z knots)1:regionEast Midlands                                            
2021-03-09T02:13:54.002295500Z ns(tstop, knots =                           0.23   0.04     5.67   0.00
2021-03-09T02:13:54.002302400Z knots)2:regionEast Midlands                                            
2021-03-09T02:13:54.002309200Z ns(tstop, knots =                           2.12   0.15    13.87   0.00
2021-03-09T02:13:54.002316200Z knots)1:regionLondon                                                   
2021-03-09T02:13:54.002323000Z ns(tstop, knots =                          -1.46   0.07   -20.34   0.00
2021-03-09T02:13:54.002330000Z knots)2:regionLondon                                                   
2021-03-09T02:13:54.002337300Z ns(tstop, knots =                           0.77   0.11     6.74   0.00
2021-03-09T02:13:54.002344500Z knots)1:regionNorth East                                               
2021-03-09T02:13:54.002351200Z ns(tstop, knots =                          -0.67   0.07   -10.11   0.00
2021-03-09T02:13:54.002358100Z knots)2:regionNorth East                                               
2021-03-09T02:13:54.002365800Z ns(tstop, knots =                           0.74   0.09     8.69   0.00
2021-03-09T02:13:54.002372800Z knots)1:regionNorth West                                               
2021-03-09T02:13:54.002379500Z ns(tstop, knots =                          -0.57   0.05   -10.83   0.00
2021-03-09T02:13:54.002386300Z knots)2:regionNorth West                                               
2021-03-09T02:13:54.002393000Z ns(tstop, knots =                           0.59   0.11     5.54   0.00
2021-03-09T02:13:54.002399800Z knots)1:regionSouth East                                               
2021-03-09T02:13:54.002406600Z ns(tstop, knots =                          -0.56   0.06    -9.65   0.00
2021-03-09T02:13:54.002413300Z knots)2:regionSouth East                                               
2021-03-09T02:13:54.002420200Z ns(tstop, knots =                           1.31   0.08    16.98   0.00
2021-03-09T02:13:54.002427200Z knots)1:regionSouth West                                               
2021-03-09T02:13:54.002440800Z ns(tstop, knots =                           0.09   0.04     2.06   0.04
2021-03-09T02:13:54.002448100Z knots)2:regionSouth West                                               
2021-03-09T02:13:54.002455000Z ns(tstop, knots =                          -0.64   0.11    -5.63   0.00
2021-03-09T02:13:54.002461900Z knots)1:regionWest Midlands                                            
2021-03-09T02:13:54.002468700Z ns(tstop, knots =                          -1.13   0.07   -16.40   0.00
2021-03-09T02:13:54.002475500Z knots)2:regionWest Midlands                                            
2021-03-09T02:13:54.002482600Z ns(tstop, knots =                          -0.38   0.07    -5.33   0.00
2021-03-09T02:13:54.002489400Z knots)1:regionYorkshire and                                            
2021-03-09T02:13:54.002496100Z The Humber                                                             
2021-03-09T02:13:54.002502900Z ns(tstop, knots =                          -0.80   0.05   -17.72   0.00
2021-03-09T02:13:54.002510500Z knots)2:regionYorkshire and                                            
2021-03-09T02:13:54.002517600Z The Humber                                                             
2021-03-09T02:13:54.002525000Z -----------------------------------------------------------------------
2021-03-09T02:13:54.002642400Z 
2021-03-09T02:13:54.002696200Z Call:  glm(formula = update(vax1 ~ 1, formula_demog) %>% update(formula_comorbs) %>% 
2021-03-09T02:13:54.002705900Z     update(formula_secular_region) %>% update(formula_timedependent), 
2021-03-09T02:13:54.002713300Z     family = binomial, data = data_pt_atriskvax1, na.action = "na.fail", 
2021-03-09T02:13:54.002720400Z     control = parglmparams, model = FALSE, method = parglm::parglm.fit, 
2021-03-09T02:13:54.002727400Z     singular.ok = FALSE)
2021-03-09T02:13:54.002734200Z 
2021-03-09T02:13:54.002741000Z Coefficients:
2021-03-09T02:13:54.003409000Z                                              (Intercept)  
2021-03-09T02:13:54.003427100Z                                               -1.560e+01  
2021-03-09T02:13:54.003434500Z                                                      age  
2021-03-09T02:13:54.003441600Z                                                2.311e-01  
2021-03-09T02:13:54.003448700Z                                             I(age * age)  
2021-03-09T02:13:54.003455800Z                                               -1.450e-03  
2021-03-09T02:13:54.003462700Z                                                  sexMale  
2021-03-09T02:13:54.003469700Z                                                7.739e-02  
2021-03-09T02:13:54.003476900Z                                                     imd2  
2021-03-09T02:13:54.003484000Z                                                1.113e-01  
2021-03-09T02:13:54.003490800Z                                                     imd3  
2021-03-09T02:13:54.003508400Z                                                1.718e-01  
2021-03-09T02:13:54.003515900Z                                                     imd4  
2021-03-09T02:13:54.003522900Z                                                2.344e-01  
2021-03-09T02:13:54.003529600Z                                       imd5 most deprived  
2021-03-09T02:13:54.003536400Z                                                2.716e-01  
2021-03-09T02:13:54.003543300Z                                           ethnicityMixed  
2021-03-09T02:13:54.003550900Z                                                2.205e-01  
2021-03-09T02:13:54.003557600Z                                     ethnicitySouth Asian  
2021-03-09T02:13:54.003564500Z                                                3.537e-01  
2021-03-09T02:13:54.003571300Z                                           ethnicityWhite  
2021-03-09T02:13:54.003578100Z                                                8.927e-01  
2021-03-09T02:13:54.003584800Z                                           ethnicityOther  
2021-03-09T02:13:54.003591600Z                                                2.608e-01  
2021-03-09T02:13:54.003598800Z                              chronic_cardiac_diseaseTRUE  
2021-03-09T02:13:54.003605700Z                                                1.742e-02  
2021-03-09T02:13:54.003612500Z                                         current_copdTRUE  
2021-03-09T02:13:54.003619200Z                                                6.628e-03  
2021-03-09T02:13:54.003626000Z                                             dementiaTRUE  
2021-03-09T02:13:54.003633100Z                                               -1.757e-01  
2021-03-09T02:13:54.003640000Z                                             dialysisTRUE  
2021-03-09T02:13:54.003646900Z                                               -7.404e-02  
2021-03-09T02:13:54.003654000Z                          solid_organ_transplantationTRUE  
2021-03-09T02:13:54.003664100Z                                               -1.048e-02  
2021-03-09T02:13:54.003672600Z                                       chemo_or_radioTRUE  
2021-03-09T02:13:54.003679900Z                                               -4.579e-04  
2021-03-09T02:13:54.003686900Z                                  sickle_cell_diseaseTRUE  
2021-03-09T02:13:54.003693800Z                                                9.885e-01  
2021-03-09T02:13:54.003700600Z                          permanant_immunosuppressionTRUE  
2021-03-09T02:13:54.003707500Z                                                1.994e-01  
2021-03-09T02:13:54.003714200Z                          temporary_immunosuppressionTRUE  
2021-03-09T02:13:54.003721700Z                                                5.857e-02  
2021-03-09T02:13:54.003728500Z                                             aspleniaTRUE  
2021-03-09T02:13:54.003742500Z                                                4.287e-02  
2021-03-09T02:13:54.003749800Z                        intel_dis_incl_downs_syndromeTRUE  
2021-03-09T02:13:54.003756900Z                                               -1.582e-01  
2021-03-09T02:13:54.003763900Z                              psychosis_schiz_bipolarTRUE  
2021-03-09T02:13:54.003771000Z                                               -2.912e-01  
2021-03-09T02:13:54.003778200Z                                          lung_cancerTRUE  
2021-03-09T02:13:54.003785100Z                                               -1.177e-01  
2021-03-09T02:13:54.003792200Z                            cancer_excl_lung_and_haemTRUE  
2021-03-09T02:13:54.003799300Z                                                5.495e-02  
2021-03-09T02:13:54.003806000Z                                haematological_cancerTRUE  
2021-03-09T02:13:54.003812900Z                                                5.096e-02  
2021-03-09T02:13:54.003819800Z                                ns(tstop, knots = knots)1  
2021-03-09T02:13:54.003828400Z                                                4.282e+00  
2021-03-09T02:13:54.003835600Z                                ns(tstop, knots = knots)2  
2021-03-09T02:13:54.003842500Z                                                2.202e+00  
2021-03-09T02:13:54.003849700Z                                      regionEast Midlands  
2021-03-09T02:13:54.003856500Z                                               -1.597e+00  
2021-03-09T02:13:54.003863300Z                                             regionLondon  
2021-03-09T02:13:54.003870200Z                                               -1.199e+00  
2021-03-09T02:13:54.003876900Z                                         regionNorth East  
2021-03-09T02:13:54.003883600Z                                               -2.387e-01  
2021-03-09T02:13:54.003890300Z                                         regionNorth West  
2021-03-09T02:13:54.003897000Z                                               -1.431e-01  
2021-03-09T02:13:54.003903700Z                                         regionSouth East  
2021-03-09T02:13:54.003910400Z                                               -3.046e-01  
2021-03-09T02:13:54.003917200Z                                         regionSouth West  
2021-03-09T02:13:54.003924700Z                                               -5.651e-01  
2021-03-09T02:13:54.003931500Z                                      regionWest Midlands  
2021-03-09T02:13:54.003938200Z                                                3.488e-01  
2021-03-09T02:13:54.003944900Z                           regionYorkshire and The Humber  
2021-03-09T02:13:54.003951600Z                                                3.411e-01  
2021-03-09T02:13:54.003958400Z                                          hospital_status  
2021-03-09T02:13:54.003971500Z                                                3.108e-02  
2021-03-09T02:13:54.003978800Z                                    probable_covid_status  
2021-03-09T02:13:54.003985600Z                                               -5.802e-01  
2021-03-09T02:13:54.003992300Z                                   suspected_covid_status  
2021-03-09T02:13:54.003999000Z                                                5.607e-01  
2021-03-09T02:13:54.004005700Z            ns(tstop, knots = knots)1:regionEast Midlands  
2021-03-09T02:13:54.004012300Z                                                3.273e+00  
2021-03-09T02:13:54.004019000Z            ns(tstop, knots = knots)2:regionEast Midlands  
2021-03-09T02:13:54.004025700Z                                                2.258e-01  
2021-03-09T02:13:54.004032600Z                   ns(tstop, knots = knots)1:regionLondon  
2021-03-09T02:13:54.004039300Z                                                2.118e+00  
2021-03-09T02:13:54.004046200Z                   ns(tstop, knots = knots)2:regionLondon  
2021-03-09T02:13:54.004052800Z                                               -1.459e+00  
2021-03-09T02:13:54.004062000Z               ns(tstop, knots = knots)1:regionNorth East  
2021-03-09T02:13:54.004068800Z                                                7.714e-01  
2021-03-09T02:13:54.004075700Z               ns(tstop, knots = knots)2:regionNorth East  
2021-03-09T02:13:54.004082400Z                                               -6.726e-01  
2021-03-09T02:13:54.004089300Z               ns(tstop, knots = knots)1:regionNorth West  
2021-03-09T02:13:54.004096100Z                                                7.394e-01  
2021-03-09T02:13:54.004103100Z               ns(tstop, knots = knots)2:regionNorth West  
2021-03-09T02:13:54.004109800Z                                               -5.744e-01  
2021-03-09T02:13:54.004116800Z               ns(tstop, knots = knots)1:regionSouth East  
2021-03-09T02:13:54.004123500Z                                                5.857e-01  
2021-03-09T02:13:54.004130500Z               ns(tstop, knots = knots)2:regionSouth East  
2021-03-09T02:13:54.004137400Z                                               -5.645e-01  
2021-03-09T02:13:54.004144700Z               ns(tstop, knots = knots)1:regionSouth West  
2021-03-09T02:13:54.004151500Z                                                1.312e+00  
2021-03-09T02:13:54.004158700Z               ns(tstop, knots = knots)2:regionSouth West  
2021-03-09T02:13:54.004165600Z                                                8.567e-02  
2021-03-09T02:13:54.004174600Z            ns(tstop, knots = knots)1:regionWest Midlands  
2021-03-09T02:13:54.004181900Z                                               -6.449e-01  
2021-03-09T02:13:54.004189000Z            ns(tstop, knots = knots)2:regionWest Midlands  
2021-03-09T02:13:54.004195700Z                                               -1.133e+00  
2021-03-09T02:13:54.004209700Z ns(tstop, knots = knots)1:regionYorkshire and The Humber  
2021-03-09T02:13:54.004216900Z                                               -3.803e-01  
2021-03-09T02:13:54.004224400Z ns(tstop, knots = knots)2:regionYorkshire and The Humber  
2021-03-09T02:13:54.004231800Z                                               -8.041e-01  
2021-03-09T02:13:54.004238800Z 
2021-03-09T02:13:54.004245600Z Degrees of Freedom: 5251092 Total (i.e. Null);  5251037 Residual
2021-03-09T02:13:54.004255000Z Null Deviance:	    1217000 
2021-03-09T02:13:54.004262400Z Residual Deviance: 1133000 	AIC: 1133000
2021-03-09T02:13:54.004342600Z ipwvax1_fxd 
2021-03-09T02:14:58.610933100Z MODEL INFO:
2021-03-09T02:14:58.611013000Z Observations: 5251093
2021-03-09T02:14:58.611022400Z Dependent Variable: 
2021-03-09T02:14:58.611030300Z Type: Generalized linear model
2021-03-09T02:14:58.611038000Z   Family: binomial 
2021-03-09T02:14:58.611045700Z   Link function: logit 
2021-03-09T02:14:58.611053300Z 
2021-03-09T02:14:58.612841600Z MODEL FIT:
2021-03-09T02:14:58.612900100Z <U+03C7><U+00B2>(52) = 83798.93, p = 0.00
2021-03-09T02:14:58.612909700Z Pseudo-R<U+00B2> (Cragg-Uhler) = 
2021-03-09T02:14:58.612917500Z Pseudo-R<U+00B2> (McFadden) = 0.07
2021-03-09T02:14:58.612925100Z AIC = 1133242.88, BIC = 1133957.00 
2021-03-09T02:14:58.612932800Z 
2021-03-09T02:14:58.612940100Z Standard errors: MLE
2021-03-09T02:14:58.775232600Z -----------------------------------------------------------------------
2021-03-09T02:14:58.775298800Z                                             Est.   S.E.   z val.      p
2021-03-09T02:14:58.775307100Z --------------------------------------- -------- ------ -------- ------
2021-03-09T02:14:58.775315100Z (Intercept)                               -15.62   1.03   -15.23   0.00
2021-03-09T02:14:58.775322400Z age                                         0.23   0.02     9.77   0.00
2021-03-09T02:14:58.775329900Z I(age  age)                                -0.00   0.00   -10.63   0.00
2021-03-09T02:14:58.775337300Z sexMale                                     0.08   0.01    13.32   0.00
2021-03-09T02:14:58.775344600Z imd2                                        0.11   0.01    10.66   0.00
2021-03-09T02:14:58.775351800Z imd3                                        0.17   0.01    17.10   0.00
2021-03-09T02:14:58.775359100Z imd4                                        0.23   0.01    23.37   0.00
2021-03-09T02:14:58.775366500Z imd5 most deprived                          0.27   0.01    26.94   0.00
2021-03-09T02:14:58.775373700Z ethnicityMixed                              0.22   0.06     3.46   0.00
2021-03-09T02:14:58.775381100Z ethnicitySouth Asian                        0.35   0.04     9.94   0.00
2021-03-09T02:14:58.775421200Z ethnicityWhite                              0.89   0.03    28.17   0.00
2021-03-09T02:14:58.775429100Z ethnicityOther                              0.26   0.05     5.24   0.00
2021-03-09T02:14:58.775436000Z chronic_cardiac_diseaseTRUE                 0.02   0.01     2.88   0.00
2021-03-09T02:14:58.775442800Z current_copdTRUE                            0.01   0.01     0.75   0.46
2021-03-09T02:14:58.775449600Z dementiaTRUE                               -0.18   0.01   -16.74   0.00
2021-03-09T02:14:58.775456400Z dialysisTRUE                               -0.07   0.07    -1.06   0.29
2021-03-09T02:14:58.775463200Z solid_organ_transplantationTRUE            -0.01   0.13    -0.10   0.92
2021-03-09T02:14:58.775469900Z chemo_or_radioTRUE                          0.00   0.02     0.02   0.98
2021-03-09T02:14:58.775476700Z sickle_cell_diseaseTRUE                     0.99   0.51     1.94   0.05
2021-03-09T02:14:58.775483500Z permanant_immunosuppressionTRUE             0.21   0.09     2.31   0.02
2021-03-09T02:14:58.775490300Z temporary_immunosuppressionTRUE             0.06   0.05     1.27   0.20
2021-03-09T02:14:58.775497100Z aspleniaTRUE                                0.05   0.06     0.78   0.43
2021-03-09T02:14:58.775505400Z intel_dis_incl_downs_syndromeTRUE          -0.16   0.07    -2.18   0.03
2021-03-09T02:14:58.775512300Z psychosis_schiz_bipolarTRUE                -0.29   0.03    -8.83   0.00
2021-03-09T02:14:58.775519200Z lung_cancerTRUE                            -0.12   0.04    -3.29   0.00
2021-03-09T02:14:58.775527200Z cancer_excl_lung_and_haemTRUE               0.06   0.01     7.26   0.00
2021-03-09T02:14:58.775534300Z haematological_cancerTRUE                   0.05   0.02     2.45   0.01
2021-03-09T02:14:58.775541100Z ns(tstop, knots = knots)1                   4.28   0.05    95.18   0.00
2021-03-09T02:14:58.775548100Z ns(tstop, knots = knots)2                   2.20   0.02    88.34   0.00
2021-03-09T02:14:58.775555100Z regionEast Midlands                        -1.60   0.04   -36.83   0.00
2021-03-09T02:14:58.775561900Z regionLondon                               -1.20   0.08   -15.70   0.00
2021-03-09T02:14:58.775568700Z regionNorth East                           -0.24   0.06    -4.29   0.00
2021-03-09T02:14:58.775575500Z regionNorth West                           -0.14   0.04    -3.41   0.00
2021-03-09T02:14:58.775582200Z regionSouth East                           -0.30   0.05    -5.87   0.00
2021-03-09T02:14:58.775589000Z regionSouth West                           -0.56   0.04   -14.87   0.00
2021-03-09T02:14:58.775595800Z regionWest Midlands                         0.35   0.05     6.46   0.00
2021-03-09T02:14:58.775602600Z regionYorkshire and The                     0.34   0.03    10.01   0.00
2021-03-09T02:14:58.775609300Z Humber                                                                 
2021-03-09T02:14:58.775616300Z ns(tstop, knots =                           3.27   0.09    37.90   0.00
2021-03-09T02:14:58.775630400Z knots)1:regionEast Midlands                                            
2021-03-09T02:14:58.775637900Z ns(tstop, knots =                           0.23   0.04     5.74   0.00
2021-03-09T02:14:58.775644700Z knots)2:regionEast Midlands                                            
2021-03-09T02:14:58.775651400Z ns(tstop, knots =                           2.12   0.15    13.87   0.00
2021-03-09T02:14:58.775658200Z knots)1:regionLondon                                                   
2021-03-09T02:14:58.775665000Z ns(tstop, knots =                          -1.46   0.07   -20.32   0.00
2021-03-09T02:14:58.775671800Z knots)2:regionLondon                                                   
2021-03-09T02:14:58.775678800Z ns(tstop, knots =                           0.77   0.11     6.73   0.00
2021-03-09T02:14:58.775685800Z knots)1:regionNorth East                                               
2021-03-09T02:14:58.775692700Z ns(tstop, knots =                          -0.67   0.07   -10.08   0.00
2021-03-09T02:14:58.775699500Z knots)2:regionNorth East                                               
2021-03-09T02:14:58.775706300Z ns(tstop, knots =                           0.74   0.09     8.66   0.00
2021-03-09T02:14:58.775713000Z knots)1:regionNorth West                                               
2021-03-09T02:14:58.775719900Z ns(tstop, knots =                          -0.57   0.05   -10.82   0.00
2021-03-09T02:14:58.775727100Z knots)2:regionNorth West                                               
2021-03-09T02:14:58.775734300Z ns(tstop, knots =                           0.58   0.11     5.50   0.00
2021-03-09T02:14:58.775740900Z knots)1:regionSouth East                                               
2021-03-09T02:14:58.775747700Z ns(tstop, knots =                          -0.56   0.06    -9.64   0.00
2021-03-09T02:14:58.775754500Z knots)2:regionSouth East                                               
2021-03-09T02:14:58.775761500Z ns(tstop, knots =                           1.31   0.08    16.97   0.00
2021-03-09T02:14:58.775768100Z knots)1:regionSouth West                                               
2021-03-09T02:14:58.775774800Z ns(tstop, knots =                           0.09   0.04     2.09   0.04
2021-03-09T02:14:58.775781600Z knots)2:regionSouth West                                               
2021-03-09T02:14:58.775788300Z ns(tstop, knots =                          -0.65   0.11    -5.66   0.00
2021-03-09T02:14:58.775795100Z knots)1:regionWest Midlands                                            
2021-03-09T02:14:58.775801800Z ns(tstop, knots =                          -1.13   0.07   -16.40   0.00
2021-03-09T02:14:58.775808600Z knots)2:regionWest Midlands                                            
2021-03-09T02:14:58.775815500Z ns(tstop, knots =                          -0.38   0.07    -5.32   0.00
2021-03-09T02:14:58.775822200Z knots)1:regionYorkshire and                                            
2021-03-09T02:14:58.775857900Z The Humber                                                             
2021-03-09T02:14:58.775865700Z ns(tstop, knots =                          -0.80   0.05   -17.69   0.00
2021-03-09T02:14:58.775872600Z knots)2:regionYorkshire and                                            
2021-03-09T02:14:58.775879500Z The Humber                                                             
2021-03-09T02:14:58.775886700Z -----------------------------------------------------------------------
2021-03-09T02:15:08.324351900Z ipwdeath 
2021-03-09T02:32:30.693695000Z MODEL INFO:
2021-03-09T02:32:30.693798800Z Observations: 10589655
2021-03-09T02:32:30.693808300Z Dependent Variable: 
2021-03-09T02:32:30.693816000Z Type: Generalized linear model
2021-03-09T02:32:30.693823400Z   Family: binomial 
2021-03-09T02:32:30.693831000Z   Link function: logit 
2021-03-09T02:32:30.693838500Z 
2021-03-09T02:32:30.695446300Z MODEL FIT:
2021-03-09T02:32:30.695472500Z <U+03C7><U+00B2>(65) = 2720.28, p = 0.00
2021-03-09T02:32:30.695482400Z Pseudo-R<U+00B2> (Cragg-Uhler) = 
2021-03-09T02:32:30.695490400Z Pseudo-R<U+00B2> (McFadden) = 0.07
2021-03-09T02:32:30.695498200Z AIC = 36838.94, BIC = 37774.52 
2021-03-09T02:32:30.695505600Z 
2021-03-09T02:32:30.695723200Z Standard errors: MLE
2021-03-09T02:32:30.903309200Z ------------------------------------------------------------------------
2021-03-09T02:32:30.903388300Z                                             Est.    S.E.   z val.      p
2021-03-09T02:32:30.903397100Z --------------------------------------- -------- ------- -------- ------
2021-03-09T02:32:30.903404900Z (Intercept)                               -18.92    5.91    -3.20   0.00
2021-03-09T02:32:30.903412500Z age                                         0.10    0.13     0.79   0.43
2021-03-09T02:32:30.903420200Z I(age  age)                                 0.00    0.00     0.04   0.97
2021-03-09T02:32:30.903427800Z sexMale                                     0.16    0.05     3.02   0.00
2021-03-09T02:32:30.903435300Z imd2                                        0.00    0.07     0.02   0.98
2021-03-09T02:32:30.903442800Z imd3                                       -0.15    0.07    -2.03   0.04
2021-03-09T02:32:30.903450000Z imd4                                       -0.08    0.07    -1.03   0.31
2021-03-09T02:32:30.903457600Z imd5 most deprived                         -0.18    0.08    -2.31   0.02
2021-03-09T02:32:30.903464900Z ethnicityMixed                              0.40    0.44     0.92   0.36
2021-03-09T02:32:30.903472400Z ethnicitySouth Asian                        0.22    0.26     0.83   0.40
2021-03-09T02:32:30.903479700Z ethnicityWhite                              0.49    0.23     2.11   0.04
2021-03-09T02:32:30.903521700Z ethnicityOther                             -0.47    0.47    -1.01   0.31
2021-03-09T02:32:30.903529600Z chronic_cardiac_diseaseTRUE                 0.36    0.05     8.06   0.00
2021-03-09T02:32:30.903536500Z current_copdTRUE                            0.40    0.06     6.68   0.00
2021-03-09T02:32:30.903543300Z dementiaTRUE                                0.91    0.05    16.88   0.00
2021-03-09T02:32:30.903550100Z dialysisTRUE                                1.14    0.29     4.00   0.00
2021-03-09T02:32:30.903556800Z solid_organ_transplantationTRUE             0.30    0.73     0.41   0.68
2021-03-09T02:32:30.903563700Z chemo_or_radioTRUE                         -0.09    0.11    -0.79   0.43
2021-03-09T02:32:30.903570500Z sickle_cell_diseaseTRUE                    -6.42   67.19    -0.10   0.92
2021-03-09T02:32:30.903577200Z permanant_immunosuppressionTRUE             0.03    0.71     0.04   0.97
2021-03-09T02:32:30.903584000Z temporary_immunosuppressionTRUE             0.37    0.27     1.37   0.17
2021-03-09T02:32:30.903591000Z aspleniaTRUE                                0.42    0.36     1.18   0.24
2021-03-09T02:32:30.903597800Z intel_dis_incl_downs_syndromeTRUE           0.45    0.45     1.00   0.32
2021-03-09T02:32:30.903604800Z psychosis_schiz_bipolarTRUE                 0.28    0.20     1.36   0.17
2021-03-09T02:32:30.903611500Z lung_cancerTRUE                             1.32    0.13    10.26   0.00
2021-03-09T02:32:30.903622100Z cancer_excl_lung_and_haemTRUE               0.51    0.05    10.12   0.00
2021-03-09T02:32:30.903629100Z haematological_cancerTRUE                   0.68    0.12     5.81   0.00
2021-03-09T02:32:30.903636000Z timesincevax_pw(0,3]                       -1.68    0.28    -5.99   0.00
2021-03-09T02:32:30.903642900Z timesincevax_pw(3,7]                       -1.19    0.19    -6.36   0.00
2021-03-09T02:32:30.903649800Z timesincevax_pw(7,14]                      -1.23    0.14    -8.59   0.00
2021-03-09T02:32:30.903656800Z timesincevax_pw(14,21]                     -1.30    0.15    -8.93   0.00
2021-03-09T02:32:30.903663600Z timesincevax_pw(21, Inf]                   -1.80    0.11   -15.77   0.00
2021-03-09T02:32:30.903670400Z ns(tstop, knots = knots)1                   1.48    0.30     4.87   0.00
2021-03-09T02:32:30.903677300Z ns(tstop, knots = knots)2                   0.91    0.18     5.13   0.00
2021-03-09T02:32:30.903684200Z regionEast Midlands                        -0.01    0.21    -0.03   0.97
2021-03-09T02:32:30.903691200Z regionLondon                               -0.51    0.41    -1.26   0.21
2021-03-09T02:32:30.903698000Z regionNorth East                           -0.03    0.34    -0.08   0.94
2021-03-09T02:32:30.903705100Z regionNorth West                            0.15    0.25     0.61   0.54
2021-03-09T02:32:30.903711900Z regionSouth East                           -0.02    0.31    -0.08   0.94
2021-03-09T02:32:30.903718700Z regionSouth West                           -0.19    0.23    -0.83   0.41
2021-03-09T02:32:30.903725500Z regionWest Midlands                        -0.12    0.37    -0.33   0.74
2021-03-09T02:32:30.903739900Z regionYorkshire and The                     0.28    0.22     1.28   0.20
2021-03-09T02:32:30.903747300Z Humber                                                                  
2021-03-09T02:32:30.903754400Z hospital_status                             2.29    0.08    29.59   0.00
2021-03-09T02:32:30.903761400Z probable_covid_status                       2.66    0.27     9.76   0.00
2021-03-09T02:32:30.903768300Z suspected_covid_status                      1.31    0.25     5.19   0.00
2021-03-09T02:32:30.903775400Z sexMale:timesincevax_pw(0,3]                0.12    0.40     0.29   0.77
2021-03-09T02:32:30.903782100Z sexMale:timesincevax_pw(3,7]                0.01    0.28     0.05   0.96
2021-03-09T02:32:30.903789100Z sexMale:timesincevax_pw(7,14]               0.11    0.20     0.53   0.60
2021-03-09T02:32:30.903796000Z sexMale:timesincevax_pw(14,21]              0.20    0.20     1.00   0.32
2021-03-09T02:32:30.903802800Z sexMale:timesincevax_pw(21,                 0.17    0.14     1.24   0.21
2021-03-09T02:32:30.903809800Z Inf]                                                                    
2021-03-09T02:32:30.903816500Z ns(tstop, knots =                          -0.13    0.47    -0.29   0.77
2021-03-09T02:32:30.903824000Z knots)1:regionEast Midlands                                             
2021-03-09T02:32:30.903830800Z ns(tstop, knots =                           0.57    0.24     2.39   0.02
2021-03-09T02:32:30.903837800Z knots)2:regionEast Midlands                                             
2021-03-09T02:32:30.903844600Z ns(tstop, knots =                           0.76    0.87     0.87   0.39
2021-03-09T02:32:30.903851500Z knots)1:regionLondon                                                    
2021-03-09T02:32:30.903858400Z ns(tstop, knots =                           0.25    0.41     0.62   0.54
2021-03-09T02:32:30.903865200Z knots)2:regionLondon                                                    
2021-03-09T02:32:30.903872200Z ns(tstop, knots =                          -0.16    0.75    -0.22   0.83
2021-03-09T02:32:30.903879000Z knots)1:regionNorth East                                                
2021-03-09T02:32:30.903885900Z ns(tstop, knots =                           0.93    0.35     2.65   0.01
2021-03-09T02:32:30.903892800Z knots)2:regionNorth East                                                
2021-03-09T02:32:30.903899700Z ns(tstop, knots =                          -0.23    0.56    -0.42   0.67
2021-03-09T02:32:30.903906600Z knots)1:regionNorth West                                                
2021-03-09T02:32:30.903913500Z ns(tstop, knots =                           0.49    0.29     1.69   0.09
2021-03-09T02:32:30.903920300Z knots)2:regionNorth West                                                
2021-03-09T02:32:30.903927200Z ns(tstop, knots =                          -0.17    0.68    -0.25   0.81
2021-03-09T02:32:30.903934200Z knots)1:regionSouth East                                                
2021-03-09T02:32:30.903948600Z ns(tstop, knots =                           0.47    0.34     1.36   0.17
2021-03-09T02:32:30.903956300Z knots)2:regionSouth East                                                
2021-03-09T02:32:30.903963300Z ns(tstop, knots =                           0.49    0.49     0.99   0.32
2021-03-09T02:32:30.903970100Z knots)1:regionSouth West                                                
2021-03-09T02:32:30.903977000Z ns(tstop, knots =                           0.50    0.25     2.02   0.04
2021-03-09T02:32:30.903983800Z knots)2:regionSouth West                                                
2021-03-09T02:32:30.903990700Z ns(tstop, knots =                           0.66    0.79     0.84   0.40
2021-03-09T02:32:30.903997500Z knots)1:regionWest Midlands                                             
2021-03-09T02:32:30.904004400Z ns(tstop, knots =                          -0.09    0.41    -0.22   0.82
2021-03-09T02:32:30.904011300Z knots)2:regionWest Midlands                                             
2021-03-09T02:32:30.904018200Z ns(tstop, knots =                          -0.49    0.49    -0.99   0.32
2021-03-09T02:32:30.904025500Z knots)1:regionYorkshire and                                             
2021-03-09T02:32:30.904032600Z The Humber                                                              
2021-03-09T02:32:30.904039400Z ns(tstop, knots =                           0.37    0.26     1.43   0.15
2021-03-09T02:32:30.904046200Z knots)2:regionYorkshire and                                             
2021-03-09T02:32:30.904053000Z The Humber                                                              
2021-03-09T02:32:30.904059700Z ------------------------------------------------------------------------
2021-03-09T02:32:30.904066500Z ipwdeath_fxd 
2021-03-09T02:46:19.139949500Z MODEL INFO:
2021-03-09T02:46:19.140007600Z Observations: 10589655
2021-03-09T02:46:19.140016700Z Dependent Variable: 
2021-03-09T02:46:19.140024400Z Type: Generalized linear model
2021-03-09T02:46:19.140031900Z   Family: binomial 
2021-03-09T02:46:19.140039100Z   Link function: logit 
2021-03-09T02:46:19.140046500Z 
2021-03-09T02:46:19.141770300Z MODEL FIT:
2021-03-09T02:46:19.141794400Z <U+03C7><U+00B2>(62) = 2128.02, p = 0.00
2021-03-09T02:46:19.141804200Z Pseudo-R<U+00B2> (Cragg-Uhler) = 
2021-03-09T02:46:19.141812000Z Pseudo-R<U+00B2> (McFadden) = 0.05
2021-03-09T02:46:19.141819600Z AIC = 37425.20, BIC = 38318.25 
2021-03-09T02:46:19.141827100Z 
2021-03-09T02:46:19.141979600Z Standard errors: MLE
2021-03-09T02:46:19.348239600Z ------------------------------------------------------------------------
2021-03-09T02:46:19.348277300Z                                             Est.    S.E.   z val.      p
2021-03-09T02:46:19.348305400Z --------------------------------------- -------- ------- -------- ------
2021-03-09T02:46:19.348313600Z (Intercept)                               -19.24    5.91    -3.25   0.00
2021-03-09T02:46:19.348320600Z age                                         0.11    0.13     0.85   0.39
2021-03-09T02:46:19.348327500Z I(age  age)                                -0.00    0.00    -0.04   0.97
2021-03-09T02:46:19.348334500Z sexMale                                     0.18    0.05     3.34   0.00
2021-03-09T02:46:19.348341500Z imd2                                        0.02    0.07     0.29   0.78
2021-03-09T02:46:19.348348300Z imd3                                       -0.15    0.07    -2.07   0.04
2021-03-09T02:46:19.348355400Z imd4                                       -0.09    0.07    -1.23   0.22
2021-03-09T02:46:19.348362100Z imd5 most deprived                         -0.18    0.08    -2.38   0.02
2021-03-09T02:46:19.348369200Z ethnicityMixed                              0.38    0.44     0.87   0.38
2021-03-09T02:46:19.348376100Z ethnicitySouth Asian                        0.22    0.26     0.86   0.39
2021-03-09T02:46:19.348383100Z ethnicityWhite                              0.52    0.23     2.25   0.02
2021-03-09T02:46:19.348389900Z ethnicityOther                             -0.46    0.47    -0.98   0.32
2021-03-09T02:46:19.348397000Z chronic_cardiac_diseaseTRUE                 0.39    0.05     8.71   0.00
2021-03-09T02:46:19.348403800Z current_copdTRUE                            0.42    0.06     6.95   0.00
2021-03-09T02:46:19.348410800Z dementiaTRUE                                0.91    0.05    16.81   0.00
2021-03-09T02:46:19.348417700Z dialysisTRUE                                1.18    0.29     4.14   0.00
2021-03-09T02:46:19.348424600Z solid_organ_transplantationTRUE             0.24    0.73     0.33   0.74
2021-03-09T02:46:19.348431400Z chemo_or_radioTRUE                         -0.05    0.11    -0.47   0.64
2021-03-09T02:46:19.348438400Z sickle_cell_diseaseTRUE                    -6.45   67.15    -0.10   0.92
2021-03-09T02:46:19.348445200Z permanant_immunosuppressionTRUE             0.11    0.71     0.16   0.87
2021-03-09T02:46:19.348452200Z temporary_immunosuppressionTRUE             0.40    0.27     1.47   0.14
2021-03-09T02:46:19.348458900Z aspleniaTRUE                                0.36    0.36     1.01   0.31
2021-03-09T02:46:19.348466000Z intel_dis_incl_downs_syndromeTRUE           0.38    0.45     0.84   0.40
2021-03-09T02:46:19.348472800Z psychosis_schiz_bipolarTRUE                 0.28    0.20     1.40   0.16
2021-03-09T02:46:19.348479800Z lung_cancerTRUE                             1.40    0.13    10.91   0.00
2021-03-09T02:46:19.348488400Z cancer_excl_lung_and_haemTRUE               0.55    0.05    10.80   0.00
2021-03-09T02:46:19.348495500Z haematological_cancerTRUE                   0.81    0.12     7.00   0.00
2021-03-09T02:46:19.348502400Z timesincevax_pw(0,3]                       -1.79    0.28    -6.37   0.00
2021-03-09T02:46:19.348517100Z timesincevax_pw(3,7]                       -1.29    0.19    -6.90   0.00
2021-03-09T02:46:19.348524800Z timesincevax_pw(7,14]                      -1.33    0.14    -9.27   0.00
2021-03-09T02:46:19.348531700Z timesincevax_pw(14,21]                     -1.39    0.15    -9.56   0.00
2021-03-09T02:46:19.348538400Z timesincevax_pw(21, Inf]                   -1.89    0.11   -16.56   0.00
2021-03-09T02:46:19.348545400Z ns(tstop, knots = knots)1                   1.54    0.30     5.10   0.00
2021-03-09T02:46:19.348552100Z ns(tstop, knots = knots)2                   0.88    0.18     4.98   0.00
2021-03-09T02:46:19.348559100Z regionEast Midlands                         0.00    0.21     0.01   0.99
2021-03-09T02:46:19.348565900Z regionLondon                               -0.51    0.41    -1.25   0.21
2021-03-09T02:46:19.348572800Z regionNorth East                           -0.03    0.34    -0.08   0.93
2021-03-09T02:46:19.348579600Z regionNorth West                            0.14    0.25     0.56   0.58
2021-03-09T02:46:19.348586500Z regionSouth East                           -0.03    0.31    -0.10   0.92
2021-03-09T02:46:19.348593300Z regionSouth West                           -0.19    0.22    -0.83   0.40
2021-03-09T02:46:19.348600200Z regionWest Midlands                        -0.11    0.36    -0.30   0.76
2021-03-09T02:46:19.348606900Z regionYorkshire and The                     0.28    0.22     1.29   0.20
2021-03-09T02:46:19.348613900Z Humber                                                                  
2021-03-09T02:46:19.348621100Z sexMale:timesincevax_pw(0,3]                0.09    0.40     0.23   0.82
2021-03-09T02:46:19.348628100Z sexMale:timesincevax_pw(3,7]               -0.01    0.28    -0.05   0.96
2021-03-09T02:46:19.348634900Z sexMale:timesincevax_pw(7,14]               0.08    0.20     0.39   0.69
2021-03-09T02:46:19.348641900Z sexMale:timesincevax_pw(14,21]              0.18    0.20     0.89   0.38
2021-03-09T02:46:19.348648700Z sexMale:timesincevax_pw(21,                 0.15    0.14     1.07   0.29
2021-03-09T02:46:19.348655600Z Inf]                                                                    
2021-03-09T02:46:19.348662400Z ns(tstop, knots =                          -0.18    0.46    -0.39   0.70
2021-03-09T02:46:19.348669100Z knots)1:regionEast Midlands                                             
2021-03-09T02:46:19.348675900Z ns(tstop, knots =                           0.56    0.24     2.33   0.02
2021-03-09T02:46:19.348682600Z knots)2:regionEast Midlands                                             
2021-03-09T02:46:19.348689900Z ns(tstop, knots =                           0.74    0.87     0.85   0.39
2021-03-09T02:46:19.348696900Z knots)1:regionLondon                                                    
2021-03-09T02:46:19.348703700Z ns(tstop, knots =                           0.25    0.41     0.60   0.55
2021-03-09T02:46:19.348710500Z knots)2:regionLondon                                                    
2021-03-09T02:46:19.348724500Z ns(tstop, knots =                          -0.14    0.74    -0.19   0.85
2021-03-09T02:46:19.348732000Z knots)1:regionNorth East                                                
2021-03-09T02:46:19.348738900Z ns(tstop, knots =                           0.91    0.35     2.58   0.01
2021-03-09T02:46:19.348745700Z knots)2:regionNorth East                                                
2021-03-09T02:46:19.348752600Z ns(tstop, knots =                          -0.16    0.55    -0.29   0.77
2021-03-09T02:46:19.348759400Z knots)1:regionNorth West                                                
2021-03-09T02:46:19.348766200Z ns(tstop, knots =                           0.46    0.29     1.60   0.11
2021-03-09T02:46:19.348773200Z knots)2:regionNorth West                                                
2021-03-09T02:46:19.348780000Z ns(tstop, knots =                          -0.10    0.68    -0.15   0.88
2021-03-09T02:46:19.348787000Z knots)1:regionSouth East                                                
2021-03-09T02:46:19.348793900Z ns(tstop, knots =                           0.41    0.35     1.17   0.24
2021-03-09T02:46:19.348800900Z knots)2:regionSouth East                                                
2021-03-09T02:46:19.348807600Z ns(tstop, knots =                           0.51    0.49     1.04   0.30
2021-03-09T02:46:19.348814600Z knots)1:regionSouth West                                                
2021-03-09T02:46:19.348821500Z ns(tstop, knots =                           0.47    0.25     1.87   0.06
2021-03-09T02:46:19.348828400Z knots)2:regionSouth West                                                
2021-03-09T02:46:19.348835200Z ns(tstop, knots =                           0.59    0.78     0.75   0.45
2021-03-09T02:46:19.348842100Z knots)1:regionWest Midlands                                             
2021-03-09T02:46:19.348848900Z ns(tstop, knots =                          -0.12    0.41    -0.29   0.77
2021-03-09T02:46:19.348855800Z knots)2:regionWest Midlands                                             
2021-03-09T02:46:19.348862600Z ns(tstop, knots =                          -0.48    0.49    -1.00   0.32
2021-03-09T02:46:19.348869500Z knots)1:regionYorkshire and                                             
2021-03-09T02:46:19.348876300Z The Humber                                                              
2021-03-09T02:46:19.348883100Z ns(tstop, knots =                           0.37    0.26     1.45   0.15
2021-03-09T02:46:19.348890400Z knots)2:regionYorkshire and                                             
2021-03-09T02:46:19.348897400Z The Humber                                                              
2021-03-09T02:46:19.348904200Z ------------------------------------------------------------------------
2021-03-09T02:56:20.919747000Z Saving 7 x 7 in image
2021-03-09T02:56:31.075715500Z `stat_bin()` using `bins = 30`. Pick better value with `binwidth`.
2021-03-09T02:57:13.888788400Z msmmod0 
2021-03-09T02:58:56.014306400Z Warning messages:
2021-03-09T02:58:56.014425800Z 1: In eval(family$initialize) : non-integer #successes in a binomial glm!
2021-03-09T02:58:56.014455500Z 2: glm.fit: algorithm did not converge 
2021-03-09T02:59:34.676719000Z MODEL INFO:
2021-03-09T02:59:34.676812000Z Observations: 10589655
2021-03-09T02:59:34.676821200Z Dependent Variable: 
2021-03-09T02:59:34.676828700Z Type: Generalized linear model
2021-03-09T02:59:34.676836200Z   Family: binomial 
2021-03-09T02:59:34.676843500Z   Link function: logit 
2021-03-09T02:59:34.676850900Z 
2021-03-09T02:59:34.678545400Z MODEL FIT:
2021-03-09T02:59:34.678569500Z <U+03C7><U+00B2>(11) = 1741143.46, p = 0.00
2021-03-09T02:59:34.678579600Z Pseudo-R<U+00B2> (Cragg-Uhler) = 
2021-03-09T02:59:34.678587500Z Pseudo-R<U+00B2> (McFadden) = 0.97
2021-03-09T02:59:34.678595200Z AIC = 62113.18, BIC = 62283.29 
2021-03-09T02:59:34.678603400Z 
2021-03-09T02:59:34.678806500Z Standard errors: MLE
2021-03-09T02:59:34.728691800Z Warning messages:
2021-03-09T02:59:34.728780000Z 1: In eval(family$initialize) : non-integer #successes in a binomial glm!
2021-03-09T02:59:34.728792000Z 2: glm.fit: algorithm did not converge 
2021-03-09T02:59:34.728721300Z --------------------------------------------------------------------
2021-03-09T02:59:34.728837400Z                                         Est.   S.E.    z val.      p
2021-03-09T02:59:34.728846800Z ------------------------------------ ------- ------ --------- ------
2021-03-09T02:59:34.728854600Z (Intercept)                            -7.62   0.03   -297.51   0.00
2021-03-09T02:59:34.728862200Z timesincevax_pw(0,3]                   -1.30   0.18     -7.07   0.00
2021-03-09T02:59:34.728869800Z timesincevax_pw(3,7]                   -0.70   0.12     -5.81   0.00
2021-03-09T02:59:34.728877300Z timesincevax_pw(7,14]                  -0.82   0.10     -8.37   0.00
2021-03-09T02:59:34.728884700Z timesincevax_pw(14,21]                 -0.85   0.10     -8.37   0.00
2021-03-09T02:59:34.728892200Z timesincevax_pw(21, Inf]               -1.52   0.08    -18.34   0.00
2021-03-09T02:59:34.728899700Z sexMale                                 0.05   0.04      1.15   0.25
2021-03-09T02:59:34.728907300Z timesincevax_pw(0,3]:sexMale            0.05   0.28      0.16   0.87
2021-03-09T02:59:34.728914800Z timesincevax_pw(3,7]:sexMale            0.02   0.18      0.09   0.93
2021-03-09T02:59:34.728922200Z timesincevax_pw(7,14]:sexMale           0.20   0.14      1.45   0.15
2021-03-09T02:59:34.728929700Z timesincevax_pw(14,21]:sexMale         -0.16   0.16     -1.03   0.30
2021-03-09T02:59:34.728937100Z timesincevax_pw(21,                     0.03   0.12      0.26   0.79
2021-03-09T02:59:34.728994600Z Inf]:sexMale                                                        
2021-03-09T02:59:34.729003300Z --------------------------------------------------------------------
2021-03-09T02:59:34.729010300Z msmmod1 
2021-03-09T03:02:42.645012100Z Warning messages:
2021-03-09T03:02:42.645110100Z 1: In eval(family$initialize) : non-integer #successes in a binomial glm!
2021-03-09T03:02:42.645119900Z 2: glm.fit: algorithm did not converge 
2021-03-09T03:03:30.313320600Z MODEL INFO:
2021-03-09T03:03:30.313431400Z Observations: 10589655
2021-03-09T03:03:30.313454800Z Dependent Variable: 
2021-03-09T03:03:30.313463200Z Type: Generalized linear model
2021-03-09T03:03:30.313470800Z   Family: binomial 
2021-03-09T03:03:30.313478300Z   Link function: logit 
2021-03-09T03:03:30.313486000Z 
2021-03-09T03:03:30.315059900Z MODEL FIT:
2021-03-09T03:03:30.315350500Z <U+03C7><U+00B2>(21) = 1741598.01, p = 0.00
2021-03-09T03:03:30.315368900Z Pseudo-R<U+00B2> (Cragg-Uhler) = 
2021-03-09T03:03:30.315377100Z Pseudo-R<U+00B2> (McFadden) = 0.97
2021-03-09T03:03:30.315384900Z AIC = 61681.82, BIC = 61993.68 
2021-03-09T03:03:30.315392500Z 
2021-03-09T03:03:30.315525200Z Standard errors: MLE
2021-03-09T03:03:30.385755000Z Warning messages:
2021-03-09T03:03:30.385813400Z 1: In eval(family$initialize) : non-integer #successes in a binomial glm!
2021-03-09T03:03:30.385825900Z 2: glm.fit: algorithm did not converge 
2021-03-09T03:03:30.385754900Z --------------------------------------------------------------------
2021-03-09T03:03:30.385845000Z                                          Est.   S.E.   z val.      p
2021-03-09T03:03:30.385852700Z ------------------------------------ -------- ------ -------- ------
2021-03-09T03:03:30.385860100Z (Intercept)                            -24.82   5.09    -4.87   0.00
2021-03-09T03:03:30.385867900Z age                                      0.33   0.12     2.85   0.00
2021-03-09T03:03:30.385875500Z I(age  age)                             -0.00   0.00    -2.27   0.02
2021-03-09T03:03:30.385883200Z sexMale                                  0.11   0.04     2.72   0.01
2021-03-09T03:03:30.385890700Z imd2                                    -0.07   0.05    -1.35   0.18
2021-03-09T03:03:30.385898300Z imd3                                    -0.21   0.05    -3.94   0.00
2021-03-09T03:03:30.385906000Z imd4                                    -0.31   0.05    -5.63   0.00
2021-03-09T03:03:30.385913500Z imd5 most deprived                      -0.41   0.06    -7.26   0.00
2021-03-09T03:03:30.385920900Z ethnicityMixed                          -0.39   0.36    -1.08   0.28
2021-03-09T03:03:30.385928300Z ethnicitySouth Asian                     0.46   0.15     2.99   0.00
2021-03-09T03:03:30.385972100Z ethnicityWhite                          -0.01   0.14    -0.07   0.94
2021-03-09T03:03:30.385979900Z ethnicityOther                           0.15   0.23     0.68   0.50
2021-03-09T03:03:30.385986700Z timesincevax_pw(0,3]                    -1.27   0.18    -6.87   0.00
2021-03-09T03:03:30.385993500Z timesincevax_pw(3,7]                    -0.66   0.12    -5.49   0.00
2021-03-09T03:03:30.386000400Z timesincevax_pw(7,14]                   -0.78   0.10    -7.93   0.00
2021-03-09T03:03:30.386007300Z timesincevax_pw(14,21]                  -0.80   0.10    -7.89   0.00
2021-03-09T03:03:30.386014300Z timesincevax_pw(21, Inf]                -1.45   0.08   -17.56   0.00
2021-03-09T03:03:30.386021300Z sexMale:timesincevax_pw(0,3]             0.04   0.28     0.13   0.90
2021-03-09T03:03:30.386028500Z sexMale:timesincevax_pw(3,7]             0.01   0.18     0.03   0.97
2021-03-09T03:03:30.386035500Z sexMale:timesincevax_pw(7,14]            0.19   0.14     1.37   0.17
2021-03-09T03:03:30.386042300Z sexMale:timesincevax_pw(14,21]          -0.18   0.16    -1.11   0.27
2021-03-09T03:03:30.386049100Z sexMale:timesincevax_pw(21,              0.01   0.12     0.08   0.94
2021-03-09T03:03:30.386056000Z Inf]                                                                
2021-03-09T03:03:30.386062800Z --------------------------------------------------------------------
2021-03-09T03:03:30.386071200Z msmmod4 
2021-03-09T03:22:19.193843100Z Warning message:
2021-03-09T03:22:19.193935200Z In eval(family$initialize) : non-integer #successes in a binomial glm!
2021-03-09T03:23:19.585922200Z MODEL INFO:
2021-03-09T03:23:19.586005500Z Observations: 10589655
2021-03-09T03:23:19.586015400Z Dependent Variable: 
2021-03-09T03:23:19.586023100Z Type: Generalized linear model
2021-03-09T03:23:19.586030600Z   Family: binomial 
2021-03-09T03:23:19.586038000Z   Link function: logit 
2021-03-09T03:23:19.586045400Z 
2021-03-09T03:23:19.587581600Z MODEL FIT:
2021-03-09T03:23:19.587604000Z <U+03C7><U+00B2>(62) = 1742943.58, p = 0.00
2021-03-09T03:23:19.587614100Z Pseudo-R<U+00B2> (Cragg-Uhler) = 
2021-03-09T03:23:19.587621900Z Pseudo-R<U+00B2> (McFadden) = 0.97
2021-03-09T03:23:19.587629400Z AIC = 60423.62, BIC = 61316.67 
2021-03-09T03:23:19.587637000Z 
2021-03-09T03:23:19.587793700Z Standard errors: MLE
2021-03-09T03:23:19.765905200Z Warning messages:
2021-03-09T03:23:19.765973000Z 1: In eval(family$initialize) : non-integer #successes in a binomial glm!
2021-03-09T03:23:19.765981500Z 2: glm.fit: algorithm did not converge 
2021-03-09T03:23:19.765955100Z -------------------------------------------------------------------------
2021-03-09T03:23:19.766000000Z                                             Est.     S.E.   z val.      p
2021-03-09T03:23:19.766043700Z --------------------------------------- -------- -------- -------- ------
2021-03-09T03:23:19.766051600Z (Intercept)                               -20.64     5.11    -4.04   0.00
2021-03-09T03:23:19.766058600Z age                                         0.21     0.12     1.84   0.07
2021-03-09T03:23:19.766065400Z I(age  age)                                -0.00     0.00    -1.34   0.18
2021-03-09T03:23:19.766072100Z sexMale                                     0.09     0.04     2.13   0.03
2021-03-09T03:23:19.766078800Z imd2                                       -0.10     0.06    -1.72   0.09
2021-03-09T03:23:19.766085700Z imd3                                       -0.21     0.06    -3.82   0.00
2021-03-09T03:23:19.766092500Z imd4                                       -0.27     0.06    -4.68   0.00
2021-03-09T03:23:19.766099300Z imd5 most deprived                         -0.35     0.06    -5.93   0.00
2021-03-09T03:23:19.766106100Z ethnicityMixed                             -0.24     0.36    -0.67   0.50
2021-03-09T03:23:19.766113000Z ethnicitySouth Asian                        0.60     0.15     3.87   0.00
2021-03-09T03:23:19.766119800Z ethnicityWhite                              0.32     0.14     2.29   0.02
2021-03-09T03:23:19.766126600Z ethnicityOther                              0.30     0.23     1.31   0.19
2021-03-09T03:23:19.766133400Z chronic_cardiac_diseaseTRUE                 0.29     0.04     8.21   0.00
2021-03-09T03:23:19.766140400Z current_copdTRUE                            0.34     0.05     7.08   0.00
2021-03-09T03:23:19.766147300Z dementiaTRUE                                0.92     0.04    22.12   0.00
2021-03-09T03:23:19.766154000Z dialysisTRUE                                0.57     0.31     1.88   0.06
2021-03-09T03:23:19.766160800Z solid_organ_transplantationTRUE             0.24     0.59     0.40   0.69
2021-03-09T03:23:19.766167600Z chemo_or_radioTRUE                          0.12     0.09     1.26   0.21
2021-03-09T03:23:19.766174300Z sickle_cell_diseaseTRUE                    -8.59   115.52    -0.07   0.94
2021-03-09T03:23:19.766181100Z permanant_immunosuppressionTRUE            -1.18     1.00    -1.17   0.24
2021-03-09T03:23:19.766187900Z temporary_immunosuppressionTRUE             0.53     0.21     2.54   0.01
2021-03-09T03:23:19.766194800Z aspleniaTRUE                                0.04     0.33     0.12   0.90
2021-03-09T03:23:19.766202000Z intel_dis_incl_downs_syndromeTRUE           0.72     0.27     2.66   0.01
2021-03-09T03:23:19.766208800Z psychosis_schiz_bipolarTRUE                 0.65     0.12     5.26   0.00
2021-03-09T03:23:19.766216900Z lung_cancerTRUE                             0.18     0.18     1.01   0.31
2021-03-09T03:23:19.766224300Z cancer_excl_lung_and_haemTRUE               0.13     0.04     2.98   0.00
2021-03-09T03:23:19.766231100Z haematological_cancerTRUE                   0.42     0.11     3.89   0.00
2021-03-09T03:23:19.766237900Z ns(tstop, knots = knots)1                   2.26     0.22    10.08   0.00
2021-03-09T03:23:19.766251800Z ns(tstop, knots = knots)2                  -0.36     0.15    -2.37   0.02
2021-03-09T03:23:19.766259200Z regionEast Midlands                        -0.18     0.17    -1.09   0.28
2021-03-09T03:23:19.766266200Z regionLondon                               -0.26     0.25    -1.04   0.30
2021-03-09T03:23:19.766272900Z regionNorth East                            0.44     0.24     1.83   0.07
2021-03-09T03:23:19.766279600Z regionNorth West                           -0.54     0.23    -2.32   0.02
2021-03-09T03:23:19.766286600Z regionSouth East                           -0.66     0.28    -2.36   0.02
2021-03-09T03:23:19.766293400Z regionSouth West                           -0.71     0.21    -3.35   0.00
2021-03-09T03:23:19.766300200Z regionWest Midlands                        -0.64     0.31    -2.07   0.04
2021-03-09T03:23:19.766307000Z regionYorkshire and The                    -0.37     0.21    -1.79   0.07
2021-03-09T03:23:19.766314000Z Humber                                                                   
2021-03-09T03:23:19.766320800Z timesincevax_pw(0,3]                       -1.48     0.18    -8.00   0.00
2021-03-09T03:23:19.766327600Z timesincevax_pw(3,7]                       -0.88     0.12    -7.27   0.00
2021-03-09T03:23:19.766334400Z timesincevax_pw(7,14]                      -1.00     0.10    -9.91   0.00
2021-03-09T03:23:19.766341200Z timesincevax_pw(14,21]                     -0.99     0.10    -9.44   0.00
2021-03-09T03:23:19.766348000Z timesincevax_pw(21, Inf]                   -1.56     0.09   -16.71   0.00
2021-03-09T03:23:19.766354900Z ns(tstop, knots =                           0.01     0.36     0.02   0.98
2021-03-09T03:23:19.766361800Z knots)1:regionEast Midlands                                              
2021-03-09T03:23:19.766368700Z ns(tstop, knots =                           0.90     0.21     4.36   0.00
2021-03-09T03:23:19.766375500Z knots)2:regionEast Midlands                                              
2021-03-09T03:23:19.766382300Z ns(tstop, knots =                           1.08     0.52     2.07   0.04
2021-03-09T03:23:19.766389100Z knots)1:regionLondon                                                     
2021-03-09T03:23:19.766395800Z ns(tstop, knots =                          -0.01     0.30    -0.04   0.97
2021-03-09T03:23:19.766402500Z knots)2:regionLondon                                                     
2021-03-09T03:23:19.766409300Z ns(tstop, knots =                          -1.98     0.55    -3.61   0.00
2021-03-09T03:23:19.766416600Z knots)1:regionNorth East                                                 
2021-03-09T03:23:19.766423700Z ns(tstop, knots =                           0.81     0.34     2.38   0.02
2021-03-09T03:23:19.766430800Z knots)2:regionNorth East                                                 
2021-03-09T03:23:19.766437600Z ns(tstop, knots =                           0.48     0.50     0.97   0.33
2021-03-09T03:23:19.766444300Z knots)1:regionNorth West                                                 
2021-03-09T03:23:19.766457500Z ns(tstop, knots =                           0.64     0.28     2.25   0.02
2021-03-09T03:23:19.766464700Z knots)2:regionNorth West                                                 
2021-03-09T03:23:19.766471500Z ns(tstop, knots =                           1.10     0.59     1.88   0.06
2021-03-09T03:23:19.766478200Z knots)1:regionSouth East                                                 
2021-03-09T03:23:19.766485000Z ns(tstop, knots =                           0.21     0.34     0.61   0.54
2021-03-09T03:23:19.766491700Z knots)2:regionSouth East                                                 
2021-03-09T03:23:19.766498500Z ns(tstop, knots =                           0.29     0.45     0.64   0.52
2021-03-09T03:23:19.766505300Z knots)1:regionSouth West                                                 
2021-03-09T03:23:19.766512100Z ns(tstop, knots =                           0.78     0.26     3.03   0.00
2021-03-09T03:23:19.766518900Z knots)2:regionSouth West                                                 
2021-03-09T03:23:19.766525700Z ns(tstop, knots =                           1.65     0.64     2.59   0.01
2021-03-09T03:23:19.766532600Z knots)1:regionWest Midlands                                              
2021-03-09T03:23:19.766539400Z ns(tstop, knots =                           0.56     0.32     1.73   0.08
2021-03-09T03:23:19.766546300Z knots)2:regionWest Midlands                                              
2021-03-09T03:23:19.766553100Z ns(tstop, knots =                          -0.26     0.44    -0.58   0.56
2021-03-09T03:23:19.766559800Z knots)1:regionYorkshire and                                              
2021-03-09T03:23:19.766566600Z The Humber                                                               
2021-03-09T03:23:19.766573300Z ns(tstop, knots =                           1.22     0.24     5.09   0.00
2021-03-09T03:23:19.766580100Z knots)2:regionYorkshire and                                              
2021-03-09T03:23:19.766586900Z The Humber                                                               
2021-03-09T03:23:19.766593700Z sexMale:timesincevax_pw(0,3]                0.03     0.28     0.10   0.92
2021-03-09T03:23:19.766600500Z sexMale:timesincevax_pw(3,7]               -0.01     0.18    -0.05   0.96
2021-03-09T03:23:19.766607300Z sexMale:timesincevax_pw(7,14]               0.17     0.14     1.20   0.23
2021-03-09T03:23:19.766614600Z sexMale:timesincevax_pw(14,21]             -0.21     0.16    -1.32   0.19
2021-03-09T03:23:19.766621600Z sexMale:timesincevax_pw(21,                -0.03     0.12    -0.21   0.84
2021-03-09T03:23:19.766633400Z Inf]                                                                     
2021-03-09T03:23:19.766640800Z -------------------------------------------------------------------------


state: succeeded
commit: 57a28ae34ff15bd7b5a6c539d6f877104afc53cb
docker_image_id: sha256:c7cb8c47c64952beb4dc7e1b4b0edaf95b0fa5cc1af3f796e073e4190413ec9e
exit_code: 0
job_id: scfp467fhwdqpnss
run_by_user: wjchulme
created_at: 2021-03-08T23:14:25Z
started_at: 2021-03-09T02:11:55Z
completed_at: 2021-03-09T03:43:31Z

Completed successfully

outputs:
  output/over80s/postest/any/sex/dose1/data_weights.rds       - highly_sensitive    
  output/over80s/postest/any/sex/dose1/histogram_weights.svg  - moderately_sensitive
  output/over80s/postest/any/sex/dose1/model0.rds             - highly_sensitive    
  output/over80s/postest/any/sex/dose1/model1.rds             - highly_sensitive    
  output/over80s/postest/any/sex/dose1/model4.rds             - highly_sensitive    
  output/over80s/postest/any/sex/dose1/model_vax1.rds         - highly_sensitive    
  output/over80s/postest/any/sex/dose1/model_vax1_fxd.rds     - highly_sensitive    
  output/over80s/postest/any/sex/dose1/weights.txt            - moderately_sensitive