2021-04-19T00:32:01.002798600Z -- Attaching packages --------------------------------------- tidyverse 1.3.0 --
2021-04-19T00:32:01.014398700Z v ggplot2 3.3.2     v purrr   0.3.4
2021-04-19T00:32:01.014515500Z v tibble  3.0.3     v dplyr   1.0.2
2021-04-19T00:32:01.014525900Z v tidyr   1.1.2     v stringr 1.4.0
2021-04-19T00:32:01.014533400Z v readr   1.3.1     v forcats 0.5.0
2021-04-19T00:32:01.296955100Z -- Conflicts ------------------------------------------ tidyverse_conflicts() --
2021-04-19T00:32:01.297059100Z x dplyr::filter() masks stats::filter()
2021-04-19T00:32:01.297067200Z x dplyr::lag()    masks stats::lag()
2021-04-19T00:32:01.332261500Z 
2021-04-19T00:32:01.332399900Z Attaching package: 'glue'
2021-04-19T00:32:01.332408800Z 
2021-04-19T00:32:01.334050900Z The following object is masked from 'package:dplyr':
2021-04-19T00:32:01.334135200Z 
2021-04-19T00:32:01.334144300Z     collapse
2021-04-19T00:32:01.334151600Z 
2021-04-19T00:32:04.227864700Z 
2021-04-19T00:32:04.227976900Z Attaching package: 'lubridate'
2021-04-19T00:32:04.227986000Z 
2021-04-19T00:32:04.228527200Z The following objects are masked from 'package:base':
2021-04-19T00:32:04.228553500Z 
2021-04-19T00:32:04.228562400Z     date, intersect, setdiff, union
2021-04-19T00:32:04.228570000Z 
2021-04-19T00:32:04.720386500Z <environment: R_GlobalEnv>
2021-04-19T00:32:04.721115500Z <environment: R_GlobalEnv>
2021-04-19T00:32:39.086648500Z data_pt data size = 7668184 
2021-04-19T00:32:39.089251900Z   memory usage = 3.006 GB 
2021-04-19T00:32:39.647575800Z     
2021-04-19T00:32:39.647671800Z all   
2021-04-19T00:32:39.647681300Z   
2021-04-19T00:32:49.322691200Z   
2021-04-19T00:44:56.755375300Z vaxany1  vaxany1 data size = 5377253 
2021-04-19T00:45:07.699844000Z memory usage = 5.357 GB 
2021-04-19T00:45:07.699939500Z   
2021-04-19T00:53:27.450703800Z vaxany1_fxd  vaxany1_fxd data size = 5377253 
2021-04-19T00:53:39.839927300Z memory usage = 4.475 GB 
2021-04-19T00:57:38.570474100Z   
2021-04-19T01:33:16.887870700Z death  death data size = 7668184 
2021-04-19T01:33:41.419055500Z memory usage = 7.67 GB 
2021-04-19T01:33:41.419190800Z   
2021-04-19T01:57:02.763331500Z death_fxd  death_fxd data size = 7668184 
2021-04-19T01:57:27.839303100Z memory usage = 6.381 GB 
2021-04-19T02:03:31.211299200Z Saving 7 x 7 in image
2021-04-19T02:03:35.149413700Z `stat_bin()` using `bins = 30`. Pick better value with `binwidth`.
2021-04-19T02:03:45.138326100Z   
2021-04-19T02:03:45.138707900Z data_weights data size = 7668184   
2021-04-19T02:03:45.139622900Z memory usage = 1.166 GB   
2021-04-19T02:04:10.973734300Z   
2021-04-19T02:04:10.973863400Z msmmod0 
2021-04-19T02:05:25.370094700Z MODEL INFO:
2021-04-19T02:05:25.370223500Z Observations: 7668184
2021-04-19T02:05:25.370232900Z Dependent Variable: 
2021-04-19T02:05:25.370285800Z Type: Generalized linear model
2021-04-19T02:05:25.370298400Z   Family: binomial 
2021-04-19T02:05:25.370306000Z   Link function: logit 
2021-04-19T02:05:25.370313700Z 
2021-04-19T02:05:25.373614600Z MODEL FIT:
2021-04-19T02:05:25.373726700Z <U+03C7><U+00B2>(6) = 58.731, p = 0.000
2021-04-19T02:05:25.373737700Z Pseudo-R<U+00B2> (Cragg-Uhler) = 
2021-04-19T02:05:25.373745800Z Pseudo-R<U+00B2> (McFadden) = 0.012
2021-04-19T02:05:25.373753800Z AIC = 4724.490, BIC = 4821.458 
2021-04-19T02:05:25.373761500Z 
2021-04-19T02:05:25.373964200Z Standard errors: MLE
2021-04-19T02:05:25.431482200Z ---------------------------------------------------------------------
2021-04-19T02:05:25.431597900Z                                     Est.      S.E.     z val.       p
2021-04-19T02:05:25.431607500Z ------------------------------ --------- --------- ---------- -------
2021-04-19T02:05:25.431615300Z (Intercept)                      -10.267     0.073   -140.390   0.000
2021-04-19T02:05:25.431623500Z timesincevax_pw(0,3]             -14.300   247.948     -0.058   0.954
2021-04-19T02:05:25.431631100Z timesincevax_pw(3,7]              -2.555     1.003     -2.548   0.011
2021-04-19T02:05:25.431639000Z timesincevax_pw(7,14]             -0.872     0.341     -2.556   0.011
2021-04-19T02:05:25.431646700Z timesincevax_pw(14,21]            -1.228     0.453     -2.710   0.007
2021-04-19T02:05:25.431654700Z timesincevax_pw(21,28]            -1.236     0.582     -2.124   0.034
2021-04-19T02:05:25.431662300Z timesincevax_pw(28, Inf]          -1.406     0.711     -1.978   0.048
2021-04-19T02:05:25.431670200Z ---------------------------------------------------------------------
2021-04-19T02:05:25.432348100Z msmmod0_par data size = 7668184 
2021-04-19T02:05:45.756605900Z memory usage = 4.448 GB 
2021-04-19T02:06:57.363508300Z   
2021-04-19T02:06:57.363621900Z msmmod1 
2021-04-19T02:09:29.744777000Z MODEL INFO:
2021-04-19T02:09:29.744889800Z Observations: 7668184
2021-04-19T02:09:29.744899500Z Dependent Variable: 
2021-04-19T02:09:29.744907400Z Type: Generalized linear model
2021-04-19T02:09:29.744915100Z   Family: binomial 
2021-04-19T02:09:29.744925900Z   Link function: logit 
2021-04-19T02:09:29.744933800Z 
2021-04-19T02:09:29.746600200Z MODEL FIT:
2021-04-19T02:09:29.746630900Z <U+03C7><U+00B2>(17) = 134.828, p = 0.000
2021-04-19T02:09:29.746641000Z Pseudo-R<U+00B2> (Cragg-Uhler) = 
2021-04-19T02:09:29.746648500Z Pseudo-R<U+00B2> (McFadden) = 0.028
2021-04-19T02:09:29.746655600Z AIC = 4670.394, BIC = 4919.740 
2021-04-19T02:09:29.746662600Z 
2021-04-19T02:09:29.746841800Z Standard errors: MLE
2021-04-19T02:09:29.810724300Z --------------------------------------------------------------------
2021-04-19T02:09:29.810829400Z                                      Est.      S.E.   z val.       p
2021-04-19T02:09:29.810840000Z ------------------------------- --------- --------- -------- -------
2021-04-19T02:09:29.810847400Z (Intercept)                       -38.148    55.995   -0.681   0.496
2021-04-19T02:09:29.810854700Z timesincevax_pw(0,3]              -14.273   242.949   -0.059   0.953
2021-04-19T02:09:29.810861700Z timesincevax_pw(3,7]               -2.568     1.003   -2.561   0.010
2021-04-19T02:09:29.810868900Z timesincevax_pw(7,14]              -0.893     0.341   -2.615   0.009
2021-04-19T02:09:29.810896600Z timesincevax_pw(14,21]             -1.301     0.454   -2.867   0.004
2021-04-19T02:09:29.810905500Z timesincevax_pw(21,28]             -1.393     0.583   -2.389   0.017
2021-04-19T02:09:29.810912600Z timesincevax_pw(28, Inf]           -1.686     0.715   -2.360   0.018
2021-04-19T02:09:29.810920000Z poly(age, degree = 2, raw =         0.635     1.503    0.422   0.673
2021-04-19T02:09:29.810927100Z TRUE)1                                                              
2021-04-19T02:09:29.810934400Z poly(age, degree = 2, raw =        -0.003     0.010   -0.346   0.729
2021-04-19T02:09:29.810941400Z TRUE)2                                                              
2021-04-19T02:09:29.810948600Z sexMale                             0.703     0.145    4.842   0.000
2021-04-19T02:09:29.810955700Z imd2                                0.055     0.204    0.268   0.789
2021-04-19T02:09:29.810982900Z imd3                               -0.481     0.218   -2.210   0.027
2021-04-19T02:09:29.810990400Z imd4                               -0.746     0.234   -3.190   0.001
2021-04-19T02:09:29.810997700Z imd5 least deprived                -0.737     0.234   -3.147   0.002
2021-04-19T02:09:29.811004700Z ethnicityBlack                      0.807     0.456    1.768   0.077
2021-04-19T02:09:29.811012000Z ethnicitySouth Asian                0.426     0.326    1.306   0.192
2021-04-19T02:09:29.811019000Z ethnicityMixed                    -14.036   842.723   -0.017   0.987
2021-04-19T02:09:29.811026300Z ethnicityOther                      0.162     0.711    0.228   0.820
2021-04-19T02:09:29.811034500Z --------------------------------------------------------------------
2021-04-19T02:09:29.811062200Z msmmod1_par data size = 7668184 
2021-04-19T02:09:44.666833000Z memory usage = 4.448 GB 
2021-04-19T02:10:55.804728800Z   
2021-04-19T02:10:55.804809600Z msmmod2 
2021-04-19T02:20:26.165367800Z MODEL INFO:
2021-04-19T02:20:26.165478000Z Observations: 7668184
2021-04-19T02:20:26.165487400Z Dependent Variable: 
2021-04-19T02:20:26.165497900Z Type: Generalized linear model
2021-04-19T02:20:26.165505600Z   Family: binomial 
2021-04-19T02:20:26.165512900Z   Link function: logit 
2021-04-19T02:20:26.165520300Z 
2021-04-19T02:20:26.167686700Z MODEL FIT:
2021-04-19T02:20:26.167776000Z <U+03C7><U+00B2>(40) = 321.978, p = 0.000
2021-04-19T02:20:26.167787800Z Pseudo-R<U+00B2> (Cragg-Uhler) = 
2021-04-19T02:20:26.167795700Z Pseudo-R<U+00B2> (McFadden) = 0.068
2021-04-19T02:20:26.167803300Z AIC = 4529.243, BIC = 5097.199 
2021-04-19T02:20:26.167810900Z 
2021-04-19T02:20:26.167852200Z Standard errors: MLE
2021-04-19T02:20:26.309829700Z -----------------------------------------------------------------------
2021-04-19T02:20:26.309911700Z                                        Est.       S.E.   z val.       p
2021-04-19T02:20:26.309921700Z --------------------------------- --------- ---------- -------- -------
2021-04-19T02:20:26.309929300Z (Intercept)                         -38.548     55.929   -0.689   0.491
2021-04-19T02:20:26.309936900Z timesincevax_pw(0,3]                -14.194    234.372   -0.061   0.952
2021-04-19T02:20:26.309944500Z timesincevax_pw(3,7]                 -2.559      1.003   -2.552   0.011
2021-04-19T02:20:26.309952000Z timesincevax_pw(7,14]                -0.882      0.342   -2.583   0.010
2021-04-19T02:20:26.309959700Z timesincevax_pw(14,21]               -1.287      0.454   -2.838   0.005
2021-04-19T02:20:26.309967500Z timesincevax_pw(21,28]               -1.380      0.583   -2.367   0.018
2021-04-19T02:20:26.309975000Z timesincevax_pw(28, Inf]             -1.660      0.714   -2.324   0.020
2021-04-19T02:20:26.309982500Z poly(age, degree = 2, raw =           0.641      1.502    0.427   0.670
2021-04-19T02:20:26.309989900Z TRUE)1                                                                 
2021-04-19T02:20:26.309997400Z poly(age, degree = 2, raw =          -0.004      0.010   -0.369   0.712
2021-04-19T02:20:26.310004800Z TRUE)2                                                                 
2021-04-19T02:20:26.310012300Z sexMale                               0.612      0.149    4.116   0.000
2021-04-19T02:20:26.310019700Z imd2                                  0.234      0.206    1.138   0.255
2021-04-19T02:20:26.310027200Z imd3                                 -0.194      0.221   -0.881   0.378
2021-04-19T02:20:26.310034600Z imd4                                 -0.425      0.237   -1.792   0.073
2021-04-19T02:20:26.310042100Z imd5 least deprived                  -0.360      0.239   -1.507   0.132
2021-04-19T02:20:26.310084400Z ethnicityBlack                        0.965      0.460    2.098   0.036
2021-04-19T02:20:26.310092500Z ethnicitySouth Asian                  0.481      0.334    1.441   0.149
2021-04-19T02:20:26.310099500Z ethnicityMixed                      -13.968    813.270   -0.017   0.986
2021-04-19T02:20:26.310106400Z ethnicityOther                        0.318      0.713    0.446   0.656
2021-04-19T02:20:26.310113500Z bmiObese I (30-34.9)                  0.151      0.186    0.813   0.416
2021-04-19T02:20:26.310120500Z bmiObese II (35-39.9)                 0.709      0.229    3.093   0.002
2021-04-19T02:20:26.310127400Z bmiObese III (40+)                    1.126      0.283    3.981   0.000
2021-04-19T02:20:26.310134400Z chronic_cardiac_disease              -0.775      0.525   -1.476   0.140
2021-04-19T02:20:26.310141200Z heart_failure                         0.579      0.261    2.223   0.026
2021-04-19T02:20:26.310149700Z other_heart_disease                   1.072      0.496    2.159   0.031
2021-04-19T02:20:26.310157000Z dialysis                              0.834      0.722    1.154   0.248
2021-04-19T02:20:26.310163900Z diabetes                              0.320      0.154    2.083   0.037
2021-04-19T02:20:26.310170800Z chronic_liver_disease                 1.071      0.346    3.093   0.002
2021-04-19T02:20:26.310177600Z current_copd                          0.641      0.180    3.567   0.000
2021-04-19T02:20:26.310184600Z other_resp_conditions                 0.826      0.218    3.789   0.000
2021-04-19T02:20:26.310191400Z lung_cancer                           0.332      0.517    0.643   0.520
2021-04-19T02:20:26.310198500Z haematological_cancer                 0.139      0.461    0.302   0.763
2021-04-19T02:20:26.310205500Z cancer_excl_lung_and_haem             0.528      0.174    3.041   0.002
2021-04-19T02:20:26.310212400Z chemo_or_radio                        0.476      0.292    1.632   0.103
2021-04-19T02:20:26.310219300Z permanant_immunosuppression         -14.267   1435.853   -0.010   0.992
2021-04-19T02:20:26.310226200Z asplenia                              1.149      0.715    1.608   0.108
2021-04-19T02:20:26.310233000Z dmards                                0.450      0.291    1.544   0.122
2021-04-19T02:20:26.310240000Z dementia                              1.584      0.210    7.540   0.000
2021-04-19T02:20:26.310247000Z other_neuro_conditions                0.716      0.305    2.348   0.019
2021-04-19T02:20:26.310253800Z LD_incl_DS_and_CP                     1.557      0.593    2.626   0.009
2021-04-19T02:20:26.310260900Z psychosis_schiz_bipolar               0.567      0.422    1.346   0.178
2021-04-19T02:20:26.310267800Z flu_vaccine                           0.187      0.220    0.850   0.395
2021-04-19T02:20:26.310274700Z -----------------------------------------------------------------------
2021-04-19T02:20:26.310332100Z msmmod2_par data size = 7668184 
2021-04-19T02:20:47.727174600Z memory usage = 4.448 GB 
2021-04-19T02:21:58.387494300Z   
2021-04-19T02:21:58.387586600Z msmmod3 
2021-04-19T02:50:15.740354900Z MODEL INFO:
2021-04-19T02:50:15.740474200Z Observations: 7668184
2021-04-19T02:50:15.740483700Z Dependent Variable: 
2021-04-19T02:50:15.740491100Z Type: Generalized linear model
2021-04-19T02:50:15.740498800Z   Family: binomial 
2021-04-19T02:50:15.740506000Z   Link function: logit 
2021-04-19T02:50:15.740513500Z 
2021-04-19T02:50:15.742109700Z MODEL FIT:
2021-04-19T02:50:15.742140300Z <U+03C7><U+00B2>(84) = 557.859, p = 0.000
2021-04-19T02:50:15.742150800Z Pseudo-R<U+00B2> (Cragg-Uhler) = 
2021-04-19T02:50:15.742159000Z Pseudo-R<U+00B2> (McFadden) = 0.117
2021-04-19T02:50:15.742166600Z AIC = 4381.362, BIC = 5558.833 
2021-04-19T02:50:15.742174200Z 
2021-04-19T02:50:15.742340900Z Standard errors: MLE
2021-04-19T02:50:16.030430400Z -----------------------------------------------------------------------
2021-04-19T02:50:16.030508600Z                                        Est.       S.E.   z val.       p
2021-04-19T02:50:16.030518300Z --------------------------------- --------- ---------- -------- -------
2021-04-19T02:50:16.030527000Z (Intercept)                         -41.261     56.800   -0.726   0.468
2021-04-19T02:50:16.030535300Z timesincevax_pw(0,3]                -15.012    230.203   -0.065   0.948
2021-04-19T02:50:16.030543000Z timesincevax_pw(3,7]                 -3.511      1.008   -3.484   0.000
2021-04-19T02:50:16.030550600Z timesincevax_pw(7,14]                -1.991      0.367   -5.419   0.000
2021-04-19T02:50:16.030557900Z timesincevax_pw(14,21]               -2.555      0.488   -5.230   0.000
2021-04-19T02:50:16.030565400Z timesincevax_pw(21,28]               -2.797      0.624   -4.482   0.000
2021-04-19T02:50:16.030572800Z timesincevax_pw(28, Inf]             -3.175      0.755   -4.208   0.000
2021-04-19T02:50:16.030580200Z poly(age, degree = 2, raw =           0.547      1.524    0.359   0.720
2021-04-19T02:50:16.030587400Z TRUE)1                                                                 
2021-04-19T02:50:16.030594900Z poly(age, degree = 2, raw =          -0.003      0.010   -0.280   0.779
2021-04-19T02:50:16.030602200Z TRUE)2                                                                 
2021-04-19T02:50:16.030609700Z sexMale                               0.630      0.149    4.239   0.000
2021-04-19T02:50:16.030617000Z imd2                                  0.337      0.210    1.610   0.107
2021-04-19T02:50:16.030624400Z imd3                                 -0.079      0.227   -0.348   0.728
2021-04-19T02:50:16.030631700Z imd4                                 -0.258      0.244   -1.059   0.290
2021-04-19T02:50:16.030639300Z imd5 least deprived                  -0.221      0.245   -0.901   0.367
2021-04-19T02:50:16.030688400Z ethnicityBlack                        0.732      0.472    1.551   0.121
2021-04-19T02:50:16.030696900Z ethnicitySouth Asian                  0.296      0.344    0.861   0.389
2021-04-19T02:50:16.030703900Z ethnicityMixed                      -13.963    757.944   -0.018   0.985
2021-04-19T02:50:16.030711000Z ethnicityOther                        0.268      0.718    0.374   0.709
2021-04-19T02:50:16.030717900Z bmiObese I (30-34.9)                  0.165      0.187    0.880   0.379
2021-04-19T02:50:16.030727400Z bmiObese II (35-39.9)                 0.699      0.229    3.048   0.002
2021-04-19T02:50:16.030734200Z bmiObese III (40+)                    1.081      0.284    3.807   0.000
2021-04-19T02:50:16.030741200Z chronic_cardiac_disease              -0.771      0.525   -1.468   0.142
2021-04-19T02:50:16.030748300Z heart_failure                         0.602      0.261    2.307   0.021
2021-04-19T02:50:16.030756900Z other_heart_disease                   1.080      0.497    2.174   0.030
2021-04-19T02:50:16.030764200Z dialysis                              1.010      0.720    1.401   0.161
2021-04-19T02:50:16.030771500Z diabetes                              0.335      0.154    2.168   0.030
2021-04-19T02:50:16.030778300Z chronic_liver_disease                 1.145      0.348    3.289   0.001
2021-04-19T02:50:16.030785300Z current_copd                          0.649      0.180    3.613   0.000
2021-04-19T02:50:16.030792000Z other_resp_conditions                 0.806      0.218    3.699   0.000
2021-04-19T02:50:16.030799000Z lung_cancer                           0.358      0.516    0.693   0.488
2021-04-19T02:50:16.030805800Z haematological_cancer                 0.175      0.460    0.381   0.703
2021-04-19T02:50:16.030813000Z cancer_excl_lung_and_haem             0.525      0.174    3.013   0.003
2021-04-19T02:50:16.030819800Z chemo_or_radio                        0.492      0.292    1.689   0.091
2021-04-19T02:50:16.030827300Z permanant_immunosuppression         -14.206   1355.055   -0.010   0.992
2021-04-19T02:50:16.030834100Z asplenia                              1.133      0.717    1.580   0.114
2021-04-19T02:50:16.030841200Z dmards                                0.449      0.292    1.539   0.124
2021-04-19T02:50:16.030847900Z dementia                              1.518      0.210    7.215   0.000
2021-04-19T02:50:16.030855000Z other_neuro_conditions                0.749      0.304    2.463   0.014
2021-04-19T02:50:16.030862000Z LD_incl_DS_and_CP                     1.377      0.595    2.316   0.021
2021-04-19T02:50:16.030869000Z psychosis_schiz_bipolar               0.524      0.422    1.240   0.215
2021-04-19T02:50:16.030875900Z flu_vaccine                           0.327      0.222    1.472   0.141
2021-04-19T02:50:16.030882600Z ns(tstop, df = 4)1                    5.626      1.865    3.017   0.003
2021-04-19T02:50:16.030889600Z ns(tstop, df = 4)2                    3.816      1.555    2.454   0.014
2021-04-19T02:50:16.030904900Z ns(tstop, df = 4)3                   10.813      4.232    2.555   0.011
2021-04-19T02:50:16.030912800Z ns(tstop, df = 4)4                    3.770      0.880    4.282   0.000
2021-04-19T02:50:16.030919900Z regionEast Midlands                  -7.881      7.751   -1.017   0.309
2021-04-19T02:50:16.030926800Z regionLondon                         -8.842     11.902   -0.743   0.458
2021-04-19T02:50:16.030933600Z regionNorth East                      1.226      4.308    0.285   0.776
2021-04-19T02:50:16.030940600Z regionNorth West                      1.643      2.918    0.563   0.573
2021-04-19T02:50:16.030947700Z regionSouth East                    -34.534     30.526   -1.131   0.258
2021-04-19T02:50:16.030954700Z regionSouth West                     -4.121      8.130   -0.507   0.612
2021-04-19T02:50:16.030962000Z regionWest Midlands                 -22.533     17.864   -1.261   0.207
2021-04-19T02:50:16.030969000Z regionYorkshire and The               2.487      2.702    0.920   0.357
2021-04-19T02:50:16.030975900Z Humber                                                                 
2021-04-19T02:50:16.030982900Z ns(tstop, df =                        6.839      7.344    0.931   0.352
2021-04-19T02:50:16.030989800Z 4)1:regionEast Midlands                                                
2021-04-19T02:50:16.030996800Z ns(tstop, df =                        6.997      5.553    1.260   0.208
2021-04-19T02:50:16.031003700Z 4)2:regionEast Midlands                                                
2021-04-19T02:50:16.031010900Z ns(tstop, df =                       14.247     15.312    0.930   0.352
2021-04-19T02:50:16.031017900Z 4)3:regionEast Midlands                                                
2021-04-19T02:50:16.031024700Z ns(tstop, df =                        1.357      2.875    0.472   0.637
2021-04-19T02:50:16.031031500Z 4)4:regionEast Midlands                                                
2021-04-19T02:50:16.031038300Z ns(tstop, df =                        7.136     10.970    0.650   0.515
2021-04-19T02:50:16.031045300Z 4)1:regionLondon                                                       
2021-04-19T02:50:16.031052500Z ns(tstop, df =                        6.108      8.725    0.700   0.484
2021-04-19T02:50:16.031059300Z 4)2:regionLondon                                                       
2021-04-19T02:50:16.031066200Z ns(tstop, df =                       16.433     23.797    0.691   0.490
2021-04-19T02:50:16.031073200Z 4)3:regionLondon                                                       
2021-04-19T02:50:16.031080300Z ns(tstop, df =                        0.235      4.379    0.054   0.957
2021-04-19T02:50:16.031087400Z 4)4:regionLondon                                                       
2021-04-19T02:50:16.031095200Z ns(tstop, df =                       -3.024      4.062   -0.745   0.456
2021-04-19T02:50:16.031102200Z 4)1:regionNorth East                                                   
2021-04-19T02:50:16.031121800Z ns(tstop, df =                        0.681      3.219    0.211   0.833
2021-04-19T02:50:16.031129500Z 4)2:regionNorth East                                                   
2021-04-19T02:50:16.031137000Z ns(tstop, df =                       -3.259      9.269   -0.352   0.725
2021-04-19T02:50:16.031144100Z 4)3:regionNorth East                                                   
2021-04-19T02:50:16.031151400Z ns(tstop, df =                       -0.484      2.085   -0.232   0.817
2021-04-19T02:50:16.031159000Z 4)4:regionNorth East                                                   
2021-04-19T02:50:16.031166200Z ns(tstop, df =                       -2.825      2.710   -1.043   0.297
2021-04-19T02:50:16.031173200Z 4)1:regionNorth West                                                   
2021-04-19T02:50:16.031181200Z ns(tstop, df =                       -1.578      2.305   -0.685   0.494
2021-04-19T02:50:16.031188700Z 4)2:regionNorth West                                                   
2021-04-19T02:50:16.031195800Z ns(tstop, df =                       -2.879      6.249   -0.461   0.645
2021-04-19T02:50:16.031202700Z 4)3:regionNorth West                                                   
2021-04-19T02:50:16.031210000Z ns(tstop, df =                        0.488      1.279    0.381   0.703
2021-04-19T02:50:16.031217000Z 4)4:regionNorth West                                                   
2021-04-19T02:50:16.031224100Z ns(tstop, df =                       30.372     28.915    1.050   0.294
2021-04-19T02:50:16.031231200Z 4)1:regionSouth East                                                   
2021-04-19T02:50:16.031239200Z ns(tstop, df =                       28.338     22.518    1.258   0.208
2021-04-19T02:50:16.031246400Z 4)2:regionSouth East                                                   
2021-04-19T02:50:16.031253700Z ns(tstop, df =                       59.721     57.212    1.044   0.297
2021-04-19T02:50:16.031260600Z 4)3:regionSouth East                                                   
2021-04-19T02:50:16.031267500Z ns(tstop, df =                       -2.556     12.009   -0.213   0.831
2021-04-19T02:50:16.031274400Z 4)4:regionSouth East                                                   
2021-04-19T02:50:16.031281500Z ns(tstop, df =                        2.449      7.572    0.323   0.746
2021-04-19T02:50:16.031288700Z 4)1:regionSouth West                                                   
2021-04-19T02:50:16.031296100Z ns(tstop, df =                        2.366      5.851    0.404   0.686
2021-04-19T02:50:16.031303300Z 4)2:regionSouth West                                                   
2021-04-19T02:50:16.031310200Z ns(tstop, df =                        6.250     16.454    0.380   0.704
2021-04-19T02:50:16.031317000Z 4)3:regionSouth West                                                   
2021-04-19T02:50:16.031323900Z ns(tstop, df =                        1.948      2.921    0.667   0.505
2021-04-19T02:50:16.031330700Z 4)4:regionSouth West                                                   
2021-04-19T02:50:16.031344500Z ns(tstop, df =                       21.026     16.929    1.242   0.214
2021-04-19T02:50:16.031352600Z 4)1:regionWest Midlands                                                
2021-04-19T02:50:16.031359900Z ns(tstop, df =                       18.820     13.054    1.442   0.149
2021-04-19T02:50:16.031367400Z 4)2:regionWest Midlands                                                
2021-04-19T02:50:16.031374500Z ns(tstop, df =                       42.060     34.192    1.230   0.219
2021-04-19T02:50:16.031381700Z 4)3:regionWest Midlands                                                
2021-04-19T02:50:16.031389900Z ns(tstop, df =                        0.859      6.883    0.125   0.901
2021-04-19T02:50:16.031397400Z 4)4:regionWest Midlands                                                
2021-04-19T02:50:16.031405000Z ns(tstop, df =                       -3.806      2.591   -1.469   0.142
2021-04-19T02:50:16.031412000Z 4)1:regionYorkshire and The                                            
2021-04-19T02:50:16.031419200Z Humber                                                                 
2021-04-19T02:50:16.031426100Z ns(tstop, df =                       -0.620      2.118   -0.293   0.770
2021-04-19T02:50:16.031433900Z 4)2:regionYorkshire and The                                            
2021-04-19T02:50:16.031441500Z Humber                                                                 
2021-04-19T02:50:16.031449200Z ns(tstop, df =                       -6.849      5.909   -1.159   0.246
2021-04-19T02:50:16.031457300Z 4)3:regionYorkshire and The                                            
2021-04-19T02:50:16.031464600Z Humber                                                                 
2021-04-19T02:50:16.031471700Z ns(tstop, df =                        0.181      1.464    0.124   0.901
2021-04-19T02:50:16.031478900Z 4)4:regionYorkshire and The                                            
2021-04-19T02:50:16.031485800Z Humber                                                                 
2021-04-19T02:50:16.031493200Z -----------------------------------------------------------------------
2021-04-19T02:50:16.031500700Z msmmod3_par data size = 7668184 
2021-04-19T02:50:33.829482300Z memory usage = 4.448 GB 
2021-04-19T02:52:11.261642000Z   
2021-04-19T02:52:11.261724700Z msmmod4 
2021-04-19T03:20:15.235561900Z MODEL INFO:
2021-04-19T03:20:15.235689600Z Observations: 7668184
2021-04-19T03:20:15.235702200Z Dependent Variable: 
2021-04-19T03:20:15.235710200Z Type: Generalized linear model
2021-04-19T03:20:15.235717600Z   Family: binomial 
2021-04-19T03:20:15.235725100Z   Link function: logit 
2021-04-19T03:20:15.235733800Z 
2021-04-19T03:20:15.237587000Z MODEL FIT:
2021-04-19T03:20:15.237710300Z <U+03C7><U+00B2>(84) = 431.251, p = 0.000
2021-04-19T03:20:15.237720100Z Pseudo-R<U+00B2> (Cragg-Uhler) = 
2021-04-19T03:20:15.237727200Z Pseudo-R<U+00B2> (McFadden) = 0.109
2021-04-19T03:20:15.237734200Z AIC = 3777.958, BIC = 4955.429 
2021-04-19T03:20:15.237740800Z 
2021-04-19T03:20:15.237747600Z Standard errors: MLE
2021-04-19T03:20:15.513176200Z -----------------------------------------------------------------------
2021-04-19T03:20:15.513276000Z                                        Est.       S.E.   z val.       p
2021-04-19T03:20:15.513285700Z --------------------------------- --------- ---------- -------- -------
2021-04-19T03:20:15.513293100Z (Intercept)                         -59.127     62.847   -0.941   0.347
2021-04-19T03:20:15.513300200Z timesincevax_pw(0,3]                -14.300    228.876   -0.062   0.950
2021-04-19T03:20:15.513307300Z timesincevax_pw(3,7]                 -2.659      1.018   -2.613   0.009
2021-04-19T03:20:15.513314700Z timesincevax_pw(7,14]                -0.763      0.374   -2.043   0.041
2021-04-19T03:20:15.513321800Z timesincevax_pw(14,21]               -1.178      0.514   -2.291   0.022
2021-04-19T03:20:15.513329000Z timesincevax_pw(21,28]               -1.245      0.656   -1.897   0.058
2021-04-19T03:20:15.513336200Z timesincevax_pw(28, Inf]             -1.552      0.778   -1.995   0.046
2021-04-19T03:20:15.513343200Z poly(age, degree = 2, raw =           1.079      1.688    0.639   0.523
2021-04-19T03:20:15.513350300Z TRUE)1                                                                 
2021-04-19T03:20:15.513357200Z poly(age, degree = 2, raw =          -0.007      0.011   -0.592   0.554
2021-04-19T03:20:15.513364200Z TRUE)2                                                                 
2021-04-19T03:20:15.513371800Z sexMale                               0.591      0.165    3.587   0.000
2021-04-19T03:20:15.513378700Z imd2                                  0.314      0.227    1.386   0.166
2021-04-19T03:20:15.513385600Z imd3                                 -0.171      0.249   -0.684   0.494
2021-04-19T03:20:15.513392500Z imd4                                 -0.389      0.271   -1.433   0.152
2021-04-19T03:20:15.513399500Z imd5 least deprived                  -0.363      0.274   -1.326   0.185
2021-04-19T03:20:15.513406300Z ethnicityBlack                        1.064      0.481    2.214   0.027
2021-04-19T03:20:15.513413300Z ethnicitySouth Asian                  0.442      0.368    1.203   0.229
2021-04-19T03:20:15.513420300Z ethnicityMixed                      -13.668    769.953   -0.018   0.986
2021-04-19T03:20:15.513427300Z ethnicityOther                        0.468      0.740    0.633   0.527
2021-04-19T03:20:15.513434200Z bmiObese I (30-34.9)                  0.200      0.206    0.974   0.330
2021-04-19T03:20:15.513441100Z bmiObese II (35-39.9)                 0.747      0.249    3.001   0.003
2021-04-19T03:20:15.513477700Z bmiObese III (40+)                    1.231      0.296    4.162   0.000
2021-04-19T03:20:15.513485600Z chronic_cardiac_disease              -0.657      0.565   -1.162   0.245
2021-04-19T03:20:15.513492400Z heart_failure                         0.582      0.282    2.064   0.039
2021-04-19T03:20:15.513501200Z other_heart_disease                   1.037      0.534    1.941   0.052
2021-04-19T03:20:15.513508600Z dialysis                              1.217      0.708    1.718   0.086
2021-04-19T03:20:15.513515800Z diabetes                              0.455      0.170    2.685   0.007
2021-04-19T03:20:15.513522800Z chronic_liver_disease                 1.377      0.349    3.948   0.000
2021-04-19T03:20:15.513529900Z current_copd                          0.675      0.198    3.411   0.001
2021-04-19T03:20:15.513537000Z other_resp_conditions                 0.830      0.240    3.454   0.001
2021-04-19T03:20:15.513544100Z lung_cancer                          -0.041      0.702   -0.058   0.954
2021-04-19T03:20:15.513551100Z haematological_cancer                 0.229      0.500    0.458   0.647
2021-04-19T03:20:15.513558300Z cancer_excl_lung_and_haem             0.464      0.197    2.358   0.018
2021-04-19T03:20:15.513565600Z chemo_or_radio                        0.516      0.331    1.560   0.119
2021-04-19T03:20:15.513573000Z permanant_immunosuppression         -14.028   1361.232   -0.010   0.992
2021-04-19T03:20:15.513580100Z asplenia                              1.317      0.716    1.840   0.066
2021-04-19T03:20:15.513587400Z dmards                                0.377      0.327    1.153   0.249
2021-04-19T03:20:15.513594600Z dementia                              1.414      0.245    5.765   0.000
2021-04-19T03:20:15.513601600Z other_neuro_conditions                0.783      0.336    2.332   0.020
2021-04-19T03:20:15.513608700Z LD_incl_DS_and_CP                     1.625      0.615    2.640   0.008
2021-04-19T03:20:15.513615700Z psychosis_schiz_bipolar               0.755      0.430    1.757   0.079
2021-04-19T03:20:15.513622900Z flu_vaccine                           0.091      0.237    0.384   0.701
2021-04-19T03:20:15.513629900Z ns(tstop, df = 4)1                    5.621      1.822    3.084   0.002
2021-04-19T03:20:15.513636900Z ns(tstop, df = 4)2                    2.891      1.613    1.792   0.073
2021-04-19T03:20:15.513643800Z ns(tstop, df = 4)3                    8.819      4.198    2.101   0.036
2021-04-19T03:20:15.513650700Z ns(tstop, df = 4)4                    1.888      1.068    1.768   0.077
2021-04-19T03:20:15.513657600Z regionEast Midlands                  -6.956      7.549   -0.921   0.357
2021-04-19T03:20:15.513664500Z regionLondon                         -6.757     10.825   -0.624   0.532
2021-04-19T03:20:15.513671400Z regionNorth East                      1.022      4.296    0.238   0.812
2021-04-19T03:20:15.513678300Z regionNorth West                      1.590      2.859    0.556   0.578
2021-04-19T03:20:15.513685200Z regionSouth East                    -33.705     31.904   -1.056   0.291
2021-04-19T03:20:15.513703000Z regionSouth West                     -5.418      9.062   -0.598   0.550
2021-04-19T03:20:15.513711200Z regionWest Midlands                 -19.992     17.758   -1.126   0.260
2021-04-19T03:20:15.513718500Z regionYorkshire and The               2.173      2.696    0.806   0.420
2021-04-19T03:20:15.513725700Z Humber                                                                 
2021-04-19T03:20:15.513732800Z ns(tstop, df =                        6.011      7.076    0.849   0.396
2021-04-19T03:20:15.513739800Z 4)1:regionEast Midlands                                                
2021-04-19T03:20:15.513746800Z ns(tstop, df =                        6.430      5.555    1.158   0.247
2021-04-19T03:20:15.513753900Z 4)2:regionEast Midlands                                                
2021-04-19T03:20:15.513762600Z ns(tstop, df =                       11.522     14.904    0.773   0.439
2021-04-19T03:20:15.513769500Z 4)3:regionEast Midlands                                                
2021-04-19T03:20:15.513776500Z ns(tstop, df =                       -0.155      3.178   -0.049   0.961
2021-04-19T03:20:15.513783600Z 4)4:regionEast Midlands                                                
2021-04-19T03:20:15.513790700Z ns(tstop, df =                        5.455      9.880    0.552   0.581
2021-04-19T03:20:15.513797700Z 4)1:regionLondon                                                       
2021-04-19T03:20:15.513804700Z ns(tstop, df =                        3.789      8.215    0.461   0.645
2021-04-19T03:20:15.513811700Z 4)2:regionLondon                                                       
2021-04-19T03:20:15.513818700Z ns(tstop, df =                       12.137     21.809    0.557   0.578
2021-04-19T03:20:15.513825700Z 4)3:regionLondon                                                       
2021-04-19T03:20:15.513832900Z ns(tstop, df =                        0.789      4.285    0.184   0.854
2021-04-19T03:20:15.513839900Z 4)4:regionLondon                                                       
2021-04-19T03:20:15.513847100Z ns(tstop, df =                       -2.991      4.046   -0.739   0.460
2021-04-19T03:20:15.513854100Z 4)1:regionNorth East                                                   
2021-04-19T03:20:15.513861000Z ns(tstop, df =                        0.713      3.289    0.217   0.828
2021-04-19T03:20:15.513868000Z 4)2:regionNorth East                                                   
2021-04-19T03:20:15.513875000Z ns(tstop, df =                       -2.020      9.288   -0.217   0.828
2021-04-19T03:20:15.513882000Z 4)3:regionNorth East                                                   
2021-04-19T03:20:15.513888900Z ns(tstop, df =                        0.824      2.080    0.396   0.692
2021-04-19T03:20:15.513896100Z 4)4:regionNorth East                                                   
2021-04-19T03:20:15.513903100Z ns(tstop, df =                       -2.722      2.649   -1.028   0.304
2021-04-19T03:20:15.513918100Z 4)1:regionNorth West                                                   
2021-04-19T03:20:15.513926300Z ns(tstop, df =                       -1.553      2.443   -0.636   0.525
2021-04-19T03:20:15.513933500Z 4)2:regionNorth West                                                   
2021-04-19T03:20:15.513940400Z ns(tstop, df =                       -2.980      6.169   -0.483   0.629
2021-04-19T03:20:15.513947700Z 4)3:regionNorth West                                                   
2021-04-19T03:20:15.513954800Z ns(tstop, df =                        0.381      1.530    0.249   0.803
2021-04-19T03:20:15.513961900Z 4)4:regionNorth West                                                   
2021-04-19T03:20:15.513968900Z ns(tstop, df =                       29.568     29.997    0.986   0.324
2021-04-19T03:20:15.513975900Z 4)1:regionSouth East                                                   
2021-04-19T03:20:15.513982900Z ns(tstop, df =                       27.892     23.963    1.164   0.244
2021-04-19T03:20:15.513990100Z 4)2:regionSouth East                                                   
2021-04-19T03:20:15.513997000Z ns(tstop, df =                       56.437     58.917    0.958   0.338
2021-04-19T03:20:15.514004100Z 4)3:regionSouth East                                                   
2021-04-19T03:20:15.514011100Z ns(tstop, df =                       -5.378     15.134   -0.355   0.722
2021-04-19T03:20:15.514018100Z 4)4:regionSouth East                                                   
2021-04-19T03:20:15.514025000Z ns(tstop, df =                        3.179      8.371    0.380   0.704
2021-04-19T03:20:15.514031900Z 4)1:regionSouth West                                                   
2021-04-19T03:20:15.514038800Z ns(tstop, df =                        3.982      6.658    0.598   0.550
2021-04-19T03:20:15.514045800Z 4)2:regionSouth West                                                   
2021-04-19T03:20:15.514052700Z ns(tstop, df =                        8.573     18.288    0.469   0.639
2021-04-19T03:20:15.514059600Z 4)3:regionSouth West                                                   
2021-04-19T03:20:15.514066400Z ns(tstop, df =                        0.874      3.532    0.247   0.805
2021-04-19T03:20:15.514073300Z 4)4:regionSouth West                                                   
2021-04-19T03:20:15.514080200Z ns(tstop, df =                       18.620     16.654    1.118   0.264
2021-04-19T03:20:15.514087100Z 4)1:regionWest Midlands                                                
2021-04-19T03:20:15.514094000Z ns(tstop, df =                       16.912     13.321    1.270   0.204
2021-04-19T03:20:15.514101000Z 4)2:regionWest Midlands                                                
2021-04-19T03:20:15.514107900Z ns(tstop, df =                       35.610     33.566    1.061   0.289
2021-04-19T03:20:15.514114800Z 4)3:regionWest Midlands                                                
2021-04-19T03:20:15.514134300Z ns(tstop, df =                       -1.833      8.512   -0.215   0.829
2021-04-19T03:20:15.514142100Z 4)4:regionWest Midlands                                                
2021-04-19T03:20:15.514149200Z ns(tstop, df =                       -3.951      2.589   -1.526   0.127
2021-04-19T03:20:15.514156200Z 4)1:regionYorkshire and The                                            
2021-04-19T03:20:15.514163400Z Humber                                                                 
2021-04-19T03:20:15.514170500Z ns(tstop, df =                       -0.102      2.237   -0.046   0.964
2021-04-19T03:20:15.514177800Z 4)2:regionYorkshire and The                                            
2021-04-19T03:20:15.514184800Z Humber                                                                 
2021-04-19T03:20:15.514191900Z ns(tstop, df =                       -5.909      5.925   -0.997   0.319
2021-04-19T03:20:15.514198900Z 4)3:regionYorkshire and The                                            
2021-04-19T03:20:15.514206000Z Humber                                                                 
2021-04-19T03:20:15.514213100Z ns(tstop, df =                       -0.062      1.753   -0.035   0.972
2021-04-19T03:20:15.514220200Z 4)4:regionYorkshire and The                                            
2021-04-19T03:20:15.514227200Z Humber                                                                 
2021-04-19T03:20:15.514234300Z -----------------------------------------------------------------------
2021-04-19T03:20:15.514241400Z msmmod4_par data size = 7668184 
2021-04-19T03:20:30.726934500Z memory usage = 4.448 GB 
2021-04-19T03:22:07.217464600Z NULL
2021-04-19T03:22:07.217571500Z   
2021-04-19T03:22:13.634358300Z              used   (Mb) gc trigger    (Mb)   max used   (Mb)
2021-04-19T03:22:13.634479300Z Ncells    2339937  125.0   10530126   562.4    2339937  125.0
2021-04-19T03:22:13.634493000Z Vcells 1218781078 9298.6 2978021249 22720.5 1218781078 9298.6
2021-04-19T03:22:13.634392700Z Warning message:
2021-04-19T03:22:13.634513400Z Removed 3171 rows containing non-finite values (stat_bin). 


state: succeeded
commit: 33f52791c8cce80c6c198db74da25e5b695f71d1
docker_image_id: sha256:c2fc5042bf86134947d83ad8e70bd926e2c1f91a263c6bfe87438ad783bec981
exit_code: 0
job_id: omz4ixq26fvmste3
run_by_user: wjchulme
created_at: 2021-04-18T20:34:39Z
started_at: 2021-04-19T00:31:57Z
completed_at: 2021-04-19T03:22:35Z

Completed successfully

outputs:
  output/in70s/coviddeath/any/all/all/data_atrisk_death.rds      - highly_sensitive
  output/in70s/coviddeath/any/all/all/data_atrisk_vaxany1.rds    - highly_sensitive
  output/in70s/coviddeath/any/all/all/data_weights.rds           - highly_sensitive
  output/in70s/coviddeath/any/all/all/model0.rds                 - highly_sensitive
  output/in70s/coviddeath/any/all/all/model1.rds                 - highly_sensitive
  output/in70s/coviddeath/any/all/all/model2.rds                 - highly_sensitive
  output/in70s/coviddeath/any/all/all/model3.rds                 - highly_sensitive
  output/in70s/coviddeath/any/all/all/model4.rds                 - highly_sensitive
  output/in70s/coviddeath/any/all/all/model_death.rds            - highly_sensitive
  output/in70s/coviddeath/any/all/all/model_formula_death.rds    - highly_sensitive
  output/in70s/coviddeath/any/all/all/model_formula_vaxany1.rds  - highly_sensitive
  output/in70s/coviddeath/any/all/all/model_vaxany1.rds          - highly_sensitive
  output/in70s/coviddeath/any/all/all/weights_histogram.svg      - highly_sensitive
  output/in70s/coviddeath/any/all/all/weights_table.txt          - highly_sensitive