2021-05-15T19:08:12.649623600Z -- Attaching packages --------------------------------------- tidyverse 1.3.0 --
2021-05-15T19:08:12.658333600Z v ggplot2 3.3.2     v purrr   0.3.4
2021-05-15T19:08:12.658362600Z v tibble  3.0.3     v dplyr   1.0.2
2021-05-15T19:08:12.658371700Z v tidyr   1.1.2     v stringr 1.4.0
2021-05-15T19:08:12.658379100Z v readr   1.3.1     v forcats 0.5.0
2021-05-15T19:08:12.821486300Z -- Conflicts ------------------------------------------ tidyverse_conflicts() --
2021-05-15T19:08:12.821562400Z x dplyr::filter() masks stats::filter()
2021-05-15T19:08:12.821570800Z x dplyr::lag()    masks stats::lag()
2021-05-15T19:08:12.834368100Z 
2021-05-15T19:08:12.834390100Z Attaching package: 'glue'
2021-05-15T19:08:12.834398200Z 
2021-05-15T19:08:12.835757200Z The following object is masked from 'package:dplyr':
2021-05-15T19:08:12.835771500Z 
2021-05-15T19:08:12.835779200Z     collapse
2021-05-15T19:08:12.835786500Z 
2021-05-15T19:08:14.902216900Z 
2021-05-15T19:08:14.902285800Z Attaching package: 'lubridate'
2021-05-15T19:08:14.902295200Z 
2021-05-15T19:08:14.902708500Z The following objects are masked from 'package:base':
2021-05-15T19:08:14.902731800Z 
2021-05-15T19:08:14.902741000Z     date, intersect, setdiff, union
2021-05-15T19:08:14.902748600Z 
2021-05-15T19:08:15.237407700Z <environment: R_GlobalEnv>
2021-05-15T19:08:15.237928000Z <environment: R_GlobalEnv>
2021-05-15T19:10:32.806349800Z data_pt data size = 7239842 
2021-05-15T19:10:32.809280000Z   memory usage = 3.36 GB 
2021-05-15T19:10:33.459561000Z     
2021-05-15T19:10:33.459656800Z all   
2021-05-15T19:10:33.459666900Z   
2021-05-15T19:10:58.489027600Z   
2021-05-15T19:26:41.779240400Z vaxpfizer1  vaxpfizer1 data size = 4071121 
2021-05-15T19:26:53.108500900Z memory usage = 3.682 GB 
2021-05-15T19:26:53.108611200Z   
2021-05-15T19:31:46.695118600Z vaxpfizer1_fxd  vaxpfizer1_fxd data size = 4071121 
2021-05-15T19:31:54.440769200Z memory usage = 3.682 GB 
2021-05-15T19:35:04.877637500Z   
2021-05-15T19:38:23.978061800Z vaxaz1  vaxaz1 data size = 1513692 
2021-05-15T19:38:27.448938900Z memory usage = 1.37 GB 
2021-05-15T19:38:27.449039000Z   
2021-05-15T19:41:12.248260800Z vaxaz1_fxd  vaxaz1_fxd data size = 1513692 
2021-05-15T19:41:15.729269100Z memory usage = 1.37 GB 
2021-05-15T19:45:04.617189800Z Saving 7 x 7 in image
2021-05-15T19:45:08.043215400Z `stat_bin()` using `bins = 30`. Pick better value with `binwidth`.
2021-05-15T19:45:13.794930800Z   
2021-05-15T19:45:13.795368000Z data_weights data size = 7239842   
2021-05-15T19:45:13.796483100Z memory usage = 1.216 GB   
2021-05-15T19:45:41.485565900Z   
2021-05-15T19:45:41.485655900Z msmmod1 
2021-05-15T19:52:46.344919100Z MODEL INFO:
2021-05-15T19:52:46.345040600Z Observations: 7239842
2021-05-15T19:52:46.345050500Z Dependent Variable: 
2021-05-15T19:52:46.345058300Z Type: Generalized linear model
2021-05-15T19:52:46.345066100Z   Family: binomial 
2021-05-15T19:52:46.345073800Z   Link function: logit 
2021-05-15T19:52:46.345081700Z 
2021-05-15T19:52:46.347644300Z MODEL FIT:
2021-05-15T19:52:46.347736100Z <U+03C7><U+00B2>(50) = 27158.046, p = 0.000
2021-05-15T19:52:46.347746600Z Pseudo-R<U+00B2> (Cragg-Uhler) = 
2021-05-15T19:52:46.347755200Z Pseudo-R<U+00B2> (McFadden) = 0.104
2021-05-15T19:52:46.347763700Z AIC = 233389.934, BIC = 234093.485 
2021-05-15T19:52:46.347772700Z 
2021-05-15T19:52:46.348008400Z Standard errors: MLE
2021-05-15T19:52:46.576638500Z -----------------------------------------------------------------
2021-05-15T19:52:46.576760100Z                                   Est.    S.E.     z val.       p
2021-05-15T19:52:46.576795600Z ----------------------------- -------- ------- ---------- -------
2021-05-15T19:52:46.576808700Z (Intercept)                     -9.385   0.087   -107.757   0.000
2021-05-15T19:52:46.576817200Z timesincevax_pw1-3              -2.593   0.130    -20.002   0.000
2021-05-15T19:52:46.576824800Z timesincevax_pw4-7              -2.277   0.089    -25.617   0.000
2021-05-15T19:52:46.576832700Z timesincevax_pw8-14             -2.136   0.057    -37.321   0.000
2021-05-15T19:52:46.576840700Z timesincevax_pw15-21            -2.047   0.050    -40.581   0.000
2021-05-15T19:52:46.576848700Z timesincevax_pw22-28            -1.965   0.047    -41.871   0.000
2021-05-15T19:52:46.576856400Z timesincevax_pw29+              -2.217   0.035    -64.138   0.000
2021-05-15T19:52:46.576864000Z ns(tstop, df = 4)1               1.299   0.093     14.029   0.000
2021-05-15T19:52:46.576871800Z ns(tstop, df = 4)2               2.569   0.088     29.114   0.000
2021-05-15T19:52:46.576879900Z ns(tstop, df = 4)3               3.094   0.208     14.871   0.000
2021-05-15T19:52:46.576887400Z ns(tstop, df = 4)4               1.661   0.091     18.335   0.000
2021-05-15T19:52:46.576896000Z regionEast Midlands              0.404   0.134      3.020   0.003
2021-05-15T19:52:46.576903700Z regionLondon                     1.510   0.238      6.336   0.000
2021-05-15T19:52:46.576911700Z regionNorth East                 1.002   0.200      5.022   0.000
2021-05-15T19:52:46.576919400Z regionNorth West                 0.572   0.187      3.069   0.002
2021-05-15T19:52:46.576927100Z regionSouth East                 1.535   0.176      8.710   0.000
2021-05-15T19:52:46.576975900Z regionSouth West                 3.242   0.135     24.042   0.000
2021-05-15T19:52:46.576984100Z regionWest Midlands              3.507   0.238     14.733   0.000
2021-05-15T19:52:46.576991300Z regionYorkshire and The         -0.685   0.147     -4.652   0.000
2021-05-15T19:52:46.576998500Z Humber                                                           
2021-05-15T19:52:46.577005500Z ns(tstop, df =                  -0.402   0.145     -2.762   0.006
2021-05-15T19:52:46.577016300Z 4)1:regionEast Midlands                                          
2021-05-15T19:52:46.577023500Z ns(tstop, df =                  -0.140   0.135     -1.037   0.300
2021-05-15T19:52:46.577030900Z 4)2:regionEast Midlands                                          
2021-05-15T19:52:46.577037900Z ns(tstop, df =                  -0.677   0.322     -2.102   0.036
2021-05-15T19:52:46.577045100Z 4)3:regionEast Midlands                                          
2021-05-15T19:52:46.577052100Z ns(tstop, df =                   0.425   0.133      3.195   0.001
2021-05-15T19:52:46.577059900Z 4)4:regionEast Midlands                                          
2021-05-15T19:52:46.577070000Z ns(tstop, df =                   0.698   0.250      2.791   0.005
2021-05-15T19:52:46.577077600Z 4)1:regionLondon                                                 
2021-05-15T19:52:46.577084900Z ns(tstop, df =                  -0.460   0.242     -1.901   0.057
2021-05-15T19:52:46.577092000Z 4)2:regionLondon                                                 
2021-05-15T19:52:46.577099300Z ns(tstop, df =                  -0.890   0.568     -1.567   0.117
2021-05-15T19:52:46.577106500Z 4)3:regionLondon                                                 
2021-05-15T19:52:46.577114000Z ns(tstop, df =                   0.004   0.249      0.016   0.987
2021-05-15T19:52:46.577121300Z 4)4:regionLondon                                                 
2021-05-15T19:52:46.577128500Z ns(tstop, df =                  -0.412   0.226     -1.818   0.069
2021-05-15T19:52:46.577135700Z 4)1:regionNorth East                                             
2021-05-15T19:52:46.577144200Z ns(tstop, df =                  -0.514   0.217     -2.374   0.018
2021-05-15T19:52:46.577151600Z 4)2:regionNorth East                                             
2021-05-15T19:52:46.577158900Z ns(tstop, df =                  -0.937   0.491     -1.906   0.057
2021-05-15T19:52:46.577166000Z 4)3:regionNorth East                                             
2021-05-15T19:52:46.577173200Z ns(tstop, df =                   0.195   0.220      0.888   0.375
2021-05-15T19:52:46.577180400Z 4)4:regionNorth East                                             
2021-05-15T19:52:46.577187500Z ns(tstop, df =                   0.229   0.197      1.163   0.245
2021-05-15T19:52:46.577194700Z 4)1:regionNorth West                                             
2021-05-15T19:52:46.577211800Z ns(tstop, df =                   0.183   0.185      0.989   0.323
2021-05-15T19:52:46.577219700Z 4)2:regionNorth West                                             
2021-05-15T19:52:46.577227300Z ns(tstop, df =                   0.756   0.443      1.707   0.088
2021-05-15T19:52:46.577235100Z 4)3:regionNorth West                                             
2021-05-15T19:52:46.577242300Z ns(tstop, df =                   0.348   0.178      1.954   0.051
2021-05-15T19:52:46.577249500Z 4)4:regionNorth West                                             
2021-05-15T19:52:46.577256800Z ns(tstop, df =                   0.112   0.194      0.579   0.563
2021-05-15T19:52:46.577264100Z 4)1:regionSouth East                                             
2021-05-15T19:52:46.577272400Z ns(tstop, df =                  -0.323   0.183     -1.759   0.078
2021-05-15T19:52:46.577279500Z 4)2:regionSouth East                                             
2021-05-15T19:52:46.577286600Z ns(tstop, df =                  -0.655   0.428     -1.530   0.126
2021-05-15T19:52:46.577293700Z 4)3:regionSouth East                                             
2021-05-15T19:52:46.577300800Z ns(tstop, df =                   0.245   0.181      1.350   0.177
2021-05-15T19:52:46.577308600Z 4)4:regionSouth East                                             
2021-05-15T19:52:46.577316200Z ns(tstop, df =                  -0.351   0.148     -2.377   0.017
2021-05-15T19:52:46.577323600Z 4)1:regionSouth West                                             
2021-05-15T19:52:46.577330600Z ns(tstop, df =                  -0.334   0.140     -2.388   0.017
2021-05-15T19:52:46.577337700Z 4)2:regionSouth West                                             
2021-05-15T19:52:46.577344900Z ns(tstop, df =                  -0.443   0.326     -1.359   0.174
2021-05-15T19:52:46.577352100Z 4)3:regionSouth West                                             
2021-05-15T19:52:46.577359200Z ns(tstop, df =                   0.375   0.141      2.653   0.008
2021-05-15T19:52:46.577366600Z 4)4:regionSouth West                                             
2021-05-15T19:52:46.577373900Z ns(tstop, df =                   0.268   0.252      1.066   0.286
2021-05-15T19:52:46.577381300Z 4)1:regionWest Midlands                                          
2021-05-15T19:52:46.577388700Z ns(tstop, df =                  -0.051   0.232     -0.222   0.824
2021-05-15T19:52:46.577395900Z 4)2:regionWest Midlands                                          
2021-05-15T19:52:46.577403300Z ns(tstop, df =                  -0.413   0.568     -0.727   0.467
2021-05-15T19:52:46.577410700Z 4)3:regionWest Midlands                                          
2021-05-15T19:52:46.577417900Z ns(tstop, df =                   0.051   0.242      0.211   0.833
2021-05-15T19:52:46.577425300Z 4)4:regionWest Midlands                                          
2021-05-15T19:52:46.577432500Z ns(tstop, df =                  -0.259   0.162     -1.597   0.110
2021-05-15T19:52:46.577449500Z 4)1:regionYorkshire and The                                      
2021-05-15T19:52:46.577457400Z Humber                                                           
2021-05-15T19:52:46.577464600Z ns(tstop, df =                  -0.376   0.152     -2.476   0.013
2021-05-15T19:52:46.577472500Z 4)2:regionYorkshire and The                                      
2021-05-15T19:52:46.577480200Z Humber                                                           
2021-05-15T19:52:46.577489100Z ns(tstop, df =                  -0.508   0.357     -1.421   0.155
2021-05-15T19:52:46.577496300Z 4)3:regionYorkshire and The                                      
2021-05-15T19:52:46.577503500Z Humber                                                           
2021-05-15T19:52:46.577510800Z ns(tstop, df =                   0.175   0.149      1.174   0.240
2021-05-15T19:52:46.577518000Z 4)4:regionYorkshire and The                                      
2021-05-15T19:52:46.577525000Z Humber                                                           
2021-05-15T19:52:46.577532400Z -----------------------------------------------------------------
2021-05-15T19:52:46.577542900Z msmmod1_par data size = 7239842 
2021-05-15T19:53:04.630039500Z memory usage = 3.099 GB 
2021-05-15T19:53:50.173222400Z   
2021-05-15T19:53:50.173319200Z msmmod2 
2021-05-15T20:11:23.963175100Z MODEL INFO:
2021-05-15T20:11:23.963354600Z Observations: 7239842
2021-05-15T20:11:23.963368600Z Dependent Variable: 
2021-05-15T20:11:23.963377000Z Type: Generalized linear model
2021-05-15T20:11:23.963385100Z   Family: binomial 
2021-05-15T20:11:23.963392800Z   Link function: logit 
2021-05-15T20:11:23.963400800Z 
2021-05-15T20:11:23.964110500Z MODEL FIT:
2021-05-15T20:11:23.964752600Z <U+03C7><U+00B2>(88) = 33363.460, p = 0.000
2021-05-15T20:11:23.964781700Z Pseudo-R<U+00B2> (Cragg-Uhler) = 
2021-05-15T20:11:23.964791600Z Pseudo-R<U+00B2> (McFadden) = 0.128
2021-05-15T20:11:23.964799500Z AIC = 227260.512, BIC = 228488.276 
2021-05-15T20:11:23.964807600Z 
2021-05-15T20:11:23.964816100Z Standard errors: MLE
2021-05-15T20:11:28.863368700Z -------------------------------------------------------------------
2021-05-15T20:11:28.863481900Z                                      Est.    S.E.    z val.       p
2021-05-15T20:11:28.863491800Z ------------------------------- --------- ------- --------- -------
2021-05-15T20:11:28.863499800Z (Intercept)                       -23.997   2.488    -9.643   0.000
2021-05-15T20:11:28.863507500Z timesincevax_pw1-3                 -2.469   0.130   -19.040   0.000
2021-05-15T20:11:28.863515300Z timesincevax_pw4-7                 -2.140   0.089   -24.053   0.000
2021-05-15T20:11:28.863557700Z timesincevax_pw8-14                -1.983   0.057   -34.570   0.000
2021-05-15T20:11:28.863566000Z timesincevax_pw15-21               -1.888   0.051   -37.285   0.000
2021-05-15T20:11:28.863573200Z timesincevax_pw22-28               -1.814   0.047   -38.429   0.000
2021-05-15T20:11:28.863580600Z timesincevax_pw29+                 -2.102   0.035   -59.542   0.000
2021-05-15T20:11:28.863587800Z poly(age, degree = 2, raw =         0.237   0.057     4.184   0.000
2021-05-15T20:11:28.863595200Z TRUE)1                                                             
2021-05-15T20:11:28.863602500Z poly(age, degree = 2, raw =        -0.001   0.000    -2.856   0.004
2021-05-15T20:11:28.863610000Z TRUE)2                                                             
2021-05-15T20:11:28.863617400Z sexMale                             0.436   0.018    24.486   0.000
2021-05-15T20:11:28.863624600Z imd2                                0.068   0.029     2.320   0.020
2021-05-15T20:11:28.863631800Z imd3                                0.102   0.029     3.504   0.000
2021-05-15T20:11:28.863639100Z imd4                                0.141   0.029     4.798   0.000
2021-05-15T20:11:28.863646400Z imd5 least deprived                 0.070   0.030     2.333   0.020
2021-05-15T20:11:28.863653600Z ethnicity_combinedBlack             0.072   0.077     0.927   0.354
2021-05-15T20:11:28.863660700Z ethnicity_combinedSouth            -0.030   0.050    -0.601   0.548
2021-05-15T20:11:28.863668000Z Asian                                                              
2021-05-15T20:11:28.863675100Z ethnicity_combinedMixed             0.252   0.140     1.799   0.072
2021-05-15T20:11:28.863682200Z ethnicity_combinedOther             0.245   0.104     2.364   0.018
2021-05-15T20:11:28.863689300Z bmiObese I (30-34.9)               -0.179   0.028    -6.432   0.000
2021-05-15T20:11:28.863696600Z bmiObese II (35-39.9)              -0.201   0.057    -3.540   0.000
2021-05-15T20:11:28.863703700Z bmiObese III (40+)                 -0.030   0.085    -0.351   0.726
2021-05-15T20:11:28.863710800Z heart_failure                       0.368   0.026    14.075   0.000
2021-05-15T20:11:28.863718800Z other_heart_disease                -0.084   0.028    -2.951   0.003
2021-05-15T20:11:28.863726400Z dialysis                            0.806   0.112     7.214   0.000
2021-05-15T20:11:28.863736600Z diabetes                           -0.031   0.034    -0.891   0.373
2021-05-15T20:11:28.863744000Z chronic_liver_disease               0.359   0.088     4.079   0.000
2021-05-15T20:11:28.863751400Z current_copd                       -0.017   0.035    -0.498   0.618
2021-05-15T20:11:28.863758900Z other_resp_conditions               0.081   0.035     2.302   0.021
2021-05-15T20:11:28.863766100Z lung_cancer                         0.810   0.069    11.811   0.000
2021-05-15T20:11:28.863773600Z haematological_cancer               0.205   0.055     3.719   0.000
2021-05-15T20:11:28.863790600Z cancer_excl_lung_and_haem           0.057   0.034     1.653   0.098
2021-05-15T20:11:28.863799000Z any_immunosuppression              -0.076   0.043    -1.776   0.076
2021-05-15T20:11:28.863806200Z dementia                            0.383   0.036    10.754   0.000
2021-05-15T20:11:28.863813500Z other_neuro_conditions              0.206   0.049     4.166   0.000
2021-05-15T20:11:28.863820700Z LD_incl_DS_and_CP                   0.100   0.318     0.315   0.753
2021-05-15T20:11:28.863828300Z psychosis_schiz_bipolar             0.211   0.083     2.545   0.011
2021-05-15T20:11:28.863835600Z multimorb1                          0.184   0.038     4.896   0.000
2021-05-15T20:11:28.863843200Z multimorb2                          0.369   0.061     6.030   0.000
2021-05-15T20:11:28.863850400Z multimorb3                          0.444   0.089     4.988   0.000
2021-05-15T20:11:28.863857600Z multimorb4+                         0.468   0.125     3.736   0.000
2021-05-15T20:11:28.863864600Z shielded                            0.330   0.023    14.432   0.000
2021-05-15T20:11:28.863871600Z flu_vaccine                        -0.037   0.026    -1.404   0.160
2021-05-15T20:11:28.863878700Z efi_catMild                         0.294   0.055     5.311   0.000
2021-05-15T20:11:28.863885800Z efi_catModerate                     0.532   0.055     9.662   0.000
2021-05-15T20:11:28.863892800Z efi_catSevere                       0.760   0.057    13.370   0.000
2021-05-15T20:11:28.863899700Z ns(tstop, df = 4)1                  1.295   0.092    14.012   0.000
2021-05-15T20:11:28.863907000Z ns(tstop, df = 4)2                  2.389   0.088    27.119   0.000
2021-05-15T20:11:28.863913900Z ns(tstop, df = 4)3                  2.967   0.208    14.283   0.000
2021-05-15T20:11:28.863921000Z ns(tstop, df = 4)4                  1.651   0.091    18.201   0.000
2021-05-15T20:11:28.863928000Z regionEast Midlands                 0.390   0.134     2.913   0.004
2021-05-15T20:11:28.863935100Z regionLondon                        1.399   0.239     5.847   0.000
2021-05-15T20:11:28.863942100Z regionNorth East                    0.909   0.200     4.553   0.000
2021-05-15T20:11:28.863949100Z regionNorth West                    0.562   0.186     3.017   0.003
2021-05-15T20:11:28.863956100Z regionSouth East                    1.410   0.176     8.009   0.000
2021-05-15T20:11:28.863963900Z regionSouth West                    2.934   0.135    21.801   0.000
2021-05-15T20:11:28.863971000Z regionWest Midlands                 3.161   0.238    13.271   0.000
2021-05-15T20:11:28.863978200Z regionYorkshire and The            -0.712   0.147    -4.837   0.000
2021-05-15T20:11:28.863985300Z Humber                                                             
2021-05-15T20:11:28.863992500Z ns(tstop, df =                     -0.380   0.145    -2.615   0.009
2021-05-15T20:11:28.863999500Z 4)1:regionEast Midlands                                            
2021-05-15T20:11:28.864014800Z ns(tstop, df =                     -0.160   0.135    -1.190   0.234
2021-05-15T20:11:28.864022500Z 4)2:regionEast Midlands                                            
2021-05-15T20:11:28.864030000Z ns(tstop, df =                     -0.660   0.322    -2.052   0.040
2021-05-15T20:11:28.864037300Z 4)3:regionEast Midlands                                            
2021-05-15T20:11:28.864044800Z ns(tstop, df =                      0.385   0.133     2.896   0.004
2021-05-15T20:11:28.864051900Z 4)4:regionEast Midlands                                            
2021-05-15T20:11:28.864059300Z ns(tstop, df =                      0.698   0.251     2.782   0.005
2021-05-15T20:11:28.864066900Z 4)1:regionLondon                                                   
2021-05-15T20:11:28.864074200Z ns(tstop, df =                     -0.328   0.243    -1.350   0.177
2021-05-15T20:11:28.864081300Z 4)2:regionLondon                                                   
2021-05-15T20:11:28.864088700Z ns(tstop, df =                     -0.638   0.569    -1.120   0.263
2021-05-15T20:11:28.864095900Z 4)3:regionLondon                                                   
2021-05-15T20:11:28.864103100Z ns(tstop, df =                      0.101   0.248     0.406   0.684
2021-05-15T20:11:28.864110100Z 4)4:regionLondon                                                   
2021-05-15T20:11:28.864117400Z ns(tstop, df =                     -0.420   0.227    -1.852   0.064
2021-05-15T20:11:28.864124600Z 4)1:regionNorth East                                               
2021-05-15T20:11:28.864131600Z ns(tstop, df =                     -0.536   0.216    -2.478   0.013
2021-05-15T20:11:28.864138900Z 4)2:regionNorth East                                               
2021-05-15T20:11:28.864146200Z ns(tstop, df =                     -0.849   0.492    -1.727   0.084
2021-05-15T20:11:28.864153300Z 4)3:regionNorth East                                               
2021-05-15T20:11:28.864160500Z ns(tstop, df =                      0.238   0.218     1.089   0.276
2021-05-15T20:11:28.864167700Z 4)4:regionNorth East                                               
2021-05-15T20:11:28.864175200Z ns(tstop, df =                      0.257   0.197     1.308   0.191
2021-05-15T20:11:28.864182500Z 4)1:regionNorth West                                               
2021-05-15T20:11:28.864216500Z ns(tstop, df =                      0.223   0.185     1.208   0.227
2021-05-15T20:11:28.864232400Z 4)2:regionNorth West                                               
2021-05-15T20:11:28.864240300Z ns(tstop, df =                      0.768   0.442     1.737   0.082
2021-05-15T20:11:28.864247500Z 4)3:regionNorth West                                               
2021-05-15T20:11:28.864254800Z ns(tstop, df =                      0.331   0.178     1.860   0.063
2021-05-15T20:11:28.864262200Z 4)4:regionNorth West                                               
2021-05-15T20:11:28.864280000Z ns(tstop, df =                      0.077   0.194     0.400   0.689
2021-05-15T20:11:28.864287900Z 4)1:regionSouth East                                               
2021-05-15T20:11:28.864295200Z ns(tstop, df =                     -0.258   0.183    -1.407   0.159
2021-05-15T20:11:28.864302500Z 4)2:regionSouth East                                               
2021-05-15T20:11:28.864309800Z ns(tstop, df =                     -0.586   0.428    -1.369   0.171
2021-05-15T20:11:28.864317400Z 4)3:regionSouth East                                               
2021-05-15T20:11:28.864324700Z ns(tstop, df =                      0.247   0.181     1.368   0.171
2021-05-15T20:11:28.864332100Z 4)4:regionSouth East                                               
2021-05-15T20:11:28.864339300Z ns(tstop, df =                     -0.282   0.148    -1.909   0.056
2021-05-15T20:11:28.864346500Z 4)1:regionSouth West                                               
2021-05-15T20:11:28.864354100Z ns(tstop, df =                     -0.335   0.140    -2.402   0.016
2021-05-15T20:11:28.864361500Z 4)2:regionSouth West                                               
2021-05-15T20:11:28.864369000Z ns(tstop, df =                     -0.413   0.326    -1.267   0.205
2021-05-15T20:11:28.864376100Z 4)3:regionSouth West                                               
2021-05-15T20:11:28.864383200Z ns(tstop, df =                      0.441   0.141     3.115   0.002
2021-05-15T20:11:28.864391100Z 4)4:regionSouth West                                               
2021-05-15T20:11:28.864398100Z ns(tstop, df =                      0.314   0.252     1.248   0.212
2021-05-15T20:11:28.864405300Z 4)1:regionWest Midlands                                            
2021-05-15T20:11:28.864412500Z ns(tstop, df =                      0.050   0.232     0.215   0.830
2021-05-15T20:11:28.864419800Z 4)2:regionWest Midlands                                            
2021-05-15T20:11:28.864427000Z ns(tstop, df =                     -0.185   0.568    -0.325   0.745
2021-05-15T20:11:28.864434100Z 4)3:regionWest Midlands                                            
2021-05-15T20:11:28.864441400Z ns(tstop, df =                      0.229   0.243     0.944   0.345
2021-05-15T20:11:28.864448800Z 4)4:regionWest Midlands                                            
2021-05-15T20:11:28.864456800Z ns(tstop, df =                     -0.257   0.162    -1.584   0.113
2021-05-15T20:11:28.864464000Z 4)1:regionYorkshire and The                                        
2021-05-15T20:11:28.864471300Z Humber                                                             
2021-05-15T20:11:28.864478800Z ns(tstop, df =                     -0.333   0.152    -2.193   0.028
2021-05-15T20:11:28.864486200Z 4)2:regionYorkshire and The                                        
2021-05-15T20:11:28.864493800Z Humber                                                             
2021-05-15T20:11:28.864501100Z ns(tstop, df =                     -0.456   0.357    -1.276   0.202
2021-05-15T20:11:28.864517900Z 4)3:regionYorkshire and The                                        
2021-05-15T20:11:28.864525800Z Humber                                                             
2021-05-15T20:11:28.864533100Z ns(tstop, df =                      0.144   0.149     0.970   0.332
2021-05-15T20:11:28.864540300Z 4)4:regionYorkshire and The                                        
2021-05-15T20:11:28.864547700Z Humber                                                             
2021-05-15T20:11:28.864554800Z -------------------------------------------------------------------
2021-05-15T20:11:28.864562100Z msmmod2_par data size = 7239842 
2021-05-15T20:11:47.482919000Z memory usage = 3.099 GB 
2021-05-15T20:12:52.247392500Z   
2021-05-15T20:12:52.247479900Z msmmod3 
2021-05-15T20:37:15.151418600Z MODEL INFO:
2021-05-15T20:37:15.151554400Z Observations: 7239842
2021-05-15T20:37:15.151565900Z Dependent Variable: 
2021-05-15T20:37:15.151574200Z Type: Generalized linear model
2021-05-15T20:37:15.151582000Z   Family: binomial 
2021-05-15T20:37:15.151589900Z   Link function: logit 
2021-05-15T20:37:15.151597600Z 
2021-05-15T20:37:15.153775300Z MODEL FIT:
2021-05-15T20:37:15.153871600Z <U+03C7><U+00B2>(110) = 58179.899, p = 0.000
2021-05-15T20:37:15.153882700Z Pseudo-R<U+00B2> (Cragg-Uhler) = 
2021-05-15T20:37:15.153890900Z Pseudo-R<U+00B2> (McFadden) = 0.223
2021-05-15T20:37:15.153899100Z AIC = 202488.048, BIC = 204019.306 
2021-05-15T20:37:15.153907100Z 
2021-05-15T20:37:15.153994100Z Standard errors: MLE
2021-05-15T20:37:15.813946000Z ------------------------------------------------------------------------------
2021-05-15T20:37:15.814046500Z                                                         Est.    S.E.    z val.
2021-05-15T20:37:15.814056400Z -------------------------------------------------- --------- ------- ---------
2021-05-15T20:37:15.814064900Z (Intercept)                                          -12.355   2.533    -4.878
2021-05-15T20:37:15.814073100Z timesincevax_pw1-3                                    -0.824   0.131    -6.275
2021-05-15T20:37:15.814081400Z timesincevax_pw4-7                                    -0.466   0.091    -5.110
2021-05-15T20:37:15.814089400Z timesincevax_pw8-14                                   -0.332   0.060    -5.537
2021-05-15T20:37:15.814097500Z timesincevax_pw15-21                                  -0.298   0.053    -5.652
2021-05-15T20:37:15.814105300Z timesincevax_pw22-28                                  -0.224   0.049    -4.540
2021-05-15T20:37:15.814113300Z timesincevax_pw29+                                    -0.434   0.038   -11.396
2021-05-15T20:37:15.814121300Z poly(age, degree = 2, raw =                           -0.027   0.058    -0.461
2021-05-15T20:37:15.814167100Z TRUE)1                                                                        
2021-05-15T20:37:15.814175800Z poly(age, degree = 2, raw =                            0.001   0.000     1.534
2021-05-15T20:37:15.814183200Z TRUE)2                                                                        
2021-05-15T20:37:15.814190400Z sexMale                                                0.339   0.018    18.791
2021-05-15T20:37:15.814198000Z imd2                                                   0.111   0.030     3.729
2021-05-15T20:37:15.814205400Z imd3                                                   0.149   0.029     5.084
2021-05-15T20:37:15.814213100Z imd4                                                   0.184   0.030     6.180
2021-05-15T20:37:15.814220600Z imd5 least deprived                                    0.135   0.030     4.465
2021-05-15T20:37:15.814228400Z ethnicity_combinedBlack                                0.194   0.079     2.449
2021-05-15T20:37:15.814236000Z ethnicity_combinedSouth                                0.169   0.051     3.340
2021-05-15T20:37:15.814243600Z Asian                                                                         
2021-05-15T20:37:15.814251200Z ethnicity_combinedMixed                                0.231   0.145     1.595
2021-05-15T20:37:15.814259000Z ethnicity_combinedOther                                0.151   0.105     1.442
2021-05-15T20:37:15.814266400Z bmiObese I (30-34.9)                                  -0.190   0.028    -6.764
2021-05-15T20:37:15.814275800Z bmiObese II (35-39.9)                                 -0.110   0.057    -1.930
2021-05-15T20:37:15.814283300Z bmiObese III (40+)                                    -0.021   0.086    -0.248
2021-05-15T20:37:15.814290800Z heart_failure                                          0.289   0.027    10.915
2021-05-15T20:37:15.814298000Z other_heart_disease                                   -0.073   0.029    -2.511
2021-05-15T20:37:15.814305400Z dialysis                                               0.599   0.115     5.191
2021-05-15T20:37:15.814313600Z diabetes                                              -0.022   0.035    -0.627
2021-05-15T20:37:15.814321300Z chronic_liver_disease                                  0.357   0.089     4.021
2021-05-15T20:37:15.814328900Z current_copd                                          -0.003   0.035    -0.087
2021-05-15T20:37:15.814336200Z other_resp_conditions                                  0.079   0.036     2.219
2021-05-15T20:37:15.814343600Z lung_cancer                                            0.757   0.070    10.852
2021-05-15T20:37:15.814351100Z haematological_cancer                                  0.148   0.056     2.654
2021-05-15T20:37:15.814358500Z cancer_excl_lung_and_haem                              0.075   0.035     2.152
2021-05-15T20:37:15.814365700Z any_immunosuppression                                 -0.060   0.043    -1.373
2021-05-15T20:37:15.814372900Z dementia                                               0.297   0.036     8.247
2021-05-15T20:37:15.814389900Z other_neuro_conditions                                 0.065   0.050     1.305
2021-05-15T20:37:15.814397800Z LD_incl_DS_and_CP                                      0.003   0.319     0.010
2021-05-15T20:37:15.814405300Z psychosis_schiz_bipolar                                0.235   0.083     2.820
2021-05-15T20:37:15.814412600Z multimorb1                                             0.123   0.038     3.257
2021-05-15T20:37:15.814420200Z multimorb2                                             0.263   0.062     4.229
2021-05-15T20:37:15.814427700Z multimorb3                                             0.354   0.090     3.916
2021-05-15T20:37:15.814435000Z multimorb4+                                            0.331   0.127     2.617
2021-05-15T20:37:15.814442500Z shielded                                               0.223   0.023     9.627
2021-05-15T20:37:15.814450000Z flu_vaccine                                           -0.127   0.026    -4.784
2021-05-15T20:37:15.814457500Z efi_catMild                                           -0.046   0.056    -0.832
2021-05-15T20:37:15.814465000Z efi_catModerate                                       -0.034   0.055    -0.613
2021-05-15T20:37:15.814472500Z efi_catSevere                                         -0.036   0.057    -0.634
2021-05-15T20:37:15.814480600Z ns(tstop, df = 4)1                                     1.059   0.092    11.482
2021-05-15T20:37:15.814488100Z ns(tstop, df = 4)2                                     1.428   0.088    16.179
2021-05-15T20:37:15.814495500Z ns(tstop, df = 4)3                                     1.850   0.206     8.969
2021-05-15T20:37:15.814502800Z ns(tstop, df = 4)4                                     0.998   0.091    10.924
2021-05-15T20:37:15.814510400Z regionEast Midlands                                    0.360   0.133     2.704
2021-05-15T20:37:15.814517900Z regionLondon                                           1.227   0.243     5.044
2021-05-15T20:37:15.814525300Z regionNorth East                                       0.891   0.199     4.472
2021-05-15T20:37:15.814532800Z regionNorth West                                       0.583   0.185     3.147
2021-05-15T20:37:15.814540600Z regionSouth East                                       1.374   0.177     7.776
2021-05-15T20:37:15.814548200Z regionSouth West                                       2.865   0.134    21.379
2021-05-15T20:37:15.814555400Z regionWest Midlands                                    2.830   0.245    11.539
2021-05-15T20:37:15.814562700Z regionYorkshire and The                               -0.687   0.146    -4.701
2021-05-15T20:37:15.814570400Z Humber                                                                        
2021-05-15T20:37:15.814577800Z timesince_postesttdc_pw1-3                             2.885   0.046    62.372
2021-05-15T20:37:15.814585200Z timesince_postesttdc_pw3-7                             3.348   0.035    95.507
2021-05-15T20:37:15.814592600Z timesince_postesttdc_pw8-14                            3.403   0.030   112.244
2021-05-15T20:37:15.814607600Z timesince_postesttdc_pw15-21                           2.921   0.041    70.709
2021-05-15T20:37:15.814615600Z timesince_postesttdc_pw22-28                           2.272   0.062    36.890
2021-05-15T20:37:15.814623000Z timesince_postesttdc_pw29+                             1.968   0.058    33.670
2021-05-15T20:37:15.814630200Z timesince_suspectedcovid_pw1-3                         0.755   0.163     4.639
2021-05-15T20:37:15.814637700Z timesince_suspectedcovid_pw3-7                         0.560   0.146     3.830
2021-05-15T20:37:15.814645500Z timesince_suspectedcovid_pw8-14                        0.454   0.126     3.616
2021-05-15T20:37:15.814652900Z timesince_suspectedcovid_pw15-21                       0.320   0.162     1.971
2021-05-15T20:37:15.814660300Z timesince_suspectedcovid_pw22-28                       0.295   0.198     1.491
2021-05-15T20:37:15.814667900Z timesince_suspectedcovid_pw29+                         0.743   0.133     5.604
2021-05-15T20:37:15.814675400Z timesince_hospinfectiousdischarge_pwIn                 1.892   0.026    71.943
2021-05-15T20:37:15.814683800Z hospital                                                                      
2021-05-15T20:37:15.814691400Z timesince_hospinfectiousdischarge_pw1-7                1.511   0.046    32.845
2021-05-15T20:37:15.814698900Z timesince_hospinfectiousdischarge_pw8-14               1.516   0.053    28.376
2021-05-15T20:37:15.814706300Z timesince_hospinfectiousdischarge_pw15-21              1.309   0.070    18.648
2021-05-15T20:37:15.814713800Z timesince_hospinfectiousdischarge_pw22-28              1.232   0.088    13.996
2021-05-15T20:37:15.814721200Z timesince_hospnoninfectiousdischarge_pwIn              0.051   0.042     1.209
2021-05-15T20:37:15.814728900Z hospital                                                                      
2021-05-15T20:37:15.814736500Z timesince_hospnoninfectiousdischarge_pw1-7             0.620   0.144     4.304
2021-05-15T20:37:15.814744300Z timesince_hospnoninfectiousdischarge_pw8-14            0.958   0.118     8.107
2021-05-15T20:37:15.814751700Z timesince_hospnoninfectiousdischarge_pw15-21           0.920   0.135     6.823
2021-05-15T20:37:15.814759400Z timesince_hospnoninfectiousdischarge_pw22-28           0.777   0.164     4.727
2021-05-15T20:37:15.814766900Z ns(tstop, df =                                        -0.328   0.145    -2.263
2021-05-15T20:37:15.814774500Z 4)1:regionEast Midlands                                                       
2021-05-15T20:37:15.814782100Z ns(tstop, df =                                        -0.098   0.134    -0.727
2021-05-15T20:37:15.814790000Z 4)2:regionEast Midlands                                                       
2021-05-15T20:37:15.814797400Z ns(tstop, df =                                        -0.500   0.320    -1.560
2021-05-15T20:37:15.814805000Z 4)3:regionEast Midlands                                                       
2021-05-15T20:37:15.814820000Z ns(tstop, df =                                         0.277   0.133     2.085
2021-05-15T20:37:15.814833000Z 4)4:regionEast Midlands                                                       
2021-05-15T20:37:15.814840200Z ns(tstop, df =                                         0.283   0.255     1.111
2021-05-15T20:37:15.814847800Z 4)1:regionLondon                                                              
2021-05-15T20:37:15.814855200Z ns(tstop, df =                                        -0.567   0.247    -2.296
2021-05-15T20:37:15.814862600Z 4)2:regionLondon                                                              
2021-05-15T20:37:15.814869900Z ns(tstop, df =                                        -0.217   0.579    -0.375
2021-05-15T20:37:15.814877200Z 4)3:regionLondon                                                              
2021-05-15T20:37:15.814884400Z ns(tstop, df =                                         0.179   0.243     0.735
2021-05-15T20:37:15.814892600Z 4)4:regionLondon                                                              
2021-05-15T20:37:15.814899900Z ns(tstop, df =                                        -0.457   0.228    -2.006
2021-05-15T20:37:15.814907600Z 4)1:regionNorth East                                                          
2021-05-15T20:37:15.814915000Z ns(tstop, df =                                        -0.330   0.220    -1.499
2021-05-15T20:37:15.814922600Z 4)2:regionNorth East                                                          
2021-05-15T20:37:15.814930100Z ns(tstop, df =                                        -1.009   0.490    -2.059
2021-05-15T20:37:15.814937500Z 4)3:regionNorth East                                                          
2021-05-15T20:37:15.814944700Z ns(tstop, df =                                        -0.183   0.224    -0.818
2021-05-15T20:37:15.814953400Z 4)4:regionNorth East                                                          
2021-05-15T20:37:15.814960700Z ns(tstop, df =                                        -0.084   0.197    -0.427
2021-05-15T20:37:15.814968000Z 4)1:regionNorth West                                                          
2021-05-15T20:37:15.814975700Z ns(tstop, df =                                         0.457   0.185     2.464
2021-05-15T20:37:15.814983100Z 4)2:regionNorth West                                                          
2021-05-15T20:37:15.814990500Z ns(tstop, df =                                         0.987   0.440     2.241
2021-05-15T20:37:15.814998000Z 4)3:regionNorth West                                                          
2021-05-15T20:37:15.815005300Z ns(tstop, df =                                         0.338   0.179     1.890
2021-05-15T20:37:15.815012800Z 4)4:regionNorth West                                                          
2021-05-15T20:37:15.815020200Z ns(tstop, df =                                        -0.388   0.194    -2.001
2021-05-15T20:37:15.815027500Z 4)1:regionSouth East                                                          
2021-05-15T20:37:15.815044300Z ns(tstop, df =                                        -0.486   0.184    -2.633
2021-05-15T20:37:15.815052500Z 4)2:regionSouth East                                                          
2021-05-15T20:37:15.815059600Z ns(tstop, df =                                        -0.557   0.429    -1.296
2021-05-15T20:37:15.815067200Z 4)3:regionSouth East                                                          
2021-05-15T20:37:15.815074600Z ns(tstop, df =                                        -0.104   0.183    -0.568
2021-05-15T20:37:15.815082200Z 4)4:regionSouth East                                                          
2021-05-15T20:37:15.815089700Z ns(tstop, df =                                        -0.755   0.149    -5.073
2021-05-15T20:37:15.815098000Z 4)1:regionSouth West                                                          
2021-05-15T20:37:15.815105400Z ns(tstop, df =                                        -0.872   0.142    -6.150
2021-05-15T20:37:15.815113200Z 4)2:regionSouth West                                                          
2021-05-15T20:37:15.815121300Z ns(tstop, df =                                        -0.629   0.325    -1.932
2021-05-15T20:37:15.815128800Z 4)3:regionSouth West                                                          
2021-05-15T20:37:15.815136300Z ns(tstop, df =                                         0.377   0.145     2.603
2021-05-15T20:37:15.815143700Z 4)4:regionSouth West                                                          
2021-05-15T20:37:15.815151200Z ns(tstop, df =                                        -0.357   0.259    -1.376
2021-05-15T20:37:15.815159400Z 4)1:regionWest Midlands                                                       
2021-05-15T20:37:15.815166900Z ns(tstop, df =                                        -1.041   0.241    -4.320
2021-05-15T20:37:15.815174600Z 4)2:regionWest Midlands                                                       
2021-05-15T20:37:15.815182400Z ns(tstop, df =                                        -0.953   0.585    -1.629
2021-05-15T20:37:15.815189900Z 4)3:regionWest Midlands                                                       
2021-05-15T20:37:15.815197300Z ns(tstop, df =                                        -0.374   0.247    -1.516
2021-05-15T20:37:15.815205000Z 4)4:regionWest Midlands                                                       
2021-05-15T20:37:15.815212300Z ns(tstop, df =                                        -0.170   0.162    -1.052
2021-05-15T20:37:15.815219800Z 4)1:regionYorkshire and The                                                   
2021-05-15T20:37:15.815227400Z Humber                                                                        
2021-05-15T20:37:15.815235400Z ns(tstop, df =                                        -0.125   0.151    -0.830
2021-05-15T20:37:15.815243400Z 4)2:regionYorkshire and The                                                   
2021-05-15T20:37:15.815251200Z Humber                                                                        
2021-05-15T20:37:15.815267200Z ns(tstop, df =                                        -0.131   0.355    -0.369
2021-05-15T20:37:15.815275800Z 4)3:regionYorkshire and The                                                   
2021-05-15T20:37:15.815283600Z Humber                                                                        
2021-05-15T20:37:15.815291300Z ns(tstop, df =                                         0.265   0.149     1.783
2021-05-15T20:37:15.815298700Z 4)4:regionYorkshire and The                                                   
2021-05-15T20:37:15.815307600Z Humber                                                                        
2021-05-15T20:37:15.815315500Z ------------------------------------------------------------------------------
2021-05-15T20:37:15.815322800Z  
2021-05-15T20:37:15.815330400Z ----------------------------------------------------------
2021-05-15T20:37:15.815337900Z                                                          p
2021-05-15T20:37:15.815345900Z -------------------------------------------------- -------
2021-05-15T20:37:15.815353600Z (Intercept)                                          0.000
2021-05-15T20:37:15.815361400Z timesincevax_pw1-3                                   0.000
2021-05-15T20:37:15.815369500Z timesincevax_pw4-7                                   0.000
2021-05-15T20:37:15.815376900Z timesincevax_pw8-14                                  0.000
2021-05-15T20:37:15.815384700Z timesincevax_pw15-21                                 0.000
2021-05-15T20:37:15.815392500Z timesincevax_pw22-28                                 0.000
2021-05-15T20:37:15.815400000Z timesincevax_pw29+                                   0.000
2021-05-15T20:37:15.815408700Z poly(age, degree = 2, raw =                          0.645
2021-05-15T20:37:15.815416300Z TRUE)1                                                    
2021-05-15T20:37:15.815423800Z poly(age, degree = 2, raw =                          0.125
2021-05-15T20:37:15.815431600Z TRUE)2                                                    
2021-05-15T20:37:15.815439100Z sexMale                                              0.000
2021-05-15T20:37:15.815446800Z imd2                                                 0.000
2021-05-15T20:37:15.815454000Z imd3                                                 0.000
2021-05-15T20:37:15.815461900Z imd4                                                 0.000
2021-05-15T20:37:15.815469400Z imd5 least deprived                                  0.000
2021-05-15T20:37:15.815477800Z ethnicity_combinedBlack                              0.014
2021-05-15T20:37:15.815485000Z ethnicity_combinedSouth                              0.001
2021-05-15T20:37:15.815492600Z Asian                                                     
2021-05-15T20:37:15.815499800Z ethnicity_combinedMixed                              0.111
2021-05-15T20:37:15.815507600Z ethnicity_combinedOther                              0.149
2021-05-15T20:37:15.815526600Z bmiObese I (30-34.9)                                 0.000
2021-05-15T20:37:15.815534400Z bmiObese II (35-39.9)                                0.054
2021-05-15T20:37:15.815542200Z bmiObese III (40+)                                   0.804
2021-05-15T20:37:15.815549500Z heart_failure                                        0.000
2021-05-15T20:37:15.815558100Z other_heart_disease                                  0.012
2021-05-15T20:37:15.815566000Z dialysis                                             0.000
2021-05-15T20:37:15.815574100Z diabetes                                             0.531
2021-05-15T20:37:15.815583500Z chronic_liver_disease                                0.000
2021-05-15T20:37:15.815594900Z current_copd                                         0.931
2021-05-15T20:37:15.815603100Z other_resp_conditions                                0.026
2021-05-15T20:37:15.815610300Z lung_cancer                                          0.000
2021-05-15T20:37:15.815617900Z haematological_cancer                                0.008
2021-05-15T20:37:15.815627100Z cancer_excl_lung_and_haem                            0.031
2021-05-15T20:37:15.815634600Z any_immunosuppression                                0.170
2021-05-15T20:37:15.815642300Z dementia                                             0.000
2021-05-15T20:37:15.815650100Z other_neuro_conditions                               0.192
2021-05-15T20:37:15.815657700Z LD_incl_DS_and_CP                                    0.992
2021-05-15T20:37:15.815665900Z psychosis_schiz_bipolar                              0.005
2021-05-15T20:37:15.815673900Z multimorb1                                           0.001
2021-05-15T20:37:15.815681300Z multimorb2                                           0.000
2021-05-15T20:37:15.815689300Z multimorb3                                           0.000
2021-05-15T20:37:15.815696700Z multimorb4+                                          0.009
2021-05-15T20:37:15.815705500Z shielded                                             0.000
2021-05-15T20:37:15.815713900Z flu_vaccine                                          0.000
2021-05-15T20:37:15.815721300Z efi_catMild                                          0.405
2021-05-15T20:37:15.815728700Z efi_catModerate                                      0.540
2021-05-15T20:37:15.815736200Z efi_catSevere                                        0.526
2021-05-15T20:37:15.815743800Z ns(tstop, df = 4)1                                   0.000
2021-05-15T20:37:15.815751400Z ns(tstop, df = 4)2                                   0.000
2021-05-15T20:37:15.815758900Z ns(tstop, df = 4)3                                   0.000
2021-05-15T20:37:15.815766900Z ns(tstop, df = 4)4                                   0.000
2021-05-15T20:37:15.815774100Z regionEast Midlands                                  0.007
2021-05-15T20:37:15.815791300Z regionLondon                                         0.000
2021-05-15T20:37:15.815799600Z regionNorth East                                     0.000
2021-05-15T20:37:15.815807500Z regionNorth West                                     0.002
2021-05-15T20:37:15.815815300Z regionSouth East                                     0.000
2021-05-15T20:37:15.815822800Z regionSouth West                                     0.000
2021-05-15T20:37:15.815830700Z regionWest Midlands                                  0.000
2021-05-15T20:37:15.815838200Z regionYorkshire and The                              0.000
2021-05-15T20:37:15.815845500Z Humber                                                    
2021-05-15T20:37:15.815853800Z timesince_postesttdc_pw1-3                           0.000
2021-05-15T20:37:15.815861100Z timesince_postesttdc_pw3-7                           0.000
2021-05-15T20:37:15.815868100Z timesince_postesttdc_pw8-14                          0.000
2021-05-15T20:37:15.815877000Z timesince_postesttdc_pw15-21                         0.000
2021-05-15T20:37:15.815884800Z timesince_postesttdc_pw22-28                         0.000
2021-05-15T20:37:15.815894300Z timesince_postesttdc_pw29+                           0.000
2021-05-15T20:37:15.815901600Z timesince_suspectedcovid_pw1-3                       0.000
2021-05-15T20:37:15.815909100Z timesince_suspectedcovid_pw3-7                       0.000
2021-05-15T20:37:15.815916800Z timesince_suspectedcovid_pw8-14                      0.000
2021-05-15T20:37:15.815924100Z timesince_suspectedcovid_pw15-21                     0.049
2021-05-15T20:37:15.815931600Z timesince_suspectedcovid_pw22-28                     0.136
2021-05-15T20:37:15.815938700Z timesince_suspectedcovid_pw29+                       0.000
2021-05-15T20:37:15.815946100Z timesince_hospinfectiousdischarge_pwIn               0.000
2021-05-15T20:37:15.815953500Z hospital                                                  
2021-05-15T20:37:15.815960900Z timesince_hospinfectiousdischarge_pw1-7              0.000
2021-05-15T20:37:15.815968400Z timesince_hospinfectiousdischarge_pw8-14             0.000
2021-05-15T20:37:15.815976000Z timesince_hospinfectiousdischarge_pw15-21            0.000
2021-05-15T20:37:15.815983600Z timesince_hospinfectiousdischarge_pw22-28            0.000
2021-05-15T20:37:15.815991500Z timesince_hospnoninfectiousdischarge_pwIn            0.227
2021-05-15T20:37:15.815998600Z hospital                                                  
2021-05-15T20:37:15.816006000Z timesince_hospnoninfectiousdischarge_pw1-7           0.000
2021-05-15T20:37:15.816013500Z timesince_hospnoninfectiousdischarge_pw8-14          0.000
2021-05-15T20:37:15.816020900Z timesince_hospnoninfectiousdischarge_pw15-21         0.000
2021-05-15T20:37:15.816028100Z timesince_hospnoninfectiousdischarge_pw22-28         0.000
2021-05-15T20:37:15.816046400Z ns(tstop, df =                                       0.024
2021-05-15T20:37:15.816054800Z 4)1:regionEast Midlands                                   
2021-05-15T20:37:15.816062500Z ns(tstop, df =                                       0.467
2021-05-15T20:37:15.816069700Z 4)2:regionEast Midlands                                   
2021-05-15T20:37:15.816077000Z ns(tstop, df =                                       0.119
2021-05-15T20:37:15.816084200Z 4)3:regionEast Midlands                                   
2021-05-15T20:37:15.816091600Z ns(tstop, df =                                       0.037
2021-05-15T20:37:15.816098800Z 4)4:regionEast Midlands                                   
2021-05-15T20:37:15.816109200Z ns(tstop, df =                                       0.267
2021-05-15T20:37:15.816116800Z 4)1:regionLondon                                          
2021-05-15T20:37:15.816124000Z ns(tstop, df =                                       0.022
2021-05-15T20:37:15.816131100Z 4)2:regionLondon                                          
2021-05-15T20:37:15.816138000Z ns(tstop, df =                                       0.708
2021-05-15T20:37:15.816145200Z 4)3:regionLondon                                          
2021-05-15T20:37:15.816153800Z ns(tstop, df =                                       0.463
2021-05-15T20:37:15.816161200Z 4)4:regionLondon                                          
2021-05-15T20:37:15.816168400Z ns(tstop, df =                                       0.045
2021-05-15T20:37:15.816175600Z 4)1:regionNorth East                                      
2021-05-15T20:37:15.816183400Z ns(tstop, df =                                       0.134
2021-05-15T20:37:15.816190600Z 4)2:regionNorth East                                      
2021-05-15T20:37:15.816198400Z ns(tstop, df =                                       0.039
2021-05-15T20:37:15.816205800Z 4)3:regionNorth East                                      
2021-05-15T20:37:15.816213400Z ns(tstop, df =                                       0.413
2021-05-15T20:37:15.816221100Z 4)4:regionNorth East                                      
2021-05-15T20:37:15.816228600Z ns(tstop, df =                                       0.669
2021-05-15T20:37:15.816236000Z 4)1:regionNorth West                                      
2021-05-15T20:37:15.816243300Z ns(tstop, df =                                       0.014
2021-05-15T20:37:15.816330000Z 4)2:regionNorth West                                      
2021-05-15T20:37:15.816337900Z ns(tstop, df =                                       0.025
2021-05-15T20:37:15.816345400Z 4)3:regionNorth West                                      
2021-05-15T20:37:15.816352600Z ns(tstop, df =                                       0.059
2021-05-15T20:37:15.816359900Z 4)4:regionNorth West                                      
2021-05-15T20:37:15.816367200Z ns(tstop, df =                                       0.045
2021-05-15T20:37:15.816386400Z 4)1:regionSouth East                                      
2021-05-15T20:37:15.816394900Z ns(tstop, df =                                       0.008
2021-05-15T20:37:15.816402800Z 4)2:regionSouth East                                      
2021-05-15T20:37:15.816410100Z ns(tstop, df =                                       0.195
2021-05-15T20:37:15.816417500Z 4)3:regionSouth East                                      
2021-05-15T20:37:15.816424800Z ns(tstop, df =                                       0.570
2021-05-15T20:37:15.816432100Z 4)4:regionSouth East                                      
2021-05-15T20:37:15.816439400Z ns(tstop, df =                                       0.000
2021-05-15T20:37:15.816446700Z 4)1:regionSouth West                                      
2021-05-15T20:37:15.816453900Z ns(tstop, df =                                       0.000
2021-05-15T20:37:15.816461100Z 4)2:regionSouth West                                      
2021-05-15T20:37:15.816468800Z ns(tstop, df =                                       0.053
2021-05-15T20:37:15.816476000Z 4)3:regionSouth West                                      
2021-05-15T20:37:15.816483100Z ns(tstop, df =                                       0.009
2021-05-15T20:37:15.816490300Z 4)4:regionSouth West                                      
2021-05-15T20:37:15.816499900Z ns(tstop, df =                                       0.169
2021-05-15T20:37:15.816507200Z 4)1:regionWest Midlands                                   
2021-05-15T20:37:15.816514900Z ns(tstop, df =                                       0.000
2021-05-15T20:37:15.816524100Z 4)2:regionWest Midlands                                   
2021-05-15T20:37:15.816531400Z ns(tstop, df =                                       0.103
2021-05-15T20:37:15.816538900Z 4)3:regionWest Midlands                                   
2021-05-15T20:37:15.816546200Z ns(tstop, df =                                       0.130
2021-05-15T20:37:15.816553600Z 4)4:regionWest Midlands                                   
2021-05-15T20:37:15.816561000Z ns(tstop, df =                                       0.293
2021-05-15T20:37:15.816568600Z 4)1:regionYorkshire and The                               
2021-05-15T20:37:15.816575900Z Humber                                                    
2021-05-15T20:37:15.816583400Z ns(tstop, df =                                       0.407
2021-05-15T20:37:15.816590700Z 4)2:regionYorkshire and The                               
2021-05-15T20:37:15.816598200Z Humber                                                    
2021-05-15T20:37:15.816609700Z ns(tstop, df =                                       0.712
2021-05-15T20:37:15.816617100Z 4)3:regionYorkshire and The                               
2021-05-15T20:37:15.816624300Z Humber                                                    
2021-05-15T20:37:15.816641100Z ns(tstop, df =                                       0.075
2021-05-15T20:37:15.816649200Z 4)4:regionYorkshire and The                               
2021-05-15T20:37:15.816656500Z Humber                                                    
2021-05-15T20:37:15.816663600Z ----------------------------------------------------------
2021-05-15T20:37:15.816671400Z msmmod3_par data size = 7239842 
2021-05-15T20:37:35.131826100Z memory usage = 3.1 GB 
2021-05-15T20:38:37.655992200Z   
2021-05-15T20:38:37.656067600Z msmmod4 
2021-05-15T20:55:37.727729300Z MODEL INFO:
2021-05-15T20:55:37.727856100Z Observations: 7239842
2021-05-15T20:55:37.727865700Z Dependent Variable: 
2021-05-15T20:55:37.727956800Z Type: Generalized linear model
2021-05-15T20:55:37.727972500Z   Family: binomial 
2021-05-15T20:55:37.727980600Z   Link function: logit 
2021-05-15T20:55:37.727988400Z 
2021-05-15T20:55:37.729751100Z MODEL FIT:
2021-05-15T20:55:37.729838100Z <U+03C7><U+00B2>(88) = 28545.924, p = 0.000
2021-05-15T20:55:37.729848100Z Pseudo-R<U+00B2> (Cragg-Uhler) = 
2021-05-15T20:55:37.729856200Z Pseudo-R<U+00B2> (McFadden) = 0.120
2021-05-15T20:55:37.729864400Z AIC = 214586.029, BIC = 215813.794 
2021-05-15T20:55:37.729872400Z 
2021-05-15T20:55:37.729960000Z Standard errors: MLE
2021-05-15T20:55:38.017845100Z -------------------------------------------------------------------
2021-05-15T20:55:38.017981700Z                                      Est.    S.E.    z val.       p
2021-05-15T20:55:38.017993900Z ------------------------------- --------- ------- --------- -------
2021-05-15T20:55:38.018002000Z (Intercept)                       -23.011   2.590    -8.884   0.000
2021-05-15T20:55:38.018009900Z timesincevax_pw1-3                 -2.131   0.122   -17.447   0.000
2021-05-15T20:55:38.018018000Z timesincevax_pw4-7                 -1.512   0.075   -20.282   0.000
2021-05-15T20:55:38.018025900Z timesincevax_pw8-14                -1.417   0.052   -27.479   0.000
2021-05-15T20:55:38.018033800Z timesincevax_pw15-21               -1.434   0.049   -29.119   0.000
2021-05-15T20:55:38.018041900Z timesincevax_pw22-28               -1.401   0.047   -29.608   0.000
2021-05-15T20:55:38.018049900Z timesincevax_pw29+                 -1.666   0.037   -45.542   0.000
2021-05-15T20:55:38.018058200Z poly(age, degree = 2, raw =         0.214   0.059     3.645   0.000
2021-05-15T20:55:38.018066400Z TRUE)1                                                             
2021-05-15T20:55:38.018074300Z poly(age, degree = 2, raw =        -0.001   0.000    -2.288   0.022
2021-05-15T20:55:38.018082900Z TRUE)2                                                             
2021-05-15T20:55:38.018223700Z sexMale                             0.410   0.019    21.896   0.000
2021-05-15T20:55:38.018271400Z imd2                                0.056   0.031     1.822   0.068
2021-05-15T20:55:38.018279400Z imd3                                0.064   0.030     2.094   0.036
2021-05-15T20:55:38.018286700Z imd4                                0.095   0.031     3.058   0.002
2021-05-15T20:55:38.018294000Z imd5 least deprived                 0.023   0.031     0.747   0.455
2021-05-15T20:55:38.018301400Z ethnicity_combinedBlack             0.199   0.079     2.510   0.012
2021-05-15T20:55:38.018308900Z ethnicity_combinedSouth             0.100   0.051     1.947   0.052
2021-05-15T20:55:38.018316400Z Asian                                                              
2021-05-15T20:55:38.018336000Z ethnicity_combinedMixed             0.282   0.149     1.893   0.058
2021-05-15T20:55:38.018344600Z ethnicity_combinedOther             0.223   0.111     2.005   0.045
2021-05-15T20:55:38.018352000Z bmiObese I (30-34.9)               -0.167   0.029    -5.720   0.000
2021-05-15T20:55:38.018359600Z bmiObese II (35-39.9)              -0.189   0.060    -3.166   0.002
2021-05-15T20:55:38.018366800Z bmiObese III (40+)                 -0.007   0.090    -0.075   0.940
2021-05-15T20:55:38.018374300Z heart_failure                       0.396   0.027    14.495   0.000
2021-05-15T20:55:38.018381700Z other_heart_disease                -0.085   0.030    -2.869   0.004
2021-05-15T20:55:38.018389200Z dialysis                            0.846   0.117     7.229   0.000
2021-05-15T20:55:38.018399300Z diabetes                           -0.022   0.036    -0.609   0.542
2021-05-15T20:55:38.018407000Z chronic_liver_disease               0.529   0.086     6.136   0.000
2021-05-15T20:55:38.018414300Z current_copd                       -0.008   0.036    -0.212   0.832
2021-05-15T20:55:38.018421700Z other_resp_conditions               0.089   0.037     2.402   0.016
2021-05-15T20:55:38.018429000Z lung_cancer                         0.816   0.071    11.487   0.000
2021-05-15T20:55:38.018436400Z haematological_cancer               0.219   0.057     3.822   0.000
2021-05-15T20:55:38.018443800Z cancer_excl_lung_and_haem           0.085   0.036     2.376   0.018
2021-05-15T20:55:38.018451300Z any_immunosuppression              -0.083   0.045    -1.849   0.064
2021-05-15T20:55:38.018458900Z dementia                            0.410   0.037    11.032   0.000
2021-05-15T20:55:38.018466300Z other_neuro_conditions              0.277   0.051     5.386   0.000
2021-05-15T20:55:38.018473800Z LD_incl_DS_and_CP                   0.211   0.331     0.637   0.524
2021-05-15T20:55:38.018481600Z psychosis_schiz_bipolar             0.192   0.088     2.180   0.029
2021-05-15T20:55:38.018489200Z multimorb1                          0.163   0.039     4.140   0.000
2021-05-15T20:55:38.018496700Z multimorb2                          0.355   0.064     5.560   0.000
2021-05-15T20:55:38.018516800Z multimorb3                          0.436   0.093     4.702   0.000
2021-05-15T20:55:38.018524900Z multimorb4+                         0.423   0.131     3.233   0.001
2021-05-15T20:55:38.018532400Z shielded                            0.346   0.024    14.492   0.000
2021-05-15T20:55:38.018539500Z flu_vaccine                        -0.170   0.027    -6.267   0.000
2021-05-15T20:55:38.018546700Z efi_catMild                         0.255   0.058     4.404   0.000
2021-05-15T20:55:38.018553800Z efi_catModerate                     0.495   0.058     8.605   0.000
2021-05-15T20:55:38.018569100Z efi_catSevere                       0.735   0.059    12.375   0.000
2021-05-15T20:55:38.018576800Z ns(tstop, df = 4)1                  1.275   0.094    13.601   0.000
2021-05-15T20:55:38.018584200Z ns(tstop, df = 4)2                  1.715   0.094    18.209   0.000
2021-05-15T20:55:38.018591500Z ns(tstop, df = 4)3                  2.340   0.210    11.151   0.000
2021-05-15T20:55:38.018598900Z ns(tstop, df = 4)4                  1.353   0.096    14.061   0.000
2021-05-15T20:55:38.018606300Z regionEast Midlands                 0.355   0.134     2.651   0.008
2021-05-15T20:55:38.018613700Z regionLondon                        1.300   0.242     5.370   0.000
2021-05-15T20:55:38.018621100Z regionNorth East                    0.881   0.200     4.417   0.000
2021-05-15T20:55:38.018628600Z regionNorth West                    0.578   0.185     3.124   0.002
2021-05-15T20:55:38.018636000Z regionSouth East                    1.410   0.175     8.037   0.000
2021-05-15T20:55:38.018644000Z regionSouth West                    2.916   0.134    21.750   0.000
2021-05-15T20:55:38.018651700Z regionWest Midlands                 3.081   0.239    12.899   0.000
2021-05-15T20:55:38.018659100Z regionYorkshire and The            -0.758   0.147    -5.143   0.000
2021-05-15T20:55:38.018666700Z Humber                                                             
2021-05-15T20:55:38.018673900Z ns(tstop, df =                     -0.360   0.148    -2.439   0.015
2021-05-15T20:55:38.018681600Z 4)1:regionEast Midlands                                            
2021-05-15T20:55:38.018689100Z ns(tstop, df =                     -0.151   0.144    -1.050   0.294
2021-05-15T20:55:38.018696700Z 4)2:regionEast Midlands                                            
2021-05-15T20:55:38.018704100Z ns(tstop, df =                     -0.525   0.325    -1.617   0.106
2021-05-15T20:55:38.018711600Z 4)3:regionEast Midlands                                            
2021-05-15T20:55:38.018719000Z ns(tstop, df =                      0.337   0.139     2.418   0.016
2021-05-15T20:55:38.018726400Z 4)4:regionEast Midlands                                            
2021-05-15T20:55:38.018733500Z ns(tstop, df =                      0.560   0.258     2.176   0.030
2021-05-15T20:55:38.018740900Z 4)1:regionLondon                                                   
2021-05-15T20:55:38.018748200Z ns(tstop, df =                     -0.243   0.260    -0.932   0.351
2021-05-15T20:55:38.018765000Z 4)2:regionLondon                                                   
2021-05-15T20:55:38.018772900Z ns(tstop, df =                     -0.269   0.580    -0.464   0.643
2021-05-15T20:55:38.018780000Z 4)3:regionLondon                                                   
2021-05-15T20:55:38.018787000Z ns(tstop, df =                      0.107   0.257     0.414   0.679
2021-05-15T20:55:38.018794700Z 4)4:regionLondon                                                   
2021-05-15T20:55:38.018802300Z ns(tstop, df =                     -0.477   0.231    -2.065   0.039
2021-05-15T20:55:38.018809800Z 4)1:regionNorth East                                               
2021-05-15T20:55:38.018817100Z ns(tstop, df =                     -0.409   0.230    -1.780   0.075
2021-05-15T20:55:38.018824800Z 4)2:regionNorth East                                               
2021-05-15T20:55:38.018832100Z ns(tstop, df =                     -0.761   0.496    -1.534   0.125
2021-05-15T20:55:38.018839500Z 4)3:regionNorth East                                               
2021-05-15T20:55:38.018846800Z ns(tstop, df =                      0.137   0.230     0.596   0.551
2021-05-15T20:55:38.018854300Z 4)4:regionNorth East                                               
2021-05-15T20:55:38.018861700Z ns(tstop, df =                      0.232   0.199     1.169   0.242
2021-05-15T20:55:38.018869300Z 4)1:regionNorth West                                               
2021-05-15T20:55:38.018877800Z ns(tstop, df =                      0.216   0.194     1.113   0.266
2021-05-15T20:55:38.018885500Z 4)2:regionNorth West                                               
2021-05-15T20:55:38.018892700Z ns(tstop, df =                      0.672   0.444     1.515   0.130
2021-05-15T20:55:38.018899800Z 4)3:regionNorth West                                               
2021-05-15T20:55:38.018906900Z ns(tstop, df =                      0.337   0.184     1.831   0.067
2021-05-15T20:55:38.018914500Z 4)4:regionNorth West                                               
2021-05-15T20:55:38.018921700Z ns(tstop, df =                      0.000   0.195     0.001   0.999
2021-05-15T20:55:38.018928900Z 4)1:regionSouth East                                               
2021-05-15T20:55:38.018936000Z ns(tstop, df =                      0.239   0.187     1.278   0.201
2021-05-15T20:55:38.018943100Z 4)2:regionSouth East                                               
2021-05-15T20:55:38.018950400Z ns(tstop, df =                     -0.505   0.429    -1.178   0.239
2021-05-15T20:55:38.018957900Z 4)3:regionSouth East                                               
2021-05-15T20:55:38.018965000Z ns(tstop, df =                      0.120   0.191     0.628   0.530
2021-05-15T20:55:38.018972300Z 4)4:regionSouth East                                               
2021-05-15T20:55:38.018979400Z ns(tstop, df =                     -0.208   0.149    -1.402   0.161
2021-05-15T20:55:38.018995300Z 4)1:regionSouth West                                               
2021-05-15T20:55:38.019003000Z ns(tstop, df =                     -0.017   0.145    -0.118   0.906
2021-05-15T20:55:38.019010200Z 4)2:regionSouth West                                               
2021-05-15T20:55:38.019017300Z ns(tstop, df =                     -0.240   0.327    -0.736   0.462
2021-05-15T20:55:38.019184300Z 4)3:regionSouth West                                               
2021-05-15T20:55:38.019233700Z ns(tstop, df =                      0.471   0.146     3.220   0.001
2021-05-15T20:55:38.019243100Z 4)4:regionSouth West                                               
2021-05-15T20:55:38.019250500Z ns(tstop, df =                      0.287   0.255     1.126   0.260
2021-05-15T20:55:38.019258100Z 4)1:regionWest Midlands                                            
2021-05-15T20:55:38.019336800Z ns(tstop, df =                      0.439   0.237     1.850   0.064
2021-05-15T20:55:38.019348400Z 4)2:regionWest Midlands                                            
2021-05-15T20:55:38.019355900Z ns(tstop, df =                      0.211   0.571     0.369   0.712
2021-05-15T20:55:38.019363500Z 4)3:regionWest Midlands                                            
2021-05-15T20:55:38.019370900Z ns(tstop, df =                      0.443   0.243     1.822   0.068
2021-05-15T20:55:38.019378400Z 4)4:regionWest Midlands                                            
2021-05-15T20:55:38.019446900Z ns(tstop, df =                     -0.354   0.165    -2.143   0.032
2021-05-15T20:55:38.019464100Z 4)1:regionYorkshire and The                                        
2021-05-15T20:55:38.019472200Z Humber                                                             
2021-05-15T20:55:38.019501300Z ns(tstop, df =                     -0.120   0.160    -0.749   0.454
2021-05-15T20:55:38.019513300Z 4)2:regionYorkshire and The                                        
2021-05-15T20:55:38.019520900Z Humber                                                             
2021-05-15T20:55:38.019528100Z ns(tstop, df =                     -0.302   0.360    -0.840   0.401
2021-05-15T20:55:38.019736300Z 4)3:regionYorkshire and The                                        
2021-05-15T20:55:38.019755900Z Humber                                                             
2021-05-15T20:55:38.019824600Z ns(tstop, df =                      0.072   0.156     0.461   0.644
2021-05-15T20:55:38.019891300Z 4)4:regionYorkshire and The                                        
2021-05-15T20:55:38.019960300Z Humber                                                             
2021-05-15T20:55:38.020075300Z -------------------------------------------------------------------
2021-05-15T20:55:38.020143800Z msmmod4_par data size = 7239842 
2021-05-15T20:55:52.835279800Z memory usage = 3.099 GB 
2021-05-15T20:56:55.490049800Z NULL
2021-05-15T20:56:55.490140000Z   
2021-05-15T20:56:57.709392000Z              used    (Mb) gc trigger    (Mb)   max used    (Mb)
2021-05-15T20:56:57.709468500Z Ncells    2339326   125.0   14326354   765.2    2339326   125.0
2021-05-15T20:56:57.709478700Z Vcells 1367631278 10434.2 2971835942 22673.4 1367631278 10434.2


state: succeeded
commit: de6f9408529f435cf464d104fcd90d74e4dbc51d
docker_image_id: sha256:b0e86ebee1d778d06c4c86d5d4c32dd910483eb4b0a9c7ed3997f928aa94c500
exit_code: 0
job_id: kex7m3elz4p4irb2
run_by_user: wjchulme
created_at: 2021-05-15T19:06:21Z
started_at: 2021-05-15T19:08:10Z
completed_at: 2021-05-15T20:57:14Z

Completed successfully

outputs:
  output/over80s/death/pfizer/all/all/data_weights.rds              - highly_sensitive    
  output/over80s/death/pfizer/all/all/model1.rds                    - highly_sensitive    
  output/over80s/death/pfizer/all/all/model2.rds                    - highly_sensitive    
  output/over80s/death/pfizer/all/all/model3.rds                    - highly_sensitive    
  output/over80s/death/pfizer/all/all/model4.rds                    - highly_sensitive    
  output/over80s/death/pfizer/all/all/model_formula_vaxaz1.rds      - highly_sensitive    
  output/over80s/death/pfizer/all/all/model_formula_vaxpfizer1.rds  - highly_sensitive    
  output/over80s/death/pfizer/all/all/model_vaxaz1.rds              - highly_sensitive    
  output/over80s/death/pfizer/all/all/model_vaxpfizer1.rds          - highly_sensitive    
  output/over80s/death/pfizer/all/all/weights_histogram.svg         - moderately_sensitive
  output/over80s/death/pfizer/all/all/weights_table.txt             - moderately_sensitive