2021-03-31T08:50:53.737378600Z -- Attaching packages --------------------------------------- tidyverse 1.3.0 --
2021-03-31T08:50:53.746154500Z v ggplot2 3.3.2     v purrr   0.3.4
2021-03-31T08:50:53.746181700Z v tibble  3.0.3     v dplyr   1.0.2
2021-03-31T08:50:53.746190200Z v tidyr   1.1.2     v stringr 1.4.0
2021-03-31T08:50:53.746197300Z v readr   1.3.1     v forcats 0.5.0
2021-03-31T08:50:53.915330200Z -- Conflicts ------------------------------------------ tidyverse_conflicts() --
2021-03-31T08:50:53.915379100Z x dplyr::filter() masks stats::filter()
2021-03-31T08:50:53.915387500Z x dplyr::lag()    masks stats::lag()
2021-03-31T08:50:56.168015800Z #BlackLivesMatter
2021-03-31T08:50:56.238597700Z 
2021-03-31T08:50:56.238643400Z Attaching package: 'lubridate'
2021-03-31T08:50:56.238651800Z 
2021-03-31T08:50:56.241504600Z The following objects are masked from 'package:base':
2021-03-31T08:50:56.241542700Z 
2021-03-31T08:50:56.241551200Z     date, intersect, setdiff, union
2021-03-31T08:50:56.241558300Z 
2021-03-31T08:50:56.671557800Z <environment: R_GlobalEnv>
2021-03-31T08:50:56.672031400Z <environment: R_GlobalEnv>
2021-03-31T08:50:59.550738400Z data_cox data size = 100000 
2021-03-31T08:50:59.552070300Z   memory usage = 0.042 GB 
2021-03-31T08:50:59.649898800Z     
2021-03-31T08:50:59.649972000Z all   
2021-03-31T08:50:59.650014900Z   
2021-03-31T08:51:00.245189600Z   
2021-03-31T08:51:00.245270200Z coxmod0 
2021-03-31T08:53:05.205356200Z coxmod0 data size = 100000 
2021-03-31T08:53:06.890022700Z memory usage = 0.848 GB 
2021-03-31T08:54:14.979114800Z   
2021-03-31T08:54:14.979199100Z coxmod1 
2021-03-31T08:59:24.140274900Z coxmod1 data size = 100000 
2021-03-31T08:59:25.939457100Z memory usage = 0.848 GB 
2021-03-31T09:02:29.881807200Z   
2021-03-31T09:02:29.881897600Z coxmod2 
2021-03-31T09:14:00.690224400Z coxmod2 data size = 100000 
2021-03-31T09:14:02.344126300Z memory usage = 0.848 GB 
2021-03-31T09:18:57.685712100Z NULL
2021-03-31T09:18:57.685785400Z   
2021-03-31T09:19:05.936721100Z              used    (Mb) gc trigger    (Mb)   max used    (Mb)
2021-03-31T09:19:05.936783000Z Ncells   10441316   557.7   45542233  2432.3   10441316   557.7
2021-03-31T09:19:05.936792900Z Vcells 1442441741 11005.0 2960506031 22586.9 1442441741 11005.0


state: succeeded
commit: 2f1293a9d16087f628fb5801aeead17c32437680
docker_image_id: sha256:876a994cdafb8d3fb4b710249fd7716a31efd3ea26cb3faf7aa2187853c6c624
exit_code: 0
job_id: pwmbcw2wzyszaycg
run_by_user: wjchulme
created_at: 2021-03-31T08:50:12Z
started_at: 2021-03-31T08:50:51Z
completed_at: 2021-03-31T09:19:18Z

Completed successfully

outputs:
  output/over80s/noncoviddeath/any/all/all/modelcox0.rds      - highly_sensitive    
  output/over80s/noncoviddeath/any/all/all/modelcox1.rds      - highly_sensitive    
  output/over80s/noncoviddeath/any/all/all/modelcox2.rds      - highly_sensitive    
  output/over80s/noncoviddeath/any/all/strata_vector_cox.rds  - moderately_sensitive