2021-03-20T07:50:27.028408300Z -- Attaching packages --------------------------------------- tidyverse 1.3.0 --
2021-03-20T07:50:27.037248500Z v ggplot2 3.3.2     v purrr   0.3.4
2021-03-20T07:50:27.037297800Z v tibble  3.0.3     v dplyr   1.0.2
2021-03-20T07:50:27.037306500Z v tidyr   1.1.2     v stringr 1.4.0
2021-03-20T07:50:27.037313700Z v readr   1.3.1     v forcats 0.5.0
2021-03-20T07:50:27.218648200Z -- Conflicts ------------------------------------------ tidyverse_conflicts() --
2021-03-20T07:50:27.218720300Z x dplyr::filter() masks stats::filter()
2021-03-20T07:50:27.218728800Z x dplyr::lag()    masks stats::lag()
2021-03-20T07:50:29.364038500Z 
2021-03-20T07:50:29.364087300Z Attaching package: 'lubridate'
2021-03-20T07:50:29.364096500Z 
2021-03-20T07:50:29.365494700Z The following objects are masked from 'package:base':
2021-03-20T07:50:29.365533800Z 
2021-03-20T07:50:29.365543100Z     date, intersect, setdiff, union
2021-03-20T07:50:29.365550800Z 
2021-03-20T07:50:29.712024000Z <environment: R_GlobalEnv>
2021-03-20T07:50:29.712456400Z <environment: R_GlobalEnv>
2021-03-20T07:51:10.524328000Z data_pt data size = 13653224 
2021-03-20T07:51:10.525430900Z   memory usage = 4.096 GB 
2021-03-20T07:51:11.950677900Z     
2021-03-20T07:51:11.950715700Z all   
2021-03-20T07:51:11.950724800Z   
2021-03-20T07:51:26.256635900Z   
2021-03-20T07:51:26.256704700Z ipwvaxany1 
2021-03-20T08:01:32.283495000Z MODEL INFO:
2021-03-20T08:01:32.283545000Z Observations: 6878262
2021-03-20T08:01:32.283554500Z Dependent Variable: 
2021-03-20T08:01:32.283674100Z Type: Generalized linear model
2021-03-20T08:01:32.283696000Z   Family: binomial 
2021-03-20T08:01:32.283705100Z   Link function: logit 
2021-03-20T08:01:32.283712700Z 
2021-03-20T08:01:32.286764100Z MODEL FIT:
2021-03-20T08:01:32.286782600Z <U+03C7><U+00B2>(84) = 194000.748, p = 0.000
2021-03-20T08:01:32.286792100Z Pseudo-R<U+00B2> (Cragg-Uhler) = 
2021-03-20T08:01:32.286799500Z Pseudo-R<U+00B2> (McFadden) = 0.122
2021-03-20T08:01:32.286807100Z AIC = 1400689.133, BIC = 1401857.362 
2021-03-20T08:01:32.286814500Z 
2021-03-20T08:01:32.287433600Z Standard errors: MLE
2021-03-20T08:01:32.607961200Z ---------------------------------------------------------------------------
2021-03-20T08:01:32.607982500Z                                              Est.    S.E.    z val.       p
2021-03-20T08:01:32.607991600Z --------------------------------------- --------- ------- --------- -------
2021-03-20T08:01:32.607999500Z (Intercept)                               -17.168   0.900   -19.069   0.000
2021-03-20T08:01:32.608033700Z age                                         0.226   0.021    10.872   0.000
2021-03-20T08:01:32.608042100Z I(age  age)                                -0.001   0.000   -12.038   0.000
2021-03-20T08:01:32.608049100Z sexMale                                     0.089   0.005    17.290   0.000
2021-03-20T08:01:32.608056000Z imd2                                        0.117   0.009    12.405   0.000
2021-03-20T08:01:32.608063000Z imd3                                        0.177   0.009    19.561   0.000
2021-03-20T08:01:32.608070000Z imd4                                        0.227   0.009    25.197   0.000
2021-03-20T08:01:32.608076800Z imd5 least deprived                         0.281   0.009    31.164   0.000
2021-03-20T08:01:32.608083700Z ethnicityMixed                              0.284   0.059     4.843   0.000
2021-03-20T08:01:32.608090500Z ethnicitySouth Asian                        0.302   0.033     9.270   0.000
2021-03-20T08:01:32.608097400Z ethnicityWhite                              0.762   0.029    26.591   0.000
2021-03-20T08:01:32.608104200Z ethnicityOther                              0.260   0.045     5.833   0.000
2021-03-20T08:01:32.608111100Z chronic_cardiac_diseaseTRUE                -0.036   0.006    -6.510   0.000
2021-03-20T08:01:32.608117900Z current_copdTRUE                           -0.045   0.008    -5.427   0.000
2021-03-20T08:01:32.608124800Z dementiaTRUE                               -0.240   0.009   -25.595   0.000
2021-03-20T08:01:32.608131600Z dialysisTRUE                               -0.180   0.059    -3.024   0.002
2021-03-20T08:01:32.608138600Z diabetesTRUE                               -0.031   0.006    -5.368   0.000
2021-03-20T08:01:32.608145400Z solid_organ_transplantationTRUE             0.205   0.100     2.048   0.041
2021-03-20T08:01:32.608152400Z chemo_or_radioTRUE                         -0.006   0.014    -0.440   0.660
2021-03-20T08:01:32.608159300Z permanant_immunosuppressionTRUE            -0.057   0.085    -0.670   0.503
2021-03-20T08:01:32.608166300Z aspleniaTRUE                               -0.045   0.052    -0.853   0.394
2021-03-20T08:01:32.608173100Z dmardsTRUE                                  0.016   0.014     1.140   0.254
2021-03-20T08:01:32.608179900Z intel_dis_incl_downs_syndromeTRUE          -0.421   0.067    -6.291   0.000
2021-03-20T08:01:32.608187600Z psychosis_schiz_bipolarTRUE                -0.314   0.030   -10.433   0.000
2021-03-20T08:01:32.608195000Z lung_cancerTRUE                            -0.127   0.031    -4.162   0.000
2021-03-20T08:01:32.608202000Z cancer_excl_lung_and_haemTRUE               0.026   0.007     3.957   0.000
2021-03-20T08:01:32.608209000Z haematological_cancerTRUE                   0.016   0.018     0.863   0.388
2021-03-20T08:01:32.608216600Z flu_vaccineTRUE                             0.828   0.009    87.698   0.000
2021-03-20T08:01:32.608223900Z ns(tstop, df = 4)1                         -0.604   0.045   -13.358   0.000
2021-03-20T08:01:32.608239800Z ns(tstop, df = 4)2                          5.672   0.036   156.561   0.000
2021-03-20T08:01:32.608247600Z ns(tstop, df = 4)3                          7.435   0.098    76.221   0.000
2021-03-20T08:01:32.608254600Z ns(tstop, df = 4)4                         -1.759   0.057   -30.892   0.000
2021-03-20T08:01:32.608261500Z regionEast Midlands                        -1.806   0.107   -16.879   0.000
2021-03-20T08:01:32.608268400Z regionLondon                               -1.876   0.219    -8.572   0.000
2021-03-20T08:01:32.608275300Z regionNorth East                           -1.706   0.165   -10.315   0.000
2021-03-20T08:01:32.608282200Z regionNorth West                           -1.729   0.116   -14.929   0.000
2021-03-20T08:01:32.608289100Z regionSouth East                           -2.242   0.138   -16.260   0.000
2021-03-20T08:01:32.608295900Z regionSouth West                           -1.821   0.090   -20.193   0.000
2021-03-20T08:01:32.608302800Z regionWest Midlands                        -2.591   0.185   -14.039   0.000
2021-03-20T08:01:32.608309700Z regionYorkshire and The                    -2.450   0.104   -23.589   0.000
2021-03-20T08:01:32.608316600Z Humber                                                                     
2021-03-20T08:01:32.608323600Z hospital_status                             0.143   0.006    25.789   0.000
2021-03-20T08:01:32.608330700Z timesince_probable_covid_pw[1,             -3.318   0.501    -6.626   0.000
2021-03-20T08:01:32.608337600Z 3)                                                                         
2021-03-20T08:01:32.608344700Z timesince_probable_covid_pw[3,             -2.512   0.237   -10.617   0.000
2021-03-20T08:01:32.608351600Z 7)                                                                         
2021-03-20T08:01:32.608358500Z timesince_probable_covid_pw[7,             -2.275   0.163   -13.953   0.000
2021-03-20T08:01:32.608365400Z 14)                                                                        
2021-03-20T08:01:32.608372400Z timesince_probable_covid_pw[14,            -1.831   0.140   -13.100   0.000
2021-03-20T08:01:32.608379300Z 21)                                                                        
2021-03-20T08:01:32.608386800Z timesince_probable_covid_pw[21,            -1.086   0.112    -9.739   0.000
2021-03-20T08:01:32.608394000Z 28)                                                                        
2021-03-20T08:01:32.608401000Z timesince_probable_covid_pw[28,            -0.081   0.060    -1.337   0.181
2021-03-20T08:01:32.608407900Z Inf)                                                                       
2021-03-20T08:01:32.608414800Z timesince_suspected_covid_pw[1,             0.579   0.086     6.728   0.000
2021-03-20T08:01:32.608421700Z 3)                                                                         
2021-03-20T08:01:32.608428600Z timesince_suspected_covid_pw[3,             0.504   0.070     7.209   0.000
2021-03-20T08:01:32.608435600Z 7)                                                                         
2021-03-20T08:01:32.608450300Z timesince_suspected_covid_pw[7,             0.024   0.078     0.306   0.760
2021-03-20T08:01:32.608457800Z 14)                                                                        
2021-03-20T08:01:32.608464700Z timesince_suspected_covid_pw[14,            0.041   0.091     0.450   0.653
2021-03-20T08:01:32.608471600Z 21)                                                                        
2021-03-20T08:01:32.608478500Z timesince_suspected_covid_pw[21,           -0.045   0.096    -0.474   0.635
2021-03-20T08:01:32.608485400Z 28)                                                                        
2021-03-20T08:01:32.608492400Z timesince_suspected_covid_pw[28,            0.034   0.060     0.568   0.570
2021-03-20T08:01:32.608499200Z Inf)                                                                       
2021-03-20T08:01:32.608506200Z ns(tstop, df =                              3.195   0.105    30.543   0.000
2021-03-20T08:01:32.608513100Z 4)1:regionEast Midlands                                                    
2021-03-20T08:01:32.608520100Z ns(tstop, df =                              0.683   0.072     9.479   0.000
2021-03-20T08:01:32.608527000Z 4)2:regionEast Midlands                                                    
2021-03-20T08:01:32.608534000Z ns(tstop, df =                              2.467   0.228    10.843   0.000
2021-03-20T08:01:32.608540800Z 4)3:regionEast Midlands                                                    
2021-03-20T08:01:32.608547800Z ns(tstop, df =                              2.411   0.088    27.405   0.000
2021-03-20T08:01:32.608554700Z 4)4:regionEast Midlands                                                    
2021-03-20T08:01:32.608561700Z ns(tstop, df =                              3.270   0.210    15.548   0.000
2021-03-20T08:01:32.608568500Z 4)1:regionLondon                                                           
2021-03-20T08:01:32.608575500Z ns(tstop, df =                              0.734   0.144     5.082   0.000
2021-03-20T08:01:32.608583000Z 4)2:regionLondon                                                           
2021-03-20T08:01:32.608590500Z ns(tstop, df =                              2.289   0.461     4.967   0.000
2021-03-20T08:01:32.608597300Z 4)3:regionLondon                                                           
2021-03-20T08:01:32.608604500Z ns(tstop, df =                              0.558   0.167     3.351   0.001
2021-03-20T08:01:32.608611400Z 4)4:regionLondon                                                           
2021-03-20T08:01:32.608618300Z ns(tstop, df =                              3.500   0.159    22.068   0.000
2021-03-20T08:01:32.608625200Z 4)1:regionNorth East                                                       
2021-03-20T08:01:32.608632200Z ns(tstop, df =                              0.375   0.116     3.233   0.001
2021-03-20T08:01:32.608639000Z 4)2:regionNorth East                                                       
2021-03-20T08:01:32.608658700Z ns(tstop, df =                              2.736   0.349     7.832   0.000
2021-03-20T08:01:32.608666400Z 4)3:regionNorth East                                                       
2021-03-20T08:01:32.608673300Z ns(tstop, df =                              1.355   0.154     8.789   0.000
2021-03-20T08:01:32.608680100Z 4)4:regionNorth East                                                       
2021-03-20T08:01:32.608687000Z ns(tstop, df =                              3.197   0.111    28.711   0.000
2021-03-20T08:01:32.608694100Z 4)1:regionNorth West                                                       
2021-03-20T08:01:32.608701000Z ns(tstop, df =                              0.743   0.085     8.721   0.000
2021-03-20T08:01:32.608707900Z 4)2:regionNorth West                                                       
2021-03-20T08:01:32.608715000Z ns(tstop, df =                              3.140   0.248    12.684   0.000
2021-03-20T08:01:32.608721800Z 4)3:regionNorth West                                                       
2021-03-20T08:01:32.608729000Z ns(tstop, df =                              0.887   0.125     7.114   0.000
2021-03-20T08:01:32.608735900Z 4)4:regionNorth West                                                       
2021-03-20T08:01:32.608742900Z ns(tstop, df =                              2.846   0.132    21.560   0.000
2021-03-20T08:01:32.608749800Z 4)1:regionSouth East                                                       
2021-03-20T08:01:32.608757000Z ns(tstop, df =                              0.933   0.097     9.649   0.000
2021-03-20T08:01:32.608763900Z 4)2:regionSouth East                                                       
2021-03-20T08:01:32.608770800Z ns(tstop, df =                              4.282   0.294    14.586   0.000
2021-03-20T08:01:32.608777600Z 4)3:regionSouth East                                                       
2021-03-20T08:01:32.608784900Z ns(tstop, df =                              1.083   0.122     8.853   0.000
2021-03-20T08:01:32.608792000Z 4)4:regionSouth East                                                       
2021-03-20T08:01:32.608798900Z ns(tstop, df =                              2.623   0.088    29.859   0.000
2021-03-20T08:01:32.608805800Z 4)1:regionSouth West                                                       
2021-03-20T08:01:32.608812800Z ns(tstop, df =                              0.776   0.066    11.750   0.000
2021-03-20T08:01:32.608819600Z 4)2:regionSouth West                                                       
2021-03-20T08:01:32.608826400Z ns(tstop, df =                              3.497   0.194    17.985   0.000
2021-03-20T08:01:32.608833200Z 4)3:regionSouth West                                                       
2021-03-20T08:01:32.608840200Z ns(tstop, df =                              1.256   0.092    13.646   0.000
2021-03-20T08:01:32.608847100Z 4)4:regionSouth West                                                       
2021-03-20T08:01:32.608853900Z ns(tstop, df =                              3.211   0.173    18.545   0.000
2021-03-20T08:01:32.608868800Z 4)1:regionWest Midlands                                                    
2021-03-20T08:01:32.608876400Z ns(tstop, df =                              1.067   0.134     7.960   0.000
2021-03-20T08:01:32.608883400Z 4)2:regionWest Midlands                                                    
2021-03-20T08:01:32.608890200Z ns(tstop, df =                              5.403   0.392    13.796   0.000
2021-03-20T08:01:32.608897100Z 4)3:regionWest Midlands                                                    
2021-03-20T08:01:32.608904300Z ns(tstop, df =                              0.071   0.165     0.431   0.667
2021-03-20T08:01:32.608911400Z 4)4:regionWest Midlands                                                    
2021-03-20T08:01:32.608918700Z ns(tstop, df =                              3.498   0.099    35.281   0.000
2021-03-20T08:01:32.608925700Z 4)1:regionYorkshire and The                                                
2021-03-20T08:01:32.608933500Z Humber                                                                     
2021-03-20T08:01:32.608940300Z ns(tstop, df =                              0.826   0.076    10.809   0.000
2021-03-20T08:01:32.608947300Z 4)2:regionYorkshire and The                                                
2021-03-20T08:01:32.608954600Z Humber                                                                     
2021-03-20T08:01:32.608962000Z ns(tstop, df =                              5.147   0.222    23.206   0.000
2021-03-20T08:01:32.608969200Z 4)3:regionYorkshire and The                                                
2021-03-20T08:01:32.608976000Z Humber                                                                     
2021-03-20T08:01:32.608983500Z ns(tstop, df =                              1.022   0.102     9.992   0.000
2021-03-20T08:01:32.608990600Z 4)4:regionYorkshire and The                                                
2021-03-20T08:01:32.608997500Z Humber                                                                     
2021-03-20T08:01:32.609004300Z ---------------------------------------------------------------------------
2021-03-20T08:01:32.609011100Z ipwvaxany1 data size = 6878262 
2021-03-20T08:01:44.728872600Z memory usage = 5.008 GB 
2021-03-20T08:01:44.728930000Z   
2021-03-20T08:01:44.728940100Z ipwvaxpany1_fxd 
2021-03-20T08:09:32.352989000Z MODEL INFO:
2021-03-20T08:09:32.353110100Z Observations: 6878262
2021-03-20T08:09:32.353163500Z Dependent Variable: 
2021-03-20T08:09:32.353172200Z Type: Generalized linear model
2021-03-20T08:09:32.353179800Z   Family: binomial 
2021-03-20T08:09:32.353187400Z   Link function: logit 
2021-03-20T08:09:32.353195200Z 
2021-03-20T08:09:32.355595900Z MODEL FIT:
2021-03-20T08:09:32.355617600Z <U+03C7><U+00B2>(71) = 191663.648, p = 0.000
2021-03-20T08:09:32.355652000Z Pseudo-R<U+00B2> (Cragg-Uhler) = 
2021-03-20T08:09:32.355661100Z Pseudo-R<U+00B2> (McFadden) = 0.120
2021-03-20T08:09:32.355668300Z AIC = 1403000.233, BIC = 1403989.792 
2021-03-20T08:09:32.355675000Z 
2021-03-20T08:09:32.355908900Z Standard errors: MLE
2021-03-20T08:09:32.609438000Z ---------------------------------------------------------------------------
2021-03-20T08:09:32.609497400Z                                              Est.    S.E.    z val.       p
2021-03-20T08:09:32.609506400Z --------------------------------------- --------- ------- --------- -------
2021-03-20T08:09:32.609513600Z (Intercept)                               -17.212   0.900   -19.120   0.000
2021-03-20T08:09:32.609520700Z age                                         0.229   0.021    11.013   0.000
2021-03-20T08:09:32.609527800Z I(age  age)                                -0.001   0.000   -12.160   0.000
2021-03-20T08:09:32.609535200Z sexMale                                     0.086   0.005    16.719   0.000
2021-03-20T08:09:32.609542200Z imd2                                        0.117   0.009    12.396   0.000
2021-03-20T08:09:32.609549300Z imd3                                        0.178   0.009    19.693   0.000
2021-03-20T08:09:32.609556500Z imd4                                        0.228   0.009    25.250   0.000
2021-03-20T08:09:32.609563600Z imd5 least deprived                         0.280   0.009    31.141   0.000
2021-03-20T08:09:32.609571200Z ethnicityMixed                              0.274   0.059     4.674   0.000
2021-03-20T08:09:32.609578500Z ethnicitySouth Asian                        0.301   0.033     9.221   0.000
2021-03-20T08:09:32.609585700Z ethnicityWhite                              0.761   0.029    26.584   0.000
2021-03-20T08:09:32.609592800Z ethnicityOther                              0.251   0.045     5.634   0.000
2021-03-20T08:09:32.609599800Z chronic_cardiac_diseaseTRUE                -0.022   0.006    -4.046   0.000
2021-03-20T08:09:32.609607000Z current_copdTRUE                           -0.037   0.008    -4.536   0.000
2021-03-20T08:09:32.609614200Z dementiaTRUE                               -0.239   0.009   -25.591   0.000
2021-03-20T08:09:32.609621400Z dialysisTRUE                               -0.181   0.059    -3.051   0.002
2021-03-20T08:09:32.609628700Z diabetesTRUE                               -0.029   0.006    -5.013   0.000
2021-03-20T08:09:32.609636000Z solid_organ_transplantationTRUE             0.204   0.100     2.040   0.041
2021-03-20T08:09:32.609642900Z chemo_or_radioTRUE                         -0.005   0.014    -0.371   0.710
2021-03-20T08:09:32.609650000Z permanant_immunosuppressionTRUE            -0.041   0.085    -0.482   0.630
2021-03-20T08:09:32.609657400Z aspleniaTRUE                               -0.041   0.052    -0.786   0.432
2021-03-20T08:09:32.609664500Z dmardsTRUE                                  0.022   0.014     1.558   0.119
2021-03-20T08:09:32.609700500Z intel_dis_incl_downs_syndromeTRUE          -0.435   0.067    -6.505   0.000
2021-03-20T08:09:32.609711000Z psychosis_schiz_bipolarTRUE                -0.314   0.030   -10.438   0.000
2021-03-20T08:09:32.609718300Z lung_cancerTRUE                            -0.114   0.031    -3.709   0.000
2021-03-20T08:09:32.609725600Z cancer_excl_lung_and_haemTRUE               0.037   0.007     5.610   0.000
2021-03-20T08:09:32.609732500Z haematological_cancerTRUE                   0.025   0.018     1.345   0.179
2021-03-20T08:09:32.609739500Z flu_vaccineTRUE                             0.833   0.009    88.393   0.000
2021-03-20T08:09:32.609746400Z ns(tstop, df = 4)1                         -0.608   0.045   -13.464   0.000
2021-03-20T08:09:32.609753300Z ns(tstop, df = 4)2                          5.658   0.036   156.117   0.000
2021-03-20T08:09:32.609789300Z ns(tstop, df = 4)3                          7.370   0.097    75.595   0.000
2021-03-20T08:09:32.609798200Z ns(tstop, df = 4)4                         -1.852   0.057   -32.497   0.000
2021-03-20T08:09:32.609805300Z regionEast Midlands                        -1.805   0.107   -16.876   0.000
2021-03-20T08:09:32.609812200Z regionLondon                               -1.867   0.218    -8.547   0.000
2021-03-20T08:09:32.609819000Z regionNorth East                           -1.705   0.165   -10.315   0.000
2021-03-20T08:09:32.609826000Z regionNorth West                           -1.729   0.116   -14.930   0.000
2021-03-20T08:09:32.609832900Z regionSouth East                           -2.237   0.138   -16.235   0.000
2021-03-20T08:09:32.609839800Z regionSouth West                           -1.818   0.090   -20.165   0.000
2021-03-20T08:09:32.609846800Z regionWest Midlands                        -2.587   0.184   -14.023   0.000
2021-03-20T08:09:32.609853800Z regionYorkshire and The                    -2.446   0.104   -23.563   0.000
2021-03-20T08:09:32.609860800Z Humber                                                                     
2021-03-20T08:09:32.609867900Z ns(tstop, df =                              3.194   0.105    30.544   0.000
2021-03-20T08:09:32.609874900Z 4)1:regionEast Midlands                                                    
2021-03-20T08:09:32.609881800Z ns(tstop, df =                              0.681   0.072     9.450   0.000
2021-03-20T08:09:32.609888700Z 4)2:regionEast Midlands                                                    
2021-03-20T08:09:32.609895700Z ns(tstop, df =                              2.469   0.227    10.856   0.000
2021-03-20T08:09:32.609902600Z 4)3:regionEast Midlands                                                    
2021-03-20T08:09:32.609909600Z ns(tstop, df =                              2.420   0.088    27.454   0.000
2021-03-20T08:09:32.609917100Z 4)4:regionEast Midlands                                                    
2021-03-20T08:09:32.609924200Z ns(tstop, df =                              3.269   0.210    15.571   0.000
2021-03-20T08:09:32.609932000Z 4)1:regionLondon                                                           
2021-03-20T08:09:32.609949200Z ns(tstop, df =                              0.708   0.144     4.909   0.000
2021-03-20T08:09:32.609957200Z 4)2:regionLondon                                                           
2021-03-20T08:09:32.609964300Z ns(tstop, df =                              2.253   0.460     4.898   0.000
2021-03-20T08:09:32.609971100Z 4)3:regionLondon                                                           
2021-03-20T08:09:32.609978100Z ns(tstop, df =                              0.555   0.167     3.320   0.001
2021-03-20T08:09:32.609984900Z 4)4:regionLondon                                                           
2021-03-20T08:09:32.609991700Z ns(tstop, df =                              3.497   0.159    22.057   0.000
2021-03-20T08:09:32.609998500Z 4)1:regionNorth East                                                       
2021-03-20T08:09:32.610005400Z ns(tstop, df =                              0.375   0.116     3.227   0.001
2021-03-20T08:09:32.610012200Z 4)2:regionNorth East                                                       
2021-03-20T08:09:32.610019100Z ns(tstop, df =                              2.748   0.349     7.869   0.000
2021-03-20T08:09:32.610025900Z 4)3:regionNorth East                                                       
2021-03-20T08:09:32.610032700Z ns(tstop, df =                              1.380   0.154     8.936   0.000
2021-03-20T08:09:32.610039500Z 4)4:regionNorth East                                                       
2021-03-20T08:09:32.610046400Z ns(tstop, df =                              3.199   0.111    28.739   0.000
2021-03-20T08:09:32.610053300Z 4)1:regionNorth West                                                       
2021-03-20T08:09:32.610060100Z ns(tstop, df =                              0.746   0.085     8.742   0.000
2021-03-20T08:09:32.610066800Z 4)2:regionNorth West                                                       
2021-03-20T08:09:32.610073700Z ns(tstop, df =                              3.137   0.247    12.674   0.000
2021-03-20T08:09:32.610080500Z 4)3:regionNorth West                                                       
2021-03-20T08:09:32.610087300Z ns(tstop, df =                              0.863   0.125     6.893   0.000
2021-03-20T08:09:32.610094200Z 4)4:regionNorth West                                                       
2021-03-20T08:09:32.610101000Z ns(tstop, df =                              2.845   0.132    21.566   0.000
2021-03-20T08:09:32.610107900Z 4)1:regionSouth East                                                       
2021-03-20T08:09:32.610114700Z ns(tstop, df =                              0.928   0.097     9.595   0.000
2021-03-20T08:09:32.610121400Z 4)2:regionSouth East                                                       
2021-03-20T08:09:32.610129200Z ns(tstop, df =                              4.265   0.293    14.538   0.000
2021-03-20T08:09:32.610136300Z 4)3:regionSouth East                                                       
2021-03-20T08:09:32.610149900Z ns(tstop, df =                              1.052   0.123     8.571   0.000
2021-03-20T08:09:32.610157200Z 4)4:regionSouth East                                                       
2021-03-20T08:09:32.610164000Z ns(tstop, df =                              2.622   0.088    29.857   0.000
2021-03-20T08:09:32.610170800Z 4)1:regionSouth West                                                       
2021-03-20T08:09:32.610177600Z ns(tstop, df =                              0.782   0.066    11.824   0.000
2021-03-20T08:09:32.610184400Z 4)2:regionSouth West                                                       
2021-03-20T08:09:32.610191200Z ns(tstop, df =                              3.503   0.194    18.019   0.000
2021-03-20T08:09:32.610198000Z 4)3:regionSouth West                                                       
2021-03-20T08:09:32.610204900Z ns(tstop, df =                              1.261   0.092    13.664   0.000
2021-03-20T08:09:32.610211700Z 4)4:regionSouth West                                                       
2021-03-20T08:09:32.610218400Z ns(tstop, df =                              3.208   0.173    18.539   0.000
2021-03-20T08:09:32.610225200Z 4)1:regionWest Midlands                                                    
2021-03-20T08:09:32.610232000Z ns(tstop, df =                              1.059   0.134     7.905   0.000
2021-03-20T08:09:32.610238800Z 4)2:regionWest Midlands                                                    
2021-03-20T08:09:32.610245700Z ns(tstop, df =                              5.402   0.391    13.799   0.000
2021-03-20T08:09:32.610252600Z 4)3:regionWest Midlands                                                    
2021-03-20T08:09:32.610259400Z ns(tstop, df =                              0.080   0.165     0.484   0.628
2021-03-20T08:09:32.610266200Z 4)4:regionWest Midlands                                                    
2021-03-20T08:09:32.610272900Z ns(tstop, df =                              3.495   0.099    35.264   0.000
2021-03-20T08:09:32.610279700Z 4)1:regionYorkshire and The                                                
2021-03-20T08:09:32.610286500Z Humber                                                                     
2021-03-20T08:09:32.610293400Z ns(tstop, df =                              0.824   0.076    10.778   0.000
2021-03-20T08:09:32.610300200Z 4)2:regionYorkshire and The                                                
2021-03-20T08:09:32.610307100Z Humber                                                                     
2021-03-20T08:09:32.610313900Z ns(tstop, df =                              5.154   0.222    23.245   0.000
2021-03-20T08:09:32.610323800Z 4)3:regionYorkshire and The                                                
2021-03-20T08:09:32.610330700Z Humber                                                                     
2021-03-20T08:09:32.610337500Z ns(tstop, df =                              1.039   0.103    10.139   0.000
2021-03-20T08:09:32.610344200Z 4)4:regionYorkshire and The                                                
2021-03-20T08:09:32.610357700Z Humber                                                                     
2021-03-20T08:09:32.610365100Z ---------------------------------------------------------------------------
2021-03-20T08:09:32.610371900Z ipwvaxany1_fxd data size = 6878262 
2021-03-20T08:09:44.580415400Z memory usage = 5.008 GB 
2021-03-20T08:29:29.881350600Z   
2021-03-20T08:29:29.881441300Z ipwdeath 
2021-03-20T08:57:24.263250000Z MODEL INFO:
2021-03-20T08:57:24.263297800Z Observations: 13653224
2021-03-20T08:57:24.263307300Z Dependent Variable: 
2021-03-20T08:57:24.263569700Z Type: Generalized linear model
2021-03-20T08:57:24.263629000Z   Family: binomial 
2021-03-20T08:57:24.263638600Z   Link function: logit 
2021-03-20T08:57:24.263646300Z 
2021-03-20T08:57:24.265260700Z MODEL FIT:
2021-03-20T08:57:24.265286000Z <U+03C7><U+00B2>(90) = 6016.254, p = 0.000
2021-03-20T08:57:24.265296400Z Pseudo-R<U+00B2> (Cragg-Uhler) = 
2021-03-20T08:57:24.265304400Z Pseudo-R<U+00B2> (McFadden) = 0.085
2021-03-20T08:57:24.265312000Z AIC = 64785.479, BIC = 66098.562 
2021-03-20T08:57:24.265319600Z 
2021-03-20T08:57:24.265468100Z Standard errors: MLE
2021-03-20T08:57:24.536666000Z ---------------------------------------------------------------------------
2021-03-20T08:57:24.536745300Z                                              Est.    S.E.    z val.       p
2021-03-20T08:57:24.536754000Z --------------------------------------- --------- ------- --------- -------
2021-03-20T08:57:24.536761700Z (Intercept)                               -24.012   4.546    -5.282   0.000
2021-03-20T08:57:24.536769300Z age                                         0.243   0.103     2.361   0.018
2021-03-20T08:57:24.536777100Z I(age  age)                                -0.001   0.001    -1.383   0.167
2021-03-20T08:57:24.536784700Z sexMale                                     0.352   0.033    10.613   0.000
2021-03-20T08:57:24.536793200Z imd2                                        0.038   0.056     0.690   0.490
2021-03-20T08:57:24.536800800Z imd3                                       -0.105   0.056    -1.892   0.058
2021-03-20T08:57:24.536808200Z imd4                                       -0.093   0.056    -1.669   0.095
2021-03-20T08:57:24.536815800Z imd5 least deprived                        -0.079   0.056    -1.406   0.160
2021-03-20T08:57:24.536823200Z ethnicityMixed                              0.287   0.287     1.003   0.316
2021-03-20T08:57:24.536831000Z ethnicitySouth Asian                        0.181   0.164     1.099   0.272
2021-03-20T08:57:24.536838800Z ethnicityWhite                              0.253   0.143     1.763   0.078
2021-03-20T08:57:24.536846200Z ethnicityOther                              0.037   0.247     0.148   0.882
2021-03-20T08:57:24.536883400Z chronic_cardiac_diseaseTRUE                 0.407   0.034    12.118   0.000
2021-03-20T08:57:24.536891500Z current_copdTRUE                            0.399   0.046     8.744   0.000
2021-03-20T08:57:24.536898500Z dementiaTRUE                                0.798   0.041    19.237   0.000
2021-03-20T08:57:24.536905900Z dialysisTRUE                                1.419   0.176     8.084   0.000
2021-03-20T08:57:24.536913000Z diabetesTRUE                                0.241   0.035     6.812   0.000
2021-03-20T08:57:24.536920000Z solid_organ_transplantationTRUE            -0.232   0.587    -0.395   0.693
2021-03-20T08:57:24.536927000Z chemo_or_radioTRUE                          0.062   0.081     0.772   0.440
2021-03-20T08:57:24.536934000Z permanant_immunosuppressionTRUE            -0.317   0.580    -0.546   0.585
2021-03-20T08:57:24.536941800Z aspleniaTRUE                                0.330   0.290     1.137   0.255
2021-03-20T08:57:24.536948700Z dmardsTRUE                                  0.248   0.089     2.793   0.005
2021-03-20T08:57:24.536956000Z intel_dis_incl_downs_syndromeTRUE           0.426   0.303     1.403   0.161
2021-03-20T08:57:24.536964400Z psychosis_schiz_bipolarTRUE                 0.440   0.138     3.186   0.001
2021-03-20T08:57:24.536972000Z lung_cancerTRUE                             1.330   0.103    12.877   0.000
2021-03-20T08:57:24.536979200Z cancer_excl_lung_and_haemTRUE               0.480   0.038    12.550   0.000
2021-03-20T08:57:24.536986300Z haematological_cancerTRUE                   0.584   0.092     6.365   0.000
2021-03-20T08:57:24.536993800Z flu_vaccineTRUE                             0.137   0.053     2.572   0.010
2021-03-20T08:57:24.537004400Z timesincevax_pw(0,1]                       -3.538   0.575    -6.152   0.000
2021-03-20T08:57:24.537011300Z timesincevax_pw(1,4]                       -2.909   0.238   -12.244   0.000
2021-03-20T08:57:24.537018200Z timesincevax_pw(4,7]                       -2.489   0.185   -13.452   0.000
2021-03-20T08:57:24.537025800Z timesincevax_pw(7,14]                      -2.450   0.114   -21.559   0.000
2021-03-20T08:57:24.537032800Z timesincevax_pw(14,21]                     -2.354   0.102   -22.972   0.000
2021-03-20T08:57:24.537040000Z timesincevax_pw(21, Inf]                   -2.400   0.061   -39.590   0.000
2021-03-20T08:57:24.537047000Z ns(tstop, df = 4)1                          1.237   0.168     7.371   0.000
2021-03-20T08:57:24.537054000Z ns(tstop, df = 4)2                          1.871   0.179    10.444   0.000
2021-03-20T08:57:24.537060900Z ns(tstop, df = 4)3                          2.084   0.374     5.573   0.000
2021-03-20T08:57:24.537067800Z ns(tstop, df = 4)4                          0.890   0.194     4.594   0.000
2021-03-20T08:57:24.537074700Z regionEast Midlands                         0.366   0.224     1.636   0.102
2021-03-20T08:57:24.537081700Z regionLondon                               -0.315   0.469    -0.672   0.502
2021-03-20T08:57:24.537096900Z regionNorth East                            0.533   0.328     1.623   0.105
2021-03-20T08:57:24.537104500Z regionNorth West                           -0.137   0.306    -0.447   0.655
2021-03-20T08:57:24.537111300Z regionSouth East                            0.833   0.263     3.166   0.002
2021-03-20T08:57:24.537118200Z regionSouth West                            0.694   0.210     3.300   0.001
2021-03-20T08:57:24.537125200Z regionWest Midlands                         0.134   0.421     0.318   0.750
2021-03-20T08:57:24.537132100Z regionYorkshire and The                     0.101   0.257     0.393   0.694
2021-03-20T08:57:24.537139200Z Humber                                                                     
2021-03-20T08:57:24.537146200Z hospital_status                            -0.952   0.038   -24.782   0.000
2021-03-20T08:57:24.537153300Z timesince_probable_covid_pw[1,              1.366   0.264     5.166   0.000
2021-03-20T08:57:24.537160300Z 3)                                                                         
2021-03-20T08:57:24.537168000Z timesince_probable_covid_pw[3,              2.168   0.134    16.171   0.000
2021-03-20T08:57:24.537175000Z 7)                                                                         
2021-03-20T08:57:24.537182300Z timesince_probable_covid_pw[7,              1.793   0.128    14.057   0.000
2021-03-20T08:57:24.537189200Z 14)                                                                        
2021-03-20T08:57:24.537196200Z timesince_probable_covid_pw[14,             1.454   0.155     9.400   0.000
2021-03-20T08:57:24.537203200Z 21)                                                                        
2021-03-20T08:57:24.537210500Z timesince_probable_covid_pw[21,             0.848   0.218     3.886   0.000
2021-03-20T08:57:24.537217600Z 28)                                                                        
2021-03-20T08:57:24.537224400Z timesince_probable_covid_pw[28,             0.485   0.192     2.527   0.012
2021-03-20T08:57:24.537231500Z Inf)                                                                       
2021-03-20T08:57:24.537238300Z timesince_suspected_covid_pw[1,             1.229   0.361     3.408   0.001
2021-03-20T08:57:24.537245300Z 3)                                                                         
2021-03-20T08:57:24.537252300Z timesince_suspected_covid_pw[3,             1.251   0.251     4.992   0.000
2021-03-20T08:57:24.537259300Z 7)                                                                         
2021-03-20T08:57:24.537266300Z timesince_suspected_covid_pw[7,             0.704   0.257     2.744   0.006
2021-03-20T08:57:24.537273300Z 14)                                                                        
2021-03-20T08:57:24.537280200Z timesince_suspected_covid_pw[14,            0.127   0.358     0.355   0.723
2021-03-20T08:57:24.537287300Z 21)                                                                        
2021-03-20T08:57:24.537294300Z timesince_suspected_covid_pw[21,            0.648   0.307     2.108   0.035
2021-03-20T08:57:24.537308300Z 28)                                                                        
2021-03-20T08:57:24.537315700Z timesince_suspected_covid_pw[28,            0.735   0.200     3.669   0.000
2021-03-20T08:57:24.537322700Z Inf)                                                                       
2021-03-20T08:57:24.537329500Z ns(tstop, df =                             -0.418   0.254    -1.645   0.100
2021-03-20T08:57:24.537336400Z 4)1:regionEast Midlands                                                    
2021-03-20T08:57:24.537343300Z ns(tstop, df =                             -0.083   0.262    -0.315   0.753
2021-03-20T08:57:24.537350300Z 4)2:regionEast Midlands                                                    
2021-03-20T08:57:24.537357200Z ns(tstop, df =                             -1.094   0.551    -1.986   0.047
2021-03-20T08:57:24.537364900Z 4)3:regionEast Midlands                                                    
2021-03-20T08:57:24.537372100Z ns(tstop, df =                              0.111   0.287     0.387   0.699
2021-03-20T08:57:24.537379100Z 4)4:regionEast Midlands                                                    
2021-03-20T08:57:24.537386200Z ns(tstop, df =                              1.321   0.483     2.736   0.006
2021-03-20T08:57:24.537393200Z 4)1:regionLondon                                                           
2021-03-20T08:57:24.537400200Z ns(tstop, df =                             -0.683   0.507    -1.347   0.178
2021-03-20T08:57:24.537407300Z 4)2:regionLondon                                                           
2021-03-20T08:57:24.537414600Z ns(tstop, df =                             -0.755   1.103    -0.684   0.494
2021-03-20T08:57:24.537421500Z 4)3:regionLondon                                                           
2021-03-20T08:57:24.537428500Z ns(tstop, df =                              0.271   0.519     0.523   0.601
2021-03-20T08:57:24.537435400Z 4)4:regionLondon                                                           
2021-03-20T08:57:24.537442200Z ns(tstop, df =                             -0.861   0.407    -2.115   0.034
2021-03-20T08:57:24.537448900Z 4)1:regionNorth East                                                       
2021-03-20T08:57:24.537455700Z ns(tstop, df =                             -0.190   0.415    -0.457   0.648
2021-03-20T08:57:24.537462600Z 4)2:regionNorth East                                                       
2021-03-20T08:57:24.537469400Z ns(tstop, df =                             -1.018   0.833    -1.222   0.222
2021-03-20T08:57:24.537476100Z 4)3:regionNorth East                                                       
2021-03-20T08:57:24.537483000Z ns(tstop, df =                              0.146   0.448     0.326   0.745
2021-03-20T08:57:24.537489900Z 4)4:regionNorth East                                                       
2021-03-20T08:57:24.537496900Z ns(tstop, df =                              0.045   0.337     0.134   0.894
2021-03-20T08:57:24.537510400Z 4)1:regionNorth West                                                       
2021-03-20T08:57:24.537517900Z ns(tstop, df =                              0.137   0.344     0.397   0.692
2021-03-20T08:57:24.537525100Z 4)2:regionNorth West                                                       
2021-03-20T08:57:24.537532100Z ns(tstop, df =                              0.514   0.738     0.695   0.487
2021-03-20T08:57:24.537539000Z 4)3:regionNorth West                                                       
2021-03-20T08:57:24.537545900Z ns(tstop, df =                              0.578   0.340     1.697   0.090
2021-03-20T08:57:24.537552800Z 4)4:regionNorth West                                                       
2021-03-20T08:57:24.537560300Z ns(tstop, df =                             -0.753   0.321    -2.344   0.019
2021-03-20T08:57:24.537567100Z 4)1:regionSouth East                                                       
2021-03-20T08:57:24.537574100Z ns(tstop, df =                             -0.515   0.338    -1.526   0.127
2021-03-20T08:57:24.537581000Z 4)2:regionSouth East                                                       
2021-03-20T08:57:24.537587700Z ns(tstop, df =                             -2.285   0.678    -3.369   0.001
2021-03-20T08:57:24.537594500Z 4)3:regionSouth East                                                       
2021-03-20T08:57:24.537601200Z ns(tstop, df =                              0.161   0.385     0.418   0.676
2021-03-20T08:57:24.537608000Z 4)4:regionSouth East                                                       
2021-03-20T08:57:24.537614900Z ns(tstop, df =                             -0.926   0.251    -3.683   0.000
2021-03-20T08:57:24.537621700Z 4)1:regionSouth West                                                       
2021-03-20T08:57:24.537628500Z ns(tstop, df =                             -0.288   0.268    -1.076   0.282
2021-03-20T08:57:24.537635200Z 4)2:regionSouth West                                                       
2021-03-20T08:57:24.537642200Z ns(tstop, df =                             -1.616   0.530    -3.049   0.002
2021-03-20T08:57:24.537649000Z 4)3:regionSouth West                                                       
2021-03-20T08:57:24.537655900Z ns(tstop, df =                             -0.136   0.302    -0.450   0.653
2021-03-20T08:57:24.537662700Z 4)4:regionSouth West                                                       
2021-03-20T08:57:24.537669700Z ns(tstop, df =                              0.485   0.465     1.045   0.296
2021-03-20T08:57:24.537676500Z 4)1:regionWest Midlands                                                    
2021-03-20T08:57:24.537683300Z ns(tstop, df =                             -0.782   0.473    -1.652   0.099
2021-03-20T08:57:24.537690200Z 4)2:regionWest Midlands                                                    
2021-03-20T08:57:24.537697100Z ns(tstop, df =                             -0.546   1.026    -0.532   0.595
2021-03-20T08:57:24.537704000Z 4)3:regionWest Midlands                                                    
2021-03-20T08:57:24.537718600Z ns(tstop, df =                              0.928   0.444     2.092   0.036
2021-03-20T08:57:24.537726200Z 4)4:regionWest Midlands                                                    
2021-03-20T08:57:24.537733100Z ns(tstop, df =                             -0.092   0.288    -0.319   0.749
2021-03-20T08:57:24.537740000Z 4)1:regionYorkshire and The                                                
2021-03-20T08:57:24.537746800Z Humber                                                                     
2021-03-20T08:57:24.537754300Z ns(tstop, df =                             -0.042   0.305    -0.138   0.890
2021-03-20T08:57:24.537761500Z 4)2:regionYorkshire and The                                                
2021-03-20T08:57:24.537768600Z Humber                                                                     
2021-03-20T08:57:24.537775500Z ns(tstop, df =                             -0.414   0.630    -0.657   0.511
2021-03-20T08:57:24.537782500Z 4)3:regionYorkshire and The                                                
2021-03-20T08:57:24.537789400Z Humber                                                                     
2021-03-20T08:57:24.537796400Z ns(tstop, df =                             -0.155   0.337    -0.459   0.646
2021-03-20T08:57:24.537803300Z 4)4:regionYorkshire and The                                                
2021-03-20T08:57:24.537810300Z Humber                                                                     
2021-03-20T08:57:24.537817600Z ---------------------------------------------------------------------------
2021-03-20T08:57:24.537824600Z ipwdeath data size = 13653224 
2021-03-20T08:57:50.336727300Z memory usage = 10.116 GB 
2021-03-20T08:57:50.336783900Z   
2021-03-20T08:57:50.336793400Z ipwdeath_fxd 
2021-03-20T09:18:42.002692300Z MODEL INFO:
2021-03-20T09:18:42.002807400Z Observations: 13653224
2021-03-20T09:18:42.002913300Z Dependent Variable: 
2021-03-20T09:18:42.002924800Z Type: Generalized linear model
2021-03-20T09:18:42.002932500Z   Family: binomial 
2021-03-20T09:18:42.002940100Z   Link function: logit 
2021-03-20T09:18:42.002947600Z 
2021-03-20T09:18:42.005304500Z MODEL FIT:
2021-03-20T09:18:42.005328900Z <U+03C7><U+00B2>(77) = 4793.648, p = 0.000
2021-03-20T09:18:42.005339600Z Pseudo-R<U+00B2> (Cragg-Uhler) = 
2021-03-20T09:18:42.005347400Z Pseudo-R<U+00B2> (McFadden) = 0.068
2021-03-20T09:18:42.005355200Z AIC = 65982.084, BIC = 67107.584 
2021-03-20T09:18:42.005362700Z 
2021-03-20T09:18:42.005595800Z Standard errors: MLE
2021-03-20T09:18:42.241931300Z ---------------------------------------------------------------------------
2021-03-20T09:18:42.241996600Z                                              Est.    S.E.    z val.       p
2021-03-20T09:18:42.242031000Z --------------------------------------- --------- ------- --------- -------
2021-03-20T09:18:42.242039000Z (Intercept)                               -23.832   4.519    -5.274   0.000
2021-03-20T09:18:42.242046100Z age                                         0.226   0.102     2.212   0.027
2021-03-20T09:18:42.242053000Z I(age  age)                                -0.001   0.001    -1.242   0.214
2021-03-20T09:18:42.242060200Z sexMale                                     0.369   0.033    11.127   0.000
2021-03-20T09:18:42.242067000Z imd2                                        0.031   0.056     0.560   0.575
2021-03-20T09:18:42.242073900Z imd3                                       -0.110   0.056    -1.982   0.047
2021-03-20T09:18:42.242080700Z imd4                                       -0.099   0.056    -1.775   0.076
2021-03-20T09:18:42.242087600Z imd5 least deprived                        -0.086   0.056    -1.540   0.123
2021-03-20T09:18:42.242094400Z ethnicityMixed                              0.414   0.286     1.450   0.147
2021-03-20T09:18:42.242101400Z ethnicitySouth Asian                        0.192   0.164     1.172   0.241
2021-03-20T09:18:42.242108200Z ethnicityWhite                              0.269   0.143     1.880   0.060
2021-03-20T09:18:42.242115400Z ethnicityOther                              0.045   0.247     0.184   0.854
2021-03-20T09:18:42.242122200Z chronic_cardiac_diseaseTRUE                 0.340   0.033    10.215   0.000
2021-03-20T09:18:42.242129200Z current_copdTRUE                            0.364   0.046     7.998   0.000
2021-03-20T09:18:42.242136200Z dementiaTRUE                                0.801   0.041    19.411   0.000
2021-03-20T09:18:42.242143300Z dialysisTRUE                                1.430   0.176     8.149   0.000
2021-03-20T09:18:42.242150300Z diabetesTRUE                                0.228   0.035     6.447   0.000
2021-03-20T09:18:42.242157300Z solid_organ_transplantationTRUE            -0.271   0.588    -0.461   0.645
2021-03-20T09:18:42.242164100Z chemo_or_radioTRUE                          0.076   0.081     0.937   0.349
2021-03-20T09:18:42.242170900Z permanant_immunosuppressionTRUE            -0.241   0.578    -0.417   0.677
2021-03-20T09:18:42.242177900Z aspleniaTRUE                                0.256   0.290     0.882   0.378
2021-03-20T09:18:42.242184900Z dmardsTRUE                                  0.217   0.089     2.450   0.014
2021-03-20T09:18:42.242191900Z intel_dis_incl_downs_syndromeTRUE           0.496   0.303     1.638   0.101
2021-03-20T09:18:42.242200500Z psychosis_schiz_bipolarTRUE                 0.476   0.138     3.453   0.001
2021-03-20T09:18:42.242207900Z lung_cancerTRUE                             1.235   0.103    11.976   0.000
2021-03-20T09:18:42.242215100Z cancer_excl_lung_and_haemTRUE               0.419   0.038    11.015   0.000
2021-03-20T09:18:42.242222000Z haematological_cancerTRUE                   0.529   0.091     5.792   0.000
2021-03-20T09:18:42.242237100Z flu_vaccineTRUE                             0.136   0.053     2.564   0.010
2021-03-20T09:18:42.242244700Z timesincevax_pw(0,1]                       -3.041   0.575    -5.291   0.000
2021-03-20T09:18:42.242252500Z timesincevax_pw(1,4]                       -2.429   0.237   -10.256   0.000
2021-03-20T09:18:42.242259500Z timesincevax_pw(4,7]                       -2.035   0.184   -11.048   0.000
2021-03-20T09:18:42.242266400Z timesincevax_pw(7,14]                      -2.032   0.112   -18.097   0.000
2021-03-20T09:18:42.242273700Z timesincevax_pw(14,21]                     -1.975   0.101   -19.517   0.000
2021-03-20T09:18:42.242280600Z timesincevax_pw(21, Inf]                   -2.067   0.058   -35.376   0.000
2021-03-20T09:18:42.242287400Z ns(tstop, df = 4)1                          1.381   0.168     8.233   0.000
2021-03-20T09:18:42.242294400Z ns(tstop, df = 4)2                          2.282   0.178    12.793   0.000
2021-03-20T09:18:42.242301200Z ns(tstop, df = 4)3                          2.563   0.374     6.850   0.000
2021-03-20T09:18:42.242308000Z ns(tstop, df = 4)4                          1.208   0.193     6.256   0.000
2021-03-20T09:18:42.242314900Z regionEast Midlands                         0.373   0.224     1.666   0.096
2021-03-20T09:18:42.242321800Z regionLondon                               -0.310   0.470    -0.660   0.509
2021-03-20T09:18:42.242328600Z regionNorth East                            0.528   0.329     1.606   0.108
2021-03-20T09:18:42.242335500Z regionNorth West                           -0.134   0.305    -0.438   0.661
2021-03-20T09:18:42.242342400Z regionSouth East                            0.826   0.263     3.144   0.002
2021-03-20T09:18:42.242349300Z regionSouth West                            0.683   0.211     3.244   0.001
2021-03-20T09:18:42.242356100Z regionWest Midlands                         0.127   0.421     0.301   0.764
2021-03-20T09:18:42.242363400Z regionYorkshire and The                     0.087   0.257     0.338   0.735
2021-03-20T09:18:42.242370200Z Humber                                                                     
2021-03-20T09:18:42.242377100Z ns(tstop, df =                             -0.429   0.254    -1.689   0.091
2021-03-20T09:18:42.242384300Z 4)1:regionEast Midlands                                                    
2021-03-20T09:18:42.242391600Z ns(tstop, df =                             -0.115   0.262    -0.440   0.660
2021-03-20T09:18:42.242399100Z 4)2:regionEast Midlands                                                    
2021-03-20T09:18:42.242406200Z ns(tstop, df =                             -1.123   0.552    -2.037   0.042
2021-03-20T09:18:42.242413000Z 4)3:regionEast Midlands                                                    
2021-03-20T09:18:42.242419800Z ns(tstop, df =                              0.125   0.287     0.434   0.664
2021-03-20T09:18:42.242426600Z 4)4:regionEast Midlands                                                    
2021-03-20T09:18:42.242433400Z ns(tstop, df =                              1.352   0.483     2.800   0.005
2021-03-20T09:18:42.242448500Z 4)1:regionLondon                                                           
2021-03-20T09:18:42.242455900Z ns(tstop, df =                             -0.606   0.508    -1.192   0.233
2021-03-20T09:18:42.242462700Z 4)2:regionLondon                                                           
2021-03-20T09:18:42.242469500Z ns(tstop, df =                             -0.792   1.105    -0.717   0.473
2021-03-20T09:18:42.242476200Z 4)3:regionLondon                                                           
2021-03-20T09:18:42.242482900Z ns(tstop, df =                              0.217   0.522     0.415   0.678
2021-03-20T09:18:42.242489600Z 4)4:regionLondon                                                           
2021-03-20T09:18:42.242496500Z ns(tstop, df =                             -0.907   0.407    -2.228   0.026
2021-03-20T09:18:42.242503200Z 4)1:regionNorth East                                                       
2021-03-20T09:18:42.242510000Z ns(tstop, df =                             -0.217   0.416    -0.522   0.602
2021-03-20T09:18:42.242516800Z 4)2:regionNorth East                                                       
2021-03-20T09:18:42.242523700Z ns(tstop, df =                             -1.064   0.833    -1.277   0.202
2021-03-20T09:18:42.242530400Z 4)3:regionNorth East                                                       
2021-03-20T09:18:42.242537400Z ns(tstop, df =                              0.085   0.449     0.189   0.850
2021-03-20T09:18:42.242544300Z 4)4:regionNorth East                                                       
2021-03-20T09:18:42.242551300Z ns(tstop, df =                              0.051   0.337     0.153   0.879
2021-03-20T09:18:42.242558300Z 4)1:regionNorth West                                                       
2021-03-20T09:18:42.242565300Z ns(tstop, df =                              0.174   0.343     0.507   0.612
2021-03-20T09:18:42.242572200Z 4)2:regionNorth West                                                       
2021-03-20T09:18:42.242579000Z ns(tstop, df =                              0.429   0.737     0.583   0.560
2021-03-20T09:18:42.242585800Z 4)3:regionNorth West                                                       
2021-03-20T09:18:42.242593600Z ns(tstop, df =                              0.546   0.341     1.600   0.110
2021-03-20T09:18:42.242600700Z 4)4:regionNorth West                                                       
2021-03-20T09:18:42.242607500Z ns(tstop, df =                             -0.688   0.321    -2.146   0.032
2021-03-20T09:18:42.242614300Z 4)1:regionSouth East                                                       
2021-03-20T09:18:42.242621300Z ns(tstop, df =                             -0.383   0.337    -1.138   0.255
2021-03-20T09:18:42.242628200Z 4)2:regionSouth East                                                       
2021-03-20T09:18:42.242635300Z ns(tstop, df =                             -2.276   0.677    -3.362   0.001
2021-03-20T09:18:42.242649000Z 4)3:regionSouth East                                                       
2021-03-20T09:18:42.242656600Z ns(tstop, df =                              0.186   0.385     0.483   0.629
2021-03-20T09:18:42.242663600Z 4)4:regionSouth East                                                       
2021-03-20T09:18:42.242670600Z ns(tstop, df =                             -0.962   0.251    -3.827   0.000
2021-03-20T09:18:42.242677500Z 4)1:regionSouth West                                                       
2021-03-20T09:18:42.242684500Z ns(tstop, df =                             -0.299   0.268    -1.117   0.264
2021-03-20T09:18:42.242691300Z 4)2:regionSouth West                                                       
2021-03-20T09:18:42.242698400Z ns(tstop, df =                             -1.675   0.531    -3.157   0.002
2021-03-20T09:18:42.242705200Z 4)3:regionSouth West                                                       
2021-03-20T09:18:42.242712200Z ns(tstop, df =                             -0.176   0.302    -0.581   0.561
2021-03-20T09:18:42.242719100Z 4)4:regionSouth West                                                       
2021-03-20T09:18:42.242726100Z ns(tstop, df =                              0.485   0.464     1.046   0.295
2021-03-20T09:18:42.242732900Z 4)1:regionWest Midlands                                                    
2021-03-20T09:18:42.242739900Z ns(tstop, df =                             -0.745   0.472    -1.579   0.114
2021-03-20T09:18:42.242746700Z 4)2:regionWest Midlands                                                    
2021-03-20T09:18:42.242753700Z ns(tstop, df =                             -0.579   1.026    -0.564   0.573
2021-03-20T09:18:42.242760500Z 4)3:regionWest Midlands                                                    
2021-03-20T09:18:42.242767500Z ns(tstop, df =                              0.931   0.444     2.095   0.036
2021-03-20T09:18:42.242774300Z 4)4:regionWest Midlands                                                    
2021-03-20T09:18:42.242781300Z ns(tstop, df =                             -0.074   0.288    -0.255   0.798
2021-03-20T09:18:42.242788700Z 4)1:regionYorkshire and The                                                
2021-03-20T09:18:42.242795800Z Humber                                                                     
2021-03-20T09:18:42.242802800Z ns(tstop, df =                             -0.063   0.305    -0.205   0.837
2021-03-20T09:18:42.242809600Z 4)2:regionYorkshire and The                                                
2021-03-20T09:18:42.242816500Z Humber                                                                     
2021-03-20T09:18:42.242823500Z ns(tstop, df =                             -0.440   0.630    -0.697   0.486
2021-03-20T09:18:42.242830300Z 4)3:regionYorkshire and The                                                
2021-03-20T09:18:42.242837100Z Humber                                                                     
2021-03-20T09:18:42.242851400Z ns(tstop, df =                             -0.212   0.338    -0.628   0.530
2021-03-20T09:18:42.242858900Z 4)4:regionYorkshire and The                                                
2021-03-20T09:18:42.242865800Z Humber                                                                     
2021-03-20T09:18:42.242872600Z ---------------------------------------------------------------------------
2021-03-20T09:18:42.242879500Z ipwdeath_fxd data size = 13653224 
2021-03-20T09:19:08.555114300Z memory usage = 10.116 GB 
2021-03-20T10:19:32.962109300Z Saving 7 x 7 in image
2021-03-20T10:19:40.369080200Z `stat_bin()` using `bins = 30`. Pick better value with `binwidth`.
2021-03-20T10:19:54.432002800Z   
2021-03-20T10:19:54.432153000Z data_weights data size = 13653224 
2021-03-20T10:19:54.835253400Z memory usage = 1.911 GB 
2021-03-20T10:20:39.191689600Z   
2021-03-20T10:20:39.191774400Z msmmod0 
2021-03-20T10:22:14.622054700Z MODEL INFO:
2021-03-20T10:22:14.622163100Z Observations: 13653224
2021-03-20T10:22:14.622172900Z Dependent Variable: 
2021-03-20T10:22:14.622180600Z Type: Generalized linear model
2021-03-20T10:22:14.622188100Z   Family: binomial 
2021-03-20T10:22:14.622195600Z   Link function: logit 
2021-03-20T10:22:14.622203100Z 
2021-03-20T10:22:14.623976500Z MODEL FIT:
2021-03-20T10:22:14.624004100Z <U+03C7><U+00B2>(6) = 668.630, p = 0.000
2021-03-20T10:22:14.624014300Z Pseudo-R<U+00B2> (Cragg-Uhler) = 
2021-03-20T10:22:14.624022300Z Pseudo-R<U+00B2> (McFadden) = 0.026
2021-03-20T10:22:14.624030000Z AIC = 24998.719, BIC = 25099.726 
2021-03-20T10:22:14.624037700Z 
2021-03-20T10:22:14.624201100Z Standard errors: MLE
2021-03-20T10:22:14.661383000Z --------------------------------------------------------------------
2021-03-20T10:22:14.661470700Z                                     Est.     S.E.     z val.       p
2021-03-20T10:22:14.661479100Z ------------------------------ --------- -------- ---------- -------
2021-03-20T10:22:14.661486700Z (Intercept)                       -8.785    0.031   -284.925   0.000
2021-03-20T10:22:14.661494400Z timesincevax_pw(0,1]             -12.781   82.486     -0.155   0.877
2021-03-20T10:22:14.661502000Z timesincevax_pw(1,4]              -4.054    1.000     -4.052   0.000
2021-03-20T10:22:14.661509500Z timesincevax_pw(4,7]              -2.443    0.448     -5.450   0.000
2021-03-20T10:22:14.661516900Z timesincevax_pw(7,14]             -1.532    0.188     -8.137   0.000
2021-03-20T10:22:14.661524700Z timesincevax_pw(14,21]            -1.370    0.174     -7.863   0.000
2021-03-20T10:22:14.661532100Z timesincevax_pw(21, Inf]          -1.632    0.095    -17.185   0.000
2021-03-20T10:22:14.661539600Z --------------------------------------------------------------------
2021-03-20T10:22:14.661849500Z msmmod0_par data size = 13653224 
2021-03-20T10:22:42.919103800Z memory usage = 7.931 GB 
2021-03-20T10:24:47.219017300Z   
2021-03-20T10:24:47.219095400Z msmmod1 
2021-03-20T10:28:09.469336100Z MODEL INFO:
2021-03-20T10:28:09.469426000Z Observations: 13653224
2021-03-20T10:28:09.469436300Z Dependent Variable: 
2021-03-20T10:28:09.469508900Z Type: Generalized linear model
2021-03-20T10:28:09.469539200Z   Family: binomial 
2021-03-20T10:28:09.469549400Z   Link function: logit 
2021-03-20T10:28:09.469557000Z 
2021-03-20T10:28:09.473125700Z MODEL FIT:
2021-03-20T10:28:09.473144400Z <U+03C7><U+00B2>(17) = 1101.575, p = 0.000
2021-03-20T10:28:09.473154500Z Pseudo-R<U+00B2> (Cragg-Uhler) = 
2021-03-20T10:28:09.473162600Z Pseudo-R<U+00B2> (McFadden) = 0.043
2021-03-20T10:28:09.473170100Z AIC = 24587.774, BIC = 24847.504 
2021-03-20T10:28:09.473177700Z 
2021-03-20T10:28:09.473506900Z Standard errors: MLE
2021-03-20T10:28:09.565341400Z -------------------------------------------------------------------
2021-03-20T10:28:09.565441400Z                                     Est.     S.E.    z val.       p
2021-03-20T10:28:09.565453800Z ------------------------------ --------- -------- --------- -------
2021-03-20T10:28:09.565461700Z (Intercept)                      -32.205    8.065    -3.993   0.000
2021-03-20T10:28:09.565469100Z age                                0.427    0.183     2.338   0.019
2021-03-20T10:28:09.565477200Z I(age  age)                       -0.002    0.001    -1.744   0.081
2021-03-20T10:28:09.565484700Z sexMale                            0.612    0.057    10.674   0.000
2021-03-20T10:28:09.565533200Z imd2                              -0.072    0.094    -0.769   0.442
2021-03-20T10:28:09.565546300Z imd3                              -0.231    0.092    -2.503   0.012
2021-03-20T10:28:09.565554500Z imd4                              -0.266    0.093    -2.854   0.004
2021-03-20T10:28:09.565562000Z imd5 least deprived               -0.358    0.095    -3.759   0.000
2021-03-20T10:28:09.565569700Z ethnicityMixed                     0.357    0.469     0.761   0.447
2021-03-20T10:28:09.565577400Z ethnicitySouth Asian               0.320    0.264     1.213   0.225
2021-03-20T10:28:09.565585200Z ethnicityWhite                    -0.072    0.233    -0.308   0.758
2021-03-20T10:28:09.565592700Z ethnicityOther                    -0.332    0.443    -0.750   0.453
2021-03-20T10:28:09.565600200Z timesincevax_pw(0,1]             -12.679   81.059    -0.156   0.876
2021-03-20T10:28:09.565607600Z timesincevax_pw(1,4]              -3.987    1.001    -3.985   0.000
2021-03-20T10:28:09.565615100Z timesincevax_pw(4,7]              -2.376    0.448    -5.301   0.000
2021-03-20T10:28:09.565706700Z timesincevax_pw(7,14]             -1.464    0.188    -7.774   0.000
2021-03-20T10:28:09.565742300Z timesincevax_pw(14,21]            -1.303    0.174    -7.469   0.000
2021-03-20T10:28:09.565753300Z timesincevax_pw(21, Inf]          -1.571    0.095   -16.493   0.000
2021-03-20T10:28:09.565760600Z -------------------------------------------------------------------
2021-03-20T10:28:09.565834600Z msmmod1_par data size = 13653224 
2021-03-20T10:28:39.502364700Z memory usage = 7.931 GB 
2021-03-20T10:30:46.265238800Z   
2021-03-20T10:30:46.265283300Z msmmod3 
2021-03-20T11:03:02.999358500Z MODEL INFO:
2021-03-20T11:03:02.999439400Z Observations: 13653224
2021-03-20T11:03:02.999448900Z Dependent Variable: 
2021-03-20T11:03:02.999549800Z Type: Generalized linear model
2021-03-20T11:03:02.999575000Z   Family: binomial 
2021-03-20T11:03:02.999584600Z   Link function: logit 
2021-03-20T11:03:02.999592200Z 
2021-03-20T11:03:03.003253300Z MODEL FIT:
2021-03-20T11:03:03.003269600Z <U+03C7><U+00B2>(77) = 2691.872, p = 0.000
2021-03-20T11:03:03.003278700Z Pseudo-R<U+00B2> (Cragg-Uhler) = 
2021-03-20T11:03:03.003286300Z Pseudo-R<U+00B2> (McFadden) = 0.105
2021-03-20T11:03:03.003293900Z AIC = 23117.477, BIC = 24242.977 
2021-03-20T11:03:03.003301400Z 
2021-03-20T11:03:03.003662100Z Standard errors: MLE
2021-03-20T11:03:03.345930200Z ----------------------------------------------------------------------------
2021-03-20T11:03:03.345951300Z                                              Est.     S.E.    z val.       p
2021-03-20T11:03:03.345960200Z --------------------------------------- --------- -------- --------- -------
2021-03-20T11:03:03.345968000Z (Intercept)                               -33.141    8.083    -4.100   0.000
2021-03-20T11:03:03.345975700Z age                                         0.349    0.183     1.909   0.056
2021-03-20T11:03:03.345983300Z I(age  age)                                -0.001    0.001    -1.400   0.162
2021-03-20T11:03:03.345990900Z sexMale                                     0.583    0.058     9.986   0.000
2021-03-20T11:03:03.345998400Z imd2                                       -0.022    0.096    -0.229   0.819
2021-03-20T11:03:03.346006200Z imd3                                       -0.122    0.095    -1.277   0.202
2021-03-20T11:03:03.346013800Z imd4                                       -0.101    0.096    -1.047   0.295
2021-03-20T11:03:03.346021100Z imd5 least deprived                        -0.149    0.098    -1.517   0.129
2021-03-20T11:03:03.346028400Z ethnicityMixed                              0.598    0.469     1.274   0.203
2021-03-20T11:03:03.346036700Z ethnicitySouth Asian                        0.535    0.266     2.015   0.044
2021-03-20T11:03:03.346067700Z ethnicityWhite                              0.537    0.240     2.238   0.025
2021-03-20T11:03:03.346075700Z ethnicityOther                             -0.045    0.443    -0.101   0.920
2021-03-20T11:03:03.346082700Z chronic_cardiac_diseaseTRUE                 0.401    0.058     6.881   0.000
2021-03-20T11:03:03.346089500Z current_copdTRUE                            0.469    0.077     6.128   0.000
2021-03-20T11:03:03.346096500Z dementiaTRUE                                0.831    0.070    11.819   0.000
2021-03-20T11:03:03.346103300Z dialysisTRUE                                1.389    0.299     4.643   0.000
2021-03-20T11:03:03.346110300Z diabetesTRUE                                0.279    0.062     4.521   0.000
2021-03-20T11:03:03.346117300Z solid_organ_transplantationTRUE             0.474    0.732     0.647   0.517
2021-03-20T11:03:03.346124200Z chemo_or_radioTRUE                          0.042    0.158     0.263   0.793
2021-03-20T11:03:03.346131000Z permanant_immunosuppressionTRUE            -0.301    1.002    -0.300   0.764
2021-03-20T11:03:03.346137800Z aspleniaTRUE                                0.042    0.579     0.073   0.942
2021-03-20T11:03:03.346144600Z dmardsTRUE                                  0.482    0.139     3.457   0.001
2021-03-20T11:03:03.346151500Z intel_dis_incl_downs_syndromeTRUE           0.678    0.450     1.507   0.132
2021-03-20T11:03:03.346159100Z psychosis_schiz_bipolarTRUE                 0.854    0.196     4.352   0.000
2021-03-20T11:03:03.346166500Z lung_cancerTRUE                             0.351    0.271     1.294   0.196
2021-03-20T11:03:03.346173300Z cancer_excl_lung_and_haemTRUE               0.081    0.073     1.102   0.270
2021-03-20T11:03:03.346180100Z haematological_cancerTRUE                   0.572    0.159     3.592   0.000
2021-03-20T11:03:03.346186800Z flu_vaccineTRUE                             0.266    0.093     2.857   0.004
2021-03-20T11:03:03.346193700Z ns(tstop, df = 4)1                          4.506    0.569     7.922   0.000
2021-03-20T11:03:03.346200600Z ns(tstop, df = 4)2                          4.718    0.490     9.634   0.000
2021-03-20T11:03:03.346207500Z ns(tstop, df = 4)3                          7.727    1.292     5.980   0.000
2021-03-20T11:03:03.346214400Z ns(tstop, df = 4)4                          1.919    0.409     4.688   0.000
2021-03-20T11:03:03.346221300Z regionEast Midlands                         0.827    0.865     0.957   0.339
2021-03-20T11:03:03.346228300Z regionLondon                               -1.141    2.352    -0.485   0.627
2021-03-20T11:03:03.346235400Z regionNorth East                            0.087    1.298     0.067   0.947
2021-03-20T11:03:03.346242200Z regionNorth West                            0.041    1.181     0.034   0.973
2021-03-20T11:03:03.346249000Z regionSouth East                            2.046    0.916     2.234   0.026
2021-03-20T11:03:03.346255800Z regionSouth West                            1.142    0.865     1.320   0.187
2021-03-20T11:03:03.346269800Z regionWest Midlands                         1.696    1.178     1.440   0.150
2021-03-20T11:03:03.346277400Z regionYorkshire and The                    -0.112    1.121    -0.100   0.920
2021-03-20T11:03:03.346284300Z Humber                                                                      
2021-03-20T11:03:03.346291100Z timesincevax_pw(0,1]                      -12.947   77.317    -0.167   0.867
2021-03-20T11:03:03.346297900Z timesincevax_pw(1,4]                       -4.466    1.001    -4.463   0.000
2021-03-20T11:03:03.346304600Z timesincevax_pw(4,7]                       -3.017    0.449    -6.719   0.000
2021-03-20T11:03:03.346319300Z timesincevax_pw(7,14]                      -2.329    0.191   -12.220   0.000
2021-03-20T11:03:03.346326500Z timesincevax_pw(14,21]                     -2.369    0.179   -13.264   0.000
2021-03-20T11:03:03.346333300Z timesincevax_pw(21, Inf]                   -2.615    0.109   -23.951   0.000
2021-03-20T11:03:03.346340100Z ns(tstop, df =                             -1.387    0.814    -1.704   0.088
2021-03-20T11:03:03.346346900Z 4)1:regionEast Midlands                                                     
2021-03-20T11:03:03.346353600Z ns(tstop, df =                             -0.301    0.698    -0.432   0.666
2021-03-20T11:03:03.346361000Z 4)2:regionEast Midlands                                                     
2021-03-20T11:03:03.346368100Z ns(tstop, df =                             -2.161    1.854    -1.165   0.244
2021-03-20T11:03:03.346375000Z 4)3:regionEast Midlands                                                     
2021-03-20T11:03:03.346381700Z ns(tstop, df =                              0.093    0.611     0.152   0.879
2021-03-20T11:03:03.346388500Z 4)4:regionEast Midlands                                                     
2021-03-20T11:03:03.346395200Z ns(tstop, df =                              2.505    2.213     1.132   0.258
2021-03-20T11:03:03.346401900Z 4)1:regionLondon                                                            
2021-03-20T11:03:03.346408700Z ns(tstop, df =                              0.074    1.751     0.042   0.966
2021-03-20T11:03:03.346415500Z 4)2:regionLondon                                                            
2021-03-20T11:03:03.346422300Z ns(tstop, df =                              0.997    4.761     0.209   0.834
2021-03-20T11:03:03.346429100Z 4)3:regionLondon                                                            
2021-03-20T11:03:03.346435800Z ns(tstop, df =                              1.262    1.135     1.112   0.266
2021-03-20T11:03:03.346442500Z 4)4:regionLondon                                                            
2021-03-20T11:03:03.346449200Z ns(tstop, df =                             -2.396    1.211    -1.979   0.048
2021-03-20T11:03:03.346456000Z 4)1:regionNorth East                                                        
2021-03-20T11:03:03.346462800Z ns(tstop, df =                              0.370    1.155     0.321   0.749
2021-03-20T11:03:03.346476500Z 4)2:regionNorth East                                                        
2021-03-20T11:03:03.346484100Z ns(tstop, df =                              0.491    2.833     0.173   0.862
2021-03-20T11:03:03.346490800Z 4)3:regionNorth East                                                        
2021-03-20T11:03:03.346497500Z ns(tstop, df =                             -2.033    1.220    -1.666   0.096
2021-03-20T11:03:03.346504200Z 4)4:regionNorth East                                                        
2021-03-20T11:03:03.346510900Z ns(tstop, df =                             -0.714    1.098    -0.650   0.516
2021-03-20T11:03:03.346517700Z 4)1:regionNorth West                                                        
2021-03-20T11:03:03.346524400Z ns(tstop, df =                             -0.178    0.993    -0.179   0.858
2021-03-20T11:03:03.346531200Z 4)2:regionNorth West                                                        
2021-03-20T11:03:03.346538000Z ns(tstop, df =                             -0.514    2.534    -0.203   0.839
2021-03-20T11:03:03.346545400Z 4)3:regionNorth West                                                        
2021-03-20T11:03:03.346552500Z ns(tstop, df =                             -0.360    0.901    -0.400   0.689
2021-03-20T11:03:03.346559300Z 4)4:regionNorth West                                                        
2021-03-20T11:03:03.346566100Z ns(tstop, df =                             -1.797    0.898    -2.002   0.045
2021-03-20T11:03:03.346572800Z 4)1:regionSouth East                                                        
2021-03-20T11:03:03.346579600Z ns(tstop, df =                             -0.911    0.805    -1.132   0.258
2021-03-20T11:03:03.346586300Z 4)2:regionSouth East                                                        
2021-03-20T11:03:03.346593200Z ns(tstop, df =                             -6.010    2.056    -2.923   0.003
2021-03-20T11:03:03.346600000Z 4)3:regionSouth East                                                        
2021-03-20T11:03:03.346606700Z ns(tstop, df =                             -0.332    0.953    -0.349   0.727
2021-03-20T11:03:03.346613400Z 4)4:regionSouth East                                                        
2021-03-20T11:03:03.346620200Z ns(tstop, df =                             -1.439    0.826    -1.742   0.082
2021-03-20T11:03:03.346626900Z 4)1:regionSouth West                                                        
2021-03-20T11:03:03.346633700Z ns(tstop, df =                             -0.597    0.731    -0.817   0.414
2021-03-20T11:03:03.346640400Z 4)2:regionSouth West                                                        
2021-03-20T11:03:03.346647400Z ns(tstop, df =                             -4.062    1.886    -2.154   0.031
2021-03-20T11:03:03.346654500Z 4)3:regionSouth West                                                        
2021-03-20T11:03:03.346662000Z ns(tstop, df =                             -0.202    0.752    -0.269   0.788
2021-03-20T11:03:03.346668900Z 4)4:regionSouth West                                                        
2021-03-20T11:03:03.346682300Z ns(tstop, df =                             -1.254    1.139    -1.101   0.271
2021-03-20T11:03:03.346689800Z 4)1:regionWest Midlands                                                     
2021-03-20T11:03:03.346696600Z ns(tstop, df =                             -1.550    0.979    -1.584   0.113
2021-03-20T11:03:03.346703500Z 4)2:regionWest Midlands                                                     
2021-03-20T11:03:03.346710100Z ns(tstop, df =                             -3.404    2.596    -1.311   0.190
2021-03-20T11:03:03.346717000Z 4)3:regionWest Midlands                                                     
2021-03-20T11:03:03.346723800Z ns(tstop, df =                              1.120    0.811     1.381   0.167
2021-03-20T11:03:03.346730500Z 4)4:regionWest Midlands                                                     
2021-03-20T11:03:03.346737700Z ns(tstop, df =                             -0.358    1.045    -0.343   0.732
2021-03-20T11:03:03.346744900Z 4)1:regionYorkshire and The                                                 
2021-03-20T11:03:03.346752000Z Humber                                                                      
2021-03-20T11:03:03.346758900Z ns(tstop, df =                             -0.150    0.907    -0.166   0.868
2021-03-20T11:03:03.346765900Z 4)2:regionYorkshire and The                                                 
2021-03-20T11:03:03.346772600Z Humber                                                                      
2021-03-20T11:03:03.346779300Z ns(tstop, df =                             -0.540    2.386    -0.226   0.821
2021-03-20T11:03:03.346786000Z 4)3:regionYorkshire and The                                                 
2021-03-20T11:03:03.346792800Z Humber                                                                      
2021-03-20T11:03:03.346799700Z ns(tstop, df =                             -0.085    0.775    -0.110   0.913
2021-03-20T11:03:03.346806500Z 4)4:regionYorkshire and The                                                 
2021-03-20T11:03:03.346813300Z Humber                                                                      
2021-03-20T11:03:03.346820100Z ----------------------------------------------------------------------------
2021-03-20T11:03:03.346828700Z msmmod3_par data size = 13653224 
2021-03-20T11:03:29.714621000Z memory usage = 7.931 GB 
2021-03-20T11:06:10.045642900Z   
2021-03-20T11:06:10.045716000Z msmmod4 
2021-03-20T11:39:22.678662100Z MODEL INFO:
2021-03-20T11:39:22.678697300Z Observations: 13653224
2021-03-20T11:39:22.678961600Z Dependent Variable: 
2021-03-20T11:39:22.679347300Z Type: Generalized linear model
2021-03-20T11:39:22.679363200Z   Family: binomial 
2021-03-20T11:39:22.679371400Z   Link function: logit 
2021-03-20T11:39:22.679379000Z 
2021-03-20T11:39:22.684463100Z MODEL FIT:
2021-03-20T11:39:22.684572100Z <U+03C7><U+00B2>(77) = 1483.123, p = 0.000
2021-03-20T11:39:22.684589700Z Pseudo-R<U+00B2> (Cragg-Uhler) = 
2021-03-20T11:39:22.684621500Z Pseudo-R<U+00B2> (McFadden) = 0.095
2021-03-20T11:39:22.684633400Z AIC = 20681.811, BIC = 21807.311 
2021-03-20T11:39:22.684640500Z 
2021-03-20T11:39:22.685053900Z Standard errors: MLE
2021-03-20T11:39:22.992785900Z -----------------------------------------------------------------------------
2021-03-20T11:39:22.992842400Z                                              Est.      S.E.    z val.       p
2021-03-20T11:39:22.992851500Z --------------------------------------- --------- --------- --------- -------
2021-03-20T11:39:22.992858700Z (Intercept)                               -30.928     9.741    -3.175   0.001
2021-03-20T11:39:22.992866000Z age                                         0.306     0.221     1.389   0.165
2021-03-20T11:39:22.992873100Z I(age  age)                                -0.001     0.001    -0.971   0.331
2021-03-20T11:39:22.992880300Z sexMale                                     0.547     0.070     7.771   0.000
2021-03-20T11:39:22.992887300Z imd2                                       -0.082     0.115    -0.715   0.475
2021-03-20T11:39:22.992894400Z imd3                                       -0.150     0.114    -1.318   0.188
2021-03-20T11:39:22.992901700Z imd4                                       -0.102     0.114    -0.892   0.372
2021-03-20T11:39:22.992908900Z imd5 least deprived                        -0.246     0.119    -2.062   0.039
2021-03-20T11:39:22.992915900Z ethnicityMixed                              0.831     0.520     1.599   0.110
2021-03-20T11:39:22.992923100Z ethnicitySouth Asian                        0.711     0.315     2.257   0.024
2021-03-20T11:39:22.992930200Z ethnicityWhite                              0.516     0.290     1.777   0.075
2021-03-20T11:39:22.992937300Z ethnicityOther                              0.266     0.482     0.552   0.581
2021-03-20T11:39:22.992944300Z chronic_cardiac_diseaseTRUE                 0.402     0.070     5.711   0.000
2021-03-20T11:39:22.992951500Z current_copdTRUE                            0.435     0.093     4.656   0.000
2021-03-20T11:39:22.992958600Z dementiaTRUE                                0.861     0.085    10.142   0.000
2021-03-20T11:39:22.992965700Z dialysisTRUE                                1.473     0.353     4.173   0.000
2021-03-20T11:39:22.992972800Z diabetesTRUE                                0.314     0.074     4.244   0.000
2021-03-20T11:39:22.992979900Z solid_organ_transplantationTRUE             0.272     0.923     0.295   0.768
2021-03-20T11:39:22.992987100Z chemo_or_radioTRUE                         -0.041     0.200    -0.203   0.839
2021-03-20T11:39:22.992994100Z permanant_immunosuppressionTRUE             0.314     0.914     0.344   0.731
2021-03-20T11:39:22.993001200Z aspleniaTRUE                               -0.241     0.809    -0.298   0.766
2021-03-20T11:39:22.993027600Z dmardsTRUE                                  0.481     0.168     2.853   0.004
2021-03-20T11:39:22.993035800Z intel_dis_incl_downs_syndromeTRUE           0.949     0.478     1.983   0.047
2021-03-20T11:39:22.993044000Z psychosis_schiz_bipolarTRUE                 1.049     0.217     4.841   0.000
2021-03-20T11:39:22.993051100Z lung_cancerTRUE                             0.083     0.376     0.221   0.825
2021-03-20T11:39:22.993058200Z cancer_excl_lung_and_haemTRUE               0.046     0.090     0.506   0.613
2021-03-20T11:39:22.993065100Z haematological_cancerTRUE                   0.503     0.200     2.510   0.012
2021-03-20T11:39:22.993072200Z flu_vaccineTRUE                             0.244     0.115     2.123   0.034
2021-03-20T11:39:22.993079100Z ns(tstop, df = 4)1                          3.304     0.535     6.172   0.000
2021-03-20T11:39:22.993086000Z ns(tstop, df = 4)2                          3.999     0.500     7.991   0.000
2021-03-20T11:39:22.993092900Z ns(tstop, df = 4)3                          7.055     1.250     5.645   0.000
2021-03-20T11:39:22.993100000Z ns(tstop, df = 4)4                          1.110     0.467     2.377   0.017
2021-03-20T11:39:22.993107000Z regionEast Midlands                         0.475     0.857     0.555   0.579
2021-03-20T11:39:22.993114100Z regionLondon                               -0.574     1.851    -0.310   0.757
2021-03-20T11:39:22.993121000Z regionNorth East                            0.017     1.222     0.014   0.989
2021-03-20T11:39:22.993128000Z regionNorth West                           -1.063     1.372    -0.775   0.438
2021-03-20T11:39:22.993134900Z regionSouth East                            1.962     0.876     2.239   0.025
2021-03-20T11:39:22.993141900Z regionSouth West                            0.162     0.965     0.168   0.867
2021-03-20T11:39:22.993149100Z regionWest Midlands                         1.372     1.118     1.227   0.220
2021-03-20T11:39:22.993156100Z regionYorkshire and The                    -0.294     1.072    -0.274   0.784
2021-03-20T11:39:22.993163200Z Humber                                                                       
2021-03-20T11:39:22.993170500Z timesincevax_pw(0,1]                      -13.403   129.158    -0.104   0.917
2021-03-20T11:39:22.993177500Z timesincevax_pw(1,4]                       -3.892     1.007    -3.866   0.000
2021-03-20T11:39:22.993184700Z timesincevax_pw(4,7]                       -2.185     0.401    -5.455   0.000
2021-03-20T11:39:22.993191700Z timesincevax_pw(7,14]                      -1.652     0.186    -8.872   0.000
2021-03-20T11:39:22.993198600Z timesincevax_pw(14,21]                     -1.893     0.192    -9.868   0.000
2021-03-20T11:39:22.993205700Z timesincevax_pw(21, Inf]                   -2.241     0.128   -17.446   0.000
2021-03-20T11:39:22.993212700Z ns(tstop, df =                             -0.961     0.814    -1.180   0.238
2021-03-20T11:39:22.993219700Z 4)1:regionEast Midlands                                                      
2021-03-20T11:39:22.993234800Z ns(tstop, df =                              0.007     0.743     0.010   0.992
2021-03-20T11:39:22.993243200Z 4)2:regionEast Midlands                                                      
2021-03-20T11:39:22.993250500Z ns(tstop, df =                             -1.559     1.881    -0.828   0.407
2021-03-20T11:39:22.993258000Z 4)3:regionEast Midlands                                                      
2021-03-20T11:39:22.993265300Z ns(tstop, df =                              0.113     0.709     0.160   0.873
2021-03-20T11:39:22.993272300Z 4)4:regionEast Midlands                                                      
2021-03-20T11:39:22.993279300Z ns(tstop, df =                              2.433     1.726     1.410   0.159
2021-03-20T11:39:22.993286200Z 4)1:regionLondon                                                             
2021-03-20T11:39:22.993293200Z ns(tstop, df =                             -0.497     1.472    -0.337   0.736
2021-03-20T11:39:22.993300200Z 4)2:regionLondon                                                             
2021-03-20T11:39:22.993307200Z ns(tstop, df =                             -0.102     3.856    -0.027   0.979
2021-03-20T11:39:22.993314100Z 4)3:regionLondon                                                             
2021-03-20T11:39:22.993321200Z ns(tstop, df =                              1.325     1.079     1.228   0.220
2021-03-20T11:39:22.993328200Z 4)4:regionLondon                                                             
2021-03-20T11:39:22.993335100Z ns(tstop, df =                             -2.610     1.187    -2.199   0.028
2021-03-20T11:39:22.993342000Z 4)1:regionNorth East                                                         
2021-03-20T11:39:22.993348900Z ns(tstop, df =                              1.008     1.229     0.820   0.412
2021-03-20T11:39:22.993355800Z 4)2:regionNorth East                                                         
2021-03-20T11:39:22.993362900Z ns(tstop, df =                              0.453     2.751     0.165   0.869
2021-03-20T11:39:22.993369900Z 4)3:regionNorth East                                                         
2021-03-20T11:39:22.993376800Z ns(tstop, df =                             -2.843     1.594    -1.784   0.074
2021-03-20T11:39:22.993383900Z 4)4:regionNorth East                                                         
2021-03-20T11:39:22.993390800Z ns(tstop, df =                              0.189     1.256     0.151   0.880
2021-03-20T11:39:22.993397700Z 4)1:regionNorth West                                                         
2021-03-20T11:39:22.993404700Z ns(tstop, df =                              0.303     1.203     0.252   0.801
2021-03-20T11:39:22.993411600Z 4)2:regionNorth West                                                         
2021-03-20T11:39:22.993419200Z ns(tstop, df =                              1.789     2.969     0.602   0.547
2021-03-20T11:39:22.993426300Z 4)3:regionNorth West                                                         
2021-03-20T11:39:22.993461300Z ns(tstop, df =                             -0.030     1.050    -0.029   0.977
2021-03-20T11:39:22.993469900Z 4)4:regionNorth West                                                         
2021-03-20T11:39:22.993476900Z ns(tstop, df =                             -1.663     0.901    -1.846   0.065
2021-03-20T11:39:22.993483700Z 4)1:regionSouth East                                                         
2021-03-20T11:39:22.993490700Z ns(tstop, df =                             -0.553     0.880    -0.629   0.529
2021-03-20T11:39:22.993497500Z 4)2:regionSouth East                                                         
2021-03-20T11:39:22.993504500Z ns(tstop, df =                             -6.363     2.068    -3.077   0.002
2021-03-20T11:39:22.993511400Z 4)3:regionSouth East                                                         
2021-03-20T11:39:22.993518300Z ns(tstop, df =                             -0.860     1.269    -0.678   0.498
2021-03-20T11:39:22.993525200Z 4)4:regionSouth East                                                         
2021-03-20T11:39:22.993532300Z ns(tstop, df =                             -0.441     0.918    -0.480   0.631
2021-03-20T11:39:22.993539200Z 4)1:regionSouth West                                                         
2021-03-20T11:39:22.993546100Z ns(tstop, df =                              0.092     0.844     0.109   0.913
2021-03-20T11:39:22.993552900Z 4)2:regionSouth West                                                         
2021-03-20T11:39:22.993559900Z ns(tstop, df =                             -1.944     2.121    -0.917   0.359
2021-03-20T11:39:22.993566800Z 4)3:regionSouth West                                                         
2021-03-20T11:39:22.993573700Z ns(tstop, df =                              0.090     0.857     0.105   0.916
2021-03-20T11:39:22.993580600Z 4)4:regionSouth West                                                         
2021-03-20T11:39:22.993587500Z ns(tstop, df =                             -1.252     1.103    -1.135   0.256
2021-03-20T11:39:22.993594500Z 4)1:regionWest Midlands                                                      
2021-03-20T11:39:22.993601300Z ns(tstop, df =                             -1.220     1.024    -1.191   0.234
2021-03-20T11:39:22.993669600Z 4)2:regionWest Midlands                                                      
2021-03-20T11:39:22.993677700Z ns(tstop, df =                             -2.235     2.518    -0.888   0.375
2021-03-20T11:39:22.993684900Z 4)3:regionWest Midlands                                                      
2021-03-20T11:39:22.993691900Z ns(tstop, df =                              0.693     0.905     0.766   0.443
2021-03-20T11:39:22.993700400Z 4)4:regionWest Midlands                                                      
2021-03-20T11:39:22.993707700Z ns(tstop, df =                             -0.347     1.005    -0.346   0.730
2021-03-20T11:39:22.993714700Z 4)1:regionYorkshire and The                                                  
2021-03-20T11:39:22.993729700Z Humber                                                                       
2021-03-20T11:39:22.993737700Z ns(tstop, df =                              0.146     0.932     0.157   0.876
2021-03-20T11:39:22.993744600Z 4)2:regionYorkshire and The                                                  
2021-03-20T11:39:22.993751400Z Humber                                                                       
2021-03-20T11:39:22.993758100Z ns(tstop, df =                             -0.022     2.340    -0.009   0.992
2021-03-20T11:39:22.993764900Z 4)3:regionYorkshire and The                                                  
2021-03-20T11:39:22.993771700Z Humber                                                                       
2021-03-20T11:39:22.993778600Z ns(tstop, df =                             -0.147     0.868    -0.169   0.866
2021-03-20T11:39:22.993785400Z 4)4:regionYorkshire and The                                                  
2021-03-20T11:39:22.993792300Z Humber                                                                       
2021-03-20T11:39:22.993799400Z -----------------------------------------------------------------------------
2021-03-20T11:39:22.993806200Z msmmod4_par data size = 13653224 
2021-03-20T11:39:50.127615400Z memory usage = 7.931 GB 
2021-03-20T11:42:41.871704800Z   
2021-03-20T11:43:00.397974600Z              used    (Mb) gc trigger    (Mb)   max used    (Mb)
2021-03-20T11:43:00.398083400Z Ncells   16144225   862.2   32970704  1760.9   16144225   862.2
2021-03-20T11:43:00.398098100Z Vcells 1977696209 15088.7 5315069426 40550.8 1977696209 15088.7
2021-03-20T11:43:00.398049800Z Warning message:
2021-03-20T11:43:00.398191800Z Removed 2411 rows containing non-finite values (stat_bin). 


state: succeeded
commit: 63227c9dabb1579b6387347ff8853e66df52c7fc
docker_image_id: sha256:876a994cdafb8d3fb4b710249fd7716a31efd3ea26cb3faf7aa2187853c6c624
exit_code: 0
job_id: e23ajro2gmmad6u2
run_by_user: wjchulme
created_at: 2021-03-20T07:50:08Z
started_at: 2021-03-20T07:50:24Z
completed_at: 2021-03-20T11:43:14Z

Completed successfully

outputs:
  output/over80s/coviddeath/pfizer/all/all/data_weights.rds          - highly_sensitive    
  output/over80s/coviddeath/pfizer/all/all/model0.rds                - highly_sensitive    
  output/over80s/coviddeath/pfizer/all/all/model1.rds                - highly_sensitive    
  output/over80s/coviddeath/pfizer/all/all/model3.rds                - highly_sensitive    
  output/over80s/coviddeath/pfizer/all/all/model4.rds                - highly_sensitive    
  output/over80s/coviddeath/pfizer/all/all/model_ipwvaxany1.rds      - highly_sensitive    
  output/over80s/coviddeath/pfizer/all/all/model_ipwvaxdeath.rds     - highly_sensitive    
  output/over80s/coviddeath/pfizer/all/all/weights_histogram.svg     - moderately_sensitive
  output/over80s/coviddeath/pfizer/all/all/weights_model_any.html    - moderately_sensitive
  output/over80s/coviddeath/pfizer/all/all/weights_model_death.html  - moderately_sensitive
  output/over80s/coviddeath/pfizer/all/all/weights_table.txt         - moderately_sensitive
  output/over80s/coviddeath/pfizer/all/strata_vector.rds             - moderately_sensitive