2021-04-19T04:04:35.336326500Z -- Attaching packages --------------------------------------- tidyverse 1.3.0 --
2021-04-19T04:04:35.347343000Z v ggplot2 3.3.2     v purrr   0.3.4
2021-04-19T04:04:35.347431400Z v tibble  3.0.3     v dplyr   1.0.2
2021-04-19T04:04:35.347440300Z v tidyr   1.1.2     v stringr 1.4.0
2021-04-19T04:04:35.347447700Z v readr   1.3.1     v forcats 0.5.0
2021-04-19T04:04:35.590210000Z -- Conflicts ------------------------------------------ tidyverse_conflicts() --
2021-04-19T04:04:35.590302300Z x dplyr::filter() masks stats::filter()
2021-04-19T04:04:35.590310600Z x dplyr::lag()    masks stats::lag()
2021-04-19T04:04:35.613791500Z 
2021-04-19T04:04:35.613888200Z Attaching package: 'glue'
2021-04-19T04:04:35.613897000Z 
2021-04-19T04:04:35.615428000Z The following object is masked from 'package:dplyr':
2021-04-19T04:04:35.615458000Z 
2021-04-19T04:04:35.615466900Z     collapse
2021-04-19T04:04:35.615474200Z 
2021-04-19T04:04:38.299167200Z 
2021-04-19T04:04:38.299263400Z Attaching package: 'lubridate'
2021-04-19T04:04:38.299272100Z 
2021-04-19T04:04:38.299771000Z The following objects are masked from 'package:base':
2021-04-19T04:04:38.299802600Z 
2021-04-19T04:04:38.299811500Z     date, intersect, setdiff, union
2021-04-19T04:04:38.299818700Z 
2021-04-19T04:04:38.732325300Z <environment: R_GlobalEnv>
2021-04-19T04:04:38.732958800Z <environment: R_GlobalEnv>
2021-04-19T04:05:09.626766900Z data_pt data size = 6514211 
2021-04-19T04:05:09.628987500Z   memory usage = 2.554 GB 
2021-04-19T04:05:10.168667700Z     
2021-04-19T04:05:10.168752700Z all   
2021-04-19T04:05:10.168761700Z   
2021-04-19T04:05:18.803383100Z   
2021-04-19T04:21:54.396197700Z vaxpfizer1  vaxpfizer1 data size = 5377253 
2021-04-19T04:22:05.445359100Z memory usage = 5.357 GB 
2021-04-19T04:22:05.445400700Z   
2021-04-19T04:30:31.795263900Z vaxpfizer1_fxd  vaxpfizer1_fxd data size = 5377253 
2021-04-19T04:30:48.743201300Z memory usage = 4.475 GB 
2021-04-19T04:34:37.675680000Z   
2021-04-19T04:40:47.459598900Z vaxaz1  vaxaz1 data size = 2701493 
2021-04-19T04:40:53.657906300Z memory usage = 2.692 GB 
2021-04-19T04:40:53.658018300Z   
2021-04-19T04:45:27.774677900Z vaxaz1_fxd  vaxaz1_fxd data size = 2701493 
2021-04-19T04:45:33.945042100Z memory usage = 2.249 GB 
2021-04-19T04:48:42.692488200Z   
2021-04-19T05:18:59.169685800Z death  death data size = 6514211 
2021-04-19T05:19:14.176102700Z memory usage = 6.516 GB 
2021-04-19T05:19:14.176157200Z   
2021-04-19T05:39:25.175131900Z death_fxd  death_fxd data size = 6514211 
2021-04-19T05:39:39.515944900Z memory usage = 5.421 GB 
2021-04-19T05:45:05.870079900Z Saving 7 x 7 in image
2021-04-19T05:45:09.303657200Z `stat_bin()` using `bins = 30`. Pick better value with `binwidth`.
2021-04-19T05:45:15.693344600Z   
2021-04-19T05:45:15.693600600Z data_weights data size = 6514211   
2021-04-19T05:45:15.694256000Z memory usage = 0.99 GB   
2021-04-19T05:45:38.079300100Z   
2021-04-19T05:45:38.079368000Z msmmod0 
2021-04-19T05:46:23.045183000Z MODEL INFO:
2021-04-19T05:46:23.045275100Z Observations: 6514211
2021-04-19T05:46:23.045284300Z Dependent Variable: 
2021-04-19T05:46:23.045291900Z Type: Generalized linear model
2021-04-19T05:46:23.045299400Z   Family: binomial 
2021-04-19T05:46:23.045306700Z   Link function: logit 
2021-04-19T05:46:23.045314100Z 
2021-04-19T05:46:23.047703300Z MODEL FIT:
2021-04-19T05:46:23.047746800Z <U+03C7><U+00B2>(6) = 4.596, p = 0.597
2021-04-19T05:46:23.047757000Z Pseudo-R<U+00B2> (Cragg-Uhler) = 
2021-04-19T05:46:23.047764800Z Pseudo-R<U+00B2> (McFadden) = 0.001
2021-04-19T05:46:23.047772500Z AIC = 8081.311, BIC = 8177.137 
2021-04-19T05:46:23.047780200Z 
2021-04-19T05:46:23.048166700Z Standard errors: MLE
2021-04-19T05:46:23.096920200Z ------------------------------------------------------------------
2021-04-19T05:46:23.096990300Z                                    Est.    S.E.     z val.       p
2021-04-19T05:46:23.096999100Z ------------------------------ -------- ------- ---------- -------
2021-04-19T05:46:23.097011300Z (Intercept)                      -9.739   0.056   -173.388   0.000
2021-04-19T05:46:23.097019100Z timesincevax_pw(0,3]             -0.851   0.503     -1.690   0.091
2021-04-19T05:46:23.097026500Z timesincevax_pw(3,7]             -0.119   0.307     -0.389   0.697
2021-04-19T05:46:23.097034100Z timesincevax_pw(7,14]            -0.183   0.249     -0.736   0.462
2021-04-19T05:46:23.097041500Z timesincevax_pw(14,21]            0.044   0.264      0.167   0.868
2021-04-19T05:46:23.097049100Z timesincevax_pw(21,28]            0.003   0.358      0.008   0.994
2021-04-19T05:46:23.097056500Z timesincevax_pw(28, Inf]          0.175   0.580      0.302   0.762
2021-04-19T05:46:23.097064100Z ------------------------------------------------------------------
2021-04-19T05:46:23.097418600Z msmmod0_par data size = 6514211 
2021-04-19T05:46:34.116689700Z memory usage = 3.779 GB 
2021-04-19T05:47:32.097699900Z   
2021-04-19T05:47:32.097776200Z msmmod1 
2021-04-19T05:48:43.873829100Z MODEL INFO:
2021-04-19T05:48:43.873964300Z Observations: 6514211
2021-04-19T05:48:43.873973000Z Dependent Variable: 
2021-04-19T05:48:43.873979900Z Type: Generalized linear model
2021-04-19T05:48:43.873986600Z   Family: binomial 
2021-04-19T05:48:43.873993300Z   Link function: logit 
2021-04-19T05:48:43.874000000Z 
2021-04-19T05:48:43.875543900Z MODEL FIT:
2021-04-19T05:48:43.875566600Z <U+03C7><U+00B2>(17) = 97.416, p = 0.000
2021-04-19T05:48:43.875575100Z Pseudo-R<U+00B2> (Cragg-Uhler) = 
2021-04-19T05:48:43.875582100Z Pseudo-R<U+00B2> (McFadden) = 0.012
2021-04-19T05:48:43.875591500Z AIC = 8010.490, BIC = 8256.901 
2021-04-19T05:48:43.875598700Z 
2021-04-19T05:48:43.875805900Z Standard errors: MLE
2021-04-19T05:48:43.945625000Z ------------------------------------------------------------------
2021-04-19T05:48:43.945709800Z                                     Est.     S.E.   z val.       p
2021-04-19T05:48:43.945718000Z ------------------------------- -------- -------- -------- -------
2021-04-19T05:48:43.945725500Z (Intercept)                       10.887   41.164    0.264   0.791
2021-04-19T05:48:43.945732600Z timesincevax_pw(0,3]              -0.833    0.503   -1.655   0.098
2021-04-19T05:48:43.945739500Z timesincevax_pw(3,7]              -0.101    0.307   -0.330   0.742
2021-04-19T05:48:43.945746400Z timesincevax_pw(7,14]             -0.171    0.249   -0.688   0.492
2021-04-19T05:48:43.945753200Z timesincevax_pw(14,21]            -0.007    0.265   -0.026   0.979
2021-04-19T05:48:43.945760200Z timesincevax_pw(21,28]            -0.130    0.359   -0.362   0.718
2021-04-19T05:48:43.945767000Z timesincevax_pw(28, Inf]          -0.029    0.581   -0.050   0.960
2021-04-19T05:48:43.945773900Z poly(age, degree = 2, raw =       -0.658    1.106   -0.595   0.552
2021-04-19T05:48:43.945780700Z TRUE)1                                                            
2021-04-19T05:48:43.945787600Z poly(age, degree = 2, raw =        0.005    0.007    0.697   0.486
2021-04-19T05:48:43.945794300Z TRUE)2                                                            
2021-04-19T05:48:43.945801300Z sexMale                            0.448    0.105    4.276   0.000
2021-04-19T05:48:43.945808000Z imd2                              -0.432    0.159   -2.713   0.007
2021-04-19T05:48:43.945815000Z imd3                              -0.554    0.152   -3.633   0.000
2021-04-19T05:48:43.945822100Z imd4                              -0.748    0.160   -4.677   0.000
2021-04-19T05:48:43.945829300Z imd5 least deprived               -0.961    0.170   -5.651   0.000
2021-04-19T05:48:43.945836700Z ethnicityBlack                    -0.728    0.710   -1.025   0.305
2021-04-19T05:48:43.945843900Z ethnicitySouth Asian              -0.196    0.322   -0.608   0.543
2021-04-19T05:48:43.945850800Z ethnicityMixed                     0.466    0.709    0.656   0.512
2021-04-19T05:48:43.945892900Z ethnicityOther                    -1.164    1.001   -1.162   0.245
2021-04-19T05:48:43.945900600Z ------------------------------------------------------------------
2021-04-19T05:48:43.945962000Z msmmod1_par data size = 6514211 
2021-04-19T05:48:55.390461100Z memory usage = 3.779 GB 
2021-04-19T05:49:57.427881900Z   
2021-04-19T05:49:57.427976700Z msmmod2 
2021-04-19T05:54:43.697214800Z MODEL INFO:
2021-04-19T05:54:43.697272400Z Observations: 6514211
2021-04-19T05:54:43.697281700Z Dependent Variable: 
2021-04-19T05:54:43.697602000Z Type: Generalized linear model
2021-04-19T05:54:43.697626200Z   Family: binomial 
2021-04-19T05:54:43.697635300Z   Link function: logit 
2021-04-19T05:54:43.697643100Z 
2021-04-19T05:54:43.700053100Z MODEL FIT:
2021-04-19T05:54:43.700068300Z <U+03C7><U+00B2>(40) = 571.053, p = 0.000
2021-04-19T05:54:43.700077100Z Pseudo-R<U+00B2> (Cragg-Uhler) = 
2021-04-19T05:54:43.700228600Z Pseudo-R<U+00B2> (McFadden) = 0.071
2021-04-19T05:54:43.700238700Z AIC = 7582.854, BIC = 8144.123 
2021-04-19T05:54:43.700246400Z 
2021-04-19T05:54:43.700746500Z Standard errors: MLE
2021-04-19T05:54:43.849901300Z ---------------------------------------------------------------------
2021-04-19T05:54:43.849943200Z                                       Est.      S.E.   z val.       p
2021-04-19T05:54:43.849953000Z --------------------------------- -------- --------- -------- -------
2021-04-19T05:54:43.849960900Z (Intercept)                          3.176    41.056    0.077   0.938
2021-04-19T05:54:43.849968600Z timesincevax_pw(0,3]                -0.817     0.503   -1.624   0.104
2021-04-19T05:54:43.849977200Z timesincevax_pw(3,7]                -0.081     0.307   -0.263   0.792
2021-04-19T05:54:43.849985300Z timesincevax_pw(7,14]               -0.148     0.249   -0.594   0.552
2021-04-19T05:54:43.849992800Z timesincevax_pw(14,21]               0.017     0.265    0.065   0.948
2021-04-19T05:54:43.850001700Z timesincevax_pw(21,28]              -0.122     0.359   -0.341   0.733
2021-04-19T05:54:43.850009900Z timesincevax_pw(28, Inf]            -0.061     0.581   -0.105   0.916
2021-04-19T05:54:43.850017600Z poly(age, degree = 2, raw =         -0.434     1.103   -0.394   0.694
2021-04-19T05:54:43.850025200Z TRUE)1                                                               
2021-04-19T05:54:43.850032900Z poly(age, degree = 2, raw =          0.003     0.007    0.467   0.641
2021-04-19T05:54:43.850040400Z TRUE)2                                                               
2021-04-19T05:54:43.850048000Z sexMale                              0.369     0.107    3.450   0.001
2021-04-19T05:54:43.850055700Z imd2                                -0.304     0.160   -1.897   0.058
2021-04-19T05:54:43.850084400Z imd3                                -0.352     0.155   -2.274   0.023
2021-04-19T05:54:43.850092400Z imd4                                -0.543     0.163   -3.333   0.001
2021-04-19T05:54:43.850099200Z imd5 least deprived                 -0.712     0.174   -4.082   0.000
2021-04-19T05:54:43.850106000Z ethnicityBlack                      -0.557     0.712   -0.782   0.434
2021-04-19T05:54:43.850112800Z ethnicitySouth Asian                 0.051     0.327    0.155   0.876
2021-04-19T05:54:43.850119500Z ethnicityMixed                       0.497     0.711    0.699   0.484
2021-04-19T05:54:43.850126200Z ethnicityOther                      -0.936     1.003   -0.934   0.350
2021-04-19T05:54:43.850133000Z bmiObese I (30-34.9)                -0.345     0.155   -2.234   0.025
2021-04-19T05:54:43.850139900Z bmiObese II (35-39.9)               -0.168     0.222   -0.759   0.448
2021-04-19T05:54:43.850146600Z bmiObese III (40+)                   0.206     0.290    0.713   0.476
2021-04-19T05:54:43.850153500Z chronic_cardiac_disease             -0.285     0.305   -0.935   0.350
2021-04-19T05:54:43.850160300Z heart_failure                        1.154     0.214    5.392   0.000
2021-04-19T05:54:43.850167200Z other_heart_disease                  0.144     0.266    0.542   0.588
2021-04-19T05:54:43.850175100Z dialysis                             0.727     0.590    1.233   0.217
2021-04-19T05:54:43.850182200Z diabetes                             0.147     0.121    1.217   0.224
2021-04-19T05:54:43.850189000Z chronic_liver_disease                1.520     0.217    7.003   0.000
2021-04-19T05:54:43.850195700Z current_copd                         0.527     0.138    3.811   0.000
2021-04-19T05:54:43.850202500Z other_resp_conditions                0.437     0.179    2.435   0.015
2021-04-19T05:54:43.850209400Z lung_cancer                          2.084     0.188   11.081   0.000
2021-04-19T05:54:43.850216100Z haematological_cancer                0.887     0.234    3.793   0.000
2021-04-19T05:54:43.850223000Z cancer_excl_lung_and_haem            1.219     0.111   10.942   0.000
2021-04-19T05:54:43.850229700Z chemo_or_radio                       0.420     0.169    2.480   0.013
2021-04-19T05:54:43.850236500Z permanant_immunosuppression         -9.937   133.046   -0.075   0.940
2021-04-19T05:54:43.850243300Z asplenia                            -0.372     1.004   -0.371   0.711
2021-04-19T05:54:43.850250200Z dmards                               0.154     0.239    0.645   0.519
2021-04-19T05:54:43.850257000Z dementia                             1.173     0.183    6.417   0.000
2021-04-19T05:54:43.850263900Z other_neuro_conditions               1.269     0.196    6.468   0.000
2021-04-19T05:54:43.850271000Z LD_incl_DS_and_CP                    0.520     0.715    0.728   0.467
2021-04-19T05:54:43.850278100Z psychosis_schiz_bipolar              0.678     0.314    2.161   0.031
2021-04-19T05:54:43.850292000Z flu_vaccine                         -0.372     0.134   -2.773   0.006
2021-04-19T05:54:43.850299800Z ---------------------------------------------------------------------
2021-04-19T05:54:43.850398300Z msmmod2_par data size = 6514211 
2021-04-19T05:54:54.892307500Z memory usage = 3.779 GB 
2021-04-19T05:55:56.208829200Z   
2021-04-19T05:55:56.208893400Z msmmod3 
2021-04-19T06:11:55.486601700Z MODEL INFO:
2021-04-19T06:11:55.486694400Z Observations: 6514211
2021-04-19T06:11:55.486703700Z Dependent Variable: 
2021-04-19T06:11:55.486711000Z Type: Generalized linear model
2021-04-19T06:11:55.486718500Z   Family: binomial 
2021-04-19T06:11:55.486725700Z   Link function: logit 
2021-04-19T06:11:55.486733100Z 
2021-04-19T06:11:55.488340200Z MODEL FIT:
2021-04-19T06:11:55.488368800Z <U+03C7><U+00B2>(84) = 696.372, p = 0.000
2021-04-19T06:11:55.488379100Z Pseudo-R<U+00B2> (Cragg-Uhler) = 
2021-04-19T06:11:55.488387000Z Pseudo-R<U+00B2> (McFadden) = 0.086
2021-04-19T06:11:55.488394700Z AIC = 7545.534, BIC = 8709.141 
2021-04-19T06:11:55.488402200Z 
2021-04-19T06:11:55.488565300Z Standard errors: MLE
2021-04-19T06:11:55.742177700Z ----------------------------------------------------------------------
2021-04-19T06:11:55.742249500Z                                        Est.      S.E.   z val.       p
2021-04-19T06:11:55.742258100Z --------------------------------- --------- --------- -------- -------
2021-04-19T06:11:55.742265700Z (Intercept)                          -6.715    41.369   -0.162   0.871
2021-04-19T06:11:55.742273200Z timesincevax_pw(0,3]                 -1.510     0.510   -2.960   0.003
2021-04-19T06:11:55.742280900Z timesincevax_pw(3,7]                 -0.953     0.321   -2.966   0.003
2021-04-19T06:11:55.742288500Z timesincevax_pw(7,14]                -1.308     0.277   -4.728   0.000
2021-04-19T06:11:55.742295900Z timesincevax_pw(14,21]               -1.391     0.302   -4.614   0.000
2021-04-19T06:11:55.742303500Z timesincevax_pw(21,28]               -1.782     0.399   -4.468   0.000
2021-04-19T06:11:55.742310800Z timesincevax_pw(28, Inf]             -1.898     0.615   -3.087   0.002
2021-04-19T06:11:55.742318400Z poly(age, degree = 2, raw =          -0.200     1.111   -0.180   0.857
2021-04-19T06:11:55.742325900Z TRUE)1                                                                
2021-04-19T06:11:55.742333300Z poly(age, degree = 2, raw =           0.002     0.007    0.273   0.785
2021-04-19T06:11:55.742341500Z TRUE)2                                                                
2021-04-19T06:11:55.742349400Z sexMale                               0.390     0.107    3.639   0.000
2021-04-19T06:11:55.742357500Z imd2                                 -0.277     0.163   -1.699   0.089
2021-04-19T06:11:55.742389100Z imd3                                 -0.312     0.160   -1.956   0.050
2021-04-19T06:11:55.742396900Z imd4                                 -0.487     0.167   -2.920   0.003
2021-04-19T06:11:55.742404100Z imd5 least deprived                  -0.659     0.178   -3.711   0.000
2021-04-19T06:11:55.742411200Z ethnicityBlack                       -0.557     0.718   -0.775   0.438
2021-04-19T06:11:55.742418300Z ethnicitySouth Asian                  0.085     0.332    0.255   0.799
2021-04-19T06:11:55.742425000Z ethnicityMixed                        0.448     0.714    0.627   0.531
2021-04-19T06:11:55.742431900Z ethnicityOther                       -0.926     1.005   -0.922   0.357
2021-04-19T06:11:55.742439100Z bmiObese I (30-34.9)                 -0.338     0.155   -2.181   0.029
2021-04-19T06:11:55.742446200Z bmiObese II (35-39.9)                -0.195     0.222   -0.875   0.381
2021-04-19T06:11:55.742453100Z bmiObese III (40+)                    0.204     0.290    0.705   0.481
2021-04-19T06:11:55.742460100Z chronic_cardiac_disease              -0.303     0.306   -0.989   0.323
2021-04-19T06:11:55.742466900Z heart_failure                         1.176     0.214    5.485   0.000
2021-04-19T06:11:55.742475300Z other_heart_disease                   0.139     0.266    0.521   0.602
2021-04-19T06:11:55.742482800Z dialysis                              0.764     0.590    1.294   0.195
2021-04-19T06:11:55.742490600Z diabetes                              0.159     0.121    1.308   0.191
2021-04-19T06:11:55.742497900Z chronic_liver_disease                 1.568     0.217    7.217   0.000
2021-04-19T06:11:55.742505200Z current_copd                          0.518     0.138    3.741   0.000
2021-04-19T06:11:55.742512100Z other_resp_conditions                 0.438     0.180    2.435   0.015
2021-04-19T06:11:55.742519200Z lung_cancer                           2.052     0.188   10.887   0.000
2021-04-19T06:11:55.742526100Z haematological_cancer                 0.917     0.234    3.913   0.000
2021-04-19T06:11:55.742533000Z cancer_excl_lung_and_haem             1.238     0.112   11.075   0.000
2021-04-19T06:11:55.742539800Z chemo_or_radio                        0.420     0.169    2.482   0.013
2021-04-19T06:11:55.742546800Z permanant_immunosuppression         -10.919   213.840   -0.051   0.959
2021-04-19T06:11:55.742553600Z asplenia                             -0.375     1.004   -0.374   0.709
2021-04-19T06:11:55.742560600Z dmards                                0.158     0.239    0.663   0.508
2021-04-19T06:11:55.742567400Z dementia                              1.139     0.183    6.219   0.000
2021-04-19T06:11:55.742574600Z other_neuro_conditions                1.263     0.196    6.446   0.000
2021-04-19T06:11:55.742581400Z LD_incl_DS_and_CP                     0.482     0.714    0.675   0.500
2021-04-19T06:11:55.742588300Z psychosis_schiz_bipolar               0.667     0.314    2.121   0.034
2021-04-19T06:11:55.742595100Z flu_vaccine                          -0.249     0.136   -1.837   0.066
2021-04-19T06:11:55.742610400Z ns(tstop, df = 4)1                    0.930     0.553    1.682   0.092
2021-04-19T06:11:55.742618200Z ns(tstop, df = 4)2                    0.230     0.540    0.426   0.670
2021-04-19T06:11:55.742625300Z ns(tstop, df = 4)3                    0.471     1.214    0.388   0.698
2021-04-19T06:11:55.742632200Z ns(tstop, df = 4)4                    2.952     0.480    6.148   0.000
2021-04-19T06:11:55.742639200Z regionEast Midlands                  -0.568     0.759   -0.748   0.455
2021-04-19T06:11:55.742646700Z regionLondon                         -9.389    10.482   -0.896   0.370
2021-04-19T06:11:55.742653900Z regionNorth East                     -0.056     1.025   -0.055   0.956
2021-04-19T06:11:55.742660800Z regionNorth West                     -0.917     0.972   -0.943   0.345
2021-04-19T06:11:55.742667700Z regionSouth East                     -0.386     1.015   -0.380   0.704
2021-04-19T06:11:55.742674600Z regionSouth West                     -0.043     0.705   -0.061   0.952
2021-04-19T06:11:55.742681300Z regionWest Midlands                  -1.754     1.798   -0.976   0.329
2021-04-19T06:11:55.742688900Z regionYorkshire and The               1.044     0.624    1.673   0.094
2021-04-19T06:11:55.742695900Z Humber                                                                
2021-04-19T06:11:55.742702800Z ns(tstop, df =                       -0.765     0.892   -0.858   0.391
2021-04-19T06:11:55.742709700Z 4)1:regionEast Midlands                                               
2021-04-19T06:11:55.742716600Z ns(tstop, df =                        0.155     0.849    0.183   0.855
2021-04-19T06:11:55.742723500Z 4)2:regionEast Midlands                                               
2021-04-19T06:11:55.742730400Z ns(tstop, df =                        1.980     1.893    1.046   0.296
2021-04-19T06:11:55.742737200Z 4)3:regionEast Midlands                                               
2021-04-19T06:11:55.742744100Z ns(tstop, df =                       -0.725     0.695   -1.043   0.297
2021-04-19T06:11:55.742750900Z 4)4:regionEast Midlands                                               
2021-04-19T06:11:55.742757700Z ns(tstop, df =                        8.641     9.865    0.876   0.381
2021-04-19T06:11:55.742764500Z 4)1:regionLondon                                                      
2021-04-19T06:11:55.742771200Z ns(tstop, df =                        4.942     7.282    0.679   0.497
2021-04-19T06:11:55.742778100Z 4)2:regionLondon                                                      
2021-04-19T06:11:55.742785000Z ns(tstop, df =                       18.046    20.976    0.860   0.390
2021-04-19T06:11:55.742791800Z 4)3:regionLondon                                                      
2021-04-19T06:11:55.742798600Z ns(tstop, df =                        2.916     4.022    0.725   0.469
2021-04-19T06:11:55.742805500Z 4)4:regionLondon                                                      
2021-04-19T06:11:55.742820000Z ns(tstop, df =                        0.133     1.186    0.112   0.911
2021-04-19T06:11:55.742827600Z 4)1:regionNorth East                                                  
2021-04-19T06:11:55.742834500Z ns(tstop, df =                       -0.962     1.322   -0.728   0.467
2021-04-19T06:11:55.742841400Z 4)2:regionNorth East                                                  
2021-04-19T06:11:55.742848400Z ns(tstop, df =                        0.704     2.574    0.273   0.784
2021-04-19T06:11:55.742855200Z 4)3:regionNorth East                                                  
2021-04-19T06:11:55.742862000Z ns(tstop, df =                       -0.664     1.022   -0.650   0.516
2021-04-19T06:11:55.742868900Z 4)4:regionNorth East                                                  
2021-04-19T06:11:55.742875900Z ns(tstop, df =                       -0.613     1.090   -0.562   0.574
2021-04-19T06:11:55.742882600Z 4)1:regionNorth West                                                  
2021-04-19T06:11:55.742889500Z ns(tstop, df =                        0.814     0.980    0.830   0.406
2021-04-19T06:11:55.742897100Z 4)2:regionNorth West                                                  
2021-04-19T06:11:55.742904200Z ns(tstop, df =                        3.361     2.346    1.433   0.152
2021-04-19T06:11:55.742911300Z 4)3:regionNorth West                                                  
2021-04-19T06:11:55.742918100Z ns(tstop, df =                       -0.681     0.786   -0.866   0.386
2021-04-19T06:11:55.742924900Z 4)4:regionNorth West                                                  
2021-04-19T06:11:55.742931900Z ns(tstop, df =                       -0.262     1.154   -0.227   0.820
2021-04-19T06:11:55.742938600Z 4)1:regionSouth East                                                  
2021-04-19T06:11:55.742945500Z ns(tstop, df =                        0.969     1.093    0.886   0.376
2021-04-19T06:11:55.742952300Z 4)2:regionSouth East                                                  
2021-04-19T06:11:55.742959200Z ns(tstop, df =                        0.916     2.518    0.364   0.716
2021-04-19T06:11:55.742966000Z 4)3:regionSouth East                                                  
2021-04-19T06:11:55.742973000Z ns(tstop, df =                       -1.473     1.138   -1.294   0.196
2021-04-19T06:11:55.742979800Z 4)4:regionSouth East                                                  
2021-04-19T06:11:55.742986800Z ns(tstop, df =                       -2.174     0.909   -2.391   0.017
2021-04-19T06:11:55.742993600Z 4)1:regionSouth West                                                  
2021-04-19T06:11:55.743000500Z ns(tstop, df =                        1.118     0.798    1.401   0.161
2021-04-19T06:11:55.743007300Z 4)2:regionSouth West                                                  
2021-04-19T06:11:55.743014200Z ns(tstop, df =                        1.438     1.803    0.797   0.425
2021-04-19T06:11:55.743021000Z 4)3:regionSouth West                                                  
2021-04-19T06:11:55.743035500Z ns(tstop, df =                       -1.399     0.740   -1.891   0.059
2021-04-19T06:11:55.743042800Z 4)4:regionSouth West                                                  
2021-04-19T06:11:55.743049800Z ns(tstop, df =                        1.037     1.782    0.582   0.561
2021-04-19T06:11:55.743056600Z 4)1:regionWest Midlands                                               
2021-04-19T06:11:55.743063500Z ns(tstop, df =                        0.211     1.829    0.115   0.908
2021-04-19T06:11:55.743070300Z 4)2:regionWest Midlands                                               
2021-04-19T06:11:55.743077100Z ns(tstop, df =                        4.565     4.121    1.108   0.268
2021-04-19T06:11:55.743083900Z 4)3:regionWest Midlands                                               
2021-04-19T06:11:55.743090900Z ns(tstop, df =                       -1.038     1.303   -0.796   0.426
2021-04-19T06:11:55.743097700Z 4)4:regionWest Midlands                                               
2021-04-19T06:11:55.743108200Z ns(tstop, df =                       -1.171     0.816   -1.435   0.151
2021-04-19T06:11:55.743115200Z 4)1:regionYorkshire and The                                           
2021-04-19T06:11:55.743122000Z Humber                                                                
2021-04-19T06:11:55.743128800Z ns(tstop, df =                       -0.109     0.776   -0.140   0.889
2021-04-19T06:11:55.743135600Z 4)2:regionYorkshire and The                                           
2021-04-19T06:11:55.743142400Z Humber                                                                
2021-04-19T06:11:55.743149300Z ns(tstop, df =                       -2.171     1.705   -1.274   0.203
2021-04-19T06:11:55.743156200Z 4)3:regionYorkshire and The                                           
2021-04-19T06:11:55.743162900Z Humber                                                                
2021-04-19T06:11:55.743169800Z ns(tstop, df =                        0.118     0.707    0.167   0.867
2021-04-19T06:11:55.743176600Z 4)4:regionYorkshire and The                                           
2021-04-19T06:11:55.743183400Z Humber                                                                
2021-04-19T06:11:55.743190300Z ----------------------------------------------------------------------
2021-04-19T06:11:55.743197100Z msmmod3_par data size = 6514211 
2021-04-19T06:12:06.156199100Z memory usage = 3.779 GB 
2021-04-19T06:13:19.456086000Z   
2021-04-19T06:13:19.456178400Z msmmod4 
2021-04-19T06:28:04.142285800Z MODEL INFO:
2021-04-19T06:28:04.142356300Z Observations: 6514211
2021-04-19T06:28:04.142365900Z Dependent Variable: 
2021-04-19T06:28:04.142373300Z Type: Generalized linear model
2021-04-19T06:28:04.142380600Z   Family: binomial 
2021-04-19T06:28:04.142416300Z   Link function: logit 
2021-04-19T06:28:04.142423800Z 
2021-04-19T06:28:04.144145800Z MODEL FIT:
2021-04-19T06:28:04.144170200Z <U+03C7><U+00B2>(84) = 663.023, p = 0.000
2021-04-19T06:28:04.144179900Z Pseudo-R<U+00B2> (Cragg-Uhler) = 
2021-04-19T06:28:04.144187000Z Pseudo-R<U+00B2> (McFadden) = 0.084
2021-04-19T06:28:04.144194000Z AIC = 7471.472, BIC = 8635.079 
2021-04-19T06:28:04.144201700Z 
2021-04-19T06:28:04.144381100Z Standard errors: MLE
2021-04-19T06:28:04.409226500Z ----------------------------------------------------------------------
2021-04-19T06:28:04.409252700Z                                        Est.      S.E.   z val.       p
2021-04-19T06:28:04.409261500Z --------------------------------- --------- --------- -------- -------
2021-04-19T06:28:04.409268800Z (Intercept)                           2.733    41.587    0.066   0.948
2021-04-19T06:28:04.409275800Z timesincevax_pw(0,3]                 -1.411     0.517   -2.729   0.006
2021-04-19T06:28:04.409282900Z timesincevax_pw(3,7]                 -0.751     0.316   -2.382   0.017
2021-04-19T06:28:04.409289800Z timesincevax_pw(7,14]                -1.112     0.278   -4.004   0.000
2021-04-19T06:28:04.409297000Z timesincevax_pw(14,21]               -1.203     0.306   -3.928   0.000
2021-04-19T06:28:04.409303900Z timesincevax_pw(21,28]               -1.379     0.373   -3.695   0.000
2021-04-19T06:28:04.409311000Z timesincevax_pw(28, Inf]             -1.759     0.627   -2.803   0.005
2021-04-19T06:28:04.409318000Z poly(age, degree = 2, raw =          -0.449     1.117   -0.402   0.687
2021-04-19T06:28:04.409325100Z TRUE)1                                                                
2021-04-19T06:28:04.409332000Z poly(age, degree = 2, raw =           0.004     0.007    0.492   0.623
2021-04-19T06:28:04.409339100Z TRUE)2                                                                
2021-04-19T06:28:04.409346200Z sexMale                               0.379     0.108    3.507   0.000
2021-04-19T06:28:04.409353300Z imd2                                 -0.275     0.165   -1.667   0.096
2021-04-19T06:28:04.409360400Z imd3                                 -0.281     0.160   -1.753   0.080
2021-04-19T06:28:04.409367400Z imd4                                 -0.508     0.170   -2.997   0.003
2021-04-19T06:28:04.409374300Z imd5 least deprived                  -0.635     0.179   -3.554   0.000
2021-04-19T06:28:04.409381300Z ethnicityBlack                       -0.513     0.718   -0.714   0.475
2021-04-19T06:28:04.409388200Z ethnicitySouth Asian                  0.068     0.336    0.201   0.841
2021-04-19T06:28:04.409395300Z ethnicityMixed                        0.463     0.714    0.648   0.517
2021-04-19T06:28:04.409402300Z ethnicityOther                       -0.892     1.005   -0.888   0.375
2021-04-19T06:28:04.409409200Z bmiObese I (30-34.9)                 -0.360     0.158   -2.280   0.023
2021-04-19T06:28:04.409430600Z bmiObese II (35-39.9)                -0.187     0.225   -0.832   0.405
2021-04-19T06:28:04.409438500Z bmiObese III (40+)                    0.206     0.294    0.702   0.483
2021-04-19T06:28:04.409445500Z chronic_cardiac_disease              -0.347     0.311   -1.115   0.265
2021-04-19T06:28:04.409452400Z heart_failure                         1.189     0.217    5.477   0.000
2021-04-19T06:28:04.409460300Z other_heart_disease                   0.173     0.271    0.636   0.525
2021-04-19T06:28:04.409467400Z dialysis                              0.790     0.583    1.354   0.176
2021-04-19T06:28:04.409474400Z diabetes                              0.159     0.123    1.300   0.194
2021-04-19T06:28:04.409481400Z chronic_liver_disease                 1.569     0.219    7.158   0.000
2021-04-19T06:28:04.409488300Z current_copd                          0.509     0.141    3.623   0.000
2021-04-19T06:28:04.409495300Z other_resp_conditions                 0.472     0.180    2.620   0.009
2021-04-19T06:28:04.409502700Z lung_cancer                           2.032     0.192   10.565   0.000
2021-04-19T06:28:04.409509800Z haematological_cancer                 0.993     0.229    4.338   0.000
2021-04-19T06:28:04.409516700Z cancer_excl_lung_and_haem             1.221     0.113   10.807   0.000
2021-04-19T06:28:04.409523900Z chemo_or_radio                        0.398     0.172    2.316   0.021
2021-04-19T06:28:04.409530900Z permanant_immunosuppression         -10.940   214.054   -0.051   0.959
2021-04-19T06:28:04.409538000Z asplenia                             -0.189     0.915   -0.207   0.836
2021-04-19T06:28:04.409545000Z dmards                                0.230     0.233    0.986   0.324
2021-04-19T06:28:04.409552100Z dementia                              1.146     0.185    6.193   0.000
2021-04-19T06:28:04.409559100Z other_neuro_conditions                1.310     0.194    6.745   0.000
2021-04-19T06:28:04.409566200Z LD_incl_DS_and_CP                     0.474     0.723    0.656   0.512
2021-04-19T06:28:04.409573200Z psychosis_schiz_bipolar               0.670     0.315    2.126   0.033
2021-04-19T06:28:04.409580300Z flu_vaccine                          -0.266     0.137   -1.938   0.053
2021-04-19T06:28:04.409587300Z ns(tstop, df = 4)1                    0.991     0.552    1.794   0.073
2021-04-19T06:28:04.409594400Z ns(tstop, df = 4)2                    0.119     0.551    0.216   0.829
2021-04-19T06:28:04.409601300Z ns(tstop, df = 4)3                    0.219     1.215    0.181   0.857
2021-04-19T06:28:04.409608600Z ns(tstop, df = 4)4                    2.692     0.495    5.443   0.000
2021-04-19T06:28:04.409616000Z regionEast Midlands                  -0.561     0.758   -0.740   0.460
2021-04-19T06:28:04.409623000Z regionLondon                         -9.512    10.564   -0.900   0.368
2021-04-19T06:28:04.409630100Z regionNorth East                     -0.031     1.021   -0.030   0.976
2021-04-19T06:28:04.409644900Z regionNorth West                     -0.902     0.969   -0.930   0.352
2021-04-19T06:28:04.409652500Z regionSouth East                     -0.398     1.016   -0.392   0.695
2021-04-19T06:28:04.409659600Z regionSouth West                     -0.054     0.705   -0.076   0.939
2021-04-19T06:28:04.409666600Z regionWest Midlands                  -1.754     1.798   -0.976   0.329
2021-04-19T06:28:04.409674200Z regionYorkshire and The               1.044     0.623    1.677   0.094
2021-04-19T06:28:04.409681300Z Humber                                                                
2021-04-19T06:28:04.409688300Z ns(tstop, df =                       -0.808     0.891   -0.907   0.364
2021-04-19T06:28:04.409695500Z 4)1:regionEast Midlands                                               
2021-04-19T06:28:04.409702400Z ns(tstop, df =                        0.237     0.860    0.275   0.783
2021-04-19T06:28:04.409709400Z 4)2:regionEast Midlands                                               
2021-04-19T06:28:04.409716400Z ns(tstop, df =                        2.037     1.892    1.077   0.282
2021-04-19T06:28:04.409723300Z 4)3:regionEast Midlands                                               
2021-04-19T06:28:04.409730400Z ns(tstop, df =                       -0.691     0.711   -0.972   0.331
2021-04-19T06:28:04.409737300Z 4)4:regionEast Midlands                                               
2021-04-19T06:28:04.409744300Z ns(tstop, df =                        8.667     9.950    0.871   0.384
2021-04-19T06:28:04.409751200Z 4)1:regionLondon                                                      
2021-04-19T06:28:04.409758200Z ns(tstop, df =                        5.203     7.312    0.712   0.477
2021-04-19T06:28:04.409765100Z 4)2:regionLondon                                                      
2021-04-19T06:28:04.409772100Z ns(tstop, df =                       18.544    21.122    0.878   0.380
2021-04-19T06:28:04.409779000Z 4)3:regionLondon                                                      
2021-04-19T06:28:04.409786100Z ns(tstop, df =                        3.166     4.052    0.781   0.435
2021-04-19T06:28:04.409793100Z 4)4:regionLondon                                                      
2021-04-19T06:28:04.409800200Z ns(tstop, df =                        0.141     1.185    0.119   0.905
2021-04-19T06:28:04.409807100Z 4)1:regionNorth East                                                  
2021-04-19T06:28:04.409814300Z ns(tstop, df =                       -1.055     1.374   -0.768   0.442
2021-04-19T06:28:04.409821200Z 4)2:regionNorth East                                                  
2021-04-19T06:28:04.409828300Z ns(tstop, df =                        0.595     2.577    0.231   0.817
2021-04-19T06:28:04.409835200Z 4)3:regionNorth East                                                  
2021-04-19T06:28:04.409842200Z ns(tstop, df =                       -0.675     1.069   -0.631   0.528
2021-04-19T06:28:04.409849200Z 4)4:regionNorth East                                                  
2021-04-19T06:28:04.409863900Z ns(tstop, df =                       -0.629     1.090   -0.577   0.564
2021-04-19T06:28:04.409871400Z 4)1:regionNorth West                                                  
2021-04-19T06:28:04.409878500Z ns(tstop, df =                        0.737     1.002    0.736   0.462
2021-04-19T06:28:04.409886100Z 4)2:regionNorth West                                                  
2021-04-19T06:28:04.409893400Z ns(tstop, df =                        3.312     2.346    1.412   0.158
2021-04-19T06:28:04.409900400Z 4)3:regionNorth West                                                  
2021-04-19T06:28:04.409907400Z ns(tstop, df =                       -0.693     0.803   -0.863   0.388
2021-04-19T06:28:04.409914300Z 4)4:regionNorth West                                                  
2021-04-19T06:28:04.409921600Z ns(tstop, df =                       -0.337     1.156   -0.291   0.771
2021-04-19T06:28:04.409928600Z 4)1:regionSouth East                                                  
2021-04-19T06:28:04.409935700Z ns(tstop, df =                        1.084     1.101    0.984   0.325
2021-04-19T06:28:04.409942600Z 4)2:regionSouth East                                                  
2021-04-19T06:28:04.409949700Z ns(tstop, df =                        1.062     2.521    0.421   0.674
2021-04-19T06:28:04.409956800Z 4)3:regionSouth East                                                  
2021-04-19T06:28:04.409963700Z ns(tstop, df =                       -1.416     1.144   -1.238   0.216
2021-04-19T06:28:04.409973300Z 4)4:regionSouth East                                                  
2021-04-19T06:28:04.409980400Z ns(tstop, df =                       -2.260     0.913   -2.474   0.013
2021-04-19T06:28:04.409987400Z 4)1:regionSouth West                                                  
2021-04-19T06:28:04.409994300Z ns(tstop, df =                        1.247     0.817    1.525   0.127
2021-04-19T06:28:04.410001200Z 4)2:regionSouth West                                                  
2021-04-19T06:28:04.410008200Z ns(tstop, df =                        1.413     1.808    0.782   0.434
2021-04-19T06:28:04.410015100Z 4)3:regionSouth West                                                  
2021-04-19T06:28:04.410022200Z ns(tstop, df =                       -1.612     0.782   -2.061   0.039
2021-04-19T06:28:04.410029100Z 4)4:regionSouth West                                                  
2021-04-19T06:28:04.410036200Z ns(tstop, df =                        0.978     1.783    0.549   0.583
2021-04-19T06:28:04.410043500Z 4)1:regionWest Midlands                                               
2021-04-19T06:28:04.410050600Z ns(tstop, df =                        0.243     1.849    0.131   0.896
2021-04-19T06:28:04.410057700Z 4)2:regionWest Midlands                                               
2021-04-19T06:28:04.410064800Z ns(tstop, df =                        4.668     4.124    1.132   0.258
2021-04-19T06:28:04.410079300Z 4)3:regionWest Midlands                                               
2021-04-19T06:28:04.410086900Z ns(tstop, df =                       -0.945     1.313   -0.720   0.471
2021-04-19T06:28:04.410094000Z 4)4:regionWest Midlands                                               
2021-04-19T06:28:04.410101700Z ns(tstop, df =                       -1.193     0.815   -1.465   0.143
2021-04-19T06:28:04.410108800Z 4)1:regionYorkshire and The                                           
2021-04-19T06:28:04.410116000Z Humber                                                                
2021-04-19T06:28:04.410123200Z ns(tstop, df =                       -0.083     0.785   -0.106   0.916
2021-04-19T06:28:04.410130300Z 4)2:regionYorkshire and The                                           
2021-04-19T06:28:04.410137400Z Humber                                                                
2021-04-19T06:28:04.410144400Z ns(tstop, df =                       -2.038     1.705   -1.195   0.232
2021-04-19T06:28:04.410151500Z 4)3:regionYorkshire and The                                           
2021-04-19T06:28:04.410158500Z Humber                                                                
2021-04-19T06:28:04.410165500Z ns(tstop, df =                        0.315     0.708    0.445   0.656
2021-04-19T06:28:04.410172500Z 4)4:regionYorkshire and The                                           
2021-04-19T06:28:04.410179500Z Humber                                                                
2021-04-19T06:28:04.410186800Z ----------------------------------------------------------------------
2021-04-19T06:28:04.410194000Z msmmod4_par data size = 6514211 
2021-04-19T06:28:15.223226300Z memory usage = 3.779 GB 
2021-04-19T06:29:35.569509400Z NULL
2021-04-19T06:29:35.569590000Z   
2021-04-19T06:29:38.720624800Z              used   (Mb) gc trigger    (Mb)   max used   (Mb)
2021-04-19T06:29:38.720680000Z Ncells    2339987  125.0   12676634   677.1    2339987  125.0
2021-04-19T06:29:38.720689400Z Vcells 1057066240 8064.8 2222390251 16955.5 1057066240 8064.8
2021-04-19T06:29:38.720742100Z Warning message:
2021-04-19T06:29:38.720772300Z Removed 2494 rows containing non-finite values (stat_bin). 


state: succeeded
commit: 33f52791c8cce80c6c198db74da25e5b695f71d1
docker_image_id: sha256:c2fc5042bf86134947d83ad8e70bd926e2c1f91a263c6bfe87438ad783bec981
exit_code: 0
job_id: vrszegzcwzsin2vp
run_by_user: wjchulme
created_at: 2021-04-18T20:34:39Z
started_at: 2021-04-19T04:04:31Z
completed_at: 2021-04-19T06:29:55Z

Completed successfully

outputs:
  output/in70s/noncoviddeath/az/all/all/data_atrisk_death.rds         - highly_sensitive    
  output/in70s/noncoviddeath/az/all/all/data_atrisk_vaxaz1.rds        - highly_sensitive    
  output/in70s/noncoviddeath/az/all/all/data_atrisk_vaxpfizer1.rds    - highly_sensitive    
  output/in70s/noncoviddeath/az/all/all/data_weights.rds              - highly_sensitive    
  output/in70s/noncoviddeath/az/all/all/model0.rds                    - highly_sensitive    
  output/in70s/noncoviddeath/az/all/all/model1.rds                    - highly_sensitive    
  output/in70s/noncoviddeath/az/all/all/model2.rds                    - highly_sensitive    
  output/in70s/noncoviddeath/az/all/all/model3.rds                    - highly_sensitive    
  output/in70s/noncoviddeath/az/all/all/model4.rds                    - highly_sensitive    
  output/in70s/noncoviddeath/az/all/all/model_death.rds               - highly_sensitive    
  output/in70s/noncoviddeath/az/all/all/model_formula_death.rds       - highly_sensitive    
  output/in70s/noncoviddeath/az/all/all/model_formula_vaxaz1.rds      - highly_sensitive    
  output/in70s/noncoviddeath/az/all/all/model_formula_vaxpfizer1.rds  - highly_sensitive    
  output/in70s/noncoviddeath/az/all/all/model_vaxaz1.rds              - highly_sensitive    
  output/in70s/noncoviddeath/az/all/all/model_vaxpfizer1.rds          - highly_sensitive    
  output/in70s/noncoviddeath/az/all/all/weights_histogram.svg         - moderately_sensitive
  output/in70s/noncoviddeath/az/all/all/weights_table.txt             - moderately_sensitive