2021-05-15T22:37:45.210525600Z -- Attaching packages --------------------------------------- tidyverse 1.3.0 --
2021-05-15T22:37:45.223043000Z v ggplot2 3.3.2     v purrr   0.3.4
2021-05-15T22:37:45.223108500Z v tibble  3.0.3     v dplyr   1.0.2
2021-05-15T22:37:45.223117200Z v tidyr   1.1.2     v stringr 1.4.0
2021-05-15T22:37:45.223124300Z v readr   1.3.1     v forcats 0.5.0
2021-05-15T22:37:45.450803800Z -- Conflicts ------------------------------------------ tidyverse_conflicts() --
2021-05-15T22:37:45.450851400Z x dplyr::filter() masks stats::filter()
2021-05-15T22:37:45.450860700Z x dplyr::lag()    masks stats::lag()
2021-05-15T22:37:45.474376800Z 
2021-05-15T22:37:45.474433900Z Attaching package: 'glue'
2021-05-15T22:37:45.474443000Z 
2021-05-15T22:37:45.475824500Z The following object is masked from 'package:dplyr':
2021-05-15T22:37:45.475849000Z 
2021-05-15T22:37:45.475856900Z     collapse
2021-05-15T22:37:45.475864200Z 
2021-05-15T22:37:48.001932100Z 
2021-05-15T22:37:48.001978600Z Attaching package: 'lubridate'
2021-05-15T22:37:48.001987000Z 
2021-05-15T22:37:48.002696000Z The following objects are masked from 'package:base':
2021-05-15T22:37:48.002757800Z 
2021-05-15T22:37:48.002766900Z     date, intersect, setdiff, union
2021-05-15T22:37:48.002774400Z 
2021-05-15T22:37:48.382677900Z <environment: R_GlobalEnv>
2021-05-15T22:37:48.383196500Z <environment: R_GlobalEnv>
2021-05-15T22:40:02.018274400Z data_pt data size = 4700529 
2021-05-15T22:40:02.023420500Z   memory usage = 2.182 GB 
2021-05-15T22:40:02.686112800Z     
2021-05-15T22:40:02.686204400Z all   
2021-05-15T22:40:02.686213700Z   
2021-05-15T22:40:10.240214600Z   
2021-05-15T23:00:28.757364200Z vaxpfizer1  vaxpfizer1 data size = 4071121 
2021-05-15T23:00:43.843004600Z memory usage = 3.682 GB 
2021-05-15T23:00:43.843304200Z   
2021-05-15T23:06:46.101807200Z vaxpfizer1_fxd  vaxpfizer1_fxd data size = 4071121 
2021-05-15T23:06:56.600928500Z memory usage = 3.682 GB 
2021-05-15T23:10:17.317176300Z   
2021-05-15T23:13:51.476544300Z vaxaz1  vaxaz1 data size = 1513692 
2021-05-15T23:13:55.169788600Z memory usage = 1.37 GB 
2021-05-15T23:13:55.169905800Z   
2021-05-15T23:16:34.319086200Z vaxaz1_fxd  vaxaz1_fxd data size = 1513692 
2021-05-15T23:16:38.708499200Z memory usage = 1.37 GB 
2021-05-15T23:20:03.821444000Z Saving 7 x 7 in image
2021-05-15T23:20:06.444028000Z `stat_bin()` using `bins = 30`. Pick better value with `binwidth`.
2021-05-15T23:20:13.719565000Z   
2021-05-15T23:20:13.721042500Z data_weights data size = 4700529   
2021-05-15T23:20:13.722265000Z memory usage = 0.79 GB   
2021-05-15T23:20:35.012301800Z   
2021-05-15T23:20:35.012436300Z msmmod1 
2021-05-15T23:26:28.493998900Z MODEL INFO:
2021-05-15T23:26:28.494148100Z Observations: 4700529
2021-05-15T23:26:28.494158000Z Dependent Variable: 
2021-05-15T23:26:28.494165900Z Type: Generalized linear model
2021-05-15T23:26:28.494173600Z   Family: binomial 
2021-05-15T23:26:28.494181900Z   Link function: logit 
2021-05-15T23:26:28.494189400Z 
2021-05-15T23:26:28.496992800Z MODEL FIT:
2021-05-15T23:26:28.497134400Z <U+03C7><U+00B2>(50) = 20965.516, p = 0.000
2021-05-15T23:26:28.497145400Z Pseudo-R<U+00B2> (Cragg-Uhler) = 
2021-05-15T23:26:28.497153500Z Pseudo-R<U+00B2> (McFadden) = 0.093
2021-05-15T23:26:28.497161500Z AIC = 204363.557, BIC = 205045.079 
2021-05-15T23:26:28.497186300Z 
2021-05-15T23:26:28.497330400Z Standard errors: MLE
2021-05-15T23:26:28.719570400Z ----------------------------------------------------------------
2021-05-15T23:26:28.719678700Z                                   Est.    S.E.    z val.       p
2021-05-15T23:26:28.719688800Z ----------------------------- -------- ------- --------- -------
2021-05-15T23:26:28.719697400Z (Intercept)                     -9.443   0.103   -91.564   0.000
2021-05-15T23:26:28.719705300Z timesincevax_pw1-3              -1.797   0.102   -17.596   0.000
2021-05-15T23:26:28.719713500Z timesincevax_pw4-7              -1.537   0.076   -20.277   0.000
2021-05-15T23:26:28.719721500Z timesincevax_pw8-14             -1.441   0.055   -26.207   0.000
2021-05-15T23:26:28.719729700Z timesincevax_pw15-21            -1.445   0.057   -25.307   0.000
2021-05-15T23:26:28.719737900Z timesincevax_pw22-28            -1.624   0.068   -23.768   0.000
2021-05-15T23:26:28.719746000Z timesincevax_pw29+              -1.698   0.089   -19.160   0.000
2021-05-15T23:26:28.719754200Z ns(tstop, df = 4)1               0.831   0.109     7.598   0.000
2021-05-15T23:26:28.719762400Z ns(tstop, df = 4)2               2.365   0.089    26.596   0.000
2021-05-15T23:26:28.719770400Z ns(tstop, df = 4)3               3.328   0.242    13.745   0.000
2021-05-15T23:26:28.719778300Z ns(tstop, df = 4)4               2.226   0.085    26.277   0.000
2021-05-15T23:26:28.719786400Z regionEast Midlands              0.366   0.158     2.313   0.021
2021-05-15T23:26:28.719794600Z regionLondon                     1.317   0.294     4.483   0.000
2021-05-15T23:26:28.719802600Z regionNorth East                 0.961   0.235     4.083   0.000
2021-05-15T23:26:28.719810700Z regionNorth West                 0.449   0.228     1.968   0.049
2021-05-15T23:26:28.719819100Z regionSouth East                 1.525   0.208     7.334   0.000
2021-05-15T23:26:28.719865200Z regionSouth West                 3.298   0.157    20.938   0.000
2021-05-15T23:26:28.719873700Z regionWest Midlands              3.214   0.300    10.697   0.000
2021-05-15T23:26:28.719881000Z regionYorkshire and The         -0.711   0.174    -4.077   0.000
2021-05-15T23:26:28.719888100Z Humber                                                          
2021-05-15T23:26:28.719895600Z ns(tstop, df =                  -0.598   0.171    -3.501   0.000
2021-05-15T23:26:28.719903000Z 4)1:regionEast Midlands                                         
2021-05-15T23:26:28.719910500Z ns(tstop, df =                  -0.098   0.139    -0.702   0.483
2021-05-15T23:26:28.719918000Z 4)2:regionEast Midlands                                         
2021-05-15T23:26:28.719925700Z ns(tstop, df =                  -0.450   0.375    -1.200   0.230
2021-05-15T23:26:28.719932900Z 4)3:regionEast Midlands                                         
2021-05-15T23:26:28.719940200Z ns(tstop, df =                   0.183   0.129     1.423   0.155
2021-05-15T23:26:28.719947400Z 4)4:regionEast Midlands                                         
2021-05-15T23:26:28.719956500Z ns(tstop, df =                   0.290   0.304     0.955   0.340
2021-05-15T23:26:28.719964100Z 4)1:regionLondon                                                
2021-05-15T23:26:28.719971600Z ns(tstop, df =                   0.597   0.247     2.421   0.015
2021-05-15T23:26:28.719978800Z 4)2:regionLondon                                                
2021-05-15T23:26:28.719986300Z ns(tstop, df =                  -0.072   0.680    -0.106   0.915
2021-05-15T23:26:28.719993500Z 4)3:regionLondon                                                
2021-05-15T23:26:28.720000800Z ns(tstop, df =                  -0.484   0.243    -1.988   0.047
2021-05-15T23:26:28.720007800Z 4)4:regionLondon                                                
2021-05-15T23:26:28.720015300Z ns(tstop, df =                  -0.547   0.260    -2.100   0.036
2021-05-15T23:26:28.720022500Z 4)1:regionNorth East                                            
2021-05-15T23:26:28.720029700Z ns(tstop, df =                  -0.330   0.221    -1.498   0.134
2021-05-15T23:26:28.720037000Z 4)2:regionNorth East                                            
2021-05-15T23:26:28.720044600Z ns(tstop, df =                  -0.650   0.565    -1.149   0.250
2021-05-15T23:26:28.720051800Z 4)3:regionNorth East                                            
2021-05-15T23:26:28.720059100Z ns(tstop, df =                  -0.016   0.205    -0.080   0.936
2021-05-15T23:26:28.720066400Z 4)4:regionNorth East                                            
2021-05-15T23:26:28.720073700Z ns(tstop, df =                   0.394   0.238     1.658   0.097
2021-05-15T23:26:28.720080900Z 4)1:regionNorth West                                            
2021-05-15T23:26:28.720088100Z ns(tstop, df =                   0.054   0.195     0.278   0.781
2021-05-15T23:26:28.720104800Z 4)2:regionNorth West                                            
2021-05-15T23:26:28.720113000Z ns(tstop, df =                   0.777   0.530     1.465   0.143
2021-05-15T23:26:28.720123000Z 4)3:regionNorth West                                            
2021-05-15T23:26:28.720130400Z ns(tstop, df =                   0.134   0.173     0.775   0.438
2021-05-15T23:26:28.720137600Z 4)4:regionNorth West                                            
2021-05-15T23:26:28.720145100Z ns(tstop, df =                  -0.074   0.227    -0.328   0.743
2021-05-15T23:26:28.720152300Z 4)1:regionSouth East                                            
2021-05-15T23:26:28.720159800Z ns(tstop, df =                  -0.043   0.188    -0.227   0.820
2021-05-15T23:26:28.720167100Z 4)2:regionSouth East                                            
2021-05-15T23:26:28.720174400Z ns(tstop, df =                  -0.647   0.498    -1.299   0.194
2021-05-15T23:26:28.720181500Z 4)3:regionSouth East                                            
2021-05-15T23:26:28.720189000Z ns(tstop, df =                  -0.173   0.180    -0.959   0.338
2021-05-15T23:26:28.720196200Z 4)4:regionSouth East                                            
2021-05-15T23:26:28.720204000Z ns(tstop, df =                  -0.383   0.172    -2.233   0.026
2021-05-15T23:26:28.720211500Z 4)1:regionSouth West                                            
2021-05-15T23:26:28.720219100Z ns(tstop, df =                  -0.524   0.141    -3.710   0.000
2021-05-15T23:26:28.720226200Z 4)2:regionSouth West                                            
2021-05-15T23:26:28.720233500Z ns(tstop, df =                  -0.718   0.375    -1.912   0.056
2021-05-15T23:26:28.720240700Z 4)3:regionSouth West                                            
2021-05-15T23:26:28.720248000Z ns(tstop, df =                   0.189   0.131     1.444   0.149
2021-05-15T23:26:28.720255200Z 4)4:regionSouth West                                            
2021-05-15T23:26:28.720262300Z ns(tstop, df =                   0.134   0.313     0.429   0.668
2021-05-15T23:26:28.720269500Z 4)1:regionWest Midlands                                         
2021-05-15T23:26:28.720276700Z ns(tstop, df =                   0.310   0.247     1.252   0.210
2021-05-15T23:26:28.720283800Z 4)2:regionWest Midlands                                         
2021-05-15T23:26:28.720291000Z ns(tstop, df =                   0.354   0.694     0.509   0.610
2021-05-15T23:26:28.720298000Z 4)3:regionWest Midlands                                         
2021-05-15T23:26:28.720305800Z ns(tstop, df =                  -0.461   0.236    -1.953   0.051
2021-05-15T23:26:28.720312900Z 4)4:regionWest Midlands                                         
2021-05-15T23:26:28.720320000Z ns(tstop, df =                  -0.345   0.190    -1.811   0.070
2021-05-15T23:26:28.720334800Z 4)1:regionYorkshire and The                                     
2021-05-15T23:26:28.720343800Z Humber                                                          
2021-05-15T23:26:28.720350900Z ns(tstop, df =                  -0.344   0.158    -2.177   0.029
2021-05-15T23:26:28.720358200Z 4)2:regionYorkshire and The                                     
2021-05-15T23:26:28.720365300Z Humber                                                          
2021-05-15T23:26:28.720372500Z ns(tstop, df =                  -0.399   0.416    -0.960   0.337
2021-05-15T23:26:28.720379500Z 4)3:regionYorkshire and The                                     
2021-05-15T23:26:28.720386700Z Humber                                                          
2021-05-15T23:26:28.720393800Z ns(tstop, df =                   0.050   0.142     0.355   0.722
2021-05-15T23:26:28.720401400Z 4)4:regionYorkshire and The                                     
2021-05-15T23:26:28.720408700Z Humber                                                          
2021-05-15T23:26:28.720415900Z ----------------------------------------------------------------
2021-05-15T23:26:28.720517700Z msmmod1_par data size = 4700529 
2021-05-15T23:26:41.453253600Z memory usage = 2.012 GB 
2021-05-15T23:27:12.436624400Z   
2021-05-15T23:27:12.436755100Z msmmod2 
2021-05-15T23:41:09.690098900Z MODEL INFO:
2021-05-15T23:41:09.690287200Z Observations: 4700529
2021-05-15T23:41:09.690322300Z Dependent Variable: 
2021-05-15T23:41:09.690732500Z Type: Generalized linear model
2021-05-15T23:41:09.690829600Z   Family: binomial 
2021-05-15T23:41:09.690841600Z   Link function: logit 
2021-05-15T23:41:09.690850200Z 
2021-05-15T23:41:09.693411200Z MODEL FIT:
2021-05-15T23:41:09.693585900Z <U+03C7><U+00B2>(88) = 26432.374, p = 0.000
2021-05-15T23:41:09.693598600Z Pseudo-R<U+00B2> (Cragg-Uhler) = 
2021-05-15T23:41:09.693606900Z Pseudo-R<U+00B2> (McFadden) = 0.117
2021-05-15T23:41:09.693614900Z AIC = 198972.690, BIC = 200162.013 
2021-05-15T23:41:09.693622600Z 
2021-05-15T23:41:09.693630000Z Standard errors: MLE
2021-05-15T23:41:10.026125800Z -------------------------------------------------------------------
2021-05-15T23:41:10.026257500Z                                      Est.    S.E.    z val.       p
2021-05-15T23:41:10.026267100Z ------------------------------- --------- ------- --------- -------
2021-05-15T23:41:10.026275400Z (Intercept)                       -24.507   2.558    -9.581   0.000
2021-05-15T23:41:10.026283200Z timesincevax_pw1-3                 -1.828   0.102   -17.889   0.000
2021-05-15T23:41:10.026291300Z timesincevax_pw4-7                 -1.556   0.076   -20.499   0.000
2021-05-15T23:41:10.026299200Z timesincevax_pw8-14                -1.438   0.055   -26.029   0.000
2021-05-15T23:41:10.026366900Z timesincevax_pw15-21               -1.413   0.058   -24.540   0.000
2021-05-15T23:41:10.026375500Z timesincevax_pw22-28               -1.553   0.069   -22.546   0.000
2021-05-15T23:41:10.026382500Z timesincevax_pw29+                 -1.600   0.089   -17.963   0.000
2021-05-15T23:41:10.026389700Z poly(age, degree = 2, raw =         0.246   0.058     4.235   0.000
2021-05-15T23:41:10.026397400Z TRUE)1                                                             
2021-05-15T23:41:10.026404600Z poly(age, degree = 2, raw =        -0.001   0.000    -2.949   0.003
2021-05-15T23:41:10.026411800Z TRUE)2                                                             
2021-05-15T23:41:10.026419300Z sexMale                             0.419   0.019    22.357   0.000
2021-05-15T23:41:10.026426600Z imd2                                0.073   0.031     2.379   0.017
2021-05-15T23:41:10.026434700Z imd3                                0.154   0.030     5.087   0.000
2021-05-15T23:41:10.026442600Z imd4                                0.161   0.031     5.182   0.000
2021-05-15T23:41:10.026450700Z imd5 least deprived                 0.104   0.031     3.295   0.001
2021-05-15T23:41:10.026457800Z ethnicity_combinedBlack             0.017   0.078     0.215   0.830
2021-05-15T23:41:10.026465100Z ethnicity_combinedSouth            -0.079   0.053    -1.495   0.135
2021-05-15T23:41:10.026493400Z Asian                                                              
2021-05-15T23:41:10.026508200Z ethnicity_combinedMixed             0.294   0.140     2.099   0.036
2021-05-15T23:41:10.026516200Z ethnicity_combinedOther             0.260   0.107     2.427   0.015
2021-05-15T23:41:10.026524000Z bmiObese I (30-34.9)               -0.229   0.030    -7.598   0.000
2021-05-15T23:41:10.026594000Z bmiObese II (35-39.9)              -0.244   0.060    -4.094   0.000
2021-05-15T23:41:10.026607000Z bmiObese III (40+)                 -0.075   0.088    -0.859   0.390
2021-05-15T23:41:10.026614300Z heart_failure                       0.330   0.028    11.875   0.000
2021-05-15T23:41:10.026621600Z other_heart_disease                -0.112   0.030    -3.705   0.000
2021-05-15T23:41:10.026628800Z dialysis                            0.741   0.121     6.104   0.000
2021-05-15T23:41:10.026685500Z diabetes                           -0.075   0.037    -2.049   0.040
2021-05-15T23:41:10.026698700Z chronic_liver_disease               0.363   0.092     3.964   0.000
2021-05-15T23:41:10.026706300Z current_copd                       -0.039   0.037    -1.057   0.290
2021-05-15T23:41:10.026713500Z other_resp_conditions               0.059   0.037     1.597   0.110
2021-05-15T23:41:10.026720900Z lung_cancer                         0.745   0.076     9.837   0.000
2021-05-15T23:41:10.026728000Z haematological_cancer               0.112   0.060     1.859   0.063
2021-05-15T23:41:10.026735700Z cancer_excl_lung_and_haem           0.034   0.037     0.921   0.357
2021-05-15T23:41:10.026756000Z any_immunosuppression              -0.086   0.045    -1.890   0.059
2021-05-15T23:41:10.026764200Z dementia                            0.372   0.037     9.993   0.000
2021-05-15T23:41:10.026771300Z other_neuro_conditions              0.186   0.051     3.671   0.000
2021-05-15T23:41:10.026778600Z LD_incl_DS_and_CP                   0.161   0.304     0.531   0.595
2021-05-15T23:41:10.026785900Z psychosis_schiz_bipolar             0.106   0.088     1.205   0.228
2021-05-15T23:41:10.026793700Z multimorb1                          0.192   0.040     4.856   0.000
2021-05-15T23:41:10.026801100Z multimorb2                          0.391   0.065     6.028   0.000
2021-05-15T23:41:10.026808500Z multimorb3                          0.490   0.094     5.201   0.000
2021-05-15T23:41:10.026815900Z multimorb4+                         0.567   0.132     4.296   0.000
2021-05-15T23:41:10.026823700Z shielded                            0.321   0.024    13.347   0.000
2021-05-15T23:41:10.026830900Z flu_vaccine                         0.019   0.027     0.702   0.483
2021-05-15T23:41:10.026838500Z efi_catMild                         0.335   0.059     5.681   0.000
2021-05-15T23:41:10.026846100Z efi_catModerate                     0.568   0.059     9.690   0.000
2021-05-15T23:41:10.026853400Z efi_catSevere                       0.789   0.060    13.048   0.000
2021-05-15T23:41:10.026861000Z ns(tstop, df = 4)1                  0.842   0.109     7.728   0.000
2021-05-15T23:41:10.026868100Z ns(tstop, df = 4)2                  2.245   0.089    25.311   0.000
2021-05-15T23:41:10.026875500Z ns(tstop, df = 4)3                  3.174   0.242    13.141   0.000
2021-05-15T23:41:10.026882800Z ns(tstop, df = 4)4                  2.137   0.086    24.963   0.000
2021-05-15T23:41:10.026890100Z regionEast Midlands                 0.367   0.158     2.328   0.020
2021-05-15T23:41:10.026897200Z regionLondon                        1.239   0.294     4.220   0.000
2021-05-15T23:41:10.026904400Z regionNorth East                    0.896   0.235     3.821   0.000
2021-05-15T23:41:10.026911600Z regionNorth West                    0.452   0.228     1.984   0.047
2021-05-15T23:41:10.026918800Z regionSouth East                    1.401   0.208     6.744   0.000
2021-05-15T23:41:10.026926500Z regionSouth West                    2.999   0.157    19.102   0.000
2021-05-15T23:41:10.026933800Z regionWest Midlands                 2.900   0.300     9.662   0.000
2021-05-15T23:41:10.026941000Z regionYorkshire and The            -0.718   0.174    -4.128   0.000
2021-05-15T23:41:10.026948500Z Humber                                                             
2021-05-15T23:41:10.026956100Z ns(tstop, df =                     -0.561   0.170    -3.296   0.001
2021-05-15T23:41:10.026963800Z 4)1:regionEast Midlands                                            
2021-05-15T23:41:10.026971100Z ns(tstop, df =                     -0.127   0.139    -0.918   0.358
2021-05-15T23:41:10.026988100Z 4)2:regionEast Midlands                                            
2021-05-15T23:41:10.026995900Z ns(tstop, df =                     -0.482   0.374    -1.289   0.197
2021-05-15T23:41:10.027003100Z 4)3:regionEast Midlands                                            
2021-05-15T23:41:10.027010600Z ns(tstop, df =                      0.151   0.129     1.170   0.242
2021-05-15T23:41:10.027017900Z 4)4:regionEast Midlands                                            
2021-05-15T23:41:10.027025300Z ns(tstop, df =                      0.320   0.304     1.053   0.292
2021-05-15T23:41:10.027032800Z 4)1:regionLondon                                                   
2021-05-15T23:41:10.027040000Z ns(tstop, df =                      0.652   0.246     2.646   0.008
2021-05-15T23:41:10.027047300Z 4)2:regionLondon                                                   
2021-05-15T23:41:10.027055500Z ns(tstop, df =                      0.122   0.679     0.179   0.858
2021-05-15T23:41:10.027063100Z 4)3:regionLondon                                                   
2021-05-15T23:41:10.027091700Z ns(tstop, df =                     -0.270   0.242    -1.116   0.264
2021-05-15T23:41:10.027100100Z 4)4:regionLondon                                                   
2021-05-15T23:41:10.027107300Z ns(tstop, df =                     -0.519   0.260    -1.999   0.046
2021-05-15T23:41:10.027115400Z 4)1:regionNorth East                                               
2021-05-15T23:41:10.027122600Z ns(tstop, df =                     -0.408   0.220    -1.858   0.063
2021-05-15T23:41:10.027129900Z 4)2:regionNorth East                                               
2021-05-15T23:41:10.027137200Z ns(tstop, df =                     -0.671   0.564    -1.190   0.234
2021-05-15T23:41:10.027144700Z 4)3:regionNorth East                                               
2021-05-15T23:41:10.027164100Z ns(tstop, df =                      0.006   0.205     0.031   0.975
2021-05-15T23:41:10.027174000Z 4)4:regionNorth East                                               
2021-05-15T23:41:10.027181600Z ns(tstop, df =                      0.403   0.237     1.701   0.089
2021-05-15T23:41:10.027189000Z 4)1:regionNorth West                                               
2021-05-15T23:41:10.027197600Z ns(tstop, df =                      0.154   0.195     0.793   0.428
2021-05-15T23:41:10.027205100Z 4)2:regionNorth West                                               
2021-05-15T23:41:10.027212500Z ns(tstop, df =                      0.874   0.529     1.653   0.098
2021-05-15T23:41:10.027220200Z 4)3:regionNorth West                                               
2021-05-15T23:41:10.027227700Z ns(tstop, df =                      0.208   0.173     1.200   0.230
2021-05-15T23:41:10.027235000Z 4)4:regionNorth West                                               
2021-05-15T23:41:10.027242500Z ns(tstop, df =                     -0.092   0.226    -0.406   0.685
2021-05-15T23:41:10.027261000Z 4)1:regionSouth East                                               
2021-05-15T23:41:10.027268900Z ns(tstop, df =                     -0.015   0.187    -0.081   0.936
2021-05-15T23:41:10.027276200Z 4)2:regionSouth East                                               
2021-05-15T23:41:10.027283300Z ns(tstop, df =                     -0.581   0.497    -1.169   0.242
2021-05-15T23:41:10.027290800Z 4)3:regionSouth East                                               
2021-05-15T23:41:10.027297900Z ns(tstop, df =                     -0.153   0.180    -0.851   0.395
2021-05-15T23:41:10.027305200Z 4)4:regionSouth East                                               
2021-05-15T23:41:10.027312400Z ns(tstop, df =                     -0.333   0.171    -1.948   0.051
2021-05-15T23:41:10.027320000Z 4)1:regionSouth West                                               
2021-05-15T23:41:10.027328100Z ns(tstop, df =                     -0.507   0.141    -3.591   0.000
2021-05-15T23:41:10.027335900Z 4)2:regionSouth West                                               
2021-05-15T23:41:10.027343100Z ns(tstop, df =                     -0.689   0.374    -1.842   0.065
2021-05-15T23:41:10.027350700Z 4)3:regionSouth West                                               
2021-05-15T23:41:10.027358200Z ns(tstop, df =                      0.267   0.132     2.023   0.043
2021-05-15T23:41:10.027365700Z 4)4:regionSouth West                                               
2021-05-15T23:41:10.027372900Z ns(tstop, df =                      0.192   0.312     0.614   0.539
2021-05-15T23:41:10.027380200Z 4)1:regionWest Midlands                                            
2021-05-15T23:41:10.027387400Z ns(tstop, df =                      0.360   0.247     1.453   0.146
2021-05-15T23:41:10.027394800Z 4)2:regionWest Midlands                                            
2021-05-15T23:41:10.027402100Z ns(tstop, df =                      0.555   0.694     0.800   0.424
2021-05-15T23:41:10.027409700Z 4)3:regionWest Midlands                                            
2021-05-15T23:41:10.027416900Z ns(tstop, df =                     -0.229   0.237    -0.967   0.333
2021-05-15T23:41:10.027424300Z 4)4:regionWest Midlands                                            
2021-05-15T23:41:10.027434900Z ns(tstop, df =                     -0.320   0.190    -1.682   0.093
2021-05-15T23:41:10.027443200Z 4)1:regionYorkshire and The                                        
2021-05-15T23:41:10.027450400Z Humber                                                             
2021-05-15T23:41:10.027458400Z ns(tstop, df =                     -0.312   0.158    -1.978   0.048
2021-05-15T23:41:10.027465900Z 4)2:regionYorkshire and The                                        
2021-05-15T23:41:10.027500900Z Humber                                                             
2021-05-15T23:41:10.027509500Z ns(tstop, df =                     -0.341   0.416    -0.820   0.412
2021-05-15T23:41:10.027529900Z 4)3:regionYorkshire and The                                        
2021-05-15T23:41:10.027537800Z Humber                                                             
2021-05-15T23:41:10.027545000Z ns(tstop, df =                      0.074   0.142     0.523   0.601
2021-05-15T23:41:10.027552100Z 4)4:regionYorkshire and The                                        
2021-05-15T23:41:10.027559500Z Humber                                                             
2021-05-15T23:41:10.027566700Z -------------------------------------------------------------------
2021-05-15T23:41:10.027573700Z msmmod2_par data size = 4700529 
2021-05-15T23:41:22.717408800Z memory usage = 2.013 GB 
2021-05-15T23:42:04.678836600Z   
2021-05-15T23:42:04.678933000Z msmmod3 
2021-05-16T00:00:01.517537600Z MODEL INFO:
2021-05-16T00:00:01.518179700Z Observations: 4700529
2021-05-16T00:00:01.518212100Z Dependent Variable: 
2021-05-16T00:00:01.519395300Z Type: Generalized linear model
2021-05-16T00:00:01.519473900Z   Family: binomial 
2021-05-16T00:00:01.519483700Z   Link function: logit 
2021-05-16T00:00:01.519491800Z 
2021-05-16T00:00:01.520772800Z MODEL FIT:
2021-05-16T00:00:01.520802200Z <U+03C7><U+00B2>(110) = 46331.713, p = 0.000
2021-05-16T00:00:01.520812300Z Pseudo-R<U+00B2> (Cragg-Uhler) = 
2021-05-16T00:00:01.520820400Z Pseudo-R<U+00B2> (McFadden) = 0.206
2021-05-16T00:00:01.520828500Z AIC = 179117.330, BIC = 180600.643 
2021-05-16T00:00:01.520836400Z 
2021-05-16T00:00:01.521035800Z Standard errors: MLE
2021-05-16T00:00:02.237771100Z ------------------------------------------------------------------------------
2021-05-16T00:00:02.237907000Z                                                         Est.    S.E.    z val.
2021-05-16T00:00:02.237917000Z -------------------------------------------------- --------- ------- ---------
2021-05-16T00:00:02.237925300Z (Intercept)                                          -13.276   2.605    -5.096
2021-05-16T00:00:02.237934100Z timesincevax_pw1-3                                    -0.406   0.104    -3.915
2021-05-16T00:00:02.237942500Z timesincevax_pw4-7                                    -0.136   0.078    -1.738
2021-05-16T00:00:02.237950600Z timesincevax_pw8-14                                   -0.080   0.058    -1.392
2021-05-16T00:00:02.237959400Z timesincevax_pw15-21                                  -0.113   0.060    -1.878
2021-05-16T00:00:02.237967700Z timesincevax_pw22-28                                  -0.205   0.071    -2.874
2021-05-16T00:00:02.237975800Z timesincevax_pw29+                                    -0.241   0.092    -2.631
2021-05-16T00:00:02.237984400Z poly(age, degree = 2, raw =                           -0.002   0.059    -0.033
2021-05-16T00:00:02.238046900Z TRUE)1                                                                        
2021-05-16T00:00:02.238055400Z poly(age, degree = 2, raw =                            0.000   0.000     1.117
2021-05-16T00:00:02.238062800Z TRUE)2                                                                        
2021-05-16T00:00:02.238070300Z sexMale                                                0.335   0.019    17.659
2021-05-16T00:00:02.238077700Z imd2                                                   0.110   0.031     3.534
2021-05-16T00:00:02.238087700Z imd3                                                   0.183   0.031     5.983
2021-05-16T00:00:02.238095000Z imd4                                                   0.208   0.031     6.641
2021-05-16T00:00:02.238102200Z imd5 least deprived                                    0.177   0.032     5.564
2021-05-16T00:00:02.238109300Z ethnicity_combinedBlack                                0.137   0.080     1.701
2021-05-16T00:00:02.238116500Z ethnicity_combinedSouth                                0.190   0.053     3.585
2021-05-16T00:00:02.238123700Z Asian                                                                         
2021-05-16T00:00:02.238131200Z ethnicity_combinedMixed                                0.270   0.144     1.868
2021-05-16T00:00:02.238138700Z ethnicity_combinedOther                                0.281   0.108     2.593
2021-05-16T00:00:02.238146100Z bmiObese I (30-34.9)                                  -0.227   0.030    -7.462
2021-05-16T00:00:02.238155500Z bmiObese II (35-39.9)                                 -0.159   0.060    -2.632
2021-05-16T00:00:02.238163400Z bmiObese III (40+)                                    -0.081   0.088    -0.918
2021-05-16T00:00:02.238170500Z heart_failure                                          0.250   0.028     8.895
2021-05-16T00:00:02.238177900Z other_heart_disease                                   -0.132   0.031    -4.301
2021-05-16T00:00:02.238185100Z dialysis                                               0.532   0.124     4.286
2021-05-16T00:00:02.238192600Z diabetes                                              -0.081   0.037    -2.202
2021-05-16T00:00:02.238267200Z chronic_liver_disease                                  0.333   0.092     3.604
2021-05-16T00:00:02.238277500Z current_copd                                          -0.024   0.037    -0.650
2021-05-16T00:00:02.238284800Z other_resp_conditions                                  0.054   0.038     1.431
2021-05-16T00:00:02.238292200Z lung_cancer                                            0.786   0.077    10.259
2021-05-16T00:00:02.238299300Z haematological_cancer                                  0.057   0.061     0.929
2021-05-16T00:00:02.238306700Z cancer_excl_lung_and_haem                              0.029   0.037     0.764
2021-05-16T00:00:02.238314000Z any_immunosuppression                                 -0.057   0.046    -1.248
2021-05-16T00:00:02.238321200Z dementia                                               0.280   0.038     7.427
2021-05-16T00:00:02.238343400Z other_neuro_conditions                                 0.094   0.051     1.852
2021-05-16T00:00:02.238351700Z LD_incl_DS_and_CP                                      0.124   0.304     0.408
2021-05-16T00:00:02.238359400Z psychosis_schiz_bipolar                                0.128   0.089     1.440
2021-05-16T00:00:02.238366600Z multimorb1                                             0.140   0.040     3.504
2021-05-16T00:00:02.238373600Z multimorb2                                             0.312   0.066     4.728
2021-05-16T00:00:02.238380800Z multimorb3                                             0.463   0.096     4.831
2021-05-16T00:00:02.238387900Z multimorb4+                                            0.475   0.134     3.552
2021-05-16T00:00:02.238395100Z shielded                                               0.206   0.024     8.408
2021-05-16T00:00:02.238402200Z flu_vaccine                                           -0.094   0.027    -3.460
2021-05-16T00:00:02.238409400Z efi_catMild                                           -0.011   0.059    -0.184
2021-05-16T00:00:02.238416500Z efi_catModerate                                        0.012   0.059     0.197
2021-05-16T00:00:02.238423600Z efi_catSevere                                          0.028   0.061     0.469
2021-05-16T00:00:02.238431500Z ns(tstop, df = 4)1                                     0.748   0.107     6.972
2021-05-16T00:00:02.238439100Z ns(tstop, df = 4)2                                     1.460   0.089    16.448
2021-05-16T00:00:02.238446400Z ns(tstop, df = 4)3                                     2.023   0.238     8.483
2021-05-16T00:00:02.238453700Z ns(tstop, df = 4)4                                     1.325   0.088    15.008
2021-05-16T00:00:02.238461100Z regionEast Midlands                                    0.361   0.155     2.324
2021-05-16T00:00:02.238468900Z regionLondon                                           1.173   0.291     4.024
2021-05-16T00:00:02.238476300Z regionNorth East                                       0.894   0.232     3.858
2021-05-16T00:00:02.238483700Z regionNorth West                                       0.453   0.226     2.004
2021-05-16T00:00:02.238491000Z regionSouth East                                       1.383   0.206     6.707
2021-05-16T00:00:02.238498800Z regionSouth West                                       2.957   0.155    19.091
2021-05-16T00:00:02.238505900Z regionWest Midlands                                    2.736   0.298     9.195
2021-05-16T00:00:02.238513000Z regionYorkshire and The                               -0.698   0.172    -4.064
2021-05-16T00:00:02.238520100Z Humber                                                                        
2021-05-16T00:00:02.238527500Z timesince_postesttdc_pw1-3                             2.784   0.049    56.344
2021-05-16T00:00:02.238534500Z timesince_postesttdc_pw3-7                             3.280   0.037    89.179
2021-05-16T00:00:02.238542200Z timesince_postesttdc_pw8-14                            3.368   0.032   106.792
2021-05-16T00:00:02.238564800Z timesince_postesttdc_pw15-21                           2.880   0.043    67.574
2021-05-16T00:00:02.238572800Z timesince_postesttdc_pw22-28                           2.136   0.064    33.211
2021-05-16T00:00:02.238580000Z timesince_postesttdc_pw29+                             1.699   0.058    29.338
2021-05-16T00:00:02.238587300Z timesince_suspectedcovid_pw1-3                         0.834   0.174     4.798
2021-05-16T00:00:02.238595000Z timesince_suspectedcovid_pw3-7                         0.667   0.153     4.363
2021-05-16T00:00:02.238602500Z timesince_suspectedcovid_pw8-14                        0.457   0.128     3.573
2021-05-16T00:00:02.238609800Z timesince_suspectedcovid_pw15-21                       0.166   0.178     0.929
2021-05-16T00:00:02.238617400Z timesince_suspectedcovid_pw22-28                       0.305   0.210     1.455
2021-05-16T00:00:02.238624700Z timesince_suspectedcovid_pw29+                         0.729   0.141     5.179
2021-05-16T00:00:02.238632000Z timesince_hospinfectiousdischarge_pwIn                 1.462   0.025    57.914
2021-05-16T00:00:02.238640600Z hospital                                                                      
2021-05-16T00:00:02.238648300Z timesince_hospinfectiousdischarge_pw1-7                1.186   0.048    24.952
2021-05-16T00:00:02.238655400Z timesince_hospinfectiousdischarge_pw8-14               1.245   0.054    23.115
2021-05-16T00:00:02.238662500Z timesince_hospinfectiousdischarge_pw15-21              1.041   0.070    14.790
2021-05-16T00:00:02.238669800Z timesince_hospinfectiousdischarge_pw22-28              0.959   0.086    11.119
2021-05-16T00:00:02.238677600Z timesince_hospnoninfectiousdischarge_pwIn             -0.060   0.043    -1.379
2021-05-16T00:00:02.238685500Z hospital                                                                      
2021-05-16T00:00:02.238693000Z timesince_hospnoninfectiousdischarge_pw1-7             0.526   0.149     3.538
2021-05-16T00:00:02.238700300Z timesince_hospnoninfectiousdischarge_pw8-14            0.842   0.124     6.782
2021-05-16T00:00:02.238707600Z timesince_hospnoninfectiousdischarge_pw15-21           0.840   0.139     6.034
2021-05-16T00:00:02.238715000Z timesince_hospnoninfectiousdischarge_pw22-28           0.839   0.162     5.168
2021-05-16T00:00:02.238722500Z ns(tstop, df =                                        -0.469   0.168    -2.792
2021-05-16T00:00:02.238730000Z 4)1:regionEast Midlands                                                       
2021-05-16T00:00:02.238737700Z ns(tstop, df =                                        -0.091   0.138    -0.661
2021-05-16T00:00:02.238744900Z 4)2:regionEast Midlands                                                       
2021-05-16T00:00:02.238752700Z ns(tstop, df =                                        -0.388   0.369    -1.051
2021-05-16T00:00:02.238760100Z 4)3:regionEast Midlands                                                       
2021-05-16T00:00:02.238767600Z ns(tstop, df =                                         0.171   0.131     1.304
2021-05-16T00:00:02.238783100Z 4)4:regionEast Midlands                                                       
2021-05-16T00:00:02.238791300Z ns(tstop, df =                                         0.238   0.302     0.788
2021-05-16T00:00:02.238799400Z 4)1:regionLondon                                                              
2021-05-16T00:00:02.238807700Z ns(tstop, df =                                        -0.052   0.245    -0.213
2021-05-16T00:00:02.238816800Z 4)2:regionLondon                                                              
2021-05-16T00:00:02.238824100Z ns(tstop, df =                                         0.023   0.676     0.034
2021-05-16T00:00:02.238831400Z 4)3:regionLondon                                                              
2021-05-16T00:00:02.238839400Z ns(tstop, df =                                        -0.049   0.242    -0.204
2021-05-16T00:00:02.238847100Z 4)4:regionLondon                                                              
2021-05-16T00:00:02.238854500Z ns(tstop, df =                                        -0.636   0.259    -2.461
2021-05-16T00:00:02.238861800Z 4)1:regionNorth East                                                          
2021-05-16T00:00:02.238869400Z ns(tstop, df =                                        -0.077   0.222    -0.346
2021-05-16T00:00:02.238876600Z 4)2:regionNorth East                                                          
2021-05-16T00:00:02.238884000Z ns(tstop, df =                                        -0.807   0.558    -1.447
2021-05-16T00:00:02.238891300Z 4)3:regionNorth East                                                          
2021-05-16T00:00:02.238898900Z ns(tstop, df =                                        -0.478   0.210    -2.276
2021-05-16T00:00:02.238906200Z 4)4:regionNorth East                                                          
2021-05-16T00:00:02.238914200Z ns(tstop, df =                                         0.159   0.236     0.675
2021-05-16T00:00:02.238923200Z 4)1:regionNorth West                                                          
2021-05-16T00:00:02.238931500Z ns(tstop, df =                                         0.233   0.195     1.196
2021-05-16T00:00:02.238938800Z 4)2:regionNorth West                                                          
2021-05-16T00:00:02.238946400Z ns(tstop, df =                                         1.037   0.525     1.975
2021-05-16T00:00:02.238953700Z 4)3:regionNorth West                                                          
2021-05-16T00:00:02.238961400Z ns(tstop, df =                                         0.055   0.175     0.315
2021-05-16T00:00:02.238969600Z 4)4:regionNorth West                                                          
2021-05-16T00:00:02.238977300Z ns(tstop, df =                                        -0.183   0.226    -0.811
2021-05-16T00:00:02.238984900Z 4)1:regionSouth East                                                          
2021-05-16T00:00:02.238993100Z ns(tstop, df =                                        -0.573   0.189    -3.037
2021-05-16T00:00:02.239010700Z 4)2:regionSouth East                                                          
2021-05-16T00:00:02.239018900Z ns(tstop, df =                                        -0.697   0.494    -1.412
2021-05-16T00:00:02.239026600Z 4)3:regionSouth East                                                          
2021-05-16T00:00:02.239034200Z ns(tstop, df =                                        -0.314   0.183    -1.712
2021-05-16T00:00:02.239042000Z 4)4:regionSouth East                                                          
2021-05-16T00:00:02.239049700Z ns(tstop, df =                                        -0.582   0.170    -3.421
2021-05-16T00:00:02.239058900Z 4)1:regionSouth West                                                          
2021-05-16T00:00:02.239066400Z ns(tstop, df =                                        -1.105   0.143    -7.728
2021-05-16T00:00:02.239073700Z 4)2:regionSouth West                                                          
2021-05-16T00:00:02.239080900Z ns(tstop, df =                                        -0.995   0.370    -2.687
2021-05-16T00:00:02.239088200Z 4)3:regionSouth West                                                          
2021-05-16T00:00:02.239095900Z ns(tstop, df =                                         0.163   0.137     1.193
2021-05-16T00:00:02.239103000Z 4)4:regionSouth West                                                          
2021-05-16T00:00:02.239110200Z ns(tstop, df =                                        -0.178   0.313    -0.568
2021-05-16T00:00:02.239117700Z 4)1:regionWest Midlands                                                       
2021-05-16T00:00:02.239125600Z ns(tstop, df =                                        -0.837   0.251    -3.329
2021-05-16T00:00:02.239132900Z 4)2:regionWest Midlands                                                       
2021-05-16T00:00:02.239140400Z ns(tstop, df =                                        -0.625   0.689    -0.907
2021-05-16T00:00:02.239148500Z 4)3:regionWest Midlands                                                       
2021-05-16T00:00:02.239156400Z ns(tstop, df =                                        -0.715   0.243    -2.941
2021-05-16T00:00:02.239164300Z 4)4:regionWest Midlands                                                       
2021-05-16T00:00:02.239171300Z ns(tstop, df =                                        -0.222   0.188    -1.181
2021-05-16T00:00:02.239178800Z 4)1:regionYorkshire and The                                                   
2021-05-16T00:00:02.239186100Z Humber                                                                        
2021-05-16T00:00:02.239193400Z ns(tstop, df =                                        -0.127   0.157    -0.809
2021-05-16T00:00:02.239224800Z 4)2:regionYorkshire and The                                                   
2021-05-16T00:00:02.239236500Z Humber                                                                        
2021-05-16T00:00:02.239243800Z ns(tstop, df =                                        -0.042   0.411    -0.103
2021-05-16T00:00:02.239264300Z 4)3:regionYorkshire and The                                                   
2021-05-16T00:00:02.239272400Z Humber                                                                        
2021-05-16T00:00:02.239279700Z ns(tstop, df =                                         0.250   0.144     1.733
2021-05-16T00:00:02.239286700Z 4)4:regionYorkshire and The                                                   
2021-05-16T00:00:02.239296200Z Humber                                                                        
2021-05-16T00:00:02.239303800Z ------------------------------------------------------------------------------
2021-05-16T00:00:02.239311300Z  
2021-05-16T00:00:02.239318100Z ----------------------------------------------------------
2021-05-16T00:00:02.239325500Z                                                          p
2021-05-16T00:00:02.239332600Z -------------------------------------------------- -------
2021-05-16T00:00:02.239339800Z (Intercept)                                          0.000
2021-05-16T00:00:02.239347000Z timesincevax_pw1-3                                   0.000
2021-05-16T00:00:02.239354500Z timesincevax_pw4-7                                   0.082
2021-05-16T00:00:02.239361500Z timesincevax_pw8-14                                  0.164
2021-05-16T00:00:02.239368700Z timesincevax_pw15-21                                 0.060
2021-05-16T00:00:02.239375700Z timesincevax_pw22-28                                 0.004
2021-05-16T00:00:02.239383200Z timesincevax_pw29+                                   0.009
2021-05-16T00:00:02.239390400Z poly(age, degree = 2, raw =                          0.974
2021-05-16T00:00:02.239397500Z TRUE)1                                                    
2021-05-16T00:00:02.239405900Z poly(age, degree = 2, raw =                          0.264
2021-05-16T00:00:02.239413500Z TRUE)2                                                    
2021-05-16T00:00:02.239420700Z sexMale                                              0.000
2021-05-16T00:00:02.239428100Z imd2                                                 0.000
2021-05-16T00:00:02.239435200Z imd3                                                 0.000
2021-05-16T00:00:02.239442800Z imd4                                                 0.000
2021-05-16T00:00:02.239450700Z imd5 least deprived                                  0.000
2021-05-16T00:00:02.239457800Z ethnicity_combinedBlack                              0.089
2021-05-16T00:00:02.239465000Z ethnicity_combinedSouth                              0.000
2021-05-16T00:00:02.239472400Z Asian                                                     
2021-05-16T00:00:02.239480000Z ethnicity_combinedMixed                              0.062
2021-05-16T00:00:02.239487300Z ethnicity_combinedOther                              0.010
2021-05-16T00:00:02.239494600Z bmiObese I (30-34.9)                                 0.000
2021-05-16T00:00:02.239512300Z bmiObese II (35-39.9)                                0.008
2021-05-16T00:00:02.239520100Z bmiObese III (40+)                                   0.359
2021-05-16T00:00:02.239527400Z heart_failure                                        0.000
2021-05-16T00:00:02.239534400Z other_heart_disease                                  0.000
2021-05-16T00:00:02.239541600Z dialysis                                             0.000
2021-05-16T00:00:02.239548700Z diabetes                                             0.028
2021-05-16T00:00:02.239556300Z chronic_liver_disease                                0.000
2021-05-16T00:00:02.239566700Z current_copd                                         0.516
2021-05-16T00:00:02.239574300Z other_resp_conditions                                0.153
2021-05-16T00:00:02.239581300Z lung_cancer                                          0.000
2021-05-16T00:00:02.239588200Z haematological_cancer                                0.353
2021-05-16T00:00:02.239596000Z cancer_excl_lung_and_haem                            0.445
2021-05-16T00:00:02.239603600Z any_immunosuppression                                0.212
2021-05-16T00:00:02.239610800Z dementia                                             0.000
2021-05-16T00:00:02.239618000Z other_neuro_conditions                               0.064
2021-05-16T00:00:02.239625600Z LD_incl_DS_and_CP                                    0.683
2021-05-16T00:00:02.239633200Z psychosis_schiz_bipolar                              0.150
2021-05-16T00:00:02.239640400Z multimorb1                                           0.000
2021-05-16T00:00:02.239648000Z multimorb2                                           0.000
2021-05-16T00:00:02.239656200Z multimorb3                                           0.000
2021-05-16T00:00:02.239664100Z multimorb4+                                          0.000
2021-05-16T00:00:02.239671300Z shielded                                             0.000
2021-05-16T00:00:02.239678500Z flu_vaccine                                          0.001
2021-05-16T00:00:02.239685900Z efi_catMild                                          0.854
2021-05-16T00:00:02.239693200Z efi_catModerate                                      0.844
2021-05-16T00:00:02.239700700Z efi_catSevere                                        0.639
2021-05-16T00:00:02.239708400Z ns(tstop, df = 4)1                                   0.000
2021-05-16T00:00:02.239715500Z ns(tstop, df = 4)2                                   0.000
2021-05-16T00:00:02.239722800Z ns(tstop, df = 4)3                                   0.000
2021-05-16T00:00:02.239730000Z ns(tstop, df = 4)4                                   0.000
2021-05-16T00:00:02.239737100Z regionEast Midlands                                  0.020
2021-05-16T00:00:02.239744300Z regionLondon                                         0.000
2021-05-16T00:00:02.239793000Z regionNorth East                                     0.000
2021-05-16T00:00:02.239801100Z regionNorth West                                     0.045
2021-05-16T00:00:02.239808300Z regionSouth East                                     0.000
2021-05-16T00:00:02.239815300Z regionSouth West                                     0.000
2021-05-16T00:00:02.239823100Z regionWest Midlands                                  0.000
2021-05-16T00:00:02.239830200Z regionYorkshire and The                              0.000
2021-05-16T00:00:02.239837200Z Humber                                                    
2021-05-16T00:00:02.239844300Z timesince_postesttdc_pw1-3                           0.000
2021-05-16T00:00:02.239852100Z timesince_postesttdc_pw3-7                           0.000
2021-05-16T00:00:02.239859200Z timesince_postesttdc_pw8-14                          0.000
2021-05-16T00:00:02.239867500Z timesince_postesttdc_pw15-21                         0.000
2021-05-16T00:00:02.239875000Z timesince_postesttdc_pw22-28                         0.000
2021-05-16T00:00:02.239882600Z timesince_postesttdc_pw29+                           0.000
2021-05-16T00:00:02.239890100Z timesince_suspectedcovid_pw1-3                       0.000
2021-05-16T00:00:02.239897300Z timesince_suspectedcovid_pw3-7                       0.000
2021-05-16T00:00:02.239904400Z timesince_suspectedcovid_pw8-14                      0.000
2021-05-16T00:00:02.239911900Z timesince_suspectedcovid_pw15-21                     0.353
2021-05-16T00:00:02.239919100Z timesince_suspectedcovid_pw22-28                     0.146
2021-05-16T00:00:02.239926300Z timesince_suspectedcovid_pw29+                       0.000
2021-05-16T00:00:02.239933500Z timesince_hospinfectiousdischarge_pwIn               0.000
2021-05-16T00:00:02.239941000Z hospital                                                  
2021-05-16T00:00:02.239948700Z timesince_hospinfectiousdischarge_pw1-7              0.000
2021-05-16T00:00:02.239955900Z timesince_hospinfectiousdischarge_pw8-14             0.000
2021-05-16T00:00:02.239963100Z timesince_hospinfectiousdischarge_pw15-21            0.000
2021-05-16T00:00:02.239970600Z timesince_hospinfectiousdischarge_pw22-28            0.000
2021-05-16T00:00:02.239978500Z timesince_hospnoninfectiousdischarge_pwIn            0.168
2021-05-16T00:00:02.239985700Z hospital                                                  
2021-05-16T00:00:02.239993000Z timesince_hospnoninfectiousdischarge_pw1-7           0.000
2021-05-16T00:00:02.240001100Z timesince_hospnoninfectiousdischarge_pw8-14          0.000
2021-05-16T00:00:02.240008600Z timesince_hospnoninfectiousdischarge_pw15-21         0.000
2021-05-16T00:00:02.240015800Z timesince_hospnoninfectiousdischarge_pw22-28         0.000
2021-05-16T00:00:02.240023300Z ns(tstop, df =                                       0.005
2021-05-16T00:00:02.240038700Z 4)1:regionEast Midlands                                   
2021-05-16T00:00:02.240046700Z ns(tstop, df =                                       0.509
2021-05-16T00:00:02.240053700Z 4)2:regionEast Midlands                                   
2021-05-16T00:00:02.240061000Z ns(tstop, df =                                       0.293
2021-05-16T00:00:02.240068300Z 4)3:regionEast Midlands                                   
2021-05-16T00:00:02.240075600Z ns(tstop, df =                                       0.192
2021-05-16T00:00:02.240083000Z 4)4:regionEast Midlands                                   
2021-05-16T00:00:02.240090100Z ns(tstop, df =                                       0.431
2021-05-16T00:00:02.240097400Z 4)1:regionLondon                                          
2021-05-16T00:00:02.240104300Z ns(tstop, df =                                       0.831
2021-05-16T00:00:02.240111500Z 4)2:regionLondon                                          
2021-05-16T00:00:02.240118500Z ns(tstop, df =                                       0.973
2021-05-16T00:00:02.240125700Z 4)3:regionLondon                                          
2021-05-16T00:00:02.240134200Z ns(tstop, df =                                       0.839
2021-05-16T00:00:02.240141500Z 4)4:regionLondon                                          
2021-05-16T00:00:02.240149300Z ns(tstop, df =                                       0.014
2021-05-16T00:00:02.240156700Z 4)1:regionNorth East                                      
2021-05-16T00:00:02.240164200Z ns(tstop, df =                                       0.730
2021-05-16T00:00:02.240177500Z 4)2:regionNorth East                                      
2021-05-16T00:00:02.240184700Z ns(tstop, df =                                       0.148
2021-05-16T00:00:02.240191900Z 4)3:regionNorth East                                      
2021-05-16T00:00:02.240225400Z ns(tstop, df =                                       0.023
2021-05-16T00:00:02.240234300Z 4)4:regionNorth East                                      
2021-05-16T00:00:02.240241300Z ns(tstop, df =                                       0.499
2021-05-16T00:00:02.240248500Z 4)1:regionNorth West                                      
2021-05-16T00:00:02.240255500Z ns(tstop, df =                                       0.232
2021-05-16T00:00:02.240262700Z 4)2:regionNorth West                                      
2021-05-16T00:00:02.240269900Z ns(tstop, df =                                       0.048
2021-05-16T00:00:02.240277000Z 4)3:regionNorth West                                      
2021-05-16T00:00:02.240284100Z ns(tstop, df =                                       0.753
2021-05-16T00:00:02.240291500Z 4)4:regionNorth West                                      
2021-05-16T00:00:02.240298600Z ns(tstop, df =                                       0.417
2021-05-16T00:00:02.240315800Z 4)1:regionSouth East                                      
2021-05-16T00:00:02.240323800Z ns(tstop, df =                                       0.002
2021-05-16T00:00:02.240330800Z 4)2:regionSouth East                                      
2021-05-16T00:00:02.240338400Z ns(tstop, df =                                       0.158
2021-05-16T00:00:02.240345400Z 4)3:regionSouth East                                      
2021-05-16T00:00:02.240352600Z ns(tstop, df =                                       0.087
2021-05-16T00:00:02.240360000Z 4)4:regionSouth East                                      
2021-05-16T00:00:02.240367000Z ns(tstop, df =                                       0.001
2021-05-16T00:00:02.240374000Z 4)1:regionSouth West                                      
2021-05-16T00:00:02.240381400Z ns(tstop, df =                                       0.000
2021-05-16T00:00:02.240388800Z 4)2:regionSouth West                                      
2021-05-16T00:00:02.240396000Z ns(tstop, df =                                       0.007
2021-05-16T00:00:02.240403000Z 4)3:regionSouth West                                      
2021-05-16T00:00:02.240410200Z ns(tstop, df =                                       0.233
2021-05-16T00:00:02.240417200Z 4)4:regionSouth West                                      
2021-05-16T00:00:02.240426500Z ns(tstop, df =                                       0.570
2021-05-16T00:00:02.240433800Z 4)1:regionWest Midlands                                   
2021-05-16T00:00:02.240440900Z ns(tstop, df =                                       0.001
2021-05-16T00:00:02.240447900Z 4)2:regionWest Midlands                                   
2021-05-16T00:00:02.240455000Z ns(tstop, df =                                       0.365
2021-05-16T00:00:02.240462400Z 4)3:regionWest Midlands                                   
2021-05-16T00:00:02.240469500Z ns(tstop, df =                                       0.003
2021-05-16T00:00:02.240477300Z 4)4:regionWest Midlands                                   
2021-05-16T00:00:02.240484600Z ns(tstop, df =                                       0.237
2021-05-16T00:00:02.240491800Z 4)1:regionYorkshire and The                               
2021-05-16T00:00:02.240499100Z Humber                                                    
2021-05-16T00:00:02.240506200Z ns(tstop, df =                                       0.418
2021-05-16T00:00:02.240513200Z 4)2:regionYorkshire and The                               
2021-05-16T00:00:02.240520300Z Humber                                                    
2021-05-16T00:00:02.240527500Z ns(tstop, df =                                       0.918
2021-05-16T00:00:02.240535100Z 4)3:regionYorkshire and The                               
2021-05-16T00:00:02.240542000Z Humber                                                    
2021-05-16T00:00:02.240549200Z ns(tstop, df =                                       0.083
2021-05-16T00:00:02.240563700Z 4)4:regionYorkshire and The                               
2021-05-16T00:00:02.240571800Z Humber                                                    
2021-05-16T00:00:02.240579300Z ----------------------------------------------------------
2021-05-16T00:00:02.240717200Z msmmod3_par data size = 4700529 
2021-05-16T00:00:17.493301800Z memory usage = 2.013 GB 
2021-05-16T00:01:00.075893500Z   
2021-05-16T00:01:00.076074800Z msmmod4 
2021-05-16T00:12:59.752110100Z MODEL INFO:
2021-05-16T00:12:59.752220700Z Observations: 4700529
2021-05-16T00:12:59.752230400Z Dependent Variable: 
2021-05-16T00:12:59.752238400Z Type: Generalized linear model
2021-05-16T00:12:59.752246700Z   Family: binomial 
2021-05-16T00:12:59.752254500Z   Link function: logit 
2021-05-16T00:12:59.752262200Z 
2021-05-16T00:12:59.753986900Z MODEL FIT:
2021-05-16T00:12:59.754068100Z <U+03C7><U+00B2>(88) = 22705.957, p = 0.000
2021-05-16T00:12:59.754079200Z Pseudo-R<U+00B2> (Cragg-Uhler) = 
2021-05-16T00:12:59.754087100Z Pseudo-R<U+00B2> (McFadden) = 0.109
2021-05-16T00:12:59.754095000Z AIC = 188089.943, BIC = 189279.266 
2021-05-16T00:12:59.754102800Z 
2021-05-16T00:12:59.754113300Z Standard errors: MLE
2021-05-16T00:13:00.029335900Z -------------------------------------------------------------------
2021-05-16T00:13:00.029430400Z                                      Est.    S.E.    z val.       p
2021-05-16T00:13:00.029440000Z ------------------------------- --------- ------- --------- -------
2021-05-16T00:13:00.029448200Z (Intercept)                       -21.017   2.613    -8.043   0.000
2021-05-16T00:13:00.029456700Z timesincevax_pw1-3                 -1.031   0.082   -12.562   0.000
2021-05-16T00:13:00.029464900Z timesincevax_pw4-7                 -0.761   0.063   -12.180   0.000
2021-05-16T00:13:00.029472700Z timesincevax_pw8-14                -1.019   0.056   -18.363   0.000
2021-05-16T00:13:00.029480900Z timesincevax_pw15-21               -0.917   0.057   -16.073   0.000
2021-05-16T00:13:00.029488600Z timesincevax_pw22-28               -0.842   0.063   -13.277   0.000
2021-05-16T00:13:00.029496300Z timesincevax_pw29+                 -0.905   0.081   -11.176   0.000
2021-05-16T00:13:00.029504000Z poly(age, degree = 2, raw =         0.163   0.059     2.762   0.006
2021-05-16T00:13:00.029511900Z TRUE)1                                                             
2021-05-16T00:13:00.029519600Z poly(age, degree = 2, raw =        -0.000   0.000    -1.384   0.166
2021-05-16T00:13:00.029527200Z TRUE)2                                                             
2021-05-16T00:13:00.029534900Z sexMale                             0.385   0.020    19.532   0.000
2021-05-16T00:13:00.029579800Z imd2                                0.084   0.032     2.625   0.009
2021-05-16T00:13:00.029588100Z imd3                                0.108   0.032     3.417   0.001
2021-05-16T00:13:00.029595200Z imd4                                0.105   0.033     3.217   0.001
2021-05-16T00:13:00.029603300Z imd5 least deprived                 0.034   0.033     1.016   0.309
2021-05-16T00:13:00.029610800Z ethnicity_combinedBlack             0.092   0.081     1.141   0.254
2021-05-16T00:13:00.029617900Z ethnicity_combinedSouth            -0.012   0.055    -0.224   0.823
2021-05-16T00:13:00.029625200Z Asian                                                              
2021-05-16T00:13:00.029632300Z ethnicity_combinedMixed             0.305   0.150     2.036   0.042
2021-05-16T00:13:00.029639800Z ethnicity_combinedOther             0.228   0.116     1.970   0.049
2021-05-16T00:13:00.029647100Z bmiObese I (30-34.9)               -0.228   0.032    -7.175   0.000
2021-05-16T00:13:00.029654500Z bmiObese II (35-39.9)              -0.260   0.063    -4.105   0.000
2021-05-16T00:13:00.029661800Z bmiObese III (40+)                 -0.091   0.093    -0.980   0.327
2021-05-16T00:13:00.029669200Z heart_failure                       0.346   0.029    11.903   0.000
2021-05-16T00:13:00.029676300Z other_heart_disease                -0.106   0.031    -3.380   0.001
2021-05-16T00:13:00.029683500Z dialysis                            0.768   0.129     5.934   0.000
2021-05-16T00:13:00.029692000Z diabetes                           -0.031   0.038    -0.808   0.419
2021-05-16T00:13:00.029699600Z chronic_liver_disease               0.345   0.098     3.533   0.000
2021-05-16T00:13:00.029706900Z current_copd                       -0.033   0.039    -0.854   0.393
2021-05-16T00:13:00.029714300Z other_resp_conditions               0.058   0.039     1.481   0.139
2021-05-16T00:13:00.029721700Z lung_cancer                         0.754   0.080     9.490   0.000
2021-05-16T00:13:00.029729400Z haematological_cancer               0.111   0.064     1.738   0.082
2021-05-16T00:13:00.029736700Z cancer_excl_lung_and_haem           0.062   0.038     1.628   0.103
2021-05-16T00:13:00.029743900Z any_immunosuppression              -0.125   0.048    -2.601   0.009
2021-05-16T00:13:00.029751200Z dementia                            0.412   0.039    10.649   0.000
2021-05-16T00:13:00.029758600Z other_neuro_conditions              0.299   0.051     5.825   0.000
2021-05-16T00:13:00.029765900Z LD_incl_DS_and_CP                   0.173   0.315     0.548   0.584
2021-05-16T00:13:00.029773300Z psychosis_schiz_bipolar             0.050   0.095     0.525   0.600
2021-05-16T00:13:00.029780800Z multimorb1                          0.214   0.042     5.111   0.000
2021-05-16T00:13:00.029788100Z multimorb2                          0.408   0.068     5.998   0.000
2021-05-16T00:13:00.029795400Z multimorb3                          0.505   0.098     5.130   0.000
2021-05-16T00:13:00.029811700Z multimorb4+                         0.522   0.138     3.772   0.000
2021-05-16T00:13:00.029819900Z shielded                            0.339   0.025    13.513   0.000
2021-05-16T00:13:00.029827100Z flu_vaccine                        -0.064   0.028    -2.261   0.024
2021-05-16T00:13:00.029834400Z efi_catMild                         0.277   0.063     4.417   0.000
2021-05-16T00:13:00.029841500Z efi_catModerate                     0.529   0.062     8.505   0.000
2021-05-16T00:13:00.029848900Z efi_catSevere                       0.755   0.064    11.782   0.000
2021-05-16T00:13:00.029856100Z ns(tstop, df = 4)1                  0.848   0.109     7.763   0.000
2021-05-16T00:13:00.029863300Z ns(tstop, df = 4)2                  1.944   0.092    21.146   0.000
2021-05-16T00:13:00.029870400Z ns(tstop, df = 4)3                  2.550   0.242    10.535   0.000
2021-05-16T00:13:00.029877600Z ns(tstop, df = 4)4                  1.589   0.091    17.410   0.000
2021-05-16T00:13:00.029884600Z regionEast Midlands                 0.364   0.157     2.327   0.020
2021-05-16T00:13:00.029891700Z regionLondon                        1.184   0.293     4.034   0.000
2021-05-16T00:13:00.029898800Z regionNorth East                    0.852   0.234     3.636   0.000
2021-05-16T00:13:00.029906300Z regionNorth West                    0.459   0.225     2.038   0.042
2021-05-16T00:13:00.029913500Z regionSouth East                    1.436   0.205     7.013   0.000
2021-05-16T00:13:00.029921000Z regionSouth West                    2.954   0.156    18.897   0.000
2021-05-16T00:13:00.029928400Z regionWest Midlands                 2.844   0.298     9.529   0.000
2021-05-16T00:13:00.029936000Z regionYorkshire and The            -0.738   0.173    -4.268   0.000
2021-05-16T00:13:00.029943300Z Humber                                                             
2021-05-16T00:13:00.029950700Z ns(tstop, df =                     -0.456   0.171    -2.671   0.008
2021-05-16T00:13:00.029958100Z 4)1:regionEast Midlands                                            
2021-05-16T00:13:00.029965600Z ns(tstop, df =                     -0.373   0.147    -2.542   0.011
2021-05-16T00:13:00.029972800Z 4)2:regionEast Midlands                                            
2021-05-16T00:13:00.029980000Z ns(tstop, df =                     -0.582   0.374    -1.558   0.119
2021-05-16T00:13:00.029987400Z 4)3:regionEast Midlands                                            
2021-05-16T00:13:00.029994800Z ns(tstop, df =                      0.164   0.137     1.195   0.232
2021-05-16T00:13:00.030002200Z 4)4:regionEast Midlands                                            
2021-05-16T00:13:00.030009700Z ns(tstop, df =                      0.328   0.306     1.072   0.284
2021-05-16T00:13:00.030017200Z 4)1:regionLondon                                                   
2021-05-16T00:13:00.030024900Z ns(tstop, df =                      0.474   0.259     1.826   0.068
2021-05-16T00:13:00.030040400Z 4)2:regionLondon                                                   
2021-05-16T00:13:00.030048400Z ns(tstop, df =                      0.270   0.683     0.395   0.693
2021-05-16T00:13:00.030055600Z 4)3:regionLondon                                                   
2021-05-16T00:13:00.030062800Z ns(tstop, df =                     -0.110   0.254    -0.433   0.665
2021-05-16T00:13:00.030070000Z 4)4:regionLondon                                                   
2021-05-16T00:13:00.030077300Z ns(tstop, df =                     -0.587   0.262    -2.239   0.025
2021-05-16T00:13:00.030084600Z 4)1:regionNorth East                                               
2021-05-16T00:13:00.030091800Z ns(tstop, df =                     -0.387   0.221    -1.751   0.080
2021-05-16T00:13:00.030099000Z 4)2:regionNorth East                                               
2021-05-16T00:13:00.030106300Z ns(tstop, df =                     -0.274   0.566    -0.485   0.628
2021-05-16T00:13:00.030113400Z 4)3:regionNorth East                                               
2021-05-16T00:13:00.030120900Z ns(tstop, df =                      0.442   0.194     2.275   0.023
2021-05-16T00:13:00.030128200Z 4)4:regionNorth East                                               
2021-05-16T00:13:00.030135400Z ns(tstop, df =                      0.415   0.237     1.752   0.080
2021-05-16T00:13:00.030142800Z 4)1:regionNorth West                                               
2021-05-16T00:13:00.030150800Z ns(tstop, df =                     -0.111   0.201    -0.552   0.581
2021-05-16T00:13:00.030158300Z 4)2:regionNorth West                                               
2021-05-16T00:13:00.030165500Z ns(tstop, df =                      0.796   0.527     1.509   0.131
2021-05-16T00:13:00.030172700Z 4)3:regionNorth West                                               
2021-05-16T00:13:00.030180200Z ns(tstop, df =                      0.370   0.173     2.135   0.033
2021-05-16T00:13:00.030187400Z 4)4:regionNorth West                                               
2021-05-16T00:13:00.030194600Z ns(tstop, df =                      0.071   0.225     0.315   0.753
2021-05-16T00:13:00.030201700Z 4)1:regionSouth East                                               
2021-05-16T00:13:00.030209000Z ns(tstop, df =                     -0.561   0.194    -2.890   0.004
2021-05-16T00:13:00.030216400Z 4)2:regionSouth East                                               
2021-05-16T00:13:00.030223700Z ns(tstop, df =                     -0.572   0.495    -1.155   0.248
2021-05-16T00:13:00.030231000Z 4)3:regionSouth East                                               
2021-05-16T00:13:00.030238600Z ns(tstop, df =                      0.565   0.171     3.307   0.001
2021-05-16T00:13:00.030245900Z 4)4:regionSouth East                                               
2021-05-16T00:13:00.030253100Z ns(tstop, df =                     -0.314   0.171    -1.830   0.067
2021-05-16T00:13:00.030267600Z 4)1:regionSouth West                                               
2021-05-16T00:13:00.030275700Z ns(tstop, df =                     -0.452   0.146    -3.096   0.002
2021-05-16T00:13:00.030283100Z 4)2:regionSouth West                                               
2021-05-16T00:13:00.030290500Z ns(tstop, df =                     -0.536   0.375    -1.430   0.153
2021-05-16T00:13:00.030297800Z 4)3:regionSouth West                                               
2021-05-16T00:13:00.030305300Z ns(tstop, df =                      0.329   0.137     2.405   0.016
2021-05-16T00:13:00.030312900Z 4)4:regionSouth West                                               
2021-05-16T00:13:00.030320300Z ns(tstop, df =                      0.185   0.312     0.594   0.552
2021-05-16T00:13:00.030327600Z 4)1:regionWest Midlands                                            
2021-05-16T00:13:00.030335300Z ns(tstop, df =                      0.441   0.251     1.759   0.079
2021-05-16T00:13:00.030342700Z 4)2:regionWest Midlands                                            
2021-05-16T00:13:00.030350100Z ns(tstop, df =                      0.826   0.693     1.192   0.233
2021-05-16T00:13:00.030357600Z 4)3:regionWest Midlands                                            
2021-05-16T00:13:00.030365200Z ns(tstop, df =                      0.122   0.240     0.509   0.611
2021-05-16T00:13:00.030372700Z 4)4:regionWest Midlands                                            
2021-05-16T00:13:00.030380600Z ns(tstop, df =                     -0.294   0.191    -1.543   0.123
2021-05-16T00:13:00.030388000Z 4)1:regionYorkshire and The                                        
2021-05-16T00:13:00.030395500Z Humber                                                             
2021-05-16T00:13:00.030402900Z ns(tstop, df =                     -0.358   0.165    -2.173   0.030
2021-05-16T00:13:00.030410200Z 4)2:regionYorkshire and The                                        
2021-05-16T00:13:00.030417500Z Humber                                                             
2021-05-16T00:13:00.030425000Z ns(tstop, df =                     -0.357   0.416    -0.859   0.391
2021-05-16T00:13:00.030432300Z 4)3:regionYorkshire and The                                        
2021-05-16T00:13:00.030439700Z Humber                                                             
2021-05-16T00:13:00.030447100Z ns(tstop, df =                      0.081   0.150     0.539   0.590
2021-05-16T00:13:00.030454700Z 4)4:regionYorkshire and The                                        
2021-05-16T00:13:00.030462100Z Humber                                                             
2021-05-16T00:13:00.030469500Z -------------------------------------------------------------------
2021-05-16T00:13:00.030476800Z msmmod4_par data size = 4700529 
2021-05-16T00:13:08.729787400Z memory usage = 2.013 GB 
2021-05-16T00:13:51.415354100Z NULL
2021-05-16T00:13:51.415429100Z   
2021-05-16T00:13:53.618641900Z             used   (Mb) gc trigger    (Mb)  max used   (Mb)
2021-05-16T00:13:53.618734300Z Ncells   2339326  125.0    9457930   505.2   2339326  125.0
2021-05-16T00:13:53.618743500Z Vcells 902109648 6882.6 1902743919 14516.8 902109648 6882.6


state: succeeded
commit: d95a6fa6ef28b1c9dce6d94b3ef6b92ac12b6e69
docker_image_id: sha256:b0e86ebee1d778d06c4c86d5d4c32dd910483eb4b0a9c7ed3997f928aa94c500
exit_code: 0
job_id: ypd7zydgba2voxix
run_by_user: wjchulme
created_at: 2021-05-15T22:36:15Z
started_at: 2021-05-15T22:37:42Z
completed_at: 2021-05-16T00:14:08Z

Completed successfully

outputs:
  output/over80s/death/az/all/all/data_weights.rds              - highly_sensitive    
  output/over80s/death/az/all/all/model1.rds                    - highly_sensitive    
  output/over80s/death/az/all/all/model2.rds                    - highly_sensitive    
  output/over80s/death/az/all/all/model3.rds                    - highly_sensitive    
  output/over80s/death/az/all/all/model4.rds                    - highly_sensitive    
  output/over80s/death/az/all/all/model_formula_vaxaz1.rds      - highly_sensitive    
  output/over80s/death/az/all/all/model_formula_vaxpfizer1.rds  - highly_sensitive    
  output/over80s/death/az/all/all/model_vaxaz1.rds              - highly_sensitive    
  output/over80s/death/az/all/all/model_vaxpfizer1.rds          - highly_sensitive    
  output/over80s/death/az/all/all/weights_histogram.svg         - moderately_sensitive
  output/over80s/death/az/all/all/weights_table.txt             - moderately_sensitive