2021-03-06T00:14:11.916694200Z -- Attaching packages --------------------------------------- tidyverse 1.3.0 --
2021-03-06T00:14:11.925360700Z v ggplot2 3.3.2     v purrr   0.3.4
2021-03-06T00:14:11.925383600Z v tibble  3.0.3     v dplyr   1.0.2
2021-03-06T00:14:11.925391500Z v tidyr   1.1.2     v stringr 1.4.0
2021-03-06T00:14:11.925398400Z v readr   1.3.1     v forcats 0.5.0
2021-03-06T00:14:12.092067100Z -- Conflicts ------------------------------------------ tidyverse_conflicts() --
2021-03-06T00:14:12.092139300Z x dplyr::filter() masks stats::filter()
2021-03-06T00:14:12.092147900Z x dplyr::lag()    masks stats::lag()
2021-03-06T00:14:13.944736600Z 
2021-03-06T00:14:13.944789400Z Attaching package: 'lubridate'
2021-03-06T00:14:13.944797800Z 
2021-03-06T00:14:13.946145500Z The following objects are masked from 'package:base':
2021-03-06T00:14:13.946169400Z 
2021-03-06T00:14:13.946177600Z     date, intersect, setdiff, union
2021-03-06T00:14:13.946184900Z 
2021-03-06T00:14:14.275234500Z <environment: R_GlobalEnv>
2021-03-06T00:14:14.275652100Z <environment: R_GlobalEnv>
2021-03-06T00:14:54.166882200Z ipwvax1 
2021-03-06T00:22:30.968300300Z MODEL INFO:
2021-03-06T00:22:30.968403100Z Observations: 7394727
2021-03-06T00:22:30.968412200Z Dependent Variable: 
2021-03-06T00:22:30.968420000Z Type: Generalized linear model
2021-03-06T00:22:30.968427500Z   Family: binomial 
2021-03-06T00:22:30.968435000Z   Link function: logit 
2021-03-06T00:22:30.968443800Z 
2021-03-06T00:22:30.970448900Z MODEL FIT:
2021-03-06T00:22:30.970472200Z <U+03C7><U+00B2>(51) = 111059.22, p = 0.00
2021-03-06T00:22:30.970482000Z Pseudo-R<U+00B2> (Cragg-Uhler) = 
2021-03-06T00:22:30.970489800Z Pseudo-R<U+00B2> (McFadden) = 0.07
2021-03-06T00:22:30.970497400Z AIC = 1581765.83, BIC = 1582484.27 
2021-03-06T00:22:30.970504800Z 
2021-03-06T00:22:30.970885500Z Standard errors: MLE
2021-03-06T00:22:31.160974700Z -----------------------------------------------------------------------
2021-03-06T00:22:31.161059400Z                                             Est.   S.E.   z val.      p
2021-03-06T00:22:31.161068500Z --------------------------------------- -------- ------ -------- ------
2021-03-06T00:22:31.161076300Z (Intercept)                               -18.38   0.86   -21.42   0.00
2021-03-06T00:22:31.161084100Z age                                         0.31   0.02    15.87   0.00
2021-03-06T00:22:31.161091700Z I(age  age)                                -0.00   0.00   -16.92   0.00
2021-03-06T00:22:31.161099400Z sexMale                                     0.06   0.00    11.36   0.00
2021-03-06T00:22:31.161107100Z imd2                                        0.15   0.01    16.84   0.00
2021-03-06T00:22:31.161148600Z imd3                                        0.23   0.01    26.67   0.00
2021-03-06T00:22:31.161156900Z imd4                                        0.31   0.01    35.46   0.00
2021-03-06T00:22:31.161164300Z imd5 most deprived                          0.35   0.01    40.80   0.00
2021-03-06T00:22:31.161171300Z chronic_cardiac_diseaseTRUE                 0.05   0.01     9.81   0.00
2021-03-06T00:22:31.161178400Z current_copdTRUE                            0.04   0.01     4.92   0.00
2021-03-06T00:22:31.161185400Z dementiaTRUE                               -0.16   0.01   -18.12   0.00
2021-03-06T00:22:31.161192300Z dialysisTRUE                                0.10   0.06     1.79   0.07
2021-03-06T00:22:31.161199300Z solid_organ_transplantationTRUE             0.18   0.10     1.81   0.07
2021-03-06T00:22:31.161206300Z chemo_or_radioTRUE                          0.04   0.01     2.63   0.01
2021-03-06T00:22:31.161213700Z sickle_cell_diseaseTRUE                    -0.68   0.36    -1.89   0.06
2021-03-06T00:22:31.161220700Z permanant_immunosuppressionTRUE             0.20   0.08     2.49   0.01
2021-03-06T00:22:31.161227500Z temporary_immunosuppressionTRUE            -0.00   0.04    -0.01   0.99
2021-03-06T00:22:31.161234300Z aspleniaTRUE                                0.00   0.05     0.01   0.99
2021-03-06T00:22:31.161241100Z intel_dis_incl_downs_syndromeTRUE          -0.20   0.07    -3.05   0.00
2021-03-06T00:22:31.161247900Z psychosis_schiz_bipolarTRUE                -0.36   0.03   -12.02   0.00
2021-03-06T00:22:31.161254700Z lung_cancerTRUE                            -0.03   0.03    -0.97   0.33
2021-03-06T00:22:31.161261500Z cancer_excl_lung_and_haemTRUE               0.09   0.01    13.75   0.00
2021-03-06T00:22:31.161268300Z haematological_cancerTRUE                   0.05   0.02     3.01   0.00
2021-03-06T00:22:31.161275100Z ns(tstop, knots = knots)1                   4.18   0.04   109.50   0.00
2021-03-06T00:22:31.161281900Z ns(tstop, knots = knots)2                   2.00   0.02    95.41   0.00
2021-03-06T00:22:31.161290200Z regionEast Midlands                        -1.78   0.04   -45.97   0.00
2021-03-06T00:22:31.161297500Z regionLondon                               -1.49   0.07   -20.64   0.00
2021-03-06T00:22:31.161304400Z regionNorth East                           -0.42   0.05    -8.14   0.00
2021-03-06T00:22:31.161311200Z regionNorth West                           -0.23   0.04    -6.38   0.00
2021-03-06T00:22:31.161318000Z regionSouth East                           -0.40   0.04    -9.99   0.00
2021-03-06T00:22:31.161324800Z regionSouth West                           -0.43   0.03   -14.32   0.00
2021-03-06T00:22:31.161331600Z regionWest Midlands                         0.25   0.05     5.08   0.00
2021-03-06T00:22:31.161338500Z regionYorkshire and The                     0.24   0.03     8.25   0.00
2021-03-06T00:22:31.161345300Z Humber                                                                 
2021-03-06T00:22:31.161359900Z hospital_status                             0.01   0.02     0.59   0.55
2021-03-06T00:22:31.161367300Z probable_covid_status                      -0.89   0.12    -7.65   0.00
2021-03-06T00:22:31.161374400Z suspected_covid_status                      0.45   0.04    11.28   0.00
2021-03-06T00:22:31.161381400Z ns(tstop, knots =                           3.58   0.08    46.48   0.00
2021-03-06T00:22:31.161388500Z knots)1:regionEast Midlands                                            
2021-03-06T00:22:31.161395400Z ns(tstop, knots =                           0.26   0.03     7.63   0.00
2021-03-06T00:22:31.161402300Z knots)2:regionEast Midlands                                            
2021-03-06T00:22:31.161409300Z ns(tstop, knots =                           2.34   0.14    16.19   0.00
2021-03-06T00:22:31.161416100Z knots)1:regionLondon                                                   
2021-03-06T00:22:31.161423100Z ns(tstop, knots =                          -1.38   0.07   -21.00   0.00
2021-03-06T00:22:31.161430200Z knots)2:regionLondon                                                   
2021-03-06T00:22:31.161437200Z ns(tstop, knots =                           1.16   0.10    11.11   0.00
2021-03-06T00:22:31.161444400Z knots)1:regionNorth East                                               
2021-03-06T00:22:31.161454700Z ns(tstop, knots =                          -0.53   0.06    -9.04   0.00
2021-03-06T00:22:31.161461600Z knots)2:regionNorth East                                               
2021-03-06T00:22:31.161468500Z ns(tstop, knots =                           0.96   0.08    12.76   0.00
2021-03-06T00:22:31.161475400Z knots)1:regionNorth West                                               
2021-03-06T00:22:31.161482400Z ns(tstop, knots =                          -0.47   0.05   -10.21   0.00
2021-03-06T00:22:31.161489700Z knots)2:regionNorth West                                               
2021-03-06T00:22:31.161497300Z ns(tstop, knots =                           0.80   0.08     9.73   0.00
2021-03-06T00:22:31.161504700Z knots)1:regionSouth East                                               
2021-03-06T00:22:31.161511500Z ns(tstop, knots =                          -0.28   0.04    -6.28   0.00
2021-03-06T00:22:31.161518500Z knots)2:regionSouth East                                               
2021-03-06T00:22:31.161525300Z ns(tstop, knots =                           1.08   0.06    17.48   0.00
2021-03-06T00:22:31.161532200Z knots)1:regionSouth West                                               
2021-03-06T00:22:31.161539000Z ns(tstop, knots =                           0.11   0.03     3.27   0.00
2021-03-06T00:22:31.161545800Z knots)2:regionSouth West                                               
2021-03-06T00:22:31.161552700Z ns(tstop, knots =                          -0.61   0.10    -5.92   0.00
2021-03-06T00:22:31.161559500Z knots)1:regionWest Midlands                                            
2021-03-06T00:22:31.161573200Z ns(tstop, knots =                          -1.20   0.06   -19.58   0.00
2021-03-06T00:22:31.161580600Z knots)2:regionWest Midlands                                            
2021-03-06T00:22:31.161587500Z ns(tstop, knots =                          -0.23   0.06    -3.74   0.00
2021-03-06T00:22:31.161594300Z knots)1:regionYorkshire and                                            
2021-03-06T00:22:31.161601100Z The Humber                                                             
2021-03-06T00:22:31.161608000Z ns(tstop, knots =                          -0.73   0.04   -19.13   0.00
2021-03-06T00:22:31.161614900Z knots)2:regionYorkshire and                                            
2021-03-06T00:22:31.161621800Z The Humber                                                             
2021-03-06T00:22:31.161628600Z -----------------------------------------------------------------------
2021-03-06T00:22:31.161635600Z ipwvax1_fxd 
2021-03-06T00:28:49.631139500Z MODEL INFO:
2021-03-06T00:28:49.631237800Z Observations: 7394727
2021-03-06T00:28:49.631247300Z Dependent Variable: 
2021-03-06T00:28:49.631255500Z Type: Generalized linear model
2021-03-06T00:28:49.631263400Z   Family: binomial 
2021-03-06T00:28:49.631271000Z   Link function: logit 
2021-03-06T00:28:49.631278600Z 
2021-03-06T00:28:49.632950600Z MODEL FIT:
2021-03-06T00:28:49.632974100Z <U+03C7><U+00B2>(48) = 110873.34, p = 0.00
2021-03-06T00:28:49.632983900Z Pseudo-R<U+00B2> (Cragg-Uhler) = 
2021-03-06T00:28:49.632992000Z Pseudo-R<U+00B2> (McFadden) = 0.07
2021-03-06T00:28:49.633000800Z AIC = 1581945.71, BIC = 1582622.71 
2021-03-06T00:28:49.633008400Z 
2021-03-06T00:28:49.633199700Z Standard errors: MLE
2021-03-06T00:28:49.782009300Z -----------------------------------------------------------------------
2021-03-06T00:28:49.782080200Z                                             Est.   S.E.   z val.      p
2021-03-06T00:28:49.782088500Z --------------------------------------- -------- ------ -------- ------
2021-03-06T00:28:49.782096400Z (Intercept)                               -18.38   0.86   -21.42   0.00
2021-03-06T00:28:49.782104200Z age                                         0.31   0.02    15.88   0.00
2021-03-06T00:28:49.782111700Z I(age  age)                                -0.00   0.00   -16.93   0.00
2021-03-06T00:28:49.782119500Z sexMale                                     0.06   0.00    11.38   0.00
2021-03-06T00:28:49.782127000Z imd2                                        0.15   0.01    16.86   0.00
2021-03-06T00:28:49.782134500Z imd3                                        0.23   0.01    26.68   0.00
2021-03-06T00:28:49.782142000Z imd4                                        0.31   0.01    35.43   0.00
2021-03-06T00:28:49.782181500Z imd5 most deprived                          0.35   0.01    40.81   0.00
2021-03-06T00:28:49.782189000Z chronic_cardiac_diseaseTRUE                 0.05   0.01     9.87   0.00
2021-03-06T00:28:49.782195800Z current_copdTRUE                            0.04   0.01     4.93   0.00
2021-03-06T00:28:49.782202600Z dementiaTRUE                               -0.16   0.01   -18.10   0.00
2021-03-06T00:28:49.782209300Z dialysisTRUE                                0.10   0.06     1.81   0.07
2021-03-06T00:28:49.782216000Z solid_organ_transplantationTRUE             0.18   0.10     1.77   0.08
2021-03-06T00:28:49.782222700Z chemo_or_radioTRUE                          0.04   0.01     2.60   0.01
2021-03-06T00:28:49.782229400Z sickle_cell_diseaseTRUE                    -0.68   0.36    -1.90   0.06
2021-03-06T00:28:49.782236900Z permanant_immunosuppressionTRUE             0.21   0.08     2.60   0.01
2021-03-06T00:28:49.782243600Z temporary_immunosuppressionTRUE            -0.00   0.04    -0.01   0.99
2021-03-06T00:28:49.782250200Z aspleniaTRUE                                0.00   0.05     0.00   1.00
2021-03-06T00:28:49.782256800Z intel_dis_incl_downs_syndromeTRUE          -0.20   0.07    -3.02   0.00
2021-03-06T00:28:49.782263400Z psychosis_schiz_bipolarTRUE                -0.36   0.03   -12.03   0.00
2021-03-06T00:28:49.782270000Z lung_cancerTRUE                            -0.03   0.03    -1.00   0.32
2021-03-06T00:28:49.782276600Z cancer_excl_lung_and_haemTRUE               0.09   0.01    13.82   0.00
2021-03-06T00:28:49.782283200Z haematological_cancerTRUE                   0.06   0.02     3.07   0.00
2021-03-06T00:28:49.782289800Z ns(tstop, knots = knots)1                   4.18   0.04   109.53   0.00
2021-03-06T00:28:49.782296700Z ns(tstop, knots = knots)2                   2.00   0.02    95.34   0.00
2021-03-06T00:28:49.782304700Z regionEast Midlands                        -1.78   0.04   -45.98   0.00
2021-03-06T00:28:49.782311700Z regionLondon                               -1.49   0.07   -20.62   0.00
2021-03-06T00:28:49.782318400Z regionNorth East                           -0.42   0.05    -8.14   0.00
2021-03-06T00:28:49.782325100Z regionNorth West                           -0.23   0.04    -6.34   0.00
2021-03-06T00:28:49.782331900Z regionSouth East                           -0.40   0.04    -9.88   0.00
2021-03-06T00:28:49.782338700Z regionSouth West                           -0.43   0.03   -14.29   0.00
2021-03-06T00:28:49.782345500Z regionWest Midlands                         0.25   0.05     5.11   0.00
2021-03-06T00:28:49.782352300Z regionYorkshire and The                     0.24   0.03     8.29   0.00
2021-03-06T00:28:49.782359100Z Humber                                                                 
2021-03-06T00:28:49.782365900Z ns(tstop, knots =                           3.58   0.08    46.49   0.00
2021-03-06T00:28:49.782372700Z knots)1:regionEast Midlands                                            
2021-03-06T00:28:49.782379500Z ns(tstop, knots =                           0.26   0.03     7.69   0.00
2021-03-06T00:28:49.782393200Z knots)2:regionEast Midlands                                            
2021-03-06T00:28:49.782400600Z ns(tstop, knots =                           2.33   0.14    16.17   0.00
2021-03-06T00:28:49.782407400Z knots)1:regionLondon                                                   
2021-03-06T00:28:49.782414000Z ns(tstop, knots =                          -1.38   0.07   -20.97   0.00
2021-03-06T00:28:49.782422700Z knots)2:regionLondon                                                   
2021-03-06T00:28:49.782429600Z ns(tstop, knots =                           1.16   0.10    11.09   0.00
2021-03-06T00:28:49.782436400Z knots)1:regionNorth East                                               
2021-03-06T00:28:49.782443300Z ns(tstop, knots =                          -0.53   0.06    -9.00   0.00
2021-03-06T00:28:49.782449900Z knots)2:regionNorth East                                               
2021-03-06T00:28:49.782456900Z ns(tstop, knots =                           0.96   0.08    12.73   0.00
2021-03-06T00:28:49.782463700Z knots)1:regionNorth West                                               
2021-03-06T00:28:49.782470500Z ns(tstop, knots =                          -0.47   0.05   -10.23   0.00
2021-03-06T00:28:49.782477300Z knots)2:regionNorth West                                               
2021-03-06T00:28:49.782484300Z ns(tstop, knots =                           0.79   0.08     9.62   0.00
2021-03-06T00:28:49.782491100Z knots)1:regionSouth East                                               
2021-03-06T00:28:49.782497900Z ns(tstop, knots =                          -0.28   0.04    -6.29   0.00
2021-03-06T00:28:49.782505300Z knots)2:regionSouth East                                               
2021-03-06T00:28:49.782512100Z ns(tstop, knots =                           1.07   0.06    17.46   0.00
2021-03-06T00:28:49.782518900Z knots)1:regionSouth West                                               
2021-03-06T00:28:49.782526000Z ns(tstop, knots =                           0.11   0.03     3.30   0.00
2021-03-06T00:28:49.782532600Z knots)2:regionSouth West                                               
2021-03-06T00:28:49.782539500Z ns(tstop, knots =                          -0.61   0.10    -5.97   0.00
2021-03-06T00:28:49.782546200Z knots)1:regionWest Midlands                                            
2021-03-06T00:28:49.782552900Z ns(tstop, knots =                          -1.20   0.06   -19.56   0.00
2021-03-06T00:28:49.782559500Z knots)2:regionWest Midlands                                            
2021-03-06T00:28:49.782566200Z ns(tstop, knots =                          -0.23   0.06    -3.77   0.00
2021-03-06T00:28:49.782573000Z knots)1:regionYorkshire and                                            
2021-03-06T00:28:49.782579800Z The Humber                                                             
2021-03-06T00:28:49.782586500Z ns(tstop, knots =                          -0.73   0.04   -19.11   0.00
2021-03-06T00:28:49.782599600Z knots)2:regionYorkshire and                                            
2021-03-06T00:28:49.782606800Z The Humber                                                             
2021-03-06T00:28:49.782613700Z -----------------------------------------------------------------------
2021-03-06T00:28:56.532573900Z ipwdeath 
2021-03-06T00:43:50.306909100Z MODEL INFO:
2021-03-06T00:43:50.307010800Z Observations: 8637744
2021-03-06T00:43:50.307020300Z Dependent Variable: 
2021-03-06T00:43:50.307028000Z Type: Generalized linear model
2021-03-06T00:43:50.307035400Z   Family: binomial 
2021-03-06T00:43:50.307042800Z   Link function: logit 
2021-03-06T00:43:50.307050100Z 
2021-03-06T00:43:50.308857500Z MODEL FIT:
2021-03-06T00:43:50.308882100Z <U+03C7><U+00B2>(56) = 2174.13, p = 0.00
2021-03-06T00:43:50.308892900Z Pseudo-R<U+00B2> (Cragg-Uhler) = 
2021-03-06T00:43:50.308901300Z Pseudo-R<U+00B2> (McFadden) = 0.05
2021-03-06T00:43:50.308909000Z AIC = 40467.64, BIC = 41264.03 
2021-03-06T00:43:50.308917000Z 
2021-03-06T00:43:50.309078600Z Standard errors: MLE
2021-03-06T00:43:50.512273600Z -----------------------------------------------------------------------
2021-03-06T00:43:50.512360100Z                                             Est.   S.E.   z val.      p
2021-03-06T00:43:50.512368700Z --------------------------------------- -------- ------ -------- ------
2021-03-06T00:43:50.512377000Z (Intercept)                               -34.19   5.70    -6.00   0.00
2021-03-06T00:43:50.512384600Z age                                         0.47   0.13     3.62   0.00
2021-03-06T00:43:50.512392100Z I(age  age)                                -0.00   0.00    -2.80   0.01
2021-03-06T00:43:50.512399700Z sexMale                                     0.24   0.04     5.69   0.00
2021-03-06T00:43:50.512407300Z imd2                                       -0.07   0.07    -1.02   0.31
2021-03-06T00:43:50.512414900Z imd3                                       -0.11   0.07    -1.56   0.12
2021-03-06T00:43:50.512422300Z imd4                                       -0.08   0.07    -1.07   0.28
2021-03-06T00:43:50.512429800Z imd5 most deprived                         -0.10   0.07    -1.36   0.17
2021-03-06T00:43:50.512437500Z chronic_cardiac_diseaseTRUE                 0.33   0.04     7.78   0.00
2021-03-06T00:43:50.512445200Z current_copdTRUE                            0.43   0.06     7.40   0.00
2021-03-06T00:43:50.512453000Z dementiaTRUE                                0.84   0.05    16.28   0.00
2021-03-06T00:43:50.512460300Z dialysisTRUE                                1.26   0.27     4.62   0.00
2021-03-06T00:43:50.512467700Z solid_organ_transplantationTRUE            -0.77   1.01    -0.76   0.45
2021-03-06T00:43:50.512506300Z chemo_or_radioTRUE                          0.08   0.10     0.74   0.46
2021-03-06T00:43:50.512513900Z sickle_cell_diseaseTRUE                     1.80   1.00     1.79   0.07
2021-03-06T00:43:50.512520700Z permanant_immunosuppressionTRUE            -0.41   1.00    -0.41   0.68
2021-03-06T00:43:50.512527300Z temporary_immunosuppressionTRUE             0.36   0.24     1.50   0.13
2021-03-06T00:43:50.512534000Z aspleniaTRUE                                0.09   0.38     0.24   0.81
2021-03-06T00:43:50.512540800Z intel_dis_incl_downs_syndromeTRUE           0.26   0.45     0.58   0.56
2021-03-06T00:43:50.512548000Z psychosis_schiz_bipolarTRUE                 0.41   0.18     2.27   0.02
2021-03-06T00:43:50.512554800Z lung_cancerTRUE                             1.36   0.13    10.50   0.00
2021-03-06T00:43:50.512561700Z cancer_excl_lung_and_haemTRUE               0.45   0.05     9.11   0.00
2021-03-06T00:43:50.512568500Z haematological_cancerTRUE                   0.53   0.12     4.45   0.00
2021-03-06T00:43:50.512575300Z timesincevax_pw(0,3]                       -0.90   0.20    -4.43   0.00
2021-03-06T00:43:50.512582100Z timesincevax_pw(3,7]                       -0.71   0.16    -4.45   0.00
2021-03-06T00:43:50.512590600Z timesincevax_pw(7,14]                      -0.62   0.12    -5.12   0.00
2021-03-06T00:43:50.512597700Z timesincevax_pw(14,21]                     -0.80   0.14    -5.80   0.00
2021-03-06T00:43:50.512604400Z timesincevax_pw(21, Inf]                   -1.24   0.15    -8.14   0.00
2021-03-06T00:43:50.512611100Z ns(tstop, knots = knots)1                   1.28   0.26     4.87   0.00
2021-03-06T00:43:50.512617700Z ns(tstop, knots = knots)2                   1.00   0.17     5.91   0.00
2021-03-06T00:43:50.512624700Z regionEast Midlands                         0.01   0.18     0.05   0.96
2021-03-06T00:43:50.512631400Z regionLondon                                0.12   0.30     0.42   0.67
2021-03-06T00:43:50.512638100Z regionNorth East                           -0.12   0.31    -0.39   0.70
2021-03-06T00:43:50.512644800Z regionNorth West                           -0.18   0.24    -0.76   0.44
2021-03-06T00:43:50.512651400Z regionSouth East                            0.11   0.23     0.50   0.62
2021-03-06T00:43:50.512658100Z regionSouth West                           -0.12   0.18    -0.64   0.52
2021-03-06T00:43:50.512664800Z regionWest Midlands                        -0.40   0.36    -1.09   0.28
2021-03-06T00:43:50.512671600Z regionYorkshire and The                    -0.16   0.20    -0.77   0.44
2021-03-06T00:43:50.512678500Z Humber                                                                 
2021-03-06T00:43:50.512685100Z hospital_status                             2.11   0.07    29.38   0.00
2021-03-06T00:43:50.512692000Z probable_covid_status                       1.73   0.24     7.21   0.00
2021-03-06T00:43:50.512698700Z suspected_covid_status                      0.54   0.29     1.85   0.06
2021-03-06T00:43:50.512705400Z ns(tstop, knots =                          -0.34   0.42    -0.83   0.41
2021-03-06T00:43:50.512719800Z knots)1:regionEast Midlands                                            
2021-03-06T00:43:50.512727200Z ns(tstop, knots =                           0.05   0.25     0.20   0.84
2021-03-06T00:43:50.512733900Z knots)2:regionEast Midlands                                            
2021-03-06T00:43:50.512740600Z ns(tstop, knots =                          -0.50   0.68    -0.73   0.47
2021-03-06T00:43:50.512747200Z knots)1:regionLondon                                                   
2021-03-06T00:43:50.512753900Z ns(tstop, knots =                          -0.72   0.44    -1.66   0.10
2021-03-06T00:43:50.512760500Z knots)2:regionLondon                                                   
2021-03-06T00:43:50.512767200Z ns(tstop, knots =                           0.01   0.71     0.02   0.98
2021-03-06T00:43:50.512774000Z knots)1:regionNorth East                                               
2021-03-06T00:43:50.512780900Z ns(tstop, knots =                           0.60   0.37     1.65   0.10
2021-03-06T00:43:50.512788300Z knots)2:regionNorth East                                               
2021-03-06T00:43:50.512795300Z ns(tstop, knots =                           0.24   0.55     0.43   0.66
2021-03-06T00:43:50.512802100Z knots)1:regionNorth West                                               
2021-03-06T00:43:50.512808800Z ns(tstop, knots =                           0.20   0.32     0.61   0.54
2021-03-06T00:43:50.512815500Z knots)2:regionNorth West                                               
2021-03-06T00:43:50.512822100Z ns(tstop, knots =                          -0.46   0.53    -0.88   0.38
2021-03-06T00:43:50.512828800Z knots)1:regionSouth East                                               
2021-03-06T00:43:50.512835400Z ns(tstop, knots =                           0.02   0.32     0.07   0.95
2021-03-06T00:43:50.512842100Z knots)2:regionSouth East                                               
2021-03-06T00:43:50.512848800Z ns(tstop, knots =                           0.18   0.41     0.44   0.66
2021-03-06T00:43:50.512855400Z knots)1:regionSouth West                                               
2021-03-06T00:43:50.512862100Z ns(tstop, knots =                           0.41   0.24     1.73   0.08
2021-03-06T00:43:50.512868700Z knots)2:regionSouth West                                               
2021-03-06T00:43:50.512878300Z ns(tstop, knots =                           0.82   0.80     1.03   0.30
2021-03-06T00:43:50.512885100Z knots)1:regionWest Midlands                                            
2021-03-06T00:43:50.512891800Z ns(tstop, knots =                          -0.01   0.41    -0.03   0.98
2021-03-06T00:43:50.512898400Z knots)2:regionWest Midlands                                            
2021-03-06T00:43:50.512905000Z ns(tstop, knots =                           0.47   0.46     1.03   0.30
2021-03-06T00:43:50.512911700Z knots)1:regionYorkshire and                                            
2021-03-06T00:43:50.512925600Z The Humber                                                             
2021-03-06T00:43:50.512932800Z ns(tstop, knots =                           0.26   0.26     1.02   0.31
2021-03-06T00:43:50.512939400Z knots)2:regionYorkshire and                                            
2021-03-06T00:43:50.512946100Z The Humber                                                             
2021-03-06T00:43:50.512952700Z -----------------------------------------------------------------------
2021-03-06T00:43:50.512959400Z ipwdeath_fxd 
2021-03-06T00:53:29.205066800Z MODEL INFO:
2021-03-06T00:53:29.205191700Z Observations: 8637744
2021-03-06T00:53:29.205201300Z Dependent Variable: 
2021-03-06T00:53:29.205209000Z Type: Generalized linear model
2021-03-06T00:53:29.205216600Z   Family: binomial 
2021-03-06T00:53:29.205223900Z   Link function: logit 
2021-03-06T00:53:29.205231800Z 
2021-03-06T00:53:29.207240500Z MODEL FIT:
2021-03-06T00:53:29.207320400Z <U+03C7><U+00B2>(53) = 1603.42, p = 0.00
2021-03-06T00:53:29.207330600Z Pseudo-R<U+00B2> (Cragg-Uhler) = 
2021-03-06T00:53:29.207344600Z Pseudo-R<U+00B2> (McFadden) = 0.04
2021-03-06T00:53:29.207352600Z AIC = 41032.35, BIC = 41786.82 
2021-03-06T00:53:29.207360200Z 
2021-03-06T00:53:29.207367500Z Standard errors: MLE
2021-03-06T00:53:29.391515700Z -----------------------------------------------------------------------
2021-03-06T00:53:29.391603300Z                                             Est.   S.E.   z val.      p
2021-03-06T00:53:29.391612600Z --------------------------------------- -------- ------ -------- ------
2021-03-06T00:53:29.391620600Z (Intercept)                               -34.29   5.71    -6.01   0.00
2021-03-06T00:53:29.391628300Z age                                         0.47   0.13     3.65   0.00
2021-03-06T00:53:29.391636200Z I(age  age)                                -0.00   0.00    -2.84   0.00
2021-03-06T00:53:29.391643900Z sexMale                                     0.27   0.04     6.22   0.00
2021-03-06T00:53:29.391652100Z imd2                                       -0.06   0.07    -0.87   0.38
2021-03-06T00:53:29.391659700Z imd3                                       -0.12   0.07    -1.63   0.10
2021-03-06T00:53:29.391667300Z imd4                                       -0.09   0.07    -1.26   0.21
2021-03-06T00:53:29.391674600Z imd5 most deprived                         -0.10   0.07    -1.37   0.17
2021-03-06T00:53:29.391682100Z chronic_cardiac_diseaseTRUE                 0.36   0.04     8.43   0.00
2021-03-06T00:53:29.391689500Z current_copdTRUE                            0.45   0.06     7.69   0.00
2021-03-06T00:53:29.391697400Z dementiaTRUE                                0.83   0.05    16.10   0.00
2021-03-06T00:53:29.391739200Z dialysisTRUE                                1.24   0.27     4.54   0.00
2021-03-06T00:53:29.391747400Z solid_organ_transplantationTRUE            -0.87   1.01    -0.86   0.39
2021-03-06T00:53:29.391754500Z chemo_or_radioTRUE                          0.12   0.10     1.14   0.25
2021-03-06T00:53:29.391761600Z sickle_cell_diseaseTRUE                     1.74   1.00     1.73   0.08
2021-03-06T00:53:29.391768600Z permanant_immunosuppressionTRUE            -0.30   1.00    -0.30   0.76
2021-03-06T00:53:29.391775700Z temporary_immunosuppressionTRUE             0.50   0.24     2.12   0.03
2021-03-06T00:53:29.391782800Z aspleniaTRUE                                0.11   0.38     0.29   0.77
2021-03-06T00:53:29.391789800Z intel_dis_incl_downs_syndromeTRUE           0.34   0.45     0.76   0.45
2021-03-06T00:53:29.391796900Z psychosis_schiz_bipolarTRUE                 0.42   0.18     2.34   0.02
2021-03-06T00:53:29.391803900Z lung_cancerTRUE                             1.42   0.13    11.02   0.00
2021-03-06T00:53:29.391811200Z cancer_excl_lung_and_haemTRUE               0.49   0.05     9.93   0.00
2021-03-06T00:53:29.391818300Z haematological_cancerTRUE                   0.63   0.12     5.35   0.00
2021-03-06T00:53:29.391825300Z timesincevax_pw(0,3]                       -1.00   0.20    -4.93   0.00
2021-03-06T00:53:29.391832200Z timesincevax_pw(3,7]                       -0.81   0.16    -5.06   0.00
2021-03-06T00:53:29.391840400Z timesincevax_pw(7,14]                      -0.71   0.12    -5.86   0.00
2021-03-06T00:53:29.391847500Z timesincevax_pw(14,21]                     -0.89   0.14    -6.43   0.00
2021-03-06T00:53:29.391854400Z timesincevax_pw(21, Inf]                   -1.32   0.15    -8.67   0.00
2021-03-06T00:53:29.391861400Z ns(tstop, knots = knots)1                   1.35   0.26     5.18   0.00
2021-03-06T00:53:29.391868600Z ns(tstop, knots = knots)2                   0.98   0.17     5.76   0.00
2021-03-06T00:53:29.391875800Z regionEast Midlands                        -0.00   0.18    -0.03   0.98
2021-03-06T00:53:29.391882700Z regionLondon                                0.16   0.30     0.53   0.60
2021-03-06T00:53:29.391889800Z regionNorth East                           -0.11   0.31    -0.37   0.71
2021-03-06T00:53:29.391896900Z regionNorth West                           -0.20   0.24    -0.85   0.39
2021-03-06T00:53:29.391904000Z regionSouth East                            0.11   0.23     0.50   0.62
2021-03-06T00:53:29.391911100Z regionSouth West                           -0.12   0.18    -0.65   0.51
2021-03-06T00:53:29.391918300Z regionWest Midlands                        -0.41   0.36    -1.12   0.26
2021-03-06T00:53:29.391925100Z regionYorkshire and The                    -0.15   0.20    -0.73   0.47
2021-03-06T00:53:29.391932500Z Humber                                                                 
2021-03-06T00:53:29.391939600Z ns(tstop, knots =                          -0.35   0.41    -0.84   0.40
2021-03-06T00:53:29.391946700Z knots)1:regionEast Midlands                                            
2021-03-06T00:53:29.391962100Z ns(tstop, knots =                           0.06   0.25     0.25   0.80
2021-03-06T00:53:29.391969600Z knots)2:regionEast Midlands                                            
2021-03-06T00:53:29.391976900Z ns(tstop, knots =                          -0.54   0.67    -0.81   0.42
2021-03-06T00:53:29.391984000Z knots)1:regionLondon                                                   
2021-03-06T00:53:29.391990900Z ns(tstop, knots =                          -0.76   0.44    -1.75   0.08
2021-03-06T00:53:29.391998000Z knots)2:regionLondon                                                   
2021-03-06T00:53:29.392004800Z ns(tstop, knots =                           0.01   0.70     0.02   0.99
2021-03-06T00:53:29.392011900Z knots)1:regionNorth East                                               
2021-03-06T00:53:29.392018900Z ns(tstop, knots =                           0.61   0.37     1.65   0.10
2021-03-06T00:53:29.392026000Z knots)2:regionNorth East                                               
2021-03-06T00:53:29.392033100Z ns(tstop, knots =                           0.31   0.54     0.57   0.57
2021-03-06T00:53:29.392040100Z knots)1:regionNorth West                                               
2021-03-06T00:53:29.392049900Z ns(tstop, knots =                           0.18   0.32     0.56   0.58
2021-03-06T00:53:29.392057000Z knots)2:regionNorth West                                               
2021-03-06T00:53:29.392064100Z ns(tstop, knots =                          -0.45   0.52    -0.86   0.39
2021-03-06T00:53:29.392071400Z knots)1:regionSouth East                                               
2021-03-06T00:53:29.392078500Z ns(tstop, knots =                          -0.00   0.32    -0.01   0.99
2021-03-06T00:53:29.392085500Z knots)2:regionSouth East                                               
2021-03-06T00:53:29.392092600Z ns(tstop, knots =                           0.19   0.41     0.47   0.64
2021-03-06T00:53:29.392099700Z knots)1:regionSouth West                                               
2021-03-06T00:53:29.392106900Z ns(tstop, knots =                           0.41   0.24     1.74   0.08
2021-03-06T00:53:29.392114200Z knots)2:regionSouth West                                               
2021-03-06T00:53:29.392121200Z ns(tstop, knots =                           0.82   0.79     1.04   0.30
2021-03-06T00:53:29.392128300Z knots)1:regionWest Midlands                                            
2021-03-06T00:53:29.392135500Z ns(tstop, knots =                          -0.03   0.42    -0.08   0.94
2021-03-06T00:53:29.392142600Z knots)2:regionWest Midlands                                            
2021-03-06T00:53:29.392149700Z ns(tstop, knots =                           0.46   0.45     1.02   0.31
2021-03-06T00:53:29.392156700Z knots)1:regionYorkshire and                                            
2021-03-06T00:53:29.392163800Z The Humber                                                             
2021-03-06T00:53:29.392177900Z ns(tstop, knots =                           0.25   0.26     0.96   0.34
2021-03-06T00:53:29.392185700Z knots)2:regionYorkshire and                                            
2021-03-06T00:53:29.392192800Z The Humber                                                             
2021-03-06T00:53:29.392199900Z -----------------------------------------------------------------------
2021-03-06T01:05:53.561571700Z Saving 7 x 7 in image
2021-03-06T01:05:57.188520100Z `stat_bin()` using `bins = 30`. Pick better value with `binwidth`.
2021-03-06T01:06:34.032385800Z msmmod0 
2021-03-06T01:07:26.003575000Z MODEL INFO:
2021-03-06T01:07:26.003679300Z Observations: 8637744
2021-03-06T01:07:26.003705700Z Dependent Variable: 
2021-03-06T01:07:26.003713900Z Type: Generalized linear model
2021-03-06T01:07:26.003721500Z   Family: binomial 
2021-03-06T01:07:26.003729100Z   Link function: logit 
2021-03-06T01:07:26.003736800Z 
2021-03-06T01:07:26.005649300Z MODEL FIT:
2021-03-06T01:07:26.005671900Z <U+03C7><U+00B2>(5) = 109.37, p = 0.00
2021-03-06T01:07:26.005682100Z Pseudo-R<U+00B2> (Cragg-Uhler) = 
2021-03-06T01:07:26.005689900Z Pseudo-R<U+00B2> (McFadden) = 0.00
2021-03-06T01:07:26.005697500Z AIC = 67275.00, BIC = 67358.83 
2021-03-06T01:07:26.005705000Z 
2021-03-06T01:07:26.005887500Z Standard errors: MLE
2021-03-06T01:07:26.038507500Z --------------------------------------------------------------
2021-03-06T01:07:26.038528300Z                                   Est.   S.E.    z val.      p
2021-03-06T01:07:26.038536300Z ------------------------------ ------- ------ --------- ------
2021-03-06T01:07:26.038543900Z (Intercept)                      -7.66   0.02   -451.97   0.00
2021-03-06T01:07:26.038551300Z timesincevax_pw(0,3]             -0.42   0.15     -2.75   0.01
2021-03-06T01:07:26.038558900Z timesincevax_pw(3,7]             -0.00   0.11     -0.03   0.98
2021-03-06T01:07:26.038566500Z timesincevax_pw(7,14]            -0.21   0.09     -2.25   0.02
2021-03-06T01:07:26.038574400Z timesincevax_pw(14,21]           -0.51   0.12     -4.40   0.00
2021-03-06T01:07:26.038582200Z timesincevax_pw(21, Inf]         -0.96   0.13     -7.52   0.00
2021-03-06T01:07:26.038589700Z --------------------------------------------------------------
2021-03-06T01:07:26.038597700Z msmmod1 
2021-03-06T01:08:43.235536300Z MODEL INFO:
2021-03-06T01:08:43.235610000Z Observations: 8637744
2021-03-06T01:08:43.235619200Z Dependent Variable: 
2021-03-06T01:08:43.235821600Z Type: Generalized linear model
2021-03-06T01:08:43.235879000Z   Family: binomial 
2021-03-06T01:08:43.235888400Z   Link function: logit 
2021-03-06T01:08:43.235928800Z 
2021-03-06T01:08:43.237590300Z MODEL FIT:
2021-03-06T01:08:43.237611800Z <U+03C7><U+00B2>(12) = 479.99, p = 0.00
2021-03-06T01:08:43.237621300Z Pseudo-R<U+00B2> (Cragg-Uhler) = 
2021-03-06T01:08:43.237628500Z Pseudo-R<U+00B2> (McFadden) = 0.01
2021-03-06T01:08:43.237635500Z AIC = 66918.39, BIC = 67100.02 
2021-03-06T01:08:43.237642300Z 
2021-03-06T01:08:43.237864500Z Standard errors: MLE
2021-03-06T01:08:43.293201400Z --------------------------------------------------------------
2021-03-06T01:08:43.293245200Z                                    Est.   S.E.   z val.      p
2021-03-06T01:08:43.293253200Z ------------------------------ -------- ------ -------- ------
2021-03-06T01:08:43.293260200Z (Intercept)                      -24.21   4.71    -5.14   0.00
2021-03-06T01:08:43.293267100Z age                                0.32   0.11     3.01   0.00
2021-03-06T01:08:43.293274100Z I(age  age)                       -0.00   0.00    -2.45   0.01
2021-03-06T01:08:43.293280800Z sexMale                            0.11   0.03     3.40   0.00
2021-03-06T01:08:43.293287800Z imd2                              -0.09   0.05    -1.65   0.10
2021-03-06T01:08:43.293294500Z imd3                              -0.17   0.05    -3.30   0.00
2021-03-06T01:08:43.293301300Z imd4                              -0.30   0.05    -5.69   0.00
2021-03-06T01:08:43.293307900Z imd5 most deprived                -0.36   0.05    -6.74   0.00
2021-03-06T01:08:43.293315000Z timesincevax_pw(0,3]              -0.46   0.15    -3.00   0.00
2021-03-06T01:08:43.293321800Z timesincevax_pw(3,7]              -0.04   0.11    -0.36   0.72
2021-03-06T01:08:43.293328700Z timesincevax_pw(7,14]             -0.24   0.09    -2.58   0.01
2021-03-06T01:08:43.293335400Z timesincevax_pw(14,21]            -0.53   0.12    -4.58   0.00
2021-03-06T01:08:43.293342300Z timesincevax_pw(21, Inf]          -0.97   0.13    -7.54   0.00
2021-03-06T01:08:43.293349000Z --------------------------------------------------------------
2021-03-06T01:08:43.293355900Z msmmod4 
2021-03-06T01:17:56.016054100Z MODEL INFO:
2021-03-06T01:17:56.016140800Z Observations: 8637744
2021-03-06T01:17:56.016150200Z Dependent Variable: 
2021-03-06T01:17:56.016157700Z Type: Generalized linear model
2021-03-06T01:17:56.016165100Z   Family: binomial 
2021-03-06T01:17:56.016172400Z   Link function: logit 
2021-03-06T01:17:56.016179500Z 
2021-03-06T01:17:56.017663100Z MODEL FIT:
2021-03-06T01:17:56.017687400Z <U+03C7><U+00B2>(53) = 2092.33, p = 0.00
2021-03-06T01:17:56.017696700Z Pseudo-R<U+00B2> (Cragg-Uhler) = 
2021-03-06T01:17:56.017704400Z Pseudo-R<U+00B2> (McFadden) = 0.03
2021-03-06T01:17:56.017746600Z AIC = 65536.68, BIC = 66291.15 
2021-03-06T01:17:56.017754200Z 
2021-03-06T01:17:56.017897800Z Standard errors: MLE
2021-03-06T01:17:56.177823700Z ------------------------------------------------------------------------
2021-03-06T01:17:56.177889200Z                                             Est.    S.E.   z val.      p
2021-03-06T01:17:56.177898100Z --------------------------------------- -------- ------- -------- ------
2021-03-06T01:17:56.177905400Z (Intercept)                               -17.51    4.70    -3.73   0.00
2021-03-06T01:17:56.177912300Z age                                         0.16    0.11     1.46   0.15
2021-03-06T01:17:56.177919100Z I(age  age)                                -0.00    0.00    -0.97   0.33
2021-03-06T01:17:56.177926100Z sexMale                                     0.07    0.03     2.05   0.04
2021-03-06T01:17:56.177933000Z imd2                                       -0.09    0.05    -1.71   0.09
2021-03-06T01:17:56.177939900Z imd3                                       -0.15    0.05    -2.87   0.00
2021-03-06T01:17:56.177946600Z imd4                                       -0.25    0.05    -4.50   0.00
2021-03-06T01:17:56.177953500Z imd5 most deprived                         -0.28    0.06    -5.10   0.00
2021-03-06T01:17:56.177960400Z chronic_cardiac_diseaseTRUE                 0.33    0.03     9.98   0.00
2021-03-06T01:17:56.177967400Z current_copdTRUE                            0.41    0.05     8.89   0.00
2021-03-06T01:17:56.177974300Z dementiaTRUE                                0.89    0.04    22.32   0.00
2021-03-06T01:17:56.177981200Z dialysisTRUE                                0.65    0.28     2.35   0.02
2021-03-06T01:17:56.177988000Z solid_organ_transplantationTRUE             0.30    0.52     0.58   0.56
2021-03-06T01:17:56.177994800Z chemo_or_radioTRUE                         -0.06    0.10    -0.67   0.51
2021-03-06T01:17:56.178001600Z sickle_cell_diseaseTRUE                    -8.00   54.39    -0.15   0.88
2021-03-06T01:17:56.178008600Z permanant_immunosuppressionTRUE             0.16    0.57     0.28   0.78
2021-03-06T01:17:56.178015300Z temporary_immunosuppressionTRUE             0.57    0.19     3.04   0.00
2021-03-06T01:17:56.178022200Z aspleniaTRUE                                0.56    0.25     2.22   0.03
2021-03-06T01:17:56.178029000Z intel_dis_incl_downs_syndromeTRUE           0.65    0.28     2.31   0.02
2021-03-06T01:17:56.178035900Z psychosis_schiz_bipolarTRUE                 0.42    0.13     3.25   0.00
2021-03-06T01:17:56.178042700Z lung_cancerTRUE                             0.46    0.16     2.90   0.00
2021-03-06T01:17:56.178049600Z cancer_excl_lung_and_haemTRUE               0.17    0.04     4.13   0.00
2021-03-06T01:17:56.178056400Z haematological_cancerTRUE                   0.23    0.11     2.00   0.05
2021-03-06T01:17:56.178063400Z ns(tstop, knots = knots)1                   2.10    0.20    10.66   0.00
2021-03-06T01:17:56.178094700Z ns(tstop, knots = knots)2                  -0.35    0.16    -2.23   0.03
2021-03-06T01:17:56.178105800Z regionEast Midlands                        -0.53    0.16    -3.34   0.00
2021-03-06T01:17:56.178113000Z regionLondon                               -0.56    0.26    -2.14   0.03
2021-03-06T01:17:56.178119900Z regionNorth East                            0.42    0.21     1.95   0.05
2021-03-06T01:17:56.178127000Z regionNorth West                           -0.40    0.21    -1.94   0.05
2021-03-06T01:17:56.178133900Z regionSouth East                           -1.00    0.24    -4.25   0.00
2021-03-06T01:17:56.178140700Z regionSouth West                           -1.03    0.19    -5.46   0.00
2021-03-06T01:17:56.178147500Z regionWest Midlands                        -0.49    0.28    -1.73   0.08
2021-03-06T01:17:56.178154400Z regionYorkshire and The                    -0.47    0.18    -2.53   0.01
2021-03-06T01:17:56.178161300Z Humber                                                                  
2021-03-06T01:17:56.178168200Z timesincevax_pw(0,3]                       -0.60    0.14    -4.26   0.00
2021-03-06T01:17:56.178175000Z timesincevax_pw(3,7]                       -0.31    0.11    -2.76   0.01
2021-03-06T01:17:56.178181900Z timesincevax_pw(7,14]                      -0.48    0.10    -4.65   0.00
2021-03-06T01:17:56.178188700Z timesincevax_pw(14,21]                     -0.66    0.13    -5.15   0.00
2021-03-06T01:17:56.178195600Z timesincevax_pw(21, Inf]                   -0.95    0.15    -6.52   0.00
2021-03-06T01:17:56.178202500Z ns(tstop, knots =                           0.85    0.34     2.52   0.01
2021-03-06T01:17:56.178209500Z knots)1:regionEast Midlands                                             
2021-03-06T01:17:56.178216400Z ns(tstop, knots =                           1.08    0.21     5.20   0.00
2021-03-06T01:17:56.178223300Z knots)2:regionEast Midlands                                             
2021-03-06T01:17:56.178230100Z ns(tstop, knots =                           1.46    0.54     2.68   0.01
2021-03-06T01:17:56.178237000Z knots)1:regionLondon                                                    
2021-03-06T01:17:56.178243700Z ns(tstop, knots =                          -0.57    0.36    -1.56   0.12
2021-03-06T01:17:56.178250500Z knots)2:regionLondon                                                    
2021-03-06T01:17:56.178257300Z ns(tstop, knots =                          -1.77    0.50    -3.53   0.00
2021-03-06T01:17:56.178264100Z knots)1:regionNorth East                                                
2021-03-06T01:17:56.178270800Z ns(tstop, knots =                           0.62    0.35     1.75   0.08
2021-03-06T01:17:56.178277600Z knots)2:regionNorth East                                                
2021-03-06T01:17:56.178284400Z ns(tstop, knots =                          -0.08    0.45    -0.18   0.86
2021-03-06T01:17:56.178291200Z knots)1:regionNorth West                                                
2021-03-06T01:17:56.178305700Z ns(tstop, knots =                           0.44    0.32     1.39   0.17
2021-03-06T01:17:56.178313300Z knots)2:regionNorth West                                                
2021-03-06T01:17:56.178320200Z ns(tstop, knots =                           1.99    0.49     4.07   0.00
2021-03-06T01:17:56.178327100Z knots)1:regionSouth East                                                
2021-03-06T01:17:56.178333800Z ns(tstop, knots =                           0.30    0.30     1.00   0.32
2021-03-06T01:17:56.178340500Z knots)2:regionSouth East                                                
2021-03-06T01:17:56.178347400Z ns(tstop, knots =                           1.02    0.40     2.54   0.01
2021-03-06T01:17:56.178354100Z knots)1:regionSouth West                                                
2021-03-06T01:17:56.178360900Z ns(tstop, knots =                           0.89    0.25     3.59   0.00
2021-03-06T01:17:56.178367600Z knots)2:regionSouth West                                                
2021-03-06T01:17:56.178374500Z ns(tstop, knots =                           0.98    0.60     1.64   0.10
2021-03-06T01:17:56.178381600Z knots)1:regionWest Midlands                                             
2021-03-06T01:17:56.178388500Z ns(tstop, knots =                           0.16    0.36     0.44   0.66
2021-03-06T01:17:56.178395200Z knots)2:regionWest Midlands                                             
2021-03-06T01:17:56.178402200Z ns(tstop, knots =                          -0.13    0.41    -0.32   0.75
2021-03-06T01:17:56.178409000Z knots)1:regionYorkshire and                                             
2021-03-06T01:17:56.178416000Z The Humber                                                              
2021-03-06T01:17:56.178422800Z ns(tstop, knots =                           1.04    0.25     4.14   0.00
2021-03-06T01:17:56.178429600Z knots)2:regionYorkshire and                                             
2021-03-06T01:17:56.178436400Z The Humber                                                              
2021-03-06T01:17:56.178443200Z ------------------------------------------------------------------------


state: succeeded
commit: 9456bc1e00f7ce6dc72be69f711f8409e59f569c
docker_image_id: sha256:c7cb8c47c64952beb4dc7e1b4b0edaf95b0fa5cc1af3f796e073e4190413ec9e
exit_code: 0
job_id: rfxdgwcfkdiu57j7
run_by_user: wjchulme
created_at: 2021-03-05T23:27:30Z
started_at: 2021-03-06T00:14:09Z
completed_at: 2021-03-06T01:26:09Z

Completed successfully

outputs:
  output/over80s/postest/az/dose1/data_weights.rds       - highly_sensitive    
  output/over80s/postest/az/dose1/histogram_weights.svg  - moderately_sensitive
  output/over80s/postest/az/dose1/model0.rds             - highly_sensitive    
  output/over80s/postest/az/dose1/model1.rds             - highly_sensitive    
  output/over80s/postest/az/dose1/model4.rds             - highly_sensitive    
  output/over80s/postest/az/dose1/model_vax1.rds         - highly_sensitive    
  output/over80s/postest/az/dose1/model_vax1_fxd.rds     - highly_sensitive    
  output/over80s/postest/az/dose1/weights.txt            - moderately_sensitive