2021-05-17T16:47:25.376389200Z -- Attaching packages --------------------------------------- tidyverse 1.3.0 --
2021-05-17T16:47:25.385180200Z v ggplot2 3.3.2     v purrr   0.3.4
2021-05-17T16:47:25.385208600Z v tibble  3.0.3     v dplyr   1.0.2
2021-05-17T16:47:25.385217000Z v tidyr   1.1.2     v stringr 1.4.0
2021-05-17T16:47:25.385224100Z v readr   1.3.1     v forcats 0.5.0
2021-05-17T16:47:25.557265300Z -- Conflicts ------------------------------------------ tidyverse_conflicts() --
2021-05-17T16:47:25.557342600Z x dplyr::filter() masks stats::filter()
2021-05-17T16:47:25.557351500Z x dplyr::lag()    masks stats::lag()
2021-05-17T16:47:25.570719200Z 
2021-05-17T16:47:25.570748200Z Attaching package: 'glue'
2021-05-17T16:47:25.570756600Z 
2021-05-17T16:47:25.572219600Z The following object is masked from 'package:dplyr':
2021-05-17T16:47:25.572238900Z 
2021-05-17T16:47:25.572248100Z     collapse
2021-05-17T16:47:25.572255600Z 
2021-05-17T16:47:28.743080300Z 
2021-05-17T16:47:28.743164300Z Attaching package: 'lubridate'
2021-05-17T16:47:28.743173100Z 
2021-05-17T16:47:28.743649700Z The following objects are masked from 'package:base':
2021-05-17T16:47:28.743672400Z 
2021-05-17T16:47:28.743681300Z     date, intersect, setdiff, union
2021-05-17T16:47:28.743688800Z 
2021-05-17T16:47:29.614183700Z <environment: R_GlobalEnv>
2021-05-17T16:47:29.615926000Z <environment: R_GlobalEnv>
2021-05-17T16:53:11.591098200Z data_pt data size = 11923764 
2021-05-17T16:53:11.596198100Z   memory usage = 5.533 GB 
2021-05-17T16:53:12.205112600Z     
2021-05-17T16:53:12.205170300Z all   
2021-05-17T16:53:12.205179400Z   
2021-05-17T16:53:54.425054000Z   
2021-05-17T17:21:11.162295200Z vaxpfizer1  vaxpfizer1 data size = 9857097 
2021-05-17T17:21:32.427197100Z memory usage = 8.912 GB 
2021-05-17T17:21:32.427293200Z   
2021-05-17T17:33:51.959794000Z vaxpfizer1_fxd  vaxpfizer1_fxd data size = 9857097 
2021-05-17T17:34:12.979530900Z memory usage = 8.912 GB 
2021-05-17T17:39:58.070734100Z   
2021-05-17T17:49:48.792853300Z vaxaz1  vaxaz1 data size = 4917571 
2021-05-17T17:49:58.239551200Z memory usage = 4.447 GB 
2021-05-17T17:49:58.239631400Z   
2021-05-17T17:56:35.303398600Z vaxaz1_fxd  vaxaz1_fxd data size = 4917571 
2021-05-17T17:56:44.553812600Z memory usage = 4.447 GB 
2021-05-17T18:03:54.905691800Z Saving 7 x 7 in image
2021-05-17T18:04:05.473798500Z `stat_bin()` using `bins = 30`. Pick better value with `binwidth`.
2021-05-17T18:04:13.868605900Z   
2021-05-17T18:04:13.868865700Z data_weights data size = 11923764   
2021-05-17T18:04:13.869508100Z memory usage = 2.003 GB   
2021-05-17T18:05:02.423224300Z   
2021-05-17T18:05:02.423300400Z msmmod1 
2021-05-17T18:14:12.642968100Z MODEL INFO:
2021-05-17T18:14:12.643059500Z Observations: 11923764
2021-05-17T18:14:12.643068900Z Dependent Variable: 
2021-05-17T18:14:12.643080100Z Type: Generalized linear model
2021-05-17T18:14:12.643087900Z   Family: binomial 
2021-05-17T18:14:12.643095300Z   Link function: logit 
2021-05-17T18:14:12.643102600Z 
2021-05-17T18:14:12.646972700Z MODEL FIT:
2021-05-17T18:14:12.646997900Z <U+03C7><U+00B2>(50) = 11946.598, p = 0.000
2021-05-17T18:14:12.647008000Z Pseudo-R<U+00B2> (Cragg-Uhler) = 
2021-05-17T18:14:12.647015900Z Pseudo-R<U+00B2> (McFadden) = 0.072
2021-05-17T18:14:12.647023400Z AIC = 153891.406, BIC = 154620.402 
2021-05-17T18:14:12.647031000Z 
2021-05-17T18:14:12.647674800Z Standard errors: MLE
2021-05-17T18:14:12.884189800Z -----------------------------------------------------------------
2021-05-17T18:14:12.884283700Z                                    Est.    S.E.    z val.       p
2021-05-17T18:14:12.884297200Z ----------------------------- --------- ------- --------- -------
2021-05-17T18:14:12.884323600Z (Intercept)                     -10.953   0.137   -80.090   0.000
2021-05-17T18:14:12.884332100Z timesincevax_pw1-3               -2.199   0.139   -15.833   0.000
2021-05-17T18:14:12.884339800Z timesincevax_pw4-7               -2.004   0.102   -19.584   0.000
2021-05-17T18:14:12.884347800Z timesincevax_pw8-14              -2.004   0.075   -26.659   0.000
2021-05-17T18:14:12.884355400Z timesincevax_pw15-21             -1.850   0.078   -23.583   0.000
2021-05-17T18:14:12.884363200Z timesincevax_pw22-28             -1.965   0.101   -19.529   0.000
2021-05-17T18:14:12.884370900Z timesincevax_pw29+               -1.600   0.135   -11.873   0.000
2021-05-17T18:14:12.884378600Z ns(tstop, df = 4)1                1.581   0.141    11.248   0.000
2021-05-17T18:14:12.884386300Z ns(tstop, df = 4)2                1.315   0.124    10.571   0.000
2021-05-17T18:14:12.884393800Z ns(tstop, df = 4)3                3.055   0.319     9.582   0.000
2021-05-17T18:14:12.884401200Z ns(tstop, df = 4)4                2.664   0.115    23.263   0.000
2021-05-17T18:14:12.884408900Z regionEast Midlands               0.440   0.199     2.205   0.027
2021-05-17T18:14:12.884416500Z regionLondon                      0.692   0.463     1.494   0.135
2021-05-17T18:14:12.884424100Z regionNorth East                  0.757   0.320     2.368   0.018
2021-05-17T18:14:12.884432400Z regionNorth West                  1.401   0.224     6.245   0.000
2021-05-17T18:14:12.884440300Z regionSouth East                  1.661   0.269     6.173   0.000
2021-05-17T18:14:12.884471600Z regionSouth West                  3.756   0.199    18.834   0.000
2021-05-17T18:14:12.884479500Z regionWest Midlands               4.337   0.340    12.748   0.000
2021-05-17T18:14:12.884486500Z regionYorkshire and The          -0.391   0.211    -1.855   0.064
2021-05-17T18:14:12.884493500Z Humber                                                           
2021-05-17T18:14:12.884500400Z ns(tstop, df =                   -0.585   0.209    -2.799   0.005
2021-05-17T18:14:12.884507300Z 4)1:regionEast Midlands                                          
2021-05-17T18:14:12.884514200Z ns(tstop, df =                   -0.159   0.182    -0.874   0.382
2021-05-17T18:14:12.884521300Z 4)2:regionEast Midlands                                          
2021-05-17T18:14:12.884528100Z ns(tstop, df =                   -0.194   0.469    -0.413   0.679
2021-05-17T18:14:12.884535200Z 4)3:regionEast Midlands                                          
2021-05-17T18:14:12.884542100Z ns(tstop, df =                    0.095   0.160     0.597   0.551
2021-05-17T18:14:12.884549100Z 4)4:regionEast Midlands                                          
2021-05-17T18:14:12.884557900Z ns(tstop, df =                    1.085   0.449     2.416   0.016
2021-05-17T18:14:12.884565200Z 4)1:regionLondon                                                 
2021-05-17T18:14:12.884572100Z ns(tstop, df =                    0.876   0.400     2.192   0.028
2021-05-17T18:14:12.884579200Z 4)2:regionLondon                                                 
2021-05-17T18:14:12.884586000Z ns(tstop, df =                    1.399   1.033     1.354   0.176
2021-05-17T18:14:12.884593000Z 4)3:regionLondon                                                 
2021-05-17T18:14:12.884599800Z ns(tstop, df =                   -0.792   0.349    -2.271   0.023
2021-05-17T18:14:12.884606900Z 4)4:regionLondon                                                 
2021-05-17T18:14:12.884613600Z ns(tstop, df =                   -0.670   0.341    -1.966   0.049
2021-05-17T18:14:12.884620700Z 4)1:regionNorth East                                             
2021-05-17T18:14:12.884627500Z ns(tstop, df =                   -0.105   0.296    -0.354   0.723
2021-05-17T18:14:12.884634600Z 4)2:regionNorth East                                             
2021-05-17T18:14:12.884641400Z ns(tstop, df =                   -0.249   0.757    -0.329   0.742
2021-05-17T18:14:12.884648400Z 4)3:regionNorth East                                             
2021-05-17T18:14:12.884655200Z ns(tstop, df =                   -0.168   0.270    -0.623   0.533
2021-05-17T18:14:12.884662300Z 4)4:regionNorth East                                             
2021-05-17T18:14:12.884669100Z ns(tstop, df =                   -0.947   0.245    -3.861   0.000
2021-05-17T18:14:12.884676400Z 4)1:regionNorth West                                             
2021-05-17T18:14:12.884690800Z ns(tstop, df =                   -0.681   0.217    -3.130   0.002
2021-05-17T18:14:12.884698400Z 4)2:regionNorth West                                             
2021-05-17T18:14:12.884705200Z ns(tstop, df =                   -1.065   0.539    -1.975   0.048
2021-05-17T18:14:12.884712200Z 4)3:regionNorth West                                             
2021-05-17T18:14:12.884719100Z ns(tstop, df =                    0.016   0.193     0.081   0.935
2021-05-17T18:14:12.884726800Z 4)4:regionNorth West                                             
2021-05-17T18:14:12.884733700Z ns(tstop, df =                   -0.592   0.287    -2.063   0.039
2021-05-17T18:14:12.884740900Z 4)1:regionSouth East                                             
2021-05-17T18:14:12.884747800Z ns(tstop, df =                   -0.011   0.253    -0.042   0.967
2021-05-17T18:14:12.884755000Z 4)2:regionSouth East                                             
2021-05-17T18:14:12.884761800Z ns(tstop, df =                   -0.567   0.639    -0.888   0.375
2021-05-17T18:14:12.884768700Z 4)3:regionSouth East                                             
2021-05-17T18:14:12.884775600Z ns(tstop, df =                   -0.310   0.232    -1.336   0.182
2021-05-17T18:14:12.884783500Z 4)4:regionSouth East                                             
2021-05-17T18:14:12.884790800Z ns(tstop, df =                   -1.006   0.217    -4.626   0.000
2021-05-17T18:14:12.884797600Z 4)1:regionSouth West                                             
2021-05-17T18:14:12.884804600Z ns(tstop, df =                   -0.525   0.196    -2.683   0.007
2021-05-17T18:14:12.884811500Z 4)2:regionSouth West                                             
2021-05-17T18:14:12.884818200Z ns(tstop, df =                   -1.255   0.479    -2.620   0.009
2021-05-17T18:14:12.884825200Z 4)3:regionSouth West                                             
2021-05-17T18:14:12.884832100Z ns(tstop, df =                   -0.266   0.181    -1.474   0.141
2021-05-17T18:14:12.884839100Z 4)4:regionSouth West                                             
2021-05-17T18:14:12.884845800Z ns(tstop, df =                   -0.446   0.354    -1.262   0.207
2021-05-17T18:14:12.884852800Z 4)1:regionWest Midlands                                          
2021-05-17T18:14:12.884859800Z ns(tstop, df =                    0.631   0.304     2.079   0.038
2021-05-17T18:14:12.884866800Z 4)2:regionWest Midlands                                          
2021-05-17T18:14:12.884873600Z ns(tstop, df =                    0.672   0.791     0.849   0.396
2021-05-17T18:14:12.884880500Z 4)3:regionWest Midlands                                          
2021-05-17T18:14:12.884887400Z ns(tstop, df =                   -0.596   0.269    -2.219   0.026
2021-05-17T18:14:12.884894500Z 4)4:regionWest Midlands                                          
2021-05-17T18:14:12.884901200Z ns(tstop, df =                   -1.071   0.227    -4.718   0.000
2021-05-17T18:14:12.884914800Z 4)1:regionYorkshire and The                                      
2021-05-17T18:14:12.884922400Z Humber                                                           
2021-05-17T18:14:12.884929700Z ns(tstop, df =                   -0.027   0.199    -0.138   0.890
2021-05-17T18:14:12.884936600Z 4)2:regionYorkshire and The                                      
2021-05-17T18:14:12.884943600Z Humber                                                           
2021-05-17T18:14:12.884950600Z ns(tstop, df =                   -0.308   0.501    -0.614   0.539
2021-05-17T18:14:12.884957700Z 4)3:regionYorkshire and The                                      
2021-05-17T18:14:12.884964600Z Humber                                                           
2021-05-17T18:14:12.884971900Z ns(tstop, df =                   -0.249   0.176    -1.416   0.157
2021-05-17T18:14:12.884979400Z 4)4:regionYorkshire and The                                      
2021-05-17T18:14:12.884986500Z Humber                                                           
2021-05-17T18:14:12.884993800Z -----------------------------------------------------------------
2021-05-17T18:14:12.885002700Z msmmod1_par data size = 11923764 
2021-05-17T18:14:33.957407600Z memory usage = 5.196 GB 
2021-05-17T18:15:45.840775700Z   
2021-05-17T18:15:45.840865900Z msmmod2 
2021-05-17T18:37:25.205337400Z MODEL INFO:
2021-05-17T18:37:25.205416100Z Observations: 11923764
2021-05-17T18:37:25.205425300Z Dependent Variable: 
2021-05-17T18:37:25.205436700Z Type: Generalized linear model
2021-05-17T18:37:25.205444400Z   Family: binomial 
2021-05-17T18:37:25.205451900Z   Link function: logit 
2021-05-17T18:37:25.205459200Z 
2021-05-17T18:37:25.209020900Z MODEL FIT:
2021-05-17T18:37:25.209046800Z <U+03C7><U+00B2>(88) = 20060.399, p = 0.000
2021-05-17T18:37:25.209057000Z Pseudo-R<U+00B2> (Cragg-Uhler) = 
2021-05-17T18:37:25.209064800Z Pseudo-R<U+00B2> (McFadden) = 0.121
2021-05-17T18:37:25.209072600Z AIC = 145853.602, BIC = 147125.771 
2021-05-17T18:37:25.209080100Z 
2021-05-17T18:37:25.209526700Z Standard errors: MLE
2021-05-17T18:37:25.559883200Z ------------------------------------------------------------------
2021-05-17T18:37:25.559961600Z                                     Est.    S.E.    z val.       p
2021-05-17T18:37:25.559971000Z ------------------------------- -------- ------- --------- -------
2021-05-17T18:37:25.559978700Z (Intercept)                       -3.927   9.119    -0.431   0.667
2021-05-17T18:37:25.559986400Z timesincevax_pw1-3                -2.201   0.139   -15.848   0.000
2021-05-17T18:37:25.559994000Z timesincevax_pw4-7                -1.981   0.102   -19.412   0.000
2021-05-17T18:37:25.560028600Z timesincevax_pw8-14               -1.946   0.074   -26.325   0.000
2021-05-17T18:37:25.560036600Z timesincevax_pw15-21              -1.897   0.077   -24.530   0.000
2021-05-17T18:37:25.560044000Z timesincevax_pw22-28              -2.139   0.100   -21.326   0.000
2021-05-17T18:37:25.560051200Z timesincevax_pw29+                -1.852   0.135   -13.726   0.000
2021-05-17T18:37:25.560058500Z poly(age, degree = 2, raw =       -0.330   0.245    -1.349   0.177
2021-05-17T18:37:25.560065600Z TRUE)1                                                            
2021-05-17T18:37:25.560072800Z poly(age, degree = 2, raw =        0.003   0.002     1.803   0.071
2021-05-17T18:37:25.560080100Z TRUE)2                                                            
2021-05-17T18:37:25.560087300Z sexMale                            0.380   0.024    15.965   0.000
2021-05-17T18:37:25.560094400Z imd2                              -0.013   0.036    -0.351   0.726
2021-05-17T18:37:25.560101500Z imd3                              -0.027   0.036    -0.738   0.460
2021-05-17T18:37:25.560109400Z imd4                              -0.067   0.037    -1.798   0.072
2021-05-17T18:37:25.560116800Z imd5 least deprived               -0.161   0.040    -4.083   0.000
2021-05-17T18:37:25.560123700Z ethnicity_combinedBlack            0.076   0.111     0.688   0.491
2021-05-17T18:37:25.560130500Z ethnicity_combinedSouth            0.264   0.060     4.395   0.000
2021-05-17T18:37:25.560137500Z Asian                                                             
2021-05-17T18:37:25.560144700Z ethnicity_combinedMixed            0.000   0.197     0.000   1.000
2021-05-17T18:37:25.560151700Z ethnicity_combinedOther            0.066   0.128     0.518   0.604
2021-05-17T18:37:25.560158600Z bmiObese I (30-34.9)              -0.132   0.031    -4.270   0.000
2021-05-17T18:37:25.560165500Z bmiObese II (35-39.9)             -0.093   0.056    -1.649   0.099
2021-05-17T18:37:25.560172400Z bmiObese III (40+)                 0.189   0.064     2.959   0.003
2021-05-17T18:37:25.560179200Z heart_failure                      0.522   0.038    13.887   0.000
2021-05-17T18:37:25.560186200Z other_heart_disease               -0.119   0.039    -3.051   0.002
2021-05-17T18:37:25.560193000Z dialysis                           0.627   0.116     5.387   0.000
2021-05-17T18:37:25.560201500Z diabetes                           0.052   0.044     1.182   0.237
2021-05-17T18:37:25.560208700Z chronic_liver_disease              0.556   0.074     7.521   0.000
2021-05-17T18:37:25.560216000Z current_copd                       0.090   0.043     2.089   0.037
2021-05-17T18:37:25.560222800Z other_resp_conditions              0.157   0.041     3.794   0.000
2021-05-17T18:37:25.560229700Z lung_cancer                        1.027   0.064    16.050   0.000
2021-05-17T18:37:25.560236600Z haematological_cancer              0.379   0.064     5.930   0.000
2021-05-17T18:37:25.560251500Z cancer_excl_lung_and_haem          0.307   0.042     7.289   0.000
2021-05-17T18:37:25.560259000Z any_immunosuppression             -0.030   0.049    -0.615   0.539
2021-05-17T18:37:25.560266100Z dementia                           0.766   0.051    14.879   0.000
2021-05-17T18:37:25.560273100Z other_neuro_conditions             0.519   0.058     8.904   0.000
2021-05-17T18:37:25.560279900Z LD_incl_DS_and_CP                  0.335   0.162     2.067   0.039
2021-05-17T18:37:25.560287200Z psychosis_schiz_bipolar            0.245   0.083     2.961   0.003
2021-05-17T18:37:25.560293900Z multimorb1                         0.600   0.051    11.659   0.000
2021-05-17T18:37:25.560301000Z multimorb2                         0.830   0.080    10.389   0.000
2021-05-17T18:37:25.560307900Z multimorb3                         0.911   0.113     8.095   0.000
2021-05-17T18:37:25.560314800Z multimorb4+                        0.740   0.158     4.685   0.000
2021-05-17T18:37:25.560321600Z shielded                           0.672   0.029    23.003   0.000
2021-05-17T18:37:25.560328600Z flu_vaccine                       -0.220   0.031    -7.029   0.000
2021-05-17T18:37:25.560335500Z efi_catMild                        0.161   0.044     3.624   0.000
2021-05-17T18:37:25.560342500Z efi_catModerate                    0.496   0.048    10.408   0.000
2021-05-17T18:37:25.560349300Z efi_catSevere                      0.826   0.055    15.086   0.000
2021-05-17T18:37:25.560356300Z ns(tstop, df = 4)1                 1.566   0.141    11.106   0.000
2021-05-17T18:37:25.560363100Z ns(tstop, df = 4)2                 1.524   0.125    12.149   0.000
2021-05-17T18:37:25.560370200Z ns(tstop, df = 4)3                 3.200   0.320    10.005   0.000
2021-05-17T18:37:25.560377100Z ns(tstop, df = 4)4                 2.660   0.114    23.244   0.000
2021-05-17T18:37:25.560384000Z regionEast Midlands                0.417   0.200     2.083   0.037
2021-05-17T18:37:25.560390800Z regionLondon                       0.652   0.463     1.410   0.159
2021-05-17T18:37:25.560397700Z regionNorth East                   0.684   0.321     2.133   0.033
2021-05-17T18:37:25.560404700Z regionNorth West                   1.250   0.225     5.546   0.000
2021-05-17T18:37:25.560411500Z regionSouth East                   1.551   0.269     5.757   0.000
2021-05-17T18:37:25.560418400Z regionSouth West                   3.622   0.200    18.106   0.000
2021-05-17T18:37:25.560428800Z regionWest Midlands                3.827   0.341    11.215   0.000
2021-05-17T18:37:25.560436600Z regionYorkshire and The           -0.551   0.212    -2.605   0.009
2021-05-17T18:37:25.560443500Z Humber                                                            
2021-05-17T18:37:25.560450500Z ns(tstop, df =                    -0.595   0.210    -2.839   0.005
2021-05-17T18:37:25.560457300Z 4)1:regionEast Midlands                                           
2021-05-17T18:37:25.560464200Z ns(tstop, df =                    -0.185   0.183    -1.010   0.312
2021-05-17T18:37:25.560478300Z 4)2:regionEast Midlands                                           
2021-05-17T18:37:25.560485900Z ns(tstop, df =                    -0.244   0.470    -0.520   0.603
2021-05-17T18:37:25.560493000Z 4)3:regionEast Midlands                                           
2021-05-17T18:37:25.560499800Z ns(tstop, df =                     0.058   0.161     0.359   0.720
2021-05-17T18:37:25.560506900Z 4)4:regionEast Midlands                                           
2021-05-17T18:37:25.560513800Z ns(tstop, df =                     1.131   0.448     2.523   0.012
2021-05-17T18:37:25.560520800Z 4)1:regionLondon                                                  
2021-05-17T18:37:25.560527600Z ns(tstop, df =                     0.794   0.400     1.984   0.047
2021-05-17T18:37:25.560534600Z 4)2:regionLondon                                                  
2021-05-17T18:37:25.560541500Z ns(tstop, df =                     1.285   1.031     1.246   0.213
2021-05-17T18:37:25.560548500Z 4)3:regionLondon                                                  
2021-05-17T18:37:25.560555400Z ns(tstop, df =                    -0.799   0.354    -2.260   0.024
2021-05-17T18:37:25.560562500Z 4)4:regionLondon                                                  
2021-05-17T18:37:25.560569600Z ns(tstop, df =                    -0.677   0.342    -1.980   0.048
2021-05-17T18:37:25.560576700Z 4)1:regionNorth East                                              
2021-05-17T18:37:25.560583600Z ns(tstop, df =                    -0.070   0.297    -0.236   0.813
2021-05-17T18:37:25.560590600Z 4)2:regionNorth East                                              
2021-05-17T18:37:25.560597500Z ns(tstop, df =                    -0.254   0.759    -0.334   0.738
2021-05-17T18:37:25.560604400Z 4)3:regionNorth East                                              
2021-05-17T18:37:25.560611300Z ns(tstop, df =                    -0.175   0.270    -0.647   0.517
2021-05-17T18:37:25.560618200Z 4)4:regionNorth East                                              
2021-05-17T18:37:25.560625200Z ns(tstop, df =                    -0.970   0.246    -3.935   0.000
2021-05-17T18:37:25.560632300Z 4)1:regionNorth West                                              
2021-05-17T18:37:25.560639200Z ns(tstop, df =                    -0.623   0.219    -2.841   0.004
2021-05-17T18:37:25.560646700Z 4)2:regionNorth West                                              
2021-05-17T18:37:25.560653900Z ns(tstop, df =                    -0.985   0.541    -1.819   0.069
2021-05-17T18:37:25.560660900Z 4)3:regionNorth West                                              
2021-05-17T18:37:25.560667700Z ns(tstop, df =                     0.041   0.194     0.213   0.831
2021-05-17T18:37:25.560674600Z 4)4:regionNorth West                                              
2021-05-17T18:37:25.560681500Z ns(tstop, df =                    -0.543   0.287    -1.889   0.059
2021-05-17T18:37:25.560695100Z 4)1:regionSouth East                                              
2021-05-17T18:37:25.560702700Z ns(tstop, df =                     0.026   0.254     0.103   0.918
2021-05-17T18:37:25.560709900Z 4)2:regionSouth East                                              
2021-05-17T18:37:25.560716700Z ns(tstop, df =                    -0.600   0.639    -0.938   0.348
2021-05-17T18:37:25.560723700Z 4)3:regionSouth East                                              
2021-05-17T18:37:25.560730500Z ns(tstop, df =                    -0.304   0.234    -1.299   0.194
2021-05-17T18:37:25.560737600Z 4)4:regionSouth East                                              
2021-05-17T18:37:25.560744500Z ns(tstop, df =                    -0.968   0.218    -4.438   0.000
2021-05-17T18:37:25.560751600Z 4)1:regionSouth West                                              
2021-05-17T18:37:25.560758400Z ns(tstop, df =                    -0.458   0.197    -2.321   0.020
2021-05-17T18:37:25.560765500Z 4)2:regionSouth West                                              
2021-05-17T18:37:25.560772400Z ns(tstop, df =                    -1.211   0.480    -2.523   0.012
2021-05-17T18:37:25.560779300Z 4)3:regionSouth West                                              
2021-05-17T18:37:25.560786200Z ns(tstop, df =                    -0.209   0.183    -1.143   0.253
2021-05-17T18:37:25.560793200Z 4)4:regionSouth West                                              
2021-05-17T18:37:25.560800100Z ns(tstop, df =                    -0.348   0.354    -0.982   0.326
2021-05-17T18:37:25.560807200Z 4)1:regionWest Midlands                                           
2021-05-17T18:37:25.560814100Z ns(tstop, df =                     0.578   0.307     1.885   0.059
2021-05-17T18:37:25.560821200Z 4)2:regionWest Midlands                                           
2021-05-17T18:37:25.560828100Z ns(tstop, df =                     0.767   0.793     0.967   0.334
2021-05-17T18:37:25.560835100Z 4)3:regionWest Midlands                                           
2021-05-17T18:37:25.560842100Z ns(tstop, df =                    -0.356   0.274    -1.300   0.194
2021-05-17T18:37:25.560849100Z 4)4:regionWest Midlands                                           
2021-05-17T18:37:25.560856100Z ns(tstop, df =                    -1.055   0.227    -4.639   0.000
2021-05-17T18:37:25.560863100Z 4)1:regionYorkshire and The                                       
2021-05-17T18:37:25.560870600Z Humber                                                            
2021-05-17T18:37:25.560877800Z ns(tstop, df =                    -0.028   0.200    -0.142   0.887
2021-05-17T18:37:25.560884800Z 4)2:regionYorkshire and The                                       
2021-05-17T18:37:25.560891800Z Humber                                                            
2021-05-17T18:37:25.560898700Z ns(tstop, df =                    -0.346   0.502    -0.690   0.490
2021-05-17T18:37:25.560912100Z 4)3:regionYorkshire and The                                       
2021-05-17T18:37:25.560919700Z Humber                                                            
2021-05-17T18:37:25.560926700Z ns(tstop, df =                    -0.271   0.177    -1.532   0.126
2021-05-17T18:37:25.560933700Z 4)4:regionYorkshire and The                                       
2021-05-17T18:37:25.560940700Z Humber                                                            
2021-05-17T18:37:25.560947900Z ------------------------------------------------------------------
2021-05-17T18:37:25.560954900Z msmmod2_par data size = 11923764 
2021-05-17T18:37:46.942010900Z memory usage = 5.197 GB 
2021-05-17T18:39:23.141906200Z   
2021-05-17T18:39:23.141996000Z msmmod3 
2021-05-17T19:10:15.460545500Z MODEL INFO:
2021-05-17T19:10:15.460672700Z Observations: 11923764
2021-05-17T19:10:15.460806700Z Dependent Variable: 
2021-05-17T19:10:15.460824500Z Type: Generalized linear model
2021-05-17T19:10:15.460832800Z   Family: binomial 
2021-05-17T19:10:15.460840600Z   Link function: logit 
2021-05-17T19:10:15.460848000Z 
2021-05-17T19:10:15.465062500Z MODEL FIT:
2021-05-17T19:10:15.465090700Z <U+03C7><U+00B2>(110) = 38867.279, p = 0.000
2021-05-17T19:10:15.465101100Z Pseudo-R<U+00B2> (Cragg-Uhler) = 
2021-05-17T19:10:15.465108800Z Pseudo-R<U+00B2> (McFadden) = 0.235
2021-05-17T19:10:15.465116700Z AIC = 127090.714, BIC = 128677.353 
2021-05-17T19:10:15.465124100Z 
2021-05-17T19:10:15.465479800Z Standard errors: MLE
2021-05-17T19:10:16.145345200Z -----------------------------------------------------------------------------
2021-05-17T19:10:16.145408400Z                                                        Est.    S.E.    z val.
2021-05-17T19:10:16.145417400Z -------------------------------------------------- -------- ------- ---------
2021-05-17T19:10:16.145425100Z (Intercept)                                           3.456   9.201     0.376
2021-05-17T19:10:16.145432700Z timesincevax_pw1-3                                   -0.650   0.141    -4.627
2021-05-17T19:10:16.145440300Z timesincevax_pw4-7                                   -0.390   0.104    -3.743
2021-05-17T19:10:16.145447900Z timesincevax_pw8-14                                  -0.342   0.077    -4.463
2021-05-17T19:10:16.145455500Z timesincevax_pw15-21                                 -0.266   0.079    -3.355
2021-05-17T19:10:16.145463100Z timesincevax_pw22-28                                 -0.509   0.103    -4.965
2021-05-17T19:10:16.145470600Z timesincevax_pw29+                                   -0.298   0.138    -2.159
2021-05-17T19:10:16.145478300Z poly(age, degree = 2, raw =                          -0.504   0.247    -2.039
2021-05-17T19:10:16.145486700Z TRUE)1                                                                       
2021-05-17T19:10:16.145523500Z poly(age, degree = 2, raw =                           0.004   0.002     2.357
2021-05-17T19:10:16.145531300Z TRUE)2                                                                       
2021-05-17T19:10:16.145538200Z sexMale                                               0.275   0.024    11.440
2021-05-17T19:10:16.145545100Z imd2                                                  0.015   0.036     0.425
2021-05-17T19:10:16.145552300Z imd3                                                  0.020   0.036     0.552
2021-05-17T19:10:16.145559100Z imd4                                                  0.012   0.038     0.331
2021-05-17T19:10:16.145566100Z imd5 least deprived                                  -0.030   0.040    -0.748
2021-05-17T19:10:16.145576200Z ethnicity_combinedBlack                               0.205   0.113     1.812
2021-05-17T19:10:16.145583300Z ethnicity_combinedSouth                               0.246   0.061     4.033
2021-05-17T19:10:16.145590200Z Asian                                                                        
2021-05-17T19:10:16.145597300Z ethnicity_combinedMixed                               0.073   0.199     0.368
2021-05-17T19:10:16.145604700Z ethnicity_combinedOther                               0.470   0.128     3.665
2021-05-17T19:10:16.145612400Z bmiObese I (30-34.9)                                 -0.146   0.031    -4.643
2021-05-17T19:10:16.145619800Z bmiObese II (35-39.9)                                -0.074   0.057    -1.297
2021-05-17T19:10:16.145628600Z bmiObese III (40+)                                    0.071   0.065     1.098
2021-05-17T19:10:16.145635900Z heart_failure                                         0.392   0.038    10.356
2021-05-17T19:10:16.145642800Z other_heart_disease                                  -0.150   0.039    -3.811
2021-05-17T19:10:16.145649800Z dialysis                                              0.094   0.118     0.795
2021-05-17T19:10:16.145656700Z diabetes                                              0.068   0.045     1.500
2021-05-17T19:10:16.145663600Z chronic_liver_disease                                 0.512   0.076     6.752
2021-05-17T19:10:16.145670700Z current_copd                                          0.146   0.044     3.315
2021-05-17T19:10:16.145677600Z other_resp_conditions                                 0.146   0.042     3.465
2021-05-17T19:10:16.145684900Z lung_cancer                                           0.903   0.065    13.858
2021-05-17T19:10:16.145691700Z haematological_cancer                                 0.268   0.065     4.108
2021-05-17T19:10:16.145698800Z cancer_excl_lung_and_haem                             0.361   0.043     8.393
2021-05-17T19:10:16.145705700Z any_immunosuppression                                 0.058   0.050     1.168
2021-05-17T19:10:16.145712900Z dementia                                              0.501   0.053     9.464
2021-05-17T19:10:16.145720500Z other_neuro_conditions                                0.417   0.060     6.919
2021-05-17T19:10:16.145736900Z LD_incl_DS_and_CP                                     0.327   0.163     2.007
2021-05-17T19:10:16.145744500Z psychosis_schiz_bipolar                               0.226   0.084     2.696
2021-05-17T19:10:16.145751400Z multimorb1                                            0.360   0.052     6.882
2021-05-17T19:10:16.145758200Z multimorb2                                            0.453   0.081     5.570
2021-05-17T19:10:16.145765200Z multimorb3                                            0.502   0.114     4.387
2021-05-17T19:10:16.145772000Z multimorb4+                                           0.367   0.161     2.273
2021-05-17T19:10:16.145778900Z shielded                                              0.436   0.030    14.674
2021-05-17T19:10:16.145785900Z flu_vaccine                                          -0.233   0.031    -7.421
2021-05-17T19:10:16.145792700Z efi_catMild                                          -0.168   0.045    -3.748
2021-05-17T19:10:16.145799600Z efi_catModerate                                      -0.084   0.048    -1.750
2021-05-17T19:10:16.145806500Z efi_catSevere                                        -0.049   0.055    -0.885
2021-05-17T19:10:16.145813300Z ns(tstop, df = 4)1                                    1.175   0.140     8.367
2021-05-17T19:10:16.145820800Z ns(tstop, df = 4)2                                    0.973   0.126     7.720
2021-05-17T19:10:16.145827900Z ns(tstop, df = 4)3                                    2.151   0.318     6.771
2021-05-17T19:10:16.145835100Z ns(tstop, df = 4)4                                    1.729   0.118    14.613
2021-05-17T19:10:16.145842100Z regionEast Midlands                                   0.409   0.199     2.056
2021-05-17T19:10:16.145849200Z regionLondon                                          0.719   0.458     1.571
2021-05-17T19:10:16.145856400Z regionNorth East                                      0.697   0.320     2.180
2021-05-17T19:10:16.145863500Z regionNorth West                                      1.315   0.223     5.892
2021-05-17T19:10:16.145870600Z regionSouth East                                      1.712   0.264     6.481
2021-05-17T19:10:16.145877700Z regionSouth West                                      3.546   0.200    17.710
2021-05-17T19:10:16.145884700Z regionWest Midlands                                   3.487   0.355     9.825
2021-05-17T19:10:16.145892000Z regionYorkshire and The                              -0.492   0.210    -2.337
2021-05-17T19:10:16.145899100Z Humber                                                                       
2021-05-17T19:10:16.145906300Z timesince_postesttdc_pw1-3                            3.678   0.061    60.164
2021-05-17T19:10:16.145913600Z timesince_postesttdc_pw3-7                            4.082   0.047    87.125
2021-05-17T19:10:16.145920900Z timesince_postesttdc_pw8-14                           4.055   0.040   100.510
2021-05-17T19:10:16.145928000Z timesince_postesttdc_pw15-21                          3.587   0.053    68.017
2021-05-17T19:10:16.145943000Z timesince_postesttdc_pw22-28                          2.947   0.075    39.276
2021-05-17T19:10:16.145950600Z timesince_postesttdc_pw29+                            2.206   0.077    28.611
2021-05-17T19:10:16.145957600Z timesince_suspectedcovid_pw1-3                        0.254   0.275     0.923
2021-05-17T19:10:16.145964400Z timesince_suspectedcovid_pw3-7                        0.181   0.230     0.787
2021-05-17T19:10:16.145971200Z timesince_suspectedcovid_pw8-14                       0.272   0.166     1.634
2021-05-17T19:10:16.145978100Z timesince_suspectedcovid_pw15-21                     -0.045   0.252    -0.180
2021-05-17T19:10:16.145985100Z timesince_suspectedcovid_pw22-28                      0.465   0.253     1.837
2021-05-17T19:10:16.145992200Z timesince_suspectedcovid_pw29+                        0.424   0.193     2.197
2021-05-17T19:10:16.145999300Z timesince_hospinfectiousdischarge_pwIn                2.051   0.030    67.481
2021-05-17T19:10:16.146006100Z hospital                                                                     
2021-05-17T19:10:16.146013700Z timesince_hospinfectiousdischarge_pw1-7               1.536   0.064    24.119
2021-05-17T19:10:16.146020800Z timesince_hospinfectiousdischarge_pw8-14              1.483   0.077    19.305
2021-05-17T19:10:16.146027700Z timesince_hospinfectiousdischarge_pw15-21             1.541   0.090    17.090
2021-05-17T19:10:16.146034500Z timesince_hospinfectiousdischarge_pw22-28             1.178   0.128     9.171
2021-05-17T19:10:16.146041300Z timesince_hospnoninfectiousdischarge_pwIn             0.234   0.047     4.987
2021-05-17T19:10:16.146048000Z hospital                                                                     
2021-05-17T19:10:16.146054900Z timesince_hospnoninfectiousdischarge_pw1-7            1.512   0.131    11.575
2021-05-17T19:10:16.146061800Z timesince_hospnoninfectiousdischarge_pw8-14           0.991   0.134     7.380
2021-05-17T19:10:16.146068800Z timesince_hospnoninfectiousdischarge_pw15-21          1.111   0.134     8.270
2021-05-17T19:10:16.146075700Z timesince_hospnoninfectiousdischarge_pw22-28          0.855   0.165     5.179
2021-05-17T19:10:16.146082700Z ns(tstop, df =                                       -0.541   0.209    -2.590
2021-05-17T19:10:16.146089500Z 4)1:regionEast Midlands                                                      
2021-05-17T19:10:16.146096500Z ns(tstop, df =                                       -0.043   0.184    -0.232
2021-05-17T19:10:16.146103300Z 4)2:regionEast Midlands                                                      
2021-05-17T19:10:16.146110300Z ns(tstop, df =                                       -0.110   0.467    -0.235
2021-05-17T19:10:16.146117100Z 4)3:regionEast Midlands                                                      
2021-05-17T19:10:16.146124000Z ns(tstop, df =                                        0.053   0.164     0.320
2021-05-17T19:10:16.146130900Z 4)4:regionEast Midlands                                                      
2021-05-17T19:10:16.146144700Z ns(tstop, df =                                        0.686   0.445     1.543
2021-05-17T19:10:16.146152100Z 4)1:regionLondon                                                             
2021-05-17T19:10:16.146159100Z ns(tstop, df =                                        0.378   0.400     0.945
2021-05-17T19:10:16.146166000Z 4)2:regionLondon                                                             
2021-05-17T19:10:16.146173000Z ns(tstop, df =                                        1.049   1.021     1.028
2021-05-17T19:10:16.146180000Z 4)3:regionLondon                                                             
2021-05-17T19:10:16.146187200Z ns(tstop, df =                                       -0.490   0.363    -1.350
2021-05-17T19:10:16.146194100Z 4)4:regionLondon                                                             
2021-05-17T19:10:16.146201100Z ns(tstop, df =                                       -0.452   0.342    -1.325
2021-05-17T19:10:16.146208500Z 4)1:regionNorth East                                                         
2021-05-17T19:10:16.146215600Z ns(tstop, df =                                        0.207   0.301     0.686
2021-05-17T19:10:16.146222600Z 4)2:regionNorth East                                                         
2021-05-17T19:10:16.146229700Z ns(tstop, df =                                       -0.184   0.757    -0.243
2021-05-17T19:10:16.146236700Z 4)3:regionNorth East                                                         
2021-05-17T19:10:16.146243700Z ns(tstop, df =                                       -0.313   0.279    -1.123
2021-05-17T19:10:16.146250800Z 4)4:regionNorth East                                                         
2021-05-17T19:10:16.146257900Z ns(tstop, df =                                       -0.885   0.245    -3.610
2021-05-17T19:10:16.146265000Z 4)1:regionNorth West                                                         
2021-05-17T19:10:16.146272100Z ns(tstop, df =                                       -0.522   0.221    -2.365
2021-05-17T19:10:16.146279100Z 4)2:regionNorth West                                                         
2021-05-17T19:10:16.146286200Z ns(tstop, df =                                       -1.014   0.536    -1.891
2021-05-17T19:10:16.146293200Z 4)3:regionNorth West                                                         
2021-05-17T19:10:16.146300300Z ns(tstop, df =                                       -0.032   0.199    -0.160
2021-05-17T19:10:16.146307300Z 4)4:regionNorth West                                                         
2021-05-17T19:10:16.146314300Z ns(tstop, df =                                       -0.653   0.286    -2.283
2021-05-17T19:10:16.146321400Z 4)1:regionSouth East                                                         
2021-05-17T19:10:16.146328700Z ns(tstop, df =                                       -0.482   0.256    -1.885
2021-05-17T19:10:16.146335900Z 4)2:regionSouth East                                                         
2021-05-17T19:10:16.146350200Z ns(tstop, df =                                       -1.277   0.627    -2.036
2021-05-17T19:10:16.146357800Z 4)3:regionSouth East                                                         
2021-05-17T19:10:16.146364700Z ns(tstop, df =                                       -0.368   0.242    -1.523
2021-05-17T19:10:16.146371700Z 4)4:regionSouth East                                                         
2021-05-17T19:10:16.146378500Z ns(tstop, df =                                       -1.320   0.220    -5.989
2021-05-17T19:10:16.146385300Z 4)1:regionSouth West                                                         
2021-05-17T19:10:16.146392300Z ns(tstop, df =                                       -0.691   0.204    -3.388
2021-05-17T19:10:16.146399600Z 4)2:regionSouth West                                                         
2021-05-17T19:10:16.146406400Z ns(tstop, df =                                       -1.296   0.482    -2.691
2021-05-17T19:10:16.146413400Z 4)3:regionSouth West                                                         
2021-05-17T19:10:16.146420200Z ns(tstop, df =                                       -0.486   0.194    -2.506
2021-05-17T19:10:16.146427100Z 4)4:regionSouth West                                                         
2021-05-17T19:10:16.146434000Z ns(tstop, df =                                       -1.216   0.367    -3.318
2021-05-17T19:10:16.146440900Z 4)1:regionWest Midlands                                                      
2021-05-17T19:10:16.146447700Z ns(tstop, df =                                       -0.896   0.323    -2.773
2021-05-17T19:10:16.146454600Z 4)2:regionWest Midlands                                                      
2021-05-17T19:10:16.146461500Z ns(tstop, df =                                       -0.601   0.829    -0.726
2021-05-17T19:10:16.146468400Z 4)3:regionWest Midlands                                                      
2021-05-17T19:10:16.146475300Z ns(tstop, df =                                       -1.039   0.293    -3.547
2021-05-17T19:10:16.146482100Z 4)4:regionWest Midlands                                                      
2021-05-17T19:10:16.146489000Z ns(tstop, df =                                       -0.754   0.226    -3.331
2021-05-17T19:10:16.146495800Z 4)1:regionYorkshire and The                                                  
2021-05-17T19:10:16.146502700Z Humber                                                                       
2021-05-17T19:10:16.146509500Z ns(tstop, df =                                        0.145   0.201     0.720
2021-05-17T19:10:16.146516400Z 4)2:regionYorkshire and The                                                  
2021-05-17T19:10:16.146523200Z Humber                                                                       
2021-05-17T19:10:16.146530000Z ns(tstop, df =                                       -0.096   0.499    -0.193
2021-05-17T19:10:16.146536900Z 4)3:regionYorkshire and The                                                  
2021-05-17T19:10:16.146550100Z Humber                                                                       
2021-05-17T19:10:16.146557500Z ns(tstop, df =                                       -0.098   0.180    -0.547
2021-05-17T19:10:16.146564200Z 4)4:regionYorkshire and The                                                  
2021-05-17T19:10:16.146571000Z Humber                                                                       
2021-05-17T19:10:16.146577800Z -----------------------------------------------------------------------------
2021-05-17T19:10:16.146584600Z  
2021-05-17T19:10:16.146591800Z ----------------------------------------------------------
2021-05-17T19:10:16.146598600Z                                                          p
2021-05-17T19:10:16.146605400Z -------------------------------------------------- -------
2021-05-17T19:10:16.146612300Z (Intercept)                                          0.707
2021-05-17T19:10:16.146619000Z timesincevax_pw1-3                                   0.000
2021-05-17T19:10:16.146625800Z timesincevax_pw4-7                                   0.000
2021-05-17T19:10:16.146632700Z timesincevax_pw8-14                                  0.000
2021-05-17T19:10:16.146639600Z timesincevax_pw15-21                                 0.001
2021-05-17T19:10:16.146646400Z timesincevax_pw22-28                                 0.000
2021-05-17T19:10:16.146653100Z timesincevax_pw29+                                   0.031
2021-05-17T19:10:16.146659900Z poly(age, degree = 2, raw =                          0.041
2021-05-17T19:10:16.146666800Z TRUE)1                                                    
2021-05-17T19:10:16.146673800Z poly(age, degree = 2, raw =                          0.018
2021-05-17T19:10:16.146680700Z TRUE)2                                                    
2021-05-17T19:10:16.146687600Z sexMale                                              0.000
2021-05-17T19:10:16.146694600Z imd2                                                 0.671
2021-05-17T19:10:16.146701300Z imd3                                                 0.581
2021-05-17T19:10:16.146708000Z imd4                                                 0.741
2021-05-17T19:10:16.146715000Z imd5 least deprived                                  0.455
2021-05-17T19:10:16.146721800Z ethnicity_combinedBlack                              0.070
2021-05-17T19:10:16.146728600Z ethnicity_combinedSouth                              0.000
2021-05-17T19:10:16.146735400Z Asian                                                     
2021-05-17T19:10:16.146742200Z ethnicity_combinedMixed                              0.713
2021-05-17T19:10:16.146749000Z ethnicity_combinedOther                              0.000
2021-05-17T19:10:16.146755900Z bmiObese I (30-34.9)                                 0.000
2021-05-17T19:10:16.146762700Z bmiObese II (35-39.9)                                0.195
2021-05-17T19:10:16.146776400Z bmiObese III (40+)                                   0.272
2021-05-17T19:10:16.146783800Z heart_failure                                        0.000
2021-05-17T19:10:16.146790600Z other_heart_disease                                  0.000
2021-05-17T19:10:16.146797300Z dialysis                                             0.427
2021-05-17T19:10:16.146804000Z diabetes                                             0.134
2021-05-17T19:10:16.146810800Z chronic_liver_disease                                0.000
2021-05-17T19:10:16.146817600Z current_copd                                         0.001
2021-05-17T19:10:16.146824400Z other_resp_conditions                                0.001
2021-05-17T19:10:16.146831200Z lung_cancer                                          0.000
2021-05-17T19:10:16.146838800Z haematological_cancer                                0.000
2021-05-17T19:10:16.146845700Z cancer_excl_lung_and_haem                            0.000
2021-05-17T19:10:16.146852400Z any_immunosuppression                                0.243
2021-05-17T19:10:16.146859200Z dementia                                             0.000
2021-05-17T19:10:16.146866000Z other_neuro_conditions                               0.000
2021-05-17T19:10:16.146872700Z LD_incl_DS_and_CP                                    0.045
2021-05-17T19:10:16.146879700Z psychosis_schiz_bipolar                              0.007
2021-05-17T19:10:16.146886700Z multimorb1                                           0.000
2021-05-17T19:10:16.146893500Z multimorb2                                           0.000
2021-05-17T19:10:16.146900400Z multimorb3                                           0.000
2021-05-17T19:10:16.146907200Z multimorb4+                                          0.023
2021-05-17T19:10:16.146916300Z shielded                                             0.000
2021-05-17T19:10:16.146923400Z flu_vaccine                                          0.000
2021-05-17T19:10:16.146930100Z efi_catMild                                          0.000
2021-05-17T19:10:16.146937000Z efi_catModerate                                      0.080
2021-05-17T19:10:16.146943900Z efi_catSevere                                        0.376
2021-05-17T19:10:16.146950800Z ns(tstop, df = 4)1                                   0.000
2021-05-17T19:10:16.146957600Z ns(tstop, df = 4)2                                   0.000
2021-05-17T19:10:16.146964500Z ns(tstop, df = 4)3                                   0.000
2021-05-17T19:10:16.146971400Z ns(tstop, df = 4)4                                   0.000
2021-05-17T19:10:16.146978300Z regionEast Midlands                                  0.040
2021-05-17T19:10:16.146985200Z regionLondon                                         0.116
2021-05-17T19:10:16.146992000Z regionNorth East                                     0.029
2021-05-17T19:10:16.147005700Z regionNorth West                                     0.000
2021-05-17T19:10:16.147013200Z regionSouth East                                     0.000
2021-05-17T19:10:16.147020000Z regionSouth West                                     0.000
2021-05-17T19:10:16.147026700Z regionWest Midlands                                  0.000
2021-05-17T19:10:16.147033800Z regionYorkshire and The                              0.019
2021-05-17T19:10:16.147040500Z Humber                                                    
2021-05-17T19:10:16.147047500Z timesince_postesttdc_pw1-3                           0.000
2021-05-17T19:10:16.147054300Z timesince_postesttdc_pw3-7                           0.000
2021-05-17T19:10:16.147061100Z timesince_postesttdc_pw8-14                          0.000
2021-05-17T19:10:16.147067900Z timesince_postesttdc_pw15-21                         0.000
2021-05-17T19:10:16.147074600Z timesince_postesttdc_pw22-28                         0.000
2021-05-17T19:10:16.147081400Z timesince_postesttdc_pw29+                           0.000
2021-05-17T19:10:16.147088600Z timesince_suspectedcovid_pw1-3                       0.356
2021-05-17T19:10:16.147095500Z timesince_suspectedcovid_pw3-7                       0.431
2021-05-17T19:10:16.147102300Z timesince_suspectedcovid_pw8-14                      0.102
2021-05-17T19:10:16.147109200Z timesince_suspectedcovid_pw15-21                     0.857
2021-05-17T19:10:16.147115900Z timesince_suspectedcovid_pw22-28                     0.066
2021-05-17T19:10:16.147122800Z timesince_suspectedcovid_pw29+                       0.028
2021-05-17T19:10:16.147129600Z timesince_hospinfectiousdischarge_pwIn               0.000
2021-05-17T19:10:16.147136300Z hospital                                                  
2021-05-17T19:10:16.147143100Z timesince_hospinfectiousdischarge_pw1-7              0.000
2021-05-17T19:10:16.147149800Z timesince_hospinfectiousdischarge_pw8-14             0.000
2021-05-17T19:10:16.147156400Z timesince_hospinfectiousdischarge_pw15-21            0.000
2021-05-17T19:10:16.147163200Z timesince_hospinfectiousdischarge_pw22-28            0.000
2021-05-17T19:10:16.147169900Z timesince_hospnoninfectiousdischarge_pwIn            0.000
2021-05-17T19:10:16.147176700Z hospital                                                  
2021-05-17T19:10:16.147183400Z timesince_hospnoninfectiousdischarge_pw1-7           0.000
2021-05-17T19:10:16.147190000Z timesince_hospnoninfectiousdischarge_pw8-14          0.000
2021-05-17T19:10:16.147196700Z timesince_hospnoninfectiousdischarge_pw15-21         0.000
2021-05-17T19:10:16.147203400Z timesince_hospnoninfectiousdischarge_pw22-28         0.000
2021-05-17T19:10:16.147210100Z ns(tstop, df =                                       0.010
2021-05-17T19:10:16.147216800Z 4)1:regionEast Midlands                                   
2021-05-17T19:10:16.147229700Z ns(tstop, df =                                       0.817
2021-05-17T19:10:16.147237200Z 4)2:regionEast Midlands                                   
2021-05-17T19:10:16.147244000Z ns(tstop, df =                                       0.815
2021-05-17T19:10:16.147250700Z 4)3:regionEast Midlands                                   
2021-05-17T19:10:16.147257600Z ns(tstop, df =                                       0.749
2021-05-17T19:10:16.147264300Z 4)4:regionEast Midlands                                   
2021-05-17T19:10:16.147271200Z ns(tstop, df =                                       0.123
2021-05-17T19:10:16.147278000Z 4)1:regionLondon                                          
2021-05-17T19:10:16.147284900Z ns(tstop, df =                                       0.344
2021-05-17T19:10:16.147291700Z 4)2:regionLondon                                          
2021-05-17T19:10:16.147298500Z ns(tstop, df =                                       0.304
2021-05-17T19:10:16.147305200Z 4)3:regionLondon                                          
2021-05-17T19:10:16.147312000Z ns(tstop, df =                                       0.177
2021-05-17T19:10:16.147318900Z 4)4:regionLondon                                          
2021-05-17T19:10:16.147326100Z ns(tstop, df =                                       0.185
2021-05-17T19:10:16.147333100Z 4)1:regionNorth East                                      
2021-05-17T19:10:16.147340000Z ns(tstop, df =                                       0.493
2021-05-17T19:10:16.147346900Z 4)2:regionNorth East                                      
2021-05-17T19:10:16.147354000Z ns(tstop, df =                                       0.808
2021-05-17T19:10:16.147360800Z 4)3:regionNorth East                                      
2021-05-17T19:10:16.147367500Z ns(tstop, df =                                       0.261
2021-05-17T19:10:16.147374300Z 4)4:regionNorth East                                      
2021-05-17T19:10:16.147381100Z ns(tstop, df =                                       0.000
2021-05-17T19:10:16.147388200Z 4)1:regionNorth West                                      
2021-05-17T19:10:16.147395200Z ns(tstop, df =                                       0.018
2021-05-17T19:10:16.147402200Z 4)2:regionNorth West                                      
2021-05-17T19:10:16.147409300Z ns(tstop, df =                                       0.059
2021-05-17T19:10:16.147416300Z 4)3:regionNorth West                                      
2021-05-17T19:10:16.147423200Z ns(tstop, df =                                       0.873
2021-05-17T19:10:16.147430200Z 4)4:regionNorth West                                      
2021-05-17T19:10:16.147437100Z ns(tstop, df =                                       0.022
2021-05-17T19:10:16.147443900Z 4)1:regionSouth East                                      
2021-05-17T19:10:16.147450800Z ns(tstop, df =                                       0.059
2021-05-17T19:10:16.147464300Z 4)2:regionSouth East                                      
2021-05-17T19:10:16.147471700Z ns(tstop, df =                                       0.042
2021-05-17T19:10:16.147478600Z 4)3:regionSouth East                                      
2021-05-17T19:10:16.147485500Z ns(tstop, df =                                       0.128
2021-05-17T19:10:16.147492500Z 4)4:regionSouth East                                      
2021-05-17T19:10:16.147499400Z ns(tstop, df =                                       0.000
2021-05-17T19:10:16.147506300Z 4)1:regionSouth West                                      
2021-05-17T19:10:16.147513300Z ns(tstop, df =                                       0.001
2021-05-17T19:10:16.147520200Z 4)2:regionSouth West                                      
2021-05-17T19:10:16.147527000Z ns(tstop, df =                                       0.007
2021-05-17T19:10:16.147533800Z 4)3:regionSouth West                                      
2021-05-17T19:10:16.147540600Z ns(tstop, df =                                       0.012
2021-05-17T19:10:16.147547300Z 4)4:regionSouth West                                      
2021-05-17T19:10:16.147554100Z ns(tstop, df =                                       0.001
2021-05-17T19:10:16.147560800Z 4)1:regionWest Midlands                                   
2021-05-17T19:10:16.147567600Z ns(tstop, df =                                       0.006
2021-05-17T19:10:16.147575000Z 4)2:regionWest Midlands                                   
2021-05-17T19:10:16.147584600Z ns(tstop, df =                                       0.468
2021-05-17T19:10:16.147591800Z 4)3:regionWest Midlands                                   
2021-05-17T19:10:16.147598500Z ns(tstop, df =                                       0.000
2021-05-17T19:10:16.147605300Z 4)4:regionWest Midlands                                   
2021-05-17T19:10:16.147612000Z ns(tstop, df =                                       0.001
2021-05-17T19:10:16.147618800Z 4)1:regionYorkshire and The                               
2021-05-17T19:10:16.147625700Z Humber                                                    
2021-05-17T19:10:16.147632500Z ns(tstop, df =                                       0.472
2021-05-17T19:10:16.147639400Z 4)2:regionYorkshire and The                               
2021-05-17T19:10:16.147646200Z Humber                                                    
2021-05-17T19:10:16.147653100Z ns(tstop, df =                                       0.847
2021-05-17T19:10:16.147660000Z 4)3:regionYorkshire and The                               
2021-05-17T19:10:16.147667000Z Humber                                                    
2021-05-17T19:10:16.147674000Z ns(tstop, df =                                       0.584
2021-05-17T19:10:16.147681300Z 4)4:regionYorkshire and The                               
2021-05-17T19:10:16.147695400Z Humber                                                    
2021-05-17T19:10:16.147702900Z ----------------------------------------------------------
2021-05-17T19:10:16.147709800Z msmmod3_par data size = 11923764 
2021-05-17T19:10:42.103589400Z memory usage = 5.197 GB 
2021-05-17T19:12:18.804521000Z   
2021-05-17T19:12:18.804601800Z msmmod4 
2021-05-17T19:33:57.528670700Z MODEL INFO:
2021-05-17T19:33:57.528765000Z Observations: 11923764
2021-05-17T19:33:57.528774500Z Dependent Variable: 
2021-05-17T19:33:57.528782200Z Type: Generalized linear model
2021-05-17T19:33:57.528789900Z   Family: binomial 
2021-05-17T19:33:57.528797600Z   Link function: logit 
2021-05-17T19:33:57.528805400Z 
2021-05-17T19:33:57.530575600Z MODEL FIT:
2021-05-17T19:33:57.530601300Z <U+03C7><U+00B2>(88) = 18035.781, p = 0.000
2021-05-17T19:33:57.530611600Z Pseudo-R<U+00B2> (Cragg-Uhler) = 
2021-05-17T19:33:57.530619600Z Pseudo-R<U+00B2> (McFadden) = 0.117
2021-05-17T19:33:57.530627300Z AIC = 138460.072, BIC = 139732.242 
2021-05-17T19:33:57.530634900Z 
2021-05-17T19:33:57.530801200Z Standard errors: MLE
2021-05-17T19:33:57.805652600Z -------------------------------------------------------------------
2021-05-17T19:33:57.805714000Z                                      Est.    S.E.    z val.       p
2021-05-17T19:33:57.805723100Z ------------------------------- --------- ------- --------- -------
2021-05-17T19:33:57.805730900Z (Intercept)                       -15.535   9.507    -1.634   0.102
2021-05-17T19:33:57.805738700Z timesincevax_pw1-3                 -1.695   0.128   -13.272   0.000
2021-05-17T19:33:57.805746300Z timesincevax_pw4-7                 -1.515   0.100   -15.211   0.000
2021-05-17T19:33:57.805754000Z timesincevax_pw8-14                -1.355   0.073   -18.548   0.000
2021-05-17T19:33:57.805761600Z timesincevax_pw15-21               -1.196   0.077   -15.496   0.000
2021-05-17T19:33:57.805769200Z timesincevax_pw22-28               -1.446   0.103   -14.022   0.000
2021-05-17T19:33:57.805776900Z timesincevax_pw29+                 -1.041   0.133    -7.801   0.000
2021-05-17T19:33:57.805784400Z poly(age, degree = 2, raw =        -0.003   0.255    -0.010   0.992
2021-05-17T19:33:57.805792000Z TRUE)1                                                             
2021-05-17T19:33:57.805799600Z poly(age, degree = 2, raw =         0.001   0.002     0.392   0.695
2021-05-17T19:33:57.805807300Z TRUE)2                                                             
2021-05-17T19:33:57.805814900Z sexMale                             0.382   0.025    15.436   0.000
2021-05-17T19:33:57.805822500Z imd2                               -0.025   0.037    -0.660   0.510
2021-05-17T19:33:57.805863600Z imd3                               -0.015   0.037    -0.400   0.689
2021-05-17T19:33:57.805872100Z imd4                               -0.108   0.039    -2.790   0.005
2021-05-17T19:33:57.805879400Z imd5 least deprived                -0.211   0.041    -5.100   0.000
2021-05-17T19:33:57.805886700Z ethnicity_combinedBlack             0.165   0.115     1.432   0.152
2021-05-17T19:33:57.805893800Z ethnicity_combinedSouth             0.299   0.063     4.767   0.000
2021-05-17T19:33:57.805901000Z Asian                                                              
2021-05-17T19:33:57.805908500Z ethnicity_combinedMixed            -0.030   0.210    -0.142   0.887
2021-05-17T19:33:57.805916000Z ethnicity_combinedOther             0.077   0.134     0.570   0.568
2021-05-17T19:33:57.805923000Z bmiObese I (30-34.9)               -0.190   0.033    -5.820   0.000
2021-05-17T19:33:57.805930000Z bmiObese II (35-39.9)              -0.088   0.059    -1.497   0.134
2021-05-17T19:33:57.805937700Z bmiObese III (40+)                  0.207   0.066     3.139   0.002
2021-05-17T19:33:57.805944900Z heart_failure                       0.547   0.039    14.050   0.000
2021-05-17T19:33:57.805952000Z other_heart_disease                -0.088   0.040    -2.167   0.030
2021-05-17T19:33:57.805959300Z dialysis                            0.591   0.124     4.770   0.000
2021-05-17T19:33:57.805968300Z diabetes                            0.092   0.045     2.042   0.041
2021-05-17T19:33:57.805975600Z chronic_liver_disease               0.585   0.077     7.632   0.000
2021-05-17T19:33:57.805982800Z current_copd                        0.173   0.044     3.937   0.000
2021-05-17T19:33:57.805989900Z other_resp_conditions               0.286   0.041     6.908   0.000
2021-05-17T19:33:57.805997200Z lung_cancer                         1.060   0.066    16.178   0.000
2021-05-17T19:33:57.806004500Z haematological_cancer               0.444   0.065     6.797   0.000
2021-05-17T19:33:57.806011600Z cancer_excl_lung_and_haem           0.333   0.043     7.711   0.000
2021-05-17T19:33:57.806018700Z any_immunosuppression              -0.046   0.051    -0.898   0.369
2021-05-17T19:33:57.806025900Z dementia                            0.779   0.054    14.501   0.000
2021-05-17T19:33:57.806033100Z other_neuro_conditions              0.543   0.061     8.946   0.000
2021-05-17T19:33:57.806040200Z LD_incl_DS_and_CP                   0.423   0.170     2.480   0.013
2021-05-17T19:33:57.806047200Z psychosis_schiz_bipolar             0.303   0.086     3.525   0.000
2021-05-17T19:33:57.806054200Z multimorb1                          0.603   0.053    11.327   0.000
2021-05-17T19:33:57.806061200Z multimorb2                          0.772   0.082     9.392   0.000
2021-05-17T19:33:57.806068200Z multimorb3                          0.827   0.116     7.162   0.000
2021-05-17T19:33:57.806075200Z multimorb4+                         0.584   0.163     3.592   0.000
2021-05-17T19:33:57.806091000Z shielded                            0.705   0.030    23.290   0.000
2021-05-17T19:33:57.806098800Z flu_vaccine                        -0.303   0.032    -9.404   0.000
2021-05-17T19:33:57.806105800Z efi_catMild                         0.191   0.046     4.143   0.000
2021-05-17T19:33:57.806112800Z efi_catModerate                     0.473   0.050     9.509   0.000
2021-05-17T19:33:57.806119900Z efi_catSevere                       0.830   0.057    14.544   0.000
2021-05-17T19:33:57.806126900Z ns(tstop, df = 4)1                  1.636   0.141    11.607   0.000
2021-05-17T19:33:57.806133800Z ns(tstop, df = 4)2                  1.134   0.132     8.569   0.000
2021-05-17T19:33:57.806140700Z ns(tstop, df = 4)3                  2.497   0.321     7.782   0.000
2021-05-17T19:33:57.806147700Z ns(tstop, df = 4)4                  2.004   0.126    15.932   0.000
2021-05-17T19:33:57.806154600Z regionEast Midlands                 0.407   0.199     2.045   0.041
2021-05-17T19:33:57.806161600Z regionLondon                        0.646   0.460     1.404   0.160
2021-05-17T19:33:57.806168600Z regionNorth East                    0.670   0.319     2.099   0.036
2021-05-17T19:33:57.806175700Z regionNorth West                    1.233   0.224     5.496   0.000
2021-05-17T19:33:57.806182700Z regionSouth East                    1.548   0.268     5.775   0.000
2021-05-17T19:33:57.806190400Z regionSouth West                    3.642   0.198    18.371   0.000
2021-05-17T19:33:57.806197600Z regionWest Midlands                 3.788   0.339    11.163   0.000
2021-05-17T19:33:57.806205000Z regionYorkshire and The            -0.574   0.211    -2.724   0.006
2021-05-17T19:33:57.806212100Z Humber                                                             
2021-05-17T19:33:57.806219500Z ns(tstop, df =                     -0.618   0.210    -2.946   0.003
2021-05-17T19:33:57.806226600Z 4)1:regionEast Midlands                                            
2021-05-17T19:33:57.806233700Z ns(tstop, df =                      0.046   0.192     0.242   0.809
2021-05-17T19:33:57.806240800Z 4)2:regionEast Midlands                                            
2021-05-17T19:33:57.806247800Z ns(tstop, df =                     -0.203   0.471    -0.432   0.665
2021-05-17T19:33:57.806255000Z 4)3:regionEast Midlands                                            
2021-05-17T19:33:57.806262100Z ns(tstop, df =                     -0.091   0.175    -0.519   0.604
2021-05-17T19:33:57.806269300Z 4)4:regionEast Midlands                                            
2021-05-17T19:33:57.806276400Z ns(tstop, df =                      1.102   0.447     2.467   0.014
2021-05-17T19:33:57.806283500Z 4)1:regionLondon                                                   
2021-05-17T19:33:57.806290800Z ns(tstop, df =                      0.793   0.419     1.892   0.058
2021-05-17T19:33:57.806297900Z 4)2:regionLondon                                                   
2021-05-17T19:33:57.806305000Z ns(tstop, df =                      1.196   1.032     1.159   0.247
2021-05-17T19:33:57.806320000Z 4)3:regionLondon                                                   
2021-05-17T19:33:57.806327600Z ns(tstop, df =                     -0.951   0.400    -2.378   0.017
2021-05-17T19:33:57.806334600Z 4)4:regionLondon                                                   
2021-05-17T19:33:57.806341600Z ns(tstop, df =                     -0.700   0.342    -2.043   0.041
2021-05-17T19:33:57.806348700Z 4)1:regionNorth East                                               
2021-05-17T19:33:57.806355800Z ns(tstop, df =                      0.089   0.312     0.287   0.774
2021-05-17T19:33:57.806362800Z 4)2:regionNorth East                                               
2021-05-17T19:33:57.806369900Z ns(tstop, df =                     -0.194   0.761    -0.255   0.799
2021-05-17T19:33:57.806377200Z 4)3:regionNorth East                                               
2021-05-17T19:33:57.806384600Z ns(tstop, df =                     -0.248   0.290    -0.855   0.393
2021-05-17T19:33:57.806392000Z 4)4:regionNorth East                                               
2021-05-17T19:33:57.806399200Z ns(tstop, df =                     -0.973   0.247    -3.945   0.000
2021-05-17T19:33:57.806406200Z 4)1:regionNorth West                                               
2021-05-17T19:33:57.806414100Z ns(tstop, df =                     -0.466   0.231    -2.020   0.043
2021-05-17T19:33:57.806421300Z 4)2:regionNorth West                                               
2021-05-17T19:33:57.806428400Z ns(tstop, df =                     -1.000   0.542    -1.844   0.065
2021-05-17T19:33:57.806435600Z 4)3:regionNorth West                                               
2021-05-17T19:33:57.806442600Z ns(tstop, df =                     -0.111   0.208    -0.532   0.595
2021-05-17T19:33:57.806450000Z 4)4:regionNorth West                                               
2021-05-17T19:33:57.806457100Z ns(tstop, df =                     -0.551   0.288    -1.909   0.056
2021-05-17T19:33:57.806464200Z 4)1:regionSouth East                                               
2021-05-17T19:33:57.806471400Z ns(tstop, df =                      0.005   0.271     0.019   0.985
2021-05-17T19:33:57.806478400Z 4)2:regionSouth East                                               
2021-05-17T19:33:57.806485300Z ns(tstop, df =                     -0.614   0.641    -0.957   0.339
2021-05-17T19:33:57.806492300Z 4)3:regionSouth East                                               
2021-05-17T19:33:57.806499300Z ns(tstop, df =                     -0.336   0.252    -1.334   0.182
2021-05-17T19:33:57.806506400Z 4)4:regionSouth East                                               
2021-05-17T19:33:57.806513300Z ns(tstop, df =                     -0.975   0.216    -4.516   0.000
2021-05-17T19:33:57.806520300Z 4)1:regionSouth West                                               
2021-05-17T19:33:57.806527500Z ns(tstop, df =                      0.193   0.201     0.963   0.336
2021-05-17T19:33:57.806542000Z 4)2:regionSouth West                                               
2021-05-17T19:33:57.806549700Z ns(tstop, df =                     -1.183   0.478    -2.475   0.013
2021-05-17T19:33:57.806556700Z 4)3:regionSouth West                                               
2021-05-17T19:33:57.806563800Z ns(tstop, df =                     -0.438   0.200    -2.190   0.029
2021-05-17T19:33:57.806571000Z 4)4:regionSouth West                                               
2021-05-17T19:33:57.806578200Z ns(tstop, df =                     -0.355   0.354    -1.003   0.316
2021-05-17T19:33:57.806585300Z 4)1:regionWest Midlands                                            
2021-05-17T19:33:57.806592500Z ns(tstop, df =                      0.644   0.320     2.014   0.044
2021-05-17T19:33:57.806599600Z 4)2:regionWest Midlands                                            
2021-05-17T19:33:57.806606900Z ns(tstop, df =                      0.923   0.793     1.163   0.245
2021-05-17T19:33:57.806613900Z 4)3:regionWest Midlands                                            
2021-05-17T19:33:57.806621100Z ns(tstop, df =                     -0.181   0.288    -0.627   0.530
2021-05-17T19:33:57.806628000Z 4)4:regionWest Midlands                                            
2021-05-17T19:33:57.806635700Z ns(tstop, df =                     -1.070   0.228    -4.700   0.000
2021-05-17T19:33:57.806642800Z 4)1:regionYorkshire and The                                        
2021-05-17T19:33:57.806650000Z Humber                                                             
2021-05-17T19:33:57.806657100Z ns(tstop, df =                      0.107   0.210     0.510   0.610
2021-05-17T19:33:57.806664200Z 4)2:regionYorkshire and The                                        
2021-05-17T19:33:57.806674100Z Humber                                                             
2021-05-17T19:33:57.806681200Z ns(tstop, df =                     -0.228   0.503    -0.453   0.651
2021-05-17T19:33:57.806688100Z 4)3:regionYorkshire and The                                        
2021-05-17T19:33:57.806695100Z Humber                                                             
2021-05-17T19:33:57.806702000Z ns(tstop, df =                     -0.244   0.188    -1.302   0.193
2021-05-17T19:33:57.806709000Z 4)4:regionYorkshire and The                                        
2021-05-17T19:33:57.806716100Z Humber                                                             
2021-05-17T19:33:57.806723100Z -------------------------------------------------------------------
2021-05-17T19:33:57.806730100Z msmmod4_par data size = 11923764 
2021-05-17T19:34:19.164949200Z memory usage = 5.197 GB 
2021-05-17T19:36:04.633863700Z NULL
2021-05-17T19:36:04.633933000Z   
2021-05-17T19:36:15.226467700Z              used    (Mb) gc trigger    (Mb)   max used    (Mb)
2021-05-17T19:36:15.226588500Z Ncells    2339326   125.0   20042282  1070.4    2339326   125.0
2021-05-17T19:36:15.226598100Z Vcells 2280885435 17401.8 5889404227 44932.6 2280885435 17401.8


state: succeeded
commit: 6fff8b080ef5b019bcac6bd03903fef0f2ebabd2
docker_image_id: sha256:fd70d515514910d8399e807135f3decedae0a426b222b3488810a7aa5283eafb
exit_code: 0
job_id: y6q57z7otsxuiapp
run_by_user: wjchulme
created_at: 2021-05-17T16:46:50Z
started_at: 2021-05-17T16:47:22Z
completed_at: 2021-05-17T19:36:30Z

Completed successfully

outputs:
  output/in70s/death/az/all/all/data_weights.rds              - highly_sensitive    
  output/in70s/death/az/all/all/model1.rds                    - highly_sensitive    
  output/in70s/death/az/all/all/model2.rds                    - highly_sensitive    
  output/in70s/death/az/all/all/model3.rds                    - highly_sensitive    
  output/in70s/death/az/all/all/model4.rds                    - highly_sensitive    
  output/in70s/death/az/all/all/model_formula_vaxaz1.rds      - highly_sensitive    
  output/in70s/death/az/all/all/model_formula_vaxpfizer1.rds  - highly_sensitive    
  output/in70s/death/az/all/all/model_vaxaz1.rds              - highly_sensitive    
  output/in70s/death/az/all/all/model_vaxpfizer1.rds          - highly_sensitive    
  output/in70s/death/az/all/all/weights_histogram.svg         - moderately_sensitive
  output/in70s/death/az/all/all/weights_table.txt             - moderately_sensitive