2021-03-04T20:35:30.814173400Z -- Attaching packages --------------------------------------- tidyverse 1.3.0 --
2021-03-04T20:35:30.822707900Z v ggplot2 3.3.2     v purrr   0.3.4
2021-03-04T20:35:30.822727200Z v tibble  3.0.3     v dplyr   1.0.2
2021-03-04T20:35:30.822735200Z v tidyr   1.1.2     v stringr 1.4.0
2021-03-04T20:35:30.822742200Z v readr   1.3.1     v forcats 0.5.0
2021-03-04T20:35:30.981623700Z -- Conflicts ------------------------------------------ tidyverse_conflicts() --
2021-03-04T20:35:30.981669000Z x dplyr::filter() masks stats::filter()
2021-03-04T20:35:30.981677600Z x dplyr::lag()    masks stats::lag()
2021-03-04T20:35:32.689427100Z 
2021-03-04T20:35:32.689476500Z Attaching package: 'lubridate'
2021-03-04T20:35:32.689484800Z 
2021-03-04T20:35:32.690728700Z The following objects are masked from 'package:base':
2021-03-04T20:35:32.690760900Z 
2021-03-04T20:35:32.690769700Z     date, intersect, setdiff, union
2021-03-04T20:35:32.690777300Z 
2021-03-04T20:35:32.994958500Z <environment: R_GlobalEnv>
2021-03-04T20:35:32.995388000Z <environment: R_GlobalEnv>
2021-03-04T20:36:19.867805400Z ipwvax1 
2021-03-04T20:38:57.448038000Z MODEL INFO:
2021-03-04T20:38:57.448133000Z Observations: 7435094
2021-03-04T20:38:57.448142000Z Dependent Variable: 
2021-03-04T20:38:57.448149500Z Type: Generalized linear model
2021-03-04T20:38:57.448156800Z   Family: binomial 
2021-03-04T20:38:57.448164200Z   Link function: logit 
2021-03-04T20:38:57.448171700Z 
2021-03-04T20:38:57.449893200Z MODEL FIT:
2021-03-04T20:38:57.449918100Z <U+03C7><U+00B2>(27) = 107720.61, p = 0.00
2021-03-04T20:38:57.449928500Z Pseudo-R<U+00B2> (Cragg-Uhler) = 
2021-03-04T20:38:57.449936400Z Pseudo-R<U+00B2> (McFadden) = 0.06
2021-03-04T20:38:57.449944200Z AIC = 1591739.88, BIC = 1592126.89 
2021-03-04T20:38:57.449951800Z 
2021-03-04T20:38:57.450276200Z Standard errors: MLE
2021-03-04T20:38:57.557201900Z ---------------------------------------------------------------
2021-03-04T20:38:57.557272500Z                                    Est.   S.E.    z val.      p
2021-03-04T20:38:57.557281600Z ------------------------------- ------- ------ --------- ------
2021-03-04T20:38:57.557289200Z (Intercept)                       -5.31   0.02   -291.59   0.00
2021-03-04T20:38:57.557296800Z ns(tstop, knots = knots)1          4.07   0.04    107.71   0.00
2021-03-04T20:38:57.557304200Z ns(tstop, knots = knots)2          1.88   0.02     90.58   0.00
2021-03-04T20:38:57.557311700Z regionEast Midlands               -1.86   0.04    -47.70   0.00
2021-03-04T20:38:57.557319200Z regionLondon                      -1.46   0.07    -20.59   0.00
2021-03-04T20:38:57.557364100Z regionNorth East                  -0.54   0.05    -10.52   0.00
2021-03-04T20:38:57.557372300Z regionNorth West                  -0.38   0.04    -10.21   0.00
2021-03-04T20:38:57.557379400Z regionSouth East                  -0.55   0.04    -13.40   0.00
2021-03-04T20:38:57.557386500Z regionSouth West                  -0.47   0.03    -15.59   0.00
2021-03-04T20:38:57.557393400Z regionWest Midlands                0.21   0.05      4.42   0.00
2021-03-04T20:38:57.557400400Z regionYorkshire and The            0.16   0.03      5.27   0.00
2021-03-04T20:38:57.557407300Z Humber                                                         
2021-03-04T20:38:57.557414200Z hospital_status                    0.06   0.02      2.84   0.00
2021-03-04T20:38:57.557421100Z ns(tstop, knots =                  3.71   0.08     48.01   0.00
2021-03-04T20:38:57.557427900Z knots)1:regionEast Midlands                                    
2021-03-04T20:38:57.557434800Z ns(tstop, knots =                  0.33   0.03      9.69   0.00
2021-03-04T20:38:57.557441600Z knots)2:regionEast Midlands                                    
2021-03-04T20:38:57.557448500Z ns(tstop, knots =                  2.16   0.14     15.20   0.00
2021-03-04T20:38:57.557455400Z knots)1:regionLondon                                           
2021-03-04T20:38:57.557462300Z ns(tstop, knots =                 -1.40   0.07    -21.16   0.00
2021-03-04T20:38:57.557469200Z knots)2:regionLondon                                           
2021-03-04T20:38:57.557475900Z ns(tstop, knots =                  1.29   0.10     12.38   0.00
2021-03-04T20:38:57.557482800Z knots)1:regionNorth East                                       
2021-03-04T20:38:57.557489700Z ns(tstop, knots =                 -0.59   0.06    -10.04   0.00
2021-03-04T20:38:57.557496700Z knots)2:regionNorth East                                       
2021-03-04T20:38:57.557503500Z ns(tstop, knots =                  1.19   0.08     15.53   0.00
2021-03-04T20:38:57.557510400Z knots)1:regionNorth West                                       
2021-03-04T20:38:57.557517100Z ns(tstop, knots =                 -0.43   0.05     -9.37   0.00
2021-03-04T20:38:57.557523900Z knots)2:regionNorth West                                       
2021-03-04T20:38:57.557532400Z ns(tstop, knots =                  1.14   0.08     13.49   0.00
2021-03-04T20:38:57.557539700Z knots)1:regionSouth East                                       
2021-03-04T20:38:57.557546500Z ns(tstop, knots =                 -0.07   0.04     -1.57   0.12
2021-03-04T20:38:57.557553500Z knots)2:regionSouth East                                       
2021-03-04T20:38:57.557560300Z ns(tstop, knots =                  1.21   0.06     19.65   0.00
2021-03-04T20:38:57.557567200Z knots)1:regionSouth West                                       
2021-03-04T20:38:57.557574000Z ns(tstop, knots =                  0.20   0.03      5.95   0.00
2021-03-04T20:38:57.557588300Z knots)2:regionSouth West                                       
2021-03-04T20:38:57.557595900Z ns(tstop, knots =                 -0.65   0.10     -6.51   0.00
2021-03-04T20:38:57.557603000Z knots)1:regionWest Midlands                                    
2021-03-04T20:38:57.557610100Z ns(tstop, knots =                 -1.13   0.06    -18.60   0.00
2021-03-04T20:38:57.557617200Z knots)2:regionWest Midlands                                    
2021-03-04T20:38:57.557624200Z ns(tstop, knots =                 -0.11   0.06     -1.83   0.07
2021-03-04T20:38:57.557631200Z knots)1:regionYorkshire and                                    
2021-03-04T20:38:57.557638200Z The Humber                                                     
2021-03-04T20:38:57.557645300Z ns(tstop, knots =                 -0.72   0.04    -18.93   0.00
2021-03-04T20:38:57.557652200Z knots)2:regionYorkshire and                                    
2021-03-04T20:38:57.557659300Z The Humber                                                     
2021-03-04T20:38:57.557666300Z ---------------------------------------------------------------
2021-03-04T20:38:57.557673300Z ipwvax1_fxd 
2021-03-04T20:40:58.862871100Z MODEL INFO:
2021-03-04T20:40:58.862960700Z Observations: 7435094
2021-03-04T20:40:58.862970300Z Dependent Variable: 
2021-03-04T20:40:58.862978200Z Type: Generalized linear model
2021-03-04T20:40:58.862985700Z   Family: binomial 
2021-03-04T20:40:58.862993400Z   Link function: logit 
2021-03-04T20:40:58.863000900Z 
2021-03-04T20:40:58.864723700Z MODEL FIT:
2021-03-04T20:40:58.864747600Z <U+03C7><U+00B2>(26) = 107712.66, p = 0.00
2021-03-04T20:40:58.864758100Z Pseudo-R<U+00B2> (Cragg-Uhler) = 
2021-03-04T20:40:58.864766000Z Pseudo-R<U+00B2> (McFadden) = 0.06
2021-03-04T20:40:58.864773800Z AIC = 1591745.83, BIC = 1592119.02 
2021-03-04T20:40:58.864781600Z 
2021-03-04T20:40:58.864925900Z Standard errors: MLE
2021-03-04T20:40:58.959244400Z ---------------------------------------------------------------
2021-03-04T20:40:58.959310700Z                                    Est.   S.E.    z val.      p
2021-03-04T20:40:58.959319400Z ------------------------------- ------- ------ --------- ------
2021-03-04T20:40:58.959329000Z (Intercept)                       -5.31   0.02   -291.59   0.00
2021-03-04T20:40:58.959336600Z ns(tstop, knots = knots)1          4.07   0.04    107.72   0.00
2021-03-04T20:40:58.959344500Z ns(tstop, knots = knots)2          1.88   0.02     90.56   0.00
2021-03-04T20:40:58.959351800Z regionEast Midlands               -1.86   0.04    -47.70   0.00
2021-03-04T20:40:58.959359800Z regionLondon                      -1.46   0.07    -20.59   0.00
2021-03-04T20:40:58.959367000Z regionNorth East                  -0.54   0.05    -10.52   0.00
2021-03-04T20:40:58.959425200Z regionNorth West                  -0.38   0.04    -10.21   0.00
2021-03-04T20:40:58.959433300Z regionSouth East                  -0.55   0.04    -13.40   0.00
2021-03-04T20:40:58.959440300Z regionSouth West                  -0.47   0.03    -15.59   0.00
2021-03-04T20:40:58.959447200Z regionWest Midlands                0.21   0.05      4.42   0.00
2021-03-04T20:40:58.959454100Z regionYorkshire and The            0.16   0.03      5.27   0.00
2021-03-04T20:40:58.959460900Z Humber                                                         
2021-03-04T20:40:58.959467900Z ns(tstop, knots =                  3.71   0.08     48.01   0.00
2021-03-04T20:40:58.959474800Z knots)1:regionEast Midlands                                    
2021-03-04T20:40:58.959481700Z ns(tstop, knots =                  0.33   0.03      9.70   0.00
2021-03-04T20:40:58.959488700Z knots)2:regionEast Midlands                                    
2021-03-04T20:40:58.959496000Z ns(tstop, knots =                  2.15   0.14     15.20   0.00
2021-03-04T20:40:58.959503400Z knots)1:regionLondon                                           
2021-03-04T20:40:58.959510500Z ns(tstop, knots =                 -1.40   0.07    -21.16   0.00
2021-03-04T20:40:58.959518100Z knots)2:regionLondon                                           
2021-03-04T20:40:58.959524800Z ns(tstop, knots =                  1.29   0.10     12.38   0.00
2021-03-04T20:40:58.959531600Z knots)1:regionNorth East                                       
2021-03-04T20:40:58.959538300Z ns(tstop, knots =                 -0.59   0.06    -10.03   0.00
2021-03-04T20:40:58.959545000Z knots)2:regionNorth East                                       
2021-03-04T20:40:58.959551700Z ns(tstop, knots =                  1.19   0.08     15.54   0.00
2021-03-04T20:40:58.959558400Z knots)1:regionNorth West                                       
2021-03-04T20:40:58.959565100Z ns(tstop, knots =                 -0.43   0.05     -9.36   0.00
2021-03-04T20:40:58.959571800Z knots)2:regionNorth West                                       
2021-03-04T20:40:58.959578500Z ns(tstop, knots =                  1.14   0.08     13.49   0.00
2021-03-04T20:40:58.959587500Z knots)1:regionSouth East                                       
2021-03-04T20:40:58.959594500Z ns(tstop, knots =                 -0.07   0.04     -1.57   0.12
2021-03-04T20:40:58.959601500Z knots)2:regionSouth East                                       
2021-03-04T20:40:58.959608300Z ns(tstop, knots =                  1.21   0.06     19.66   0.00
2021-03-04T20:40:58.959615100Z knots)1:regionSouth West                                       
2021-03-04T20:40:58.959621900Z ns(tstop, knots =                  0.20   0.03      5.95   0.00
2021-03-04T20:40:58.959628600Z knots)2:regionSouth West                                       
2021-03-04T20:40:58.959635300Z ns(tstop, knots =                 -0.65   0.10     -6.50   0.00
2021-03-04T20:40:58.959650100Z knots)1:regionWest Midlands                                    
2021-03-04T20:40:58.959657400Z ns(tstop, knots =                 -1.13   0.06    -18.60   0.00
2021-03-04T20:40:58.959664200Z knots)2:regionWest Midlands                                    
2021-03-04T20:40:58.959670900Z ns(tstop, knots =                 -0.11   0.06     -1.83   0.07
2021-03-04T20:40:58.959677700Z knots)1:regionYorkshire and                                    
2021-03-04T20:40:58.959684600Z The Humber                                                     
2021-03-04T20:40:58.959691500Z ns(tstop, knots =                 -0.72   0.04    -18.94   0.00
2021-03-04T20:40:58.959698500Z knots)2:regionYorkshire and                                    
2021-03-04T20:40:58.959705600Z The Humber                                                     
2021-03-04T20:40:58.959712600Z ---------------------------------------------------------------
2021-03-04T20:41:08.703494600Z ipwdeath 
2021-03-04T20:55:24.089010100Z MODEL INFO:
2021-03-04T20:55:24.089108800Z Observations: 14811469
2021-03-04T20:55:24.089118000Z Dependent Variable: 
2021-03-04T20:55:24.089125600Z Type: Generalized linear model
2021-03-04T20:55:24.089132900Z   Family: binomial 
2021-03-04T20:55:24.089140400Z   Link function: logit 
2021-03-04T20:55:24.089148000Z 
2021-03-04T20:55:24.090708800Z MODEL FIT:
2021-03-04T20:55:24.090732400Z <U+03C7><U+00B2>(32) = 358830.02, p = 0.00
2021-03-04T20:55:24.090745300Z Pseudo-R<U+00B2> (Cragg-Uhler) = 
2021-03-04T20:55:24.090753600Z Pseudo-R<U+00B2> (McFadden) = 0.18
2021-03-04T20:55:24.090761400Z AIC = 1591749.88, BIC = 1592228.75 
2021-03-04T20:55:24.090768900Z 
2021-03-04T20:55:24.090949600Z Standard errors: MLE
2021-03-04T20:55:24.198125300Z -----------------------------------------------------------------
2021-03-04T20:55:24.198202800Z                                     Est.    S.E.    z val.      p
2021-03-04T20:55:24.198211100Z ------------------------------- -------- ------- --------- ------
2021-03-04T20:55:24.198218500Z (Intercept)                        -5.31    0.02   -291.59   0.00
2021-03-04T20:55:24.198225900Z timesincevax_pw(0,3]              -18.40   39.04     -0.47   0.64
2021-03-04T20:55:24.198233300Z timesincevax_pw(3,7]              -18.48   34.02     -0.54   0.59
2021-03-04T20:55:24.198240700Z timesincevax_pw(7,14]             -18.58   26.03     -0.71   0.48
2021-03-04T20:55:24.198248200Z timesincevax_pw(14,21]            -18.67   26.54     -0.70   0.48
2021-03-04T20:55:24.198258000Z timesincevax_pw(21, Inf]          -18.73   15.18     -1.23   0.22
2021-03-04T20:55:24.198265300Z ns(tstop, knots = knots)1           4.07    0.04    107.71   0.00
2021-03-04T20:55:24.198311200Z ns(tstop, knots = knots)2           1.88    0.02     90.58   0.00
2021-03-04T20:55:24.198319100Z regionEast Midlands                -1.86    0.04    -47.70   0.00
2021-03-04T20:55:24.198325900Z regionLondon                       -1.46    0.07    -20.59   0.00
2021-03-04T20:55:24.198332600Z regionNorth East                   -0.54    0.05    -10.52   0.00
2021-03-04T20:55:24.198339400Z regionNorth West                   -0.38    0.04    -10.21   0.00
2021-03-04T20:55:24.198346200Z regionSouth East                   -0.55    0.04    -13.40   0.00
2021-03-04T20:55:24.198353000Z regionSouth West                   -0.47    0.03    -15.59   0.00
2021-03-04T20:55:24.198359800Z regionWest Midlands                 0.21    0.05      4.42   0.00
2021-03-04T20:55:24.198366600Z regionYorkshire and The             0.16    0.03      5.27   0.00
2021-03-04T20:55:24.198373400Z Humber                                                           
2021-03-04T20:55:24.198380200Z hospital_status                     0.06    0.02      2.84   0.00
2021-03-04T20:55:24.198387000Z ns(tstop, knots =                   3.71    0.08     48.01   0.00
2021-03-04T20:55:24.198393800Z knots)1:regionEast Midlands                                      
2021-03-04T20:55:24.198400500Z ns(tstop, knots =                   0.33    0.03      9.69   0.00
2021-03-04T20:55:24.198407400Z knots)2:regionEast Midlands                                      
2021-03-04T20:55:24.198414000Z ns(tstop, knots =                   2.16    0.14     15.20   0.00
2021-03-04T20:55:24.198420900Z knots)1:regionLondon                                             
2021-03-04T20:55:24.198427600Z ns(tstop, knots =                  -1.40    0.07    -21.16   0.00
2021-03-04T20:55:24.198434300Z knots)2:regionLondon                                             
2021-03-04T20:55:24.198441100Z ns(tstop, knots =                   1.29    0.10     12.38   0.00
2021-03-04T20:55:24.198448100Z knots)1:regionNorth East                                         
2021-03-04T20:55:24.198456500Z ns(tstop, knots =                  -0.59    0.06    -10.04   0.00
2021-03-04T20:55:24.198463500Z knots)2:regionNorth East                                         
2021-03-04T20:55:24.198470300Z ns(tstop, knots =                   1.19    0.08     15.53   0.00
2021-03-04T20:55:24.198477100Z knots)1:regionNorth West                                         
2021-03-04T20:55:24.198483900Z ns(tstop, knots =                  -0.43    0.05     -9.37   0.00
2021-03-04T20:55:24.198490700Z knots)2:regionNorth West                                         
2021-03-04T20:55:24.198497400Z ns(tstop, knots =                   1.14    0.08     13.49   0.00
2021-03-04T20:55:24.198504200Z knots)1:regionSouth East                                         
2021-03-04T20:55:24.198510900Z ns(tstop, knots =                  -0.07    0.04     -1.57   0.12
2021-03-04T20:55:24.198517500Z knots)2:regionSouth East                                         
2021-03-04T20:55:24.198531200Z ns(tstop, knots =                   1.21    0.06     19.65   0.00
2021-03-04T20:55:24.198538600Z knots)1:regionSouth West                                         
2021-03-04T20:55:24.198545100Z ns(tstop, knots =                   0.20    0.03      5.95   0.00
2021-03-04T20:55:24.198551900Z knots)2:regionSouth West                                         
2021-03-04T20:55:24.198558600Z ns(tstop, knots =                  -0.65    0.10     -6.51   0.00
2021-03-04T20:55:24.198565400Z knots)1:regionWest Midlands                                      
2021-03-04T20:55:24.198572200Z ns(tstop, knots =                  -1.13    0.06    -18.60   0.00
2021-03-04T20:55:24.198578900Z knots)2:regionWest Midlands                                      
2021-03-04T20:55:24.198585700Z ns(tstop, knots =                  -0.11    0.06     -1.83   0.07
2021-03-04T20:55:24.198592500Z knots)1:regionYorkshire and                                      
2021-03-04T20:55:24.198599200Z The Humber                                                       
2021-03-04T20:55:24.198606400Z ns(tstop, knots =                  -0.72    0.04    -18.93   0.00
2021-03-04T20:55:24.198613300Z knots)2:regionYorkshire and                                      
2021-03-04T20:55:24.198620100Z The Humber                                                       
2021-03-04T20:55:24.198626800Z -----------------------------------------------------------------
2021-03-04T20:55:24.198633500Z ipwdeath_fxd 
2021-03-04T21:03:37.567431600Z MODEL INFO:
2021-03-04T21:03:37.567526500Z Observations: 14811469
2021-03-04T21:03:37.567535800Z Dependent Variable: 
2021-03-04T21:03:37.567543300Z Type: Generalized linear model
2021-03-04T21:03:37.567550600Z   Family: binomial 
2021-03-04T21:03:37.567557900Z   Link function: logit 
2021-03-04T21:03:37.567565800Z 
2021-03-04T21:03:37.569041900Z MODEL FIT:
2021-03-04T21:03:37.569065100Z <U+03C7><U+00B2>(31) = 358822.07, p = 0.00
2021-03-04T21:03:37.569074800Z Pseudo-R<U+00B2> (Cragg-Uhler) = 
2021-03-04T21:03:37.569082700Z Pseudo-R<U+00B2> (McFadden) = 0.18
2021-03-04T21:03:37.569090700Z AIC = 1591755.84, BIC = 1592220.19 
2021-03-04T21:03:37.569098700Z 
2021-03-04T21:03:37.569246600Z Standard errors: MLE
2021-03-04T21:03:37.667334400Z -----------------------------------------------------------------
2021-03-04T21:03:37.667378300Z                                     Est.    S.E.    z val.      p
2021-03-04T21:03:37.667386500Z ------------------------------- -------- ------- --------- ------
2021-03-04T21:03:37.667394000Z (Intercept)                        -5.31    0.02   -291.59   0.00
2021-03-04T21:03:37.667401500Z timesincevax_pw(0,3]              -18.40   39.04     -0.47   0.64
2021-03-04T21:03:37.667456800Z timesincevax_pw(3,7]              -18.48   34.02     -0.54   0.59
2021-03-04T21:03:37.667465000Z timesincevax_pw(7,14]             -18.58   26.03     -0.71   0.48
2021-03-04T21:03:37.667472100Z timesincevax_pw(14,21]            -18.67   26.53     -0.70   0.48
2021-03-04T21:03:37.667479200Z timesincevax_pw(21, Inf]          -18.73   15.18     -1.23   0.22
2021-03-04T21:03:37.667486100Z ns(tstop, knots = knots)1           4.07    0.04    107.72   0.00
2021-03-04T21:03:37.667492900Z ns(tstop, knots = knots)2           1.88    0.02     90.56   0.00
2021-03-04T21:03:37.667499800Z regionEast Midlands                -1.86    0.04    -47.70   0.00
2021-03-04T21:03:37.667506600Z regionLondon                       -1.46    0.07    -20.59   0.00
2021-03-04T21:03:37.667513700Z regionNorth East                   -0.54    0.05    -10.52   0.00
2021-03-04T21:03:37.667520400Z regionNorth West                   -0.38    0.04    -10.21   0.00
2021-03-04T21:03:37.667527300Z regionSouth East                   -0.55    0.04    -13.40   0.00
2021-03-04T21:03:37.667533900Z regionSouth West                   -0.47    0.03    -15.59   0.00
2021-03-04T21:03:37.667540800Z regionWest Midlands                 0.21    0.05      4.42   0.00
2021-03-04T21:03:37.667547700Z regionYorkshire and The             0.16    0.03      5.27   0.00
2021-03-04T21:03:37.667554900Z Humber                                                           
2021-03-04T21:03:37.667561800Z ns(tstop, knots =                   3.71    0.08     48.01   0.00
2021-03-04T21:03:37.667568500Z knots)1:regionEast Midlands                                      
2021-03-04T21:03:37.667575300Z ns(tstop, knots =                   0.33    0.03      9.70   0.00
2021-03-04T21:03:37.667582300Z knots)2:regionEast Midlands                                      
2021-03-04T21:03:37.667589200Z ns(tstop, knots =                   2.15    0.14     15.20   0.00
2021-03-04T21:03:37.667596000Z knots)1:regionLondon                                             
2021-03-04T21:03:37.667602700Z ns(tstop, knots =                  -1.40    0.07    -21.16   0.00
2021-03-04T21:03:37.667609400Z knots)2:regionLondon                                             
2021-03-04T21:03:37.667616300Z ns(tstop, knots =                   1.29    0.10     12.38   0.00
2021-03-04T21:03:37.667623200Z knots)1:regionNorth East                                         
2021-03-04T21:03:37.667629900Z ns(tstop, knots =                  -0.59    0.06    -10.03   0.00
2021-03-04T21:03:37.667637800Z knots)2:regionNorth East                                         
2021-03-04T21:03:37.667644700Z ns(tstop, knots =                   1.19    0.08     15.54   0.00
2021-03-04T21:03:37.667651600Z knots)1:regionNorth West                                         
2021-03-04T21:03:37.667658500Z ns(tstop, knots =                  -0.43    0.05     -9.36   0.00
2021-03-04T21:03:37.667672200Z knots)2:regionNorth West                                         
2021-03-04T21:03:37.667679600Z ns(tstop, knots =                   1.14    0.08     13.49   0.00
2021-03-04T21:03:37.667686500Z knots)1:regionSouth East                                         
2021-03-04T21:03:37.667693300Z ns(tstop, knots =                  -0.07    0.04     -1.57   0.12
2021-03-04T21:03:37.667700100Z knots)2:regionSouth East                                         
2021-03-04T21:03:37.667707000Z ns(tstop, knots =                   1.21    0.06     19.66   0.00
2021-03-04T21:03:37.667713900Z knots)1:regionSouth West                                         
2021-03-04T21:03:37.667720800Z ns(tstop, knots =                   0.20    0.03      5.95   0.00
2021-03-04T21:03:37.667727400Z knots)2:regionSouth West                                         
2021-03-04T21:03:37.667734300Z ns(tstop, knots =                  -0.65    0.10     -6.50   0.00
2021-03-04T21:03:37.667741000Z knots)1:regionWest Midlands                                      
2021-03-04T21:03:37.667749800Z ns(tstop, knots =                  -1.13    0.06    -18.60   0.00
2021-03-04T21:03:37.667756800Z knots)2:regionWest Midlands                                      
2021-03-04T21:03:37.667763700Z ns(tstop, knots =                  -0.11    0.06     -1.83   0.07
2021-03-04T21:03:37.667770700Z knots)1:regionYorkshire and                                      
2021-03-04T21:03:37.667777500Z The Humber                                                       
2021-03-04T21:03:37.667784400Z ns(tstop, knots =                  -0.72    0.04    -18.94   0.00
2021-03-04T21:03:37.667791300Z knots)2:regionYorkshire and                                      
2021-03-04T21:03:37.667798200Z The Humber                                                       
2021-03-04T21:03:37.667805000Z -----------------------------------------------------------------
2021-03-04T21:16:58.867720000Z Saving 7 x 7 in image
2021-03-04T21:17:06.789422200Z `stat_bin()` using `bins = 30`. Pick better value with `binwidth`.
2021-03-04T21:18:07.993607800Z msmmod0 
2021-03-04T21:19:54.413054400Z MODEL INFO:
2021-03-04T21:19:54.413154100Z Observations: 14811469
2021-03-04T21:19:54.413163200Z Dependent Variable: 
2021-03-04T21:19:54.413264300Z Type: Generalized linear model
2021-03-04T21:19:54.413289700Z   Family: binomial 
2021-03-04T21:19:54.413298900Z   Link function: logit 
2021-03-04T21:19:54.413306400Z 
2021-03-04T21:19:54.417451200Z MODEL FIT:
2021-03-04T21:19:54.417487100Z <U+03C7><U+00B2>(5) = 1314.46, p = 0.00
2021-03-04T21:19:54.417497200Z Pseudo-R<U+00B2> (Cragg-Uhler) = 
2021-03-04T21:19:54.417504800Z Pseudo-R<U+00B2> (McFadden) = 0.02
2021-03-04T21:19:54.417512500Z AIC = 85106.13, BIC = 85193.19 
2021-03-04T21:19:54.417547800Z 
2021-03-04T21:19:54.417925600Z Standard errors: MLE
2021-03-04T21:19:54.478986400Z --------------------------------------------------------------
2021-03-04T21:19:54.479052000Z                                   Est.   S.E.    z val.      p
2021-03-04T21:19:54.479060700Z ------------------------------ ------- ------ --------- ------
2021-03-04T21:19:54.479067800Z (Intercept)                      -7.65   0.02   -454.82   0.00
2021-03-04T21:19:54.479075100Z timesincevax_pw(0,3]             -1.16   0.11    -10.29   0.00
2021-03-04T21:19:54.479082000Z timesincevax_pw(3,7]             -0.56   0.07     -7.62   0.00
2021-03-04T21:19:54.479090000Z timesincevax_pw(7,14]            -0.67   0.06    -11.13   0.00
2021-03-04T21:19:54.479096900Z timesincevax_pw(14,21]           -0.76   0.06    -11.93   0.00
2021-03-04T21:19:54.479104400Z timesincevax_pw(21, Inf]         -1.48   0.05    -28.02   0.00
2021-03-04T21:19:54.479111300Z --------------------------------------------------------------
2021-03-04T21:19:54.479118200Z msmmod1 
2021-03-04T21:22:22.571775800Z MODEL INFO:
2021-03-04T21:22:22.571835000Z Observations: 14811469
2021-03-04T21:22:22.571844100Z Dependent Variable: 
2021-03-04T21:22:22.571988900Z Type: Generalized linear model
2021-03-04T21:22:22.572007800Z   Family: binomial 
2021-03-04T21:22:22.572015600Z   Link function: logit 
2021-03-04T21:22:22.572023000Z 
2021-03-04T21:22:22.575536900Z MODEL FIT:
2021-03-04T21:22:22.575558700Z <U+03C7><U+00B2>(12) = 1873.37, p = 0.00
2021-03-04T21:22:22.575568800Z Pseudo-R<U+00B2> (Cragg-Uhler) = 
2021-03-04T21:22:22.575576500Z Pseudo-R<U+00B2> (McFadden) = 0.02
2021-03-04T21:22:22.575583900Z AIC = 84561.22, BIC = 84749.86 
2021-03-04T21:22:22.575591600Z 
2021-03-04T21:22:22.575855300Z Standard errors: MLE
2021-03-04T21:22:22.663608300Z --------------------------------------------------------------
2021-03-04T21:22:22.663660100Z                                    Est.   S.E.   z val.      p
2021-03-04T21:22:22.663669300Z ------------------------------ -------- ------ -------- ------
2021-03-04T21:22:22.663677100Z (Intercept)                      -22.07   4.25    -5.19   0.00
2021-03-04T21:22:22.663684900Z age                                0.27   0.10     2.77   0.01
2021-03-04T21:22:22.663692900Z I(age  age)                       -0.00   0.00    -2.06   0.04
2021-03-04T21:22:22.663700900Z sexMale                            0.03   0.03     0.93   0.35
2021-03-04T21:22:22.663708700Z imd2                              -0.17   0.05    -3.60   0.00
2021-03-04T21:22:22.663718600Z imd3                              -0.26   0.05    -5.58   0.00
2021-03-04T21:22:22.663726400Z imd4                              -0.36   0.05    -7.72   0.00
2021-03-04T21:22:22.663771700Z imd5 most deprived                -0.41   0.05    -8.56   0.00
2021-03-04T21:22:22.663779900Z timesincevax_pw(0,3]              -1.13   0.11   -10.03   0.00
2021-03-04T21:22:22.663786800Z timesincevax_pw(3,7]              -0.53   0.07    -7.21   0.00
2021-03-04T21:22:22.663793900Z timesincevax_pw(7,14]             -0.63   0.06   -10.58   0.00
2021-03-04T21:22:22.663800800Z timesincevax_pw(14,21]            -0.72   0.06   -11.33   0.00
2021-03-04T21:22:22.663808400Z timesincevax_pw(21, Inf]          -1.43   0.05   -27.08   0.00
2021-03-04T21:22:22.663815200Z --------------------------------------------------------------
2021-03-04T21:22:22.663919800Z msmmod4 
2021-03-04T21:44:54.677565300Z MODEL INFO:
2021-03-04T21:44:54.677620800Z Observations: 14811469
2021-03-04T21:44:54.677629500Z Dependent Variable: 
2021-03-04T21:44:54.677637000Z Type: Generalized linear model
2021-03-04T21:44:54.677644300Z   Family: binomial 
2021-03-04T21:44:54.677652500Z   Link function: logit 
2021-03-04T21:44:54.677659900Z 
2021-03-04T21:44:54.679371100Z MODEL FIT:
2021-03-04T21:44:54.679394600Z <U+03C7><U+00B2>(53) = 3753.62, p = 0.00
2021-03-04T21:44:54.679403900Z Pseudo-R<U+00B2> (Cragg-Uhler) = 
2021-03-04T21:44:54.679414700Z Pseudo-R<U+00B2> (McFadden) = 0.04
2021-03-04T21:44:54.679422500Z AIC = 82769.33, BIC = 83552.92 
2021-03-04T21:44:54.679430000Z 
2021-03-04T21:44:54.679601100Z Standard errors: MLE
2021-03-04T21:44:54.856505900Z -----------------------------------------------------------------------
2021-03-04T21:44:54.856556700Z                                             Est.   S.E.   z val.      p
2021-03-04T21:44:54.856565600Z --------------------------------------- -------- ------ -------- ------
2021-03-04T21:44:54.856573100Z (Intercept)                               -17.29   4.28    -4.04   0.00
2021-03-04T21:44:54.856580600Z age                                         0.14   0.10     1.48   0.14
2021-03-04T21:44:54.856588100Z I(age  age)                                -0.00   0.00    -0.86   0.39
2021-03-04T21:44:54.856595500Z sexMale                                    -0.01   0.03    -0.35   0.73
2021-03-04T21:44:54.856602900Z imd2                                       -0.15   0.05    -3.04   0.00
2021-03-04T21:44:54.856610800Z imd3                                       -0.20   0.05    -4.22   0.00
2021-03-04T21:44:54.856618100Z imd4                                       -0.27   0.05    -5.62   0.00
2021-03-04T21:44:54.856625500Z imd5 most deprived                         -0.30   0.05    -6.18   0.00
2021-03-04T21:44:54.856632900Z chronic_cardiac_diseaseTRUE                 0.34   0.03    11.27   0.00
2021-03-04T21:44:54.856640200Z current_copdTRUE                            0.34   0.04     8.04   0.00
2021-03-04T21:44:54.856669100Z dementiaTRUE                                0.93   0.04    25.75   0.00
2021-03-04T21:44:54.856677000Z dialysisTRUE                                1.16   0.20     5.69   0.00
2021-03-04T21:44:54.856683900Z solid_organ_transplantationTRUE            -0.19   0.59    -0.32   0.75
2021-03-04T21:44:54.856690900Z chemo_or_radioTRUE                          0.11   0.08     1.35   0.18
2021-03-04T21:44:54.856697800Z sickle_cell_diseaseTRUE                     0.73   1.00     0.73   0.47
2021-03-04T21:44:54.856704600Z permanant_immunosuppressionTRUE            -0.33   0.58    -0.57   0.57
2021-03-04T21:44:54.856711400Z temporary_immunosuppressionTRUE             0.34   0.18     1.85   0.06
2021-03-04T21:44:54.856718200Z aspleniaTRUE                                0.43   0.24     1.78   0.08
2021-03-04T21:44:54.856725100Z intel_dis_incl_downs_syndromeTRUE           0.80   0.23     3.47   0.00
2021-03-04T21:44:54.856732200Z psychosis_schiz_bipolarTRUE                 0.70   0.11     6.47   0.00
2021-03-04T21:44:54.856739200Z lung_cancerTRUE                             0.14   0.16     0.83   0.40
2021-03-04T21:44:54.856746100Z cancer_excl_lung_and_haemTRUE               0.15   0.04     4.01   0.00
2021-03-04T21:44:54.856752900Z haematological_cancerTRUE                   0.33   0.09     3.51   0.00
2021-03-04T21:44:54.856759700Z ns(tstop, knots = knots)1                   2.20   0.19    11.61   0.00
2021-03-04T21:44:54.856766400Z ns(tstop, knots = knots)2                  -0.29   0.13    -2.29   0.02
2021-03-04T21:44:54.856775200Z regionEast Midlands                        -0.32   0.15    -2.16   0.03
2021-03-04T21:44:54.856783800Z regionLondon                               -0.46   0.25    -1.82   0.07
2021-03-04T21:44:54.856790900Z regionNorth East                            0.19   0.22     0.88   0.38
2021-03-04T21:44:54.856798200Z regionNorth West                           -0.29   0.19    -1.49   0.14
2021-03-04T21:44:54.856805400Z regionSouth East                           -0.71   0.22    -3.29   0.00
2021-03-04T21:44:54.856812800Z regionSouth West                           -1.13   0.19    -6.02   0.00
2021-03-04T21:44:54.856820300Z regionWest Midlands                         0.07   0.23     0.32   0.75
2021-03-04T21:44:54.856827600Z regionYorkshire and The                    -0.58   0.18    -3.12   0.00
2021-03-04T21:44:54.856834700Z Humber                                                                 
2021-03-04T21:44:54.856841600Z timesincevax_pw(0,3]                       -1.34   0.11   -11.89   0.00
2021-03-04T21:44:54.856848600Z timesincevax_pw(3,7]                       -0.76   0.07   -10.11   0.00
2021-03-04T21:44:54.856855500Z timesincevax_pw(7,14]                      -0.86   0.06   -13.75   0.00
2021-03-04T21:44:54.856863000Z timesincevax_pw(14,21]                     -0.92   0.07   -13.55   0.00
2021-03-04T21:44:54.856870200Z timesincevax_pw(21, Inf]                   -1.54   0.06   -24.07   0.00
2021-03-04T21:44:54.856884400Z ns(tstop, knots =                           0.33   0.31     1.05   0.29
2021-03-04T21:44:54.856891900Z knots)1:regionEast Midlands                                            
2021-03-04T21:44:54.856898800Z ns(tstop, knots =                           0.84   0.17     4.85   0.00
2021-03-04T21:44:54.856905800Z knots)2:regionEast Midlands                                            
2021-03-04T21:44:54.856912700Z ns(tstop, knots =                           1.09   0.52     2.09   0.04
2021-03-04T21:44:54.856919600Z knots)1:regionLondon                                                   
2021-03-04T21:44:54.856926500Z ns(tstop, knots =                          -0.40   0.31    -1.30   0.20
2021-03-04T21:44:54.856933600Z knots)2:regionLondon                                                   
2021-03-04T21:44:54.856942800Z ns(tstop, knots =                          -1.32   0.49    -2.69   0.01
2021-03-04T21:44:54.856950000Z knots)1:regionNorth East                                               
2021-03-04T21:44:54.856956800Z ns(tstop, knots =                           0.57   0.30     1.90   0.06
2021-03-04T21:44:54.856963700Z knots)2:regionNorth East                                               
2021-03-04T21:44:54.856970500Z ns(tstop, knots =                          -0.12   0.42    -0.29   0.77
2021-03-04T21:44:54.856977400Z knots)1:regionNorth West                                               
2021-03-04T21:44:54.856984900Z ns(tstop, knots =                           0.79   0.23     3.39   0.00
2021-03-04T21:44:54.856992100Z knots)2:regionNorth West                                               
2021-03-04T21:44:54.856999000Z ns(tstop, knots =                           1.06   0.45     2.35   0.02
2021-03-04T21:44:54.857006000Z knots)1:regionSouth East                                               
2021-03-04T21:44:54.857012700Z ns(tstop, knots =                          -0.05   0.26    -0.19   0.85
2021-03-04T21:44:54.857019500Z knots)2:regionSouth East                                               
2021-03-04T21:44:54.857026300Z ns(tstop, knots =                           1.07   0.39     2.72   0.01
2021-03-04T21:44:54.857033500Z knots)1:regionSouth West                                               
2021-03-04T21:44:54.857040300Z ns(tstop, knots =                           0.53   0.21     2.48   0.01
2021-03-04T21:44:54.857047200Z knots)2:regionSouth West                                               
2021-03-04T21:44:54.857054000Z ns(tstop, knots =                           0.29   0.48     0.60   0.55
2021-03-04T21:44:54.857060700Z knots)1:regionWest Midlands                                            
2021-03-04T21:44:54.857067500Z ns(tstop, knots =                           0.52   0.26     2.00   0.05
2021-03-04T21:44:54.857238300Z knots)2:regionWest Midlands                                            
2021-03-04T21:44:54.857247400Z ns(tstop, knots =                           0.05   0.39     0.12   0.91
2021-03-04T21:44:54.857263100Z knots)1:regionYorkshire and                                            
2021-03-04T21:44:54.857270600Z The Humber                                                             
2021-03-04T21:44:54.857277400Z ns(tstop, knots =                           0.99   0.21     4.68   0.00
2021-03-04T21:44:54.857284200Z knots)2:regionYorkshire and                                            
2021-03-04T21:44:54.857291000Z The Humber                                                             
2021-03-04T21:44:54.857298000Z -----------------------------------------------------------------------


state: succeeded
commit: 803cda83984e6588d51c02c0aa8e1a848d063d78
docker_image_id: sha256:c7cb8c47c64952beb4dc7e1b4b0edaf95b0fa5cc1af3f796e073e4190413ec9e
exit_code: 0
job_id: h2amcqfkshno4w5y
run_by_user: wjchulme
created_at: 2021-03-04T20:27:41Z
started_at: 2021-03-04T20:35:28Z
completed_at: 2021-03-04T23:15:34Z

Completed successfully

outputs:
  output/over80s/postest/any/dose1/data_weights.rds       - highly_sensitive    
  output/over80s/postest/any/dose1/histogram_weights.svg  - moderately_sensitive
  output/over80s/postest/any/dose1/model0.rds             - highly_sensitive    
  output/over80s/postest/any/dose1/model1.rds             - highly_sensitive    
  output/over80s/postest/any/dose1/model4.rds             - highly_sensitive    
  output/over80s/postest/any/dose1/model_vax1.rds         - highly_sensitive    
  output/over80s/postest/any/dose1/model_vax1_fxd.rds     - highly_sensitive    
  output/over80s/postest/any/dose1/weights.txt            - moderately_sensitive