2021-03-20T00:52:23.334004000Z -- Attaching packages --------------------------------------- tidyverse 1.3.0 --
2021-03-20T00:52:23.341082900Z v ggplot2 3.3.2     v purrr   0.3.4
2021-03-20T00:52:23.341108800Z v tibble  3.0.3     v dplyr   1.0.2
2021-03-20T00:52:23.341117000Z v tidyr   1.1.2     v stringr 1.4.0
2021-03-20T00:52:23.341124200Z v readr   1.3.1     v forcats 0.5.0
2021-03-20T00:52:23.548798500Z -- Conflicts ------------------------------------------ tidyverse_conflicts() --
2021-03-20T00:52:23.548843500Z x dplyr::filter() masks stats::filter()
2021-03-20T00:52:23.548851900Z x dplyr::lag()    masks stats::lag()
2021-03-20T00:52:25.846994800Z 
2021-03-20T00:52:25.847034700Z Attaching package: 'lubridate'
2021-03-20T00:52:25.847043600Z 
2021-03-20T00:52:25.848442600Z The following objects are masked from 'package:base':
2021-03-20T00:52:25.848499400Z 
2021-03-20T00:52:25.848508200Z     date, intersect, setdiff, union
2021-03-20T00:52:25.848515600Z 
2021-03-20T00:52:26.242974200Z <environment: R_GlobalEnv>
2021-03-20T00:52:26.243516800Z <environment: R_GlobalEnv>
2021-03-20T00:53:08.827639000Z data_pt data size = 14539417 
2021-03-20T00:53:08.828695400Z   memory usage = 4.362 GB 
2021-03-20T00:53:13.536371800Z     
2021-03-20T00:53:13.536435400Z all   
2021-03-20T00:53:13.536444500Z   
2021-03-20T00:53:25.018279200Z   
2021-03-20T00:53:25.018374000Z ipwvaxany1 
2021-03-20T01:04:27.474717100Z MODEL INFO:
2021-03-20T01:04:27.474816500Z Observations: 6631661
2021-03-20T01:04:27.474826400Z Dependent Variable: 
2021-03-20T01:04:27.474834100Z Type: Generalized linear model
2021-03-20T01:04:27.474841700Z   Family: binomial 
2021-03-20T01:04:27.474849400Z   Link function: logit 
2021-03-20T01:04:27.474857000Z 
2021-03-20T01:04:27.477342200Z MODEL FIT:
2021-03-20T01:04:27.477379600Z <U+03C7><U+00B2>(84) = 194515.854, p = 0.000
2021-03-20T01:04:27.477388700Z Pseudo-R<U+00B2> (Cragg-Uhler) = 
2021-03-20T01:04:27.477396400Z Pseudo-R<U+00B2> (McFadden) = 0.126
2021-03-20T01:04:27.477404000Z AIC = 1347289.840, BIC = 1348454.966 
2021-03-20T01:04:27.477411600Z 
2021-03-20T01:04:27.477750700Z Standard errors: MLE
2021-03-20T01:04:27.851591100Z ---------------------------------------------------------------------------
2021-03-20T01:04:27.851738600Z                                              Est.    S.E.    z val.       p
2021-03-20T01:04:27.851749600Z --------------------------------------- --------- ------- --------- -------
2021-03-20T01:04:27.851757700Z (Intercept)                               -18.009   0.919   -19.595   0.000
2021-03-20T01:04:27.851791900Z age                                         0.241   0.021    11.390   0.000
2021-03-20T01:04:27.851800300Z I(age  age)                                -0.002   0.000   -12.459   0.000
2021-03-20T01:04:27.851807400Z sexMale                                     0.093   0.005    17.702   0.000
2021-03-20T01:04:27.851814600Z imd2                                        0.113   0.010    11.726   0.000
2021-03-20T01:04:27.851821500Z imd3                                        0.171   0.009    18.547   0.000
2021-03-20T01:04:27.851828800Z imd4                                        0.223   0.009    24.255   0.000
2021-03-20T01:04:27.851836700Z imd5 least deprived                         0.275   0.009    29.865   0.000
2021-03-20T01:04:27.851843700Z ethnicityMixed                              0.292   0.060     4.894   0.000
2021-03-20T01:04:27.851850900Z ethnicitySouth Asian                        0.304   0.033     9.126   0.000
2021-03-20T01:04:27.851935500Z ethnicityWhite                              0.780   0.029    26.682   0.000
2021-03-20T01:04:27.851944500Z ethnicityOther                              0.264   0.046     5.782   0.000
2021-03-20T01:04:27.851951700Z chronic_cardiac_diseaseTRUE                -0.026   0.006    -4.507   0.000
2021-03-20T01:04:27.851958600Z current_copdTRUE                           -0.033   0.008    -3.949   0.000
2021-03-20T01:04:27.851965900Z dementiaTRUE                               -0.228   0.010   -23.656   0.000
2021-03-20T01:04:27.851973000Z dialysisTRUE                               -0.176   0.061    -2.887   0.004
2021-03-20T01:04:27.851980100Z diabetesTRUE                               -0.024   0.006    -4.038   0.000
2021-03-20T01:04:27.851987000Z solid_organ_transplantationTRUE             0.214   0.102     2.108   0.035
2021-03-20T01:04:27.851994200Z chemo_or_radioTRUE                         -0.004   0.015    -0.241   0.809
2021-03-20T01:04:27.852001200Z permanant_immunosuppressionTRUE            -0.034   0.087    -0.393   0.694
2021-03-20T01:04:27.852008200Z aspleniaTRUE                               -0.050   0.053    -0.928   0.354
2021-03-20T01:04:27.852015200Z dmardsTRUE                                  0.021   0.014     1.480   0.139
2021-03-20T01:04:27.852022300Z intel_dis_incl_downs_syndromeTRUE          -0.427   0.069    -6.204   0.000
2021-03-20T01:04:27.852031500Z psychosis_schiz_bipolarTRUE                -0.296   0.031    -9.502   0.000
2021-03-20T01:04:27.852038700Z lung_cancerTRUE                            -0.103   0.031    -3.288   0.001
2021-03-20T01:04:27.852045500Z cancer_excl_lung_and_haemTRUE               0.037   0.007     5.454   0.000
2021-03-20T01:04:27.852077900Z haematological_cancerTRUE                   0.028   0.019     1.530   0.126
2021-03-20T01:04:27.852088400Z flu_vaccineTRUE                             0.848   0.010    87.982   0.000
2021-03-20T01:04:27.852154900Z ns(tstop, df = 4)1                         -0.613   0.046   -13.220   0.000
2021-03-20T01:04:27.852178500Z ns(tstop, df = 4)2                          5.755   0.037   154.544   0.000
2021-03-20T01:04:27.852186800Z ns(tstop, df = 4)3                          7.824   0.101    77.831   0.000
2021-03-20T01:04:27.852193600Z ns(tstop, df = 4)4                         -1.784   0.060   -29.755   0.000
2021-03-20T01:04:27.852200500Z regionEast Midlands                        -1.905   0.111   -17.111   0.000
2021-03-20T01:04:27.852207500Z regionLondon                               -1.979   0.228    -8.688   0.000
2021-03-20T01:04:27.852214400Z regionNorth East                           -1.860   0.173   -10.744   0.000
2021-03-20T01:04:27.852221300Z regionNorth West                           -1.815   0.120   -15.109   0.000
2021-03-20T01:04:27.852228200Z regionSouth East                           -2.421   0.145   -16.752   0.000
2021-03-20T01:04:27.852235100Z regionSouth West                           -1.930   0.094   -20.616   0.000
2021-03-20T01:04:27.852242300Z regionWest Midlands                        -2.905   0.196   -14.840   0.000
2021-03-20T01:04:27.852249500Z regionYorkshire and The                    -2.591   0.108   -24.016   0.000
2021-03-20T01:04:27.852256200Z Humber                                                                     
2021-03-20T01:04:27.852263000Z hospital_status                             0.068   0.006    11.789   0.000
2021-03-20T01:04:27.852269800Z timesince_probable_covid_pw[1,             -2.279   0.502    -4.536   0.000
2021-03-20T01:04:27.852276500Z 3)                                                                         
2021-03-20T01:04:27.852283300Z timesince_probable_covid_pw[3,             -1.731   0.280    -6.192   0.000
2021-03-20T01:04:27.852290100Z 7)                                                                         
2021-03-20T01:04:27.852296800Z timesince_probable_covid_pw[7,             -1.927   0.244    -7.889   0.000
2021-03-20T01:04:27.852303600Z 14)                                                                        
2021-03-20T01:04:27.852310400Z timesince_probable_covid_pw[14,            -1.535   0.216    -7.118   0.000
2021-03-20T01:04:27.852379400Z 21)                                                                        
2021-03-20T01:04:27.852391500Z timesince_probable_covid_pw[21,            -0.789   0.175    -4.500   0.000
2021-03-20T01:04:27.852398700Z 28)                                                                        
2021-03-20T01:04:27.852405700Z timesince_probable_covid_pw[28,            -0.053   0.108    -0.490   0.624
2021-03-20T01:04:27.852412800Z Inf)                                                                       
2021-03-20T01:04:27.852419800Z timesince_suspected_covid_pw[1,             0.622   0.088     7.075   0.000
2021-03-20T01:04:27.852426800Z 3)                                                                         
2021-03-20T01:04:27.852433800Z timesince_suspected_covid_pw[3,             0.562   0.072     7.805   0.000
2021-03-20T01:04:27.852440900Z 7)                                                                         
2021-03-20T01:04:27.852494700Z timesince_suspected_covid_pw[7,             0.075   0.083     0.903   0.366
2021-03-20T01:04:27.852503300Z 14)                                                                        
2021-03-20T01:04:27.852510100Z timesince_suspected_covid_pw[14,            0.182   0.096     1.893   0.058
2021-03-20T01:04:27.852517000Z 21)                                                                        
2021-03-20T01:04:27.852524000Z timesince_suspected_covid_pw[21,           -0.060   0.107    -0.564   0.573
2021-03-20T01:04:27.852531000Z 28)                                                                        
2021-03-20T01:04:27.852537900Z timesince_suspected_covid_pw[28,            0.044   0.066     0.666   0.506
2021-03-20T01:04:27.852652700Z Inf)                                                                       
2021-03-20T01:04:27.852665400Z ns(tstop, df =                              3.308   0.109    30.444   0.000
2021-03-20T01:04:27.852672700Z 4)1:regionEast Midlands                                                    
2021-03-20T01:04:27.852680100Z ns(tstop, df =                              0.733   0.074     9.867   0.000
2021-03-20T01:04:27.852687400Z 4)2:regionEast Midlands                                                    
2021-03-20T01:04:27.852694600Z ns(tstop, df =                              2.675   0.237    11.283   0.000
2021-03-20T01:04:27.852701800Z 4)3:regionEast Midlands                                                    
2021-03-20T01:04:27.852708900Z ns(tstop, df =                              2.480   0.093    26.787   0.000
2021-03-20T01:04:27.852716100Z 4)4:regionEast Midlands                                                    
2021-03-20T01:04:27.852723300Z ns(tstop, df =                              3.386   0.219    15.490   0.000
2021-03-20T01:04:27.852730400Z 4)1:regionLondon                                                           
2021-03-20T01:04:27.852737600Z ns(tstop, df =                              0.819   0.149     5.498   0.000
2021-03-20T01:04:27.852746700Z 4)2:regionLondon                                                           
2021-03-20T01:04:27.852754200Z ns(tstop, df =                              2.415   0.481     5.026   0.000
2021-03-20T01:04:27.852761400Z 4)3:regionLondon                                                           
2021-03-20T01:04:27.852768500Z ns(tstop, df =                              0.420   0.176     2.385   0.017
2021-03-20T01:04:27.852775600Z 4)4:regionLondon                                                           
2021-03-20T01:04:27.852782800Z ns(tstop, df =                              3.638   0.166    21.971   0.000
2021-03-20T01:04:27.852789900Z 4)1:regionNorth East                                                       
2021-03-20T01:04:27.852797100Z ns(tstop, df =                              0.548   0.121     4.520   0.000
2021-03-20T01:04:27.852884200Z 4)2:regionNorth East                                                       
2021-03-20T01:04:27.852900200Z ns(tstop, df =                              2.959   0.366     8.081   0.000
2021-03-20T01:04:27.852908200Z 4)3:regionNorth East                                                       
2021-03-20T01:04:27.852915200Z ns(tstop, df =                              1.139   0.167     6.809   0.000
2021-03-20T01:04:27.852922100Z 4)4:regionNorth East                                                       
2021-03-20T01:04:27.852929000Z ns(tstop, df =                              3.314   0.115    28.772   0.000
2021-03-20T01:04:27.852936000Z 4)1:regionNorth West                                                       
2021-03-20T01:04:27.852942900Z ns(tstop, df =                              0.779   0.088     8.874   0.000
2021-03-20T01:04:27.852949800Z 4)2:regionNorth West                                                       
2021-03-20T01:04:27.852957200Z ns(tstop, df =                              3.288   0.257    12.787   0.000
2021-03-20T01:04:27.852964000Z 4)3:regionNorth West                                                       
2021-03-20T01:04:27.852970900Z ns(tstop, df =                              0.915   0.132     6.939   0.000
2021-03-20T01:04:27.852977800Z 4)4:regionNorth West                                                       
2021-03-20T01:04:27.852984800Z ns(tstop, df =                              3.003   0.138    21.782   0.000
2021-03-20T01:04:27.852991800Z 4)1:regionSouth East                                                       
2021-03-20T01:04:27.853002100Z ns(tstop, df =                              1.041   0.101    10.344   0.000
2021-03-20T01:04:27.853009200Z 4)2:regionSouth East                                                       
2021-03-20T01:04:27.853016100Z ns(tstop, df =                              4.653   0.308    15.099   0.000
2021-03-20T01:04:27.853023000Z 4)3:regionSouth East                                                       
2021-03-20T01:04:27.853031200Z ns(tstop, df =                              1.093   0.130     8.400   0.000
2021-03-20T01:04:27.853038500Z 4)4:regionSouth East                                                       
2021-03-20T01:04:27.853045500Z ns(tstop, df =                              2.751   0.091    30.252   0.000
2021-03-20T01:04:27.853078500Z 4)1:regionSouth West                                                       
2021-03-20T01:04:27.853088500Z ns(tstop, df =                              0.818   0.068    12.011   0.000
2021-03-20T01:04:27.853095500Z 4)2:regionSouth West                                                       
2021-03-20T01:04:27.853161600Z ns(tstop, df =                              3.695   0.202    18.280   0.000
2021-03-20T01:04:27.853169400Z 4)3:regionSouth West                                                       
2021-03-20T01:04:27.853176400Z ns(tstop, df =                              1.269   0.097    13.122   0.000
2021-03-20T01:04:27.853183400Z 4)4:regionSouth West                                                       
2021-03-20T01:04:27.853190400Z ns(tstop, df =                              3.426   0.183    18.767   0.000
2021-03-20T01:04:27.853205100Z 4)1:regionWest Midlands                                                    
2021-03-20T01:04:27.853212900Z ns(tstop, df =                              1.383   0.141     9.777   0.000
2021-03-20T01:04:27.853219800Z 4)2:regionWest Midlands                                                    
2021-03-20T01:04:27.853226800Z ns(tstop, df =                              6.019   0.415    14.488   0.000
2021-03-20T01:04:27.853233800Z 4)3:regionWest Midlands                                                    
2021-03-20T01:04:27.853240700Z ns(tstop, df =                             -0.128   0.178    -0.718   0.473
2021-03-20T01:04:27.853247700Z 4)4:regionWest Midlands                                                    
2021-03-20T01:04:27.853254500Z ns(tstop, df =                              3.672   0.103    35.773   0.000
2021-03-20T01:04:27.853261600Z 4)1:regionYorkshire and The                                                
2021-03-20T01:04:27.853268600Z Humber                                                                     
2021-03-20T01:04:27.853275500Z ns(tstop, df =                              0.897   0.079    11.359   0.000
2021-03-20T01:04:27.853282600Z 4)2:regionYorkshire and The                                                
2021-03-20T01:04:27.853289400Z Humber                                                                     
2021-03-20T01:04:27.853296400Z ns(tstop, df =                              5.421   0.231    23.490   0.000
2021-03-20T01:04:27.853303300Z 4)3:regionYorkshire and The                                                
2021-03-20T01:04:27.853310700Z Humber                                                                     
2021-03-20T01:04:27.853319900Z ns(tstop, df =                              1.058   0.108     9.785   0.000
2021-03-20T01:04:27.853327000Z 4)4:regionYorkshire and The                                                
2021-03-20T01:04:27.853392100Z Humber                                                                     
2021-03-20T01:04:27.853404300Z ---------------------------------------------------------------------------
2021-03-20T01:04:27.853411500Z ipwvaxany1 data size = 6631661 
2021-03-20T01:04:41.583838600Z memory usage = 4.829 GB 
2021-03-20T01:04:41.583929700Z   
2021-03-20T01:04:41.583938500Z ipwvaxpany1_fxd 
2021-03-20T01:13:59.032094300Z MODEL INFO:
2021-03-20T01:13:59.032198600Z Observations: 6631661
2021-03-20T01:13:59.032208200Z Dependent Variable: 
2021-03-20T01:13:59.032215800Z Type: Generalized linear model
2021-03-20T01:13:59.032223200Z   Family: binomial 
2021-03-20T01:13:59.032230800Z   Link function: logit 
2021-03-20T01:13:59.032238200Z 
2021-03-20T01:13:59.034679300Z MODEL FIT:
2021-03-20T01:13:59.034761600Z <U+03C7><U+00B2>(71) = 193902.259, p = 0.000
2021-03-20T01:13:59.034815300Z Pseudo-R<U+00B2> (Cragg-Uhler) = 
2021-03-20T01:13:59.034824100Z Pseudo-R<U+00B2> (McFadden) = 0.126
2021-03-20T01:13:59.034831300Z AIC = 1347877.435, BIC = 1348864.365 
2021-03-20T01:13:59.034838200Z 
2021-03-20T01:13:59.035005200Z Standard errors: MLE
2021-03-20T01:13:59.298914200Z ---------------------------------------------------------------------------
2021-03-20T01:13:59.298961800Z                                              Est.    S.E.    z val.       p
2021-03-20T01:13:59.298970800Z --------------------------------------- --------- ------- --------- -------
2021-03-20T01:13:59.298977700Z (Intercept)                               -18.118   0.919   -19.718   0.000
2021-03-20T01:13:59.298984800Z age                                         0.245   0.021    11.541   0.000
2021-03-20T01:13:59.298991700Z I(age  age)                                -0.002   0.000   -12.596   0.000
2021-03-20T01:13:59.298998900Z sexMale                                     0.092   0.005    17.597   0.000
2021-03-20T01:13:59.299005700Z imd2                                        0.112   0.010    11.667   0.000
2021-03-20T01:13:59.299012700Z imd3                                        0.171   0.009    18.547   0.000
2021-03-20T01:13:59.299019600Z imd4                                        0.223   0.009    24.231   0.000
2021-03-20T01:13:59.299026500Z imd5 least deprived                         0.274   0.009    29.793   0.000
2021-03-20T01:13:59.299033200Z ethnicityMixed                              0.287   0.060     4.809   0.000
2021-03-20T01:13:59.299040100Z ethnicitySouth Asian                        0.302   0.033     9.084   0.000
2021-03-20T01:13:59.299046800Z ethnicityWhite                              0.782   0.029    26.756   0.000
2021-03-20T01:13:59.299053700Z ethnicityOther                              0.261   0.046     5.725   0.000
2021-03-20T01:13:59.299060400Z chronic_cardiac_diseaseTRUE                -0.017   0.006    -3.017   0.003
2021-03-20T01:13:59.299067400Z current_copdTRUE                           -0.028   0.008    -3.322   0.001
2021-03-20T01:13:59.299074100Z dementiaTRUE                               -0.225   0.010   -23.399   0.000
2021-03-20T01:13:59.299081100Z dialysisTRUE                               -0.179   0.061    -2.933   0.003
2021-03-20T01:13:59.299088000Z diabetesTRUE                               -0.022   0.006    -3.718   0.000
2021-03-20T01:13:59.299094900Z solid_organ_transplantationTRUE             0.228   0.102     2.244   0.025
2021-03-20T01:13:59.299101700Z chemo_or_radioTRUE                         -0.002   0.015    -0.134   0.894
2021-03-20T01:13:59.299108600Z permanant_immunosuppressionTRUE            -0.023   0.087    -0.264   0.791
2021-03-20T01:13:59.299115500Z aspleniaTRUE                               -0.048   0.053    -0.892   0.373
2021-03-20T01:13:59.299122400Z dmardsTRUE                                  0.026   0.014     1.822   0.068
2021-03-20T01:13:59.299155000Z intel_dis_incl_downs_syndromeTRUE          -0.427   0.069    -6.197   0.000
2021-03-20T01:13:59.299164500Z psychosis_schiz_bipolarTRUE                -0.293   0.031    -9.432   0.000
2021-03-20T01:13:59.299171500Z lung_cancerTRUE                            -0.097   0.031    -3.098   0.002
2021-03-20T01:13:59.299178400Z cancer_excl_lung_and_haemTRUE               0.043   0.007     6.385   0.000
2021-03-20T01:13:59.299185100Z haematological_cancerTRUE                   0.034   0.019     1.837   0.066
2021-03-20T01:13:59.299191700Z flu_vaccineTRUE                             0.853   0.010    88.673   0.000
2021-03-20T01:13:59.299198500Z ns(tstop, df = 4)1                         -0.614   0.046   -13.244   0.000
2021-03-20T01:13:59.299205200Z ns(tstop, df = 4)2                          5.753   0.037   154.471   0.000
2021-03-20T01:13:59.299212000Z ns(tstop, df = 4)3                          7.809   0.101    77.694   0.000
2021-03-20T01:13:59.299218600Z ns(tstop, df = 4)4                         -1.807   0.060   -30.137   0.000
2021-03-20T01:13:59.299225300Z regionEast Midlands                        -1.906   0.111   -17.122   0.000
2021-03-20T01:13:59.299232000Z regionLondon                               -1.977   0.228    -8.683   0.000
2021-03-20T01:13:59.299238700Z regionNorth East                           -1.862   0.173   -10.751   0.000
2021-03-20T01:13:59.299245600Z regionNorth West                           -1.819   0.120   -15.140   0.000
2021-03-20T01:13:59.299252400Z regionSouth East                           -2.423   0.145   -16.765   0.000
2021-03-20T01:13:59.299259300Z regionSouth West                           -1.929   0.094   -20.607   0.000
2021-03-20T01:13:59.299266000Z regionWest Midlands                        -2.906   0.196   -14.844   0.000
2021-03-20T01:13:59.299273000Z regionYorkshire and The                    -2.591   0.108   -24.011   0.000
2021-03-20T01:13:59.299279900Z Humber                                                                     
2021-03-20T01:13:59.299286800Z ns(tstop, df =                              3.308   0.109    30.444   0.000
2021-03-20T01:13:59.299293500Z 4)1:regionEast Midlands                                                    
2021-03-20T01:13:59.299300200Z ns(tstop, df =                              0.734   0.074     9.882   0.000
2021-03-20T01:13:59.299306900Z 4)2:regionEast Midlands                                                    
2021-03-20T01:13:59.299313700Z ns(tstop, df =                              2.682   0.237    11.313   0.000
2021-03-20T01:13:59.299320400Z 4)3:regionEast Midlands                                                    
2021-03-20T01:13:59.299327100Z ns(tstop, df =                              2.488   0.093    26.867   0.000
2021-03-20T01:13:59.299333800Z 4)4:regionEast Midlands                                                    
2021-03-20T01:13:59.299343200Z ns(tstop, df =                              3.386   0.219    15.495   0.000
2021-03-20T01:13:59.299350900Z 4)1:regionLondon                                                           
2021-03-20T01:13:59.299365300Z ns(tstop, df =                              0.811   0.149     5.444   0.000
2021-03-20T01:13:59.299372700Z 4)2:regionLondon                                                           
2021-03-20T01:13:59.299380200Z ns(tstop, df =                              2.397   0.480     4.990   0.000
2021-03-20T01:13:59.299387400Z 4)3:regionLondon                                                           
2021-03-20T01:13:59.299394400Z ns(tstop, df =                              0.405   0.176     2.298   0.022
2021-03-20T01:13:59.299401400Z 4)4:regionLondon                                                           
2021-03-20T01:13:59.299408200Z ns(tstop, df =                              3.638   0.166    21.966   0.000
2021-03-20T01:13:59.299415000Z 4)1:regionNorth East                                                       
2021-03-20T01:13:59.299422100Z ns(tstop, df =                              0.551   0.121     4.545   0.000
2021-03-20T01:13:59.299429500Z 4)2:regionNorth East                                                       
2021-03-20T01:13:59.299436400Z ns(tstop, df =                              2.965   0.366     8.098   0.000
2021-03-20T01:13:59.299443400Z 4)3:regionNorth East                                                       
2021-03-20T01:13:59.299450400Z ns(tstop, df =                              1.144   0.167     6.839   0.000
2021-03-20T01:13:59.299457300Z 4)4:regionNorth East                                                       
2021-03-20T01:13:59.299464200Z ns(tstop, df =                              3.319   0.115    28.810   0.000
2021-03-20T01:13:59.299471100Z 4)1:regionNorth West                                                       
2021-03-20T01:13:59.299478300Z ns(tstop, df =                              0.783   0.088     8.911   0.000
2021-03-20T01:13:59.299485500Z 4)2:regionNorth West                                                       
2021-03-20T01:13:59.299492200Z ns(tstop, df =                              3.301   0.257    12.837   0.000
2021-03-20T01:13:59.299498900Z 4)3:regionNorth West                                                       
2021-03-20T01:13:59.299505500Z ns(tstop, df =                              0.912   0.132     6.907   0.000
2021-03-20T01:13:59.299512200Z 4)4:regionNorth West                                                       
2021-03-20T01:13:59.299519000Z ns(tstop, df =                              3.005   0.138    21.793   0.000
2021-03-20T01:13:59.299525700Z 4)1:regionSouth East                                                       
2021-03-20T01:13:59.299532700Z ns(tstop, df =                              1.045   0.101    10.382   0.000
2021-03-20T01:13:59.299539500Z 4)2:regionSouth East                                                       
2021-03-20T01:13:59.299547100Z ns(tstop, df =                              4.660   0.308    15.121   0.000
2021-03-20T01:13:59.299554000Z 4)3:regionSouth East                                                       
2021-03-20T01:13:59.299568100Z ns(tstop, df =                              1.078   0.130     8.282   0.000
2021-03-20T01:13:59.299575700Z 4)4:regionSouth East                                                       
2021-03-20T01:13:59.299582600Z ns(tstop, df =                              2.751   0.091    30.250   0.000
2021-03-20T01:13:59.299589400Z 4)1:regionSouth West                                                       
2021-03-20T01:13:59.299596200Z ns(tstop, df =                              0.820   0.068    12.044   0.000
2021-03-20T01:13:59.299603000Z 4)2:regionSouth West                                                       
2021-03-20T01:13:59.299609800Z ns(tstop, df =                              3.696   0.202    18.287   0.000
2021-03-20T01:13:59.299616800Z 4)3:regionSouth West                                                       
2021-03-20T01:13:59.299624000Z ns(tstop, df =                              1.267   0.097    13.098   0.000
2021-03-20T01:13:59.299630900Z 4)4:regionSouth West                                                       
2021-03-20T01:13:59.299637500Z ns(tstop, df =                              3.426   0.183    18.768   0.000
2021-03-20T01:13:59.299644400Z 4)1:regionWest Midlands                                                    
2021-03-20T01:13:59.299651300Z ns(tstop, df =                              1.385   0.141     9.790   0.000
2021-03-20T01:13:59.299658300Z 4)2:regionWest Midlands                                                    
2021-03-20T01:13:59.299665000Z ns(tstop, df =                              6.023   0.415    14.495   0.000
2021-03-20T01:13:59.299672000Z 4)3:regionWest Midlands                                                    
2021-03-20T01:13:59.299678900Z ns(tstop, df =                             -0.131   0.178    -0.735   0.462
2021-03-20T01:13:59.299685800Z 4)4:regionWest Midlands                                                    
2021-03-20T01:13:59.299692700Z ns(tstop, df =                              3.672   0.103    35.769   0.000
2021-03-20T01:13:59.299699600Z 4)1:regionYorkshire and The                                                
2021-03-20T01:13:59.299706300Z Humber                                                                     
2021-03-20T01:13:59.299713000Z ns(tstop, df =                              0.899   0.079    11.392   0.000
2021-03-20T01:13:59.299719800Z 4)2:regionYorkshire and The                                                
2021-03-20T01:13:59.299726500Z Humber                                                                     
2021-03-20T01:13:59.299733200Z ns(tstop, df =                              5.429   0.231    23.523   0.000
2021-03-20T01:13:59.299740400Z 4)3:regionYorkshire and The                                                
2021-03-20T01:13:59.299747500Z Humber                                                                     
2021-03-20T01:13:59.299754500Z ns(tstop, df =                              1.068   0.108     9.875   0.000
2021-03-20T01:13:59.299761200Z 4)4:regionYorkshire and The                                                
2021-03-20T01:13:59.299774800Z Humber                                                                     
2021-03-20T01:13:59.299782300Z ---------------------------------------------------------------------------
2021-03-20T01:13:59.306520600Z ipwvaxany1_fxd data size = 6631661 
2021-03-20T01:14:11.429850500Z memory usage = 4.829 GB 
2021-03-20T01:32:54.795660800Z   
2021-03-20T01:32:54.795727600Z ipwdeath 
2021-03-20T02:10:40.229468800Z MODEL INFO:
2021-03-20T02:10:40.229616200Z Observations: 14539417
2021-03-20T02:10:40.229626300Z Dependent Variable: 
2021-03-20T02:10:40.229633800Z Type: Generalized linear model
2021-03-20T02:10:40.229641100Z   Family: binomial 
2021-03-20T02:10:40.229648300Z   Link function: logit 
2021-03-20T02:10:40.229655700Z 
2021-03-20T02:10:40.231650800Z MODEL FIT:
2021-03-20T02:10:40.231791100Z <U+03C7><U+00B2>(90) = 2621.346, p = 0.000
2021-03-20T02:10:40.231806700Z Pseudo-R<U+00B2> (Cragg-Uhler) = 
2021-03-20T02:10:40.231815200Z Pseudo-R<U+00B2> (McFadden) = 0.062
2021-03-20T02:10:40.231823000Z AIC = 39712.125, BIC = 41030.931 
2021-03-20T02:10:40.231830800Z 
2021-03-20T02:10:40.231841000Z Standard errors: MLE
2021-03-20T02:10:40.538339100Z ---------------------------------------------------------------------------
2021-03-20T02:10:40.538437400Z                                              Est.    S.E.    z val.       p
2021-03-20T02:10:40.538447000Z --------------------------------------- --------- ------- --------- -------
2021-03-20T02:10:40.538454800Z (Intercept)                               -22.757   5.861    -3.882   0.000
2021-03-20T02:10:40.538462700Z age                                         0.196   0.132     1.478   0.139
2021-03-20T02:10:40.538470200Z I(age  age)                                -0.000   0.001    -0.620   0.535
2021-03-20T02:10:40.538478200Z sexMale                                     0.192   0.045     4.299   0.000
2021-03-20T02:10:40.538485700Z imd2                                        0.043   0.076     0.562   0.574
2021-03-20T02:10:40.538493400Z imd3                                       -0.116   0.076    -1.524   0.128
2021-03-20T02:10:40.538500800Z imd4                                       -0.094   0.076    -1.236   0.216
2021-03-20T02:10:40.538511500Z imd5 least deprived                        -0.070   0.076    -0.928   0.354
2021-03-20T02:10:40.538519600Z ethnicityMixed                              0.183   0.400     0.456   0.648
2021-03-20T02:10:40.538527300Z ethnicitySouth Asian                        0.046   0.224     0.207   0.836
2021-03-20T02:10:40.538534700Z ethnicityWhite                              0.014   0.194     0.073   0.942
2021-03-20T02:10:40.538542400Z ethnicityOther                              0.254   0.301     0.842   0.400
2021-03-20T02:10:40.538578600Z chronic_cardiac_diseaseTRUE                 0.323   0.045     7.179   0.000
2021-03-20T02:10:40.538586900Z current_copdTRUE                            0.380   0.062     6.137   0.000
2021-03-20T02:10:40.538593900Z dementiaTRUE                                0.948   0.053    17.818   0.000
2021-03-20T02:10:40.538601000Z dialysisTRUE                                1.801   0.200     9.000   0.000
2021-03-20T02:10:40.538607900Z diabetesTRUE                                0.255   0.047     5.386   0.000
2021-03-20T02:10:40.538615000Z solid_organ_transplantationTRUE            -0.947   1.011    -0.937   0.349
2021-03-20T02:10:40.538621900Z chemo_or_radioTRUE                          0.187   0.100     1.878   0.060
2021-03-20T02:10:40.538629000Z permanant_immunosuppressionTRUE            -0.760   1.001    -0.759   0.448
2021-03-20T02:10:40.538635800Z aspleniaTRUE                                0.755   0.303     2.490   0.013
2021-03-20T02:10:40.538643000Z dmardsTRUE                                  0.097   0.127     0.764   0.445
2021-03-20T02:10:40.538649900Z intel_dis_incl_downs_syndromeTRUE           0.657   0.380     1.732   0.083
2021-03-20T02:10:40.538658800Z psychosis_schiz_bipolarTRUE                 0.541   0.179     3.018   0.003
2021-03-20T02:10:40.538666200Z lung_cancerTRUE                             1.545   0.123    12.609   0.000
2021-03-20T02:10:40.538673000Z cancer_excl_lung_and_haemTRUE               0.573   0.049    11.579   0.000
2021-03-20T02:10:40.538680100Z haematological_cancerTRUE                   0.468   0.126     3.725   0.000
2021-03-20T02:10:40.538687000Z flu_vaccineTRUE                            -0.049   0.070    -0.694   0.488
2021-03-20T02:10:40.538694000Z timesincevax_pw(0,1]                       -1.512   0.321    -4.705   0.000
2021-03-20T02:10:40.538700900Z timesincevax_pw(1,4]                       -1.585   0.194    -8.156   0.000
2021-03-20T02:10:40.538707900Z timesincevax_pw(4,7]                       -1.319   0.169    -7.815   0.000
2021-03-20T02:10:40.538714900Z timesincevax_pw(7,14]                      -1.362   0.118   -11.495   0.000
2021-03-20T02:10:40.538722000Z timesincevax_pw(14,21]                     -1.278   0.114   -11.205   0.000
2021-03-20T02:10:40.538728900Z timesincevax_pw(21, Inf]                   -1.751   0.095   -18.461   0.000
2021-03-20T02:10:40.538736100Z ns(tstop, df = 4)1                          0.728   0.215     3.394   0.001
2021-03-20T02:10:40.538743000Z ns(tstop, df = 4)2                          1.099   0.248     4.429   0.000
2021-03-20T02:10:40.538750200Z ns(tstop, df = 4)3                          0.864   0.442     1.956   0.051
2021-03-20T02:10:40.538757200Z ns(tstop, df = 4)4                          0.862   0.268     3.219   0.001
2021-03-20T02:10:40.538764700Z regionEast Midlands                         0.321   0.244     1.317   0.188
2021-03-20T02:10:40.538771600Z regionLondon                               -0.426   0.489    -0.870   0.384
2021-03-20T02:10:40.538785900Z regionNorth East                            0.806   0.342     2.354   0.019
2021-03-20T02:10:40.538814200Z regionNorth West                           -0.140   0.325    -0.430   0.667
2021-03-20T02:10:40.538828900Z regionSouth East                            0.713   0.282     2.527   0.012
2021-03-20T02:10:40.538837700Z regionSouth West                            0.675   0.224     3.013   0.003
2021-03-20T02:10:40.538845300Z regionWest Midlands                        -0.361   0.517    -0.699   0.485
2021-03-20T02:10:40.538852500Z regionYorkshire and The                     0.109   0.274     0.396   0.692
2021-03-20T02:10:40.538859600Z Humber                                                                     
2021-03-20T02:10:40.538866500Z hospital_status                             0.027   0.061     0.436   0.663
2021-03-20T02:10:40.538873700Z timesince_probable_covid_pw[1,              2.573   0.397     6.481   0.000
2021-03-20T02:10:40.538880800Z 3)                                                                         
2021-03-20T02:10:40.538889600Z timesince_probable_covid_pw[3,              2.751   0.289     9.509   0.000
2021-03-20T02:10:40.538896900Z 7)                                                                         
2021-03-20T02:10:40.538904000Z timesince_probable_covid_pw[7,              2.445   0.286     8.540   0.000
2021-03-20T02:10:40.538911000Z 14)                                                                        
2021-03-20T02:10:40.538917900Z timesince_probable_covid_pw[14,             1.933   0.386     5.008   0.000
2021-03-20T02:10:40.538924800Z 21)                                                                        
2021-03-20T02:10:40.538932100Z timesince_probable_covid_pw[21,             1.695   0.456     3.718   0.000
2021-03-20T02:10:40.538939200Z 28)                                                                        
2021-03-20T02:10:40.538946100Z timesince_probable_covid_pw[28,             0.989   0.453     2.181   0.029
2021-03-20T02:10:40.538953600Z Inf)                                                                       
2021-03-20T02:10:40.538960900Z timesince_suspected_covid_pw[1,             1.405   0.464     3.028   0.002
2021-03-20T02:10:40.538968200Z 3)                                                                         
2021-03-20T02:10:40.538975100Z timesince_suspected_covid_pw[3,             1.327   0.367     3.616   0.000
2021-03-20T02:10:40.538981900Z 7)                                                                         
2021-03-20T02:10:40.538989000Z timesince_suspected_covid_pw[7,             0.466   0.456     1.022   0.307
2021-03-20T02:10:40.538995800Z 14)                                                                        
2021-03-20T02:10:40.539002600Z timesince_suspected_covid_pw[14,            0.496   0.507     0.978   0.328
2021-03-20T02:10:40.539009500Z 21)                                                                        
2021-03-20T02:10:40.539016600Z timesince_suspected_covid_pw[21,            0.898   0.454     1.976   0.048
2021-03-20T02:10:40.539031900Z 28)                                                                        
2021-03-20T02:10:40.539039600Z timesince_suspected_covid_pw[28,            0.480   0.338     1.421   0.155
2021-03-20T02:10:40.539046500Z Inf)                                                                       
2021-03-20T02:10:40.539053500Z ns(tstop, df =                             -0.437   0.329    -1.328   0.184
2021-03-20T02:10:40.539060400Z 4)1:regionEast Midlands                                                    
2021-03-20T02:10:40.539067400Z ns(tstop, df =                             -0.132   0.365    -0.361   0.718
2021-03-20T02:10:40.539074300Z 4)2:regionEast Midlands                                                    
2021-03-20T02:10:40.539081400Z ns(tstop, df =                             -0.776   0.648    -1.198   0.231
2021-03-20T02:10:40.539089100Z 4)3:regionEast Midlands                                                    
2021-03-20T02:10:40.539096500Z ns(tstop, df =                              0.152   0.391     0.387   0.699
2021-03-20T02:10:40.539103400Z 4)4:regionEast Midlands                                                    
2021-03-20T02:10:40.539110400Z ns(tstop, df =                              0.904   0.573     1.578   0.115
2021-03-20T02:10:40.539117200Z 4)1:regionLondon                                                           
2021-03-20T02:10:40.539124300Z ns(tstop, df =                             -1.135   0.705    -1.611   0.107
2021-03-20T02:10:40.539131200Z 4)2:regionLondon                                                           
2021-03-20T02:10:40.539138200Z ns(tstop, df =                              0.328   1.227     0.267   0.789
2021-03-20T02:10:40.539145100Z 4)3:regionLondon                                                           
2021-03-20T02:10:40.539152200Z ns(tstop, df =                              0.572   0.605     0.947   0.344
2021-03-20T02:10:40.539159100Z 4)4:regionLondon                                                           
2021-03-20T02:10:40.539166200Z ns(tstop, df =                             -0.587   0.519    -1.130   0.259
2021-03-20T02:10:40.539173000Z 4)1:regionNorth East                                                       
2021-03-20T02:10:40.539180100Z ns(tstop, df =                              0.299   0.523     0.572   0.567
2021-03-20T02:10:40.539187100Z 4)2:regionNorth East                                                       
2021-03-20T02:10:40.539194300Z ns(tstop, df =                             -2.233   0.978    -2.284   0.022
2021-03-20T02:10:40.539201300Z 4)3:regionNorth East                                                       
2021-03-20T02:10:40.539208500Z ns(tstop, df =                              0.718   0.599     1.199   0.230
2021-03-20T02:10:40.539215400Z 4)4:regionNorth East                                                       
2021-03-20T02:10:40.539222600Z ns(tstop, df =                              0.025   0.411     0.060   0.952
2021-03-20T02:10:40.539236600Z 4)1:regionNorth West                                                       
2021-03-20T02:10:40.539244400Z ns(tstop, df =                              0.481   0.431     1.118   0.264
2021-03-20T02:10:40.539251300Z 4)2:regionNorth West                                                       
2021-03-20T02:10:40.539258400Z ns(tstop, df =                              1.045   0.828     1.262   0.207
2021-03-20T02:10:40.539265200Z 4)3:regionNorth West                                                       
2021-03-20T02:10:40.539272300Z ns(tstop, df =                              0.608   0.424     1.433   0.152
2021-03-20T02:10:40.539279200Z 4)4:regionNorth West                                                       
2021-03-20T02:10:40.539286900Z ns(tstop, df =                             -0.283   0.398    -0.711   0.477
2021-03-20T02:10:40.539293800Z 4)1:regionSouth East                                                       
2021-03-20T02:10:40.539301000Z ns(tstop, df =                             -0.590   0.472    -1.250   0.211
2021-03-20T02:10:40.539307900Z 4)2:regionSouth East                                                       
2021-03-20T02:10:40.539317200Z ns(tstop, df =                             -1.772   0.780    -2.270   0.023
2021-03-20T02:10:40.539324200Z 4)3:regionSouth East                                                       
2021-03-20T02:10:40.539331100Z ns(tstop, df =                             -0.255   0.544    -0.468   0.640
2021-03-20T02:10:40.539338000Z 4)4:regionSouth East                                                       
2021-03-20T02:10:40.539344900Z ns(tstop, df =                             -0.662   0.306    -2.166   0.030
2021-03-20T02:10:40.539351900Z 4)1:regionSouth West                                                       
2021-03-20T02:10:40.539359000Z ns(tstop, df =                              0.152   0.331     0.459   0.646
2021-03-20T02:10:40.539366100Z 4)2:regionSouth West                                                       
2021-03-20T02:10:40.539373200Z ns(tstop, df =                             -0.712   0.596    -1.194   0.232
2021-03-20T02:10:40.539380200Z 4)3:regionSouth West                                                       
2021-03-20T02:10:40.539387500Z ns(tstop, df =                              0.184   0.357     0.514   0.607
2021-03-20T02:10:40.539394800Z 4)4:regionSouth West                                                       
2021-03-20T02:10:40.539401900Z ns(tstop, df =                              0.684   0.615     1.112   0.266
2021-03-20T02:10:40.539409000Z 4)1:regionWest Midlands                                                    
2021-03-20T02:10:40.539416500Z ns(tstop, df =                              0.186   0.659     0.282   0.778
2021-03-20T02:10:40.539423600Z 4)2:regionWest Midlands                                                    
2021-03-20T02:10:40.539430500Z ns(tstop, df =                              0.566   1.298     0.436   0.663
2021-03-20T02:10:40.539444600Z 4)3:regionWest Midlands                                                    
2021-03-20T02:10:40.539452300Z ns(tstop, df =                              0.312   0.670     0.466   0.642
2021-03-20T02:10:40.539459500Z 4)4:regionWest Midlands                                                    
2021-03-20T02:10:40.539466500Z ns(tstop, df =                             -0.670   0.379    -1.767   0.077
2021-03-20T02:10:40.539473500Z 4)1:regionYorkshire and The                                                
2021-03-20T02:10:40.539480300Z Humber                                                                     
2021-03-20T02:10:40.539488100Z ns(tstop, df =                              0.375   0.410     0.916   0.360
2021-03-20T02:10:40.539495500Z 4)2:regionYorkshire and The                                                
2021-03-20T02:10:40.539502400Z Humber                                                                     
2021-03-20T02:10:40.539509500Z ns(tstop, df =                             -0.043   0.728    -0.059   0.953
2021-03-20T02:10:40.539516600Z 4)3:regionYorkshire and The                                                
2021-03-20T02:10:40.539523600Z Humber                                                                     
2021-03-20T02:10:40.539530700Z ns(tstop, df =                             -0.423   0.458    -0.923   0.356
2021-03-20T02:10:40.539537600Z 4)4:regionYorkshire and The                                                
2021-03-20T02:10:40.539544500Z Humber                                                                     
2021-03-20T02:10:40.539551300Z ---------------------------------------------------------------------------
2021-03-20T02:10:40.539558500Z ipwdeath data size = 14539417 
2021-03-20T02:11:27.834422400Z memory usage = 10.803 GB 
2021-03-20T02:11:27.834539400Z   
2021-03-20T02:11:27.834548900Z ipwdeath_fxd 
2021-03-20T02:37:47.913354200Z MODEL INFO:
2021-03-20T02:37:47.913447200Z Observations: 14539417
2021-03-20T02:37:47.913457000Z Dependent Variable: 
2021-03-20T02:37:47.913464600Z Type: Generalized linear model
2021-03-20T02:37:47.913472200Z   Family: binomial 
2021-03-20T02:37:47.913479600Z   Link function: logit 
2021-03-20T02:37:47.913487100Z 
2021-03-20T02:37:47.915529500Z MODEL FIT:
2021-03-20T02:37:47.915556200Z <U+03C7><U+00B2>(77) = 2455.219, p = 0.000
2021-03-20T02:37:47.915567000Z Pseudo-R<U+00B2> (Cragg-Uhler) = 
2021-03-20T02:37:47.915574900Z Pseudo-R<U+00B2> (McFadden) = 0.058
2021-03-20T02:37:47.915582600Z AIC = 39852.252, BIC = 40982.657 
2021-03-20T02:37:47.915590400Z 
2021-03-20T02:37:47.915734000Z Standard errors: MLE
2021-03-20T02:37:48.169081600Z ---------------------------------------------------------------------------
2021-03-20T02:37:48.169189400Z                                              Est.    S.E.    z val.       p
2021-03-20T02:37:48.169198800Z --------------------------------------- --------- ------- --------- -------
2021-03-20T02:37:48.169206100Z (Intercept)                               -22.273   5.831    -3.820   0.000
2021-03-20T02:37:48.169212900Z age                                         0.183   0.132     1.390   0.165
2021-03-20T02:37:48.169219900Z I(age  age)                                -0.000   0.001    -0.521   0.602
2021-03-20T02:37:48.169226700Z sexMale                                     0.188   0.045     4.204   0.000
2021-03-20T02:37:48.169233600Z imd2                                        0.038   0.076     0.507   0.612
2021-03-20T02:37:48.169240400Z imd3                                       -0.119   0.076    -1.574   0.116
2021-03-20T02:37:48.169247300Z imd4                                       -0.095   0.076    -1.259   0.208
2021-03-20T02:37:48.169254000Z imd5 least deprived                        -0.071   0.076    -0.945   0.345
2021-03-20T02:37:48.169260900Z ethnicityMixed                              0.258   0.400     0.644   0.519
2021-03-20T02:37:48.169267700Z ethnicitySouth Asian                        0.068   0.224     0.302   0.762
2021-03-20T02:37:48.169274600Z ethnicityWhite                              0.051   0.194     0.265   0.791
2021-03-20T02:37:48.169281400Z ethnicityOther                              0.262   0.301     0.870   0.384
2021-03-20T02:37:48.169288300Z chronic_cardiac_diseaseTRUE                 0.326   0.045     7.283   0.000
2021-03-20T02:37:48.169295000Z current_copdTRUE                            0.377   0.062     6.086   0.000
2021-03-20T02:37:48.169301900Z dementiaTRUE                                0.971   0.053    18.332   0.000
2021-03-20T02:37:48.169308700Z dialysisTRUE                                1.839   0.200     9.194   0.000
2021-03-20T02:37:48.169315600Z diabetesTRUE                                0.261   0.047     5.509   0.000
2021-03-20T02:37:48.169322400Z solid_organ_transplantationTRUE            -0.986   1.011    -0.975   0.330
2021-03-20T02:37:48.169329300Z chemo_or_radioTRUE                          0.187   0.100     1.880   0.060
2021-03-20T02:37:48.169336100Z permanant_immunosuppressionTRUE            -0.762   1.001    -0.762   0.446
2021-03-20T02:37:48.169343000Z aspleniaTRUE                                0.733   0.303     2.416   0.016
2021-03-20T02:37:48.169349800Z dmardsTRUE                                  0.095   0.127     0.751   0.453
2021-03-20T02:37:48.169356800Z intel_dis_incl_downs_syndromeTRUE           0.651   0.380     1.715   0.086
2021-03-20T02:37:48.169365700Z psychosis_schiz_bipolarTRUE                 0.574   0.179     3.204   0.001
2021-03-20T02:37:48.169372900Z lung_cancerTRUE                             1.543   0.123    12.595   0.000
2021-03-20T02:37:48.169379800Z cancer_excl_lung_and_haemTRUE               0.572   0.049    11.594   0.000
2021-03-20T02:37:48.169386600Z haematological_cancerTRUE                   0.465   0.126     3.702   0.000
2021-03-20T02:37:48.169402100Z flu_vaccineTRUE                            -0.025   0.070    -0.353   0.724
2021-03-20T02:37:48.169409800Z timesincevax_pw(0,1]                       -1.561   0.318    -4.907   0.000
2021-03-20T02:37:48.169416700Z timesincevax_pw(1,4]                       -1.636   0.189    -8.656   0.000
2021-03-20T02:37:48.169423700Z timesincevax_pw(4,7]                       -1.375   0.163    -8.457   0.000
2021-03-20T02:37:48.169430500Z timesincevax_pw(7,14]                      -1.419   0.110   -12.931   0.000
2021-03-20T02:37:48.169437500Z timesincevax_pw(14,21]                     -1.334   0.105   -12.680   0.000
2021-03-20T02:37:48.169444300Z timesincevax_pw(21, Inf]                   -1.820   0.084   -21.689   0.000
2021-03-20T02:37:48.169451200Z ns(tstop, df = 4)1                          0.763   0.214     3.557   0.000
2021-03-20T02:37:48.169458000Z ns(tstop, df = 4)2                          1.208   0.248     4.877   0.000
2021-03-20T02:37:48.169464800Z ns(tstop, df = 4)3                          0.951   0.441     2.154   0.031
2021-03-20T02:37:48.169471700Z ns(tstop, df = 4)4                          0.915   0.267     3.420   0.001
2021-03-20T02:37:48.169478500Z regionEast Midlands                         0.321   0.244     1.317   0.188
2021-03-20T02:37:48.169485800Z regionLondon                               -0.422   0.489    -0.863   0.388
2021-03-20T02:37:48.169492900Z regionNorth East                            0.802   0.342     2.342   0.019
2021-03-20T02:37:48.169499900Z regionNorth West                           -0.134   0.324    -0.414   0.679
2021-03-20T02:37:48.169507100Z regionSouth East                            0.720   0.282     2.554   0.011
2021-03-20T02:37:48.169514200Z regionSouth West                            0.675   0.224     3.014   0.003
2021-03-20T02:37:48.169521000Z regionWest Midlands                        -0.355   0.516    -0.687   0.492
2021-03-20T02:37:48.169528100Z regionYorkshire and The                     0.110   0.274     0.400   0.689
2021-03-20T02:37:48.169534900Z Humber                                                                     
2021-03-20T02:37:48.169541700Z ns(tstop, df =                             -0.434   0.329    -1.318   0.188
2021-03-20T02:37:48.169548800Z 4)1:regionEast Midlands                                                    
2021-03-20T02:37:48.169556000Z ns(tstop, df =                             -0.177   0.365    -0.484   0.628
2021-03-20T02:37:48.169564300Z 4)2:regionEast Midlands                                                    
2021-03-20T02:37:48.169571600Z ns(tstop, df =                             -0.800   0.648    -1.235   0.217
2021-03-20T02:37:48.169578600Z 4)3:regionEast Midlands                                                    
2021-03-20T02:37:48.169586200Z ns(tstop, df =                              0.151   0.392     0.385   0.700
2021-03-20T02:37:48.169593300Z 4)4:regionEast Midlands                                                    
2021-03-20T02:37:48.169607900Z ns(tstop, df =                              0.961   0.573     1.678   0.093
2021-03-20T02:37:48.169615600Z 4)1:regionLondon                                                           
2021-03-20T02:37:48.169622500Z ns(tstop, df =                             -1.131   0.703    -1.608   0.108
2021-03-20T02:37:48.169629900Z 4)2:regionLondon                                                           
2021-03-20T02:37:48.169636800Z ns(tstop, df =                              0.313   1.226     0.255   0.799
2021-03-20T02:37:48.169644100Z 4)3:regionLondon                                                           
2021-03-20T02:37:48.169651000Z ns(tstop, df =                              0.573   0.605     0.947   0.343
2021-03-20T02:37:48.169658400Z 4)4:regionLondon                                                           
2021-03-20T02:37:48.169665300Z ns(tstop, df =                             -0.608   0.519    -1.171   0.242
2021-03-20T02:37:48.169672300Z 4)1:regionNorth East                                                       
2021-03-20T02:37:48.169679500Z ns(tstop, df =                              0.258   0.523     0.492   0.622
2021-03-20T02:37:48.169686800Z 4)2:regionNorth East                                                       
2021-03-20T02:37:48.169693700Z ns(tstop, df =                             -2.247   0.978    -2.297   0.022
2021-03-20T02:37:48.169701200Z 4)3:regionNorth East                                                       
2021-03-20T02:37:48.169708000Z ns(tstop, df =                              0.710   0.600     1.184   0.237
2021-03-20T02:37:48.169715000Z 4)4:regionNorth East                                                       
2021-03-20T02:37:48.169721900Z ns(tstop, df =                              0.022   0.411     0.054   0.957
2021-03-20T02:37:48.169729300Z 4)1:regionNorth West                                                       
2021-03-20T02:37:48.169737100Z ns(tstop, df =                              0.454   0.430     1.056   0.291
2021-03-20T02:37:48.169744800Z 4)2:regionNorth West                                                       
2021-03-20T02:37:48.169751900Z ns(tstop, df =                              1.030   0.827     1.245   0.213
2021-03-20T02:37:48.169759200Z 4)3:regionNorth West                                                       
2021-03-20T02:37:48.169767400Z ns(tstop, df =                              0.610   0.424     1.438   0.151
2021-03-20T02:37:48.169774700Z 4)4:regionNorth West                                                       
2021-03-20T02:37:48.169782000Z ns(tstop, df =                             -0.220   0.397    -0.556   0.578
2021-03-20T02:37:48.169788800Z 4)1:regionSouth East                                                       
2021-03-20T02:37:48.169795600Z ns(tstop, df =                             -0.531   0.470    -1.129   0.259
2021-03-20T02:37:48.169802400Z 4)2:regionSouth East                                                       
2021-03-20T02:37:48.169809400Z ns(tstop, df =                             -1.774   0.779    -2.277   0.023
2021-03-20T02:37:48.169824100Z 4)3:regionSouth East                                                       
2021-03-20T02:37:48.169831600Z ns(tstop, df =                             -0.245   0.545    -0.450   0.652
2021-03-20T02:37:48.169838700Z 4)4:regionSouth East                                                       
2021-03-20T02:37:48.169845600Z ns(tstop, df =                             -0.669   0.305    -2.190   0.029
2021-03-20T02:37:48.169853200Z 4)1:regionSouth West                                                       
2021-03-20T02:37:48.169860900Z ns(tstop, df =                              0.123   0.331     0.373   0.709
2021-03-20T02:37:48.169868600Z 4)2:regionSouth West                                                       
2021-03-20T02:37:48.169876700Z ns(tstop, df =                             -0.720   0.595    -1.208   0.227
2021-03-20T02:37:48.169884500Z 4)3:regionSouth West                                                       
2021-03-20T02:37:48.169891600Z ns(tstop, df =                              0.190   0.357     0.530   0.596
2021-03-20T02:37:48.169899100Z 4)4:regionSouth West                                                       
2021-03-20T02:37:48.169906000Z ns(tstop, df =                              0.680   0.615     1.106   0.269
2021-03-20T02:37:48.169912900Z 4)1:regionWest Midlands                                                    
2021-03-20T02:37:48.169921100Z ns(tstop, df =                              0.164   0.657     0.249   0.803
2021-03-20T02:37:48.169928200Z 4)2:regionWest Midlands                                                    
2021-03-20T02:37:48.169935400Z ns(tstop, df =                              0.548   1.297     0.423   0.672
2021-03-20T02:37:48.169942500Z 4)3:regionWest Midlands                                                    
2021-03-20T02:37:48.169950100Z ns(tstop, df =                              0.335   0.669     0.501   0.616
2021-03-20T02:37:48.169957500Z 4)4:regionWest Midlands                                                    
2021-03-20T02:37:48.169964700Z ns(tstop, df =                             -0.680   0.379    -1.792   0.073
2021-03-20T02:37:48.169972200Z 4)1:regionYorkshire and The                                                
2021-03-20T02:37:48.169979600Z Humber                                                                     
2021-03-20T02:37:48.169986700Z ns(tstop, df =                              0.314   0.410     0.766   0.444
2021-03-20T02:37:48.169994000Z 4)2:regionYorkshire and The                                                
2021-03-20T02:37:48.170001400Z Humber                                                                     
2021-03-20T02:37:48.170008700Z ns(tstop, df =                             -0.077   0.728    -0.106   0.916
2021-03-20T02:37:48.170016100Z 4)3:regionYorkshire and The                                                
2021-03-20T02:37:48.170023400Z Humber                                                                     
2021-03-20T02:37:48.170039100Z ns(tstop, df =                             -0.432   0.459    -0.942   0.346
2021-03-20T02:37:48.170047100Z 4)4:regionYorkshire and The                                                
2021-03-20T02:37:48.170054600Z Humber                                                                     
2021-03-20T02:37:48.170062000Z ---------------------------------------------------------------------------
2021-03-20T02:37:48.170069200Z ipwdeath_fxd data size = 14539417 
2021-03-20T02:38:19.496272000Z memory usage = 10.803 GB 
2021-03-20T03:42:57.107899400Z Saving 7 x 7 in image
2021-03-20T03:43:05.090643200Z `stat_bin()` using `bins = 30`. Pick better value with `binwidth`.
2021-03-20T03:43:20.328968700Z   
2021-03-20T03:43:20.329346300Z data_weights data size = 14539417 
2021-03-20T03:43:20.769364800Z memory usage = 2.036 GB 
2021-03-20T03:44:09.428726100Z   
2021-03-20T03:44:09.428794600Z msmmod0 
2021-03-20T03:45:29.139036100Z MODEL INFO:
2021-03-20T03:45:29.139134600Z Observations: 14539417
2021-03-20T03:45:29.139144200Z Dependent Variable: 
2021-03-20T03:45:29.139151800Z Type: Generalized linear model
2021-03-20T03:45:29.139159300Z   Family: binomial 
2021-03-20T03:45:29.139166800Z   Link function: logit 
2021-03-20T03:45:29.139174000Z 
2021-03-20T03:45:29.140933700Z MODEL FIT:
2021-03-20T03:45:29.140956100Z <U+03C7><U+00B2>(6) = 457.279, p = 0.000
2021-03-20T03:45:29.140965500Z Pseudo-R<U+00B2> (Cragg-Uhler) = 
2021-03-20T03:45:29.140972900Z Pseudo-R<U+00B2> (McFadden) = 0.002
2021-03-20T03:45:29.140980500Z AIC = 249714.759, BIC = 249816.206 
2021-03-20T03:45:29.140988000Z 
2021-03-20T03:45:29.141194200Z Standard errors: MLE
2021-03-20T03:45:29.177778400Z ------------------------------------------------------------------
2021-03-20T03:45:29.177868600Z                                    Est.    S.E.     z val.       p
2021-03-20T03:45:29.177878500Z ------------------------------ -------- ------- ---------- -------
2021-03-20T03:45:29.177886300Z (Intercept)                      -6.644   0.011   -616.608   0.000
2021-03-20T03:45:29.177893800Z timesincevax_pw(0,1]             -0.156   0.075     -2.088   0.037
2021-03-20T03:45:29.177901500Z timesincevax_pw(1,4]             -0.317   0.048     -6.668   0.000
2021-03-20T03:45:29.177908900Z timesincevax_pw(4,7]             -0.280   0.047     -5.976   0.000
2021-03-20T03:45:29.177916600Z timesincevax_pw(7,14]            -0.285   0.032     -8.937   0.000
2021-03-20T03:45:29.177924000Z timesincevax_pw(14,21]           -0.271   0.032     -8.467   0.000
2021-03-20T03:45:29.177931900Z timesincevax_pw(21, Inf]         -0.373   0.019    -19.568   0.000
2021-03-20T03:45:29.177939400Z ------------------------------------------------------------------
2021-03-20T03:45:29.178277200Z msmmod0_par data size = 14539417 
2021-03-20T03:45:58.975713900Z memory usage = 8.477 GB 
2021-03-20T03:48:13.309954000Z   
2021-03-20T03:48:13.310015900Z msmmod1 
2021-03-20T03:50:50.728944200Z MODEL INFO:
2021-03-20T03:50:50.729039000Z Observations: 14539417
2021-03-20T03:50:50.729048600Z Dependent Variable: 
2021-03-20T03:50:50.729312800Z Type: Generalized linear model
2021-03-20T03:50:50.729339600Z   Family: binomial 
2021-03-20T03:50:50.729348200Z   Link function: logit 
2021-03-20T03:50:50.729356100Z 
2021-03-20T03:50:50.734940900Z MODEL FIT:
2021-03-20T03:50:50.735015700Z <U+03C7><U+00B2>(17) = 1638.278, p = 0.000
2021-03-20T03:50:50.735026700Z Pseudo-R<U+00B2> (Cragg-Uhler) = 
2021-03-20T03:50:50.735034400Z Pseudo-R<U+00B2> (McFadden) = 0.007
2021-03-20T03:50:50.735042000Z AIC = 248555.759, BIC = 248816.622 
2021-03-20T03:50:50.735049900Z 
2021-03-20T03:50:50.735361500Z Standard errors: MLE
2021-03-20T03:50:50.824700100Z ------------------------------------------------------------------
2021-03-20T03:50:50.824774900Z                                     Est.    S.E.    z val.       p
2021-03-20T03:50:50.824783900Z ------------------------------ --------- ------- --------- -------
2021-03-20T03:50:50.824791500Z (Intercept)                      -25.887   2.547   -10.162   0.000
2021-03-20T03:50:50.824798900Z age                                0.389   0.058     6.676   0.000
2021-03-20T03:50:50.824806700Z I(age  age)                       -0.002   0.000    -5.718   0.000
2021-03-20T03:50:50.824814100Z sexMale                            0.100   0.016     6.233   0.000
2021-03-20T03:50:50.824821600Z imd2                              -0.125   0.027    -4.632   0.000
2021-03-20T03:50:50.824829000Z imd3                              -0.229   0.026    -8.808   0.000
2021-03-20T03:50:50.824836400Z imd4                              -0.279   0.026   -10.650   0.000
2021-03-20T03:50:50.824843700Z imd5 least deprived               -0.323   0.026   -12.229   0.000
2021-03-20T03:50:50.824851300Z ethnicityMixed                     0.167   0.160     1.040   0.298
2021-03-20T03:50:50.824858700Z ethnicitySouth Asian              -0.044   0.090    -0.483   0.629
2021-03-20T03:50:50.824866200Z ethnicityWhite                     0.089   0.076     1.173   0.241
2021-03-20T03:50:50.824873800Z ethnicityOther                    -0.052   0.129    -0.407   0.684
2021-03-20T03:50:50.824881400Z timesincevax_pw(0,1]              -0.141   0.075    -1.881   0.060
2021-03-20T03:50:50.824888800Z timesincevax_pw(1,4]              -0.302   0.048    -6.336   0.000
2021-03-20T03:50:50.824896800Z timesincevax_pw(4,7]              -0.264   0.047    -5.628   0.000
2021-03-20T03:50:50.824937200Z timesincevax_pw(7,14]             -0.268   0.032    -8.395   0.000
2021-03-20T03:50:50.824945500Z timesincevax_pw(14,21]            -0.252   0.032    -7.858   0.000
2021-03-20T03:50:50.824952400Z timesincevax_pw(21, Inf]          -0.345   0.019   -18.058   0.000
2021-03-20T03:50:50.824959500Z ------------------------------------------------------------------
2021-03-20T03:50:50.825380700Z msmmod1_par data size = 14539417 
2021-03-20T03:51:24.399732400Z memory usage = 8.477 GB 
2021-03-20T03:53:45.225050500Z   
2021-03-20T03:53:45.225139100Z msmmod3 
2021-03-20T04:15:28.548576400Z MODEL INFO:
2021-03-20T04:15:28.548734900Z Observations: 14539417
2021-03-20T04:15:28.548745500Z Dependent Variable: 
2021-03-20T04:15:28.548909000Z Type: Generalized linear model
2021-03-20T04:15:28.548990100Z   Family: binomial 
2021-03-20T04:15:28.549000200Z   Link function: logit 
2021-03-20T04:15:28.549008100Z 
2021-03-20T04:15:28.555122500Z MODEL FIT:
2021-03-20T04:15:28.555241600Z <U+03C7><U+00B2>(77) = 3568.986, p = 0.000
2021-03-20T04:15:28.555252100Z Pseudo-R<U+00B2> (Cragg-Uhler) = 
2021-03-20T04:15:28.555260000Z Pseudo-R<U+00B2> (McFadden) = 0.014
2021-03-20T04:15:28.555267700Z AIC = 246745.052, BIC = 247875.457 
2021-03-20T04:15:28.555275600Z 
2021-03-20T04:15:28.555482000Z Standard errors: MLE
2021-03-20T04:15:28.884086300Z ---------------------------------------------------------------------------
2021-03-20T04:15:28.884205700Z                                              Est.    S.E.    z val.       p
2021-03-20T04:15:28.884216200Z --------------------------------------- --------- ------- --------- -------
2021-03-20T04:15:28.884224000Z (Intercept)                               -22.701   2.553    -8.893   0.000
2021-03-20T04:15:28.884232000Z age                                         0.313   0.058     5.352   0.000
2021-03-20T04:15:28.884240000Z I(age  age)                                -0.001   0.000    -4.464   0.000
2021-03-20T04:15:28.884247900Z sexMale                                     0.040   0.016     2.426   0.015
2021-03-20T04:15:28.884255600Z imd2                                       -0.081   0.027    -2.972   0.003
2021-03-20T04:15:28.884263200Z imd3                                       -0.155   0.027    -5.780   0.000
2021-03-20T04:15:28.884270800Z imd4                                       -0.195   0.027    -7.251   0.000
2021-03-20T04:15:28.884317800Z imd5 least deprived                        -0.221   0.027    -8.127   0.000
2021-03-20T04:15:28.884327700Z ethnicityMixed                              0.207   0.160     1.291   0.197
2021-03-20T04:15:28.884335500Z ethnicitySouth Asian                       -0.061   0.090    -0.677   0.499
2021-03-20T04:15:28.884392800Z ethnicityWhite                              0.190   0.077     2.458   0.014
2021-03-20T04:15:28.884401500Z ethnicityOther                              0.022   0.129     0.168   0.867
2021-03-20T04:15:28.884413500Z chronic_cardiac_diseaseTRUE                 0.340   0.016    20.605   0.000
2021-03-20T04:15:28.884420500Z current_copdTRUE                            0.331   0.023    14.509   0.000
2021-03-20T04:15:28.884427400Z dementiaTRUE                                0.540   0.023    23.374   0.000
2021-03-20T04:15:28.884434300Z dialysisTRUE                                0.394   0.149     2.649   0.008
2021-03-20T04:15:28.884441200Z diabetesTRUE                                0.159   0.018     9.018   0.000
2021-03-20T04:15:28.884448100Z solid_organ_transplantationTRUE             0.188   0.273     0.690   0.490
2021-03-20T04:15:28.884455400Z chemo_or_radioTRUE                          0.093   0.043     2.169   0.030
2021-03-20T04:15:28.884463200Z permanant_immunosuppressionTRUE             0.368   0.214     1.722   0.085
2021-03-20T04:15:28.884470100Z aspleniaTRUE                                0.175   0.150     1.169   0.242
2021-03-20T04:15:28.884477100Z dmardsTRUE                                  0.175   0.043     4.121   0.000
2021-03-20T04:15:28.884484100Z intel_dis_incl_downs_syndromeTRUE           0.381   0.167     2.275   0.023
2021-03-20T04:15:28.884493400Z psychosis_schiz_bipolarTRUE                 0.466   0.072     6.486   0.000
2021-03-20T04:15:28.884500600Z lung_cancerTRUE                             0.432   0.075     5.776   0.000
2021-03-20T04:15:28.884507300Z cancer_excl_lung_and_haemTRUE               0.109   0.020     5.316   0.000
2021-03-20T04:15:28.884514100Z haematological_cancerTRUE                   0.253   0.052     4.907   0.000
2021-03-20T04:15:28.884521700Z flu_vaccineTRUE                             0.005   0.027     0.185   0.853
2021-03-20T04:15:28.884528600Z ns(tstop, df = 4)1                         -0.281   0.079    -3.543   0.000
2021-03-20T04:15:28.884535500Z ns(tstop, df = 4)2                          0.229   0.084     2.727   0.006
2021-03-20T04:15:28.884542400Z ns(tstop, df = 4)3                         -0.068   0.150    -0.455   0.649
2021-03-20T04:15:28.884549300Z ns(tstop, df = 4)4                          0.194   0.082     2.362   0.018
2021-03-20T04:15:28.884556100Z regionEast Midlands                         0.080   0.084     0.960   0.337
2021-03-20T04:15:28.884562900Z regionLondon                                0.011   0.149     0.075   0.940
2021-03-20T04:15:28.884569900Z regionNorth East                            0.219   0.127     1.728   0.084
2021-03-20T04:15:28.884576700Z regionNorth West                           -0.200   0.110    -1.821   0.069
2021-03-20T04:15:28.884583500Z regionSouth East                            0.282   0.106     2.670   0.008
2021-03-20T04:15:28.884590700Z regionSouth West                           -0.190   0.091    -2.078   0.038
2021-03-20T04:15:28.884597700Z regionWest Midlands                         0.027   0.149     0.183   0.854
2021-03-20T04:15:28.884614100Z regionYorkshire and The                    -0.061   0.094    -0.653   0.513
2021-03-20T04:15:28.884621800Z Humber                                                                     
2021-03-20T04:15:28.884628600Z timesincevax_pw(0,1]                       -0.128   0.075    -1.704   0.088
2021-03-20T04:15:28.884635400Z timesincevax_pw(1,4]                       -0.295   0.049    -6.069   0.000
2021-03-20T04:15:28.884642400Z timesincevax_pw(4,7]                       -0.269   0.048    -5.564   0.000
2021-03-20T04:15:28.884649300Z timesincevax_pw(7,14]                      -0.296   0.035    -8.473   0.000
2021-03-20T04:15:28.884656400Z timesincevax_pw(14,21]                     -0.314   0.037    -8.558   0.000
2021-03-20T04:15:28.884663300Z timesincevax_pw(21, Inf]                   -0.465   0.031   -15.115   0.000
2021-03-20T04:15:28.884670200Z ns(tstop, df =                              0.038   0.118     0.320   0.749
2021-03-20T04:15:28.884677100Z 4)1:regionEast Midlands                                                    
2021-03-20T04:15:28.884683900Z ns(tstop, df =                             -0.021   0.120    -0.172   0.864
2021-03-20T04:15:28.884691700Z 4)2:regionEast Midlands                                                    
2021-03-20T04:15:28.884698800Z ns(tstop, df =                             -0.098   0.221    -0.444   0.657
2021-03-20T04:15:28.884705600Z 4)3:regionEast Midlands                                                    
2021-03-20T04:15:28.884712500Z ns(tstop, df =                             -0.015   0.117    -0.130   0.897
2021-03-20T04:15:28.884719400Z 4)4:regionEast Midlands                                                    
2021-03-20T04:15:28.884726300Z ns(tstop, df =                              0.401   0.201     1.991   0.047
2021-03-20T04:15:28.884733800Z 4)1:regionLondon                                                           
2021-03-20T04:15:28.884741100Z ns(tstop, df =                             -0.068   0.209    -0.327   0.743
2021-03-20T04:15:28.884748600Z 4)2:regionLondon                                                           
2021-03-20T04:15:28.884756000Z ns(tstop, df =                             -0.159   0.389    -0.410   0.682
2021-03-20T04:15:28.884763700Z 4)3:regionLondon                                                           
2021-03-20T04:15:28.884770900Z ns(tstop, df =                              0.084   0.204     0.412   0.680
2021-03-20T04:15:28.884778200Z 4)4:regionLondon                                                           
2021-03-20T04:15:28.884785100Z ns(tstop, df =                              0.047   0.185     0.256   0.798
2021-03-20T04:15:28.884791900Z 4)1:regionNorth East                                                       
2021-03-20T04:15:28.884798600Z ns(tstop, df =                             -0.217   0.193    -1.122   0.262
2021-03-20T04:15:28.884805400Z 4)2:regionNorth East                                                       
2021-03-20T04:15:28.884822300Z ns(tstop, df =                             -0.562   0.340    -1.651   0.099
2021-03-20T04:15:28.884831100Z 4)3:regionNorth East                                                       
2021-03-20T04:15:28.884838200Z ns(tstop, df =                             -0.118   0.192    -0.615   0.538
2021-03-20T04:15:28.884845200Z 4)4:regionNorth East                                                       
2021-03-20T04:15:28.884852200Z ns(tstop, df =                              0.081   0.155     0.523   0.601
2021-03-20T04:15:28.884859200Z 4)1:regionNorth West                                                       
2021-03-20T04:15:28.884866200Z ns(tstop, df =                             -0.380   0.165    -2.299   0.022
2021-03-20T04:15:28.884873100Z 4)2:regionNorth West                                                       
2021-03-20T04:15:28.884880300Z ns(tstop, df =                              0.268   0.288     0.930   0.353
2021-03-20T04:15:28.884887300Z 4)3:regionNorth West                                                       
2021-03-20T04:15:28.884895300Z ns(tstop, df =                             -0.135   0.153    -0.886   0.376
2021-03-20T04:15:28.884902500Z 4)4:regionNorth West                                                       
2021-03-20T04:15:28.884909300Z ns(tstop, df =                             -0.007   0.153    -0.046   0.964
2021-03-20T04:15:28.884916300Z 4)1:regionSouth East                                                       
2021-03-20T04:15:28.884923200Z ns(tstop, df =                             -0.234   0.156    -1.500   0.134
2021-03-20T04:15:28.884930800Z 4)2:regionSouth East                                                       
2021-03-20T04:15:28.884938800Z ns(tstop, df =                             -0.420   0.282    -1.490   0.136
2021-03-20T04:15:28.884946000Z 4)3:regionSouth East                                                       
2021-03-20T04:15:28.884952900Z ns(tstop, df =                              0.257   0.147     1.747   0.081
2021-03-20T04:15:28.884960700Z 4)4:regionSouth East                                                       
2021-03-20T04:15:28.884967600Z ns(tstop, df =                             -0.163   0.132    -1.236   0.217
2021-03-20T04:15:28.884974700Z 4)1:regionSouth West                                                       
2021-03-20T04:15:28.884981700Z ns(tstop, df =                             -0.000   0.133    -0.004   0.997
2021-03-20T04:15:28.884988700Z 4)2:regionSouth West                                                       
2021-03-20T04:15:28.884995600Z ns(tstop, df =                             -0.196   0.243    -0.807   0.420
2021-03-20T04:15:28.885002500Z 4)3:regionSouth West                                                       
2021-03-20T04:15:28.885009300Z ns(tstop, df =                             -0.034   0.129    -0.264   0.792
2021-03-20T04:15:28.885016000Z 4)4:regionSouth West                                                       
2021-03-20T04:15:28.885031900Z ns(tstop, df =                              0.640   0.202     3.167   0.002
2021-03-20T04:15:28.885039700Z 4)1:regionWest Midlands                                                    
2021-03-20T04:15:28.885047100Z ns(tstop, df =                             -0.547   0.226    -2.425   0.015
2021-03-20T04:15:28.885054800Z 4)2:regionWest Midlands                                                    
2021-03-20T04:15:28.885061900Z ns(tstop, df =                             -0.378   0.392    -0.963   0.335
2021-03-20T04:15:28.885069100Z 4)3:regionWest Midlands                                                    
2021-03-20T04:15:28.885077700Z ns(tstop, df =                             -0.031   0.216    -0.142   0.887
2021-03-20T04:15:28.885084500Z 4)4:regionWest Midlands                                                    
2021-03-20T04:15:28.885091300Z ns(tstop, df =                              0.282   0.130     2.173   0.030
2021-03-20T04:15:28.885098600Z 4)1:regionYorkshire and The                                                
2021-03-20T04:15:28.885105900Z Humber                                                                     
2021-03-20T04:15:28.885112800Z ns(tstop, df =                             -0.107   0.134    -0.795   0.427
2021-03-20T04:15:28.885119500Z 4)2:regionYorkshire and The                                                
2021-03-20T04:15:28.885126700Z Humber                                                                     
2021-03-20T04:15:28.885133500Z ns(tstop, df =                              0.336   0.245     1.370   0.171
2021-03-20T04:15:28.885140500Z 4)3:regionYorkshire and The                                                
2021-03-20T04:15:28.885147600Z Humber                                                                     
2021-03-20T04:15:28.885154400Z ns(tstop, df =                             -0.001   0.127    -0.007   0.994
2021-03-20T04:15:28.885161400Z 4)4:regionYorkshire and The                                                
2021-03-20T04:15:28.885168200Z Humber                                                                     
2021-03-20T04:15:28.885174900Z ---------------------------------------------------------------------------
2021-03-20T04:15:28.885181800Z msmmod3_par data size = 14539417 
2021-03-20T04:16:09.428961000Z memory usage = 8.477 GB 
2021-03-20T04:19:14.322358900Z   
2021-03-20T04:19:14.324431700Z msmmod4 
2021-03-20T04:45:16.667725000Z MODEL INFO:
2021-03-20T04:45:16.667839500Z Observations: 14539417
2021-03-20T04:45:16.667850400Z Dependent Variable: 
2021-03-20T04:45:16.667911200Z Type: Generalized linear model
2021-03-20T04:45:16.667939100Z   Family: binomial 
2021-03-20T04:45:16.667948900Z   Link function: logit 
2021-03-20T04:45:16.667956600Z 
2021-03-20T04:45:16.671189400Z MODEL FIT:
2021-03-20T04:45:16.671206600Z <U+03C7><U+00B2>(77) = 3573.137, p = 0.000
2021-03-20T04:45:16.671250900Z Pseudo-R<U+00B2> (Cragg-Uhler) = 
2021-03-20T04:45:16.671259100Z Pseudo-R<U+00B2> (McFadden) = 0.014
2021-03-20T04:45:16.671266100Z AIC = 246814.893, BIC = 247945.298 
2021-03-20T04:45:16.671272800Z 
2021-03-20T04:45:16.671438600Z Standard errors: MLE
2021-03-20T04:45:16.944059600Z ---------------------------------------------------------------------------
2021-03-20T04:45:16.944188200Z                                              Est.    S.E.    z val.       p
2021-03-20T04:45:16.944201000Z --------------------------------------- --------- ------- --------- -------
2021-03-20T04:45:16.944208400Z (Intercept)                               -22.880   2.554    -8.960   0.000
2021-03-20T04:45:16.944215700Z age                                         0.317   0.058     5.420   0.000
2021-03-20T04:45:16.944222700Z I(age  age)                                -0.002   0.000    -4.534   0.000
2021-03-20T04:45:16.944229800Z sexMale                                     0.039   0.016     2.359   0.018
2021-03-20T04:45:16.944236800Z imd2                                       -0.083   0.027    -3.036   0.002
2021-03-20T04:45:16.944244000Z imd3                                       -0.156   0.027    -5.832   0.000
2021-03-20T04:45:16.944251300Z imd4                                       -0.196   0.027    -7.295   0.000
2021-03-20T04:45:16.944258300Z imd5 least deprived                        -0.221   0.027    -8.127   0.000
2021-03-20T04:45:16.944265300Z ethnicityMixed                              0.218   0.160     1.364   0.173
2021-03-20T04:45:16.944272500Z ethnicitySouth Asian                       -0.057   0.090    -0.631   0.528
2021-03-20T04:45:16.944279600Z ethnicityWhite                              0.194   0.078     2.502   0.012
2021-03-20T04:45:16.944286700Z ethnicityOther                              0.024   0.129     0.183   0.854
2021-03-20T04:45:16.944293900Z chronic_cardiac_diseaseTRUE                 0.340   0.016    20.616   0.000
2021-03-20T04:45:16.944301000Z current_copdTRUE                            0.329   0.023    14.428   0.000
2021-03-20T04:45:16.944308200Z dementiaTRUE                                0.539   0.023    23.288   0.000
2021-03-20T04:45:16.944315500Z dialysisTRUE                                0.384   0.149     2.579   0.010
2021-03-20T04:45:16.944322700Z diabetesTRUE                                0.162   0.018     9.228   0.000
2021-03-20T04:45:16.944329800Z solid_organ_transplantationTRUE             0.214   0.270     0.792   0.428
2021-03-20T04:45:16.944336800Z chemo_or_radioTRUE                          0.091   0.043     2.119   0.034
2021-03-20T04:45:16.944343800Z permanant_immunosuppressionTRUE             0.367   0.213     1.723   0.085
2021-03-20T04:45:16.944350800Z aspleniaTRUE                                0.178   0.149     1.192   0.233
2021-03-20T04:45:16.944358300Z dmardsTRUE                                  0.174   0.043     4.099   0.000
2021-03-20T04:45:16.944393700Z intel_dis_incl_downs_syndromeTRUE           0.378   0.167     2.261   0.024
2021-03-20T04:45:16.944404100Z psychosis_schiz_bipolarTRUE                 0.466   0.072     6.476   0.000
2021-03-20T04:45:16.944411500Z lung_cancerTRUE                             0.435   0.075     5.827   0.000
2021-03-20T04:45:16.944418800Z cancer_excl_lung_and_haemTRUE               0.110   0.020     5.388   0.000
2021-03-20T04:45:16.944426000Z haematological_cancerTRUE                   0.252   0.052     4.895   0.000
2021-03-20T04:45:16.944433000Z flu_vaccineTRUE                             0.007   0.027     0.258   0.797
2021-03-20T04:45:16.944440100Z ns(tstop, df = 4)1                         -0.272   0.079    -3.438   0.001
2021-03-20T04:45:16.944447200Z ns(tstop, df = 4)2                          0.237   0.084     2.823   0.005
2021-03-20T04:45:16.944454600Z ns(tstop, df = 4)3                         -0.074   0.150    -0.494   0.622
2021-03-20T04:45:16.944461600Z ns(tstop, df = 4)4                          0.194   0.082     2.355   0.019
2021-03-20T04:45:16.944469100Z regionEast Midlands                         0.080   0.084     0.954   0.340
2021-03-20T04:45:16.944476400Z regionLondon                                0.009   0.149     0.057   0.955
2021-03-20T04:45:16.944483600Z regionNorth East                            0.223   0.127     1.762   0.078
2021-03-20T04:45:16.944490600Z regionNorth West                           -0.202   0.110    -1.837   0.066
2021-03-20T04:45:16.944497700Z regionSouth East                            0.283   0.106     2.679   0.007
2021-03-20T04:45:16.944505800Z regionSouth West                           -0.192   0.091    -2.102   0.036
2021-03-20T04:45:16.944513300Z regionWest Midlands                         0.025   0.149     0.168   0.867
2021-03-20T04:45:16.944520300Z regionYorkshire and The                    -0.062   0.094    -0.663   0.507
2021-03-20T04:45:16.944527300Z Humber                                                                     
2021-03-20T04:45:16.944534300Z timesincevax_pw(0,1]                       -0.127   0.075    -1.693   0.090
2021-03-20T04:45:16.944541200Z timesincevax_pw(1,4]                       -0.299   0.049    -6.146   0.000
2021-03-20T04:45:16.944548200Z timesincevax_pw(4,7]                       -0.271   0.048    -5.617   0.000
2021-03-20T04:45:16.944555200Z timesincevax_pw(7,14]                      -0.291   0.035    -8.359   0.000
2021-03-20T04:45:16.944562100Z timesincevax_pw(14,21]                     -0.317   0.037    -8.660   0.000
2021-03-20T04:45:16.944569000Z timesincevax_pw(21, Inf]                   -0.472   0.031   -15.365   0.000
2021-03-20T04:45:16.944576000Z ns(tstop, df =                              0.033   0.118     0.279   0.781
2021-03-20T04:45:16.944583000Z 4)1:regionEast Midlands                                                    
2021-03-20T04:45:16.944590000Z ns(tstop, df =                             -0.024   0.120    -0.199   0.842
2021-03-20T04:45:16.944605100Z 4)2:regionEast Midlands                                                    
2021-03-20T04:45:16.944613100Z ns(tstop, df =                             -0.089   0.221    -0.401   0.689
2021-03-20T04:45:16.944620200Z 4)3:regionEast Midlands                                                    
2021-03-20T04:45:16.944627200Z ns(tstop, df =                             -0.002   0.117    -0.018   0.986
2021-03-20T04:45:16.944634200Z 4)4:regionEast Midlands                                                    
2021-03-20T04:45:16.944641200Z ns(tstop, df =                              0.381   0.201     1.892   0.058
2021-03-20T04:45:16.944648400Z 4)1:regionLondon                                                           
2021-03-20T04:45:16.944655400Z ns(tstop, df =                             -0.069   0.209    -0.329   0.742
2021-03-20T04:45:16.944662400Z 4)2:regionLondon                                                           
2021-03-20T04:45:16.944669400Z ns(tstop, df =                             -0.143   0.389    -0.366   0.714
2021-03-20T04:45:16.944676500Z 4)3:regionLondon                                                           
2021-03-20T04:45:16.944683500Z ns(tstop, df =                              0.091   0.204     0.447   0.655
2021-03-20T04:45:16.944690600Z 4)4:regionLondon                                                           
2021-03-20T04:45:16.944697600Z ns(tstop, df =                              0.072   0.184     0.390   0.697
2021-03-20T04:45:16.944704600Z 4)1:regionNorth East                                                       
2021-03-20T04:45:16.944711600Z ns(tstop, df =                             -0.226   0.193    -1.172   0.241
2021-03-20T04:45:16.944718800Z 4)2:regionNorth East                                                       
2021-03-20T04:45:16.944725800Z ns(tstop, df =                             -0.569   0.340    -1.676   0.094
2021-03-20T04:45:16.944732900Z 4)3:regionNorth East                                                       
2021-03-20T04:45:16.944739900Z ns(tstop, df =                             -0.092   0.191    -0.483   0.629
2021-03-20T04:45:16.944746900Z 4)4:regionNorth East                                                       
2021-03-20T04:45:16.944753900Z ns(tstop, df =                              0.074   0.155     0.479   0.632
2021-03-20T04:45:16.944760900Z 4)1:regionNorth West                                                       
2021-03-20T04:45:16.944767900Z ns(tstop, df =                             -0.383   0.165    -2.316   0.021
2021-03-20T04:45:16.944774900Z 4)2:regionNorth West                                                       
2021-03-20T04:45:16.944781900Z ns(tstop, df =                              0.278   0.288     0.965   0.335
2021-03-20T04:45:16.944788900Z 4)3:regionNorth West                                                       
2021-03-20T04:45:16.944796700Z ns(tstop, df =                             -0.129   0.153    -0.844   0.399
2021-03-20T04:45:16.944804100Z 4)4:regionNorth West                                                       
2021-03-20T04:45:16.944819100Z ns(tstop, df =                              0.002   0.153     0.012   0.991
2021-03-20T04:45:16.944826600Z 4)1:regionSouth East                                                       
2021-03-20T04:45:16.944833600Z ns(tstop, df =                             -0.264   0.156    -1.690   0.091
2021-03-20T04:45:16.944840500Z 4)2:regionSouth East                                                       
2021-03-20T04:45:16.944847500Z ns(tstop, df =                             -0.422   0.282    -1.497   0.134
2021-03-20T04:45:16.944854500Z 4)3:regionSouth East                                                       
2021-03-20T04:45:16.944861400Z ns(tstop, df =                              0.277   0.147     1.885   0.059
2021-03-20T04:45:16.944868500Z 4)4:regionSouth East                                                       
2021-03-20T04:45:16.944875400Z ns(tstop, df =                             -0.172   0.132    -1.304   0.192
2021-03-20T04:45:16.944882500Z 4)1:regionSouth West                                                       
2021-03-20T04:45:16.944889600Z ns(tstop, df =                              0.004   0.133     0.032   0.974
2021-03-20T04:45:16.944896700Z 4)2:regionSouth West                                                       
2021-03-20T04:45:16.944903700Z ns(tstop, df =                             -0.183   0.243    -0.755   0.450
2021-03-20T04:45:16.944910800Z 4)3:regionSouth West                                                       
2021-03-20T04:45:16.944917700Z ns(tstop, df =                             -0.035   0.129    -0.268   0.789
2021-03-20T04:45:16.944924900Z 4)4:regionSouth West                                                       
2021-03-20T04:45:16.944931900Z ns(tstop, df =                              0.634   0.202     3.134   0.002
2021-03-20T04:45:16.944938900Z 4)1:regionWest Midlands                                                    
2021-03-20T04:45:16.944945800Z ns(tstop, df =                             -0.551   0.226    -2.441   0.015
2021-03-20T04:45:16.944952800Z 4)2:regionWest Midlands                                                    
2021-03-20T04:45:16.944959900Z ns(tstop, df =                             -0.369   0.392    -0.940   0.347
2021-03-20T04:45:16.944966900Z 4)3:regionWest Midlands                                                    
2021-03-20T04:45:16.944973900Z ns(tstop, df =                             -0.025   0.216    -0.116   0.908
2021-03-20T04:45:16.944980800Z 4)4:regionWest Midlands                                                    
2021-03-20T04:45:16.944987800Z ns(tstop, df =                              0.279   0.129     2.155   0.031
2021-03-20T04:45:16.944995300Z 4)1:regionYorkshire and The                                                
2021-03-20T04:45:16.945002400Z Humber                                                                     
2021-03-20T04:45:16.945009400Z ns(tstop, df =                             -0.112   0.134    -0.838   0.402
2021-03-20T04:45:16.945023200Z 4)2:regionYorkshire and The                                                
2021-03-20T04:45:16.945030800Z Humber                                                                     
2021-03-20T04:45:16.945037800Z ns(tstop, df =                              0.342   0.245     1.394   0.163
2021-03-20T04:45:16.945044800Z 4)3:regionYorkshire and The                                                
2021-03-20T04:45:16.945051900Z Humber                                                                     
2021-03-20T04:45:16.945058900Z ns(tstop, df =                              0.005   0.127     0.036   0.971
2021-03-20T04:45:16.945065900Z 4)4:regionYorkshire and The                                                
2021-03-20T04:45:16.945072900Z Humber                                                                     
2021-03-20T04:45:16.945079900Z ---------------------------------------------------------------------------
2021-03-20T04:45:16.945087100Z msmmod4_par data size = 14539417 
2021-03-20T04:45:48.235303500Z memory usage = 8.477 GB 
2021-03-20T04:49:19.652432900Z   
2021-03-20T04:49:41.894218300Z              used    (Mb) gc trigger    (Mb)   max used    (Mb)
2021-03-20T04:49:41.894306500Z Ncells   17030417   909.6   35853744  1914.8   17030417   909.6
2021-03-20T04:49:41.894316400Z Vcells 2114139808 16129.7 6757127121 51552.8 2114139808 16129.7
2021-03-20T04:49:41.894322900Z Warning message:
2021-03-20T04:49:41.894351800Z Removed 448 rows containing non-finite values (stat_bin). 


state: succeeded
commit: 63227c9dabb1579b6387347ff8853e66df52c7fc
docker_image_id: sha256:876a994cdafb8d3fb4b710249fd7716a31efd3ea26cb3faf7aa2187853c6c624
exit_code: 0
job_id: co5n2za4wwxb545a
run_by_user: wjchulme
created_at: 2021-03-19T23:00:44Z
started_at: 2021-03-20T00:52:20Z
completed_at: 2021-03-20T04:50:04Z

Completed successfully

outputs:
  output/over80s/emergency/any/all/all/data_weights.rds          - highly_sensitive    
  output/over80s/emergency/any/all/all/model0.rds                - highly_sensitive    
  output/over80s/emergency/any/all/all/model1.rds                - highly_sensitive    
  output/over80s/emergency/any/all/all/model3.rds                - highly_sensitive    
  output/over80s/emergency/any/all/all/model4.rds                - highly_sensitive    
  output/over80s/emergency/any/all/all/model_ipwvaxany1.rds      - highly_sensitive    
  output/over80s/emergency/any/all/all/model_ipwvaxdeath.rds     - highly_sensitive    
  output/over80s/emergency/any/all/all/weights_histogram.svg     - moderately_sensitive
  output/over80s/emergency/any/all/all/weights_model_any.html    - moderately_sensitive
  output/over80s/emergency/any/all/all/weights_model_death.html  - moderately_sensitive
  output/over80s/emergency/any/all/all/weights_table.txt         - moderately_sensitive
  output/over80s/emergency/any/all/strata_vector.rds             - moderately_sensitive