2021-04-18T23:51:22.926193400Z -- Attaching packages --------------------------------------- tidyverse 1.3.0 --
2021-04-18T23:51:22.935038100Z v ggplot2 3.3.2     v purrr   0.3.4
2021-04-18T23:51:22.935067000Z v tibble  3.0.3     v dplyr   1.0.2
2021-04-18T23:51:22.935075600Z v tidyr   1.1.2     v stringr 1.4.0
2021-04-18T23:51:22.935082800Z v readr   1.3.1     v forcats 0.5.0
2021-04-18T23:51:23.100694900Z -- Conflicts ------------------------------------------ tidyverse_conflicts() --
2021-04-18T23:51:23.100774000Z x dplyr::filter() masks stats::filter()
2021-04-18T23:51:23.100782500Z x dplyr::lag()    masks stats::lag()
2021-04-18T23:51:23.113962100Z 
2021-04-18T23:51:23.113983300Z Attaching package: 'glue'
2021-04-18T23:51:23.113991100Z 
2021-04-18T23:51:23.115415800Z The following object is masked from 'package:dplyr':
2021-04-18T23:51:23.115436600Z 
2021-04-18T23:51:23.115445400Z     collapse
2021-04-18T23:51:23.115452500Z 
2021-04-18T23:51:25.283405700Z #Uighur
2021-04-18T23:51:25.359125600Z 
2021-04-18T23:51:25.359269700Z Attaching package: 'lubridate'
2021-04-18T23:51:25.359315300Z 
2021-04-18T23:51:25.359610000Z The following objects are masked from 'package:base':
2021-04-18T23:51:25.359661500Z 
2021-04-18T23:51:25.359675000Z     date, intersect, setdiff, union
2021-04-18T23:51:25.359682900Z 
2021-04-18T23:51:25.737704500Z <environment: R_GlobalEnv>
2021-04-18T23:51:25.738229500Z <environment: R_GlobalEnv>
2021-04-18T23:51:56.398211500Z data_pt data size = 6532626 
2021-04-18T23:51:56.400875900Z   memory usage = 2.561 GB 
2021-04-18T23:51:57.027102000Z     
2021-04-18T23:51:57.027188200Z all   
2021-04-18T23:51:57.027198300Z   
2021-04-18T23:52:05.378141400Z   
2021-04-19T00:06:15.804154900Z vaxpfizer1  vaxpfizer1 data size = 5377253 
2021-04-19T00:06:26.438985000Z memory usage = 5.357 GB 
2021-04-19T00:06:26.439061500Z   
2021-04-19T00:13:36.333475900Z vaxpfizer1_fxd  vaxpfizer1_fxd data size = 5377253 
2021-04-19T00:13:55.185107500Z memory usage = 4.475 GB 
2021-04-19T00:18:07.551471200Z   
2021-04-19T00:23:39.313576600Z vaxaz1  vaxaz1 data size = 2701493 
2021-04-19T00:23:45.989764700Z memory usage = 2.692 GB 
2021-04-19T00:23:45.989888100Z   
2021-04-19T00:28:21.300079100Z vaxaz1_fxd  vaxaz1_fxd data size = 2701493 
2021-04-19T00:28:28.462482800Z memory usage = 2.249 GB 
2021-04-19T00:31:29.537441600Z   
2021-04-19T01:00:57.554322100Z death  death data size = 6532626 
2021-04-19T01:01:12.508867000Z memory usage = 6.534 GB 
2021-04-19T01:01:12.509004800Z   
2021-04-19T01:23:23.336217600Z death_fxd  death_fxd data size = 6532626 
2021-04-19T01:23:44.631328200Z memory usage = 5.436 GB 
2021-04-19T01:29:58.086131600Z Saving 7 x 7 in image
2021-04-19T01:30:01.589335200Z `stat_bin()` using `bins = 30`. Pick better value with `binwidth`.
2021-04-19T01:30:09.404306200Z   
2021-04-19T01:30:09.404685700Z data_weights data size = 6532626   
2021-04-19T01:30:09.405450600Z memory usage = 0.993 GB   
2021-04-19T01:30:31.590245100Z   
2021-04-19T01:30:31.590317300Z msmmod0 
2021-04-19T01:31:29.524268200Z MODEL INFO:
2021-04-19T01:31:29.524364100Z Observations: 6532626
2021-04-19T01:31:29.524373400Z Dependent Variable: 
2021-04-19T01:31:29.524381200Z Type: Generalized linear model
2021-04-19T01:31:29.524388700Z   Family: binomial 
2021-04-19T01:31:29.524396100Z   Link function: logit 
2021-04-19T01:31:29.524403500Z 
2021-04-19T01:31:29.526573300Z MODEL FIT:
2021-04-19T01:31:29.526709600Z <U+03C7><U+00B2>(6) = 41.333, p = 0.000
2021-04-19T01:31:29.526725800Z Pseudo-R<U+00B2> (Cragg-Uhler) = 
2021-04-19T01:31:29.526733900Z Pseudo-R<U+00B2> (McFadden) = 0.009
2021-04-19T01:31:29.526741500Z AIC = 4447.029, BIC = 4542.875 
2021-04-19T01:31:29.526749100Z 
2021-04-19T01:31:29.527144000Z Standard errors: MLE
2021-04-19T01:31:29.574927100Z ---------------------------------------------------------------------
2021-04-19T01:31:29.574953400Z                                     Est.      S.E.     z val.       p
2021-04-19T01:31:29.574961800Z ------------------------------ --------- --------- ---------- -------
2021-04-19T01:31:29.574969400Z (Intercept)                      -10.267     0.073   -140.390   0.000
2021-04-19T01:31:29.574976900Z timesincevax_pw(0,3]             -14.300   377.458     -0.038   0.970
2021-04-19T01:31:29.574984400Z timesincevax_pw(3,7]             -14.300   327.584     -0.044   0.965
2021-04-19T01:31:29.574991900Z timesincevax_pw(7,14]             -0.865     0.505     -1.711   0.087
2021-04-19T01:31:29.574999300Z timesincevax_pw(14,21]            -1.460     0.711     -2.054   0.040
2021-04-19T01:31:29.575006900Z timesincevax_pw(21,28]            -0.630     0.582     -1.082   0.279
2021-04-19T01:31:29.575014200Z timesincevax_pw(28, Inf]         -14.300   298.791     -0.048   0.962
2021-04-19T01:31:29.575021900Z ---------------------------------------------------------------------
2021-04-19T01:31:29.575620100Z msmmod0_par data size = 6532626 
2021-04-19T01:31:41.452965700Z memory usage = 3.79 GB 
2021-04-19T01:32:42.291518500Z   
2021-04-19T01:32:42.291599300Z msmmod1 
2021-04-19T01:34:39.040869900Z MODEL INFO:
2021-04-19T01:34:39.040981700Z Observations: 6532626
2021-04-19T01:34:39.040990900Z Dependent Variable: 
2021-04-19T01:34:39.040998600Z Type: Generalized linear model
2021-04-19T01:34:39.041006000Z   Family: binomial 
2021-04-19T01:34:39.041013500Z   Link function: logit 
2021-04-19T01:34:39.041021300Z 
2021-04-19T01:34:39.044415000Z MODEL FIT:
2021-04-19T01:34:39.044535500Z <U+03C7><U+00B2>(17) = 117.193, p = 0.000
2021-04-19T01:34:39.044546800Z Pseudo-R<U+00B2> (Cragg-Uhler) = 
2021-04-19T01:34:39.044555300Z Pseudo-R<U+00B2> (McFadden) = 0.026
2021-04-19T01:34:39.044563000Z AIC = 4393.169, BIC = 4639.631 
2021-04-19T01:34:39.044571200Z 
2021-04-19T01:34:39.044714900Z Standard errors: MLE
2021-04-19T01:34:39.141874000Z --------------------------------------------------------------------
2021-04-19T01:34:39.141977500Z                                      Est.      S.E.   z val.       p
2021-04-19T01:34:39.141987100Z ------------------------------- --------- --------- -------- -------
2021-04-19T01:34:39.141995100Z (Intercept)                       -36.001    57.556   -0.625   0.532
2021-04-19T01:34:39.142003500Z timesincevax_pw(0,3]              -14.334   369.405   -0.039   0.969
2021-04-19T01:34:39.142011300Z timesincevax_pw(3,7]              -14.335   320.600   -0.045   0.964
2021-04-19T01:34:39.142019300Z timesincevax_pw(7,14]              -0.949     0.506   -1.875   0.061
2021-04-19T01:34:39.142027100Z timesincevax_pw(14,21]             -1.572     0.712   -2.209   0.027
2021-04-19T01:34:39.142034800Z timesincevax_pw(21,28]             -0.829     0.584   -1.421   0.155
2021-04-19T01:34:39.142042500Z timesincevax_pw(28, Inf]          -14.588   293.053   -0.050   0.960
2021-04-19T01:34:39.142050200Z poly(age, degree = 2, raw =         0.568     1.545    0.368   0.713
2021-04-19T01:34:39.142057800Z TRUE)1                                                              
2021-04-19T01:34:39.142065400Z poly(age, degree = 2, raw =        -0.003     0.010   -0.287   0.774
2021-04-19T01:34:39.142072800Z TRUE)2                                                              
2021-04-19T01:34:39.142080400Z sexMale                             0.706     0.149    4.736   0.000
2021-04-19T01:34:39.142087800Z imd2                               -0.059     0.210   -0.280   0.779
2021-04-19T01:34:39.142095400Z imd3                               -0.501     0.219   -2.288   0.022
2021-04-19T01:34:39.142102800Z imd4                               -0.801     0.238   -3.363   0.001
2021-04-19T01:34:39.142110200Z imd5 least deprived                -0.791     0.239   -3.313   0.001
2021-04-19T01:34:39.142117600Z ethnicityBlack                      0.831     0.457    1.819   0.069
2021-04-19T01:34:39.142125100Z ethnicitySouth Asian                0.473     0.327    1.446   0.148
2021-04-19T01:34:39.142184700Z ethnicityMixed                    -14.143   907.478   -0.016   0.988
2021-04-19T01:34:39.142192900Z ethnicityOther                      0.207     0.711    0.291   0.771
2021-04-19T01:34:39.142200100Z --------------------------------------------------------------------
2021-04-19T01:34:39.142624200Z msmmod1_par data size = 6532626 
2021-04-19T01:34:54.971118600Z memory usage = 3.79 GB 
2021-04-19T01:35:59.298478700Z   
2021-04-19T01:35:59.298582600Z msmmod2 
2021-04-19T01:43:56.997800500Z MODEL INFO:
2021-04-19T01:43:56.997907100Z Observations: 6532626
2021-04-19T01:43:56.997916500Z Dependent Variable: 
2021-04-19T01:43:56.997924200Z Type: Generalized linear model
2021-04-19T01:43:56.997931700Z   Family: binomial 
2021-04-19T01:43:56.997939900Z   Link function: logit 
2021-04-19T01:43:56.997947400Z 
2021-04-19T01:43:56.999668300Z MODEL FIT:
2021-04-19T01:43:56.999726500Z <U+03C7><U+00B2>(40) = 291.146, p = 0.000
2021-04-19T01:43:56.999735800Z Pseudo-R<U+00B2> (Cragg-Uhler) = 
2021-04-19T01:43:56.999743400Z Pseudo-R<U+00B2> (McFadden) = 0.065
2021-04-19T01:43:56.999751200Z AIC = 4265.216, BIC = 4826.601 
2021-04-19T01:43:56.999760500Z 
2021-04-19T01:43:56.999796100Z Standard errors: MLE
2021-04-19T01:43:57.129217800Z -----------------------------------------------------------------------
2021-04-19T01:43:57.129322300Z                                        Est.       S.E.   z val.       p
2021-04-19T01:43:57.129331400Z --------------------------------- --------- ---------- -------- -------
2021-04-19T01:43:57.129339400Z (Intercept)                         -37.057     57.482   -0.645   0.519
2021-04-19T01:43:57.129350300Z timesincevax_pw(0,3]                -14.234    357.213   -0.040   0.968
2021-04-19T01:43:57.129357900Z timesincevax_pw(3,7]                -14.235    310.006   -0.046   0.963
2021-04-19T01:43:57.129365400Z timesincevax_pw(7,14]                -0.917      0.506   -1.812   0.070
2021-04-19T01:43:57.129372800Z timesincevax_pw(14,21]               -1.542      0.712   -2.167   0.030
2021-04-19T01:43:57.129380300Z timesincevax_pw(21,28]               -0.793      0.584   -1.359   0.174
2021-04-19T01:43:57.129387800Z timesincevax_pw(28, Inf]            -14.470    283.459   -0.051   0.959
2021-04-19T01:43:57.129395200Z poly(age, degree = 2, raw =           0.595      1.543    0.386   0.700
2021-04-19T01:43:57.129402500Z TRUE)1                                                                 
2021-04-19T01:43:57.129409800Z poly(age, degree = 2, raw =          -0.003      0.010   -0.325   0.746
2021-04-19T01:43:57.129417200Z TRUE)2                                                                 
2021-04-19T01:43:57.129482800Z sexMale                               0.609      0.153    3.987   0.000
2021-04-19T01:43:57.129491000Z imd2                                  0.116      0.211    0.548   0.583
2021-04-19T01:43:57.129498200Z imd3                                 -0.218      0.222   -0.982   0.326
2021-04-19T01:43:57.129505100Z imd4                                 -0.485      0.242   -2.005   0.045
2021-04-19T01:43:57.129512100Z imd5 least deprived                  -0.422      0.244   -1.732   0.083
2021-04-19T01:43:57.129519500Z ethnicityBlack                        0.980      0.461    2.126   0.034
2021-04-19T01:43:57.129526600Z ethnicitySouth Asian                  0.516      0.335    1.539   0.124
2021-04-19T01:43:57.129533400Z ethnicityMixed                      -14.082    875.439   -0.016   0.987
2021-04-19T01:43:57.129540300Z ethnicityOther                        0.352      0.713    0.493   0.622
2021-04-19T01:43:57.129547100Z bmiObese I (30-34.9)                  0.107      0.193    0.555   0.579
2021-04-19T01:43:57.129554100Z bmiObese II (35-39.9)                 0.603      0.243    2.483   0.013
2021-04-19T01:43:57.129561000Z bmiObese III (40+)                    1.156      0.284    4.070   0.000
2021-04-19T01:43:57.129568000Z chronic_cardiac_disease              -0.988      0.572   -1.728   0.084
2021-04-19T01:43:57.129574800Z heart_failure                         0.624      0.263    2.375   0.018
2021-04-19T01:43:57.129584300Z other_heart_disease                   1.300      0.545    2.387   0.017
2021-04-19T01:43:57.129591400Z dialysis                              0.922      0.723    1.275   0.202
2021-04-19T01:43:57.129599000Z diabetes                              0.332      0.158    2.103   0.035
2021-04-19T01:43:57.129605900Z chronic_liver_disease                 1.005      0.367    2.740   0.006
2021-04-19T01:43:57.129612900Z current_copd                          0.674      0.184    3.662   0.000
2021-04-19T01:43:57.129619700Z other_resp_conditions                 0.798      0.225    3.546   0.000
2021-04-19T01:43:57.129626800Z lung_cancer                           0.383      0.518    0.739   0.460
2021-04-19T01:43:57.129633600Z haematological_cancer                 0.231      0.461    0.501   0.617
2021-04-19T01:43:57.129640600Z cancer_excl_lung_and_haem             0.587      0.176    3.340   0.001
2021-04-19T01:43:57.129647400Z chemo_or_radio                        0.421      0.301    1.400   0.162
2021-04-19T01:43:57.129654500Z permanant_immunosuppression         -14.365   1559.025   -0.009   0.993
2021-04-19T01:43:57.129661400Z asplenia                              0.501      1.006    0.498   0.619
2021-04-19T01:43:57.129668400Z dmards                                0.338      0.315    1.073   0.283
2021-04-19T01:43:57.129675300Z dementia                              1.616      0.214    7.550   0.000
2021-04-19T01:43:57.129682900Z other_neuro_conditions                0.584      0.332    1.758   0.079
2021-04-19T01:43:57.129689800Z LD_incl_DS_and_CP                     1.238      0.720    1.718   0.086
2021-04-19T01:43:57.129706700Z psychosis_schiz_bipolar               0.467      0.460    1.015   0.310
2021-04-19T01:43:57.129714000Z flu_vaccine                           0.141      0.221    0.638   0.524
2021-04-19T01:43:57.129721100Z -----------------------------------------------------------------------
2021-04-19T01:43:57.129727900Z msmmod2_par data size = 6532626 
2021-04-19T01:44:08.902098000Z memory usage = 3.79 GB 
2021-04-19T01:45:09.702635100Z   
2021-04-19T01:45:09.702715000Z msmmod3 
2021-04-19T02:09:38.548111800Z MODEL INFO:
2021-04-19T02:09:38.548227600Z Observations: 6532626
2021-04-19T02:09:38.548236900Z Dependent Variable: 
2021-04-19T02:09:38.548244300Z Type: Generalized linear model
2021-04-19T02:09:38.548251900Z   Family: binomial 
2021-04-19T02:09:38.548259200Z   Link function: logit 
2021-04-19T02:09:38.548266900Z 
2021-04-19T02:09:38.550446200Z MODEL FIT:
2021-04-19T02:09:38.550529400Z <U+03C7><U+00B2>(84) = 521.907, p = 0.000
2021-04-19T02:09:38.550539500Z Pseudo-R<U+00B2> (Cragg-Uhler) = 
2021-04-19T02:09:38.550547500Z Pseudo-R<U+00B2> (McFadden) = 0.117
2021-04-19T02:09:38.550555300Z AIC = 4122.455, BIC = 5286.302 
2021-04-19T02:09:38.550562800Z 
2021-04-19T02:09:38.550570200Z Standard errors: MLE
2021-04-19T02:09:38.843273400Z ------------------------------------------------------------------------
2021-04-19T02:09:38.843388600Z                                         Est.       S.E.   z val.       p
2021-04-19T02:09:38.843401100Z --------------------------------- ---------- ---------- -------- -------
2021-04-19T02:09:38.843408900Z (Intercept)                          -38.879     58.407   -0.666   0.506
2021-04-19T02:09:38.843416700Z timesincevax_pw(0,3]                 -15.923    579.758   -0.027   0.978
2021-04-19T02:09:38.843424600Z timesincevax_pw(3,7]                 -16.025    504.092   -0.032   0.975
2021-04-19T02:09:38.843432600Z timesincevax_pw(7,14]                 -1.917      0.518   -3.701   0.000
2021-04-19T02:09:38.843440100Z timesincevax_pw(14,21]                -2.795      0.731   -3.823   0.000
2021-04-19T02:09:38.843447800Z timesincevax_pw(21,28]                -2.164      0.616   -3.515   0.000
2021-04-19T02:09:38.843455300Z timesincevax_pw(28, Inf]             -16.944    457.498   -0.037   0.970
2021-04-19T02:09:38.843462900Z poly(age, degree = 2, raw =            0.475      1.566    0.304   0.761
2021-04-19T02:09:38.843470400Z TRUE)1                                                                  
2021-04-19T02:09:38.843478000Z poly(age, degree = 2, raw =           -0.002      0.010   -0.222   0.825
2021-04-19T02:09:38.843485400Z TRUE)2                                                                  
2021-04-19T02:09:38.843548400Z sexMale                                0.627      0.153    4.102   0.000
2021-04-19T02:09:38.843556300Z imd2                                   0.217      0.215    1.009   0.313
2021-04-19T02:09:38.843563400Z imd3                                  -0.108      0.229   -0.472   0.637
2021-04-19T02:09:38.843570400Z imd4                                  -0.318      0.249   -1.277   0.201
2021-04-19T02:09:38.843577600Z imd5 least deprived                   -0.286      0.249   -1.146   0.252
2021-04-19T02:09:38.843584600Z ethnicityBlack                         0.710      0.474    1.499   0.134
2021-04-19T02:09:38.843591700Z ethnicitySouth Asian                   0.300      0.345    0.868   0.385
2021-04-19T02:09:38.843598700Z ethnicityMixed                       -15.089   1351.317   -0.011   0.991
2021-04-19T02:09:38.843605800Z ethnicityOther                         0.279      0.718    0.388   0.698
2021-04-19T02:09:38.843612800Z bmiObese I (30-34.9)                   0.122      0.194    0.632   0.527
2021-04-19T02:09:38.843620000Z bmiObese II (35-39.9)                  0.595      0.243    2.449   0.014
2021-04-19T02:09:38.843627100Z bmiObese III (40+)                     1.114      0.285    3.903   0.000
2021-04-19T02:09:38.843634600Z chronic_cardiac_disease               -0.990      0.572   -1.731   0.084
2021-04-19T02:09:38.843641600Z heart_failure                          0.648      0.263    2.464   0.014
2021-04-19T02:09:38.843651000Z other_heart_disease                    1.319      0.545    2.420   0.016
2021-04-19T02:09:38.843658300Z dialysis                               1.109      0.720    1.540   0.124
2021-04-19T02:09:38.843665400Z diabetes                               0.345      0.159    2.173   0.030
2021-04-19T02:09:38.843672400Z chronic_liver_disease                  1.080      0.369    2.929   0.003
2021-04-19T02:09:38.843679800Z current_copd                           0.684      0.184    3.716   0.000
2021-04-19T02:09:38.843686900Z other_resp_conditions                  0.772      0.225    3.422   0.001
2021-04-19T02:09:38.843694000Z lung_cancer                            0.402      0.517    0.777   0.437
2021-04-19T02:09:38.843701800Z haematological_cancer                  0.256      0.460    0.556   0.578
2021-04-19T02:09:38.843708800Z cancer_excl_lung_and_haem              0.582      0.177    3.293   0.001
2021-04-19T02:09:38.843716100Z chemo_or_radio                         0.445      0.301    1.480   0.139
2021-04-19T02:09:38.843723300Z permanant_immunosuppression          -15.310   2413.937   -0.006   0.995
2021-04-19T02:09:38.843730500Z asplenia                               0.510      1.008    0.506   0.613
2021-04-19T02:09:38.843738000Z dmards                                 0.345      0.316    1.095   0.274
2021-04-19T02:09:38.843745000Z dementia                               1.538      0.214    7.171   0.000
2021-04-19T02:09:38.843752900Z other_neuro_conditions                 0.621      0.331    1.874   0.061
2021-04-19T02:09:38.843769800Z LD_incl_DS_and_CP                      1.036      0.722    1.435   0.151
2021-04-19T02:09:38.843778700Z psychosis_schiz_bipolar                0.410      0.461    0.890   0.373
2021-04-19T02:09:38.843786300Z flu_vaccine                            0.294      0.224    1.314   0.189
2021-04-19T02:09:38.843794000Z ns(tstop, df = 4)1                     5.884      2.367    2.486   0.013
2021-04-19T02:09:38.843801500Z ns(tstop, df = 4)2                     3.625      1.725    2.102   0.036
2021-04-19T02:09:38.843808600Z ns(tstop, df = 4)3                    10.228      5.153    1.985   0.047
2021-04-19T02:09:38.843816700Z ns(tstop, df = 4)4                     4.390      1.128    3.890   0.000
2021-04-19T02:09:38.843823500Z regionEast Midlands                  -19.529     17.738   -1.101   0.271
2021-04-19T02:09:38.843830600Z regionLondon                         -13.925     21.459   -0.649   0.516
2021-04-19T02:09:38.843837600Z regionNorth East                      -0.473      6.595   -0.072   0.943
2021-04-19T02:09:38.843844800Z regionNorth West                       1.558      3.530    0.441   0.659
2021-04-19T02:09:38.843852000Z regionSouth East                    -122.324     98.637   -1.240   0.215
2021-04-19T02:09:38.843859800Z regionSouth West                      -8.309     15.517   -0.536   0.592
2021-04-19T02:09:38.843867800Z regionWest Midlands                  -47.639     41.079   -1.160   0.246
2021-04-19T02:09:38.843875000Z regionYorkshire and The                2.028      3.355    0.605   0.545
2021-04-19T02:09:38.843881900Z Humber                                                                  
2021-04-19T02:09:38.843889100Z ns(tstop, df =                        18.118     17.348    1.044   0.296
2021-04-19T02:09:38.843896000Z 4)1:regionEast Midlands                                                 
2021-04-19T02:09:38.843903100Z ns(tstop, df =                        14.232     11.751    1.211   0.226
2021-04-19T02:09:38.843910000Z 4)2:regionEast Midlands                                                 
2021-04-19T02:09:38.843917100Z ns(tstop, df =                        37.124     34.164    1.087   0.277
2021-04-19T02:09:38.843924000Z 4)3:regionEast Midlands                                                 
2021-04-19T02:09:38.843931100Z ns(tstop, df =                         7.243      7.534    0.961   0.336
2021-04-19T02:09:38.843938000Z 4)4:regionEast Midlands                                                 
2021-04-19T02:09:38.843945200Z ns(tstop, df =                        12.928     20.647    0.626   0.531
2021-04-19T02:09:38.843952100Z 4)1:regionLondon                                                        
2021-04-19T02:09:38.843959300Z ns(tstop, df =                         8.727     14.352    0.608   0.543
2021-04-19T02:09:38.843966300Z 4)2:regionLondon                                                        
2021-04-19T02:09:38.843973700Z ns(tstop, df =                        26.121     41.921    0.623   0.533
2021-04-19T02:09:38.843989200Z 4)3:regionLondon                                                        
2021-04-19T02:09:38.843996600Z ns(tstop, df =                         3.810      8.841    0.431   0.666
2021-04-19T02:09:38.844003800Z 4)4:regionLondon                                                        
2021-04-19T02:09:38.844011000Z ns(tstop, df =                        -2.458      6.205   -0.396   0.692
2021-04-19T02:09:38.844018400Z 4)1:regionNorth East                                                    
2021-04-19T02:09:38.844026300Z ns(tstop, df =                         1.760      4.387    0.401   0.688
2021-04-19T02:09:38.844033400Z 4)2:regionNorth East                                                    
2021-04-19T02:09:38.844041300Z ns(tstop, df =                         1.113     13.837    0.080   0.936
2021-04-19T02:09:38.844048300Z 4)3:regionNorth East                                                    
2021-04-19T02:09:38.844055500Z ns(tstop, df =                        -1.110      2.931   -0.379   0.705
2021-04-19T02:09:38.844062500Z 4)4:regionNorth East                                                    
2021-04-19T02:09:38.844069800Z ns(tstop, df =                        -2.568      3.332   -0.771   0.441
2021-04-19T02:09:38.844077500Z 4)1:regionNorth West                                                    
2021-04-19T02:09:38.844084600Z ns(tstop, df =                        -1.879      2.520   -0.746   0.456
2021-04-19T02:09:38.844091500Z 4)2:regionNorth West                                                    
2021-04-19T02:09:38.844099000Z ns(tstop, df =                        -2.771      7.451   -0.372   0.710
2021-04-19T02:09:38.844106400Z 4)3:regionNorth West                                                    
2021-04-19T02:09:38.844114000Z ns(tstop, df =                         0.150      1.649    0.091   0.927
2021-04-19T02:09:38.844121300Z 4)4:regionNorth West                                                    
2021-04-19T02:09:38.844129200Z ns(tstop, df =                       118.029     97.375    1.212   0.225
2021-04-19T02:09:38.844136300Z 4)1:regionSouth East                                                    
2021-04-19T02:09:38.844143400Z ns(tstop, df =                        83.778     66.163    1.266   0.205
2021-04-19T02:09:38.844150300Z 4)2:regionSouth East                                                    
2021-04-19T02:09:38.844157300Z ns(tstop, df =                       230.899    185.827    1.243   0.214
2021-04-19T02:09:38.844164200Z 4)3:regionSouth East                                                    
2021-04-19T02:09:38.844171200Z ns(tstop, df =                        46.434     43.027    1.079   0.281
2021-04-19T02:09:38.844178100Z 4)4:regionSouth East                                                    
2021-04-19T02:09:38.844185600Z ns(tstop, df =                         6.443     14.947    0.431   0.666
2021-04-19T02:09:38.844193300Z 4)1:regionSouth West                                                    
2021-04-19T02:09:38.844209200Z ns(tstop, df =                         4.846     10.208    0.475   0.635
2021-04-19T02:09:38.844216800Z 4)2:regionSouth West                                                    
2021-04-19T02:09:38.844227300Z ns(tstop, df =                        14.815     30.558    0.485   0.628
2021-04-19T02:09:38.844234600Z 4)3:regionSouth West                                                    
2021-04-19T02:09:38.844242000Z ns(tstop, df =                         4.245      6.337    0.670   0.503
2021-04-19T02:09:38.844249800Z 4)4:regionSouth West                                                    
2021-04-19T02:09:38.844257300Z ns(tstop, df =                        46.577     40.385    1.153   0.249
2021-04-19T02:09:38.844264200Z 4)1:regionWest Midlands                                                 
2021-04-19T02:09:38.844271500Z ns(tstop, df =                        33.711     27.457    1.228   0.220
2021-04-19T02:09:38.844278500Z 4)2:regionWest Midlands                                                 
2021-04-19T02:09:38.844285900Z ns(tstop, df =                        91.577     78.072    1.173   0.241
2021-04-19T02:09:38.844294100Z 4)3:regionWest Midlands                                                 
2021-04-19T02:09:38.844301200Z ns(tstop, df =                        17.369     17.733    0.979   0.327
2021-04-19T02:09:38.844308300Z 4)4:regionWest Midlands                                                 
2021-04-19T02:09:38.844315400Z ns(tstop, df =                        -4.366      3.245   -1.345   0.179
2021-04-19T02:09:38.844322400Z 4)1:regionYorkshire and The                                             
2021-04-19T02:09:38.844329400Z Humber                                                                  
2021-04-19T02:09:38.844336500Z ns(tstop, df =                        -0.447      2.347   -0.190   0.849
2021-04-19T02:09:38.844343700Z 4)2:regionYorkshire and The                                             
2021-04-19T02:09:38.844350800Z Humber                                                                  
2021-04-19T02:09:38.844358000Z ns(tstop, df =                        -4.794      7.211   -0.665   0.506
2021-04-19T02:09:38.844365200Z 4)3:regionYorkshire and The                                             
2021-04-19T02:09:38.844372200Z Humber                                                                  
2021-04-19T02:09:38.844379400Z ns(tstop, df =                        -0.376      1.707   -0.220   0.826
2021-04-19T02:09:38.844386700Z 4)4:regionYorkshire and The                                             
2021-04-19T02:09:38.844394300Z Humber                                                                  
2021-04-19T02:09:38.844402300Z ------------------------------------------------------------------------
2021-04-19T02:09:38.844410100Z msmmod3_par data size = 6532626 
2021-04-19T02:09:53.181450100Z memory usage = 3.79 GB 
2021-04-19T02:11:09.151233700Z   
2021-04-19T02:11:09.151372300Z msmmod4 
2021-04-19T02:38:04.545388800Z MODEL INFO:
2021-04-19T02:38:04.545505600Z Observations: 6532626
2021-04-19T02:38:04.545514900Z Dependent Variable: 
2021-04-19T02:38:04.545522600Z Type: Generalized linear model
2021-04-19T02:38:04.545529900Z   Family: binomial 
2021-04-19T02:38:04.545537400Z   Link function: logit 
2021-04-19T02:38:04.545545000Z 
2021-04-19T02:38:04.547340900Z MODEL FIT:
2021-04-19T02:38:04.547364700Z <U+03C7><U+00B2>(84) = 398.792, p = 0.000
2021-04-19T02:38:04.547373700Z Pseudo-R<U+00B2> (Cragg-Uhler) = 
2021-04-19T02:38:04.547381500Z Pseudo-R<U+00B2> (McFadden) = 0.111
2021-04-19T02:38:04.547389300Z AIC = 3495.719, BIC = 4659.566 
2021-04-19T02:38:04.547397700Z 
2021-04-19T02:38:04.547542200Z Standard errors: MLE
2021-04-19T02:38:04.830220600Z ------------------------------------------------------------------------
2021-04-19T02:38:04.830318600Z                                         Est.       S.E.   z val.       p
2021-04-19T02:38:04.830328200Z --------------------------------- ---------- ---------- -------- -------
2021-04-19T02:38:04.830339200Z (Intercept)                          -56.447     65.268   -0.865   0.387
2021-04-19T02:38:04.830346900Z timesincevax_pw(0,3]                 -15.355    577.587   -0.027   0.979
2021-04-19T02:38:04.830354600Z timesincevax_pw(3,7]                 -15.303    501.560   -0.031   0.976
2021-04-19T02:38:04.830362400Z timesincevax_pw(7,14]                 -0.954      0.529   -1.802   0.072
2021-04-19T02:38:04.830370000Z timesincevax_pw(14,21]                -1.479      0.742   -1.995   0.046
2021-04-19T02:38:04.830377500Z timesincevax_pw(21,28]                -0.692      0.644   -1.074   0.283
2021-04-19T02:38:04.830385200Z timesincevax_pw(28, Inf]             -15.309    455.994   -0.034   0.973
2021-04-19T02:38:04.830392600Z poly(age, degree = 2, raw =            0.993      1.752    0.567   0.571
2021-04-19T02:38:04.830400200Z TRUE)1                                                                  
2021-04-19T02:38:04.830407800Z poly(age, degree = 2, raw =           -0.006      0.012   -0.515   0.607
2021-04-19T02:38:04.830415800Z TRUE)2                                                                  
2021-04-19T02:38:04.830423400Z sexMale                                0.607      0.172    3.540   0.000
2021-04-19T02:38:04.830431200Z imd2                                   0.134      0.236    0.570   0.569
2021-04-19T02:38:04.830438700Z imd3                                  -0.221      0.253   -0.874   0.382
2021-04-19T02:38:04.830446300Z imd4                                  -0.461      0.278   -1.656   0.098
2021-04-19T02:38:04.830453800Z imd5 least deprived                   -0.432      0.280   -1.542   0.123
2021-04-19T02:38:04.830461500Z ethnicityBlack                         1.050      0.483    2.173   0.030
2021-04-19T02:38:04.830508100Z ethnicitySouth Asian                   0.463      0.371    1.248   0.212
2021-04-19T02:38:04.830516000Z ethnicityMixed                       -14.770   1370.757   -0.011   0.991
2021-04-19T02:38:04.830523000Z ethnicityOther                         0.480      0.742    0.647   0.517
2021-04-19T02:38:04.830529900Z bmiObese I (30-34.9)                   0.116      0.218    0.533   0.594
2021-04-19T02:38:04.830536800Z bmiObese II (35-39.9)                  0.633      0.266    2.381   0.017
2021-04-19T02:38:04.830543800Z bmiObese III (40+)                     1.271      0.298    4.269   0.000
2021-04-19T02:38:04.830550700Z chronic_cardiac_disease               -0.931      0.628   -1.482   0.138
2021-04-19T02:38:04.830557800Z heart_failure                          0.655      0.287    2.284   0.022
2021-04-19T02:38:04.830567400Z other_heart_disease                    1.310      0.597    2.192   0.028
2021-04-19T02:38:04.830574500Z dialysis                               1.296      0.728    1.781   0.075
2021-04-19T02:38:04.830581800Z diabetes                               0.461      0.176    2.617   0.009
2021-04-19T02:38:04.830588600Z chronic_liver_disease                  1.269      0.380    3.341   0.001
2021-04-19T02:38:04.830595600Z current_copd                           0.742      0.204    3.633   0.000
2021-04-19T02:38:04.830602500Z other_resp_conditions                  0.788      0.251    3.136   0.002
2021-04-19T02:38:04.830610100Z lung_cancer                            0.004      0.718    0.006   0.995
2021-04-19T02:38:04.830617100Z haematological_cancer                  0.356      0.498    0.715   0.474
2021-04-19T02:38:04.830624400Z cancer_excl_lung_and_haem              0.543      0.200    2.716   0.007
2021-04-19T02:38:04.830631700Z chemo_or_radio                         0.405      0.351    1.153   0.249
2021-04-19T02:38:04.830638900Z permanant_immunosuppression          -15.091   2428.303   -0.006   0.995
2021-04-19T02:38:04.830645700Z asplenia                               0.698      1.010    0.691   0.490
2021-04-19T02:38:04.830652600Z dmards                                 0.204      0.369    0.554   0.580
2021-04-19T02:38:04.830660100Z dementia                               1.441      0.252    5.725   0.000
2021-04-19T02:38:04.830667200Z other_neuro_conditions                 0.617      0.375    1.647   0.100
2021-04-19T02:38:04.830674000Z LD_incl_DS_and_CP                      1.319      0.746    1.768   0.077
2021-04-19T02:38:04.830681000Z psychosis_schiz_bipolar                0.668      0.469    1.422   0.155
2021-04-19T02:38:04.830687900Z flu_vaccine                            0.033      0.238    0.138   0.890
2021-04-19T02:38:04.830694800Z ns(tstop, df = 4)1                     5.867      2.356    2.490   0.013
2021-04-19T02:38:04.830701700Z ns(tstop, df = 4)2                     3.366      1.800    1.870   0.061
2021-04-19T02:38:04.830708600Z ns(tstop, df = 4)3                     8.626      5.176    1.667   0.096
2021-04-19T02:38:04.830724300Z ns(tstop, df = 4)4                     2.149      1.431    1.501   0.133
2021-04-19T02:38:04.830732000Z regionEast Midlands                  -19.025     18.045   -1.054   0.292
2021-04-19T02:38:04.830738900Z regionLondon                         -10.875     19.741   -0.551   0.582
2021-04-19T02:38:04.830745900Z regionNorth East                      -0.246      6.346   -0.039   0.969
2021-04-19T02:38:04.830753100Z regionNorth West                       1.519      3.529    0.431   0.667
2021-04-19T02:38:04.830759900Z regionSouth East                    -115.922    100.797   -1.150   0.250
2021-04-19T02:38:04.830767100Z regionSouth West                     -10.228     17.151   -0.596   0.551
2021-04-19T02:38:04.830775500Z regionWest Midlands                  -41.949     40.244   -1.042   0.297
2021-04-19T02:38:04.830783600Z regionYorkshire and The                1.985      3.350    0.593   0.553
2021-04-19T02:38:04.830790700Z Humber                                                                  
2021-04-19T02:38:04.830797500Z ns(tstop, df =                        17.583     17.567    1.001   0.317
2021-04-19T02:38:04.830804400Z 4)1:regionEast Midlands                                                 
2021-04-19T02:38:04.830811400Z ns(tstop, df =                        14.072     12.074    1.166   0.244
2021-04-19T02:38:04.830818300Z 4)2:regionEast Midlands                                                 
2021-04-19T02:38:04.830825400Z ns(tstop, df =                        35.447     34.716    1.021   0.307
2021-04-19T02:38:04.830832600Z 4)3:regionEast Midlands                                                 
2021-04-19T02:38:04.830839500Z ns(tstop, df =                         5.849      7.604    0.769   0.442
2021-04-19T02:38:04.830846400Z 4)4:regionEast Midlands                                                 
2021-04-19T02:38:04.830853300Z ns(tstop, df =                        10.190     18.901    0.539   0.590
2021-04-19T02:38:04.830860200Z 4)1:regionLondon                                                        
2021-04-19T02:38:04.830867100Z ns(tstop, df =                         6.011     13.369    0.450   0.653
2021-04-19T02:38:04.830874100Z 4)2:regionLondon                                                        
2021-04-19T02:38:04.830881000Z ns(tstop, df =                        20.065     38.716    0.518   0.604
2021-04-19T02:38:04.830888000Z 4)3:regionLondon                                                        
2021-04-19T02:38:04.830895000Z ns(tstop, df =                         4.006      8.177    0.490   0.624
2021-04-19T02:38:04.830902000Z 4)4:regionLondon                                                        
2021-04-19T02:38:04.830909000Z ns(tstop, df =                        -2.495      5.955   -0.419   0.675
2021-04-19T02:38:04.830916000Z 4)1:regionNorth East                                                    
2021-04-19T02:38:04.830923000Z ns(tstop, df =                         1.099      4.318    0.254   0.799
2021-04-19T02:38:04.830939300Z 4)2:regionNorth East                                                    
2021-04-19T02:38:04.830946700Z ns(tstop, df =                         1.373     13.378    0.103   0.918
2021-04-19T02:38:04.830953700Z 4)3:regionNorth East                                                    
2021-04-19T02:38:04.830960800Z ns(tstop, df =                         0.739      3.028    0.244   0.807
2021-04-19T02:38:04.830968100Z 4)4:regionNorth East                                                    
2021-04-19T02:38:04.830975200Z ns(tstop, df =                        -2.579      3.314   -0.778   0.436
2021-04-19T02:38:04.830983100Z 4)1:regionNorth West                                                    
2021-04-19T02:38:04.830990300Z ns(tstop, df =                        -1.700      2.722   -0.625   0.532
2021-04-19T02:38:04.830998200Z 4)2:regionNorth West                                                    
2021-04-19T02:38:04.831005200Z ns(tstop, df =                        -3.053      7.491   -0.408   0.684
2021-04-19T02:38:04.831012200Z 4)3:regionNorth West                                                    
2021-04-19T02:38:04.831019100Z ns(tstop, df =                        -0.419      2.400   -0.174   0.862
2021-04-19T02:38:04.831026100Z 4)4:regionNorth West                                                    
2021-04-19T02:38:04.831033000Z ns(tstop, df =                       111.881     99.346    1.126   0.260
2021-04-19T02:38:04.831040000Z 4)1:regionSouth East                                                    
2021-04-19T02:38:04.831047000Z ns(tstop, df =                        79.463     67.811    1.172   0.241
2021-04-19T02:38:04.831054100Z 4)2:regionSouth East                                                    
2021-04-19T02:38:04.831061000Z ns(tstop, df =                       218.232    189.699    1.150   0.250
2021-04-19T02:38:04.831068000Z 4)3:regionSouth East                                                    
2021-04-19T02:38:04.831074900Z ns(tstop, df =                        43.353     43.320    1.001   0.317
2021-04-19T02:38:04.831081800Z 4)4:regionSouth East                                                    
2021-04-19T02:38:04.831088700Z ns(tstop, df =                         7.978     16.469    0.484   0.628
2021-04-19T02:38:04.831095500Z 4)1:regionSouth West                                                    
2021-04-19T02:38:04.831102500Z ns(tstop, df =                         6.471     11.388    0.568   0.570
2021-04-19T02:38:04.831109400Z 4)2:regionSouth West                                                    
2021-04-19T02:38:04.831116300Z ns(tstop, df =                        18.871     33.727    0.560   0.576
2021-04-19T02:38:04.831123100Z 4)3:regionSouth West                                                    
2021-04-19T02:38:04.831130000Z ns(tstop, df =                         4.597      7.051    0.652   0.514
2021-04-19T02:38:04.831136900Z 4)4:regionSouth West                                                    
2021-04-19T02:38:04.831152500Z ns(tstop, df =                        41.110     39.443    1.042   0.297
2021-04-19T02:38:04.831160100Z 4)1:regionWest Midlands                                                 
2021-04-19T02:38:04.831167100Z ns(tstop, df =                        29.636     27.041    1.096   0.273
2021-04-19T02:38:04.831174000Z 4)2:regionWest Midlands                                                 
2021-04-19T02:38:04.831181100Z ns(tstop, df =                        80.270     76.465    1.050   0.294
2021-04-19T02:38:04.831188800Z 4)3:regionWest Midlands                                                 
2021-04-19T02:38:04.831195900Z ns(tstop, df =                        15.161     17.121    0.886   0.376
2021-04-19T02:38:04.831202800Z 4)4:regionWest Midlands                                                 
2021-04-19T02:38:04.831209600Z ns(tstop, df =                        -4.260      3.236   -1.316   0.188
2021-04-19T02:38:04.831216500Z 4)1:regionYorkshire and The                                             
2021-04-19T02:38:04.831223900Z Humber                                                                  
2021-04-19T02:38:04.831231900Z ns(tstop, df =                        -0.783      2.513   -0.311   0.755
2021-04-19T02:38:04.831239100Z 4)2:regionYorkshire and The                                             
2021-04-19T02:38:04.831246000Z Humber                                                                  
2021-04-19T02:38:04.831252900Z ns(tstop, df =                        -4.712      7.238   -0.651   0.515
2021-04-19T02:38:04.831259800Z 4)3:regionYorkshire and The                                             
2021-04-19T02:38:04.831267000Z Humber                                                                  
2021-04-19T02:38:04.831274400Z ns(tstop, df =                         0.068      2.206    0.031   0.975
2021-04-19T02:38:04.831281300Z 4)4:regionYorkshire and The                                             
2021-04-19T02:38:04.831289200Z Humber                                                                  
2021-04-19T02:38:04.831296100Z ------------------------------------------------------------------------
2021-04-19T02:38:04.831303700Z msmmod4_par data size = 6532626 
2021-04-19T02:38:20.019424500Z memory usage = 3.79 GB 
2021-04-19T02:39:44.637730000Z NULL
2021-04-19T02:39:44.637814000Z   
2021-04-19T02:39:47.854756500Z              used   (Mb) gc trigger    (Mb)   max used   (Mb)
2021-04-19T02:39:47.854858700Z Ncells    2339987  125.0   12691363   677.8    2339987  125.0
2021-04-19T02:39:47.854867900Z Vcells 1059929634 8086.7 2228459708 17001.8 1059929634 8086.7
2021-04-19T02:39:47.855333500Z Warning message:
2021-04-19T02:39:47.855395400Z Removed 2536 rows containing non-finite values (stat_bin). 


state: succeeded
commit: 33f52791c8cce80c6c198db74da25e5b695f71d1
docker_image_id: sha256:c2fc5042bf86134947d83ad8e70bd926e2c1f91a263c6bfe87438ad783bec981
exit_code: 0
job_id: h5msmnkss55gq4wt
run_by_user: wjchulme
created_at: 2021-04-18T20:34:39Z
started_at: 2021-04-18T23:51:20Z
completed_at: 2021-04-19T02:40:08Z

Completed successfully

outputs:
  output/in70s/coviddeath/pfizer/all/all/data_atrisk_death.rds         - highly_sensitive    
  output/in70s/coviddeath/pfizer/all/all/data_atrisk_vaxaz1.rds        - highly_sensitive    
  output/in70s/coviddeath/pfizer/all/all/data_atrisk_vaxpfizer1.rds    - highly_sensitive    
  output/in70s/coviddeath/pfizer/all/all/data_weights.rds              - highly_sensitive    
  output/in70s/coviddeath/pfizer/all/all/model0.rds                    - highly_sensitive    
  output/in70s/coviddeath/pfizer/all/all/model1.rds                    - highly_sensitive    
  output/in70s/coviddeath/pfizer/all/all/model2.rds                    - highly_sensitive    
  output/in70s/coviddeath/pfizer/all/all/model3.rds                    - highly_sensitive    
  output/in70s/coviddeath/pfizer/all/all/model4.rds                    - highly_sensitive    
  output/in70s/coviddeath/pfizer/all/all/model_death.rds               - highly_sensitive    
  output/in70s/coviddeath/pfizer/all/all/model_formula_death.rds       - highly_sensitive    
  output/in70s/coviddeath/pfizer/all/all/model_formula_vaxaz1.rds      - highly_sensitive    
  output/in70s/coviddeath/pfizer/all/all/model_formula_vaxpfizer1.rds  - highly_sensitive    
  output/in70s/coviddeath/pfizer/all/all/model_vaxaz1.rds              - highly_sensitive    
  output/in70s/coviddeath/pfizer/all/all/model_vaxpfizer1.rds          - highly_sensitive    
  output/in70s/coviddeath/pfizer/all/all/weights_histogram.svg         - moderately_sensitive
  output/in70s/coviddeath/pfizer/all/all/weights_table.txt             - moderately_sensitive