2021-04-15T16:49:14.823249700Z -- Attaching packages --------------------------------------- tidyverse 1.3.0 --
2021-04-15T16:49:14.832137400Z v ggplot2 3.3.2     v purrr   0.3.4
2021-04-15T16:49:14.832190400Z v tibble  3.0.3     v dplyr   1.0.2
2021-04-15T16:49:14.832198300Z v tidyr   1.1.2     v stringr 1.4.0
2021-04-15T16:49:14.832205200Z v readr   1.3.1     v forcats 0.5.0
2021-04-15T16:49:15.002454000Z -- Conflicts ------------------------------------------ tidyverse_conflicts() --
2021-04-15T16:49:15.002528900Z x dplyr::filter() masks stats::filter()
2021-04-15T16:49:15.002539000Z x dplyr::lag()    masks stats::lag()
2021-04-15T16:49:15.016352000Z 
2021-04-15T16:49:15.016427900Z Attaching package: 'glue'
2021-04-15T16:49:15.016436500Z 
2021-04-15T16:49:15.017708400Z The following object is masked from 'package:dplyr':
2021-04-15T16:49:15.017732800Z 
2021-04-15T16:49:15.017741400Z     collapse
2021-04-15T16:49:15.017748900Z 
2021-04-15T16:49:17.028870900Z #BlackLivesMatter
2021-04-15T16:49:17.093500700Z 
2021-04-15T16:49:17.093558900Z Attaching package: 'lubridate'
2021-04-15T16:49:17.093568400Z 
2021-04-15T16:49:17.094026400Z The following objects are masked from 'package:base':
2021-04-15T16:49:17.094047200Z 
2021-04-15T16:49:17.094055800Z     date, intersect, setdiff, union
2021-04-15T16:49:17.094063400Z 
2021-04-15T16:49:17.424207200Z <environment: R_GlobalEnv>
2021-04-15T16:49:17.424731700Z <environment: R_GlobalEnv>
2021-04-15T16:49:42.078383600Z data_pt data size = 4377483 
2021-04-15T16:49:42.080617500Z   memory usage = 1.716 GB 
2021-04-15T16:49:42.619403500Z     
2021-04-15T16:49:42.619462400Z all   
2021-04-15T16:49:42.619471500Z   
2021-04-15T16:49:49.203100700Z   
2021-04-15T16:58:05.039236400Z vaxpfizer1  vaxpfizer1 data size = 4376465 
2021-04-15T16:58:12.470320300Z memory usage = 4.36 GB 
2021-04-15T16:58:12.470438900Z   
2021-04-15T17:03:36.275191900Z vaxpfizer1_fxd  vaxpfizer1_fxd data size = 4376465 
2021-04-15T17:03:43.903291700Z memory usage = 3.643 GB 
2021-04-15T17:07:08.879452100Z   
2021-04-15T17:08:52.407627600Z vaxaz1  vaxaz1 data size = 1287772 
2021-04-15T17:08:54.355072200Z memory usage = 1.284 GB 
2021-04-15T17:08:54.355153900Z   
2021-04-15T17:10:52.694284100Z vaxaz1_fxd  vaxaz1_fxd data size = 1287772 
2021-04-15T17:10:54.557308000Z memory usage = 1.073 GB 
2021-04-15T17:12:49.181500800Z   
2021-04-15T17:33:25.574727300Z death  death data size = 4377483 
2021-04-15T17:33:33.839309300Z memory usage = 4.379 GB 
2021-04-15T17:33:33.839447500Z   
2021-04-15T17:41:27.022543100Z death_fxd  death_fxd data size = 4377483 
2021-04-15T17:41:34.746178500Z memory usage = 3.643 GB 
2021-04-15T17:46:05.595783200Z Saving 7 x 7 in image
2021-04-15T17:46:07.594242600Z `stat_bin()` using `bins = 30`. Pick better value with `binwidth`.
2021-04-15T17:46:10.918288700Z   
2021-04-15T17:46:10.918626600Z data_weights data size = 4377483   
2021-04-15T17:46:10.919354300Z memory usage = 0.665 GB   
2021-04-15T17:46:24.049373700Z   
2021-04-15T17:46:24.049464600Z msmmod0 
2021-04-15T17:46:58.658443900Z MODEL INFO:
2021-04-15T17:46:58.658541400Z Observations: 4377483
2021-04-15T17:46:58.658550800Z Dependent Variable: 
2021-04-15T17:46:58.658656500Z Type: Generalized linear model
2021-04-15T17:46:58.658717500Z   Family: binomial 
2021-04-15T17:46:58.658727800Z   Link function: logit 
2021-04-15T17:46:58.658735300Z 
2021-04-15T17:46:58.661789600Z MODEL FIT:
2021-04-15T17:46:58.661881200Z <U+03C7><U+00B2>(6) = 17.042, p = 0.009
2021-04-15T17:46:58.661891900Z Pseudo-R<U+00B2> (Cragg-Uhler) = 
2021-04-15T17:46:58.661900700Z Pseudo-R<U+00B2> (McFadden) = 0.001
2021-04-15T17:46:58.661908400Z AIC = 22997.216, BIC = 23090.260 
2021-04-15T17:46:58.661916100Z 
2021-04-15T17:46:58.670502000Z Standard errors: MLE
2021-04-15T17:46:58.722395800Z ------------------------------------------------------------------
2021-04-15T17:46:58.722481600Z                                    Est.    S.E.     z val.       p
2021-04-15T17:46:58.722491100Z ------------------------------ -------- ------- ---------- -------
2021-04-15T17:46:58.722499000Z (Intercept)                      -8.123   0.030   -269.502   0.000
2021-04-15T17:46:58.722507300Z timesincevax_pw(0,3]             -0.866   0.335     -2.587   0.010
2021-04-15T17:46:58.722515700Z timesincevax_pw(3,7]             -0.079   0.198     -0.401   0.689
2021-04-15T17:46:58.722524500Z timesincevax_pw(7,14]            -0.021   0.151     -0.142   0.887
2021-04-15T17:46:58.722532200Z timesincevax_pw(14,21]           -0.184   0.172     -1.072   0.284
2021-04-15T17:46:58.722540100Z timesincevax_pw(21,28]           -0.508   0.220     -2.308   0.021
2021-04-15T17:46:58.722547800Z timesincevax_pw(28, Inf]         -0.255   0.238     -1.073   0.283
2021-04-15T17:46:58.722556000Z ------------------------------------------------------------------
2021-04-15T17:46:58.723505300Z msmmod0_par data size = 4377483 
2021-04-15T17:47:06.860069800Z memory usage = 2.54 GB 
2021-04-15T17:47:50.848171600Z   
2021-04-15T17:47:50.848266700Z msmmod1 
2021-04-15T17:48:45.194998000Z MODEL INFO:
2021-04-15T17:48:45.195100600Z Observations: 4377483
2021-04-15T17:48:45.195110000Z Dependent Variable: 
2021-04-15T17:48:45.195117600Z Type: Generalized linear model
2021-04-15T17:48:45.195125100Z   Family: binomial 
2021-04-15T17:48:45.195132400Z   Link function: logit 
2021-04-15T17:48:45.195139900Z 
2021-04-15T17:48:45.197378700Z MODEL FIT:
2021-04-15T17:48:45.197471400Z <U+03C7><U+00B2>(17) = 429.740, p = 0.000
2021-04-15T17:48:45.197481900Z Pseudo-R<U+00B2> (Cragg-Uhler) = 
2021-04-15T17:48:45.197489600Z Pseudo-R<U+00B2> (McFadden) = 0.019
2021-04-15T17:48:45.197497000Z AIC = 22606.518, BIC = 22845.773 
2021-04-15T17:48:45.197504600Z 
2021-04-15T17:48:45.197540000Z Standard errors: MLE
2021-04-15T17:48:45.272597200Z ------------------------------------------------------------------
2021-04-15T17:48:45.272690300Z                                      Est.    S.E.   z val.       p
2021-04-15T17:48:45.272699700Z ------------------------------- --------- ------- -------- -------
2021-04-15T17:48:45.272707800Z (Intercept)                       -26.740   7.732   -3.458   0.001
2021-04-15T17:48:45.272715300Z timesincevax_pw(0,3]               -0.934   0.335   -2.789   0.005
2021-04-15T17:48:45.272722900Z timesincevax_pw(3,7]               -0.146   0.199   -0.733   0.463
2021-04-15T17:48:45.272730600Z timesincevax_pw(7,14]              -0.080   0.151   -0.533   0.594
2021-04-15T17:48:45.272738300Z timesincevax_pw(14,21]             -0.225   0.172   -1.308   0.191
2021-04-15T17:48:45.272745800Z timesincevax_pw(21,28]             -0.528   0.220   -2.398   0.016
2021-04-15T17:48:45.272753300Z timesincevax_pw(28, Inf]           -0.266   0.238   -1.119   0.263
2021-04-15T17:48:45.272760800Z poly(age, degree = 2, raw =         0.316   0.175    1.806   0.071
2021-04-15T17:48:45.272768400Z TRUE)1                                                            
2021-04-15T17:48:45.272775900Z poly(age, degree = 2, raw =        -0.001   0.001   -1.167   0.243
2021-04-15T17:48:45.272783600Z TRUE)2                                                            
2021-04-15T17:48:45.272791100Z sexMale                             0.389   0.057    6.828   0.000
2021-04-15T17:48:45.272798800Z imd2                               -0.092   0.096   -0.955   0.340
2021-04-15T17:48:45.272806300Z imd3                               -0.200   0.093   -2.157   0.031
2021-04-15T17:48:45.272813700Z imd4                               -0.158   0.092   -1.716   0.086
2021-04-15T17:48:45.272821100Z imd5 least deprived                -0.354   0.096   -3.676   0.000
2021-04-15T17:48:45.272828600Z ethnicityBlack                     -0.854   0.356   -2.400   0.016
2021-04-15T17:48:45.272836000Z ethnicitySouth Asian               -0.119   0.170   -0.700   0.484
2021-04-15T17:48:45.272887900Z ethnicityMixed                      0.488   0.355    1.375   0.169
2021-04-15T17:48:45.272895900Z ethnicityOther                     -1.200   0.577   -2.078   0.038
2021-04-15T17:48:45.272902800Z ------------------------------------------------------------------
2021-04-15T17:48:45.272991900Z msmmod1_par data size = 4377483 
2021-04-15T17:48:52.812146500Z memory usage = 2.54 GB 
2021-04-15T17:49:31.352479200Z   
2021-04-15T17:49:31.352583000Z msmmod2 
2021-04-15T17:52:24.287274300Z MODEL INFO:
2021-04-15T17:52:24.287383800Z Observations: 4377483
2021-04-15T17:52:24.287393100Z Dependent Variable: 
2021-04-15T17:52:24.287430200Z Type: Generalized linear model
2021-04-15T17:52:24.287440000Z   Family: binomial 
2021-04-15T17:52:24.287447700Z   Link function: logit 
2021-04-15T17:52:24.287455200Z 
2021-04-15T17:52:24.294627400Z MODEL FIT:
2021-04-15T17:52:24.294714000Z <U+03C7><U+00B2>(40) = 927.620, p = 0.000
2021-04-15T17:52:24.294723000Z Pseudo-R<U+00B2> (Cragg-Uhler) = 
2021-04-15T17:52:24.294730400Z Pseudo-R<U+00B2> (McFadden) = 0.040
2021-04-15T17:52:24.294738100Z AIC = 22154.638, BIC = 22699.609 
2021-04-15T17:52:24.294745500Z 
2021-04-15T17:52:24.294758100Z Standard errors: MLE
2021-04-15T17:52:24.505790700Z --------------------------------------------------------------------
2021-04-15T17:52:24.505890100Z                                        Est.    S.E.   z val.       p
2021-04-15T17:52:24.505899500Z --------------------------------- --------- ------- -------- -------
2021-04-15T17:52:24.505907500Z (Intercept)                         -19.406   7.774   -2.496   0.013
2021-04-15T17:52:24.505915300Z timesincevax_pw(0,3]                 -0.989   0.335   -2.954   0.003
2021-04-15T17:52:24.505922900Z timesincevax_pw(3,7]                 -0.200   0.199   -1.009   0.313
2021-04-15T17:52:24.505930700Z timesincevax_pw(7,14]                -0.132   0.151   -0.874   0.382
2021-04-15T17:52:24.505938200Z timesincevax_pw(14,21]               -0.269   0.172   -1.568   0.117
2021-04-15T17:52:24.505945900Z timesincevax_pw(21,28]               -0.563   0.220   -2.554   0.011
2021-04-15T17:52:24.505954000Z timesincevax_pw(28, Inf]             -0.316   0.238   -1.329   0.184
2021-04-15T17:52:24.505961500Z poly(age, degree = 2, raw =           0.148   0.176    0.843   0.399
2021-04-15T17:52:24.505975200Z TRUE)1                                                              
2021-04-15T17:52:24.505982800Z poly(age, degree = 2, raw =          -0.000   0.001   -0.261   0.794
2021-04-15T17:52:24.505990400Z TRUE)2                                                              
2021-04-15T17:52:24.505997900Z sexMale                               0.277   0.058    4.747   0.000
2021-04-15T17:52:24.506045600Z imd2                                 -0.056   0.096   -0.588   0.557
2021-04-15T17:52:24.506054400Z imd3                                 -0.148   0.093   -1.589   0.112
2021-04-15T17:52:24.506061400Z imd4                                 -0.110   0.092   -1.193   0.233
2021-04-15T17:52:24.506068300Z imd5 least deprived                  -0.289   0.097   -2.979   0.003
2021-04-15T17:52:24.506075300Z ethnicityBlack                       -0.909   0.357   -2.545   0.011
2021-04-15T17:52:24.506082200Z ethnicitySouth Asian                 -0.129   0.172   -0.753   0.452
2021-04-15T17:52:24.506091300Z ethnicityMixed                        0.502   0.356    1.413   0.158
2021-04-15T17:52:24.506098900Z ethnicityOther                       -1.146   0.577   -1.984   0.047
2021-04-15T17:52:24.506105900Z bmiObese I (30-34.9)                 -0.482   0.107   -4.496   0.000
2021-04-15T17:52:24.506112800Z bmiObese II (35-39.9)                -0.339   0.187   -1.818   0.069
2021-04-15T17:52:24.506119700Z bmiObese III (40+)                   -0.071   0.292   -0.242   0.809
2021-04-15T17:52:24.506126600Z chronic_cardiac_disease               0.427   0.137    3.109   0.002
2021-04-15T17:52:24.506133500Z heart_failure                         0.326   0.100    3.254   0.001
2021-04-15T17:52:24.506140500Z other_heart_disease                  -0.139   0.119   -1.168   0.243
2021-04-15T17:52:24.506149700Z dialysis                              1.234   0.357    3.457   0.001
2021-04-15T17:52:24.506157000Z diabetes                              0.137   0.064    2.149   0.032
2021-04-15T17:52:24.506164200Z chronic_liver_disease                 0.686   0.261    2.629   0.009
2021-04-15T17:52:24.506171700Z current_copd                          0.107   0.089    1.196   0.232
2021-04-15T17:52:24.506179500Z other_resp_conditions                 0.660   0.096    6.859   0.000
2021-04-15T17:52:24.506187000Z lung_cancer                           1.300   0.165    7.870   0.000
2021-04-15T17:52:24.506194200Z haematological_cancer                 0.671   0.150    4.476   0.000
2021-04-15T17:52:24.506201000Z cancer_excl_lung_and_haem             0.532   0.065    8.194   0.000
2021-04-15T17:52:24.506208000Z chemo_or_radio                        0.152   0.133    1.140   0.254
2021-04-15T17:52:24.506214700Z permanant_immunosuppression          -0.080   1.002   -0.080   0.936
2021-04-15T17:52:24.506221500Z asplenia                              0.423   0.450    0.939   0.348
2021-04-15T17:52:24.506228400Z dmards                                0.147   0.156    0.941   0.347
2021-04-15T17:52:24.506235300Z dementia                              0.868   0.069   12.605   0.000
2021-04-15T17:52:24.506242200Z other_neuro_conditions                0.392   0.148    2.650   0.008
2021-04-15T17:52:24.506249200Z LD_incl_DS_and_CP                    -0.081   1.002   -0.081   0.936
2021-04-15T17:52:24.506256100Z psychosis_schiz_bipolar              -0.083   0.318   -0.261   0.794
2021-04-15T17:52:24.506272300Z flu_vaccine                          -0.097   0.085   -1.141   0.254
2021-04-15T17:52:24.506280100Z --------------------------------------------------------------------
2021-04-15T17:52:24.506977500Z msmmod2_par data size = 4377483 
2021-04-15T17:52:33.360900000Z memory usage = 2.54 GB 
2021-04-15T17:53:21.142208100Z   
2021-04-15T17:53:21.142294100Z msmmod3 
2021-04-15T18:02:26.306216900Z MODEL INFO:
2021-04-15T18:02:26.306318500Z Observations: 4377483
2021-04-15T18:02:26.306329300Z Dependent Variable: 
2021-04-15T18:02:26.306337400Z Type: Generalized linear model
2021-04-15T18:02:26.306345000Z   Family: binomial 
2021-04-15T18:02:26.306353100Z   Link function: logit 
2021-04-15T18:02:26.306361600Z 
2021-04-15T18:02:26.308850700Z MODEL FIT:
2021-04-15T18:02:26.308908100Z <U+03C7><U+00B2>(84) = 1234.754, p = 0.000
2021-04-15T18:02:26.308918500Z Pseudo-R<U+00B2> (Cragg-Uhler) = 
2021-04-15T18:02:26.308926400Z Pseudo-R<U+00B2> (McFadden) = 0.054
2021-04-15T18:02:26.308934100Z AIC = 21935.504, BIC = 23065.323 
2021-04-15T18:02:26.308941400Z 
2021-04-15T18:02:26.310191400Z Standard errors: MLE
2021-04-15T18:02:26.767411500Z --------------------------------------------------------------------
2021-04-15T18:02:26.767471900Z                                        Est.    S.E.   z val.       p
2021-04-15T18:02:26.767481100Z --------------------------------- --------- ------- -------- -------
2021-04-15T18:02:26.767488900Z (Intercept)                         -20.690   7.800   -2.653   0.008
2021-04-15T18:02:26.767496600Z timesincevax_pw(0,3]                 -1.736   0.337   -5.146   0.000
2021-04-15T18:02:26.767504800Z timesincevax_pw(3,7]                 -1.036   0.204   -5.079   0.000
2021-04-15T18:02:26.767512400Z timesincevax_pw(7,14]                -1.083   0.160   -6.750   0.000
2021-04-15T18:02:26.767520000Z timesincevax_pw(14,21]               -1.340   0.185   -7.237   0.000
2021-04-15T18:02:26.767527500Z timesincevax_pw(21,28]               -1.735   0.238   -7.282   0.000
2021-04-15T18:02:26.767535200Z timesincevax_pw(28, Inf]             -1.562   0.263   -5.937   0.000
2021-04-15T18:02:26.767542700Z poly(age, degree = 2, raw =           0.162   0.176    0.916   0.359
2021-04-15T18:02:26.767550400Z TRUE)1                                                              
2021-04-15T18:02:26.767557800Z poly(age, degree = 2, raw =          -0.000   0.001   -0.369   0.712
2021-04-15T18:02:26.767565400Z TRUE)2                                                              
2021-04-15T18:02:26.767572900Z sexMale                               0.298   0.058    5.106   0.000
2021-04-15T18:02:26.767580200Z imd2                                  0.000   0.098    0.000   1.000
2021-04-15T18:02:26.767611000Z imd3                                 -0.070   0.096   -0.731   0.465
2021-04-15T18:02:26.767619100Z imd4                                 -0.022   0.095   -0.231   0.818
2021-04-15T18:02:26.767626400Z imd5 least deprived                  -0.193   0.100   -1.932   0.053
2021-04-15T18:02:26.767633700Z ethnicityBlack                       -0.987   0.361   -2.737   0.006
2021-04-15T18:02:26.767640500Z ethnicitySouth Asian                 -0.176   0.176   -1.000   0.317
2021-04-15T18:02:26.767647600Z ethnicityMixed                        0.458   0.357    1.282   0.200
2021-04-15T18:02:26.767654800Z ethnicityOther                       -1.158   0.579   -2.000   0.046
2021-04-15T18:02:26.767661900Z bmiObese I (30-34.9)                 -0.483   0.107   -4.507   0.000
2021-04-15T18:02:26.767668700Z bmiObese II (35-39.9)                -0.360   0.187   -1.930   0.054
2021-04-15T18:02:26.767676100Z bmiObese III (40+)                   -0.123   0.292   -0.421   0.674
2021-04-15T18:02:26.767682900Z chronic_cardiac_disease               0.428   0.138    3.109   0.002
2021-04-15T18:02:26.767689900Z heart_failure                         0.305   0.100    3.048   0.002
2021-04-15T18:02:26.767696800Z other_heart_disease                  -0.147   0.119   -1.232   0.218
2021-04-15T18:02:26.767706400Z dialysis                              1.192   0.358    3.335   0.001
2021-04-15T18:02:26.767713500Z diabetes                              0.144   0.064    2.257   0.024
2021-04-15T18:02:26.767720700Z chronic_liver_disease                 0.676   0.261    2.589   0.010
2021-04-15T18:02:26.767727500Z current_copd                          0.085   0.089    0.951   0.342
2021-04-15T18:02:26.767734500Z other_resp_conditions                 0.652   0.097    6.754   0.000
2021-04-15T18:02:26.767741500Z lung_cancer                           1.274   0.165    7.700   0.000
2021-04-15T18:02:26.767748600Z haematological_cancer                 0.655   0.150    4.371   0.000
2021-04-15T18:02:26.767755400Z cancer_excl_lung_and_haem             0.541   0.065    8.323   0.000
2021-04-15T18:02:26.767762500Z chemo_or_radio                        0.169   0.133    1.265   0.206
2021-04-15T18:02:26.767769300Z permanant_immunosuppression          -0.088   1.003   -0.088   0.930
2021-04-15T18:02:26.767776700Z asplenia                              0.381   0.450    0.846   0.398
2021-04-15T18:02:26.767784200Z dmards                                0.137   0.156    0.880   0.379
2021-04-15T18:02:26.767791200Z dementia                              0.829   0.069   12.024   0.000
2021-04-15T18:02:26.767798500Z other_neuro_conditions                0.362   0.148    2.443   0.015
2021-04-15T18:02:26.767805400Z LD_incl_DS_and_CP                    -0.197   1.002   -0.197   0.844
2021-04-15T18:02:26.767812400Z psychosis_schiz_bipolar              -0.128   0.319   -0.402   0.687
2021-04-15T18:02:26.767819800Z flu_vaccine                           0.066   0.086    0.766   0.443
2021-04-15T18:02:26.767835200Z ns(tstop, df = 4)1                   -0.051   0.316   -0.160   0.873
2021-04-15T18:02:26.767842700Z ns(tstop, df = 4)2                    1.365   0.285    4.795   0.000
2021-04-15T18:02:26.767849600Z ns(tstop, df = 4)3                    2.689   0.660    4.076   0.000
2021-04-15T18:02:26.767856600Z ns(tstop, df = 4)4                    1.693   0.266    6.374   0.000
2021-04-15T18:02:26.767864300Z regionEast Midlands                   0.235   0.397    0.592   0.554
2021-04-15T18:02:26.767871300Z regionLondon                         -0.406   0.904   -0.449   0.653
2021-04-15T18:02:26.767878100Z regionNorth East                      0.293   0.619    0.474   0.635
2021-04-15T18:02:26.767885000Z regionNorth West                     -0.461   0.599   -0.771   0.441
2021-04-15T18:02:26.767891800Z regionSouth East                      0.404   0.527    0.766   0.444
2021-04-15T18:02:26.767898500Z regionSouth West                      0.742   0.372    1.994   0.046
2021-04-15T18:02:26.767905400Z regionWest Midlands                  -0.296   0.875   -0.338   0.735
2021-04-15T18:02:26.767912600Z regionYorkshire and The               0.164   0.444    0.369   0.712
2021-04-15T18:02:26.767919500Z Humber                                                              
2021-04-15T18:02:26.767927100Z ns(tstop, df =                       -0.176   0.467   -0.377   0.706
2021-04-15T18:02:26.767934200Z 4)1:regionEast Midlands                                             
2021-04-15T18:02:26.767941200Z ns(tstop, df =                       -0.020   0.432   -0.047   0.962
2021-04-15T18:02:26.767948100Z 4)2:regionEast Midlands                                             
2021-04-15T18:02:26.767954900Z ns(tstop, df =                       -0.643   0.966   -0.665   0.506
2021-04-15T18:02:26.767961900Z 4)3:regionEast Midlands                                             
2021-04-15T18:02:26.767968800Z ns(tstop, df =                       -0.704   0.419   -1.682   0.092
2021-04-15T18:02:26.767975600Z 4)4:regionEast Midlands                                             
2021-04-15T18:02:26.767982400Z ns(tstop, df =                        0.775   0.989    0.784   0.433
2021-04-15T18:02:26.767989300Z 4)1:regionLondon                                                    
2021-04-15T18:02:26.767996100Z ns(tstop, df =                       -0.094   0.887   -0.106   0.916
2021-04-15T18:02:26.768003000Z 4)2:regionLondon                                                    
2021-04-15T18:02:26.768009900Z ns(tstop, df =                       -0.435   2.146   -0.203   0.839
2021-04-15T18:02:26.768016800Z 4)3:regionLondon                                                    
2021-04-15T18:02:26.768023700Z ns(tstop, df =                       -0.100   0.780   -0.129   0.898
2021-04-15T18:02:26.768030700Z 4)4:regionLondon                                                    
2021-04-15T18:02:26.768037400Z ns(tstop, df =                        0.561   0.706    0.795   0.427
2021-04-15T18:02:26.768050700Z 4)1:regionNorth East                                                
2021-04-15T18:02:26.768058200Z ns(tstop, df =                       -0.217   0.635   -0.342   0.732
2021-04-15T18:02:26.768065000Z 4)2:regionNorth East                                                
2021-04-15T18:02:26.768072100Z ns(tstop, df =                       -0.703   1.502   -0.468   0.640
2021-04-15T18:02:26.768079000Z 4)3:regionNorth East                                                
2021-04-15T18:02:26.768086000Z ns(tstop, df =                        0.426   0.559    0.762   0.446
2021-04-15T18:02:26.768092900Z 4)4:regionNorth East                                                
2021-04-15T18:02:26.768099900Z ns(tstop, df =                        1.127   0.649    1.736   0.083
2021-04-15T18:02:26.768106800Z 4)1:regionNorth West                                                
2021-04-15T18:02:26.768113800Z ns(tstop, df =                        0.003   0.585    0.004   0.997
2021-04-15T18:02:26.768120500Z 4)2:regionNorth West                                                
2021-04-15T18:02:26.768127600Z ns(tstop, df =                        0.791   1.411    0.561   0.575
2021-04-15T18:02:26.768134500Z 4)3:regionNorth West                                                
2021-04-15T18:02:26.768142500Z ns(tstop, df =                        0.843   0.474    1.778   0.075
2021-04-15T18:02:26.768149500Z 4)4:regionNorth West                                                
2021-04-15T18:02:26.768156500Z ns(tstop, df =                        0.071   0.643    0.110   0.912
2021-04-15T18:02:26.768163300Z 4)1:regionSouth East                                                
2021-04-15T18:02:26.768170200Z ns(tstop, df =                       -0.290   0.613   -0.473   0.636
2021-04-15T18:02:26.768177000Z 4)2:regionSouth East                                                
2021-04-15T18:02:26.768183900Z ns(tstop, df =                       -2.317   1.339   -1.730   0.084
2021-04-15T18:02:26.768190600Z 4)3:regionSouth East                                                
2021-04-15T18:02:26.768197800Z ns(tstop, df =                       -0.188   0.621   -0.302   0.763
2021-04-15T18:02:26.768204700Z 4)4:regionSouth East                                                
2021-04-15T18:02:26.768215100Z ns(tstop, df =                       -0.005   0.450   -0.012   0.990
2021-04-15T18:02:26.768222100Z 4)1:regionSouth West                                                
2021-04-15T18:02:26.768229200Z ns(tstop, df =                       -0.330   0.417   -0.791   0.429
2021-04-15T18:02:26.768235900Z 4)2:regionSouth West                                                
2021-04-15T18:02:26.768243100Z ns(tstop, df =                       -2.130   0.933   -2.283   0.022
2021-04-15T18:02:26.768249800Z 4)3:regionSouth West                                                
2021-04-15T18:02:26.768256900Z ns(tstop, df =                        0.314   0.393    0.799   0.424
2021-04-15T18:02:26.768271100Z 4)4:regionSouth West                                                
2021-04-15T18:02:26.768278500Z ns(tstop, df =                        1.005   0.940    1.069   0.285
2021-04-15T18:02:26.768286300Z 4)1:regionWest Midlands                                             
2021-04-15T18:02:26.768293400Z ns(tstop, df =                        1.417   0.876    1.618   0.106
2021-04-15T18:02:26.768300100Z 4)2:regionWest Midlands                                             
2021-04-15T18:02:26.768307000Z ns(tstop, df =                       -1.372   2.088   -0.657   0.511
2021-04-15T18:02:26.768314300Z 4)3:regionWest Midlands                                             
2021-04-15T18:02:26.768321100Z ns(tstop, df =                       -2.418   1.264   -1.913   0.056
2021-04-15T18:02:26.768328200Z 4)4:regionWest Midlands                                             
2021-04-15T18:02:26.768335400Z ns(tstop, df =                        0.392   0.516    0.759   0.448
2021-04-15T18:02:26.768342100Z 4)1:regionYorkshire and The                                         
2021-04-15T18:02:26.768349100Z Humber                                                              
2021-04-15T18:02:26.768356800Z ns(tstop, df =                        0.129   0.477    0.271   0.786
2021-04-15T18:02:26.768363800Z 4)2:regionYorkshire and The                                         
2021-04-15T18:02:26.768370600Z Humber                                                              
2021-04-15T18:02:26.768377600Z ns(tstop, df =                       -0.689   1.083   -0.636   0.525
2021-04-15T18:02:26.768384900Z 4)3:regionYorkshire and The                                         
2021-04-15T18:02:26.768392000Z Humber                                                              
2021-04-15T18:02:26.768398900Z ns(tstop, df =                       -0.349   0.458   -0.763   0.446
2021-04-15T18:02:26.768405700Z 4)4:regionYorkshire and The                                         
2021-04-15T18:02:26.768412900Z Humber                                                              
2021-04-15T18:02:26.768419800Z --------------------------------------------------------------------
2021-04-15T18:02:26.768426600Z msmmod3_par data size = 4377483 
2021-04-15T18:02:39.024394000Z memory usage = 2.54 GB 
2021-04-15T18:03:32.610325600Z   
2021-04-15T18:03:32.610398900Z msmmod4 
2021-04-15T18:21:25.171306700Z MODEL INFO:
2021-04-15T18:21:25.171416800Z Observations: 4377483
2021-04-15T18:21:25.171426300Z Dependent Variable: 
2021-04-15T18:21:25.171433700Z Type: Generalized linear model
2021-04-15T18:21:25.171441400Z   Family: binomial 
2021-04-15T18:21:25.171448700Z   Link function: logit 
2021-04-15T18:21:25.171456200Z 
2021-04-15T18:21:25.173136200Z MODEL FIT:
2021-04-15T18:21:25.173190000Z <U+03C7><U+00B2>(84) = 88893.719, p = 0.000
2021-04-15T18:21:25.173199500Z Pseudo-R<U+00B2> (Cragg-Uhler) = 
2021-04-15T18:21:25.173206600Z Pseudo-R<U+00B2> (McFadden) = 0.600
2021-04-15T18:21:25.173213500Z AIC = 57646.557, BIC = 58776.376 
2021-04-15T18:21:25.173220600Z 
2021-04-15T18:21:25.173369300Z Standard errors: MLE
2021-04-15T18:21:25.443655800Z ---------------------------------------------------------------------
2021-04-15T18:21:25.443745000Z                                        Est.    S.E.    z val.       p
2021-04-15T18:21:25.443753800Z --------------------------------- --------- ------- --------- -------
2021-04-15T18:21:25.443761300Z (Intercept)                         -12.069   5.362    -2.251   0.024
2021-04-15T18:21:25.443768500Z timesincevax_pw(0,3]                 -0.759   0.466    -1.628   0.104
2021-04-15T18:21:25.443775800Z timesincevax_pw(3,7]                 -0.473   0.360    -1.316   0.188
2021-04-15T18:21:25.443782800Z timesincevax_pw(7,14]                -0.287   0.268    -1.072   0.284
2021-04-15T18:21:25.443789900Z timesincevax_pw(14,21]               -0.365   0.326    -1.121   0.262
2021-04-15T18:21:25.443796800Z timesincevax_pw(21,28]               -0.648   0.509    -1.274   0.203
2021-04-15T18:21:25.443803900Z timesincevax_pw(28, Inf]              0.423   0.372     1.138   0.255
2021-04-15T18:21:25.443810900Z poly(age, degree = 2, raw =          -0.075   0.122    -0.620   0.535
2021-04-15T18:21:25.443818000Z TRUE)1                                                               
2021-04-15T18:21:25.443824800Z poly(age, degree = 2, raw =           0.001   0.001     1.512   0.131
2021-04-15T18:21:25.443831700Z TRUE)2                                                               
2021-04-15T18:21:25.443838600Z sexMale                               0.189   0.038     4.935   0.000
2021-04-15T18:21:25.443845900Z imd2                                  0.006   0.069     0.094   0.925
2021-04-15T18:21:25.443852800Z imd3                                  0.254   0.066     3.824   0.000
2021-04-15T18:21:25.443859600Z imd4                                  0.518   0.064     8.069   0.000
2021-04-15T18:21:25.443866500Z imd5 least deprived                  -0.382   0.070    -5.424   0.000
2021-04-15T18:21:25.443873300Z ethnicityBlack                       -2.500   0.287    -8.700   0.000
2021-04-15T18:21:25.443880200Z ethnicitySouth Asian                 -0.807   0.168    -4.808   0.000
2021-04-15T18:21:25.443887100Z ethnicityMixed                        0.565   0.282     2.003   0.045
2021-04-15T18:21:25.443894000Z ethnicityOther                       -1.220   0.493    -2.476   0.013
2021-04-15T18:21:25.443901200Z bmiObese I (30-34.9)                 -0.625   0.075    -8.360   0.000
2021-04-15T18:21:25.443908100Z bmiObese II (35-39.9)                -0.842   0.153    -5.497   0.000
2021-04-15T18:21:25.443945200Z bmiObese III (40+)                    0.193   0.183     1.052   0.293
2021-04-15T18:21:25.443952700Z chronic_cardiac_disease              -0.186   0.099    -1.882   0.060
2021-04-15T18:21:25.443959700Z heart_failure                         0.465   0.069     6.701   0.000
2021-04-15T18:21:25.443967200Z other_heart_disease                   0.393   0.087     4.496   0.000
2021-04-15T18:21:25.443975800Z dialysis                              0.712   0.318     2.239   0.025
2021-04-15T18:21:25.443983000Z diabetes                             -0.101   0.043    -2.372   0.018
2021-04-15T18:21:25.443990200Z chronic_liver_disease                 0.178   0.210     0.846   0.397
2021-04-15T18:21:25.443997200Z current_copd                         -0.426   0.068    -6.273   0.000
2021-04-15T18:21:25.444003900Z other_resp_conditions                 1.058   0.066    16.142   0.000
2021-04-15T18:21:25.444010900Z lung_cancer                           1.092   0.120     9.100   0.000
2021-04-15T18:21:25.444017800Z haematological_cancer                 0.946   0.084    11.267   0.000
2021-04-15T18:21:25.444024500Z cancer_excl_lung_and_haem             0.592   0.043    13.747   0.000
2021-04-15T18:21:25.444031700Z chemo_or_radio                        0.346   0.081     4.275   0.000
2021-04-15T18:21:25.444038500Z permanant_immunosuppression          -0.261   0.845    -0.308   0.758
2021-04-15T18:21:25.444045400Z asplenia                              0.832   0.265     3.136   0.002
2021-04-15T18:21:25.444052200Z dmards                                0.747   0.083     9.039   0.000
2021-04-15T18:21:25.444059100Z dementia                              0.133   0.054     2.457   0.014
2021-04-15T18:21:25.444065800Z other_neuro_conditions                0.271   0.120     2.253   0.024
2021-04-15T18:21:25.444072800Z LD_incl_DS_and_CP                    -0.357   1.001    -0.357   0.721
2021-04-15T18:21:25.444079600Z psychosis_schiz_bipolar              -0.933   0.286    -3.258   0.001
2021-04-15T18:21:25.444086500Z flu_vaccine                           0.569   0.069     8.277   0.000
2021-04-15T18:21:25.444093300Z ns(tstop, df = 4)1                   -2.280   0.363    -6.277   0.000
2021-04-15T18:21:25.444100300Z ns(tstop, df = 4)2                    5.325   0.230    23.138   0.000
2021-04-15T18:21:25.444107100Z ns(tstop, df = 4)3                    3.150   0.742     4.248   0.000
2021-04-15T18:21:25.444114000Z ns(tstop, df = 4)4                   -5.106   0.158   -32.276   0.000
2021-04-15T18:21:25.444120700Z regionEast Midlands                   0.958   0.438     2.189   0.029
2021-04-15T18:21:25.444127500Z regionLondon                          0.927   0.863     1.073   0.283
2021-04-15T18:21:25.444134900Z regionNorth East                      0.682   0.696     0.980   0.327
2021-04-15T18:21:25.444142200Z regionNorth West                     -1.192   0.795    -1.500   0.134
2021-04-15T18:21:25.444149200Z regionSouth East                      1.138   0.557     2.042   0.041
2021-04-15T18:21:25.444164400Z regionSouth West                      1.416   0.413     3.425   0.001
2021-04-15T18:21:25.444172800Z regionWest Midlands                  -0.533   1.096    -0.487   0.627
2021-04-15T18:21:25.444179900Z regionYorkshire and The               0.615   0.498     1.235   0.217
2021-04-15T18:21:25.444187600Z Humber                                                               
2021-04-15T18:21:25.444194600Z ns(tstop, df =                        1.538   0.495     3.107   0.002
2021-04-15T18:21:25.444201500Z 4)1:regionEast Midlands                                              
2021-04-15T18:21:25.444208300Z ns(tstop, df =                       -2.930   0.326    -8.992   0.000
2021-04-15T18:21:25.444215100Z 4)2:regionEast Midlands                                              
2021-04-15T18:21:25.444221800Z ns(tstop, df =                       -0.938   1.022    -0.918   0.359
2021-04-15T18:21:25.444228700Z 4)3:regionEast Midlands                                              
2021-04-15T18:21:25.444235500Z ns(tstop, df =                        4.475   0.245    18.259   0.000
2021-04-15T18:21:25.444242300Z 4)4:regionEast Midlands                                              
2021-04-15T18:21:25.444249100Z ns(tstop, df =                        3.698   0.924     4.003   0.000
2021-04-15T18:21:25.444256100Z 4)1:regionLondon                                                     
2021-04-15T18:21:25.444263000Z ns(tstop, df =                       -5.905   0.762    -7.745   0.000
2021-04-15T18:21:25.444269900Z 4)2:regionLondon                                                     
2021-04-15T18:21:25.444276800Z ns(tstop, df =                       -2.372   2.033    -1.167   0.243
2021-04-15T18:21:25.444283700Z 4)3:regionLondon                                                     
2021-04-15T18:21:25.444290600Z ns(tstop, df =                        7.309   0.529    13.813   0.000
2021-04-15T18:21:25.444297500Z 4)4:regionLondon                                                     
2021-04-15T18:21:25.444304300Z ns(tstop, df =                        1.367   0.763     1.792   0.073
2021-04-15T18:21:25.444311100Z 4)1:regionNorth East                                                 
2021-04-15T18:21:25.444318000Z ns(tstop, df =                       -1.144   0.509    -2.245   0.025
2021-04-15T18:21:25.444324900Z 4)2:regionNorth East                                                 
2021-04-15T18:21:25.444331700Z ns(tstop, df =                       -1.834   1.616    -1.135   0.256
2021-04-15T18:21:25.444338500Z 4)3:regionNorth East                                                 
2021-04-15T18:21:25.444345400Z ns(tstop, df =                        0.695   0.355     1.954   0.051
2021-04-15T18:21:25.444352200Z 4)4:regionNorth East                                                 
2021-04-15T18:21:25.444359500Z ns(tstop, df =                        0.975   0.825     1.182   0.237
2021-04-15T18:21:25.444366300Z 4)1:regionNorth West                                                 
2021-04-15T18:21:25.444380900Z ns(tstop, df =                        1.351   0.517     2.612   0.009
2021-04-15T18:21:25.444388400Z 4)2:regionNorth West                                                 
2021-04-15T18:21:25.444396100Z ns(tstop, df =                        2.984   1.772     1.684   0.092
2021-04-15T18:21:25.444403200Z 4)3:regionNorth West                                                 
2021-04-15T18:21:25.444410100Z ns(tstop, df =                        0.152   0.318     0.476   0.634
2021-04-15T18:21:25.444416900Z 4)4:regionNorth West                                                 
2021-04-15T18:21:25.444423800Z ns(tstop, df =                        1.912   0.638     2.999   0.003
2021-04-15T18:21:25.444430500Z 4)1:regionSouth East                                                 
2021-04-15T18:21:25.444437500Z ns(tstop, df =                       -3.575   0.444    -8.044   0.000
2021-04-15T18:21:25.444444400Z 4)2:regionSouth East                                                 
2021-04-15T18:21:25.444451400Z ns(tstop, df =                       -2.926   1.346    -2.175   0.030
2021-04-15T18:21:25.444458200Z 4)3:regionSouth East                                                 
2021-04-15T18:21:25.444465200Z ns(tstop, df =                        5.042   0.361    13.964   0.000
2021-04-15T18:21:25.444472000Z 4)4:regionSouth East                                                 
2021-04-15T18:21:25.444478800Z ns(tstop, df =                        1.656   0.474     3.497   0.000
2021-04-15T18:21:25.444485500Z 4)1:regionSouth West                                                 
2021-04-15T18:21:25.444492300Z ns(tstop, df =                       -3.214   0.315   -10.215   0.000
2021-04-15T18:21:25.444499100Z 4)2:regionSouth West                                                 
2021-04-15T18:21:25.444505900Z ns(tstop, df =                       -2.777   0.982    -2.827   0.005
2021-04-15T18:21:25.444512600Z 4)3:regionSouth West                                                 
2021-04-15T18:21:25.444544100Z ns(tstop, df =                        4.765   0.236    20.227   0.000
2021-04-15T18:21:25.444551600Z 4)4:regionSouth West                                                 
2021-04-15T18:21:25.444558400Z ns(tstop, df =                        1.122   1.124     0.998   0.318
2021-04-15T18:21:25.444565300Z 4)1:regionWest Midlands                                              
2021-04-15T18:21:25.444572100Z ns(tstop, df =                        3.560   0.771     4.618   0.000
2021-04-15T18:21:25.444579000Z 4)2:regionWest Midlands                                              
2021-04-15T18:21:25.444585800Z ns(tstop, df =                       -6.633   2.478    -2.677   0.007
2021-04-15T18:21:25.444592500Z 4)3:regionWest Midlands                                              
2021-04-15T18:21:25.444599400Z ns(tstop, df =                      -14.432   0.481   -29.986   0.000
2021-04-15T18:21:25.444615700Z 4)4:regionWest Midlands                                              
2021-04-15T18:21:25.444623400Z ns(tstop, df =                        1.458   0.550     2.651   0.008
2021-04-15T18:21:25.444630300Z 4)1:regionYorkshire and The                                          
2021-04-15T18:21:25.444638500Z Humber                                                               
2021-04-15T18:21:25.444645600Z ns(tstop, df =                       -1.228   0.365    -3.367   0.001
2021-04-15T18:21:25.444652800Z 4)2:regionYorkshire and The                                          
2021-04-15T18:21:25.444659600Z Humber                                                               
2021-04-15T18:21:25.444669900Z ns(tstop, df =                       -1.377   1.155    -1.191   0.233
2021-04-15T18:21:25.444676800Z 4)3:regionYorkshire and The                                          
2021-04-15T18:21:25.444683900Z Humber                                                               
2021-04-15T18:21:25.444690600Z ns(tstop, df =                        1.532   0.281     5.456   0.000
2021-04-15T18:21:25.444697700Z 4)4:regionYorkshire and The                                          
2021-04-15T18:21:25.444704500Z Humber                                                               
2021-04-15T18:21:25.444711600Z ---------------------------------------------------------------------
2021-04-15T18:21:25.444718400Z msmmod4_par data size = 4377483 
2021-04-15T18:21:32.248256800Z memory usage = 2.54 GB 
2021-04-15T18:22:25.070584600Z NULL
2021-04-15T18:22:25.070650200Z   
2021-04-15T18:22:28.334027100Z             used (Mb) gc trigger    (Mb)  max used (Mb)
2021-04-15T18:22:28.334121000Z Ncells   2339392  125    8007291   427.7   2339392  125
2021-04-15T18:22:28.334130000Z Vcells 713937540 5447 1679883030 12816.5 713937540 5447
2021-04-15T18:22:28.334529600Z Warning messages:
2021-04-15T18:22:28.334553000Z 1: Removed 564432 rows containing non-finite values (stat_bin). 
2021-04-15T18:22:28.334561200Z 2: parglm.fit: algorithm did not converge 


state: succeeded
commit: 25565b402803e6d31019351e0ac564dfbec95993
docker_image_id: sha256:c2fc5042bf86134947d83ad8e70bd926e2c1f91a263c6bfe87438ad783bec981
exit_code: 0
job_id: 4x6stz52gf7ypixh
run_by_user: wjchulme
created_at: 2021-04-15T12:46:04Z
started_at: 2021-04-15T16:49:12Z
completed_at: 2021-04-15T18:22:43Z

Completed successfully

outputs:
  output/over80s/noncoviddeath/az/all/all/data_atrisk_death.rds         - highly_sensitive    
  output/over80s/noncoviddeath/az/all/all/data_atrisk_vaxaz1.rds        - highly_sensitive    
  output/over80s/noncoviddeath/az/all/all/data_atrisk_vaxpfizer1.rds    - highly_sensitive    
  output/over80s/noncoviddeath/az/all/all/data_weights.rds              - highly_sensitive    
  output/over80s/noncoviddeath/az/all/all/model0.rds                    - highly_sensitive    
  output/over80s/noncoviddeath/az/all/all/model1.rds                    - highly_sensitive    
  output/over80s/noncoviddeath/az/all/all/model2.rds                    - highly_sensitive    
  output/over80s/noncoviddeath/az/all/all/model3.rds                    - highly_sensitive    
  output/over80s/noncoviddeath/az/all/all/model4.rds                    - highly_sensitive    
  output/over80s/noncoviddeath/az/all/all/model_death.rds               - highly_sensitive    
  output/over80s/noncoviddeath/az/all/all/model_formula_death.rds       - highly_sensitive    
  output/over80s/noncoviddeath/az/all/all/model_formula_vaxaz1.rds      - highly_sensitive    
  output/over80s/noncoviddeath/az/all/all/model_formula_vaxpfizer1.rds  - highly_sensitive    
  output/over80s/noncoviddeath/az/all/all/model_vaxaz1.rds              - highly_sensitive    
  output/over80s/noncoviddeath/az/all/all/model_vaxpfizer1.rds          - highly_sensitive    
  output/over80s/noncoviddeath/az/all/all/weights_histogram.svg         - moderately_sensitive
  output/over80s/noncoviddeath/az/all/all/weights_table.txt             - moderately_sensitive