2021-05-16T01:42:41.649113400Z -- Attaching packages --------------------------------------- tidyverse 1.3.0 --
2021-05-16T01:42:41.658475000Z v ggplot2 3.3.2     v purrr   0.3.4
2021-05-16T01:42:41.658494900Z v tibble  3.0.3     v dplyr   1.0.2
2021-05-16T01:42:41.658503400Z v tidyr   1.1.2     v stringr 1.4.0
2021-05-16T01:42:41.658510600Z v readr   1.3.1     v forcats 0.5.0
2021-05-16T01:42:41.843036100Z -- Conflicts ------------------------------------------ tidyverse_conflicts() --
2021-05-16T01:42:41.843115100Z x dplyr::filter() masks stats::filter()
2021-05-16T01:42:41.843124200Z x dplyr::lag()    masks stats::lag()
2021-05-16T01:42:41.858345600Z 
2021-05-16T01:42:41.858369100Z Attaching package: 'glue'
2021-05-16T01:42:41.858377400Z 
2021-05-16T01:42:41.859810400Z The following object is masked from 'package:dplyr':
2021-05-16T01:42:41.859826100Z 
2021-05-16T01:42:41.859834200Z     collapse
2021-05-16T01:42:41.859841500Z 
2021-05-16T01:42:44.105244300Z 
2021-05-16T01:42:44.105298400Z Attaching package: 'lubridate'
2021-05-16T01:42:44.105307700Z 
2021-05-16T01:42:44.105987600Z The following objects are masked from 'package:base':
2021-05-16T01:42:44.106008600Z 
2021-05-16T01:42:44.106017800Z     date, intersect, setdiff, union
2021-05-16T01:42:44.106025200Z 
2021-05-16T01:42:44.468783200Z <environment: R_GlobalEnv>
2021-05-16T01:42:44.469389500Z <environment: R_GlobalEnv>
2021-05-16T01:47:25.827283400Z data_pt data size = 13958463 
2021-05-16T01:47:25.829554000Z   memory usage = 6.477 GB 
2021-05-16T01:47:26.492641500Z     
2021-05-16T01:47:26.492716500Z all   
2021-05-16T01:47:26.492726000Z   
2021-05-16T01:48:15.835772700Z   
2021-05-16T02:14:58.695881300Z vaxany1  vaxany1 data size = 9857097 
2021-05-16T02:15:26.091984000Z memory usage = 8.912 GB 
2021-05-16T02:15:26.092102100Z   
2021-05-16T02:31:22.037717000Z vaxany1_fxd  vaxany1_fxd data size = 9857097 
2021-05-16T02:31:40.215527900Z memory usage = 8.912 GB 
2021-05-16T02:40:12.812816000Z Saving 7 x 7 in image
2021-05-16T02:40:20.331993700Z `stat_bin()` using `bins = 30`. Pick better value with `binwidth`.
2021-05-16T02:40:32.201946800Z   
2021-05-16T02:40:32.202199000Z data_weights data size = 13958463   
2021-05-16T02:40:32.203113000Z memory usage = 2.345 GB   
2021-05-16T02:41:26.691511200Z   
2021-05-16T02:41:26.691608300Z msmmod1 
2021-05-16T02:56:39.098875500Z MODEL INFO:
2021-05-16T02:56:39.099026300Z Observations: 13958463
2021-05-16T02:56:39.099037500Z Dependent Variable: 
2021-05-16T02:56:39.099089800Z Type: Generalized linear model
2021-05-16T02:56:39.099098200Z   Family: binomial 
2021-05-16T02:56:39.099105200Z   Link function: logit 
2021-05-16T02:56:39.099112500Z 
2021-05-16T02:56:39.101663200Z MODEL FIT:
2021-05-16T02:56:39.101772300Z <U+03C7><U+00B2>(50) = 13039.333, p = 0.000
2021-05-16T02:56:39.101783100Z Pseudo-R<U+00B2> (Cragg-Uhler) = 
2021-05-16T02:56:39.101791100Z Pseudo-R<U+00B2> (McFadden) = 0.073
2021-05-16T02:56:39.101798500Z AIC = 166819.094, BIC = 167556.126 
2021-05-16T02:56:39.101806000Z 
2021-05-16T02:56:39.102128300Z Standard errors: MLE
2021-05-16T02:56:39.337987600Z -----------------------------------------------------------------
2021-05-16T02:56:39.338097100Z                                    Est.    S.E.    z val.       p
2021-05-16T02:56:39.338106500Z ----------------------------- --------- ------- --------- -------
2021-05-16T02:56:39.338113900Z (Intercept)                     -11.031   0.130   -84.620   0.000
2021-05-16T02:56:39.338121400Z timesincevax_pw1-3               -2.347   0.121   -19.366   0.000
2021-05-16T02:56:39.338129600Z timesincevax_pw4-7               -1.991   0.085   -23.446   0.000
2021-05-16T02:56:39.338137300Z timesincevax_pw8-14              -1.822   0.060   -30.165   0.000
2021-05-16T02:56:39.338144800Z timesincevax_pw15-21             -1.726   0.064   -26.976   0.000
2021-05-16T02:56:39.338152200Z timesincevax_pw22-28             -1.628   0.076   -21.464   0.000
2021-05-16T02:56:39.338159500Z timesincevax_pw29+               -1.526   0.080   -19.066   0.000
2021-05-16T02:56:39.338166900Z ns(tstop, df = 4)1                1.625   0.134    12.144   0.000
2021-05-16T02:56:39.338174100Z ns(tstop, df = 4)2                1.611   0.127    12.679   0.000
2021-05-16T02:56:39.338181500Z ns(tstop, df = 4)3                3.283   0.305    10.768   0.000
2021-05-16T02:56:39.338188800Z ns(tstop, df = 4)4                2.147   0.112    19.140   0.000
2021-05-16T02:56:39.338196200Z regionEast Midlands               0.456   0.190     2.401   0.016
2021-05-16T02:56:39.338203500Z regionLondon                      0.742   0.430     1.728   0.084
2021-05-16T02:56:39.338210800Z regionNorth East                  0.759   0.306     2.484   0.013
2021-05-16T02:56:39.338218200Z regionNorth West                  1.400   0.215     6.509   0.000
2021-05-16T02:56:39.338225600Z regionSouth East                  1.712   0.255     6.718   0.000
2021-05-16T02:56:39.338232900Z regionSouth West                  3.779   0.191    19.827   0.000
2021-05-16T02:56:39.338240200Z regionWest Midlands               4.484   0.315    14.227   0.000
2021-05-16T02:56:39.338247800Z regionYorkshire and The          -0.314   0.200    -1.571   0.116
2021-05-16T02:56:39.338255300Z Humber                                                           
2021-05-16T02:56:39.338295600Z ns(tstop, df =                   -0.603   0.199    -3.022   0.003
2021-05-16T02:56:39.338304100Z 4)1:regionEast Midlands                                          
2021-05-16T02:56:39.338311300Z ns(tstop, df =                   -0.011   0.185    -0.059   0.953
2021-05-16T02:56:39.338318600Z 4)2:regionEast Midlands                                          
2021-05-16T02:56:39.338325900Z ns(tstop, df =                   -0.283   0.447    -0.634   0.526
2021-05-16T02:56:39.338333000Z 4)3:regionEast Midlands                                          
2021-05-16T02:56:39.338340400Z ns(tstop, df =                    0.030   0.155     0.191   0.849
2021-05-16T02:56:39.338347700Z 4)4:regionEast Midlands                                          
2021-05-16T02:56:39.338356700Z ns(tstop, df =                    1.067   0.413     2.583   0.010
2021-05-16T02:56:39.338364000Z 4)1:regionLondon                                                 
2021-05-16T02:56:39.338371300Z ns(tstop, df =                    0.764   0.398     1.919   0.055
2021-05-16T02:56:39.338378300Z 4)2:regionLondon                                                 
2021-05-16T02:56:39.338385500Z ns(tstop, df =                    1.426   0.960     1.485   0.138
2021-05-16T02:56:39.338392500Z 4)3:regionLondon                                                 
2021-05-16T02:56:39.338399700Z ns(tstop, df =                   -0.627   0.320    -1.957   0.050
2021-05-16T02:56:39.338406700Z 4)4:regionLondon                                                 
2021-05-16T02:56:39.338413900Z ns(tstop, df =                   -0.800   0.327    -2.443   0.015
2021-05-16T02:56:39.338420900Z 4)1:regionNorth East                                             
2021-05-16T02:56:39.338428200Z ns(tstop, df =                    0.230   0.297     0.776   0.438
2021-05-16T02:56:39.338435400Z 4)2:regionNorth East                                             
2021-05-16T02:56:39.338442600Z ns(tstop, df =                   -0.240   0.724    -0.332   0.740
2021-05-16T02:56:39.338449800Z 4)3:regionNorth East                                             
2021-05-16T02:56:39.338457100Z ns(tstop, df =                   -0.257   0.263    -0.978   0.328
2021-05-16T02:56:39.338464200Z 4)4:regionNorth East                                             
2021-05-16T02:56:39.338471400Z ns(tstop, df =                   -0.980   0.236    -4.152   0.000
2021-05-16T02:56:39.338478500Z 4)1:regionNorth West                                             
2021-05-16T02:56:39.338486000Z ns(tstop, df =                   -0.472   0.221    -2.138   0.033
2021-05-16T02:56:39.338493200Z 4)2:regionNorth West                                             
2021-05-16T02:56:39.338500400Z ns(tstop, df =                   -1.041   0.516    -2.016   0.044
2021-05-16T02:56:39.338507600Z 4)3:regionNorth West                                             
2021-05-16T02:56:39.338521900Z ns(tstop, df =                    0.031   0.190     0.165   0.869
2021-05-16T02:56:39.338529700Z 4)4:regionNorth West                                             
2021-05-16T02:56:39.338536900Z ns(tstop, df =                   -0.542   0.273    -1.985   0.047
2021-05-16T02:56:39.338544000Z 4)1:regionSouth East                                             
2021-05-16T02:56:39.338551600Z ns(tstop, df =                   -0.065   0.256    -0.256   0.798
2021-05-16T02:56:39.338558700Z 4)2:regionSouth East                                             
2021-05-16T02:56:39.338566200Z ns(tstop, df =                   -0.666   0.605    -1.100   0.271
2021-05-16T02:56:39.338573400Z 4)3:regionSouth East                                             
2021-05-16T02:56:39.338581000Z ns(tstop, df =                   -0.092   0.221    -0.415   0.678
2021-05-16T02:56:39.338588900Z 4)4:regionSouth East                                             
2021-05-16T02:56:39.338596300Z ns(tstop, df =                   -0.995   0.209    -4.762   0.000
2021-05-16T02:56:39.338603600Z 4)1:regionSouth West                                             
2021-05-16T02:56:39.338610800Z ns(tstop, df =                   -0.446   0.199    -2.244   0.025
2021-05-16T02:56:39.338618000Z 4)2:regionSouth West                                             
2021-05-16T02:56:39.338625300Z ns(tstop, df =                   -1.336   0.458    -2.918   0.004
2021-05-16T02:56:39.338632600Z 4)3:regionSouth West                                             
2021-05-16T02:56:39.338640100Z ns(tstop, df =                   -0.157   0.175    -0.894   0.371
2021-05-16T02:56:39.338647300Z 4)4:regionSouth West                                             
2021-05-16T02:56:39.338654600Z ns(tstop, df =                   -0.446   0.330    -1.349   0.177
2021-05-16T02:56:39.338661700Z 4)1:regionWest Midlands                                          
2021-05-16T02:56:39.338668800Z ns(tstop, df =                    0.575   0.304     1.889   0.059
2021-05-16T02:56:39.338676000Z 4)2:regionWest Midlands                                          
2021-05-16T02:56:39.338683300Z ns(tstop, df =                    0.353   0.738     0.479   0.632
2021-05-16T02:56:39.338690600Z 4)3:regionWest Midlands                                          
2021-05-16T02:56:39.338697900Z ns(tstop, df =                   -0.281   0.263    -1.067   0.286
2021-05-16T02:56:39.338705200Z 4)4:regionWest Midlands                                          
2021-05-16T02:56:39.338712600Z ns(tstop, df =                   -1.072   0.216    -4.959   0.000
2021-05-16T02:56:39.338719700Z 4)1:regionYorkshire and The                                      
2021-05-16T02:56:39.338727100Z Humber                                                           
2021-05-16T02:56:39.338734300Z ns(tstop, df =                    0.026   0.201     0.131   0.895
2021-05-16T02:56:39.338742200Z 4)2:regionYorkshire and The                                      
2021-05-16T02:56:39.338756900Z Humber                                                           
2021-05-16T02:56:39.338765000Z ns(tstop, df =                   -0.594   0.475    -1.250   0.211
2021-05-16T02:56:39.338772100Z 4)3:regionYorkshire and The                                      
2021-05-16T02:56:39.338779600Z Humber                                                           
2021-05-16T02:56:39.338787100Z ns(tstop, df =                   -0.179   0.170    -1.054   0.292
2021-05-16T02:56:39.338794500Z 4)4:regionYorkshire and The                                      
2021-05-16T02:56:39.338801900Z Humber                                                           
2021-05-16T02:56:39.338809500Z -----------------------------------------------------------------
2021-05-16T02:56:39.338937600Z msmmod1_par data size = 13958463 
2021-05-16T02:57:13.860845700Z memory usage = 6.165 GB 
2021-05-16T02:58:37.988369300Z   
2021-05-16T02:58:37.988475600Z msmmod2 
2021-05-16T03:34:54.061390600Z MODEL INFO:
2021-05-16T03:34:54.061558100Z Observations: 13958463
2021-05-16T03:34:54.061568800Z Dependent Variable: 
2021-05-16T03:34:54.061576900Z Type: Generalized linear model
2021-05-16T03:34:54.061584800Z   Family: binomial 
2021-05-16T03:34:54.061592400Z   Link function: logit 
2021-05-16T03:34:54.061600200Z 
2021-05-16T03:34:54.063960200Z MODEL FIT:
2021-05-16T03:34:54.064062300Z <U+03C7><U+00B2>(88) = 21781.880, p = 0.000
2021-05-16T03:34:54.064072600Z Pseudo-R<U+00B2> (Cragg-Uhler) = 
2021-05-16T03:34:54.064080600Z Pseudo-R<U+00B2> (McFadden) = 0.121
2021-05-16T03:34:54.064088400Z AIC = 158152.544, BIC = 159438.736 
2021-05-16T03:34:54.064096400Z 
2021-05-16T03:34:54.064108300Z Standard errors: MLE
2021-05-16T03:34:54.386821400Z ------------------------------------------------------------------
2021-05-16T03:34:54.386931400Z                                     Est.    S.E.    z val.       p
2021-05-16T03:34:54.386941200Z ------------------------------- -------- ------- --------- -------
2021-05-16T03:34:54.386949800Z (Intercept)                       -2.078   8.739    -0.238   0.812
2021-05-16T03:34:54.386958000Z timesincevax_pw1-3                -2.374   0.121   -19.612   0.000
2021-05-16T03:34:54.386966300Z timesincevax_pw4-7                -2.020   0.085   -23.868   0.000
2021-05-16T03:34:54.386974400Z timesincevax_pw8-14               -1.859   0.059   -31.350   0.000
2021-05-16T03:34:54.386982500Z timesincevax_pw15-21              -1.856   0.062   -29.714   0.000
2021-05-16T03:34:54.386990500Z timesincevax_pw22-28              -1.904   0.075   -25.388   0.000
2021-05-16T03:34:54.386998500Z timesincevax_pw29+                -1.971   0.080   -24.570   0.000
2021-05-16T03:34:54.387044400Z poly(age, degree = 2, raw =       -0.383   0.234    -1.633   0.102
2021-05-16T03:34:54.387052800Z TRUE)1                                                            
2021-05-16T03:34:54.387060200Z poly(age, degree = 2, raw =        0.003   0.002     2.116   0.034
2021-05-16T03:34:54.387067400Z TRUE)2                                                            
2021-05-16T03:34:54.387075000Z sexMale                            0.385   0.023    16.738   0.000
2021-05-16T03:34:54.387082100Z imd2                              -0.018   0.035    -0.516   0.606
2021-05-16T03:34:54.387089400Z imd3                              -0.024   0.035    -0.678   0.498
2021-05-16T03:34:54.387096500Z imd4                              -0.087   0.036    -2.426   0.015
2021-05-16T03:34:54.387103700Z imd5 least deprived               -0.181   0.038    -4.749   0.000
2021-05-16T03:34:54.387110900Z ethnicity_combinedBlack            0.071   0.109     0.656   0.512
2021-05-16T03:34:54.387118400Z ethnicity_combinedSouth            0.291   0.057     5.087   0.000
2021-05-16T03:34:54.387125600Z Asian                                                             
2021-05-16T03:34:54.387132800Z ethnicity_combinedMixed           -0.014   0.190    -0.076   0.939
2021-05-16T03:34:54.387139900Z ethnicity_combinedOther            0.077   0.124     0.618   0.537
2021-05-16T03:34:54.387147100Z bmiObese I (30-34.9)              -0.130   0.030    -4.371   0.000
2021-05-16T03:34:54.387154200Z bmiObese II (35-39.9)             -0.083   0.054    -1.530   0.126
2021-05-16T03:34:54.387161600Z bmiObese III (40+)                 0.176   0.062     2.827   0.005
2021-05-16T03:34:54.387168900Z heart_failure                      0.537   0.036    14.850   0.000
2021-05-16T03:34:54.387176400Z other_heart_disease               -0.115   0.038    -3.058   0.002
2021-05-16T03:34:54.387183700Z dialysis                           0.600   0.112     5.342   0.000
2021-05-16T03:34:54.387192600Z diabetes                           0.072   0.042     1.693   0.090
2021-05-16T03:34:54.387200300Z chronic_liver_disease              0.564   0.072     7.863   0.000
2021-05-16T03:34:54.387207800Z current_copd                       0.105   0.042     2.540   0.011
2021-05-16T03:34:54.387214900Z other_resp_conditions              0.147   0.040     3.662   0.000
2021-05-16T03:34:54.387222400Z lung_cancer                        1.049   0.062    16.999   0.000
2021-05-16T03:34:54.387229800Z haematological_cancer              0.409   0.061     6.693   0.000
2021-05-16T03:34:54.387237400Z cancer_excl_lung_and_haem          0.315   0.041     7.769   0.000
2021-05-16T03:34:54.387244800Z any_immunosuppression             -0.039   0.047    -0.834   0.404
2021-05-16T03:34:54.387252300Z dementia                           0.779   0.050    15.665   0.000
2021-05-16T03:34:54.387259800Z other_neuro_conditions             0.532   0.056     9.433   0.000
2021-05-16T03:34:54.387277200Z LD_incl_DS_and_CP                  0.404   0.157     2.581   0.010
2021-05-16T03:34:54.387285500Z psychosis_schiz_bipolar            0.221   0.082     2.703   0.007
2021-05-16T03:34:54.387292800Z multimorb1                         0.581   0.050    11.703   0.000
2021-05-16T03:34:54.387300100Z multimorb2                         0.805   0.077    10.444   0.000
2021-05-16T03:34:54.387307700Z multimorb3                         0.881   0.109     8.110   0.000
2021-05-16T03:34:54.387315300Z multimorb4+                        0.704   0.152     4.617   0.000
2021-05-16T03:34:54.387322700Z shielded                           0.667   0.028    23.662   0.000
2021-05-16T03:34:54.387330100Z flu_vaccine                       -0.237   0.030    -7.821   0.000
2021-05-16T03:34:54.387337700Z efi_catMild                        0.166   0.043     3.869   0.000
2021-05-16T03:34:54.387344800Z efi_catModerate                    0.497   0.046    10.799   0.000
2021-05-16T03:34:54.387352000Z efi_catSevere                      0.819   0.053    15.459   0.000
2021-05-16T03:34:54.387359100Z ns(tstop, df = 4)1                 1.641   0.134    12.278   0.000
2021-05-16T03:34:54.387366500Z ns(tstop, df = 4)2                 1.765   0.128    13.828   0.000
2021-05-16T03:34:54.387373700Z ns(tstop, df = 4)3                 3.425   0.304    11.251   0.000
2021-05-16T03:34:54.387381200Z ns(tstop, df = 4)4                 2.279   0.112    20.413   0.000
2021-05-16T03:34:54.387388600Z regionEast Midlands                0.429   0.190     2.258   0.024
2021-05-16T03:34:54.387395800Z regionLondon                       0.699   0.427     1.637   0.102
2021-05-16T03:34:54.387402900Z regionNorth East                   0.680   0.306     2.223   0.026
2021-05-16T03:34:54.387410100Z regionNorth West                   1.241   0.215     5.760   0.000
2021-05-16T03:34:54.387417400Z regionSouth East                   1.597   0.254     6.279   0.000
2021-05-16T03:34:54.387424700Z regionSouth West                   3.643   0.190    19.129   0.000
2021-05-16T03:34:54.387432600Z regionWest Midlands                3.956   0.315    12.541   0.000
2021-05-16T03:34:54.387440000Z regionYorkshire and The           -0.481   0.200    -2.409   0.016
2021-05-16T03:34:54.387447600Z Humber                                                            
2021-05-16T03:34:54.387454800Z ns(tstop, df =                    -0.610   0.199    -3.063   0.002
2021-05-16T03:34:54.387462500Z 4)1:regionEast Midlands                                           
2021-05-16T03:34:54.387470200Z ns(tstop, df =                    -0.039   0.186    -0.210   0.834
2021-05-16T03:34:54.387478200Z 4)2:regionEast Midlands                                           
2021-05-16T03:34:54.387485600Z ns(tstop, df =                    -0.329   0.446    -0.737   0.461
2021-05-16T03:34:54.387493100Z 4)3:regionEast Midlands                                           
2021-05-16T03:34:54.387500800Z ns(tstop, df =                    -0.014   0.157    -0.088   0.930
2021-05-16T03:34:54.387517400Z 4)4:regionEast Midlands                                           
2021-05-16T03:34:54.387525300Z ns(tstop, df =                     1.109   0.411     2.698   0.007
2021-05-16T03:34:54.387532600Z 4)1:regionLondon                                                  
2021-05-16T03:34:54.387539900Z ns(tstop, df =                     0.667   0.396     1.681   0.093
2021-05-16T03:34:54.387577200Z 4)2:regionLondon                                                  
2021-05-16T03:34:54.387586100Z ns(tstop, df =                     1.347   0.955     1.410   0.158
2021-05-16T03:34:54.387593700Z 4)3:regionLondon                                                  
2021-05-16T03:34:54.387601000Z ns(tstop, df =                    -0.582   0.323    -1.799   0.072
2021-05-16T03:34:54.387608600Z 4)4:regionLondon                                                  
2021-05-16T03:34:54.387616200Z ns(tstop, df =                    -0.802   0.327    -2.450   0.014
2021-05-16T03:34:54.387623500Z 4)1:regionNorth East                                              
2021-05-16T03:34:54.387631000Z ns(tstop, df =                     0.268   0.298     0.899   0.368
2021-05-16T03:34:54.387638500Z 4)2:regionNorth East                                              
2021-05-16T03:34:54.387645700Z ns(tstop, df =                    -0.240   0.723    -0.332   0.740
2021-05-16T03:34:54.387653100Z 4)3:regionNorth East                                              
2021-05-16T03:34:54.387660300Z ns(tstop, df =                    -0.280   0.265    -1.058   0.290
2021-05-16T03:34:54.387667900Z 4)4:regionNorth East                                              
2021-05-16T03:34:54.387675200Z ns(tstop, df =                    -1.003   0.236    -4.249   0.000
2021-05-16T03:34:54.387682800Z 4)1:regionNorth West                                              
2021-05-16T03:34:54.387690200Z ns(tstop, df =                    -0.388   0.222    -1.747   0.081
2021-05-16T03:34:54.387699100Z 4)2:regionNorth West                                              
2021-05-16T03:34:54.387706800Z ns(tstop, df =                    -0.964   0.517    -1.865   0.062
2021-05-16T03:34:54.387714400Z 4)3:regionNorth West                                              
2021-05-16T03:34:54.387721500Z ns(tstop, df =                     0.020   0.191     0.104   0.917
2021-05-16T03:34:54.387729300Z 4)4:regionNorth West                                              
2021-05-16T03:34:54.387736600Z ns(tstop, df =                    -0.481   0.273    -1.763   0.078
2021-05-16T03:34:54.387744400Z 4)1:regionSouth East                                              
2021-05-16T03:34:54.387751900Z ns(tstop, df =                    -0.046   0.257    -0.178   0.859
2021-05-16T03:34:54.387759300Z 4)2:regionSouth East                                              
2021-05-16T03:34:54.387766700Z ns(tstop, df =                    -0.694   0.604    -1.149   0.250
2021-05-16T03:34:54.387784600Z 4)3:regionSouth East                                              
2021-05-16T03:34:54.387792800Z ns(tstop, df =                    -0.092   0.223    -0.412   0.680
2021-05-16T03:34:54.387799800Z 4)4:regionSouth East                                              
2021-05-16T03:34:54.387806900Z ns(tstop, df =                    -0.933   0.209    -4.472   0.000
2021-05-16T03:34:54.387814300Z 4)1:regionSouth West                                              
2021-05-16T03:34:54.387821600Z ns(tstop, df =                    -0.392   0.200    -1.960   0.050
2021-05-16T03:34:54.387829200Z 4)2:regionSouth West                                              
2021-05-16T03:34:54.387836600Z ns(tstop, df =                    -1.279   0.457    -2.797   0.005
2021-05-16T03:34:54.387844100Z 4)3:regionSouth West                                              
2021-05-16T03:34:54.387851400Z ns(tstop, df =                    -0.080   0.178    -0.452   0.651
2021-05-16T03:34:54.387858900Z 4)4:regionSouth West                                              
2021-05-16T03:34:54.387866200Z ns(tstop, df =                    -0.347   0.330    -1.050   0.294
2021-05-16T03:34:54.387874500Z 4)1:regionWest Midlands                                           
2021-05-16T03:34:54.387881800Z ns(tstop, df =                     0.571   0.306     1.863   0.062
2021-05-16T03:34:54.387889400Z 4)2:regionWest Midlands                                           
2021-05-16T03:34:54.387896800Z ns(tstop, df =                     0.510   0.738     0.691   0.489
2021-05-16T03:34:54.387904700Z 4)3:regionWest Midlands                                           
2021-05-16T03:34:54.387912500Z ns(tstop, df =                    -0.048   0.268    -0.179   0.858
2021-05-16T03:34:54.387920300Z 4)4:regionWest Midlands                                           
2021-05-16T03:34:54.387928000Z ns(tstop, df =                    -1.045   0.216    -4.841   0.000
2021-05-16T03:34:54.387935400Z 4)1:regionYorkshire and The                                       
2021-05-16T03:34:54.387944000Z Humber                                                            
2021-05-16T03:34:54.387952000Z ns(tstop, df =                     0.001   0.201     0.007   0.995
2021-05-16T03:34:54.387959300Z 4)2:regionYorkshire and The                                       
2021-05-16T03:34:54.387966800Z Humber                                                            
2021-05-16T03:34:54.387974100Z ns(tstop, df =                    -0.634   0.475    -1.336   0.182
2021-05-16T03:34:54.387981700Z 4)3:regionYorkshire and The                                       
2021-05-16T03:34:54.387989200Z Humber                                                            
2021-05-16T03:34:54.387996700Z ns(tstop, df =                    -0.195   0.172    -1.136   0.256
2021-05-16T03:34:54.388004300Z 4)4:regionYorkshire and The                                       
2021-05-16T03:34:54.388011800Z Humber                                                            
2021-05-16T03:34:54.388026900Z ------------------------------------------------------------------
2021-05-16T03:34:54.388115200Z msmmod2_par data size = 13958463 
2021-05-16T03:35:29.967975500Z memory usage = 6.165 GB 
2021-05-16T03:37:27.455238700Z   
2021-05-16T03:37:27.455343000Z msmmod3 
2021-05-16T04:28:47.548384600Z MODEL INFO:
2021-05-16T04:28:47.548581400Z Observations: 13958463
2021-05-16T04:28:47.548591900Z Dependent Variable: 
2021-05-16T04:28:47.548599900Z Type: Generalized linear model
2021-05-16T04:28:47.548608000Z   Family: binomial 
2021-05-16T04:28:47.548615700Z   Link function: logit 
2021-05-16T04:28:47.548623700Z 
2021-05-16T04:28:47.550679300Z MODEL FIT:
2021-05-16T04:28:47.550792900Z <U+03C7><U+00B2>(110) = 42198.829, p = 0.000
2021-05-16T04:28:47.550804900Z Pseudo-R<U+00B2> (Cragg-Uhler) = 
2021-05-16T04:28:47.550813500Z Pseudo-R<U+00B2> (McFadden) = 0.235
2021-05-16T04:28:47.550824500Z AIC = 137779.586, BIC = 139383.714 
2021-05-16T04:28:47.550832900Z 
2021-05-16T04:28:47.550840800Z Standard errors: MLE
2021-05-16T04:28:48.178181600Z -----------------------------------------------------------------------------
2021-05-16T04:28:48.178301900Z                                                        Est.    S.E.    z val.
2021-05-16T04:28:48.178312000Z -------------------------------------------------- -------- ------- ---------
2021-05-16T04:28:48.178320100Z (Intercept)                                           4.537   8.802     0.515
2021-05-16T04:28:48.178328600Z timesincevax_pw1-3                                   -0.740   0.123    -6.017
2021-05-16T04:28:48.178336800Z timesincevax_pw4-7                                   -0.361   0.087    -4.144
2021-05-16T04:28:48.178344900Z timesincevax_pw8-14                                  -0.237   0.062    -3.821
2021-05-16T04:28:48.178352900Z timesincevax_pw15-21                                 -0.244   0.064    -3.809
2021-05-16T04:28:48.178361200Z timesincevax_pw22-28                                 -0.325   0.076    -4.259
2021-05-16T04:28:48.178369000Z timesincevax_pw29+                                   -0.347   0.081    -4.296
2021-05-16T04:28:48.178376900Z poly(age, degree = 2, raw =                          -0.537   0.236    -2.275
2021-05-16T04:28:48.178385000Z TRUE)1                                                                       
2021-05-16T04:28:48.178393100Z poly(age, degree = 2, raw =                           0.004   0.002     2.613
2021-05-16T04:28:48.178402200Z TRUE)2                                                                       
2021-05-16T04:28:48.178410200Z sexMale                                               0.274   0.023    11.804
2021-05-16T04:28:48.178467700Z imd2                                                  0.013   0.035     0.384
2021-05-16T04:28:48.178476300Z imd3                                                  0.031   0.035     0.879
2021-05-16T04:28:48.178483700Z imd4                                                  0.004   0.036     0.119
2021-05-16T04:28:48.178491200Z imd5 least deprived                                  -0.041   0.038    -1.072
2021-05-16T04:28:48.178498800Z ethnicity_combinedBlack                               0.199   0.111     1.791
2021-05-16T04:28:48.178506000Z ethnicity_combinedSouth                               0.243   0.058     4.156
2021-05-16T04:28:48.178513600Z Asian                                                                        
2021-05-16T04:28:48.178521000Z ethnicity_combinedMixed                              -0.165   0.192    -0.860
2021-05-16T04:28:48.178528200Z ethnicity_combinedOther                               0.463   0.124     3.718
2021-05-16T04:28:48.178535500Z bmiObese I (30-34.9)                                 -0.148   0.030    -4.894
2021-05-16T04:28:48.178543200Z bmiObese II (35-39.9)                                -0.058   0.055    -1.057
2021-05-16T04:28:48.178552900Z bmiObese III (40+)                                    0.062   0.064     0.979
2021-05-16T04:28:48.178560800Z heart_failure                                         0.410   0.036    11.283
2021-05-16T04:28:48.178568000Z other_heart_disease                                  -0.142   0.038    -3.739
2021-05-16T04:28:48.178575400Z dialysis                                              0.119   0.114     1.050
2021-05-16T04:28:48.178582500Z diabetes                                              0.094   0.044     2.170
2021-05-16T04:28:48.178589900Z chronic_liver_disease                                 0.523   0.074     7.097
2021-05-16T04:28:48.178597000Z current_copd                                          0.151   0.042     3.548
2021-05-16T04:28:48.178604300Z other_resp_conditions                                 0.140   0.041     3.410
2021-05-16T04:28:48.178611500Z lung_cancer                                           0.890   0.063    14.219
2021-05-16T04:28:48.178618700Z haematological_cancer                                 0.304   0.062     4.867
2021-05-16T04:28:48.178625800Z cancer_excl_lung_and_haem                             0.364   0.041     8.795
2021-05-16T04:28:48.178633100Z any_immunosuppression                                 0.044   0.048     0.920
2021-05-16T04:28:48.178640200Z dementia                                              0.498   0.051     9.730
2021-05-16T04:28:48.178647400Z other_neuro_conditions                                0.444   0.058     7.604
2021-05-16T04:28:48.178654700Z LD_incl_DS_and_CP                                     0.376   0.157     2.396
2021-05-16T04:28:48.178661800Z psychosis_schiz_bipolar                               0.207   0.083     2.499
2021-05-16T04:28:48.178669200Z multimorb1                                            0.333   0.050     6.613
2021-05-16T04:28:48.178676400Z multimorb2                                            0.433   0.078     5.521
2021-05-16T04:28:48.178692100Z multimorb3                                            0.472   0.111     4.270
2021-05-16T04:28:48.178700200Z multimorb4+                                           0.327   0.156     2.101
2021-05-16T04:28:48.178707500Z shielded                                              0.440   0.029    15.318
2021-05-16T04:28:48.178715000Z flu_vaccine                                          -0.240   0.031    -7.875
2021-05-16T04:28:48.178722300Z efi_catMild                                          -0.164   0.043    -3.789
2021-05-16T04:28:48.178729800Z efi_catModerate                                      -0.080   0.047    -1.713
2021-05-16T04:28:48.178737300Z efi_catSevere                                        -0.059   0.054    -1.095
2021-05-16T04:28:48.178744800Z ns(tstop, df = 4)1                                    1.241   0.133     9.337
2021-05-16T04:28:48.178752700Z ns(tstop, df = 4)2                                    1.089   0.128     8.522
2021-05-16T04:28:48.178760600Z ns(tstop, df = 4)3                                    2.317   0.301     7.693
2021-05-16T04:28:48.178767900Z ns(tstop, df = 4)4                                    1.499   0.114    13.157
2021-05-16T04:28:48.178775300Z regionEast Midlands                                   0.416   0.188     2.214
2021-05-16T04:28:48.178782400Z regionLondon                                          0.802   0.418     1.919
2021-05-16T04:28:48.178789800Z regionNorth East                                      0.673   0.304     2.213
2021-05-16T04:28:48.178797500Z regionNorth West                                      1.303   0.212     6.138
2021-05-16T04:28:48.178804900Z regionSouth East                                      1.730   0.250     6.927
2021-05-16T04:28:48.178812200Z regionSouth West                                      3.558   0.190    18.736
2021-05-16T04:28:48.178819400Z regionWest Midlands                                   3.594   0.326    11.018
2021-05-16T04:28:48.178827100Z regionYorkshire and The                              -0.446   0.198    -2.250
2021-05-16T04:28:48.178834500Z Humber                                                                       
2021-05-16T04:28:48.178841900Z timesince_postesttdc_pw1-3                            3.625   0.060    60.880
2021-05-16T04:28:48.178849300Z timesince_postesttdc_pw3-7                            4.023   0.046    87.793
2021-05-16T04:28:48.178857100Z timesince_postesttdc_pw8-14                           4.008   0.039   101.565
2021-05-16T04:28:48.178864700Z timesince_postesttdc_pw15-21                          3.562   0.052    68.873
2021-05-16T04:28:48.178871900Z timesince_postesttdc_pw22-28                          2.952   0.074    40.047
2021-05-16T04:28:48.178879200Z timesince_postesttdc_pw29+                            2.198   0.075    29.368
2021-05-16T04:28:48.178886800Z timesince_suspectedcovid_pw1-3                        0.275   0.266     1.033
2021-05-16T04:28:48.178894500Z timesince_suspectedcovid_pw3-7                        0.181   0.224     0.807
2021-05-16T04:28:48.178910300Z timesince_suspectedcovid_pw8-14                       0.309   0.161     1.920
2021-05-16T04:28:48.178919200Z timesince_suspectedcovid_pw15-21                     -0.003   0.238    -0.011
2021-05-16T04:28:48.178926500Z timesince_suspectedcovid_pw22-28                      0.397   0.246     1.617
2021-05-16T04:28:48.178934100Z timesince_suspectedcovid_pw29+                        0.399   0.183     2.179
2021-05-16T04:28:48.178941500Z timesince_hospinfectiousdischarge_pwIn                2.183   0.030    72.307
2021-05-16T04:28:48.178949100Z hospital                                                                     
2021-05-16T04:28:48.178957200Z timesince_hospinfectiousdischarge_pw1-7               1.644   0.061    26.743
2021-05-16T04:28:48.178964800Z timesince_hospinfectiousdischarge_pw8-14              1.545   0.075    20.701
2021-05-16T04:28:48.178972200Z timesince_hospinfectiousdischarge_pw15-21             1.638   0.086    18.983
2021-05-16T04:28:48.178979700Z timesince_hospinfectiousdischarge_pw22-28             1.280   0.123    10.408
2021-05-16T04:28:48.178987300Z timesince_hospnoninfectiousdischarge_pwIn             0.241   0.047     5.174
2021-05-16T04:28:48.178994700Z hospital                                                                     
2021-05-16T04:28:48.179001900Z timesince_hospnoninfectiousdischarge_pw1-7            1.594   0.127    12.529
2021-05-16T04:28:48.179009200Z timesince_hospnoninfectiousdischarge_pw8-14           1.061   0.131     8.116
2021-05-16T04:28:48.179016500Z timesince_hospnoninfectiousdischarge_pw15-21          1.124   0.133     8.440
2021-05-16T04:28:48.179023900Z timesince_hospnoninfectiousdischarge_pw22-28          0.927   0.158     5.878
2021-05-16T04:28:48.179031100Z ns(tstop, df =                                       -0.552   0.198    -2.788
2021-05-16T04:28:48.179038600Z 4)1:regionEast Midlands                                                      
2021-05-16T04:28:48.179045900Z ns(tstop, df =                                        0.111   0.186     0.597
2021-05-16T04:28:48.179053200Z 4)2:regionEast Midlands                                                      
2021-05-16T04:28:48.179060500Z ns(tstop, df =                                       -0.180   0.442    -0.408
2021-05-16T04:28:48.179067700Z 4)3:regionEast Midlands                                                      
2021-05-16T04:28:48.179075000Z ns(tstop, df =                                       -0.010   0.159    -0.061
2021-05-16T04:28:48.179082200Z 4)4:regionEast Midlands                                                      
2021-05-16T04:28:48.179089500Z ns(tstop, df =                                        0.618   0.405     1.527
2021-05-16T04:28:48.179096600Z 4)1:regionLondon                                                             
2021-05-16T04:28:48.179104000Z ns(tstop, df =                                        0.327   0.390     0.838
2021-05-16T04:28:48.179111200Z 4)2:regionLondon                                                             
2021-05-16T04:28:48.179126400Z ns(tstop, df =                                        0.997   0.937     1.064
2021-05-16T04:28:48.179134300Z 4)3:regionLondon                                                             
2021-05-16T04:28:48.179141500Z ns(tstop, df =                                       -0.350   0.329    -1.067
2021-05-16T04:28:48.179148700Z 4)4:regionLondon                                                             
2021-05-16T04:28:48.179156200Z ns(tstop, df =                                       -0.547   0.326    -1.676
2021-05-16T04:28:48.179164000Z 4)1:regionNorth East                                                         
2021-05-16T04:28:48.179171700Z ns(tstop, df =                                        0.546   0.300     1.821
2021-05-16T04:28:48.179179200Z 4)2:regionNorth East                                                         
2021-05-16T04:28:48.179186600Z ns(tstop, df =                                       -0.128   0.720    -0.178
2021-05-16T04:28:48.179194200Z 4)3:regionNorth East                                                         
2021-05-16T04:28:48.179201800Z ns(tstop, df =                                       -0.427   0.273    -1.564
2021-05-16T04:28:48.179209500Z 4)4:regionNorth East                                                         
2021-05-16T04:28:48.179217300Z ns(tstop, df =                                       -0.894   0.234    -3.813
2021-05-16T04:28:48.179224600Z 4)1:regionNorth West                                                         
2021-05-16T04:28:48.179231900Z ns(tstop, df =                                       -0.286   0.222    -1.287
2021-05-16T04:28:48.179239400Z 4)2:regionNorth West                                                         
2021-05-16T04:28:48.179246600Z ns(tstop, df =                                       -0.988   0.509    -1.939
2021-05-16T04:28:48.179254100Z 4)3:regionNorth West                                                         
2021-05-16T04:28:48.179261300Z ns(tstop, df =                                       -0.014   0.196    -0.071
2021-05-16T04:28:48.179268500Z 4)4:regionNorth West                                                         
2021-05-16T04:28:48.179275700Z ns(tstop, df =                                       -0.622   0.272    -2.289
2021-05-16T04:28:48.179282800Z 4)1:regionSouth East                                                         
2021-05-16T04:28:48.179290100Z ns(tstop, df =                                       -0.552   0.257    -2.152
2021-05-16T04:28:48.179297600Z 4)2:regionSouth East                                                         
2021-05-16T04:28:48.179305300Z ns(tstop, df =                                       -1.252   0.593    -2.111
2021-05-16T04:28:48.179312700Z 4)3:regionSouth East                                                         
2021-05-16T04:28:48.179320000Z ns(tstop, df =                                       -0.092   0.229    -0.403
2021-05-16T04:28:48.179327500Z 4)4:regionSouth East                                                         
2021-05-16T04:28:48.179343000Z ns(tstop, df =                                       -1.377   0.210    -6.552
2021-05-16T04:28:48.179351000Z 4)1:regionSouth West                                                         
2021-05-16T04:28:48.179358400Z ns(tstop, df =                                       -0.479   0.205    -2.335
2021-05-16T04:28:48.179367100Z 4)2:regionSouth West                                                         
2021-05-16T04:28:48.179374500Z ns(tstop, df =                                       -1.285   0.458    -2.806
2021-05-16T04:28:48.179381900Z 4)3:regionSouth West                                                         
2021-05-16T04:28:48.179389400Z ns(tstop, df =                                       -0.303   0.188    -1.606
2021-05-16T04:28:48.179397000Z 4)4:regionSouth West                                                         
2021-05-16T04:28:48.179404400Z ns(tstop, df =                                       -1.379   0.340    -4.063
2021-05-16T04:28:48.179412000Z 4)1:regionWest Midlands                                                      
2021-05-16T04:28:48.179419600Z ns(tstop, df =                                       -0.796   0.320    -2.487
2021-05-16T04:28:48.179427200Z 4)2:regionWest Midlands                                                      
2021-05-16T04:28:48.179434700Z ns(tstop, df =                                       -0.920   0.770    -1.195
2021-05-16T04:28:48.179442200Z 4)3:regionWest Midlands                                                      
2021-05-16T04:28:48.179449600Z ns(tstop, df =                                       -0.931   0.288    -3.236
2021-05-16T04:28:48.179457200Z 4)4:regionWest Midlands                                                      
2021-05-16T04:28:48.179464600Z ns(tstop, df =                                       -0.735   0.215    -3.424
2021-05-16T04:28:48.179472000Z 4)1:regionYorkshire and The                                                  
2021-05-16T04:28:48.179479200Z Humber                                                                       
2021-05-16T04:28:48.179487000Z ns(tstop, df =                                        0.199   0.201     0.992
2021-05-16T04:28:48.179494400Z 4)2:regionYorkshire and The                                                  
2021-05-16T04:28:48.179502300Z Humber                                                                       
2021-05-16T04:28:48.179509700Z ns(tstop, df =                                       -0.292   0.471    -0.619
2021-05-16T04:28:48.179517500Z 4)3:regionYorkshire and The                                                  
2021-05-16T04:28:48.179525200Z Humber                                                                       
2021-05-16T04:28:48.179532600Z ns(tstop, df =                                       -0.050   0.174    -0.285
2021-05-16T04:28:48.179540100Z 4)4:regionYorkshire and The                                                  
2021-05-16T04:28:48.179547500Z Humber                                                                       
2021-05-16T04:28:48.179564500Z -----------------------------------------------------------------------------
2021-05-16T04:28:48.179572700Z  
2021-05-16T04:28:48.179581100Z ----------------------------------------------------------
2021-05-16T04:28:48.179588600Z                                                          p
2021-05-16T04:28:48.179596400Z -------------------------------------------------- -------
2021-05-16T04:28:48.179603900Z (Intercept)                                          0.606
2021-05-16T04:28:48.179611400Z timesincevax_pw1-3                                   0.000
2021-05-16T04:28:48.179618900Z timesincevax_pw4-7                                   0.000
2021-05-16T04:28:48.179626200Z timesincevax_pw8-14                                  0.000
2021-05-16T04:28:48.179633900Z timesincevax_pw15-21                                 0.000
2021-05-16T04:28:48.179641300Z timesincevax_pw22-28                                 0.000
2021-05-16T04:28:48.179648900Z timesincevax_pw29+                                   0.000
2021-05-16T04:28:48.179656100Z poly(age, degree = 2, raw =                          0.023
2021-05-16T04:28:48.179663900Z TRUE)1                                                    
2021-05-16T04:28:48.179671200Z poly(age, degree = 2, raw =                          0.009
2021-05-16T04:28:48.179678900Z TRUE)2                                                    
2021-05-16T04:28:48.179686200Z sexMale                                              0.000
2021-05-16T04:28:48.179693500Z imd2                                                 0.701
2021-05-16T04:28:48.179701200Z imd3                                                 0.379
2021-05-16T04:28:48.179708600Z imd4                                                 0.906
2021-05-16T04:28:48.179716000Z imd5 least deprived                                  0.284
2021-05-16T04:28:48.179723500Z ethnicity_combinedBlack                              0.073
2021-05-16T04:28:48.179730900Z ethnicity_combinedSouth                              0.000
2021-05-16T04:28:48.179738300Z Asian                                                     
2021-05-16T04:28:48.179746000Z ethnicity_combinedMixed                              0.390
2021-05-16T04:28:48.179753400Z ethnicity_combinedOther                              0.000
2021-05-16T04:28:48.179760800Z bmiObese I (30-34.9)                                 0.000
2021-05-16T04:28:48.179768500Z bmiObese II (35-39.9)                                0.291
2021-05-16T04:28:48.179776000Z bmiObese III (40+)                                   0.328
2021-05-16T04:28:48.179783600Z heart_failure                                        0.000
2021-05-16T04:28:48.179790900Z other_heart_disease                                  0.000
2021-05-16T04:28:48.179798400Z dialysis                                             0.294
2021-05-16T04:28:48.179815500Z diabetes                                             0.030
2021-05-16T04:28:48.179823400Z chronic_liver_disease                                0.000
2021-05-16T04:28:48.179830700Z current_copd                                         0.000
2021-05-16T04:28:48.179837900Z other_resp_conditions                                0.001
2021-05-16T04:28:48.179845600Z lung_cancer                                          0.000
2021-05-16T04:28:48.179854900Z haematological_cancer                                0.000
2021-05-16T04:28:48.179862800Z cancer_excl_lung_and_haem                            0.000
2021-05-16T04:28:48.179870200Z any_immunosuppression                                0.358
2021-05-16T04:28:48.179884300Z dementia                                             0.000
2021-05-16T04:28:48.179891700Z other_neuro_conditions                               0.000
2021-05-16T04:28:48.179899200Z LD_incl_DS_and_CP                                    0.017
2021-05-16T04:28:48.179906500Z psychosis_schiz_bipolar                              0.012
2021-05-16T04:28:48.179914200Z multimorb1                                           0.000
2021-05-16T04:28:48.179921600Z multimorb2                                           0.000
2021-05-16T04:28:48.179929400Z multimorb3                                           0.000
2021-05-16T04:28:48.179936700Z multimorb4+                                          0.036
2021-05-16T04:28:48.179943800Z shielded                                             0.000
2021-05-16T04:28:48.179951700Z flu_vaccine                                          0.000
2021-05-16T04:28:48.179959100Z efi_catMild                                          0.000
2021-05-16T04:28:48.179966500Z efi_catModerate                                      0.087
2021-05-16T04:28:48.179973800Z efi_catSevere                                        0.274
2021-05-16T04:28:48.179981000Z ns(tstop, df = 4)1                                   0.000
2021-05-16T04:28:48.179988400Z ns(tstop, df = 4)2                                   0.000
2021-05-16T04:28:48.179996200Z ns(tstop, df = 4)3                                   0.000
2021-05-16T04:28:48.180004400Z ns(tstop, df = 4)4                                   0.000
2021-05-16T04:28:48.180012000Z regionEast Midlands                                  0.027
2021-05-16T04:28:48.180019900Z regionLondon                                         0.055
2021-05-16T04:28:48.180027800Z regionNorth East                                     0.027
2021-05-16T04:28:48.180035200Z regionNorth West                                     0.000
2021-05-16T04:28:48.180042500Z regionSouth East                                     0.000
2021-05-16T04:28:48.180049900Z regionSouth West                                     0.000
2021-05-16T04:28:48.180057100Z regionWest Midlands                                  0.000
2021-05-16T04:28:48.180064300Z regionYorkshire and The                              0.024
2021-05-16T04:28:48.180081000Z Humber                                                    
2021-05-16T04:28:48.180089700Z timesince_postesttdc_pw1-3                           0.000
2021-05-16T04:28:48.180097200Z timesince_postesttdc_pw3-7                           0.000
2021-05-16T04:28:48.180104600Z timesince_postesttdc_pw8-14                          0.000
2021-05-16T04:28:48.180111900Z timesince_postesttdc_pw15-21                         0.000
2021-05-16T04:28:48.180119100Z timesince_postesttdc_pw22-28                         0.000
2021-05-16T04:28:48.180126400Z timesince_postesttdc_pw29+                           0.000
2021-05-16T04:28:48.180136500Z timesince_suspectedcovid_pw1-3                       0.302
2021-05-16T04:28:48.180144100Z timesince_suspectedcovid_pw3-7                       0.420
2021-05-16T04:28:48.180151600Z timesince_suspectedcovid_pw8-14                      0.055
2021-05-16T04:28:48.180159100Z timesince_suspectedcovid_pw15-21                     0.991
2021-05-16T04:28:48.180166400Z timesince_suspectedcovid_pw22-28                     0.106
2021-05-16T04:28:48.180173900Z timesince_suspectedcovid_pw29+                       0.029
2021-05-16T04:28:48.180181900Z timesince_hospinfectiousdischarge_pwIn               0.000
2021-05-16T04:28:48.180189300Z hospital                                                  
2021-05-16T04:28:48.180196600Z timesince_hospinfectiousdischarge_pw1-7              0.000
2021-05-16T04:28:48.180204800Z timesince_hospinfectiousdischarge_pw8-14             0.000
2021-05-16T04:28:48.180212200Z timesince_hospinfectiousdischarge_pw15-21            0.000
2021-05-16T04:28:48.180220000Z timesince_hospinfectiousdischarge_pw22-28            0.000
2021-05-16T04:28:48.180227700Z timesince_hospnoninfectiousdischarge_pwIn            0.000
2021-05-16T04:28:48.180234800Z hospital                                                  
2021-05-16T04:28:48.180242200Z timesince_hospnoninfectiousdischarge_pw1-7           0.000
2021-05-16T04:28:48.180250000Z timesince_hospnoninfectiousdischarge_pw8-14          0.000
2021-05-16T04:28:48.180258100Z timesince_hospnoninfectiousdischarge_pw15-21         0.000
2021-05-16T04:28:48.180265300Z timesince_hospnoninfectiousdischarge_pw22-28         0.000
2021-05-16T04:28:48.180273000Z ns(tstop, df =                                       0.005
2021-05-16T04:28:48.180280600Z 4)1:regionEast Midlands                                   
2021-05-16T04:28:48.180288000Z ns(tstop, df =                                       0.550
2021-05-16T04:28:48.180295500Z 4)2:regionEast Midlands                                   
2021-05-16T04:28:48.180302700Z ns(tstop, df =                                       0.684
2021-05-16T04:28:48.180310300Z 4)3:regionEast Midlands                                   
2021-05-16T04:28:48.180317900Z ns(tstop, df =                                       0.951
2021-05-16T04:28:48.180335100Z 4)4:regionEast Midlands                                   
2021-05-16T04:28:48.180342900Z ns(tstop, df =                                       0.127
2021-05-16T04:28:48.180351000Z 4)1:regionLondon                                          
2021-05-16T04:28:48.180358500Z ns(tstop, df =                                       0.402
2021-05-16T04:28:48.180366300Z 4)2:regionLondon                                          
2021-05-16T04:28:48.180374700Z ns(tstop, df =                                       0.287
2021-05-16T04:28:48.180382500Z 4)3:regionLondon                                          
2021-05-16T04:28:48.180389700Z ns(tstop, df =                                       0.286
2021-05-16T04:28:48.180397700Z 4)4:regionLondon                                          
2021-05-16T04:28:48.180406800Z ns(tstop, df =                                       0.094
2021-05-16T04:28:48.180414400Z 4)1:regionNorth East                                      
2021-05-16T04:28:48.180422100Z ns(tstop, df =                                       0.069
2021-05-16T04:28:48.180430300Z 4)2:regionNorth East                                      
2021-05-16T04:28:48.180437800Z ns(tstop, df =                                       0.859
2021-05-16T04:28:48.180445300Z 4)3:regionNorth East                                      
2021-05-16T04:28:48.180453000Z ns(tstop, df =                                       0.118
2021-05-16T04:28:48.180460200Z 4)4:regionNorth East                                      
2021-05-16T04:28:48.180467700Z ns(tstop, df =                                       0.000
2021-05-16T04:28:48.180475100Z 4)1:regionNorth West                                      
2021-05-16T04:28:48.180483000Z ns(tstop, df =                                       0.198
2021-05-16T04:28:48.180490300Z 4)2:regionNorth West                                      
2021-05-16T04:28:48.180498200Z ns(tstop, df =                                       0.053
2021-05-16T04:28:48.180505600Z 4)3:regionNorth West                                      
2021-05-16T04:28:48.180512800Z ns(tstop, df =                                       0.943
2021-05-16T04:28:48.180520200Z 4)4:regionNorth West                                      
2021-05-16T04:28:48.180527500Z ns(tstop, df =                                       0.022
2021-05-16T04:28:48.180535200Z 4)1:regionSouth East                                      
2021-05-16T04:28:48.180542500Z ns(tstop, df =                                       0.031
2021-05-16T04:28:48.180549700Z 4)2:regionSouth East                                      
2021-05-16T04:28:48.180557400Z ns(tstop, df =                                       0.035
2021-05-16T04:28:48.180565000Z 4)3:regionSouth East                                      
2021-05-16T04:28:48.180572200Z ns(tstop, df =                                       0.687
2021-05-16T04:28:48.180590000Z 4)4:regionSouth East                                      
2021-05-16T04:28:48.180598200Z ns(tstop, df =                                       0.000
2021-05-16T04:28:48.180606100Z 4)1:regionSouth West                                      
2021-05-16T04:28:48.180613600Z ns(tstop, df =                                       0.020
2021-05-16T04:28:48.180620800Z 4)2:regionSouth West                                      
2021-05-16T04:28:48.180628300Z ns(tstop, df =                                       0.005
2021-05-16T04:28:48.180635500Z 4)3:regionSouth West                                      
2021-05-16T04:28:48.180643000Z ns(tstop, df =                                       0.108
2021-05-16T04:28:48.180651100Z 4)4:regionSouth West                                      
2021-05-16T04:28:48.180658500Z ns(tstop, df =                                       0.000
2021-05-16T04:28:48.180665600Z 4)1:regionWest Midlands                                   
2021-05-16T04:28:48.180672700Z ns(tstop, df =                                       0.013
2021-05-16T04:28:48.180682000Z 4)2:regionWest Midlands                                   
2021-05-16T04:28:48.180690600Z ns(tstop, df =                                       0.232
2021-05-16T04:28:48.180697800Z 4)3:regionWest Midlands                                   
2021-05-16T04:28:48.180705300Z ns(tstop, df =                                       0.001
2021-05-16T04:28:48.180712600Z 4)4:regionWest Midlands                                   
2021-05-16T04:28:48.180720100Z ns(tstop, df =                                       0.001
2021-05-16T04:28:48.180727200Z 4)1:regionYorkshire and The                               
2021-05-16T04:28:48.180734400Z Humber                                                    
2021-05-16T04:28:48.180741600Z ns(tstop, df =                                       0.321
2021-05-16T04:28:48.180749000Z 4)2:regionYorkshire and The                               
2021-05-16T04:28:48.180756200Z Humber                                                    
2021-05-16T04:28:48.180763400Z ns(tstop, df =                                       0.536
2021-05-16T04:28:48.180770500Z 4)3:regionYorkshire and The                               
2021-05-16T04:28:48.180778200Z Humber                                                    
2021-05-16T04:28:48.180787100Z ns(tstop, df =                                       0.776
2021-05-16T04:28:48.180794800Z 4)4:regionYorkshire and The                               
2021-05-16T04:28:48.180802600Z Humber                                                    
2021-05-16T04:28:48.180810200Z ----------------------------------------------------------
2021-05-16T04:28:48.181116200Z msmmod3_par data size = 13958463 
2021-05-16T04:29:23.087437300Z memory usage = 6.165 GB 
2021-05-16T04:31:19.987235100Z   
2021-05-16T04:31:19.987395700Z msmmod4 
2021-05-16T05:02:56.026462700Z MODEL INFO:
2021-05-16T05:02:56.026585400Z Observations: 13958463
2021-05-16T05:02:56.026595300Z Dependent Variable: 
2021-05-16T05:02:56.026603500Z Type: Generalized linear model
2021-05-16T05:02:56.026611200Z   Family: binomial 
2021-05-16T05:02:56.026619000Z   Link function: logit 
2021-05-16T05:02:56.026627400Z 
2021-05-16T05:02:56.028429600Z MODEL FIT:
2021-05-16T05:02:56.028472300Z <U+03C7><U+00B2>(88) = 20482.162, p = 0.000
2021-05-16T05:02:56.028483800Z Pseudo-R<U+00B2> (Cragg-Uhler) = 
2021-05-16T05:02:56.028491900Z Pseudo-R<U+00B2> (McFadden) = 0.119
2021-05-16T05:02:56.028500700Z AIC = 153546.554, BIC = 154832.746 
2021-05-16T05:02:56.028508700Z 
2021-05-16T05:02:56.028607900Z Standard errors: MLE
2021-05-16T05:02:56.311781200Z -------------------------------------------------------------------
2021-05-16T05:02:56.311872400Z                                      Est.    S.E.    z val.       p
2021-05-16T05:02:56.311882100Z ------------------------------- --------- ------- --------- -------
2021-05-16T05:02:56.311893600Z (Intercept)                       -26.743   9.000    -2.972   0.003
2021-05-16T05:02:56.311902100Z timesincevax_pw1-3                 -1.926   0.113   -17.106   0.000
2021-05-16T05:02:56.311909900Z timesincevax_pw4-7                 -1.571   0.082   -19.135   0.000
2021-05-16T05:02:56.311917900Z timesincevax_pw8-14                -1.163   0.056   -20.860   0.000
2021-05-16T05:02:56.311926000Z timesincevax_pw15-21               -1.123   0.061   -18.354   0.000
2021-05-16T05:02:56.311934300Z timesincevax_pw22-28               -1.225   0.076   -16.058   0.000
2021-05-16T05:02:56.311942300Z timesincevax_pw29+                 -1.220   0.081   -15.101   0.000
2021-05-16T05:02:56.311950400Z poly(age, degree = 2, raw =         0.295   0.241     1.223   0.221
2021-05-16T05:02:56.311958400Z TRUE)1                                                             
2021-05-16T05:02:56.311966500Z poly(age, degree = 2, raw =        -0.001   0.002    -0.818   0.413
2021-05-16T05:02:56.311974500Z TRUE)2                                                             
2021-05-16T05:02:56.311982600Z sexMale                             0.411   0.024    17.377   0.000
2021-05-16T05:02:56.311990900Z imd2                                0.005   0.036     0.153   0.879
2021-05-16T05:02:56.311998900Z imd3                                0.030   0.035     0.862   0.389
2021-05-16T05:02:56.312007300Z imd4                               -0.126   0.037    -3.382   0.001
2021-05-16T05:02:56.312016100Z imd5 least deprived                -0.227   0.040    -5.735   0.000
2021-05-16T05:02:56.312024200Z ethnicity_combinedBlack             0.169   0.113     1.488   0.137
2021-05-16T05:02:56.312067700Z ethnicity_combinedSouth             0.488   0.056     8.733   0.000
2021-05-16T05:02:56.312076600Z Asian                                                              
2021-05-16T05:02:56.312084300Z ethnicity_combinedMixed            -0.064   0.202    -0.318   0.751
2021-05-16T05:02:56.312091400Z ethnicity_combinedOther             0.106   0.129     0.823   0.410
2021-05-16T05:02:56.312099000Z bmiObese I (30-34.9)               -0.201   0.031    -6.457   0.000
2021-05-16T05:02:56.312106100Z bmiObese II (35-39.9)              -0.054   0.056    -0.963   0.336
2021-05-16T05:02:56.312114300Z bmiObese III (40+)                  0.220   0.064     3.428   0.001
2021-05-16T05:02:56.312122000Z heart_failure                       0.582   0.037    15.691   0.000
2021-05-16T05:02:56.312129700Z other_heart_disease                -0.080   0.039    -2.079   0.038
2021-05-16T05:02:56.312137700Z dialysis                            1.103   0.096    11.429   0.000
2021-05-16T05:02:56.312147300Z diabetes                            0.147   0.043     3.435   0.001
2021-05-16T05:02:56.312154700Z chronic_liver_disease               0.631   0.074     8.569   0.000
2021-05-16T05:02:56.312162500Z current_copd                        0.244   0.042     5.874   0.000
2021-05-16T05:02:56.312169500Z other_resp_conditions               0.348   0.039     8.935   0.000
2021-05-16T05:02:56.312176800Z lung_cancer                         1.108   0.063    17.712   0.000
2021-05-16T05:02:56.312184500Z haematological_cancer               0.510   0.061     8.297   0.000
2021-05-16T05:02:56.312192500Z cancer_excl_lung_and_haem           0.367   0.041     8.922   0.000
2021-05-16T05:02:56.312200300Z any_immunosuppression              -0.044   0.049    -0.907   0.365
2021-05-16T05:02:56.312208100Z dementia                            0.819   0.051    15.921   0.000
2021-05-16T05:02:56.312215500Z other_neuro_conditions              0.579   0.058     9.950   0.000
2021-05-16T05:02:56.312222800Z LD_incl_DS_and_CP                   0.524   0.163     3.207   0.001
2021-05-16T05:02:56.312229900Z psychosis_schiz_bipolar             0.295   0.085     3.475   0.001
2021-05-16T05:02:56.312237200Z multimorb1                          0.566   0.051    11.175   0.000
2021-05-16T05:02:56.312244200Z multimorb2                          0.687   0.078     8.795   0.000
2021-05-16T05:02:56.312251500Z multimorb3                          0.679   0.110     6.185   0.000
2021-05-16T05:02:56.312258600Z multimorb4+                         0.376   0.155     2.431   0.015
2021-05-16T05:02:56.312265900Z shielded                            0.693   0.029    24.003   0.000
2021-05-16T05:02:56.312273200Z flu_vaccine                        -0.305   0.031    -9.813   0.000
2021-05-16T05:02:56.312280300Z efi_catMild                         0.220   0.044     4.959   0.000
2021-05-16T05:02:56.312287400Z efi_catModerate                     0.493   0.048    10.330   0.000
2021-05-16T05:02:56.312302400Z efi_catSevere                       0.820   0.055    14.954   0.000
2021-05-16T05:02:56.312310300Z ns(tstop, df = 4)1                  1.707   0.134    12.729   0.000
2021-05-16T05:02:56.312317500Z ns(tstop, df = 4)2                  1.202   0.134     8.940   0.000
2021-05-16T05:02:56.312324900Z ns(tstop, df = 4)3                  2.648   0.306     8.657   0.000
2021-05-16T05:02:56.312332200Z ns(tstop, df = 4)4                  1.591   0.119    13.345   0.000
2021-05-16T05:02:56.312339500Z regionEast Midlands                 0.400   0.190     2.108   0.035
2021-05-16T05:02:56.312347000Z regionLondon                        0.660   0.425     1.554   0.120
2021-05-16T05:02:56.312354300Z regionNorth East                    0.681   0.304     2.240   0.025
2021-05-16T05:02:56.312361700Z regionNorth West                    1.249   0.214     5.838   0.000
2021-05-16T05:02:56.312369200Z regionSouth East                    1.594   0.253     6.297   0.000
2021-05-16T05:02:56.312377500Z regionSouth West                    3.789   0.186    20.365   0.000
2021-05-16T05:02:56.312384800Z regionWest Midlands                 3.884   0.315    12.337   0.000
2021-05-16T05:02:56.312392000Z regionYorkshire and The            -0.500   0.199    -2.514   0.012
2021-05-16T05:02:56.312399400Z Humber                                                             
2021-05-16T05:02:56.312406900Z ns(tstop, df =                     -0.689   0.200    -3.447   0.001
2021-05-16T05:02:56.312414300Z 4)1:regionEast Midlands                                            
2021-05-16T05:02:56.312421700Z ns(tstop, df =                      0.464   0.193     2.409   0.016
2021-05-16T05:02:56.312428900Z 4)2:regionEast Midlands                                            
2021-05-16T05:02:56.312436500Z ns(tstop, df =                     -0.199   0.447    -0.445   0.656
2021-05-16T05:02:56.312444000Z 4)3:regionEast Midlands                                            
2021-05-16T05:02:56.312451400Z ns(tstop, df =                     -0.272   0.168    -1.618   0.106
2021-05-16T05:02:56.312459000Z 4)4:regionEast Midlands                                            
2021-05-16T05:02:56.312466600Z ns(tstop, df =                      1.097   0.410     2.675   0.007
2021-05-16T05:02:56.312474100Z 4)1:regionLondon                                                   
2021-05-16T05:02:56.312481800Z ns(tstop, df =                      0.599   0.409     1.462   0.144
2021-05-16T05:02:56.312489400Z 4)2:regionLondon                                                   
2021-05-16T05:02:56.312496900Z ns(tstop, df =                      1.371   0.954     1.437   0.151
2021-05-16T05:02:56.312504700Z 4)3:regionLondon                                                   
2021-05-16T05:02:56.312512100Z ns(tstop, df =                     -0.491   0.340    -1.446   0.148
2021-05-16T05:02:56.312519500Z 4)4:regionLondon                                                   
2021-05-16T05:02:56.312527100Z ns(tstop, df =                     -0.814   0.328    -2.483   0.013
2021-05-16T05:02:56.312542100Z 4)1:regionNorth East                                               
2021-05-16T05:02:56.312550300Z ns(tstop, df =                      0.504   0.309     1.631   0.103
2021-05-16T05:02:56.312557700Z 4)2:regionNorth East                                               
2021-05-16T05:02:56.312565200Z ns(tstop, df =                     -0.228   0.723    -0.316   0.752
2021-05-16T05:02:56.312572700Z 4)3:regionNorth East                                               
2021-05-16T05:02:56.312580200Z ns(tstop, df =                     -0.393   0.282    -1.392   0.164
2021-05-16T05:02:56.312587700Z 4)4:regionNorth East                                               
2021-05-16T05:02:56.312595300Z ns(tstop, df =                     -0.943   0.236    -3.993   0.000
2021-05-16T05:02:56.312602800Z 4)1:regionNorth West                                               
2021-05-16T05:02:56.312611500Z ns(tstop, df =                     -0.261   0.233    -1.118   0.264
2021-05-16T05:02:56.312619500Z 4)2:regionNorth West                                               
2021-05-16T05:02:56.312626700Z ns(tstop, df =                     -1.047   0.516    -2.029   0.043
2021-05-16T05:02:56.312634000Z 4)3:regionNorth West                                               
2021-05-16T05:02:56.312641300Z ns(tstop, df =                     -0.075   0.203    -0.370   0.711
2021-05-16T05:02:56.312648800Z 4)4:regionNorth West                                               
2021-05-16T05:02:56.312656400Z ns(tstop, df =                     -0.482   0.274    -1.759   0.079
2021-05-16T05:02:56.312664000Z 4)1:regionSouth East                                               
2021-05-16T05:02:56.312671300Z ns(tstop, df =                     -0.029   0.270    -0.106   0.916
2021-05-16T05:02:56.312678900Z 4)2:regionSouth East                                               
2021-05-16T05:02:56.312686200Z ns(tstop, df =                     -0.684   0.605    -1.131   0.258
2021-05-16T05:02:56.312693700Z 4)3:regionSouth East                                               
2021-05-16T05:02:56.312701100Z ns(tstop, df =                     -0.085   0.235    -0.360   0.719
2021-05-16T05:02:56.312708700Z 4)4:regionSouth East                                               
2021-05-16T05:02:56.312716000Z ns(tstop, df =                     -0.614   0.202    -3.030   0.002
2021-05-16T05:02:56.312766000Z 4)1:regionSouth West                                               
2021-05-16T05:02:56.312778800Z ns(tstop, df =                      0.153   0.200     0.765   0.444
2021-05-16T05:02:56.312786400Z 4)2:regionSouth West                                               
2021-05-16T05:02:56.312793500Z ns(tstop, df =                     -1.793   0.450    -3.989   0.000
2021-05-16T05:02:56.312801200Z 4)3:regionSouth West                                               
2021-05-16T05:02:56.312808600Z ns(tstop, df =                     -0.188   0.192    -0.977   0.328
2021-05-16T05:02:56.312825700Z 4)4:regionSouth West                                               
2021-05-16T05:02:56.312834200Z ns(tstop, df =                     -0.363   0.332    -1.091   0.275
2021-05-16T05:02:56.312841500Z 4)1:regionWest Midlands                                            
2021-05-16T05:02:56.312848900Z ns(tstop, df =                      0.692   0.321     2.159   0.031
2021-05-16T05:02:56.312856600Z 4)2:regionWest Midlands                                            
2021-05-16T05:02:56.312864000Z ns(tstop, df =                      0.700   0.741     0.946   0.344
2021-05-16T05:02:56.312871400Z 4)3:regionWest Midlands                                            
2021-05-16T05:02:56.312878800Z ns(tstop, df =                      0.093   0.281     0.332   0.740
2021-05-16T05:02:56.312886300Z 4)4:regionWest Midlands                                            
2021-05-16T05:02:56.312894800Z ns(tstop, df =                     -1.034   0.216    -4.778   0.000
2021-05-16T05:02:56.312902300Z 4)1:regionYorkshire and The                                        
2021-05-16T05:02:56.312909500Z Humber                                                             
2021-05-16T05:02:56.312916900Z ns(tstop, df =                      0.133   0.210     0.637   0.524
2021-05-16T05:02:56.312924100Z 4)2:regionYorkshire and The                                        
2021-05-16T05:02:56.312931800Z Humber                                                             
2021-05-16T05:02:56.312939100Z ns(tstop, df =                     -0.581   0.475    -1.224   0.221
2021-05-16T05:02:56.312946900Z 4)3:regionYorkshire and The                                        
2021-05-16T05:02:56.312954200Z Humber                                                             
2021-05-16T05:02:56.312961600Z ns(tstop, df =                     -0.183   0.180    -1.018   0.309
2021-05-16T05:02:56.312968900Z 4)4:regionYorkshire and The                                        
2021-05-16T05:02:56.312976400Z Humber                                                             
2021-05-16T05:02:56.312983800Z -------------------------------------------------------------------
2021-05-16T05:02:56.312991000Z msmmod4_par data size = 13958463 
2021-05-16T05:03:25.050669100Z memory usage = 6.165 GB 
2021-05-16T05:05:27.700018100Z NULL
2021-05-16T05:05:27.700162900Z   
2021-05-16T05:05:41.706872800Z              used    (Mb) gc trigger    (Mb)   max used    (Mb)
2021-05-16T05:05:41.707008000Z Ncells    2339276   125.0   23527964  1256.6    2339276   125.0
2021-05-16T05:05:41.707018100Z Vcells 2616130532 19959.5 5889421359 44932.8 2616130532 19959.5


state: succeeded
commit: d95a6fa6ef28b1c9dce6d94b3ef6b92ac12b6e69
docker_image_id: sha256:b0e86ebee1d778d06c4c86d5d4c32dd910483eb4b0a9c7ed3997f928aa94c500
exit_code: 0
job_id: hhtszeektyneit5i
run_by_user: wjchulme
created_at: 2021-05-16T01:33:29Z
started_at: 2021-05-16T01:42:38Z
completed_at: 2021-05-16T10:46:22Z

Completed successfully

outputs:
  output/in70s/death/any/all/all/data_weights.rds           - highly_sensitive    
  output/in70s/death/any/all/all/model1.rds                 - highly_sensitive    
  output/in70s/death/any/all/all/model2.rds                 - highly_sensitive    
  output/in70s/death/any/all/all/model3.rds                 - highly_sensitive    
  output/in70s/death/any/all/all/model4.rds                 - highly_sensitive    
  output/in70s/death/any/all/all/model_formula_vaxany1.rds  - highly_sensitive    
  output/in70s/death/any/all/all/model_vaxany1.rds          - highly_sensitive    
  output/in70s/death/any/all/all/weights_histogram.svg      - moderately_sensitive
  output/in70s/death/any/all/all/weights_table.txt          - moderately_sensitive