2021-04-17T21:45:32.366309400Z -- Attaching packages --------------------------------------- tidyverse 1.3.0 --
2021-04-17T21:45:32.375508800Z v ggplot2 3.3.2     v purrr   0.3.4
2021-04-17T21:45:32.375562600Z v tibble  3.0.3     v dplyr   1.0.2
2021-04-17T21:45:32.375571600Z v tidyr   1.1.2     v stringr 1.4.0
2021-04-17T21:45:32.375579000Z v readr   1.3.1     v forcats 0.5.0
2021-04-17T21:45:32.556500500Z -- Conflicts ------------------------------------------ tidyverse_conflicts() --
2021-04-17T21:45:32.556591000Z x dplyr::filter() masks stats::filter()
2021-04-17T21:45:32.556600000Z x dplyr::lag()    masks stats::lag()
2021-04-17T21:45:32.579559600Z 
2021-04-17T21:45:32.579653200Z Attaching package: 'glue'
2021-04-17T21:45:32.579662200Z 
2021-04-17T21:45:32.581180300Z The following object is masked from 'package:dplyr':
2021-04-17T21:45:32.581204500Z 
2021-04-17T21:45:32.581212300Z     collapse
2021-04-17T21:45:32.581219700Z 
2021-04-17T21:45:35.364254500Z 
2021-04-17T21:45:35.364369200Z Attaching package: 'lubridate'
2021-04-17T21:45:35.364378000Z 
2021-04-17T21:45:35.365076400Z The following objects are masked from 'package:base':
2021-04-17T21:45:35.365096900Z 
2021-04-17T21:45:35.365104700Z     date, intersect, setdiff, union
2021-04-17T21:45:35.365111600Z 
2021-04-17T21:45:35.856312600Z <environment: R_GlobalEnv>
2021-04-17T21:45:35.857436900Z <environment: R_GlobalEnv>
2021-04-17T21:46:09.424347500Z data_pt data size = 6935707 
2021-04-17T21:46:09.427052500Z   memory usage = 2.719 GB 
2021-04-17T21:46:10.120314600Z     
2021-04-17T21:46:10.120432600Z all   
2021-04-17T21:46:10.120442300Z   
2021-04-17T21:46:19.401113400Z   
2021-04-17T21:54:51.366783300Z vaxpfizer1  vaxpfizer1 data size = 3713855 
2021-04-17T21:55:04.118100100Z memory usage = 3.7 GB 
2021-04-17T21:55:04.118248900Z   
2021-04-17T21:59:28.806927800Z vaxpfizer1_fxd  vaxpfizer1_fxd data size = 3713855 
2021-04-17T21:59:35.623005100Z memory usage = 3.091 GB 
2021-04-17T22:02:47.730868100Z   
2021-04-17T22:05:03.991833600Z vaxaz1  vaxaz1 data size = 1362017 
2021-04-17T22:05:05.908997000Z memory usage = 1.358 GB 
2021-04-17T22:05:05.909093000Z   
2021-04-17T22:06:37.867653200Z vaxaz1_fxd  vaxaz1_fxd data size = 1362017 
2021-04-17T22:06:40.902786400Z memory usage = 1.135 GB 
2021-04-17T22:08:58.564018900Z   
2021-04-17T22:43:53.903482100Z death  death data size = 6935707 
2021-04-17T22:44:07.484417400Z memory usage = 6.937 GB 
2021-04-17T22:44:07.484483500Z   
2021-04-17T23:09:22.790571000Z death_fxd  death_fxd data size = 6935707 
2021-04-17T23:09:41.939330900Z memory usage = 5.772 GB 
2021-04-17T23:15:18.198681400Z Saving 7 x 7 in image
2021-04-17T23:15:21.794432000Z `stat_bin()` using `bins = 30`. Pick better value with `binwidth`.
2021-04-17T23:15:29.616307200Z   
2021-04-17T23:15:29.616751100Z data_weights data size = 6935707   
2021-04-17T23:15:29.617594600Z memory usage = 1.054 GB   
2021-04-17T23:15:50.743763700Z   
2021-04-17T23:15:50.743876600Z msmmod0 
2021-04-17T23:16:38.963869200Z MODEL INFO:
2021-04-17T23:16:38.963992800Z Observations: 6935707
2021-04-17T23:16:38.964002000Z Dependent Variable: 
2021-04-17T23:16:38.964101500Z Type: Generalized linear model
2021-04-17T23:16:38.964119600Z   Family: binomial 
2021-04-17T23:16:38.964127800Z   Link function: logit 
2021-04-17T23:16:38.964135300Z 
2021-04-17T23:16:38.967707300Z MODEL FIT:
2021-04-17T23:16:38.967817200Z <U+03C7><U+00B2>(6) = 437.296, p = 0.000
2021-04-17T23:16:38.967828400Z Pseudo-R<U+00B2> (Cragg-Uhler) = 
2021-04-17T23:16:38.967836600Z Pseudo-R<U+00B2> (McFadden) = 0.017
2021-04-17T23:16:38.967844500Z AIC = 25841.083, BIC = 25937.349 
2021-04-17T23:16:38.967852000Z 
2021-04-17T23:16:38.968396900Z Standard errors: MLE
2021-04-17T23:16:39.037200800Z ------------------------------------------------------------------
2021-04-17T23:16:39.037294600Z                                    Est.    S.E.     z val.       p
2021-04-17T23:16:39.037304000Z ------------------------------ -------- ------- ---------- -------
2021-04-17T23:16:39.037311800Z (Intercept)                      -8.123   0.030   -269.502   0.000
2021-04-17T23:16:39.037319400Z timesincevax_pw(0,3]             -1.912   0.335     -5.713   0.000
2021-04-17T23:16:39.037327200Z timesincevax_pw(3,7]             -1.400   0.226     -6.205   0.000
2021-04-17T23:16:39.037334700Z timesincevax_pw(7,14]            -1.658   0.195     -8.510   0.000
2021-04-17T23:16:39.037342500Z timesincevax_pw(14,21]           -1.395   0.172     -8.124   0.000
2021-04-17T23:16:39.037350100Z timesincevax_pw(21,28]           -1.270   0.163     -7.793   0.000
2021-04-17T23:16:39.037358100Z timesincevax_pw(28, Inf]         -0.973   0.088    -11.113   0.000
2021-04-17T23:16:39.037365900Z ------------------------------------------------------------------
2021-04-17T23:16:39.038158800Z msmmod0_par data size = 6935707 
2021-04-17T23:16:59.200108300Z memory usage = 4.023 GB 
2021-04-17T23:18:01.783421900Z   
2021-04-17T23:18:01.783497900Z msmmod1 
2021-04-17T23:19:16.532627500Z MODEL INFO:
2021-04-17T23:19:16.532706700Z Observations: 6935707
2021-04-17T23:19:16.532716000Z Dependent Variable: 
2021-04-17T23:19:16.532723200Z Type: Generalized linear model
2021-04-17T23:19:16.532730600Z   Family: binomial 
2021-04-17T23:19:16.532737900Z   Link function: logit 
2021-04-17T23:19:16.532744600Z 
2021-04-17T23:19:16.534649400Z MODEL FIT:
2021-04-17T23:19:16.534663500Z <U+03C7><U+00B2>(17) = 840.793, p = 0.000
2021-04-17T23:19:16.534671700Z Pseudo-R<U+00B2> (Cragg-Uhler) = 
2021-04-17T23:19:16.534678600Z Pseudo-R<U+00B2> (McFadden) = 0.032
2021-04-17T23:19:16.534685600Z AIC = 25459.586, BIC = 25707.126 
2021-04-17T23:19:16.534692400Z 
2021-04-17T23:19:16.534929900Z Standard errors: MLE
2021-04-17T23:19:16.601566800Z -------------------------------------------------------------------
2021-04-17T23:19:16.601585500Z                                      Est.    S.E.    z val.       p
2021-04-17T23:19:16.601593100Z ------------------------------- --------- ------- --------- -------
2021-04-17T23:19:16.601600200Z (Intercept)                       -16.154   7.367    -2.193   0.028
2021-04-17T23:19:16.601607000Z timesincevax_pw(0,3]               -1.846   0.335    -5.515   0.000
2021-04-17T23:19:16.601614100Z timesincevax_pw(3,7]               -1.334   0.226    -5.910   0.000
2021-04-17T23:19:16.601621000Z timesincevax_pw(7,14]              -1.592   0.195    -8.166   0.000
2021-04-17T23:19:16.601628000Z timesincevax_pw(14,21]             -1.328   0.172    -7.731   0.000
2021-04-17T23:19:16.601634900Z timesincevax_pw(21,28]             -1.203   0.163    -7.377   0.000
2021-04-17T23:19:16.601641900Z timesincevax_pw(28, Inf]           -0.914   0.088   -10.410   0.000
2021-04-17T23:19:16.601648700Z poly(age, degree = 2, raw =         0.081   0.167     0.483   0.629
2021-04-17T23:19:16.601655600Z TRUE)1                                                             
2021-04-17T23:19:16.601662400Z poly(age, degree = 2, raw =         0.000   0.001     0.165   0.869
2021-04-17T23:19:16.601669300Z TRUE)2                                                             
2021-04-17T23:19:16.601676100Z sexMale                             0.354   0.054     6.523   0.000
2021-04-17T23:19:16.601682900Z imd2                               -0.092   0.091    -1.010   0.312
2021-04-17T23:19:16.601689700Z imd3                               -0.277   0.089    -3.104   0.002
2021-04-17T23:19:16.601696500Z imd4                               -0.217   0.088    -2.481   0.013
2021-04-17T23:19:16.601703300Z imd5 least deprived                -0.378   0.091    -4.166   0.000
2021-04-17T23:19:16.601710100Z ethnicityBlack                     -0.647   0.319    -2.031   0.042
2021-04-17T23:19:16.601716900Z ethnicitySouth Asian               -0.177   0.170    -1.038   0.299
2021-04-17T23:19:16.601724000Z ethnicityMixed                      0.312   0.379     0.822   0.411
2021-04-17T23:19:16.601741100Z ethnicityOther                     -1.249   0.578    -2.161   0.031
2021-04-17T23:19:16.601749200Z -------------------------------------------------------------------
2021-04-17T23:19:16.602050100Z msmmod1_par data size = 6935707 
2021-04-17T23:19:28.376758100Z memory usage = 4.023 GB 
2021-04-17T23:20:29.333131000Z   
2021-04-17T23:20:29.333197000Z msmmod2 
2021-04-17T23:25:15.817419200Z MODEL INFO:
2021-04-17T23:25:15.817556400Z Observations: 6935707
2021-04-17T23:25:15.817566000Z Dependent Variable: 
2021-04-17T23:25:15.817573600Z Type: Generalized linear model
2021-04-17T23:25:15.817581100Z   Family: binomial 
2021-04-17T23:25:15.817588800Z   Link function: logit 
2021-04-17T23:25:15.817596200Z 
2021-04-17T23:25:15.819607500Z MODEL FIT:
2021-04-17T23:25:15.819678500Z <U+03C7><U+00B2>(40) = 1423.027, p = 0.000
2021-04-17T23:25:15.819688800Z Pseudo-R<U+00B2> (Cragg-Uhler) = 
2021-04-17T23:25:15.819696500Z Pseudo-R<U+00B2> (McFadden) = 0.054
2021-04-17T23:25:15.819704400Z AIC = 24923.353, BIC = 25487.193 
2021-04-17T23:25:15.819712500Z 
2021-04-17T23:25:15.819872300Z Standard errors: MLE
2021-04-17T23:25:15.984539100Z -------------------------------------------------------------------
2021-04-17T23:25:15.984651700Z                                       Est.    S.E.   z val.       p
2021-04-17T23:25:15.984665700Z --------------------------------- -------- ------- -------- -------
2021-04-17T23:25:15.984673700Z (Intercept)                         -8.616   7.407   -1.163   0.245
2021-04-17T23:25:15.984681400Z timesincevax_pw(0,3]                -1.786   0.335   -5.336   0.000
2021-04-17T23:25:15.984688900Z timesincevax_pw(3,7]                -1.274   0.226   -5.643   0.000
2021-04-17T23:25:15.984696600Z timesincevax_pw(7,14]               -1.531   0.195   -7.852   0.000
2021-04-17T23:25:15.984704300Z timesincevax_pw(14,21]              -1.267   0.172   -7.369   0.000
2021-04-17T23:25:15.984711900Z timesincevax_pw(21,28]              -1.140   0.163   -6.983   0.000
2021-04-17T23:25:15.984719300Z timesincevax_pw(28, Inf]            -0.854   0.088   -9.690   0.000
2021-04-17T23:25:15.984726900Z poly(age, degree = 2, raw =         -0.091   0.168   -0.544   0.586
2021-04-17T23:25:15.984734400Z TRUE)1                                                             
2021-04-17T23:25:15.984741900Z poly(age, degree = 2, raw =          0.001   0.001    1.137   0.255
2021-04-17T23:25:15.984749400Z TRUE)2                                                             
2021-04-17T23:25:15.984756900Z sexMale                              0.231   0.056    4.151   0.000
2021-04-17T23:25:15.984764700Z imd2                                -0.054   0.091   -0.590   0.555
2021-04-17T23:25:15.984825700Z imd3                                -0.221   0.090   -2.471   0.013
2021-04-17T23:25:15.984834000Z imd4                                -0.169   0.088   -1.917   0.055
2021-04-17T23:25:15.984841100Z imd5 least deprived                 -0.314   0.092   -3.427   0.001
2021-04-17T23:25:15.984848100Z ethnicityBlack                      -0.756   0.320   -2.360   0.018
2021-04-17T23:25:15.984855100Z ethnicitySouth Asian                -0.203   0.172   -1.185   0.236
2021-04-17T23:25:15.984862000Z ethnicityMixed                       0.294   0.380    0.775   0.438
2021-04-17T23:25:15.984869100Z ethnicityOther                      -1.203   0.578   -2.081   0.037
2021-04-17T23:25:15.984877300Z bmiObese I (30-34.9)                -0.414   0.098   -4.219   0.000
2021-04-17T23:25:15.984884800Z bmiObese II (35-39.9)               -0.458   0.189   -2.419   0.016
2021-04-17T23:25:15.984891800Z bmiObese III (40+)                  -0.095   0.281   -0.337   0.736
2021-04-17T23:25:15.984898800Z chronic_cardiac_disease              0.337   0.131    2.572   0.010
2021-04-17T23:25:15.984905900Z heart_failure                        0.444   0.095    4.673   0.000
2021-04-17T23:25:15.984912900Z other_heart_disease                 -0.098   0.113   -0.867   0.386
2021-04-17T23:25:15.984920000Z dialysis                             1.542   0.293    5.272   0.000
2021-04-17T23:25:15.984928600Z diabetes                             0.187   0.060    3.106   0.002
2021-04-17T23:25:15.984935800Z chronic_liver_disease                0.753   0.238    3.160   0.002
2021-04-17T23:25:15.984943000Z current_copd                         0.132   0.084    1.580   0.114
2021-04-17T23:25:15.984950200Z other_resp_conditions                0.688   0.091    7.593   0.000
2021-04-17T23:25:15.984957200Z lung_cancer                          1.271   0.159    7.992   0.000
2021-04-17T23:25:15.984964300Z haematological_cancer                0.673   0.143    4.718   0.000
2021-04-17T23:25:15.984971500Z cancer_excl_lung_and_haem            0.584   0.061    9.552   0.000
2021-04-17T23:25:15.984978600Z chemo_or_radio                       0.134   0.125    1.070   0.285
2021-04-17T23:25:15.984985800Z permanant_immunosuppression         -0.197   1.002   -0.196   0.845
2021-04-17T23:25:15.984992900Z asplenia                             0.683   0.381    1.794   0.073
2021-04-17T23:25:15.985000200Z dmards                               0.148   0.146    1.012   0.312
2021-04-17T23:25:15.985007300Z dementia                             0.878   0.068   12.870   0.000
2021-04-17T23:25:15.985014300Z other_neuro_conditions               0.296   0.152    1.942   0.052
2021-04-17T23:25:15.985021300Z LD_incl_DS_and_CP                    0.052   1.003    0.052   0.959
2021-04-17T23:25:15.985028300Z psychosis_schiz_bipolar             -0.196   0.335   -0.586   0.558
2021-04-17T23:25:15.985035300Z flu_vaccine                         -0.191   0.080   -2.376   0.018
2021-04-17T23:25:15.985052400Z -------------------------------------------------------------------
2021-04-17T23:25:15.985062600Z msmmod2_par data size = 6935707 
2021-04-17T23:25:32.296169600Z memory usage = 4.023 GB 
2021-04-17T23:26:37.471354500Z   
2021-04-17T23:26:37.471463700Z msmmod3 
2021-04-17T23:41:08.382704300Z MODEL INFO:
2021-04-17T23:41:08.382815300Z Observations: 6935707
2021-04-17T23:41:08.382825300Z Dependent Variable: 
2021-04-17T23:41:08.382833300Z Type: Generalized linear model
2021-04-17T23:41:08.382840800Z   Family: binomial 
2021-04-17T23:41:08.382848500Z   Link function: logit 
2021-04-17T23:41:08.382856000Z 
2021-04-17T23:41:08.384709200Z MODEL FIT:
2021-04-17T23:41:08.384814800Z <U+03C7><U+00B2>(84) = 1710.938, p = 0.000
2021-04-17T23:41:08.384825600Z Pseudo-R<U+00B2> (Cragg-Uhler) = 
2021-04-17T23:41:08.384833600Z Pseudo-R<U+00B2> (McFadden) = 0.065
2021-04-17T23:41:08.384841400Z AIC = 24723.441, BIC = 25892.378 
2021-04-17T23:41:08.384849000Z 
2021-04-17T23:41:08.384856500Z Standard errors: MLE
2021-04-17T23:41:08.669789300Z ---------------------------------------------------------------------
2021-04-17T23:41:08.669889800Z                                        Est.    S.E.    z val.       p
2021-04-17T23:41:08.669899600Z --------------------------------- --------- ------- --------- -------
2021-04-17T23:41:08.669907600Z (Intercept)                         -10.636   7.437    -1.430   0.153
2021-04-17T23:41:08.669915400Z timesincevax_pw(0,3]                 -1.974   0.335    -5.887   0.000
2021-04-17T23:41:08.669923300Z timesincevax_pw(3,7]                 -1.581   0.227    -6.957   0.000
2021-04-17T23:41:08.669930900Z timesincevax_pw(7,14]                -2.015   0.198   -10.168   0.000
2021-04-17T23:41:08.669938600Z timesincevax_pw(14,21]               -1.929   0.177   -10.868   0.000
2021-04-17T23:41:08.669946100Z timesincevax_pw(21,28]               -1.912   0.171   -11.189   0.000
2021-04-17T23:41:08.669953800Z timesincevax_pw(28, Inf]             -1.775   0.111   -15.994   0.000
2021-04-17T23:41:08.669961400Z poly(age, degree = 2, raw =          -0.057   0.169    -0.340   0.734
2021-04-17T23:41:08.669968900Z TRUE)1                                                               
2021-04-17T23:41:08.669976400Z poly(age, degree = 2, raw =           0.001   0.001     0.902   0.367
2021-04-17T23:41:08.669984000Z TRUE)2                                                               
2021-04-17T23:41:08.669991600Z sexMale                               0.249   0.056     4.461   0.000
2021-04-17T23:41:08.669999100Z imd2                                 -0.004   0.093    -0.039   0.969
2021-04-17T23:41:08.670006700Z imd3                                 -0.158   0.092    -1.714   0.087
2021-04-17T23:41:08.670050700Z imd4                                 -0.098   0.091    -1.083   0.279
2021-04-17T23:41:08.670059200Z imd5 least deprived                  -0.238   0.094    -2.531   0.011
2021-04-17T23:41:08.670066400Z ethnicityBlack                       -0.778   0.324    -2.398   0.016
2021-04-17T23:41:08.670073400Z ethnicitySouth Asian                 -0.202   0.175    -1.151   0.250
2021-04-17T23:41:08.670080500Z ethnicityMixed                        0.298   0.381     0.783   0.434
2021-04-17T23:41:08.670087700Z ethnicityOther                       -1.168   0.580    -2.015   0.044
2021-04-17T23:41:08.670095000Z bmiObese I (30-34.9)                 -0.417   0.098    -4.249   0.000
2021-04-17T23:41:08.670102100Z bmiObese II (35-39.9)                -0.480   0.189    -2.533   0.011
2021-04-17T23:41:08.670109200Z bmiObese III (40+)                   -0.148   0.281    -0.527   0.598
2021-04-17T23:41:08.670116400Z chronic_cardiac_disease               0.338   0.131     2.582   0.010
2021-04-17T23:41:08.670124200Z heart_failure                         0.430   0.095     4.523   0.000
2021-04-17T23:41:08.670131600Z other_heart_disease                  -0.108   0.113    -0.957   0.339
2021-04-17T23:41:08.670140600Z dialysis                              1.518   0.293     5.179   0.000
2021-04-17T23:41:08.670147900Z diabetes                              0.198   0.060     3.283   0.001
2021-04-17T23:41:08.670155100Z chronic_liver_disease                 0.750   0.239     3.144   0.002
2021-04-17T23:41:08.670162100Z current_copd                          0.114   0.084     1.362   0.173
2021-04-17T23:41:08.670169200Z other_resp_conditions                 0.679   0.091     7.477   0.000
2021-04-17T23:41:08.670177800Z lung_cancer                           1.253   0.159     7.866   0.000
2021-04-17T23:41:08.670186100Z haematological_cancer                 0.659   0.143     4.623   0.000
2021-04-17T23:41:08.670193200Z cancer_excl_lung_and_haem             0.593   0.061     9.679   0.000
2021-04-17T23:41:08.670200200Z chemo_or_radio                        0.143   0.125     1.145   0.252
2021-04-17T23:41:08.670207300Z permanant_immunosuppression          -0.194   1.003    -0.193   0.847
2021-04-17T23:41:08.670214300Z asplenia                              0.665   0.381     1.745   0.081
2021-04-17T23:41:08.670222200Z dmards                                0.142   0.147     0.969   0.332
2021-04-17T23:41:08.670229600Z dementia                              0.840   0.068    12.302   0.000
2021-04-17T23:41:08.670236700Z other_neuro_conditions                0.268   0.152     1.758   0.079
2021-04-17T23:41:08.670243900Z LD_incl_DS_and_CP                    -0.060   1.002    -0.060   0.952
2021-04-17T23:41:08.670250900Z psychosis_schiz_bipolar              -0.227   0.335    -0.676   0.499
2021-04-17T23:41:08.670258000Z flu_vaccine                          -0.054   0.081    -0.668   0.504
2021-04-17T23:41:08.670279600Z ns(tstop, df = 4)1                    0.072   0.276     0.260   0.795
2021-04-17T23:41:08.670287800Z ns(tstop, df = 4)2                    2.042   0.279     7.312   0.000
2021-04-17T23:41:08.670295000Z ns(tstop, df = 4)3                    2.018   0.566     3.563   0.000
2021-04-17T23:41:08.670302300Z ns(tstop, df = 4)4                    1.015   0.300     3.379   0.001
2021-04-17T23:41:08.670309400Z regionEast Midlands                   0.267   0.325     0.821   0.412
2021-04-17T23:41:08.670316600Z regionLondon                         -0.399   0.736    -0.542   0.588
2021-04-17T23:41:08.670323700Z regionNorth East                      0.073   0.529     0.137   0.891
2021-04-17T23:41:08.670330900Z regionNorth West                     -0.698   0.501    -1.393   0.164
2021-04-17T23:41:08.670337900Z regionSouth East                      0.161   0.460     0.349   0.727
2021-04-17T23:41:08.670345200Z regionSouth West                      0.429   0.321     1.339   0.181
2021-04-17T23:41:08.670352300Z regionWest Midlands                  -0.310   0.711    -0.436   0.663
2021-04-17T23:41:08.670359500Z regionYorkshire and The               0.007   0.371     0.020   0.984
2021-04-17T23:41:08.670367200Z Humber                                                               
2021-04-17T23:41:08.670374800Z ns(tstop, df =                       -0.008   0.413    -0.020   0.984
2021-04-17T23:41:08.670382000Z 4)1:regionEast Midlands                                              
2021-04-17T23:41:08.670389200Z ns(tstop, df =                       -0.796   0.431    -1.847   0.065
2021-04-17T23:41:08.670396300Z 4)2:regionEast Midlands                                              
2021-04-17T23:41:08.670403500Z ns(tstop, df =                       -0.758   0.830    -0.914   0.361
2021-04-17T23:41:08.670410600Z 4)3:regionEast Midlands                                              
2021-04-17T23:41:08.670417900Z ns(tstop, df =                       -0.037   0.445    -0.083   0.934
2021-04-17T23:41:08.670425000Z 4)4:regionEast Midlands                                              
2021-04-17T23:41:08.670432200Z ns(tstop, df =                        1.220   0.855     1.426   0.154
2021-04-17T23:41:08.670439300Z 4)1:regionLondon                                                     
2021-04-17T23:41:08.670446600Z ns(tstop, df =                       -1.799   0.988    -1.820   0.069
2021-04-17T23:41:08.670453600Z 4)2:regionLondon                                                     
2021-04-17T23:41:08.670461500Z ns(tstop, df =                       -0.544   1.832    -0.297   0.766
2021-04-17T23:41:08.670469100Z 4)3:regionLondon                                                     
2021-04-17T23:41:08.670476700Z ns(tstop, df =                        0.770   0.789     0.975   0.329
2021-04-17T23:41:08.670484300Z 4)4:regionLondon                                                     
2021-04-17T23:41:08.670491400Z ns(tstop, df =                        0.553   0.636     0.870   0.384
2021-04-17T23:41:08.670507700Z 4)1:regionNorth East                                                 
2021-04-17T23:41:08.670516000Z ns(tstop, df =                       -0.212   0.626    -0.338   0.735
2021-04-17T23:41:08.670523200Z 4)2:regionNorth East                                                 
2021-04-17T23:41:08.670530400Z ns(tstop, df =                        0.062   1.322     0.047   0.963
2021-04-17T23:41:08.670537400Z 4)3:regionNorth East                                                 
2021-04-17T23:41:08.670544800Z ns(tstop, df =                        0.431   0.634     0.680   0.496
2021-04-17T23:41:08.670551900Z 4)4:regionNorth East                                                 
2021-04-17T23:41:08.670559200Z ns(tstop, df =                        0.812   0.565     1.437   0.151
2021-04-17T23:41:08.670566700Z 4)1:regionNorth West                                                 
2021-04-17T23:41:08.670574000Z ns(tstop, df =                        0.473   0.550     0.860   0.390
2021-04-17T23:41:08.670581100Z 4)2:regionNorth West                                                 
2021-04-17T23:41:08.670589700Z ns(tstop, df =                        1.913   1.206     1.586   0.113
2021-04-17T23:41:08.670597000Z 4)3:regionNorth West                                                 
2021-04-17T23:41:08.670604400Z ns(tstop, df =                        0.475   0.513     0.926   0.355
2021-04-17T23:41:08.670612000Z 4)4:regionNorth West                                                 
2021-04-17T23:41:08.670619200Z ns(tstop, df =                        0.661   0.578     1.144   0.253
2021-04-17T23:41:08.670626700Z 4)1:regionSouth East                                                 
2021-04-17T23:41:08.670634100Z ns(tstop, df =                       -1.000   0.618    -1.618   0.106
2021-04-17T23:41:08.670641600Z 4)2:regionSouth East                                                 
2021-04-17T23:41:08.670649100Z ns(tstop, df =                       -1.498   1.197    -1.252   0.211
2021-04-17T23:41:08.670656400Z 4)3:regionSouth East                                                 
2021-04-17T23:41:08.670663700Z ns(tstop, df =                        0.709   0.615     1.152   0.249
2021-04-17T23:41:08.670671300Z 4)4:regionSouth East                                                 
2021-04-17T23:41:08.670678800Z ns(tstop, df =                        0.567   0.402     1.411   0.158
2021-04-17T23:41:08.670686100Z 4)1:regionSouth West                                                 
2021-04-17T23:41:08.670693600Z ns(tstop, df =                       -0.886   0.421    -2.106   0.035
2021-04-17T23:41:08.670701100Z 4)2:regionSouth West                                                 
2021-04-17T23:41:08.670708500Z ns(tstop, df =                       -1.251   0.824    -1.517   0.129
2021-04-17T23:41:08.670715700Z 4)3:regionSouth West                                                 
2021-04-17T23:41:08.670722900Z ns(tstop, df =                        0.678   0.426     1.591   0.112
2021-04-17T23:41:08.670739900Z 4)4:regionSouth West                                                 
2021-04-17T23:41:08.670747900Z ns(tstop, df =                        1.849   0.786     2.353   0.019
2021-04-17T23:41:08.670755300Z 4)1:regionWest Midlands                                              
2021-04-17T23:41:08.670762800Z ns(tstop, df =                       -0.882   0.857    -1.029   0.304
2021-04-17T23:41:08.670770000Z 4)2:regionWest Midlands                                              
2021-04-17T23:41:08.670777300Z ns(tstop, df =                       -0.852   1.755    -0.486   0.627
2021-04-17T23:41:08.670784600Z 4)3:regionWest Midlands                                              
2021-04-17T23:41:08.670791900Z ns(tstop, df =                        0.050   0.941     0.053   0.958
2021-04-17T23:41:08.670799000Z 4)4:regionWest Midlands                                              
2021-04-17T23:41:08.670806300Z ns(tstop, df =                        0.629   0.452     1.391   0.164
2021-04-17T23:41:08.670813400Z 4)1:regionYorkshire and The                                          
2021-04-17T23:41:08.670821500Z Humber                                                               
2021-04-17T23:41:08.670828900Z ns(tstop, df =                       -0.590   0.476    -1.238   0.216
2021-04-17T23:41:08.670836200Z 4)2:regionYorkshire and The                                          
2021-04-17T23:41:08.670843300Z Humber                                                               
2021-04-17T23:41:08.670850500Z ns(tstop, df =                       -0.067   0.934    -0.072   0.943
2021-04-17T23:41:08.670857900Z 4)3:regionYorkshire and The                                          
2021-04-17T23:41:08.670865500Z Humber                                                               
2021-04-17T23:41:08.670872800Z ns(tstop, df =                        0.045   0.484     0.094   0.925
2021-04-17T23:41:08.670880100Z 4)4:regionYorkshire and The                                          
2021-04-17T23:41:08.670887200Z Humber                                                               
2021-04-17T23:41:08.670894400Z ---------------------------------------------------------------------
2021-04-17T23:41:08.671085600Z msmmod3_par data size = 6935707 
2021-04-17T23:41:23.750966000Z memory usage = 4.024 GB 
2021-04-17T23:42:51.875437600Z   
2021-04-17T23:42:51.875505900Z msmmod4 
2021-04-17T23:56:31.592298200Z MODEL INFO:
2021-04-17T23:56:31.592413600Z Observations: 6935707
2021-04-17T23:56:31.592424500Z Dependent Variable: 
2021-04-17T23:56:31.592432600Z Type: Generalized linear model
2021-04-17T23:56:31.592440000Z   Family: binomial 
2021-04-17T23:56:31.592447600Z   Link function: logit 
2021-04-17T23:56:31.592455400Z 
2021-04-17T23:56:31.594095800Z MODEL FIT:
2021-04-17T23:56:31.594199200Z <U+03C7><U+00B2>(84) = 1583.661, p = 0.000
2021-04-17T23:56:31.594208600Z Pseudo-R<U+00B2> (Cragg-Uhler) = 
2021-04-17T23:56:31.594215700Z Pseudo-R<U+00B2> (McFadden) = 0.063
2021-04-17T23:56:31.594222800Z AIC = 24558.389, BIC = 25727.325 
2021-04-17T23:56:31.594229800Z 
2021-04-17T23:56:31.594369300Z Standard errors: MLE
2021-04-17T23:56:31.851242600Z ---------------------------------------------------------------------
2021-04-17T23:56:31.851350000Z                                        Est.    S.E.    z val.       p
2021-04-17T23:56:31.851359300Z --------------------------------- --------- ------- --------- -------
2021-04-17T23:56:31.851366700Z (Intercept)                         -11.083   7.496    -1.478   0.139
2021-04-17T23:56:31.851374000Z timesincevax_pw(0,3]                 -1.831   0.322    -5.685   0.000
2021-04-17T23:56:31.851381800Z timesincevax_pw(3,7]                 -1.549   0.232    -6.673   0.000
2021-04-17T23:56:31.851389400Z timesincevax_pw(7,14]                -1.854   0.192    -9.634   0.000
2021-04-17T23:56:31.851397400Z timesincevax_pw(14,21]               -1.822   0.179   -10.163   0.000
2021-04-17T23:56:31.851404600Z timesincevax_pw(21,28]               -1.701   0.166   -10.245   0.000
2021-04-17T23:56:31.851412000Z timesincevax_pw(28, Inf]             -1.557   0.111   -14.077   0.000
2021-04-17T23:56:31.851419000Z poly(age, degree = 2, raw =          -0.050   0.170    -0.292   0.770
2021-04-17T23:56:31.851426100Z TRUE)1                                                               
2021-04-17T23:56:31.851433400Z poly(age, degree = 2, raw =           0.001   0.001     0.873   0.383
2021-04-17T23:56:31.851440700Z TRUE)2                                                               
2021-04-17T23:56:31.851447900Z sexMale                               0.225   0.056     3.984   0.000
2021-04-17T23:56:31.851454900Z imd2                                 -0.034   0.094    -0.365   0.715
2021-04-17T23:56:31.851461800Z imd3                                 -0.175   0.093    -1.881   0.060
2021-04-17T23:56:31.851469300Z imd4                                 -0.114   0.092    -1.245   0.213
2021-04-17T23:56:31.851476700Z imd5 least deprived                  -0.250   0.095    -2.634   0.008
2021-04-17T23:56:31.851484300Z ethnicityBlack                       -0.556   0.304    -1.832   0.067
2021-04-17T23:56:31.851491400Z ethnicitySouth Asian                 -0.155   0.176    -0.879   0.380
2021-04-17T23:56:31.851498600Z ethnicityMixed                        0.327   0.388     0.842   0.400
2021-04-17T23:56:31.851505800Z ethnicityOther                       -1.143   0.587    -1.946   0.052
2021-04-17T23:56:31.851513000Z bmiObese I (30-34.9)                 -0.418   0.100    -4.205   0.000
2021-04-17T23:56:31.851520000Z bmiObese II (35-39.9)                -0.457   0.191    -2.397   0.017
2021-04-17T23:56:31.851571200Z bmiObese III (40+)                   -0.204   0.294    -0.694   0.487
2021-04-17T23:56:31.851579500Z chronic_cardiac_disease               0.357   0.133     2.688   0.007
2021-04-17T23:56:31.851586500Z heart_failure                         0.415   0.097     4.302   0.000
2021-04-17T23:56:31.851593500Z other_heart_disease                  -0.122   0.115    -1.065   0.287
2021-04-17T23:56:31.851601800Z dialysis                              1.509   0.302     4.991   0.000
2021-04-17T23:56:31.851609000Z diabetes                              0.202   0.061     3.299   0.001
2021-04-17T23:56:31.851616200Z chronic_liver_disease                 0.723   0.247     2.931   0.003
2021-04-17T23:56:31.851623100Z current_copd                          0.167   0.084     1.984   0.047
2021-04-17T23:56:31.851630200Z other_resp_conditions                 0.628   0.092     6.791   0.000
2021-04-17T23:56:31.851637000Z lung_cancer                           1.302   0.159     8.202   0.000
2021-04-17T23:56:31.851644100Z haematological_cancer                 0.655   0.146     4.494   0.000
2021-04-17T23:56:31.851651200Z cancer_excl_lung_and_haem             0.582   0.062     9.376   0.000
2021-04-17T23:56:31.851658200Z chemo_or_radio                        0.103   0.128     0.804   0.421
2021-04-17T23:56:31.851665100Z permanant_immunosuppression          -0.159   1.007    -0.158   0.875
2021-04-17T23:56:31.851672300Z asplenia                              0.712   0.385     1.851   0.064
2021-04-17T23:56:31.851679300Z dmards                                0.158   0.148     1.073   0.283
2021-04-17T23:56:31.851686500Z dementia                              0.856   0.069    12.447   0.000
2021-04-17T23:56:31.851693400Z other_neuro_conditions                0.278   0.155     1.801   0.072
2021-04-17T23:56:31.851700800Z LD_incl_DS_and_CP                     0.019   1.002     0.019   0.985
2021-04-17T23:56:31.851707900Z psychosis_schiz_bipolar              -0.208   0.338    -0.616   0.538
2021-04-17T23:56:31.851714800Z flu_vaccine                          -0.087   0.082    -1.058   0.290
2021-04-17T23:56:31.851721800Z ns(tstop, df = 4)1                    0.049   0.278     0.177   0.860
2021-04-17T23:56:31.851728800Z ns(tstop, df = 4)2                    1.911   0.281     6.788   0.000
2021-04-17T23:56:31.851735700Z ns(tstop, df = 4)3                    1.887   0.568     3.321   0.001
2021-04-17T23:56:31.851742600Z ns(tstop, df = 4)4                    0.915   0.299     3.063   0.002
2021-04-17T23:56:31.851749400Z regionEast Midlands                   0.260   0.326     0.798   0.425
2021-04-17T23:56:31.851756500Z regionLondon                         -0.405   0.735    -0.551   0.582
2021-04-17T23:56:31.851763600Z regionNorth East                      0.097   0.527     0.183   0.854
2021-04-17T23:56:31.851770700Z regionNorth West                     -0.665   0.499    -1.331   0.183
2021-04-17T23:56:31.851777500Z regionSouth East                      0.189   0.459     0.412   0.680
2021-04-17T23:56:31.851792700Z regionSouth West                      0.422   0.322     1.313   0.189
2021-04-17T23:56:31.851800500Z regionWest Midlands                  -0.313   0.710    -0.440   0.660
2021-04-17T23:56:31.851807700Z regionYorkshire and The              -0.002   0.372    -0.004   0.997
2021-04-17T23:56:31.851815400Z Humber                                                               
2021-04-17T23:56:31.851822600Z ns(tstop, df =                       -0.003   0.417    -0.008   0.994
2021-04-17T23:56:31.851829700Z 4)1:regionEast Midlands                                              
2021-04-17T23:56:31.851836800Z ns(tstop, df =                       -0.909   0.440    -2.065   0.039
2021-04-17T23:56:31.851843900Z 4)2:regionEast Midlands                                              
2021-04-17T23:56:31.851850800Z ns(tstop, df =                       -0.783   0.833    -0.940   0.347
2021-04-17T23:56:31.851857900Z 4)3:regionEast Midlands                                              
2021-04-17T23:56:31.851865000Z ns(tstop, df =                       -0.080   0.445    -0.180   0.857
2021-04-17T23:56:31.851872100Z 4)4:regionEast Midlands                                              
2021-04-17T23:56:31.851878900Z ns(tstop, df =                        1.281   0.862     1.487   0.137
2021-04-17T23:56:31.851885900Z 4)1:regionLondon                                                     
2021-04-17T23:56:31.851892900Z ns(tstop, df =                       -2.046   1.035    -1.977   0.048
2021-04-17T23:56:31.851899900Z 4)2:regionLondon                                                     
2021-04-17T23:56:31.851906800Z ns(tstop, df =                       -0.703   1.840    -0.382   0.702
2021-04-17T23:56:31.851913700Z 4)3:regionLondon                                                     
2021-04-17T23:56:31.851920600Z ns(tstop, df =                        0.745   0.806     0.924   0.355
2021-04-17T23:56:31.851927600Z 4)4:regionLondon                                                     
2021-04-17T23:56:31.851934500Z ns(tstop, df =                        0.679   0.635     1.069   0.285
2021-04-17T23:56:31.851941400Z 4)1:regionNorth East                                                 
2021-04-17T23:56:31.851948300Z ns(tstop, df =                       -0.389   0.643    -0.605   0.545
2021-04-17T23:56:31.851955200Z 4)2:regionNorth East                                                 
2021-04-17T23:56:31.851962100Z ns(tstop, df =                       -0.156   1.322    -0.118   0.906
2021-04-17T23:56:31.851969200Z 4)3:regionNorth East                                                 
2021-04-17T23:56:31.851976300Z ns(tstop, df =                        0.357   0.648     0.551   0.581
2021-04-17T23:56:31.851983400Z 4)4:regionNorth East                                                 
2021-04-17T23:56:31.851990300Z ns(tstop, df =                        0.801   0.567     1.412   0.158
2021-04-17T23:56:31.851997300Z 4)1:regionNorth West                                                 
2021-04-17T23:56:31.852010900Z ns(tstop, df =                        0.423   0.559     0.756   0.449
2021-04-17T23:56:31.852018600Z 4)2:regionNorth West                                                 
2021-04-17T23:56:31.852026300Z ns(tstop, df =                        1.680   1.206     1.392   0.164
2021-04-17T23:56:31.852033600Z 4)3:regionNorth West                                                 
2021-04-17T23:56:31.852040800Z ns(tstop, df =                        0.310   0.526     0.590   0.555
2021-04-17T23:56:31.852047700Z 4)4:regionNorth West                                                 
2021-04-17T23:56:31.852054900Z ns(tstop, df =                        0.722   0.580     1.245   0.213
2021-04-17T23:56:31.852061800Z 4)1:regionSouth East                                                 
2021-04-17T23:56:31.852068900Z ns(tstop, df =                       -1.056   0.631    -1.672   0.095
2021-04-17T23:56:31.852075800Z 4)2:regionSouth East                                                 
2021-04-17T23:56:31.852082900Z ns(tstop, df =                       -1.721   1.200    -1.435   0.151
2021-04-17T23:56:31.852089800Z 4)3:regionSouth East                                                 
2021-04-17T23:56:31.852097200Z ns(tstop, df =                        0.582   0.634     0.917   0.359
2021-04-17T23:56:31.852104200Z 4)4:regionSouth East                                                 
2021-04-17T23:56:31.852111200Z ns(tstop, df =                        0.529   0.405     1.307   0.191
2021-04-17T23:56:31.852118500Z 4)1:regionSouth West                                                 
2021-04-17T23:56:31.852125400Z ns(tstop, df =                       -0.863   0.421    -2.051   0.040
2021-04-17T23:56:31.852132500Z 4)2:regionSouth West                                                 
2021-04-17T23:56:31.852139300Z ns(tstop, df =                       -1.173   0.826    -1.419   0.156
2021-04-17T23:56:31.852146300Z 4)3:regionSouth West                                                 
2021-04-17T23:56:31.852153300Z ns(tstop, df =                        0.708   0.417     1.698   0.089
2021-04-17T23:56:31.852160400Z 4)4:regionSouth West                                                 
2021-04-17T23:56:31.852167200Z ns(tstop, df =                        1.829   0.787     2.323   0.020
2021-04-17T23:56:31.852174200Z 4)1:regionWest Midlands                                              
2021-04-17T23:56:31.852181200Z ns(tstop, df =                       -0.835   0.859    -0.973   0.331
2021-04-17T23:56:31.852188200Z 4)2:regionWest Midlands                                              
2021-04-17T23:56:31.852195000Z ns(tstop, df =                       -0.851   1.754    -0.485   0.627
2021-04-17T23:56:31.852202100Z 4)3:regionWest Midlands                                              
2021-04-17T23:56:31.852212600Z ns(tstop, df =                        0.093   0.934     0.099   0.921
2021-04-17T23:56:31.852226400Z 4)4:regionWest Midlands                                              
2021-04-17T23:56:31.852234000Z ns(tstop, df =                        0.566   0.457     1.237   0.216
2021-04-17T23:56:31.852241100Z 4)1:regionYorkshire and The                                          
2021-04-17T23:56:31.852248800Z Humber                                                               
2021-04-17T23:56:31.852255900Z ns(tstop, df =                       -0.589   0.485    -1.215   0.224
2021-04-17T23:56:31.852262800Z 4)2:regionYorkshire and The                                          
2021-04-17T23:56:31.852269600Z Humber                                                               
2021-04-17T23:56:31.852276600Z ns(tstop, df =                       -0.127   0.939    -0.135   0.893
2021-04-17T23:56:31.852283500Z 4)3:regionYorkshire and The                                          
2021-04-17T23:56:31.852290500Z Humber                                                               
2021-04-17T23:56:31.852297500Z ns(tstop, df =                       -0.110   0.493    -0.222   0.824
2021-04-17T23:56:31.852304700Z 4)4:regionYorkshire and The                                          
2021-04-17T23:56:31.852311900Z Humber                                                               
2021-04-17T23:56:31.852318900Z ---------------------------------------------------------------------
2021-04-17T23:56:31.852325900Z msmmod4_par data size = 6935707 
2021-04-17T23:56:45.296855400Z memory usage = 4.024 GB 
2021-04-17T23:58:07.078099500Z NULL
2021-04-17T23:58:07.078177000Z   
2021-04-17T23:58:11.493936700Z              used   (Mb) gc trigger    (Mb)   max used   (Mb)
2021-04-17T23:58:11.494058800Z Ncells    2339987  125.0   11264934   601.7    2339987  125.0
2021-04-17T23:58:11.494073100Z Vcells 1111193087 8477.8 2867567260 21877.9 1111193087 8477.8
2021-04-17T23:58:11.493972000Z Warning message:
2021-04-17T23:58:11.494120400Z Removed 2576 rows containing non-finite values (stat_bin). 


state: succeeded
commit: cc87fd96febd7e5e8733f46ab1117e4d3c1fb820
docker_image_id: sha256:c2fc5042bf86134947d83ad8e70bd926e2c1f91a263c6bfe87438ad783bec981
exit_code: 0
job_id: nbayb7nh45kxhf4u
run_by_user: wjchulme
created_at: 2021-04-17T21:43:51Z
started_at: 2021-04-17T21:45:29Z
completed_at: 2021-04-17T23:58:29Z

Completed successfully

outputs:
  output/over80s/noncoviddeath/pfizer/all/all/data_atrisk_death.rds         - highly_sensitive    
  output/over80s/noncoviddeath/pfizer/all/all/data_atrisk_vaxaz1.rds        - highly_sensitive    
  output/over80s/noncoviddeath/pfizer/all/all/data_atrisk_vaxpfizer1.rds    - highly_sensitive    
  output/over80s/noncoviddeath/pfizer/all/all/data_weights.rds              - highly_sensitive    
  output/over80s/noncoviddeath/pfizer/all/all/model0.rds                    - highly_sensitive    
  output/over80s/noncoviddeath/pfizer/all/all/model1.rds                    - highly_sensitive    
  output/over80s/noncoviddeath/pfizer/all/all/model2.rds                    - highly_sensitive    
  output/over80s/noncoviddeath/pfizer/all/all/model3.rds                    - highly_sensitive    
  output/over80s/noncoviddeath/pfizer/all/all/model4.rds                    - highly_sensitive    
  output/over80s/noncoviddeath/pfizer/all/all/model_death.rds               - highly_sensitive    
  output/over80s/noncoviddeath/pfizer/all/all/model_formula_death.rds       - highly_sensitive    
  output/over80s/noncoviddeath/pfizer/all/all/model_formula_vaxaz1.rds      - highly_sensitive    
  output/over80s/noncoviddeath/pfizer/all/all/model_formula_vaxpfizer1.rds  - highly_sensitive    
  output/over80s/noncoviddeath/pfizer/all/all/model_vaxaz1.rds              - highly_sensitive    
  output/over80s/noncoviddeath/pfizer/all/all/model_vaxpfizer1.rds          - highly_sensitive    
  output/over80s/noncoviddeath/pfizer/all/all/weights_histogram.svg         - moderately_sensitive
  output/over80s/noncoviddeath/pfizer/all/all/weights_table.txt             - moderately_sensitive