2021-04-07T10:09:53.743746400Z -- Attaching packages --------------------------------------- tidyverse 1.3.0 --
2021-04-07T10:09:53.752550400Z v ggplot2 3.3.2     v purrr   0.3.4
2021-04-07T10:09:53.752575100Z v tibble  3.0.3     v dplyr   1.0.2
2021-04-07T10:09:53.752587500Z v tidyr   1.1.2     v stringr 1.4.0
2021-04-07T10:09:53.752595200Z v readr   1.3.1     v forcats 0.5.0
2021-04-07T10:09:53.924951900Z -- Conflicts ------------------------------------------ tidyverse_conflicts() --
2021-04-07T10:09:53.925012000Z x dplyr::filter() masks stats::filter()
2021-04-07T10:09:53.925020600Z x dplyr::lag()    masks stats::lag()
2021-04-07T10:09:55.929309300Z 
2021-04-07T10:09:55.929367200Z Attaching package: 'lubridate'
2021-04-07T10:09:55.929376000Z 
2021-04-07T10:09:55.930671900Z The following objects are masked from 'package:base':
2021-04-07T10:09:55.930693500Z 
2021-04-07T10:09:55.930701800Z     date, intersect, setdiff, union
2021-04-07T10:09:55.930709100Z 
2021-04-07T10:09:56.255710400Z <environment: R_GlobalEnv>
2021-04-07T10:09:56.255859000Z <environment: R_GlobalEnv>
2021-04-07T10:09:59.251690100Z data_cox data size = 100000 
2021-04-07T10:09:59.253619200Z   memory usage = 0.046 GB 
2021-04-07T10:09:59.352190400Z     
2021-04-07T10:09:59.352242600Z all   
2021-04-07T10:09:59.352250200Z   
2021-04-07T10:09:59.839967700Z   
2021-04-07T10:09:59.840056900Z coxmod0 
2021-04-07T10:11:23.527445600Z coxmod0 data size = 100000 
2021-04-07T10:11:25.740392700Z memory usage = 0.586 GB 
2021-04-07T10:12:19.036887000Z   
2021-04-07T10:12:19.036950900Z coxmod1 
2021-04-07T10:16:02.349502000Z coxmod1 data size = 100000 
2021-04-07T10:16:03.390406500Z memory usage = 0.586 GB 
2021-04-07T10:18:25.352175400Z   
2021-04-07T10:18:25.352233000Z coxmod2 
2021-04-07T10:25:46.092202100Z coxmod2 data size = 100000 
2021-04-07T10:25:47.133485700Z memory usage = 0.586 GB 
2021-04-07T10:29:25.281709400Z NULL
2021-04-07T10:29:25.281780100Z   
2021-04-07T10:29:30.636165300Z            used  (Mb) gc trigger    (Mb) max used  (Mb)
2021-04-07T10:29:30.636217800Z Ncells  2166267 115.7   23217312  1240.0  2166267 115.7
2021-04-07T10:29:30.636226800Z Vcells 28500855 217.5 1310984947 10002.1 28500855 217.5


state: succeeded
commit: 657dee090fcfc8b1ce6c787d6c21abf728c310bd
docker_image_id: sha256:876a994cdafb8d3fb4b710249fd7716a31efd3ea26cb3faf7aa2187853c6c624
exit_code: 0
job_id: puvjmetsjknv5wdf
run_by_user: wjchulme
created_at: 2021-04-07T10:09:14Z
started_at: 2021-04-07T10:09:51Z
completed_at: 2021-04-07T11:10:27Z

Completed successfully

outputs:
  output/over80s/covidadmitted/any/all/all/region/modelcox0.rds  - highly_sensitive
  output/over80s/covidadmitted/any/all/all/region/modelcox1.rds  - highly_sensitive
  output/over80s/covidadmitted/any/all/all/region/modelcox2.rds  - highly_sensitive