2021-03-08T10:18:45.899427800Z -- Attaching packages --------------------------------------- tidyverse 1.3.0 --
2021-03-08T10:18:45.908099300Z v ggplot2 3.3.2     v purrr   0.3.4
2021-03-08T10:18:45.908152000Z v tibble  3.0.3     v dplyr   1.0.2
2021-03-08T10:18:45.908160600Z v tidyr   1.1.2     v stringr 1.4.0
2021-03-08T10:18:45.908167900Z v readr   1.3.1     v forcats 0.5.0
2021-03-08T10:18:46.069983900Z -- Conflicts ------------------------------------------ tidyverse_conflicts() --
2021-03-08T10:18:46.070029800Z x dplyr::filter() masks stats::filter()
2021-03-08T10:18:46.070037900Z x dplyr::lag()    masks stats::lag()
2021-03-08T10:18:47.835809800Z 
2021-03-08T10:18:47.835849800Z Attaching package: 'lubridate'
2021-03-08T10:18:47.835858100Z 
2021-03-08T10:18:47.837324500Z The following objects are masked from 'package:base':
2021-03-08T10:18:47.837344800Z 
2021-03-08T10:18:47.837353200Z     date, intersect, setdiff, union
2021-03-08T10:18:47.837360800Z 
2021-03-08T10:18:48.155015900Z <environment: R_GlobalEnv>
2021-03-08T10:18:48.155471200Z <environment: R_GlobalEnv>
2021-03-08T10:19:36.070099300Z ipwvax1 
2021-03-08T10:21:07.619014400Z MODEL INFO:
2021-03-08T10:21:07.619090900Z Observations: 7394727
2021-03-08T10:21:07.619100100Z Dependent Variable: 
2021-03-08T10:21:07.619107900Z Type: Generalized linear model
2021-03-08T10:21:07.619115400Z   Family: binomial 
2021-03-08T10:21:07.619122800Z   Link function: logit 
2021-03-08T10:21:07.619130100Z 
2021-03-08T10:21:07.620785400Z MODEL FIT:
2021-03-08T10:21:07.620811200Z <U+03C7><U+00B2>(51) = 111059.22, p = 0.00
2021-03-08T10:21:07.620821000Z Pseudo-R<U+00B2> (Cragg-Uhler) = 
2021-03-08T10:21:07.620828900Z Pseudo-R<U+00B2> (McFadden) = 0.07
2021-03-08T10:21:07.620836800Z AIC = 1581765.83, BIC = 1582484.27 
2021-03-08T10:21:07.620844500Z 
2021-03-08T10:21:07.621161900Z Standard errors: MLE
2021-03-08T10:21:07.783073100Z -----------------------------------------------------------------------
2021-03-08T10:21:07.783218900Z                                             Est.   S.E.   z val.      p
2021-03-08T10:21:07.783235300Z --------------------------------------- -------- ------ -------- ------
2021-03-08T10:21:07.783243700Z (Intercept)                               -18.38   0.86   -21.42   0.00
2021-03-08T10:21:07.783251500Z age                                         0.31   0.02    15.87   0.00
2021-03-08T10:21:07.783259100Z I(age  age)                                -0.00   0.00   -16.92   0.00
2021-03-08T10:21:07.783266900Z sexMale                                     0.06   0.00    11.36   0.00
2021-03-08T10:21:07.783311900Z imd2                                        0.15   0.01    16.84   0.00
2021-03-08T10:21:07.783320300Z imd3                                        0.23   0.01    26.67   0.00
2021-03-08T10:21:07.783327400Z imd4                                        0.31   0.01    35.46   0.00
2021-03-08T10:21:07.783334400Z imd5 most deprived                          0.35   0.01    40.80   0.00
2021-03-08T10:21:07.783341600Z chronic_cardiac_diseaseTRUE                 0.05   0.01     9.81   0.00
2021-03-08T10:21:07.783348900Z current_copdTRUE                            0.04   0.01     4.92   0.00
2021-03-08T10:21:07.783355800Z dementiaTRUE                               -0.16   0.01   -18.12   0.00
2021-03-08T10:21:07.783362800Z dialysisTRUE                                0.10   0.06     1.79   0.07
2021-03-08T10:21:07.783369800Z solid_organ_transplantationTRUE             0.18   0.10     1.81   0.07
2021-03-08T10:21:07.783376800Z chemo_or_radioTRUE                          0.04   0.01     2.63   0.01
2021-03-08T10:21:07.783383700Z sickle_cell_diseaseTRUE                    -0.68   0.36    -1.89   0.06
2021-03-08T10:21:07.783390700Z permanant_immunosuppressionTRUE             0.20   0.08     2.49   0.01
2021-03-08T10:21:07.783397600Z temporary_immunosuppressionTRUE            -0.00   0.04    -0.01   0.99
2021-03-08T10:21:07.783404900Z aspleniaTRUE                                0.00   0.05     0.01   0.99
2021-03-08T10:21:07.783412400Z intel_dis_incl_downs_syndromeTRUE          -0.20   0.07    -3.05   0.00
2021-03-08T10:21:07.783419400Z psychosis_schiz_bipolarTRUE                -0.36   0.03   -12.02   0.00
2021-03-08T10:21:07.783427000Z lung_cancerTRUE                            -0.03   0.03    -0.97   0.33
2021-03-08T10:21:07.783434000Z cancer_excl_lung_and_haemTRUE               0.09   0.01    13.75   0.00
2021-03-08T10:21:07.783441100Z haematological_cancerTRUE                   0.05   0.02     3.01   0.00
2021-03-08T10:21:07.783448100Z ns(tstop, knots = knots)1                   4.18   0.04   109.50   0.00
2021-03-08T10:21:07.783455200Z ns(tstop, knots = knots)2                   2.00   0.02    95.41   0.00
2021-03-08T10:21:07.783464200Z regionEast Midlands                        -1.78   0.04   -45.97   0.00
2021-03-08T10:21:07.783472000Z regionLondon                               -1.49   0.07   -20.64   0.00
2021-03-08T10:21:07.783479100Z regionNorth East                           -0.42   0.05    -8.14   0.00
2021-03-08T10:21:07.783486700Z regionNorth West                           -0.23   0.04    -6.38   0.00
2021-03-08T10:21:07.783493600Z regionSouth East                           -0.40   0.04    -9.99   0.00
2021-03-08T10:21:07.783501100Z regionSouth West                           -0.43   0.03   -14.32   0.00
2021-03-08T10:21:07.783509600Z regionWest Midlands                         0.25   0.05     5.08   0.00
2021-03-08T10:21:07.783517100Z regionYorkshire and The                     0.24   0.03     8.25   0.00
2021-03-08T10:21:07.783524200Z Humber                                                                 
2021-03-08T10:21:07.783538300Z hospital_status                             0.01   0.02     0.59   0.55
2021-03-08T10:21:07.783546100Z probable_covid_status                      -0.89   0.12    -7.65   0.00
2021-03-08T10:21:07.783553200Z suspected_covid_status                      0.45   0.04    11.28   0.00
2021-03-08T10:21:07.783560300Z ns(tstop, knots =                           3.58   0.08    46.48   0.00
2021-03-08T10:21:07.783567300Z knots)1:regionEast Midlands                                            
2021-03-08T10:21:07.783574200Z ns(tstop, knots =                           0.26   0.03     7.63   0.00
2021-03-08T10:21:07.783581400Z knots)2:regionEast Midlands                                            
2021-03-08T10:21:07.783588500Z ns(tstop, knots =                           2.34   0.14    16.19   0.00
2021-03-08T10:21:07.783595500Z knots)1:regionLondon                                                   
2021-03-08T10:21:07.783602500Z ns(tstop, knots =                          -1.38   0.07   -21.00   0.00
2021-03-08T10:21:07.783609600Z knots)2:regionLondon                                                   
2021-03-08T10:21:07.783616700Z ns(tstop, knots =                           1.16   0.10    11.11   0.00
2021-03-08T10:21:07.783623700Z knots)1:regionNorth East                                               
2021-03-08T10:21:07.783630800Z ns(tstop, knots =                          -0.53   0.06    -9.04   0.00
2021-03-08T10:21:07.783637800Z knots)2:regionNorth East                                               
2021-03-08T10:21:07.783644800Z ns(tstop, knots =                           0.96   0.08    12.76   0.00
2021-03-08T10:21:07.783651700Z knots)1:regionNorth West                                               
2021-03-08T10:21:07.783658800Z ns(tstop, knots =                          -0.47   0.05   -10.21   0.00
2021-03-08T10:21:07.783665800Z knots)2:regionNorth West                                               
2021-03-08T10:21:07.783674200Z ns(tstop, knots =                           0.80   0.08     9.73   0.00
2021-03-08T10:21:07.783681400Z knots)1:regionSouth East                                               
2021-03-08T10:21:07.783688400Z ns(tstop, knots =                          -0.28   0.04    -6.28   0.00
2021-03-08T10:21:07.783695500Z knots)2:regionSouth East                                               
2021-03-08T10:21:07.783702400Z ns(tstop, knots =                           1.08   0.06    17.48   0.00
2021-03-08T10:21:07.783709400Z knots)1:regionSouth West                                               
2021-03-08T10:21:07.783716400Z ns(tstop, knots =                           0.11   0.03     3.27   0.00
2021-03-08T10:21:07.783723400Z knots)2:regionSouth West                                               
2021-03-08T10:21:07.783730300Z ns(tstop, knots =                          -0.61   0.10    -5.92   0.00
2021-03-08T10:21:07.783737200Z knots)1:regionWest Midlands                                            
2021-03-08T10:21:07.783750500Z ns(tstop, knots =                          -1.20   0.06   -19.58   0.00
2021-03-08T10:21:07.783758100Z knots)2:regionWest Midlands                                            
2021-03-08T10:21:07.783765100Z ns(tstop, knots =                          -0.23   0.06    -3.74   0.00
2021-03-08T10:21:07.783772200Z knots)1:regionYorkshire and                                            
2021-03-08T10:21:07.783779200Z The Humber                                                             
2021-03-08T10:21:07.783786400Z ns(tstop, knots =                          -0.73   0.04   -19.13   0.00
2021-03-08T10:21:07.783793400Z knots)2:regionYorkshire and                                            
2021-03-08T10:21:07.783800400Z The Humber                                                             
2021-03-08T10:21:07.783807400Z -----------------------------------------------------------------------
2021-03-08T10:21:07.783814500Z 
2021-03-08T10:21:07.783821200Z Call:  glm(formula = update(vax1 ~ 1, formula_demog) %>% update(formula_comorbs) %>% 
2021-03-08T10:21:07.783828900Z     update(formula_secular_region) %>% update(formula_timedependent), 
2021-03-08T10:21:07.783836100Z     family = binomial, data = data_pt_atriskvax1, na.action = "na.fail", 
2021-03-08T10:21:07.783843200Z     control = parglmparams, model = FALSE, method = parglm::parglm.fit, 
2021-03-08T10:21:07.783850200Z     singular.ok = FALSE)
2021-03-08T10:21:07.783857100Z 
2021-03-08T10:21:07.783863900Z Coefficients:
2021-03-08T10:21:07.784159400Z                                              (Intercept)  
2021-03-08T10:21:07.784208600Z                                               -1.838e+01  
2021-03-08T10:21:07.784217600Z                                                      age  
2021-03-08T10:21:07.784224900Z                                                3.145e-01  
2021-03-08T10:21:07.784232000Z                                             I(age * age)  
2021-03-08T10:21:07.784239900Z                                               -1.932e-03  
2021-03-08T10:21:07.784246900Z                                                  sexMale  
2021-03-08T10:21:07.784254000Z                                                5.617e-02  
2021-03-08T10:21:07.784260900Z                                                     imd2  
2021-03-08T10:21:07.784267900Z                                                1.537e-01  
2021-03-08T10:21:07.784274700Z                                                     imd3  
2021-03-08T10:21:07.784281800Z                                                2.326e-01  
2021-03-08T10:21:07.784288800Z                                                     imd4  
2021-03-08T10:21:07.784296000Z                                                3.067e-01  
2021-03-08T10:21:07.784303000Z                                       imd5 most deprived  
2021-03-08T10:21:07.784330500Z                                                3.530e-01  
2021-03-08T10:21:07.784338500Z                              chronic_cardiac_diseaseTRUE  
2021-03-08T10:21:07.784345400Z                                                5.197e-02  
2021-03-08T10:21:07.784352400Z                                         current_copdTRUE  
2021-03-08T10:21:07.784359200Z                                                3.930e-02  
2021-03-08T10:21:07.784366100Z                                             dementiaTRUE  
2021-03-08T10:21:07.784372900Z                                               -1.619e-01  
2021-03-08T10:21:07.784379900Z                                             dialysisTRUE  
2021-03-08T10:21:07.784386900Z                                                1.024e-01  
2021-03-08T10:21:07.784393900Z                          solid_organ_transplantationTRUE  
2021-03-08T10:21:07.784400800Z                                                1.841e-01  
2021-03-08T10:21:07.784407900Z                                       chemo_or_radioTRUE  
2021-03-08T10:21:07.784415000Z                                                3.649e-02  
2021-03-08T10:21:07.784422000Z                                  sickle_cell_diseaseTRUE  
2021-03-08T10:21:07.784429200Z                                               -6.765e-01  
2021-03-08T10:21:07.784439200Z                          permanant_immunosuppressionTRUE  
2021-03-08T10:21:07.784446500Z                                                2.043e-01  
2021-03-08T10:21:07.784453400Z                          temporary_immunosuppressionTRUE  
2021-03-08T10:21:07.784460400Z                                               -3.953e-04  
2021-03-08T10:21:07.784468500Z                                             aspleniaTRUE  
2021-03-08T10:21:07.784475700Z                                                6.757e-04  
2021-03-08T10:21:07.784482700Z                        intel_dis_incl_downs_syndromeTRUE  
2021-03-08T10:21:07.784489500Z                                               -2.027e-01  
2021-03-08T10:21:07.784496600Z                              psychosis_schiz_bipolarTRUE  
2021-03-08T10:21:07.784503400Z                                               -3.599e-01  
2021-03-08T10:21:07.784510400Z                                          lung_cancerTRUE  
2021-03-08T10:21:07.784517200Z                                               -3.003e-02  
2021-03-08T10:21:07.784523900Z                            cancer_excl_lung_and_haemTRUE  
2021-03-08T10:21:07.784530800Z                                                8.914e-02  
2021-03-08T10:21:07.784537600Z                                haematological_cancerTRUE  
2021-03-08T10:21:07.784544400Z                                                5.441e-02  
2021-03-08T10:21:07.784551300Z                                ns(tstop, knots = knots)1  
2021-03-08T10:21:07.784564900Z                                                4.180e+00  
2021-03-08T10:21:07.784572600Z                                ns(tstop, knots = knots)2  
2021-03-08T10:21:07.784579600Z                                                2.004e+00  
2021-03-08T10:21:07.784586600Z                                      regionEast Midlands  
2021-03-08T10:21:07.784593600Z                                               -1.782e+00  
2021-03-08T10:21:07.784600400Z                                             regionLondon  
2021-03-08T10:21:07.784607500Z                                               -1.495e+00  
2021-03-08T10:21:07.784614400Z                                         regionNorth East  
2021-03-08T10:21:07.784621200Z                                               -4.165e-01  
2021-03-08T10:21:07.784628000Z                                         regionNorth West  
2021-03-08T10:21:07.784634900Z                                               -2.340e-01  
2021-03-08T10:21:07.784641700Z                                         regionSouth East  
2021-03-08T10:21:07.784648600Z                                               -4.021e-01  
2021-03-08T10:21:07.784657200Z                                         regionSouth West  
2021-03-08T10:21:07.784664200Z                                               -4.305e-01  
2021-03-08T10:21:07.784671000Z                                      regionWest Midlands  
2021-03-08T10:21:07.784677800Z                                                2.479e-01  
2021-03-08T10:21:07.784684700Z                           regionYorkshire and The Humber  
2021-03-08T10:21:07.784691500Z                                                2.434e-01  
2021-03-08T10:21:07.784698300Z                                          hospital_status  
2021-03-08T10:21:07.784705100Z                                                1.196e-02  
2021-03-08T10:21:07.784712000Z                                    probable_covid_status  
2021-03-08T10:21:07.784719300Z                                               -8.927e-01  
2021-03-08T10:21:07.784726300Z                                   suspected_covid_status  
2021-03-08T10:21:07.784733100Z                                                4.529e-01  
2021-03-08T10:21:07.784740000Z            ns(tstop, knots = knots)1:regionEast Midlands  
2021-03-08T10:21:07.784746900Z                                                3.579e+00  
2021-03-08T10:21:07.784753800Z            ns(tstop, knots = knots)2:regionEast Midlands  
2021-03-08T10:21:07.784760500Z                                                2.621e-01  
2021-03-08T10:21:07.784767300Z                   ns(tstop, knots = knots)1:regionLondon  
2021-03-08T10:21:07.784774100Z                                                2.337e+00  
2021-03-08T10:21:07.784780900Z                   ns(tstop, knots = knots)2:regionLondon  
2021-03-08T10:21:07.784787800Z                                               -1.384e+00  
2021-03-08T10:21:07.784801500Z               ns(tstop, knots = knots)1:regionNorth East  
2021-03-08T10:21:07.784808900Z                                                1.163e+00  
2021-03-08T10:21:07.784815900Z               ns(tstop, knots = knots)2:regionNorth East  
2021-03-08T10:21:07.784822700Z                                               -5.313e-01  
2021-03-08T10:21:07.784829600Z               ns(tstop, knots = knots)1:regionNorth West  
2021-03-08T10:21:07.784836800Z                                                9.631e-01  
2021-03-08T10:21:07.784843700Z               ns(tstop, knots = knots)2:regionNorth West  
2021-03-08T10:21:07.784850600Z                                               -4.721e-01  
2021-03-08T10:21:07.784857800Z               ns(tstop, knots = knots)1:regionSouth East  
2021-03-08T10:21:07.784864600Z                                                8.022e-01  
2021-03-08T10:21:07.784871400Z               ns(tstop, knots = knots)2:regionSouth East  
2021-03-08T10:21:07.784878100Z                                               -2.779e-01  
2021-03-08T10:21:07.784885000Z               ns(tstop, knots = knots)1:regionSouth West  
2021-03-08T10:21:07.784891900Z                                                1.076e+00  
2021-03-08T10:21:07.784898800Z               ns(tstop, knots = knots)2:regionSouth West  
2021-03-08T10:21:07.784905500Z                                                1.093e-01  
2021-03-08T10:21:07.784912600Z            ns(tstop, knots = knots)1:regionWest Midlands  
2021-03-08T10:21:07.784919500Z                                               -6.100e-01  
2021-03-08T10:21:07.784926300Z            ns(tstop, knots = knots)2:regionWest Midlands  
2021-03-08T10:21:07.784933100Z                                               -1.199e+00  
2021-03-08T10:21:07.784940100Z ns(tstop, knots = knots)1:regionYorkshire and The Humber  
2021-03-08T10:21:07.784947100Z                                               -2.307e-01  
2021-03-08T10:21:07.784954100Z ns(tstop, knots = knots)2:regionYorkshire and The Humber  
2021-03-08T10:21:07.784961000Z                                               -7.301e-01  
2021-03-08T10:21:07.784967700Z 
2021-03-08T10:21:07.784975800Z Degrees of Freedom: 7394726 Total (i.e. Null);  7394675 Residual
2021-03-08T10:21:07.784982900Z Null Deviance:	    1693000 
2021-03-08T10:21:07.784990000Z Residual Deviance: 1582000 	AIC: 1582000
2021-03-08T10:21:07.784996700Z ipwvax1_fxd 
2021-03-08T10:22:28.377953300Z MODEL INFO:
2021-03-08T10:22:28.378036900Z Observations: 7394727
2021-03-08T10:22:28.378046000Z Dependent Variable: 
2021-03-08T10:22:28.378053700Z Type: Generalized linear model
2021-03-08T10:22:28.378061000Z   Family: binomial 
2021-03-08T10:22:28.378068400Z   Link function: logit 
2021-03-08T10:22:28.378105600Z 
2021-03-08T10:22:28.379577100Z MODEL FIT:
2021-03-08T10:22:28.379604600Z <U+03C7><U+00B2>(48) = 110873.34, p = 0.00
2021-03-08T10:22:28.379614000Z Pseudo-R<U+00B2> (Cragg-Uhler) = 
2021-03-08T10:22:28.379621200Z Pseudo-R<U+00B2> (McFadden) = 0.07
2021-03-08T10:22:28.379628100Z AIC = 1581945.71, BIC = 1582622.71 
2021-03-08T10:22:28.379634900Z 
2021-03-08T10:22:28.379791400Z Standard errors: MLE
2021-03-08T10:22:28.518886700Z -----------------------------------------------------------------------
2021-03-08T10:22:28.518946300Z                                             Est.   S.E.   z val.      p
2021-03-08T10:22:28.518954000Z --------------------------------------- -------- ------ -------- ------
2021-03-08T10:22:28.518961100Z (Intercept)                               -18.38   0.86   -21.42   0.00
2021-03-08T10:22:28.518968100Z age                                         0.31   0.02    15.88   0.00
2021-03-08T10:22:28.518974900Z I(age  age)                                -0.00   0.00   -16.93   0.00
2021-03-08T10:22:28.518981900Z sexMale                                     0.06   0.00    11.38   0.00
2021-03-08T10:22:28.518989300Z imd2                                        0.15   0.01    16.86   0.00
2021-03-08T10:22:28.518996300Z imd3                                        0.23   0.01    26.68   0.00
2021-03-08T10:22:28.519003000Z imd4                                        0.31   0.01    35.43   0.00
2021-03-08T10:22:28.519010000Z imd5 most deprived                          0.35   0.01    40.81   0.00
2021-03-08T10:22:28.519016900Z chronic_cardiac_diseaseTRUE                 0.05   0.01     9.87   0.00
2021-03-08T10:22:28.519023700Z current_copdTRUE                            0.04   0.01     4.93   0.00
2021-03-08T10:22:28.519030500Z dementiaTRUE                               -0.16   0.01   -18.10   0.00
2021-03-08T10:22:28.519037300Z dialysisTRUE                                0.10   0.06     1.81   0.07
2021-03-08T10:22:28.519044000Z solid_organ_transplantationTRUE             0.18   0.10     1.77   0.08
2021-03-08T10:22:28.519050800Z chemo_or_radioTRUE                          0.04   0.01     2.60   0.01
2021-03-08T10:22:28.519057600Z sickle_cell_diseaseTRUE                    -0.68   0.36    -1.90   0.06
2021-03-08T10:22:28.519064300Z permanant_immunosuppressionTRUE             0.21   0.08     2.60   0.01
2021-03-08T10:22:28.519071100Z temporary_immunosuppressionTRUE            -0.00   0.04    -0.01   0.99
2021-03-08T10:22:28.519078000Z aspleniaTRUE                                0.00   0.05     0.00   1.00
2021-03-08T10:22:28.519084700Z intel_dis_incl_downs_syndromeTRUE          -0.20   0.07    -3.02   0.00
2021-03-08T10:22:28.519091400Z psychosis_schiz_bipolarTRUE                -0.36   0.03   -12.03   0.00
2021-03-08T10:22:28.519098200Z lung_cancerTRUE                            -0.03   0.03    -1.00   0.32
2021-03-08T10:22:28.519128900Z cancer_excl_lung_and_haemTRUE               0.09   0.01    13.82   0.00
2021-03-08T10:22:28.519136600Z haematological_cancerTRUE                   0.06   0.02     3.07   0.00
2021-03-08T10:22:28.519143500Z ns(tstop, knots = knots)1                   4.18   0.04   109.53   0.00
2021-03-08T10:22:28.519150300Z ns(tstop, knots = knots)2                   2.00   0.02    95.34   0.00
2021-03-08T10:22:28.519159000Z regionEast Midlands                        -1.78   0.04   -45.98   0.00
2021-03-08T10:22:28.519165900Z regionLondon                               -1.49   0.07   -20.62   0.00
2021-03-08T10:22:28.519172800Z regionNorth East                           -0.42   0.05    -8.14   0.00
2021-03-08T10:22:28.519182400Z regionNorth West                           -0.23   0.04    -6.34   0.00
2021-03-08T10:22:28.519189700Z regionSouth East                           -0.40   0.04    -9.88   0.00
2021-03-08T10:22:28.519196400Z regionSouth West                           -0.43   0.03   -14.29   0.00
2021-03-08T10:22:28.519203300Z regionWest Midlands                         0.25   0.05     5.11   0.00
2021-03-08T10:22:28.519210000Z regionYorkshire and The                     0.24   0.03     8.29   0.00
2021-03-08T10:22:28.519216900Z Humber                                                                 
2021-03-08T10:22:28.519223600Z ns(tstop, knots =                           3.58   0.08    46.49   0.00
2021-03-08T10:22:28.519230500Z knots)1:regionEast Midlands                                            
2021-03-08T10:22:28.519237200Z ns(tstop, knots =                           0.26   0.03     7.69   0.00
2021-03-08T10:22:28.519244000Z knots)2:regionEast Midlands                                            
2021-03-08T10:22:28.519250800Z ns(tstop, knots =                           2.33   0.14    16.17   0.00
2021-03-08T10:22:28.519257600Z knots)1:regionLondon                                                   
2021-03-08T10:22:28.519264300Z ns(tstop, knots =                          -1.38   0.07   -20.97   0.00
2021-03-08T10:22:28.519271200Z knots)2:regionLondon                                                   
2021-03-08T10:22:28.519277900Z ns(tstop, knots =                           1.16   0.10    11.09   0.00
2021-03-08T10:22:28.519285000Z knots)1:regionNorth East                                               
2021-03-08T10:22:28.519291700Z ns(tstop, knots =                          -0.53   0.06    -9.00   0.00
2021-03-08T10:22:28.519298600Z knots)2:regionNorth East                                               
2021-03-08T10:22:28.519305300Z ns(tstop, knots =                           0.96   0.08    12.73   0.00
2021-03-08T10:22:28.519312100Z knots)1:regionNorth West                                               
2021-03-08T10:22:28.519318900Z ns(tstop, knots =                          -0.47   0.05   -10.23   0.00
2021-03-08T10:22:28.519325700Z knots)2:regionNorth West                                               
2021-03-08T10:22:28.519339100Z ns(tstop, knots =                           0.79   0.08     9.62   0.00
2021-03-08T10:22:28.519346600Z knots)1:regionSouth East                                               
2021-03-08T10:22:28.519353400Z ns(tstop, knots =                          -0.28   0.04    -6.29   0.00
2021-03-08T10:22:28.519361000Z knots)2:regionSouth East                                               
2021-03-08T10:22:28.519367800Z ns(tstop, knots =                           1.07   0.06    17.46   0.00
2021-03-08T10:22:28.519374800Z knots)1:regionSouth West                                               
2021-03-08T10:22:28.519381600Z ns(tstop, knots =                           0.11   0.03     3.30   0.00
2021-03-08T10:22:28.519388400Z knots)2:regionSouth West                                               
2021-03-08T10:22:28.519395100Z ns(tstop, knots =                          -0.61   0.10    -5.97   0.00
2021-03-08T10:22:28.519401900Z knots)1:regionWest Midlands                                            
2021-03-08T10:22:28.519408600Z ns(tstop, knots =                          -1.20   0.06   -19.56   0.00
2021-03-08T10:22:28.519415400Z knots)2:regionWest Midlands                                            
2021-03-08T10:22:28.519422100Z ns(tstop, knots =                          -0.23   0.06    -3.77   0.00
2021-03-08T10:22:28.519429100Z knots)1:regionYorkshire and                                            
2021-03-08T10:22:28.519435800Z The Humber                                                             
2021-03-08T10:22:28.519442700Z ns(tstop, knots =                          -0.73   0.04   -19.11   0.00
2021-03-08T10:22:28.519449500Z knots)2:regionYorkshire and                                            
2021-03-08T10:22:28.519458200Z The Humber                                                             
2021-03-08T10:22:28.519465000Z -----------------------------------------------------------------------
2021-03-08T10:22:39.956593900Z ipwdeath 
2021-03-08T10:42:54.093203300Z MODEL INFO:
2021-03-08T10:42:54.093302200Z Observations: 13523367
2021-03-08T10:42:54.093311100Z Dependent Variable: 
2021-03-08T10:42:54.093318500Z Type: Generalized linear model
2021-03-08T10:42:54.093326000Z   Family: binomial 
2021-03-08T10:42:54.093333300Z   Link function: logit 
2021-03-08T10:42:54.093340500Z 
2021-03-08T10:42:54.095171000Z MODEL FIT:
2021-03-08T10:42:54.095242100Z <U+03C7><U+00B2>(61) = 3193.31, p = 0.00
2021-03-08T10:42:54.095251000Z Pseudo-R<U+00B2> (Cragg-Uhler) = 
2021-03-08T10:42:54.095258700Z Pseudo-R<U+00B2> (McFadden) = 0.07
2021-03-08T10:42:54.095266300Z AIC = 44307.46, BIC = 45201.49 
2021-03-08T10:42:54.095273600Z 
2021-03-08T10:42:54.095280900Z Standard errors: MLE
2021-03-08T10:42:54.292701800Z -----------------------------------------------------------------------
2021-03-08T10:42:54.292842300Z                                             Est.   S.E.   z val.      p
2021-03-08T10:42:54.292853700Z --------------------------------------- -------- ------ -------- ------
2021-03-08T10:42:54.292861100Z (Intercept)                               -29.97   5.52    -5.43   0.00
2021-03-08T10:42:54.292868000Z age                                         0.37   0.12     2.94   0.00
2021-03-08T10:42:54.292874900Z I(age  age)                                -0.00   0.00    -2.07   0.04
2021-03-08T10:42:54.292881700Z sexMale                                     0.21   0.05     4.62   0.00
2021-03-08T10:42:54.292888700Z imd2                                       -0.09   0.07    -1.25   0.21
2021-03-08T10:42:54.292895400Z imd3                                       -0.14   0.07    -2.05   0.04
2021-03-08T10:42:54.292902300Z imd4                                       -0.05   0.07    -0.70   0.48
2021-03-08T10:42:54.292909100Z imd5 most deprived                         -0.10   0.07    -1.47   0.14
2021-03-08T10:42:54.292916000Z chronic_cardiac_diseaseTRUE                 0.38   0.04     9.26   0.00
2021-03-08T10:42:54.292922900Z current_copdTRUE                            0.45   0.06     8.03   0.00
2021-03-08T10:42:54.292929600Z dementiaTRUE                                0.84   0.05    16.39   0.00
2021-03-08T10:42:54.292936700Z dialysisTRUE                                1.41   0.25     5.69   0.00
2021-03-08T10:42:54.292943500Z solid_organ_transplantationTRUE            -1.02   1.01    -1.01   0.31
2021-03-08T10:42:54.292950400Z chemo_or_radioTRUE                          0.08   0.10     0.79   0.43
2021-03-08T10:42:54.292957200Z sickle_cell_diseaseTRUE                     1.87   1.00     1.86   0.06
2021-03-08T10:42:54.292964200Z permanant_immunosuppressionTRUE            -0.63   1.00    -0.63   0.53
2021-03-08T10:42:54.292971300Z temporary_immunosuppressionTRUE             0.20   0.25     0.81   0.42
2021-03-08T10:42:54.292978300Z aspleniaTRUE                                0.14   0.36     0.38   0.70
2021-03-08T10:42:54.292985100Z intel_dis_incl_downs_syndromeTRUE           0.33   0.45     0.74   0.46
2021-03-08T10:42:54.292992200Z psychosis_schiz_bipolarTRUE                 0.53   0.17     3.11   0.00
2021-03-08T10:42:54.292999100Z lung_cancerTRUE                             1.40   0.12    11.54   0.00
2021-03-08T10:42:54.293006000Z cancer_excl_lung_and_haemTRUE               0.45   0.05     9.51   0.00
2021-03-08T10:42:54.293012900Z haematological_cancerTRUE                   0.61   0.11     5.63   0.00
2021-03-08T10:42:54.293019700Z timesincevax_pw(0,3]                       -2.53   0.50    -5.06   0.00
2021-03-08T10:42:54.293026500Z timesincevax_pw(3,7]                       -1.22   0.22    -5.54   0.00
2021-03-08T10:42:54.293034900Z timesincevax_pw(7,14]                      -1.69   0.20    -8.32   0.00
2021-03-08T10:42:54.293041900Z timesincevax_pw(14,21]                     -1.37   0.17    -8.21   0.00
2021-03-08T10:42:54.293056300Z timesincevax_pw(21, Inf]                   -1.80   0.11   -15.91   0.00
2021-03-08T10:42:54.293064400Z ns(tstop, knots = knots)1                   1.35   0.26     5.15   0.00
2021-03-08T10:42:54.293071600Z ns(tstop, knots = knots)2                   0.64   0.17     3.71   0.00
2021-03-08T10:42:54.293078500Z regionEast Midlands                         0.09   0.18     0.50   0.62
2021-03-08T10:42:54.293085300Z regionLondon                                0.18   0.30     0.61   0.54
2021-03-08T10:42:54.293092200Z regionNorth East                           -0.06   0.31    -0.18   0.85
2021-03-08T10:42:54.293099000Z regionNorth West                           -0.17   0.24    -0.69   0.49
2021-03-08T10:42:54.293105800Z regionSouth East                            0.19   0.23     0.84   0.40
2021-03-08T10:42:54.293112500Z regionSouth West                           -0.10   0.19    -0.55   0.58
2021-03-08T10:42:54.293119400Z regionWest Midlands                        -0.50   0.37    -1.35   0.18
2021-03-08T10:42:54.293126200Z regionYorkshire and The                    -0.16   0.20    -0.78   0.44
2021-03-08T10:42:54.293133100Z Humber                                                                 
2021-03-08T10:42:54.293140000Z hospital_status                             2.10   0.07    29.75   0.00
2021-03-08T10:42:54.293146900Z probable_covid_status                       1.90   0.22     8.51   0.00
2021-03-08T10:42:54.293153700Z suspected_covid_status                      0.69   0.26     2.65   0.01
2021-03-08T10:42:54.293160600Z sexMale:timesincevax_pw(0,3]                1.01   0.59     1.72   0.09
2021-03-08T10:42:54.293167400Z sexMale:timesincevax_pw(3,7]               -0.85   0.40    -2.13   0.03
2021-03-08T10:42:54.293174400Z sexMale:timesincevax_pw(7,14]               0.33   0.27     1.22   0.22
2021-03-08T10:42:54.293181200Z sexMale:timesincevax_pw(14,21]             -0.04   0.24    -0.18   0.86
2021-03-08T10:42:54.293188000Z sexMale:timesincevax_pw(21,                 0.26   0.13     1.91   0.06
2021-03-08T10:42:54.293194800Z Inf]                                                                   
2021-03-08T10:42:54.293201700Z ns(tstop, knots =                          -0.48   0.41    -1.16   0.24
2021-03-08T10:42:54.293208400Z knots)1:regionEast Midlands                                            
2021-03-08T10:42:54.293215200Z ns(tstop, knots =                           0.41   0.24     1.69   0.09
2021-03-08T10:42:54.293222100Z knots)2:regionEast Midlands                                            
2021-03-08T10:42:54.293228900Z ns(tstop, knots =                          -0.64   0.67    -0.95   0.34
2021-03-08T10:42:54.293236100Z knots)1:regionLondon                                                   
2021-03-08T10:42:54.293243000Z ns(tstop, knots =                          -0.58   0.45    -1.27   0.21
2021-03-08T10:42:54.293249800Z knots)2:regionLondon                                                   
2021-03-08T10:42:54.293263300Z ns(tstop, knots =                          -0.22   0.70    -0.31   0.76
2021-03-08T10:42:54.293270700Z knots)1:regionNorth East                                               
2021-03-08T10:42:54.293277700Z ns(tstop, knots =                           0.61   0.39     1.57   0.12
2021-03-08T10:42:54.293284500Z knots)2:regionNorth East                                               
2021-03-08T10:42:54.293291400Z ns(tstop, knots =                           0.40   0.53     0.75   0.45
2021-03-08T10:42:54.293298100Z knots)1:regionNorth West                                               
2021-03-08T10:42:54.293304900Z ns(tstop, knots =                           0.92   0.29     3.19   0.00
2021-03-08T10:42:54.293311700Z knots)2:regionNorth West                                               
2021-03-08T10:42:54.293318600Z ns(tstop, knots =                          -0.55   0.52    -1.05   0.29
2021-03-08T10:42:54.293325400Z knots)1:regionSouth East                                               
2021-03-08T10:42:54.293332300Z ns(tstop, knots =                           0.52   0.30     1.70   0.09
2021-03-08T10:42:54.293339400Z knots)2:regionSouth East                                               
2021-03-08T10:42:54.293346400Z ns(tstop, knots =                           0.20   0.41     0.48   0.63
2021-03-08T10:42:54.293353200Z knots)1:regionSouth West                                               
2021-03-08T10:42:54.293360400Z ns(tstop, knots =                           0.50   0.24     2.06   0.04
2021-03-08T10:42:54.293367300Z knots)2:regionSouth West                                               
2021-03-08T10:42:54.293374000Z ns(tstop, knots =                           1.23   0.80     1.53   0.12
2021-03-08T10:42:54.293380800Z knots)1:regionWest Midlands                                            
2021-03-08T10:42:54.293387500Z ns(tstop, knots =                           0.11   0.43     0.26   0.79
2021-03-08T10:42:54.293394200Z knots)2:regionWest Midlands                                            
2021-03-08T10:42:54.293401300Z ns(tstop, knots =                           0.46   0.45     1.03   0.30
2021-03-08T10:42:54.293417900Z knots)1:regionYorkshire and                                            
2021-03-08T10:42:54.293424800Z The Humber                                                             
2021-03-08T10:42:54.293431700Z ns(tstop, knots =                           0.09   0.27     0.34   0.73
2021-03-08T10:42:54.293438400Z knots)2:regionYorkshire and                                            
2021-03-08T10:42:54.293445200Z The Humber                                                             
2021-03-08T10:42:54.293452500Z -----------------------------------------------------------------------
2021-03-08T10:42:54.293459400Z ipwdeath_fxd 
2021-03-08T10:59:11.765587100Z MODEL INFO:
2021-03-08T10:59:11.765690500Z Observations: 13523367
2021-03-08T10:59:11.765716600Z Dependent Variable: 
2021-03-08T10:59:11.765750800Z Type: Generalized linear model
2021-03-08T10:59:11.765758600Z   Family: binomial 
2021-03-08T10:59:11.765765400Z   Link function: logit 
2021-03-08T10:59:11.765772500Z 
2021-03-08T10:59:11.767317500Z MODEL FIT:
2021-03-08T10:59:11.767338200Z <U+03C7><U+00B2>(58) = 2591.95, p = 0.00
2021-03-08T10:59:11.767347800Z Pseudo-R<U+00B2> (Cragg-Uhler) = 
2021-03-08T10:59:11.767355400Z Pseudo-R<U+00B2> (McFadden) = 0.05
2021-03-08T10:59:11.767362400Z AIC = 44902.81, BIC = 45753.59 
2021-03-08T10:59:11.767369400Z 
2021-03-08T10:59:11.767568300Z Standard errors: MLE
2021-03-08T10:59:11.939099500Z -----------------------------------------------------------------------
2021-03-08T10:59:11.939118500Z                                             Est.   S.E.   z val.      p
2021-03-08T10:59:11.939126400Z --------------------------------------- -------- ------ -------- ------
2021-03-08T10:59:11.939133300Z (Intercept)                               -30.28   5.53    -5.48   0.00
2021-03-08T10:59:11.939140200Z age                                         0.38   0.13     3.01   0.00
2021-03-08T10:59:11.939147600Z I(age  age)                                -0.00   0.00    -2.15   0.03
2021-03-08T10:59:11.939154600Z sexMale                                     0.24   0.05     5.23   0.00
2021-03-08T10:59:11.939161400Z imd2                                       -0.08   0.07    -1.12   0.26
2021-03-08T10:59:11.939168300Z imd3                                       -0.15   0.07    -2.14   0.03
2021-03-08T10:59:11.939175300Z imd4                                       -0.06   0.07    -0.90   0.37
2021-03-08T10:59:11.939182300Z imd5 most deprived                         -0.10   0.07    -1.50   0.13
2021-03-08T10:59:11.939189100Z chronic_cardiac_diseaseTRUE                 0.41   0.04     9.93   0.00
2021-03-08T10:59:11.939196000Z current_copdTRUE                            0.47   0.06     8.34   0.00
2021-03-08T10:59:11.939202900Z dementiaTRUE                                0.83   0.05    16.18   0.00
2021-03-08T10:59:11.939209900Z dialysisTRUE                                1.39   0.25     5.61   0.00
2021-03-08T10:59:11.939216800Z solid_organ_transplantationTRUE            -1.11   1.01    -1.09   0.27
2021-03-08T10:59:11.939223600Z chemo_or_radioTRUE                          0.12   0.10     1.19   0.24
2021-03-08T10:59:11.939230400Z sickle_cell_diseaseTRUE                     1.80   1.00     1.80   0.07
2021-03-08T10:59:11.939239900Z permanant_immunosuppressionTRUE            -0.51   1.00    -0.51   0.61
2021-03-08T10:59:11.939246800Z temporary_immunosuppressionTRUE             0.33   0.24     1.36   0.17
2021-03-08T10:59:11.939253700Z aspleniaTRUE                                0.15   0.35     0.42   0.67
2021-03-08T10:59:11.939260600Z intel_dis_incl_downs_syndromeTRUE           0.41   0.45     0.92   0.36
2021-03-08T10:59:11.939278300Z psychosis_schiz_bipolarTRUE                 0.55   0.17     3.18   0.00
2021-03-08T10:59:11.939286000Z lung_cancerTRUE                             1.46   0.12    12.05   0.00
2021-03-08T10:59:11.939293000Z cancer_excl_lung_and_haemTRUE               0.49   0.05    10.29   0.00
2021-03-08T10:59:11.939300100Z haematological_cancerTRUE                   0.71   0.11     6.56   0.00
2021-03-08T10:59:11.939307100Z timesincevax_pw(0,3]                       -2.63   0.50    -5.25   0.00
2021-03-08T10:59:11.939314200Z timesincevax_pw(3,7]                       -1.31   0.22    -5.94   0.00
2021-03-08T10:59:11.939322000Z timesincevax_pw(7,14]                      -1.78   0.20    -8.75   0.00
2021-03-08T10:59:11.939329200Z timesincevax_pw(14,21]                     -1.45   0.17    -8.68   0.00
2021-03-08T10:59:11.939336000Z timesincevax_pw(21, Inf]                   -1.87   0.11   -16.58   0.00
2021-03-08T10:59:11.939343000Z ns(tstop, knots = knots)1                   1.42   0.26     5.44   0.00
2021-03-08T10:59:11.939349800Z ns(tstop, knots = knots)2                   0.61   0.17     3.52   0.00
2021-03-08T10:59:11.939356700Z regionEast Midlands                         0.07   0.18     0.41   0.68
2021-03-08T10:59:11.939363600Z regionLondon                                0.21   0.30     0.72   0.47
2021-03-08T10:59:11.939371600Z regionNorth East                           -0.05   0.31    -0.17   0.87
2021-03-08T10:59:11.939378400Z regionNorth West                           -0.19   0.24    -0.78   0.44
2021-03-08T10:59:11.939385300Z regionSouth East                            0.19   0.23     0.85   0.40
2021-03-08T10:59:11.939392100Z regionSouth West                           -0.10   0.18    -0.56   0.58
2021-03-08T10:59:11.939398800Z regionWest Midlands                        -0.51   0.37    -1.38   0.17
2021-03-08T10:59:11.939405600Z regionYorkshire and The                    -0.15   0.20    -0.72   0.47
2021-03-08T10:59:11.939412400Z Humber                                                                 
2021-03-08T10:59:11.939419300Z sexMale:timesincevax_pw(0,3]                0.97   0.59     1.66   0.10
2021-03-08T10:59:11.939426000Z sexMale:timesincevax_pw(3,7]               -0.89   0.40    -2.22   0.03
2021-03-08T10:59:11.939432800Z sexMale:timesincevax_pw(7,14]               0.29   0.27     1.10   0.27
2021-03-08T10:59:11.939439600Z sexMale:timesincevax_pw(14,21]             -0.07   0.24    -0.31   0.75
2021-03-08T10:59:11.939446500Z sexMale:timesincevax_pw(21,                 0.23   0.13     1.67   0.09
2021-03-08T10:59:11.939453400Z Inf]                                                                   
2021-03-08T10:59:11.939460300Z ns(tstop, knots =                          -0.47   0.41    -1.15   0.25
2021-03-08T10:59:11.939467200Z knots)1:regionEast Midlands                                            
2021-03-08T10:59:11.939474000Z ns(tstop, knots =                           0.43   0.25     1.76   0.08
2021-03-08T10:59:11.939488100Z knots)2:regionEast Midlands                                            
2021-03-08T10:59:11.939495600Z ns(tstop, knots =                          -0.69   0.67    -1.03   0.30
2021-03-08T10:59:11.939502500Z knots)1:regionLondon                                                   
2021-03-08T10:59:11.939509300Z ns(tstop, knots =                          -0.61   0.45    -1.34   0.18
2021-03-08T10:59:11.939516000Z knots)2:regionLondon                                                   
2021-03-08T10:59:11.939523400Z ns(tstop, knots =                          -0.22   0.69    -0.31   0.76
2021-03-08T10:59:11.939530500Z knots)1:regionNorth East                                               
2021-03-08T10:59:11.939537400Z ns(tstop, knots =                           0.62   0.39     1.58   0.11
2021-03-08T10:59:11.939544300Z knots)2:regionNorth East                                               
2021-03-08T10:59:11.939551300Z ns(tstop, knots =                           0.48   0.53     0.91   0.36
2021-03-08T10:59:11.939558100Z knots)1:regionNorth West                                               
2021-03-08T10:59:11.939565000Z ns(tstop, knots =                           0.92   0.29     3.17   0.00
2021-03-08T10:59:11.939572000Z knots)2:regionNorth West                                               
2021-03-08T10:59:11.939578800Z ns(tstop, knots =                          -0.53   0.51    -1.03   0.30
2021-03-08T10:59:11.939585700Z knots)1:regionSouth East                                               
2021-03-08T10:59:11.939592600Z ns(tstop, knots =                           0.50   0.31     1.64   0.10
2021-03-08T10:59:11.939599500Z knots)2:regionSouth East                                               
2021-03-08T10:59:11.939606400Z ns(tstop, knots =                           0.20   0.41     0.50   0.62
2021-03-08T10:59:11.939613300Z knots)1:regionSouth West                                               
2021-03-08T10:59:11.939620200Z ns(tstop, knots =                           0.51   0.24     2.10   0.04
2021-03-08T10:59:11.939627000Z knots)2:regionSouth West                                               
2021-03-08T10:59:11.939633800Z ns(tstop, knots =                           1.23   0.79     1.55   0.12
2021-03-08T10:59:11.939640700Z knots)1:regionWest Midlands                                            
2021-03-08T10:59:11.939647700Z ns(tstop, knots =                           0.09   0.43     0.22   0.83
2021-03-08T10:59:11.939654500Z knots)2:regionWest Midlands                                            
2021-03-08T10:59:11.939661300Z ns(tstop, knots =                           0.45   0.45     1.01   0.31
2021-03-08T10:59:11.939668100Z knots)1:regionYorkshire and                                            
2021-03-08T10:59:11.939674900Z The Humber                                                             
2021-03-08T10:59:11.939681800Z ns(tstop, knots =                           0.09   0.27     0.32   0.75
2021-03-08T10:59:11.939695300Z knots)2:regionYorkshire and                                            
2021-03-08T10:59:11.939702700Z The Humber                                                             
2021-03-08T10:59:11.939709600Z -----------------------------------------------------------------------
2021-03-08T11:11:32.283299600Z Saving 7 x 7 in image
2021-03-08T11:11:38.045153200Z `stat_bin()` using `bins = 30`. Pick better value with `binwidth`.
2021-03-08T11:12:35.387850300Z msmmod0 
2021-03-08T11:13:48.245080100Z Error in coefficients(msmmod4_par) : object 'msmmod4_par' not found
2021-03-08T11:13:48.245164100Z Calls: glm -> eval -> coefficients
2021-03-08T11:13:48.273376600Z Backtrace:
2021-03-08T11:13:48.273550000Z 1: coefficients(msmmod4_par)
2021-03-08T11:13:48.273727100Z 2: eval(call(if (is.function(method)) "method" else method, x = X, 
2021-03-08T11:13:48.273869300Z 3: glm(formula = update(outcome ~ 1, exposure_subgroup_interaction), 


state: failed
commit: 58e3a6a4837df9d166dc79c931394d8a868dfaef
docker_image_id: sha256:c7cb8c47c64952beb4dc7e1b4b0edaf95b0fa5cc1af3f796e073e4190413ec9e
exit_code: 1
job_id: tltl4uo2k44czv6h
run_by_user: wjchulme
created_at: 2021-03-08T09:54:37Z
started_at: 2021-03-08T10:18:43Z
completed_at: 2021-03-08T11:14:11Z

Job exited with an error code

outputs:
  output/over80s/postest/pfizer/sex/dose1/data_weights.rds       - highly_sensitive    
  output/over80s/postest/pfizer/sex/dose1/histogram_weights.svg  - moderately_sensitive
  output/over80s/postest/pfizer/sex/dose1/weights.txt            - moderately_sensitive