2021-04-18T20:48:46.254292000Z -- Attaching packages --------------------------------------- tidyverse 1.3.0 --
2021-04-18T20:48:46.265031200Z v ggplot2 3.3.2     v purrr   0.3.4
2021-04-18T20:48:46.265121700Z v tibble  3.0.3     v dplyr   1.0.2
2021-04-18T20:48:46.265130700Z v tidyr   1.1.2     v stringr 1.4.0
2021-04-18T20:48:46.265137700Z v readr   1.3.1     v forcats 0.5.0
2021-04-18T20:48:46.494688500Z -- Conflicts ------------------------------------------ tidyverse_conflicts() --
2021-04-18T20:48:46.494777000Z x dplyr::filter() masks stats::filter()
2021-04-18T20:48:46.494786200Z x dplyr::lag()    masks stats::lag()
2021-04-18T20:48:46.518079800Z 
2021-04-18T20:48:46.518170500Z Attaching package: 'glue'
2021-04-18T20:48:46.518178900Z 
2021-04-18T20:48:46.519713500Z The following object is masked from 'package:dplyr':
2021-04-18T20:48:46.519744700Z 
2021-04-18T20:48:46.519753000Z     collapse
2021-04-18T20:48:46.519760200Z 
2021-04-18T20:48:49.078556200Z 
2021-04-18T20:48:49.078615700Z Attaching package: 'lubridate'
2021-04-18T20:48:49.078623800Z 
2021-04-18T20:48:49.079227800Z The following objects are masked from 'package:base':
2021-04-18T20:48:49.079253500Z 
2021-04-18T20:48:49.079261900Z     date, intersect, setdiff, union
2021-04-18T20:48:49.079269000Z 
2021-04-18T20:48:49.493616000Z <environment: R_GlobalEnv>
2021-04-18T20:48:49.494188800Z <environment: R_GlobalEnv>
2021-04-18T20:49:19.163483300Z data_pt data size = 6514211 
2021-04-18T20:49:19.166178400Z   memory usage = 2.554 GB 
2021-04-18T20:49:19.791588300Z     
2021-04-18T20:49:19.791648000Z all   
2021-04-18T20:49:19.791658100Z   
2021-04-18T20:49:28.201920300Z   
2021-04-18T21:07:05.757068200Z vaxpfizer1  vaxpfizer1 data size = 5377253 
2021-04-18T21:07:19.458316700Z memory usage = 5.357 GB 
2021-04-18T21:07:19.458390200Z   
2021-04-18T21:14:27.162894300Z vaxpfizer1_fxd  vaxpfizer1_fxd data size = 5377253 
2021-04-18T21:14:47.455099400Z memory usage = 4.475 GB 
2021-04-18T21:18:45.359604600Z   
2021-04-18T21:25:10.028255300Z vaxaz1  vaxaz1 data size = 2701493 
2021-04-18T21:25:16.975388900Z memory usage = 2.692 GB 
2021-04-18T21:25:16.975505900Z   
2021-04-18T21:30:44.643309300Z vaxaz1_fxd  vaxaz1_fxd data size = 2701493 
2021-04-18T21:30:51.664907300Z memory usage = 2.249 GB 
2021-04-18T21:34:11.652958500Z   
2021-04-18T22:06:26.806971200Z death  death data size = 6514211 
2021-04-18T22:06:43.907417800Z memory usage = 6.516 GB 
2021-04-18T22:06:43.907546100Z   
2021-04-18T22:27:17.471150200Z death_fxd  death_fxd data size = 6514211 
2021-04-18T22:27:30.467675500Z memory usage = 5.421 GB 
2021-04-18T22:33:04.985239400Z Saving 7 x 7 in image
2021-04-18T22:33:08.629953600Z `stat_bin()` using `bins = 30`. Pick better value with `binwidth`.
2021-04-18T22:33:15.528569000Z   
2021-04-18T22:33:15.529034900Z data_weights data size = 6514211   
2021-04-18T22:33:15.529845300Z memory usage = 0.99 GB   
2021-04-18T22:33:37.133166300Z   
2021-04-18T22:33:37.133260100Z msmmod0 
2021-04-18T22:34:33.095197100Z MODEL INFO:
2021-04-18T22:34:33.095264900Z Observations: 6514211
2021-04-18T22:34:33.095274600Z Dependent Variable: 
2021-04-18T22:34:33.095282200Z Type: Generalized linear model
2021-04-18T22:34:33.095289800Z   Family: binomial 
2021-04-18T22:34:33.095297100Z   Link function: logit 
2021-04-18T22:34:33.095304600Z 
2021-04-18T22:34:33.097490600Z MODEL FIT:
2021-04-18T22:34:33.097567000Z <U+03C7><U+00B2>(6) = 35.516, p = 0.000
2021-04-18T22:34:33.097585500Z Pseudo-R<U+00B2> (Cragg-Uhler) = 
2021-04-18T22:34:33.097593800Z Pseudo-R<U+00B2> (McFadden) = 0.008
2021-04-18T22:34:33.097601800Z AIC = 4493.365, BIC = 4589.191 
2021-04-18T22:34:33.097609300Z 
2021-04-18T22:34:33.098037600Z Standard errors: MLE
2021-04-18T22:34:33.141896700Z ---------------------------------------------------------------------
2021-04-18T22:34:33.141923000Z                                     Est.      S.E.     z val.       p
2021-04-18T22:34:33.141932300Z ------------------------------ --------- --------- ---------- -------
2021-04-18T22:34:33.141940400Z (Intercept)                      -10.267     0.073   -140.390   0.000
2021-04-18T22:34:33.141948800Z timesincevax_pw(0,3]             -14.300   328.729     -0.043   0.965
2021-04-18T22:34:33.141956900Z timesincevax_pw(3,7]              -1.990     1.003     -1.984   0.047
2021-04-18T22:34:33.141965600Z timesincevax_pw(7,14]             -0.879     0.453     -1.940   0.052
2021-04-18T22:34:33.141974000Z timesincevax_pw(14,21]            -1.038     0.582     -1.783   0.075
2021-04-18T22:34:33.141982200Z timesincevax_pw(21,28]           -14.300   356.147     -0.040   0.968
2021-04-18T22:34:33.141990200Z timesincevax_pw(28, Inf]           0.298     0.711      0.419   0.675
2021-04-18T22:34:33.141998000Z ---------------------------------------------------------------------
2021-04-18T22:34:33.142590900Z msmmod0_par data size = 6514211 
2021-04-18T22:34:45.195233000Z memory usage = 3.779 GB 
2021-04-18T22:35:46.086851800Z   
2021-04-18T22:35:46.086917800Z msmmod1 
2021-04-18T22:37:37.049860300Z MODEL INFO:
2021-04-18T22:37:37.050007100Z Observations: 6514211
2021-04-18T22:37:37.050016900Z Dependent Variable: 
2021-04-18T22:37:37.050024000Z Type: Generalized linear model
2021-04-18T22:37:37.050031200Z   Family: binomial 
2021-04-18T22:37:37.050038200Z   Link function: logit 
2021-04-18T22:37:37.050045100Z 
2021-04-18T22:37:37.051946000Z MODEL FIT:
2021-04-18T22:37:37.052008200Z <U+03C7><U+00B2>(17) = 112.539, p = 0.000
2021-04-18T22:37:37.052017500Z Pseudo-R<U+00B2> (Cragg-Uhler) = 
2021-04-18T22:37:37.052025500Z Pseudo-R<U+00B2> (McFadden) = 0.025
2021-04-18T22:37:37.052033100Z AIC = 4438.341, BIC = 4684.752 
2021-04-18T22:37:37.052040100Z 
2021-04-18T22:37:37.052194600Z Standard errors: MLE
2021-04-18T22:37:37.125739400Z --------------------------------------------------------------------
2021-04-18T22:37:37.125835300Z                                      Est.      S.E.   z val.       p
2021-04-18T22:37:37.125845300Z ------------------------------- --------- --------- -------- -------
2021-04-18T22:37:37.125852600Z (Intercept)                       -34.113    57.449   -0.594   0.553
2021-04-18T22:37:37.125859900Z timesincevax_pw(0,3]              -14.224   321.892   -0.044   0.965
2021-04-18T22:37:37.125867300Z timesincevax_pw(3,7]               -1.955     1.003   -1.950   0.051
2021-04-18T22:37:37.125874500Z timesincevax_pw(7,14]              -0.852     0.453   -1.880   0.060
2021-04-18T22:37:37.125881800Z timesincevax_pw(14,21]             -1.079     0.582   -1.853   0.064
2021-04-18T22:37:37.125889200Z timesincevax_pw(21,28]            -14.385   349.263   -0.041   0.967
2021-04-18T22:37:37.125896600Z timesincevax_pw(28, Inf]            0.103     0.712    0.145   0.885
2021-04-18T22:37:37.125903800Z poly(age, degree = 2, raw =         0.525     1.543    0.341   0.733
2021-04-18T22:37:37.125911000Z TRUE)1                                                              
2021-04-18T22:37:37.125918300Z poly(age, degree = 2, raw =        -0.003     0.010   -0.265   0.791
2021-04-18T22:37:37.125925400Z TRUE)2                                                              
2021-04-18T22:37:37.125932600Z sexMale                             0.721     0.149    4.848   0.000
2021-04-18T22:37:37.125939900Z imd2                                0.024     0.206    0.116   0.907
2021-04-18T22:37:37.125947100Z imd3                               -0.599     0.225   -2.664   0.008
2021-04-18T22:37:37.125954400Z imd4                               -0.767     0.236   -3.250   0.001
2021-04-18T22:37:37.125961600Z imd5 least deprived                -0.757     0.236   -3.203   0.001
2021-04-18T22:37:37.125969000Z ethnicityBlack                      0.833     0.457    1.824   0.068
2021-04-18T22:37:37.125976100Z ethnicitySouth Asian                0.468     0.327    1.432   0.152
2021-04-18T22:37:37.126011200Z ethnicityMixed                    -14.134   897.006   -0.016   0.987
2021-04-18T22:37:37.126021100Z ethnicityOther                      0.195     0.711    0.275   0.784
2021-04-18T22:37:37.126028300Z --------------------------------------------------------------------
2021-04-18T22:37:37.126118800Z msmmod1_par data size = 6514211 
2021-04-18T22:37:50.163776000Z memory usage = 3.779 GB 
2021-04-18T22:38:52.687063600Z   
2021-04-18T22:38:52.687189200Z msmmod2 
2021-04-18T22:46:33.780779400Z MODEL INFO:
2021-04-18T22:46:33.780874800Z Observations: 6514211
2021-04-18T22:46:33.780884100Z Dependent Variable: 
2021-04-18T22:46:33.780891800Z Type: Generalized linear model
2021-04-18T22:46:33.780899300Z   Family: binomial 
2021-04-18T22:46:33.780906600Z   Link function: logit 
2021-04-18T22:46:33.780914000Z 
2021-04-18T22:46:33.782451000Z MODEL FIT:
2021-04-18T22:46:33.782465800Z <U+03C7><U+00B2>(40) = 293.591, p = 0.000
2021-04-18T22:46:33.782475200Z Pseudo-R<U+00B2> (Cragg-Uhler) = 
2021-04-18T22:46:33.782483200Z Pseudo-R<U+00B2> (McFadden) = 0.065
2021-04-18T22:46:33.782490800Z AIC = 4303.290, BIC = 4864.560 
2021-04-18T22:46:33.782498700Z 
2021-04-18T22:46:33.782712700Z Standard errors: MLE
2021-04-18T22:46:33.912075300Z -----------------------------------------------------------------------
2021-04-18T22:46:33.912156800Z                                        Est.       S.E.   z val.       p
2021-04-18T22:46:33.912166000Z --------------------------------- --------- ---------- -------- -------
2021-04-18T22:46:33.912174000Z (Intercept)                         -35.090     57.373   -0.612   0.541
2021-04-18T22:46:33.912181600Z timesincevax_pw(0,3]                -14.164    309.985   -0.046   0.964
2021-04-18T22:46:33.912189400Z timesincevax_pw(3,7]                 -1.966      1.003   -1.961   0.050
2021-04-18T22:46:33.912196900Z timesincevax_pw(7,14]                -0.859      0.453   -1.896   0.058
2021-04-18T22:46:33.912204700Z timesincevax_pw(14,21]               -1.084      0.582   -1.862   0.063
2021-04-18T22:46:33.912212400Z timesincevax_pw(21,28]              -14.323    336.053   -0.043   0.966
2021-04-18T22:46:33.912220000Z timesincevax_pw(28, Inf]              0.013      0.712    0.019   0.985
2021-04-18T22:46:33.912227900Z poly(age, degree = 2, raw =           0.548      1.541    0.356   0.722
2021-04-18T22:46:33.912235700Z TRUE)1                                                                 
2021-04-18T22:46:33.912243300Z poly(age, degree = 2, raw =          -0.003      0.010   -0.299   0.765
2021-04-18T22:46:33.912250800Z TRUE)2                                                                 
2021-04-18T22:46:33.912258400Z sexMale                               0.623      0.152    4.087   0.000
2021-04-18T22:46:33.912306100Z imd2                                  0.204      0.207    0.985   0.325
2021-04-18T22:46:33.912314500Z imd3                                 -0.315      0.228   -1.382   0.167
2021-04-18T22:46:33.912321700Z imd4                                 -0.449      0.240   -1.875   0.061
2021-04-18T22:46:33.912328600Z imd5 least deprived                  -0.381      0.241   -1.580   0.114
2021-04-18T22:46:33.912335500Z ethnicityBlack                        1.005      0.461    2.181   0.029
2021-04-18T22:46:33.912342500Z ethnicitySouth Asian                  0.530      0.335    1.583   0.113
2021-04-18T22:46:33.912349300Z ethnicityMixed                      -14.044    866.805   -0.016   0.987
2021-04-18T22:46:33.912356300Z ethnicityOther                        0.365      0.713    0.511   0.609
2021-04-18T22:46:33.912363300Z bmiObese I (30-34.9)                  0.164      0.189    0.869   0.385
2021-04-18T22:46:33.912370300Z bmiObese II (35-39.9)                 0.610      0.243    2.513   0.012
2021-04-18T22:46:33.912377900Z bmiObese III (40+)                    1.156      0.284    4.074   0.000
2021-04-18T22:46:33.912385100Z chronic_cardiac_disease              -0.732      0.526   -1.391   0.164
2021-04-18T22:46:33.912392200Z heart_failure                         0.601      0.262    2.297   0.022
2021-04-18T22:46:33.912400500Z other_heart_disease                   1.079      0.497    2.171   0.030
2021-04-18T22:46:33.912408400Z dialysis                              0.854      0.723    1.181   0.238
2021-04-18T22:46:33.912415700Z diabetes                              0.302      0.157    1.922   0.055
2021-04-18T22:46:33.912423200Z chronic_liver_disease                 1.101      0.347    3.172   0.002
2021-04-18T22:46:33.912430200Z current_copd                          0.605      0.185    3.271   0.001
2021-04-18T22:46:33.912437300Z other_resp_conditions                 0.838      0.222    3.770   0.000
2021-04-18T22:46:33.912444900Z lung_cancer                           0.366      0.518    0.708   0.479
2021-04-18T22:46:33.912451900Z haematological_cancer                 0.170      0.462    0.369   0.712
2021-04-18T22:46:33.912458800Z cancer_excl_lung_and_haem             0.562      0.176    3.187   0.001
2021-04-18T22:46:33.912465900Z chemo_or_radio                        0.504      0.293    1.721   0.085
2021-04-18T22:46:33.912472900Z permanant_immunosuppression         -14.403   1578.745   -0.009   0.993
2021-04-18T22:46:33.912479900Z asplenia                              1.165      0.716    1.628   0.103
2021-04-18T22:46:33.912487300Z dmards                                0.493      0.292    1.687   0.092
2021-04-18T22:46:33.912495000Z dementia                              1.529      0.218    7.026   0.000
2021-04-18T22:46:33.912502300Z other_neuro_conditions                0.766      0.306    2.508   0.012
2021-04-18T22:46:33.912509500Z LD_incl_DS_and_CP                     1.582      0.594    2.666   0.008
2021-04-18T22:46:33.912526100Z psychosis_schiz_bipolar               0.584      0.422    1.382   0.167
2021-04-18T22:46:33.912534000Z flu_vaccine                           0.147      0.221    0.664   0.507
2021-04-18T22:46:33.912541100Z -----------------------------------------------------------------------
2021-04-18T22:46:33.912551400Z msmmod2_par data size = 6514211 
2021-04-18T22:46:45.602868200Z memory usage = 3.779 GB 
2021-04-18T22:47:46.023244100Z   
2021-04-18T22:47:46.023315300Z msmmod3 
2021-04-18T23:13:22.404389300Z MODEL INFO:
2021-04-18T23:13:22.404504000Z Observations: 6514211
2021-04-18T23:13:22.404514000Z Dependent Variable: 
2021-04-18T23:13:22.404521900Z Type: Generalized linear model
2021-04-18T23:13:22.404529400Z   Family: binomial 
2021-04-18T23:13:22.404536900Z   Link function: logit 
2021-04-18T23:13:22.404544900Z 
2021-04-18T23:13:22.406585100Z MODEL FIT:
2021-04-18T23:13:22.406683400Z <U+03C7><U+00B2>(84) = 535.648, p = 0.000
2021-04-18T23:13:22.406694600Z Pseudo-R<U+00B2> (Cragg-Uhler) = 
2021-04-18T23:13:22.406702400Z Pseudo-R<U+00B2> (McFadden) = 0.119
2021-04-18T23:13:22.406710100Z AIC = 4149.233, BIC = 5312.840 
2021-04-18T23:13:22.406717600Z 
2021-04-18T23:13:22.406725100Z Standard errors: MLE
2021-04-18T23:13:22.748912100Z ------------------------------------------------------------------------
2021-04-18T23:13:22.749007200Z                                         Est.       S.E.   z val.       p
2021-04-18T23:13:22.749016800Z --------------------------------- ---------- ---------- -------- -------
2021-04-18T23:13:22.749024700Z (Intercept)                          -41.671     58.295   -0.715   0.475
2021-04-18T23:13:22.749032900Z timesincevax_pw(0,3]                 -15.103    304.871   -0.050   0.960
2021-04-18T23:13:22.749040900Z timesincevax_pw(3,7]                  -3.077      1.009   -3.050   0.002
2021-04-18T23:13:22.749049700Z timesincevax_pw(7,14]                 -2.193      0.480   -4.567   0.000
2021-04-18T23:13:22.749057300Z timesincevax_pw(14,21]                -2.607      0.617   -4.225   0.000
2021-04-18T23:13:22.749065600Z timesincevax_pw(21,28]               -16.039    326.433   -0.049   0.961
2021-04-18T23:13:22.749072900Z timesincevax_pw(28, Inf]              -1.971      0.776   -2.542   0.011
2021-04-18T23:13:22.749080500Z poly(age, degree = 2, raw =            0.554      1.564    0.354   0.723
2021-04-18T23:13:22.749088000Z TRUE)1                                                                  
2021-04-18T23:13:22.749095400Z poly(age, degree = 2, raw =           -0.003      0.010   -0.278   0.781
2021-04-18T23:13:22.749102900Z TRUE)2                                                                  
2021-04-18T23:13:22.749110300Z sexMale                                0.643      0.152    4.219   0.000
2021-04-18T23:13:22.749148100Z imd2                                   0.297      0.211    1.407   0.160
2021-04-18T23:13:22.749156200Z imd3                                  -0.218      0.234   -0.932   0.351
2021-04-18T23:13:22.749163400Z imd4                                  -0.298      0.246   -1.208   0.227
2021-04-18T23:13:22.749170500Z imd5 least deprived                   -0.256      0.247   -1.036   0.300
2021-04-18T23:13:22.749177500Z ethnicityBlack                         0.787      0.472    1.669   0.095
2021-04-18T23:13:22.749184500Z ethnicitySouth Asian                   0.331      0.344    0.962   0.336
2021-04-18T23:13:22.749191600Z ethnicityMixed                       -14.044    803.255   -0.017   0.986
2021-04-18T23:13:22.749198700Z ethnicityOther                         0.325      0.718    0.453   0.651
2021-04-18T23:13:22.749205800Z bmiObese I (30-34.9)                   0.180      0.190    0.946   0.344
2021-04-18T23:13:22.749212800Z bmiObese II (35-39.9)                  0.600      0.243    2.469   0.014
2021-04-18T23:13:22.749219800Z bmiObese III (40+)                     1.114      0.285    3.907   0.000
2021-04-18T23:13:22.749227100Z chronic_cardiac_disease               -0.739      0.526   -1.404   0.160
2021-04-18T23:13:22.749234200Z heart_failure                          0.628      0.262    2.393   0.017
2021-04-18T23:13:22.749243500Z other_heart_disease                    1.101      0.497    2.215   0.027
2021-04-18T23:13:22.749250800Z dialysis                               1.030      0.722    1.428   0.153
2021-04-18T23:13:22.749257900Z diabetes                               0.323      0.158    2.042   0.041
2021-04-18T23:13:22.749264900Z chronic_liver_disease                  1.187      0.349    3.406   0.001
2021-04-18T23:13:22.749272500Z current_copd                           0.614      0.184    3.329   0.001
2021-04-18T23:13:22.749279500Z other_resp_conditions                  0.824      0.222    3.713   0.000
2021-04-18T23:13:22.749286700Z lung_cancer                            0.377      0.517    0.728   0.466
2021-04-18T23:13:22.749293800Z haematological_cancer                  0.204      0.461    0.443   0.658
2021-04-18T23:13:22.749301000Z cancer_excl_lung_and_haem              0.560      0.177    3.157   0.002
2021-04-18T23:13:22.749308100Z chemo_or_radio                         0.520      0.293    1.777   0.076
2021-04-18T23:13:22.749327500Z permanant_immunosuppression          -14.329   1477.814   -0.010   0.992
2021-04-18T23:13:22.749335400Z asplenia                               1.143      0.719    1.591   0.112
2021-04-18T23:13:22.749342600Z dmards                                 0.492      0.293    1.681   0.093
2021-04-18T23:13:22.749349900Z dementia                               1.460      0.218    6.700   0.000
2021-04-18T23:13:22.749356900Z other_neuro_conditions                 0.810      0.304    2.660   0.008
2021-04-18T23:13:22.749363800Z LD_incl_DS_and_CP                      1.387      0.595    2.330   0.020
2021-04-18T23:13:22.749380000Z psychosis_schiz_bipolar                0.541      0.423    1.277   0.201
2021-04-18T23:13:22.749387800Z flu_vaccine                            0.317      0.224    1.415   0.157
2021-04-18T23:13:22.749395400Z ns(tstop, df = 4)1                     5.952      2.373    2.508   0.012
2021-04-18T23:13:22.749402500Z ns(tstop, df = 4)2                     3.776      1.783    2.118   0.034
2021-04-18T23:13:22.749409400Z ns(tstop, df = 4)3                    10.637      5.154    2.064   0.039
2021-04-18T23:13:22.749416300Z ns(tstop, df = 4)4                     4.598      1.073    4.284   0.000
2021-04-18T23:13:22.749423200Z regionEast Midlands                  -19.086     17.294   -1.104   0.270
2021-04-18T23:13:22.749430100Z regionLondon                         -11.509     20.035   -0.574   0.566
2021-04-18T23:13:22.749436900Z regionNorth East                      -0.368      6.542   -0.056   0.955
2021-04-18T23:13:22.749443800Z regionNorth West                       1.383      3.628    0.381   0.703
2021-04-18T23:13:22.749450600Z regionSouth East                    -115.872     94.791   -1.222   0.222
2021-04-18T23:13:22.749457500Z regionSouth West                      -8.179     15.232   -0.537   0.591
2021-04-18T23:13:22.749464900Z regionWest Midlands                  -44.137     39.389   -1.121   0.262
2021-04-18T23:13:22.749471900Z regionYorkshire and The                2.079      3.367    0.617   0.537
2021-04-18T23:13:22.749478900Z Humber                                                                  
2021-04-18T23:13:22.749485800Z ns(tstop, df =                        17.704     16.893    1.048   0.295
2021-04-18T23:13:22.749492700Z 4)1:regionEast Midlands                                                 
2021-04-18T23:13:22.749499600Z ns(tstop, df =                        14.237     11.787    1.208   0.227
2021-04-18T23:13:22.749506500Z 4)2:regionEast Midlands                                                 
2021-04-18T23:13:22.749513300Z ns(tstop, df =                        36.003     33.216    1.084   0.278
2021-04-18T23:13:22.749520200Z 4)3:regionEast Midlands                                                 
2021-04-18T23:13:22.749527500Z ns(tstop, df =                         6.760      7.127    0.948   0.343
2021-04-18T23:13:22.749534700Z 4)4:regionEast Midlands                                                 
2021-04-18T23:13:22.749541900Z ns(tstop, df =                        10.830     19.131    0.566   0.571
2021-04-18T23:13:22.749548800Z 4)1:regionLondon                                                        
2021-04-18T23:13:22.749555700Z ns(tstop, df =                         6.921     14.013    0.494   0.621
2021-04-18T23:13:22.749562600Z 4)2:regionLondon                                                        
2021-04-18T23:13:22.749569500Z ns(tstop, df =                        19.982     39.110    0.511   0.609
2021-04-18T23:13:22.749576300Z 4)3:regionLondon                                                        
2021-04-18T23:13:22.749592100Z ns(tstop, df =                         1.449      8.062    0.180   0.857
2021-04-18T23:13:22.749599500Z 4)4:regionLondon                                                        
2021-04-18T23:13:22.749606400Z ns(tstop, df =                        -2.624      6.143   -0.427   0.669
2021-04-18T23:13:22.749613300Z 4)1:regionNorth East                                                    
2021-04-18T23:13:22.749620100Z ns(tstop, df =                         1.961      4.515    0.434   0.664
2021-04-18T23:13:22.749626900Z 4)2:regionNorth East                                                    
2021-04-18T23:13:22.749633800Z ns(tstop, df =                         0.485     13.656    0.036   0.972
2021-04-18T23:13:22.749640700Z 4)3:regionNorth East                                                    
2021-04-18T23:13:22.749647600Z ns(tstop, df =                        -1.774      2.904   -0.611   0.541
2021-04-18T23:13:22.749654500Z 4)4:regionNorth East                                                    
2021-04-18T23:13:22.749661500Z ns(tstop, df =                        -2.574      3.405   -0.756   0.450
2021-04-18T23:13:22.749669200Z 4)1:regionNorth West                                                    
2021-04-18T23:13:22.749676200Z ns(tstop, df =                        -2.567      2.689   -0.954   0.340
2021-04-18T23:13:22.749683100Z 4)2:regionNorth West                                                    
2021-04-18T23:13:22.749690000Z ns(tstop, df =                        -2.374      7.634   -0.311   0.756
2021-04-18T23:13:22.749696900Z 4)3:regionNorth West                                                    
2021-04-18T23:13:22.749703900Z ns(tstop, df =                         0.404      1.533    0.263   0.792
2021-04-18T23:13:22.749710800Z 4)4:regionNorth West                                                    
2021-04-18T23:13:22.749717700Z ns(tstop, df =                       111.459     93.458    1.193   0.233
2021-04-18T23:13:22.749724600Z 4)1:regionSouth East                                                    
2021-04-18T23:13:22.749731600Z ns(tstop, df =                        81.913     65.361    1.253   0.210
2021-04-18T23:13:22.749738500Z 4)2:regionSouth East                                                    
2021-04-18T23:13:22.749745400Z ns(tstop, df =                       217.286    178.025    1.221   0.222
2021-04-18T23:13:22.749752200Z 4)3:regionSouth East                                                    
2021-04-18T23:13:22.749759200Z ns(tstop, df =                        40.869     39.822    1.026   0.305
2021-04-18T23:13:22.749766100Z 4)4:regionSouth East                                                    
2021-04-18T23:13:22.749773000Z ns(tstop, df =                         6.296     14.643    0.430   0.667
2021-04-18T23:13:22.749779800Z 4)1:regionSouth West                                                    
2021-04-18T23:13:22.749786900Z ns(tstop, df =                         4.975     10.335    0.481   0.630
2021-04-18T23:13:22.749802100Z 4)2:regionSouth West                                                    
2021-04-18T23:13:22.749809600Z ns(tstop, df =                        14.275     29.901    0.477   0.633
2021-04-18T23:13:22.749816700Z 4)3:regionSouth West                                                    
2021-04-18T23:13:22.749823600Z ns(tstop, df =                         3.693      6.025    0.613   0.540
2021-04-18T23:13:22.749830600Z 4)4:regionSouth West                                                    
2021-04-18T23:13:22.749837400Z ns(tstop, df =                        43.205     38.655    1.118   0.264
2021-04-18T23:13:22.749844300Z 4)1:regionWest Midlands                                                 
2021-04-18T23:13:22.749851200Z ns(tstop, df =                        32.079     27.085    1.184   0.236
2021-04-18T23:13:22.749858100Z 4)2:regionWest Midlands                                                 
2021-04-18T23:13:22.749865000Z ns(tstop, df =                        83.993     74.680    1.125   0.261
2021-04-18T23:13:22.749872500Z 4)3:regionWest Midlands                                                 
2021-04-18T23:13:22.749879500Z ns(tstop, df =                        14.758     16.447    0.897   0.370
2021-04-18T23:13:22.749886500Z 4)4:regionWest Midlands                                                 
2021-04-18T23:13:22.749893400Z ns(tstop, df =                        -4.494      3.250   -1.383   0.167
2021-04-18T23:13:22.749900300Z 4)1:regionYorkshire and The                                             
2021-04-18T23:13:22.749907200Z Humber                                                                  
2021-04-18T23:13:22.749914100Z ns(tstop, df =                        -0.288      2.404   -0.120   0.905
2021-04-18T23:13:22.749921000Z 4)2:regionYorkshire and The                                             
2021-04-18T23:13:22.749928000Z Humber                                                                  
2021-04-18T23:13:22.749934900Z ns(tstop, df =                        -4.926      7.188   -0.685   0.493
2021-04-18T23:13:22.749941800Z 4)3:regionYorkshire and The                                             
2021-04-18T23:13:22.749948600Z Humber                                                                  
2021-04-18T23:13:22.749955500Z ns(tstop, df =                        -0.536      1.611   -0.333   0.739
2021-04-18T23:13:22.749962400Z 4)4:regionYorkshire and The                                             
2021-04-18T23:13:22.749969300Z Humber                                                                  
2021-04-18T23:13:22.749976300Z ------------------------------------------------------------------------
2021-04-18T23:13:22.750301000Z msmmod3_par data size = 6514211 
2021-04-18T23:13:36.089309000Z memory usage = 3.779 GB 
2021-04-18T23:14:51.412386500Z   
2021-04-18T23:14:51.412466700Z msmmod4 
2021-04-18T23:41:15.937987100Z MODEL INFO:
2021-04-18T23:41:15.938061800Z Observations: 6514211
2021-04-18T23:41:15.938071000Z Dependent Variable: 
2021-04-18T23:41:15.938078800Z Type: Generalized linear model
2021-04-18T23:41:15.938086200Z   Family: binomial 
2021-04-18T23:41:15.938093700Z   Link function: logit 
2021-04-18T23:41:15.938102100Z 
2021-04-18T23:41:15.940335200Z MODEL FIT:
2021-04-18T23:41:15.940370700Z <U+03C7><U+00B2>(84) = 413.103, p = 0.000
2021-04-18T23:41:15.940381700Z Pseudo-R<U+00B2> (Cragg-Uhler) = 
2021-04-18T23:41:15.940389500Z Pseudo-R<U+00B2> (McFadden) = 0.112
2021-04-18T23:41:15.940397300Z AIC = 3545.795, BIC = 4709.402 
2021-04-18T23:41:15.940404900Z 
2021-04-18T23:41:15.940412400Z Standard errors: MLE
2021-04-18T23:41:16.218645800Z ------------------------------------------------------------------------
2021-04-18T23:41:16.218719700Z                                         Est.       S.E.   z val.       p
2021-04-18T23:41:16.218729100Z --------------------------------- ---------- ---------- -------- -------
2021-04-18T23:41:16.218737100Z (Intercept)                          -55.969     65.257   -0.858   0.391
2021-04-18T23:41:16.218744800Z timesincevax_pw(0,3]                 -14.330    302.868   -0.047   0.962
2021-04-18T23:41:16.218752500Z timesincevax_pw(3,7]                  -2.156      1.027   -2.100   0.036
2021-04-18T23:41:16.218760200Z timesincevax_pw(7,14]                 -0.838      0.491   -1.706   0.088
2021-04-18T23:41:16.218767700Z timesincevax_pw(14,21]                -1.103      0.669   -1.649   0.099
2021-04-18T23:41:16.218775600Z timesincevax_pw(21,28]               -14.259    321.342   -0.044   0.965
2021-04-18T23:41:16.218783000Z timesincevax_pw(28, Inf]              -0.104      0.880   -0.118   0.906
2021-04-18T23:41:16.218790900Z poly(age, degree = 2, raw =            0.986      1.753    0.563   0.574
2021-04-18T23:41:16.218798500Z TRUE)1                                                                  
2021-04-18T23:41:16.218805900Z poly(age, degree = 2, raw =           -0.006      0.012   -0.515   0.607
2021-04-18T23:41:16.218813300Z TRUE)2                                                                  
2021-04-18T23:41:16.218821100Z sexMale                                0.613      0.170    3.595   0.000
2021-04-18T23:41:16.218828900Z imd2                                   0.254      0.230    1.105   0.269
2021-04-18T23:41:16.218837800Z imd3                                  -0.360      0.260   -1.384   0.166
2021-04-18T23:41:16.218845600Z imd4                                  -0.444      0.274   -1.619   0.105
2021-04-18T23:41:16.218853400Z imd5 least deprived                   -0.419      0.278   -1.510   0.131
2021-04-18T23:41:16.218860900Z ethnicityBlack                         1.135      0.481    2.361   0.018
2021-04-18T23:41:16.218887500Z ethnicitySouth Asian                   0.496      0.370    1.343   0.179
2021-04-18T23:41:16.218895700Z ethnicityMixed                       -13.721    811.310   -0.017   0.987
2021-04-18T23:41:16.218903000Z ethnicityOther                         0.530      0.741    0.715   0.475
2021-04-18T23:41:16.218910000Z bmiObese I (30-34.9)                   0.217      0.210    1.035   0.301
2021-04-18T23:41:16.218917200Z bmiObese II (35-39.9)                  0.633      0.266    2.377   0.017
2021-04-18T23:41:16.218924600Z bmiObese III (40+)                     1.275      0.298    4.284   0.000
2021-04-18T23:41:16.218931700Z chronic_cardiac_disease               -0.608      0.569   -1.069   0.285
2021-04-18T23:41:16.218939200Z heart_failure                          0.600      0.284    2.109   0.035
2021-04-18T23:41:16.218947900Z other_heart_disease                    1.058      0.536    1.973   0.048
2021-04-18T23:41:16.218955000Z dialysis                               1.215      0.726    1.672   0.095
2021-04-18T23:41:16.218962000Z diabetes                               0.443      0.175    2.535   0.011
2021-04-18T23:41:16.218969600Z chronic_liver_disease                  1.398      0.355    3.938   0.000
2021-04-18T23:41:16.218977700Z current_copd                           0.638      0.205    3.115   0.002
2021-04-18T23:41:16.218984500Z other_resp_conditions                  0.854      0.246    3.472   0.001
2021-04-18T23:41:16.218991700Z lung_cancer                           -0.026      0.717   -0.037   0.971
2021-04-18T23:41:16.218998700Z haematological_cancer                  0.275      0.499    0.551   0.582
2021-04-18T23:41:16.219005900Z cancer_excl_lung_and_haem              0.504      0.201    2.508   0.012
2021-04-18T23:41:16.219013200Z chemo_or_radio                         0.526      0.336    1.566   0.117
2021-04-18T23:41:16.219020300Z permanant_immunosuppression          -14.126   1481.147   -0.010   0.992
2021-04-18T23:41:16.219027000Z asplenia                               1.317      0.722    1.826   0.068
2021-04-18T23:41:16.219033900Z dmards                                 0.409      0.331    1.233   0.218
2021-04-18T23:41:16.219041700Z dementia                               1.336      0.258    5.186   0.000
2021-04-18T23:41:16.219049000Z other_neuro_conditions                 0.847      0.336    2.519   0.012
2021-04-18T23:41:16.219055900Z LD_incl_DS_and_CP                      1.646      0.615    2.678   0.007
2021-04-18T23:41:16.219062900Z psychosis_schiz_bipolar                0.785      0.431    1.821   0.069
2021-04-18T23:41:16.219069900Z flu_vaccine                            0.053      0.238    0.224   0.823
2021-04-18T23:41:16.219077100Z ns(tstop, df = 4)1                     5.919      2.329    2.541   0.011
2021-04-18T23:41:16.219087300Z ns(tstop, df = 4)2                     3.325      1.818    1.829   0.067
2021-04-18T23:41:16.219094400Z ns(tstop, df = 4)3                     8.988      5.108    1.760   0.078
2021-04-18T23:41:16.219109200Z ns(tstop, df = 4)4                     2.757      1.228    2.246   0.025
2021-04-18T23:41:16.219116800Z regionEast Midlands                  -16.998     16.893   -1.006   0.314
2021-04-18T23:41:16.219123700Z regionLondon                         -10.992     21.454   -0.512   0.608
2021-04-18T23:41:16.219130600Z regionNorth East                      -0.303      6.336   -0.048   0.962
2021-04-18T23:41:16.219137400Z regionNorth West                       1.449      3.532    0.410   0.682
2021-04-18T23:41:16.219144200Z regionSouth East                    -110.535     97.314   -1.136   0.256
2021-04-18T23:41:16.219151000Z regionSouth West                     -10.221     16.844   -0.607   0.544
2021-04-18T23:41:16.219158500Z regionWest Midlands                  -36.662     37.941   -0.966   0.334
2021-04-18T23:41:16.219165700Z regionYorkshire and The                1.816      3.370    0.539   0.590
2021-04-18T23:41:16.219172600Z Humber                                                                  
2021-04-18T23:41:16.219179500Z ns(tstop, df =                        15.709     16.426    0.956   0.339
2021-04-18T23:41:16.219186400Z 4)1:regionEast Midlands                                                 
2021-04-18T23:41:16.219193200Z ns(tstop, df =                        12.899     11.605    1.112   0.266
2021-04-18T23:41:16.219200000Z 4)2:regionEast Midlands                                                 
2021-04-18T23:41:16.219207000Z ns(tstop, df =                        31.315     32.474    0.964   0.335
2021-04-18T23:41:16.219214100Z 4)3:regionEast Midlands                                                 
2021-04-18T23:41:16.219220800Z ns(tstop, df =                         5.089      6.909    0.737   0.461
2021-04-18T23:41:16.219227800Z 4)4:regionEast Midlands                                                 
2021-04-18T23:41:16.219234600Z ns(tstop, df =                        10.046     19.876    0.505   0.613
2021-04-18T23:41:16.219241400Z 4)1:regionLondon                                                        
2021-04-18T23:41:16.219248200Z ns(tstop, df =                         7.121     16.964    0.420   0.675
2021-04-18T23:41:16.219255100Z 4)2:regionLondon                                                        
2021-04-18T23:41:16.219261900Z ns(tstop, df =                        11.534     39.971    0.289   0.773
2021-04-18T23:41:16.219268700Z 4)3:regionLondon                                                        
2021-04-18T23:41:16.219275500Z ns(tstop, df =                       -10.330     29.304   -0.353   0.724
2021-04-18T23:41:16.219282400Z 4)4:regionLondon                                                        
2021-04-18T23:41:16.219289300Z ns(tstop, df =                        -2.636      5.938   -0.444   0.657
2021-04-18T23:41:16.219296100Z 4)1:regionNorth East                                                    
2021-04-18T23:41:16.219303000Z ns(tstop, df =                         1.649      4.437    0.372   0.710
2021-04-18T23:41:16.219317700Z 4)2:regionNorth East                                                    
2021-04-18T23:41:16.219325400Z ns(tstop, df =                         0.946     13.295    0.071   0.943
2021-04-18T23:41:16.219332300Z 4)3:regionNorth East                                                    
2021-04-18T23:41:16.219339100Z ns(tstop, df =                        -0.446      2.834   -0.157   0.875
2021-04-18T23:41:16.219345900Z 4)4:regionNorth East                                                    
2021-04-18T23:41:16.219352800Z ns(tstop, df =                        -2.447      3.307   -0.740   0.459
2021-04-18T23:41:16.219360600Z 4)1:regionNorth West                                                    
2021-04-18T23:41:16.219367700Z ns(tstop, df =                        -3.074      2.863   -1.074   0.283
2021-04-18T23:41:16.219374600Z 4)2:regionNorth West                                                    
2021-04-18T23:41:16.219381300Z ns(tstop, df =                        -3.011      7.496   -0.402   0.688
2021-04-18T23:41:16.219388300Z 4)3:regionNorth West                                                    
2021-04-18T23:41:16.219395100Z ns(tstop, df =                         0.230      1.714    0.134   0.893
2021-04-18T23:41:16.219401900Z 4)4:regionNorth West                                                    
2021-04-18T23:41:16.219408800Z ns(tstop, df =                       106.282     95.762    1.110   0.267
2021-04-18T23:41:16.219415700Z 4)1:regionSouth East                                                    
2021-04-18T23:41:16.219422700Z ns(tstop, df =                        78.372     67.345    1.164   0.245
2021-04-18T23:41:16.219429500Z 4)2:regionSouth East                                                    
2021-04-18T23:41:16.219436400Z ns(tstop, df =                       206.280    182.468    1.131   0.258
2021-04-18T23:41:16.219443400Z 4)3:regionSouth East                                                    
2021-04-18T23:41:16.219450400Z ns(tstop, df =                        37.466     40.164    0.933   0.351
2021-04-18T23:41:16.219457300Z 4)4:regionSouth East                                                    
2021-04-18T23:41:16.219464400Z ns(tstop, df =                         7.860     16.140    0.487   0.626
2021-04-18T23:41:16.219471200Z 4)1:regionSouth West                                                    
2021-04-18T23:41:16.219478100Z ns(tstop, df =                         6.881     11.533    0.597   0.551
2021-04-18T23:41:16.219484900Z 4)2:regionSouth West                                                    
2021-04-18T23:41:16.219491900Z ns(tstop, df =                        18.195     33.017    0.551   0.582
2021-04-18T23:41:16.219498700Z 4)3:regionSouth West                                                    
2021-04-18T23:41:16.219505700Z ns(tstop, df =                         3.310      6.691    0.495   0.621
2021-04-18T23:41:16.219512900Z 4)4:regionSouth West                                                    
2021-04-18T23:41:16.219519700Z ns(tstop, df =                        36.049     37.080    0.972   0.331
2021-04-18T23:41:16.219534200Z 4)1:regionWest Midlands                                                 
2021-04-18T23:41:16.219542000Z ns(tstop, df =                        26.631     26.280    1.013   0.311
2021-04-18T23:41:16.219548900Z 4)2:regionWest Midlands                                                 
2021-04-18T23:41:16.219555800Z ns(tstop, df =                        68.670     71.904    0.955   0.340
2021-04-18T23:41:16.219563200Z 4)3:regionWest Midlands                                                 
2021-04-18T23:41:16.219570200Z ns(tstop, df =                        11.029     15.597    0.707   0.479
2021-04-18T23:41:16.219577400Z 4)4:regionWest Midlands                                                 
2021-04-18T23:41:16.219584300Z ns(tstop, df =                        -4.530      3.250   -1.394   0.163
2021-04-18T23:41:16.219591200Z 4)1:regionYorkshire and The                                             
2021-04-18T23:41:16.219598100Z Humber                                                                  
2021-04-18T23:41:16.219605200Z ns(tstop, df =                         0.027      2.500    0.011   0.991
2021-04-18T23:41:16.219612100Z 4)2:regionYorkshire and The                                             
2021-04-18T23:41:16.219619100Z Humber                                                                  
2021-04-18T23:41:16.219626000Z ns(tstop, df =                        -4.231      7.227   -0.585   0.558
2021-04-18T23:41:16.219633300Z 4)3:regionYorkshire and The                                             
2021-04-18T23:41:16.219640200Z Humber                                                                  
2021-04-18T23:41:16.219647100Z ns(tstop, df =                        -0.548      1.821   -0.301   0.763
2021-04-18T23:41:16.219654000Z 4)4:regionYorkshire and The                                             
2021-04-18T23:41:16.219661200Z Humber                                                                  
2021-04-18T23:41:16.219668100Z ------------------------------------------------------------------------
2021-04-18T23:41:16.219675100Z msmmod4_par data size = 6514211 
2021-04-18T23:41:29.181871700Z memory usage = 3.779 GB 
2021-04-18T23:42:51.477748700Z NULL
2021-04-18T23:42:51.477827100Z   
2021-04-18T23:42:53.813098500Z              used   (Mb) gc trigger    (Mb)   max used   (Mb)
2021-04-18T23:42:53.813205800Z Ncells    2339987  125.0   12676640   677.1    2339987  125.0
2021-04-18T23:42:53.813219300Z Vcells 1057066240 8064.8 2222390251 16955.5 1057066240 8064.8
2021-04-18T23:42:53.813127500Z Warning message:
2021-04-18T23:42:53.813240900Z Removed 2528 rows containing non-finite values (stat_bin). 


state: succeeded
commit: 33f52791c8cce80c6c198db74da25e5b695f71d1
docker_image_id: sha256:c2fc5042bf86134947d83ad8e70bd926e2c1f91a263c6bfe87438ad783bec981
exit_code: 0
job_id: ivbfr3kuktn52c4z
run_by_user: wjchulme
created_at: 2021-04-18T20:34:39Z
started_at: 2021-04-18T20:48:43Z
completed_at: 2021-04-18T23:49:44Z

Completed successfully

outputs:
  output/in70s/coviddeath/az/all/all/data_atrisk_death.rds         - highly_sensitive    
  output/in70s/coviddeath/az/all/all/data_atrisk_vaxaz1.rds        - highly_sensitive    
  output/in70s/coviddeath/az/all/all/data_atrisk_vaxpfizer1.rds    - highly_sensitive    
  output/in70s/coviddeath/az/all/all/data_weights.rds              - highly_sensitive    
  output/in70s/coviddeath/az/all/all/model0.rds                    - highly_sensitive    
  output/in70s/coviddeath/az/all/all/model1.rds                    - highly_sensitive    
  output/in70s/coviddeath/az/all/all/model2.rds                    - highly_sensitive    
  output/in70s/coviddeath/az/all/all/model3.rds                    - highly_sensitive    
  output/in70s/coviddeath/az/all/all/model4.rds                    - highly_sensitive    
  output/in70s/coviddeath/az/all/all/model_death.rds               - highly_sensitive    
  output/in70s/coviddeath/az/all/all/model_formula_death.rds       - highly_sensitive    
  output/in70s/coviddeath/az/all/all/model_formula_vaxaz1.rds      - highly_sensitive    
  output/in70s/coviddeath/az/all/all/model_formula_vaxpfizer1.rds  - highly_sensitive    
  output/in70s/coviddeath/az/all/all/model_vaxaz1.rds              - highly_sensitive    
  output/in70s/coviddeath/az/all/all/model_vaxpfizer1.rds          - highly_sensitive    
  output/in70s/coviddeath/az/all/all/weights_histogram.svg         - moderately_sensitive
  output/in70s/coviddeath/az/all/all/weights_table.txt             - moderately_sensitive