2021-03-11T18:39:03.988826100Z -- Attaching packages --------------------------------------- tidyverse 1.3.0 --
2021-03-11T18:39:03.997688200Z v ggplot2 3.3.2     v purrr   0.3.4
2021-03-11T18:39:03.997709900Z v tibble  3.0.3     v dplyr   1.0.2
2021-03-11T18:39:03.997717700Z v tidyr   1.1.2     v stringr 1.4.0
2021-03-11T18:39:03.997724600Z v readr   1.3.1     v forcats 0.5.0
2021-03-11T18:39:04.162725600Z -- Conflicts ------------------------------------------ tidyverse_conflicts() --
2021-03-11T18:39:04.162771100Z x dplyr::filter() masks stats::filter()
2021-03-11T18:39:04.162779700Z x dplyr::lag()    masks stats::lag()
2021-03-11T18:39:06.219568100Z 
2021-03-11T18:39:06.219619500Z Attaching package: 'lubridate'
2021-03-11T18:39:06.219627600Z 
2021-03-11T18:39:06.220930700Z The following objects are masked from 'package:base':
2021-03-11T18:39:06.220953900Z 
2021-03-11T18:39:06.220962300Z     date, intersect, setdiff, union
2021-03-11T18:39:06.220969400Z 
2021-03-11T18:39:06.540408400Z <environment: R_GlobalEnv>
2021-03-11T18:39:06.540844500Z <environment: R_GlobalEnv>
2021-03-11T18:39:29.935817500Z data_pt data size = 6448226 
2021-03-11T18:39:29.936851900Z   memory usage = 1.677 GB 
2021-03-11T18:39:37.015825800Z   ipwvaxpfizer1 
2021-03-11T18:54:05.702294900Z ipwvaxpfizer1_fxd 
2021-03-11T19:08:17.392304300Z ipwvaxaz1 
2021-03-11T19:11:34.339138100Z ipwvaxaz1_fxd 
2021-03-11T19:15:10.952495900Z ipwdeath 
2021-03-11T19:32:42.883111700Z ipwdeath_fxd 
2021-03-11T20:00:54.145838700Z Saving 7 x 7 in image
2021-03-11T20:00:57.294435500Z `stat_bin()` using `bins = 30`. Pick better value with `binwidth`.
2021-03-11T20:21:26.352356800Z data_weights data size = 6448226 
2021-03-11T20:21:26.538524900Z   memory usage = 0.825 GB 
2021-03-11T20:21:46.918581000Z   msmmod0 
2021-03-11T20:22:22.308679900Z msmmod1 
2021-03-11T20:23:21.959199000Z msmmod4 


state: succeeded
commit: 9b3a15915a99dd736982594579835af554e19d07
docker_image_id: sha256:c7cb8c47c64952beb4dc7e1b4b0edaf95b0fa5cc1af3f796e073e4190413ec9e
exit_code: 0
job_id: lufli33rqqt4pggi
run_by_user: wjchulme
created_at: 2021-03-11T18:38:32Z
started_at: 2021-03-11T18:39:01Z
completed_at: 2021-03-11T20:39:07Z

Completed successfully

outputs:
  output/over80s/postest/az/all/all/data_weights.rds           - highly_sensitive    
  output/over80s/postest/az/all/all/model0.rds                 - highly_sensitive    
  output/over80s/postest/az/all/all/model1.rds                 - highly_sensitive    
  output/over80s/postest/az/all/all/model4.rds                 - highly_sensitive    
  output/over80s/postest/az/all/all/weights_histogram.svg      - moderately_sensitive
  output/over80s/postest/az/all/all/weights_model_az.html      - moderately_sensitive
  output/over80s/postest/az/all/all/weights_model_pfizer.html  - moderately_sensitive
  output/over80s/postest/az/all/all/weights_table.txt          - moderately_sensitive
  output/over80s/postest/az/all/strata_vector.rds              - moderately_sensitive