2021-04-19T03:24:24.841520000Z -- Attaching packages --------------------------------------- tidyverse 1.3.0 --
2021-04-19T03:24:24.851419400Z v ggplot2 3.3.2     v purrr   0.3.4
2021-04-19T03:24:24.851497900Z v tibble  3.0.3     v dplyr   1.0.2
2021-04-19T03:24:24.851505700Z v tidyr   1.1.2     v stringr 1.4.0
2021-04-19T03:24:24.851513200Z v readr   1.3.1     v forcats 0.5.0
2021-04-19T03:24:25.050203600Z -- Conflicts ------------------------------------------ tidyverse_conflicts() --
2021-04-19T03:24:25.050292400Z x dplyr::filter() masks stats::filter()
2021-04-19T03:24:25.050302000Z x dplyr::lag()    masks stats::lag()
2021-04-19T03:24:25.067187600Z 
2021-04-19T03:24:25.067267400Z Attaching package: 'glue'
2021-04-19T03:24:25.067276500Z 
2021-04-19T03:24:25.068529600Z The following object is masked from 'package:dplyr':
2021-04-19T03:24:25.068546400Z 
2021-04-19T03:24:25.068554900Z     collapse
2021-04-19T03:24:25.068562600Z 
2021-04-19T03:24:27.371837700Z 
2021-04-19T03:24:27.371924300Z Attaching package: 'lubridate'
2021-04-19T03:24:27.371933500Z 
2021-04-19T03:24:27.372383100Z The following objects are masked from 'package:base':
2021-04-19T03:24:27.372411400Z 
2021-04-19T03:24:27.372420000Z     date, intersect, setdiff, union
2021-04-19T03:24:27.372427800Z 
2021-04-19T03:24:27.747385200Z <environment: R_GlobalEnv>
2021-04-19T03:24:27.747900800Z <environment: R_GlobalEnv>
2021-04-19T03:24:58.308171200Z data_pt data size = 6517596 
2021-04-19T03:24:58.310585400Z   memory usage = 2.555 GB 
2021-04-19T03:24:58.906698800Z     
2021-04-19T03:24:58.906743600Z all   
2021-04-19T03:24:58.906752400Z   
2021-04-19T03:25:07.249806000Z   
2021-04-19T03:39:38.301076300Z vaxpfizer1  vaxpfizer1 data size = 5363404 
2021-04-19T03:39:52.352614000Z memory usage = 5.343 GB 
2021-04-19T03:39:52.352735800Z   
2021-04-19T03:47:25.660818300Z vaxpfizer1_fxd  vaxpfizer1_fxd data size = 5363404 
2021-04-19T03:47:46.615936900Z memory usage = 4.464 GB 
2021-04-19T03:51:43.992400300Z   
2021-04-19T03:57:52.414927400Z vaxaz1  vaxaz1 data size = 2689581 
2021-04-19T03:57:58.147874400Z memory usage = 2.68 GB 
2021-04-19T03:57:58.147976500Z   
2021-04-19T04:02:26.309930100Z vaxaz1_fxd  vaxaz1_fxd data size = 2689581 
2021-04-19T04:02:32.228461700Z memory usage = 2.239 GB 
2021-04-19T04:05:48.274711300Z   
2021-04-19T04:34:46.000895900Z death  death data size = 6517596 
2021-04-19T04:35:02.755290200Z memory usage = 6.519 GB 
2021-04-19T04:35:02.755392800Z   
2021-04-19T04:53:39.204103200Z death_fxd  death_fxd data size = 6517596 
2021-04-19T04:53:57.341180500Z memory usage = 5.424 GB 
2021-04-19T05:00:08.179272000Z Saving 7 x 7 in image
2021-04-19T05:00:11.106669300Z `stat_bin()` using `bins = 30`. Pick better value with `binwidth`.
2021-04-19T05:00:17.208477500Z   
2021-04-19T05:00:17.208831700Z data_weights data size = 6517596   
2021-04-19T05:00:17.209613700Z memory usage = 0.991 GB   
2021-04-19T05:00:39.257182500Z   
2021-04-19T05:00:39.257261700Z msmmod0 
2021-04-19T05:01:27.251665900Z MODEL INFO:
2021-04-19T05:01:27.251783000Z Observations: 6517596
2021-04-19T05:01:27.251792400Z Dependent Variable: 
2021-04-19T05:01:27.251799900Z Type: Generalized linear model
2021-04-19T05:01:27.251807500Z   Family: binomial 
2021-04-19T05:01:27.251814700Z   Link function: logit 
2021-04-19T05:01:27.251822100Z 
2021-04-19T05:01:27.254393500Z MODEL FIT:
2021-04-19T05:01:27.254437600Z <U+03C7><U+00B2>(6) = 60.959, p = 0.000
2021-04-19T05:01:27.254447800Z Pseudo-R<U+00B2> (Cragg-Uhler) = 
2021-04-19T05:01:27.254455700Z Pseudo-R<U+00B2> (McFadden) = 0.006
2021-04-19T05:01:27.254463500Z AIC = 10560.968, BIC = 10656.798 
2021-04-19T05:01:27.254471100Z 
2021-04-19T05:01:27.254929000Z Standard errors: MLE
2021-04-19T05:01:27.311907400Z ------------------------------------------------------------------
2021-04-19T05:01:27.311996000Z                                    Est.    S.E.     z val.       p
2021-04-19T05:01:27.312006000Z ------------------------------ -------- ------- ---------- -------
2021-04-19T05:01:27.312013900Z (Intercept)                      -9.336   0.046   -203.034   0.000
2021-04-19T05:01:27.312021600Z timesincevax_pw(0,3]             -1.264   0.579     -2.182   0.029
2021-04-19T05:01:27.312029200Z timesincevax_pw(3,7]             -0.854   0.411     -2.079   0.038
2021-04-19T05:01:27.312036900Z timesincevax_pw(7,14]            -0.616   0.281     -2.190   0.029
2021-04-19T05:01:27.312044600Z timesincevax_pw(14,21]           -1.003   0.357     -2.814   0.005
2021-04-19T05:01:27.312052300Z timesincevax_pw(21,28]           -1.965   0.708     -2.775   0.006
2021-04-19T05:01:27.312059700Z timesincevax_pw(28, Inf]         -2.136   0.707     -3.020   0.003
2021-04-19T05:01:27.312067400Z ------------------------------------------------------------------
2021-04-19T05:01:27.312731500Z msmmod0_par data size = 6517596 
2021-04-19T05:01:41.896492700Z memory usage = 3.781 GB 
2021-04-19T05:02:45.703355400Z   
2021-04-19T05:02:45.703455100Z msmmod1 
2021-04-19T05:04:27.632021500Z MODEL INFO:
2021-04-19T05:04:27.632191300Z Observations: 6517596
2021-04-19T05:04:27.632200600Z Dependent Variable: 
2021-04-19T05:04:27.632207900Z Type: Generalized linear model
2021-04-19T05:04:27.632214800Z   Family: binomial 
2021-04-19T05:04:27.632221900Z   Link function: logit 
2021-04-19T05:04:27.632228800Z 
2021-04-19T05:04:27.634289800Z MODEL FIT:
2021-04-19T05:04:27.634387000Z <U+03C7><U+00B2>(17) = 195.267, p = 0.000
2021-04-19T05:04:27.634397000Z Pseudo-R<U+00B2> (Cragg-Uhler) = 
2021-04-19T05:04:27.634405800Z Pseudo-R<U+00B2> (McFadden) = 0.018
2021-04-19T05:04:27.634413000Z AIC = 10448.660, BIC = 10695.080 
2021-04-19T05:04:27.634420000Z 
2021-04-19T05:04:27.634429500Z Standard errors: MLE
2021-04-19T05:04:27.708236500Z --------------------------------------------------------------------
2021-04-19T05:04:27.708300800Z                                      Est.      S.E.   z val.       p
2021-04-19T05:04:27.708309100Z ------------------------------- --------- --------- -------- -------
2021-04-19T05:04:27.708316500Z (Intercept)                       -13.959    35.280   -0.396   0.692
2021-04-19T05:04:27.708323500Z timesincevax_pw(0,3]               -1.323     0.579   -2.283   0.022
2021-04-19T05:04:27.708331000Z timesincevax_pw(3,7]               -0.913     0.411   -2.221   0.026
2021-04-19T05:04:27.708338200Z timesincevax_pw(7,14]              -0.679     0.282   -2.413   0.016
2021-04-19T05:04:27.708345300Z timesincevax_pw(14,21]             -1.090     0.357   -3.053   0.002
2021-04-19T05:04:27.708352200Z timesincevax_pw(21,28]             -2.129     0.709   -3.002   0.003
2021-04-19T05:04:27.708359300Z timesincevax_pw(28, Inf]           -2.417     0.710   -3.401   0.001
2021-04-19T05:04:27.708366300Z poly(age, degree = 2, raw =         0.032     0.948    0.033   0.973
2021-04-19T05:04:27.708373200Z TRUE)1                                                              
2021-04-19T05:04:27.708380100Z poly(age, degree = 2, raw =         0.000     0.006    0.072   0.942
2021-04-19T05:04:27.708387000Z TRUE)2                                                              
2021-04-19T05:04:27.708394000Z sexMale                             0.489     0.090    5.411   0.000
2021-04-19T05:04:27.708400900Z imd2                               -0.394     0.134   -2.934   0.003
2021-04-19T05:04:27.708407800Z imd3                               -0.648     0.134   -4.827   0.000
2021-04-19T05:04:27.708414600Z imd4                               -0.769     0.139   -5.515   0.000
2021-04-19T05:04:27.708421800Z imd5 least deprived                -0.813     0.142   -5.732   0.000
2021-04-19T05:04:27.708428700Z ethnicityBlack                      0.792     0.295    2.689   0.007
2021-04-19T05:04:27.708435700Z ethnicitySouth Asian                0.583     0.196    2.973   0.003
2021-04-19T05:04:27.708473200Z ethnicityMixed                    -11.128   124.228   -0.090   0.929
2021-04-19T05:04:27.708480900Z ethnicityOther                      0.364     0.411    0.886   0.376
2021-04-19T05:04:27.708487900Z --------------------------------------------------------------------
2021-04-19T05:04:27.708611700Z msmmod1_par data size = 6517596 
2021-04-19T05:04:40.538753400Z memory usage = 3.781 GB 
2021-04-19T05:05:44.555664100Z   
2021-04-19T05:05:44.555731200Z msmmod2 
2021-04-19T05:11:22.827347700Z MODEL INFO:
2021-04-19T05:11:22.827448000Z Observations: 6517596
2021-04-19T05:11:22.827457100Z Dependent Variable: 
2021-04-19T05:11:22.827464700Z Type: Generalized linear model
2021-04-19T05:11:22.827472000Z   Family: binomial 
2021-04-19T05:11:22.827479400Z   Link function: logit 
2021-04-19T05:11:22.827486600Z 
2021-04-19T05:11:22.829080700Z MODEL FIT:
2021-04-19T05:11:22.829109000Z <U+03C7><U+00B2>(40) = 434.664, p = 0.000
2021-04-19T05:11:22.829120100Z Pseudo-R<U+00B2> (Cragg-Uhler) = 
2021-04-19T05:11:22.829128600Z Pseudo-R<U+00B2> (McFadden) = 0.041
2021-04-19T05:11:22.829136700Z AIC = 10255.263, BIC = 10816.553 
2021-04-19T05:11:22.829144500Z 
2021-04-19T05:11:22.829267500Z Standard errors: MLE
2021-04-19T05:11:22.971823300Z ----------------------------------------------------------------------
2021-04-19T05:11:22.971874300Z                                        Est.      S.E.   z val.       p
2021-04-19T05:11:22.971883500Z --------------------------------- --------- --------- -------- -------
2021-04-19T05:11:22.971891200Z (Intercept)                         -15.549    35.308   -0.440   0.660
2021-04-19T05:11:22.971899200Z timesincevax_pw(0,3]                 -1.308     0.579   -2.257   0.024
2021-04-19T05:11:22.971906900Z timesincevax_pw(3,7]                 -0.898     0.411   -2.185   0.029
2021-04-19T05:11:22.971914600Z timesincevax_pw(7,14]                -0.664     0.282   -2.358   0.018
2021-04-19T05:11:22.971922400Z timesincevax_pw(14,21]               -1.076     0.357   -3.013   0.003
2021-04-19T05:11:22.971930000Z timesincevax_pw(21,28]               -2.114     0.709   -2.981   0.003
2021-04-19T05:11:22.971937600Z timesincevax_pw(28, Inf]             -2.396     0.710   -3.373   0.001
2021-04-19T05:11:22.971945000Z poly(age, degree = 2, raw =           0.073     0.949    0.077   0.939
2021-04-19T05:11:22.971952700Z TRUE)1                                                                
2021-04-19T05:11:22.971960200Z poly(age, degree = 2, raw =           0.000     0.006    0.005   0.996
2021-04-19T05:11:22.971967800Z TRUE)2                                                                
2021-04-19T05:11:22.971975300Z sexMale                               0.392     0.093    4.236   0.000
2021-04-19T05:11:22.972005400Z imd2                                 -0.276     0.135   -2.050   0.040
2021-04-19T05:11:22.972014400Z imd3                                 -0.452     0.136   -3.331   0.001
2021-04-19T05:11:22.972021900Z imd4                                 -0.548     0.141   -3.878   0.000
2021-04-19T05:11:22.972028800Z imd5 least deprived                  -0.544     0.145   -3.757   0.000
2021-04-19T05:11:22.972036200Z ethnicityBlack                        0.822     0.297    2.767   0.006
2021-04-19T05:11:22.972043200Z ethnicitySouth Asian                  0.496     0.201    2.468   0.014
2021-04-19T05:11:22.972050300Z ethnicityMixed                      -12.150   199.955   -0.061   0.952
2021-04-19T05:11:22.972057300Z ethnicityOther                        0.414     0.412    1.005   0.315
2021-04-19T05:11:22.972064300Z bmiObese I (30-34.9)                  0.105     0.117    0.893   0.372
2021-04-19T05:11:22.972071300Z bmiObese II (35-39.9)                 0.561     0.149    3.770   0.000
2021-04-19T05:11:22.972078700Z bmiObese III (40+)                    0.533     0.221    2.414   0.016
2021-04-19T05:11:22.972085900Z chronic_cardiac_disease              -0.028     0.310   -0.091   0.927
2021-04-19T05:11:22.972093000Z heart_failure                         0.307     0.185    1.659   0.097
2021-04-19T05:11:22.972102200Z other_heart_disease                   0.404     0.291    1.390   0.164
2021-04-19T05:11:22.972109900Z dialysis                              1.250     0.416    3.002   0.003
2021-04-19T05:11:22.972116900Z diabetes                              0.412     0.098    4.191   0.000
2021-04-19T05:11:22.972123800Z chronic_liver_disease                 0.857     0.256    3.342   0.001
2021-04-19T05:11:22.972131000Z current_copd                          0.543     0.121    4.506   0.000
2021-04-19T05:11:22.972138100Z other_resp_conditions                 0.110     0.183    0.601   0.548
2021-04-19T05:11:22.972145600Z lung_cancer                           0.497     0.344    1.446   0.148
2021-04-19T05:11:22.972152800Z haematological_cancer                -0.169     0.360   -0.468   0.640
2021-04-19T05:11:22.972160000Z cancer_excl_lung_and_haem             0.291     0.119    2.444   0.015
2021-04-19T05:11:22.972167400Z chemo_or_radio                        0.304     0.213    1.425   0.154
2021-04-19T05:11:22.972174500Z permanant_immunosuppression         -12.257   356.078   -0.034   0.973
2021-04-19T05:11:22.972182300Z asplenia                              0.360     0.710    0.506   0.613
2021-04-19T05:11:22.972190000Z dmards                                0.272     0.204    1.330   0.184
2021-04-19T05:11:22.972197200Z dementia                              1.376     0.146    9.393   0.000
2021-04-19T05:11:22.972204200Z other_neuro_conditions                0.674     0.209    3.226   0.001
2021-04-19T05:11:22.972211200Z LD_incl_DS_and_CP                     1.262     0.455    2.772   0.006
2021-04-19T05:11:22.972218500Z psychosis_schiz_bipolar              -0.101     0.384   -0.263   0.793
2021-04-19T05:11:22.972234200Z flu_vaccine                           0.151     0.134    1.131   0.258
2021-04-19T05:11:22.972241900Z ----------------------------------------------------------------------
2021-04-19T05:11:22.972252400Z msmmod2_par data size = 6517596 
2021-04-19T05:11:36.010306100Z memory usage = 3.781 GB 
2021-04-19T05:12:36.106089900Z   
2021-04-19T05:12:36.106169500Z msmmod3 
2021-04-19T05:31:07.931983500Z MODEL INFO:
2021-04-19T05:31:07.932090100Z Observations: 6517596
2021-04-19T05:31:07.932099500Z Dependent Variable: 
2021-04-19T05:31:07.932110000Z Type: Generalized linear model
2021-04-19T05:31:07.932117900Z   Family: binomial 
2021-04-19T05:31:07.932125500Z   Link function: logit 
2021-04-19T05:31:07.932133100Z 
2021-04-19T05:31:07.933892700Z MODEL FIT:
2021-04-19T05:31:07.933919500Z <U+03C7><U+00B2>(84) = 555.015, p = 0.000
2021-04-19T05:31:07.933930100Z Pseudo-R<U+00B2> (Cragg-Uhler) = 
2021-04-19T05:31:07.933938100Z Pseudo-R<U+00B2> (McFadden) = 0.052
2021-04-19T05:31:07.933946100Z AIC = 10222.912, BIC = 11386.563 
2021-04-19T05:31:07.933954100Z 
2021-04-19T05:31:07.934164200Z Standard errors: MLE
2021-04-19T05:31:11.502640300Z ----------------------------------------------------------------------
2021-04-19T05:31:11.502723600Z                                        Est.      S.E.   z val.       p
2021-04-19T05:31:11.502732800Z --------------------------------- --------- --------- -------- -------
2021-04-19T05:31:11.502740400Z (Intercept)                         -13.569    35.370   -0.384   0.701
2021-04-19T05:31:11.502747700Z timesincevax_pw(0,3]                 -1.355     0.583   -2.325   0.020
2021-04-19T05:31:11.502755200Z timesincevax_pw(3,7]                 -0.898     0.418   -2.148   0.032
2021-04-19T05:31:11.502763000Z timesincevax_pw(7,14]                -0.595     0.300   -1.985   0.047
2021-04-19T05:31:11.502770600Z timesincevax_pw(14,21]               -0.950     0.390   -2.437   0.015
2021-04-19T05:31:11.502778300Z timesincevax_pw(21,28]               -1.967     0.733   -2.683   0.007
2021-04-19T05:31:11.502785800Z timesincevax_pw(28, Inf]             -2.290     0.747   -3.066   0.002
2021-04-19T05:31:11.502793200Z poly(age, degree = 2, raw =          -0.008     0.950   -0.008   0.993
2021-04-19T05:31:11.502801600Z TRUE)1                                                                
2021-04-19T05:31:11.502809000Z poly(age, degree = 2, raw =           0.001     0.006    0.090   0.928
2021-04-19T05:31:11.502816300Z TRUE)2                                                                
2021-04-19T05:31:11.502823900Z sexMale                               0.391     0.093    4.220   0.000
2021-04-19T05:31:11.502865200Z imd2                                 -0.263     0.137   -1.919   0.055
2021-04-19T05:31:11.502873200Z imd3                                 -0.438     0.140   -3.135   0.002
2021-04-19T05:31:11.502880100Z imd4                                 -0.511     0.145   -3.524   0.000
2021-04-19T05:31:11.502886900Z imd5 least deprived                  -0.523     0.148   -3.531   0.000
2021-04-19T05:31:11.502893900Z ethnicityBlack                        0.726     0.306    2.377   0.017
2021-04-19T05:31:11.502900800Z ethnicitySouth Asian                  0.418     0.210    1.992   0.046
2021-04-19T05:31:11.502907900Z ethnicityMixed                      -12.185   197.365   -0.062   0.951
2021-04-19T05:31:11.502914900Z ethnicityOther                        0.355     0.417    0.851   0.395
2021-04-19T05:31:11.502922000Z bmiObese I (30-34.9)                  0.106     0.117    0.898   0.369
2021-04-19T05:31:11.502929000Z bmiObese II (35-39.9)                 0.554     0.149    3.722   0.000
2021-04-19T05:31:11.502936100Z bmiObese III (40+)                    0.525     0.221    2.375   0.018
2021-04-19T05:31:11.502943600Z chronic_cardiac_disease              -0.023     0.310   -0.076   0.940
2021-04-19T05:31:11.502950500Z heart_failure                         0.322     0.185    1.736   0.082
2021-04-19T05:31:11.502959100Z other_heart_disease                   0.411     0.291    1.412   0.158
2021-04-19T05:31:11.502966200Z dialysis                              1.324     0.416    3.178   0.001
2021-04-19T05:31:11.502973200Z diabetes                              0.420     0.099    4.263   0.000
2021-04-19T05:31:11.502980300Z chronic_liver_disease                 0.879     0.257    3.419   0.001
2021-04-19T05:31:11.502987300Z current_copd                          0.556     0.120    4.613   0.000
2021-04-19T05:31:11.502994200Z other_resp_conditions                 0.101     0.182    0.555   0.579
2021-04-19T05:31:11.503001100Z lung_cancer                           0.532     0.344    1.548   0.122
2021-04-19T05:31:11.503008300Z haematological_cancer                -0.167     0.361   -0.462   0.644
2021-04-19T05:31:11.503015300Z cancer_excl_lung_and_haem             0.290     0.119    2.432   0.015
2021-04-19T05:31:11.503022500Z chemo_or_radio                        0.311     0.213    1.458   0.145
2021-04-19T05:31:11.503029700Z permanant_immunosuppression         -12.282   351.651   -0.035   0.972
2021-04-19T05:31:11.503036700Z asplenia                              0.333     0.711    0.468   0.639
2021-04-19T05:31:11.503043500Z dmards                                0.253     0.204    1.239   0.215
2021-04-19T05:31:11.503050400Z dementia                              1.363     0.147    9.293   0.000
2021-04-19T05:31:11.503057400Z other_neuro_conditions                0.686     0.209    3.280   0.001
2021-04-19T05:31:11.503064200Z LD_incl_DS_and_CP                     1.266     0.456    2.777   0.005
2021-04-19T05:31:11.503071000Z psychosis_schiz_bipolar              -0.107     0.384   -0.278   0.781
2021-04-19T05:31:11.503085100Z flu_vaccine                           0.144     0.134    1.072   0.284
2021-04-19T05:31:11.503092600Z ns(tstop, df = 4)1                    1.836     0.461    3.983   0.000
2021-04-19T05:31:11.503099400Z ns(tstop, df = 4)2                    0.525     0.548    0.959   0.337
2021-04-19T05:31:11.503106500Z ns(tstop, df = 4)3                    1.966     1.123    1.751   0.080
2021-04-19T05:31:11.503113500Z ns(tstop, df = 4)4                   -0.875     0.935   -0.936   0.349
2021-04-19T05:31:11.503120500Z regionEast Midlands                  -0.065     0.714   -0.090   0.928
2021-04-19T05:31:11.503127400Z regionLondon                         -0.664     1.265   -0.525   0.600
2021-04-19T05:31:11.503134400Z regionNorth East                     -0.671     1.348   -0.498   0.618
2021-04-19T05:31:11.503141300Z regionNorth West                      0.956     0.708    1.351   0.177
2021-04-19T05:31:11.503148300Z regionSouth East                      0.218     0.979    0.223   0.824
2021-04-19T05:31:11.503155200Z regionSouth West                      0.020     0.803    0.025   0.980
2021-04-19T05:31:11.503162100Z regionWest Midlands                   0.771     0.938    0.821   0.411
2021-04-19T05:31:11.503169700Z regionYorkshire and The               0.026     0.790    0.032   0.974
2021-04-19T05:31:11.503177000Z Humber                                                                
2021-04-19T05:31:11.503184000Z ns(tstop, df =                       -0.577     0.733   -0.786   0.432
2021-04-19T05:31:11.503190900Z 4)1:regionEast Midlands                                               
2021-04-19T05:31:11.503197800Z ns(tstop, df =                        0.970     0.805    1.205   0.228
2021-04-19T05:31:11.503204800Z 4)2:regionEast Midlands                                               
2021-04-19T05:31:11.503212000Z ns(tstop, df =                       -0.406     1.735   -0.234   0.815
2021-04-19T05:31:11.503219100Z 4)3:regionEast Midlands                                               
2021-04-19T05:31:11.503226000Z ns(tstop, df =                       -0.087     1.373   -0.064   0.949
2021-04-19T05:31:11.503232800Z 4)4:regionEast Midlands                                               
2021-04-19T05:31:11.503239700Z ns(tstop, df =                       -0.620     1.265   -0.490   0.624
2021-04-19T05:31:11.503246600Z 4)1:regionLondon                                                      
2021-04-19T05:31:11.503253500Z ns(tstop, df =                        1.346     1.258    1.070   0.284
2021-04-19T05:31:11.503260300Z 4)2:regionLondon                                                      
2021-04-19T05:31:11.503267100Z ns(tstop, df =                        1.921     2.932    0.655   0.512
2021-04-19T05:31:11.503274000Z 4)3:regionLondon                                                      
2021-04-19T05:31:11.503280800Z ns(tstop, df =                        0.385     1.643    0.234   0.815
2021-04-19T05:31:11.503324900Z 4)4:regionLondon                                                      
2021-04-19T05:31:11.503336100Z ns(tstop, df =                       -0.771     1.379   -0.559   0.576
2021-04-19T05:31:11.503345700Z 4)1:regionNorth East                                                  
2021-04-19T05:31:11.503352700Z ns(tstop, df =                        0.879     1.255    0.701   0.483
2021-04-19T05:31:11.503359800Z 4)2:regionNorth East                                                  
2021-04-19T05:31:11.503366700Z ns(tstop, df =                        2.342     3.141    0.746   0.456
2021-04-19T05:31:11.503373800Z 4)3:regionNorth East                                                  
2021-04-19T05:31:11.503380700Z ns(tstop, df =                        2.665     1.393    1.914   0.056
2021-04-19T05:31:11.503387700Z 4)4:regionNorth East                                                  
2021-04-19T05:31:11.503394600Z ns(tstop, df =                       -0.918     0.787   -1.167   0.243
2021-04-19T05:31:11.503401700Z 4)1:regionNorth West                                                  
2021-04-19T05:31:11.503408600Z ns(tstop, df =                       -0.436     0.913   -0.478   0.632
2021-04-19T05:31:11.503417300Z 4)2:regionNorth West                                                  
2021-04-19T05:31:11.503424400Z ns(tstop, df =                       -2.821     1.820   -1.551   0.121
2021-04-19T05:31:11.503431500Z 4)3:regionNorth West                                                  
2021-04-19T05:31:11.503438400Z ns(tstop, df =                        1.352     1.431    0.945   0.345
2021-04-19T05:31:11.503445400Z 4)4:regionNorth West                                                  
2021-04-19T05:31:11.503452300Z ns(tstop, df =                       -0.078     1.020   -0.076   0.939
2021-04-19T05:31:11.503459300Z 4)1:regionSouth East                                                  
2021-04-19T05:31:11.503466300Z ns(tstop, df =                        0.167     1.242    0.134   0.893
2021-04-19T05:31:11.503473300Z 4)2:regionSouth East                                                  
2021-04-19T05:31:11.503480300Z ns(tstop, df =                       -2.335     2.582   -0.904   0.366
2021-04-19T05:31:11.503487300Z 4)3:regionSouth East                                                  
2021-04-19T05:31:11.503494200Z ns(tstop, df =                       -1.035     2.774   -0.373   0.709
2021-04-19T05:31:11.503501100Z 4)4:regionSouth East                                                  
2021-04-19T05:31:11.503508000Z ns(tstop, df =                       -0.979     0.884   -1.107   0.268
2021-04-19T05:31:11.503514900Z 4)1:regionSouth West                                                  
2021-04-19T05:31:11.503521800Z ns(tstop, df =                       -0.900     0.994   -0.906   0.365
2021-04-19T05:31:11.503528700Z 4)2:regionSouth West                                                  
2021-04-19T05:31:11.503535600Z ns(tstop, df =                       -0.873     1.996   -0.437   0.662
2021-04-19T05:31:11.503550700Z 4)3:regionSouth West                                                  
2021-04-19T05:31:11.503558400Z ns(tstop, df =                        2.479     1.229    2.016   0.044
2021-04-19T05:31:11.503565100Z 4)4:regionSouth West                                                  
2021-04-19T05:31:11.503572000Z ns(tstop, df =                       -0.387     0.994   -0.389   0.697
2021-04-19T05:31:11.503578700Z 4)1:regionWest Midlands                                               
2021-04-19T05:31:11.503585500Z ns(tstop, df =                        0.156     1.157    0.135   0.892
2021-04-19T05:31:11.503592200Z 4)2:regionWest Midlands                                               
2021-04-19T05:31:11.503599000Z ns(tstop, df =                       -1.805     2.371   -0.761   0.447
2021-04-19T05:31:11.503605700Z 4)3:regionWest Midlands                                               
2021-04-19T05:31:11.503612600Z ns(tstop, df =                        0.283     2.009    0.141   0.888
2021-04-19T05:31:11.503619300Z 4)4:regionWest Midlands                                               
2021-04-19T05:31:11.503626700Z ns(tstop, df =                       -0.437     0.831   -0.525   0.599
2021-04-19T05:31:11.503633700Z 4)1:regionYorkshire and The                                           
2021-04-19T05:31:11.503640500Z Humber                                                                
2021-04-19T05:31:11.503647300Z ns(tstop, df =                       -0.623     0.964   -0.646   0.518
2021-04-19T05:31:11.503654000Z 4)2:regionYorkshire and The                                           
2021-04-19T05:31:11.503660900Z Humber                                                                
2021-04-19T05:31:11.503667600Z ns(tstop, df =                       -0.551     1.939   -0.284   0.776
2021-04-19T05:31:11.503674500Z 4)3:regionYorkshire and The                                           
2021-04-19T05:31:11.503681200Z Humber                                                                
2021-04-19T05:31:11.503688100Z ns(tstop, df =                        1.774     1.304    1.360   0.174
2021-04-19T05:31:11.503694700Z 4)4:regionYorkshire and The                                           
2021-04-19T05:31:11.503701600Z Humber                                                                
2021-04-19T05:31:11.503708400Z ----------------------------------------------------------------------
2021-04-19T05:31:11.503715200Z msmmod3_par data size = 6517596 
2021-04-19T05:31:25.275360400Z memory usage = 3.781 GB 
2021-04-19T05:32:42.756305400Z   
2021-04-19T05:32:42.756388200Z msmmod4 
2021-04-19T05:49:49.077884900Z MODEL INFO:
2021-04-19T05:49:49.077973300Z Observations: 6517596
2021-04-19T05:49:49.077984700Z Dependent Variable: 
2021-04-19T05:49:49.077992400Z Type: Generalized linear model
2021-04-19T05:49:49.078030800Z   Family: binomial 
2021-04-19T05:49:49.078038600Z   Link function: logit 
2021-04-19T05:49:49.078045400Z 
2021-04-19T05:49:49.079704000Z MODEL FIT:
2021-04-19T05:49:49.079729500Z <U+03C7><U+00B2>(84) = 570.146, p = 0.000
2021-04-19T05:49:49.079739000Z Pseudo-R<U+00B2> (Cragg-Uhler) = 
2021-04-19T05:49:49.079746300Z Pseudo-R<U+00B2> (McFadden) = 0.054
2021-04-19T05:49:49.079753300Z AIC = 10206.750, BIC = 11370.401 
2021-04-19T05:49:49.079760200Z 
2021-04-19T05:49:49.079910100Z Standard errors: MLE
2021-04-19T05:49:49.340066100Z ----------------------------------------------------------------------
2021-04-19T05:49:49.340093400Z                                        Est.      S.E.   z val.       p
2021-04-19T05:49:49.340101800Z --------------------------------- --------- --------- -------- -------
2021-04-19T05:49:49.340109100Z (Intercept)                         -19.851    35.602   -0.558   0.577
2021-04-19T05:49:49.340116000Z timesincevax_pw(0,3]                 -1.282     0.582   -2.203   0.028
2021-04-19T05:49:49.340123100Z timesincevax_pw(3,7]                 -0.808     0.418   -1.932   0.053
2021-04-19T05:49:49.340130000Z timesincevax_pw(7,14]                -0.428     0.294   -1.456   0.145
2021-04-19T05:49:49.340137100Z timesincevax_pw(14,21]               -0.742     0.382   -1.943   0.052
2021-04-19T05:49:49.340143900Z timesincevax_pw(21,28]               -1.793     0.733   -2.444   0.015
2021-04-19T05:49:49.340150900Z timesincevax_pw(28, Inf]             -1.710     0.628   -2.722   0.006
2021-04-19T05:49:49.340157700Z poly(age, degree = 2, raw =           0.165     0.957    0.173   0.863
2021-04-19T05:49:49.340164700Z TRUE)1                                                                
2021-04-19T05:49:49.340171600Z poly(age, degree = 2, raw =          -0.001     0.006   -0.094   0.925
2021-04-19T05:49:49.340178600Z TRUE)2                                                                
2021-04-19T05:49:49.340185400Z sexMale                               0.362     0.093    3.900   0.000
2021-04-19T05:49:49.340192400Z imd2                                 -0.279     0.137   -2.040   0.041
2021-04-19T05:49:49.340199800Z imd3                                 -0.487     0.140   -3.473   0.001
2021-04-19T05:49:49.340206800Z imd4                                 -0.546     0.145   -3.766   0.000
2021-04-19T05:49:49.340213700Z imd5 least deprived                  -0.579     0.149   -3.892   0.000
2021-04-19T05:49:49.340220500Z ethnicityBlack                        0.730     0.305    2.394   0.017
2021-04-19T05:49:49.340227300Z ethnicitySouth Asian                  0.348     0.216    1.612   0.107
2021-04-19T05:49:49.340234200Z ethnicityMixed                      -12.170   197.087   -0.062   0.951
2021-04-19T05:49:49.340241000Z ethnicityOther                        0.351     0.421    0.833   0.405
2021-04-19T05:49:49.340259800Z bmiObese I (30-34.9)                  0.087     0.119    0.737   0.461
2021-04-19T05:49:49.340267700Z bmiObese II (35-39.9)                 0.543     0.150    3.632   0.000
2021-04-19T05:49:49.340274500Z bmiObese III (40+)                    0.517     0.222    2.334   0.020
2021-04-19T05:49:49.340281400Z chronic_cardiac_disease               0.054     0.306    0.175   0.861
2021-04-19T05:49:49.340288300Z heart_failure                         0.306     0.189    1.621   0.105
2021-04-19T05:49:49.340296200Z other_heart_disease                   0.304     0.287    1.059   0.290
2021-04-19T05:49:49.340303300Z dialysis                              1.457     0.390    3.737   0.000
2021-04-19T05:49:49.340310200Z diabetes                              0.419     0.099    4.228   0.000
2021-04-19T05:49:49.340317100Z chronic_liver_disease                 1.156     0.229    5.044   0.000
2021-04-19T05:49:49.340324100Z current_copd                          0.540     0.121    4.464   0.000
2021-04-19T05:49:49.340331000Z other_resp_conditions                 0.138     0.181    0.763   0.446
2021-04-19T05:49:49.340338000Z lung_cancer                           0.600     0.334    1.798   0.072
2021-04-19T05:49:49.340344800Z haematological_cancer                -0.034     0.338   -0.100   0.920
2021-04-19T05:49:49.340351800Z cancer_excl_lung_and_haem             0.264     0.120    2.199   0.028
2021-04-19T05:49:49.340358600Z chemo_or_radio                        0.294     0.215    1.368   0.171
2021-04-19T05:49:49.340365700Z permanant_immunosuppression         -12.289   351.529   -0.035   0.972
2021-04-19T05:49:49.340372600Z asplenia                              1.070     0.496    2.159   0.031
2021-04-19T05:49:49.340379700Z dmards                                0.219     0.206    1.067   0.286
2021-04-19T05:49:49.340386600Z dementia                              1.372     0.147    9.358   0.000
2021-04-19T05:49:49.340393800Z other_neuro_conditions                0.655     0.213    3.082   0.002
2021-04-19T05:49:49.340400900Z LD_incl_DS_and_CP                     1.280     0.457    2.802   0.005
2021-04-19T05:49:49.340408000Z psychosis_schiz_bipolar              -0.109     0.383   -0.284   0.776
2021-04-19T05:49:49.340415400Z flu_vaccine                           0.163     0.136    1.192   0.233
2021-04-19T05:49:49.340422400Z ns(tstop, df = 4)1                    1.883     0.459    4.097   0.000
2021-04-19T05:49:49.340429200Z ns(tstop, df = 4)2                    0.285     0.566    0.503   0.615
2021-04-19T05:49:49.340436200Z ns(tstop, df = 4)3                    1.587     1.132    1.402   0.161
2021-04-19T05:49:49.340443200Z ns(tstop, df = 4)4                   -1.161     0.989   -1.174   0.240
2021-04-19T05:49:49.340450100Z regionEast Midlands                  -0.098     0.712   -0.138   0.891
2021-04-19T05:49:49.340457000Z regionLondon                         -0.649     1.254   -0.518   0.605
2021-04-19T05:49:49.340464000Z regionNorth East                     -0.378     1.221   -0.309   0.757
2021-04-19T05:49:49.340478500Z regionNorth West                      0.900     0.707    1.272   0.203
2021-04-19T05:49:49.340486200Z regionSouth East                      0.181     0.979    0.185   0.853
2021-04-19T05:49:49.340493400Z regionSouth West                      0.009     0.800    0.011   0.991
2021-04-19T05:49:49.340500500Z regionWest Midlands                   0.667     0.948    0.703   0.482
2021-04-19T05:49:49.340508100Z regionYorkshire and The               0.011     0.783    0.014   0.989
2021-04-19T05:49:49.340515100Z Humber                                                                
2021-04-19T05:49:49.340522000Z ns(tstop, df =                       -0.641     0.732   -0.875   0.381
2021-04-19T05:49:49.340529000Z 4)1:regionEast Midlands                                               
2021-04-19T05:49:49.340536000Z ns(tstop, df =                        1.347     0.813    1.656   0.098
2021-04-19T05:49:49.340543100Z 4)2:regionEast Midlands                                               
2021-04-19T05:49:49.340550200Z ns(tstop, df =                       -0.151     1.739   -0.087   0.931
2021-04-19T05:49:49.340557200Z 4)3:regionEast Midlands                                               
2021-04-19T05:49:49.340564000Z ns(tstop, df =                       -0.100     1.415   -0.071   0.943
2021-04-19T05:49:49.340570800Z 4)4:regionEast Midlands                                               
2021-04-19T05:49:49.340577700Z ns(tstop, df =                       -0.598     1.257   -0.475   0.635
2021-04-19T05:49:49.340584500Z 4)1:regionLondon                                                      
2021-04-19T05:49:49.340591400Z ns(tstop, df =                        1.239     1.290    0.960   0.337
2021-04-19T05:49:49.340598200Z 4)2:regionLondon                                                      
2021-04-19T05:49:49.340605000Z ns(tstop, df =                        1.949     2.923    0.667   0.505
2021-04-19T05:49:49.340611900Z 4)3:regionLondon                                                      
2021-04-19T05:49:49.340618600Z ns(tstop, df =                        0.588     1.695    0.347   0.729
2021-04-19T05:49:49.340625400Z 4)4:regionLondon                                                      
2021-04-19T05:49:49.340632400Z ns(tstop, df =                       -1.349     1.305   -1.033   0.301
2021-04-19T05:49:49.340639200Z 4)1:regionNorth East                                                  
2021-04-19T05:49:49.340646100Z ns(tstop, df =                        0.781     1.209    0.646   0.518
2021-04-19T05:49:49.340653200Z 4)2:regionNorth East                                                  
2021-04-19T05:49:49.340660400Z ns(tstop, df =                        2.080     2.909    0.715   0.474
2021-04-19T05:49:49.340667200Z 4)3:regionNorth East                                                  
2021-04-19T05:49:49.340674100Z ns(tstop, df =                        2.866     1.364    2.102   0.036
2021-04-19T05:49:49.340688000Z 4)4:regionNorth East                                                  
2021-04-19T05:49:49.340695500Z ns(tstop, df =                       -1.010     0.787   -1.283   0.200
2021-04-19T05:49:49.340702400Z 4)1:regionNorth West                                                  
2021-04-19T05:49:49.340709400Z ns(tstop, df =                       -0.243     0.912   -0.267   0.790
2021-04-19T05:49:49.340717000Z 4)2:regionNorth West                                                  
2021-04-19T05:49:49.340724400Z ns(tstop, df =                       -2.290     1.815   -1.261   0.207
2021-04-19T05:49:49.340731200Z 4)3:regionNorth West                                                  
2021-04-19T05:49:49.340738100Z ns(tstop, df =                        1.783     1.379    1.293   0.196
2021-04-19T05:49:49.340744900Z 4)4:regionNorth West                                                  
2021-04-19T05:49:49.340751900Z ns(tstop, df =                       -0.144     1.024   -0.140   0.889
2021-04-19T05:49:49.340758800Z 4)1:regionSouth East                                                  
2021-04-19T05:49:49.340765800Z ns(tstop, df =                        0.453     1.303    0.347   0.728
2021-04-19T05:49:49.340772600Z 4)2:regionSouth East                                                  
2021-04-19T05:49:49.340779500Z ns(tstop, df =                       -2.487     2.713   -0.917   0.359
2021-04-19T05:49:49.340786300Z 4)3:regionSouth East                                                  
2021-04-19T05:49:49.340793300Z ns(tstop, df =                       -1.663     3.274   -0.508   0.611
2021-04-19T05:49:49.340800200Z 4)4:regionSouth East                                                  
2021-04-19T05:49:49.340807200Z ns(tstop, df =                       -0.974     0.886   -1.100   0.271
2021-04-19T05:49:49.340814100Z 4)1:regionSouth West                                                  
2021-04-19T05:49:49.340821000Z ns(tstop, df =                       -0.890     1.050   -0.848   0.396
2021-04-19T05:49:49.340828000Z 4)2:regionSouth West                                                  
2021-04-19T05:49:49.340834900Z ns(tstop, df =                       -0.980     2.012   -0.487   0.626
2021-04-19T05:49:49.340841800Z 4)3:regionSouth West                                                  
2021-04-19T05:49:49.340848700Z ns(tstop, df =                        2.269     1.334    1.701   0.089
2021-04-19T05:49:49.340855500Z 4)4:regionSouth West                                                  
2021-04-19T05:49:49.340862300Z ns(tstop, df =                       -0.609     1.002   -0.607   0.544
2021-04-19T05:49:49.340869200Z 4)1:regionWest Midlands                                               
2021-04-19T05:49:49.340876000Z ns(tstop, df =                        1.002     1.149    0.872   0.383
2021-04-19T05:49:49.340882900Z 4)2:regionWest Midlands                                               
2021-04-19T05:49:49.340889800Z ns(tstop, df =                       -1.426     2.406   -0.593   0.553
2021-04-19T05:49:49.340903900Z 4)3:regionWest Midlands                                               
2021-04-19T05:49:49.340911400Z ns(tstop, df =                       -0.251     2.206   -0.114   0.909
2021-04-19T05:49:49.340918300Z 4)4:regionWest Midlands                                               
2021-04-19T05:49:49.340925700Z ns(tstop, df =                       -0.449     0.828   -0.542   0.588
2021-04-19T05:49:49.340932700Z 4)1:regionYorkshire and The                                           
2021-04-19T05:49:49.340939700Z Humber                                                                
2021-04-19T05:49:49.340946600Z ns(tstop, df =                       -0.657     1.016   -0.646   0.518
2021-04-19T05:49:49.340953500Z 4)2:regionYorkshire and The                                           
2021-04-19T05:49:49.340960300Z Humber                                                                
2021-04-19T05:49:49.340967200Z ns(tstop, df =                       -0.622     1.950   -0.319   0.750
2021-04-19T05:49:49.340974100Z 4)3:regionYorkshire and The                                           
2021-04-19T05:49:49.340980900Z Humber                                                                
2021-04-19T05:49:49.340987800Z ns(tstop, df =                        1.531     1.429    1.072   0.284
2021-04-19T05:49:49.340994800Z 4)4:regionYorkshire and The                                           
2021-04-19T05:49:49.341001700Z Humber                                                                
2021-04-19T05:49:49.341008700Z ----------------------------------------------------------------------
2021-04-19T05:49:49.341015600Z msmmod4_par data size = 6517596 
2021-04-19T05:50:00.413940300Z memory usage = 3.781 GB 
2021-04-19T05:51:20.970334700Z NULL
2021-04-19T05:51:20.970394400Z   
2021-04-19T05:51:23.340146800Z              used (Mb) gc trigger    (Mb)   max used (Mb)
2021-04-19T05:51:23.340259400Z Ncells    2339987  125   11661236   622.8    2339987  125
2021-04-19T05:51:23.340272700Z Vcells 1057476544 8068 2212655432 16881.3 1057476544 8068
2021-04-19T05:51:23.340176000Z Warning message:
2021-04-19T05:51:23.340294200Z Removed 1541 rows containing non-finite values (stat_bin). 


state: succeeded
commit: 33f52791c8cce80c6c198db74da25e5b695f71d1
docker_image_id: sha256:c2fc5042bf86134947d83ad8e70bd926e2c1f91a263c6bfe87438ad783bec981
exit_code: 0
job_id: dhv6qrknvubo25z5
run_by_user: wjchulme
created_at: 2021-04-18T20:34:39Z
started_at: 2021-04-19T03:24:21Z
completed_at: 2021-04-19T05:51:38Z

Completed successfully

outputs:
  output/in70s/covidadmitted/pfizer/all/all/data_atrisk_death.rds         - highly_sensitive    
  output/in70s/covidadmitted/pfizer/all/all/data_atrisk_vaxaz1.rds        - highly_sensitive    
  output/in70s/covidadmitted/pfizer/all/all/data_atrisk_vaxpfizer1.rds    - highly_sensitive    
  output/in70s/covidadmitted/pfizer/all/all/data_weights.rds              - highly_sensitive    
  output/in70s/covidadmitted/pfizer/all/all/model0.rds                    - highly_sensitive    
  output/in70s/covidadmitted/pfizer/all/all/model1.rds                    - highly_sensitive    
  output/in70s/covidadmitted/pfizer/all/all/model2.rds                    - highly_sensitive    
  output/in70s/covidadmitted/pfizer/all/all/model3.rds                    - highly_sensitive    
  output/in70s/covidadmitted/pfizer/all/all/model4.rds                    - highly_sensitive    
  output/in70s/covidadmitted/pfizer/all/all/model_death.rds               - highly_sensitive    
  output/in70s/covidadmitted/pfizer/all/all/model_formula_death.rds       - highly_sensitive    
  output/in70s/covidadmitted/pfizer/all/all/model_formula_vaxaz1.rds      - highly_sensitive    
  output/in70s/covidadmitted/pfizer/all/all/model_formula_vaxpfizer1.rds  - highly_sensitive    
  output/in70s/covidadmitted/pfizer/all/all/model_vaxaz1.rds              - highly_sensitive    
  output/in70s/covidadmitted/pfizer/all/all/model_vaxpfizer1.rds          - highly_sensitive    
  output/in70s/covidadmitted/pfizer/all/all/weights_histogram.svg         - moderately_sensitive
  output/in70s/covidadmitted/pfizer/all/all/weights_table.txt             - moderately_sensitive