2021-05-16T13:22:02.903083500Z -- Attaching packages --------------------------------------- tidyverse 1.3.0 --
2021-05-16T13:22:02.912053400Z v ggplot2 3.3.2     v purrr   0.3.4
2021-05-16T13:22:02.912087200Z v tibble  3.0.3     v dplyr   1.0.2
2021-05-16T13:22:02.912095500Z v tidyr   1.1.2     v stringr 1.4.0
2021-05-16T13:22:02.912102700Z v readr   1.3.1     v forcats 0.5.0
2021-05-16T13:22:03.084552700Z -- Conflicts ------------------------------------------ tidyverse_conflicts() --
2021-05-16T13:22:03.084600900Z x dplyr::filter() masks stats::filter()
2021-05-16T13:22:03.084609200Z x dplyr::lag()    masks stats::lag()
2021-05-16T13:22:03.097914600Z 
2021-05-16T13:22:03.097947100Z Attaching package: 'glue'
2021-05-16T13:22:03.097955400Z 
2021-05-16T13:22:03.099314600Z The following object is masked from 'package:dplyr':
2021-05-16T13:22:03.099336000Z 
2021-05-16T13:22:03.099345200Z     collapse
2021-05-16T13:22:03.099352300Z 
2021-05-16T13:22:05.295227400Z 
2021-05-16T13:22:05.295280800Z Attaching package: 'lubridate'
2021-05-16T13:22:05.295289100Z 
2021-05-16T13:22:05.295733300Z The following objects are masked from 'package:base':
2021-05-16T13:22:05.295756000Z 
2021-05-16T13:22:05.295764600Z     date, intersect, setdiff, union
2021-05-16T13:22:05.295771600Z 
2021-05-16T13:22:05.650676100Z <environment: R_GlobalEnv>
2021-05-16T13:22:05.651766900Z <environment: R_GlobalEnv>
2021-05-16T13:26:17.749162200Z data_pt data size = 11892134 
2021-05-16T13:26:17.750975900Z   memory usage = 5.518 GB 
2021-05-16T13:26:18.283845800Z     
2021-05-16T13:26:18.283889100Z all   
2021-05-16T13:26:18.283898100Z   
2021-05-16T13:26:52.881974800Z   
2021-05-16T14:10:57.528484500Z vaxpfizer1  vaxpfizer1 data size = 9857097 
2021-05-16T14:11:36.299770800Z memory usage = 8.912 GB 
2021-05-16T14:11:36.299904400Z   
2021-05-16T14:29:57.012933900Z vaxpfizer1_fxd  vaxpfizer1_fxd data size = 9857097 
2021-05-16T14:30:23.695192000Z memory usage = 8.912 GB 
2021-05-16T14:36:43.582954600Z   
2021-05-16T14:53:02.855567200Z vaxaz1  vaxaz1 data size = 4917571 
2021-05-16T14:53:19.212381000Z memory usage = 4.447 GB 
2021-05-16T14:53:19.212504400Z   
2021-05-16T15:02:22.944885000Z vaxaz1_fxd  vaxaz1_fxd data size = 4917571 
2021-05-16T15:02:36.551789400Z memory usage = 4.447 GB 
2021-05-16T15:12:19.228421100Z Saving 7 x 7 in image
2021-05-16T15:12:26.405535900Z `stat_bin()` using `bins = 30`. Pick better value with `binwidth`.
2021-05-16T15:12:45.804824100Z   
2021-05-16T15:12:45.806898800Z data_weights data size = 11892134   
2021-05-16T15:12:45.812796600Z memory usage = 1.998 GB   
2021-05-16T15:13:38.986110200Z   
2021-05-16T15:13:38.986215900Z msmmod1 
2021-05-16T15:26:48.891963000Z MODEL INFO:
2021-05-16T15:26:48.892094200Z Observations: 11892134
2021-05-16T15:26:48.892105100Z Dependent Variable: 
2021-05-16T15:26:48.892225700Z Type: Generalized linear model
2021-05-16T15:26:48.892303900Z   Family: binomial 
2021-05-16T15:26:48.892313900Z   Link function: logit 
2021-05-16T15:26:48.892322000Z 
2021-05-16T15:26:48.901203200Z MODEL FIT:
2021-05-16T15:26:48.901329000Z <U+03C7><U+00B2>(50) = 11876.936, p = 0.000
2021-05-16T15:26:48.901341300Z Pseudo-R<U+00B2> (Cragg-Uhler) = 
2021-05-16T15:26:48.901350600Z Pseudo-R<U+00B2> (McFadden) = 0.073
2021-05-16T15:26:48.901359500Z AIC = 150662.588, BIC = 151391.448 
2021-05-16T15:26:48.901368100Z 
2021-05-16T15:26:48.901440000Z Standard errors: MLE
2021-05-16T15:26:49.246245200Z -----------------------------------------------------------------
2021-05-16T15:26:49.246361600Z                                    Est.    S.E.    z val.       p
2021-05-16T15:26:49.246371300Z ----------------------------- --------- ------- --------- -------
2021-05-16T15:26:49.246379100Z (Intercept)                     -10.955   0.137   -79.797   0.000
2021-05-16T15:26:49.246386700Z timesincevax_pw1-3               -2.758   0.243   -11.347   0.000
2021-05-16T15:26:49.246394500Z timesincevax_pw4-7               -2.137   0.146   -14.662   0.000
2021-05-16T15:26:49.246402300Z timesincevax_pw8-14              -1.852   0.090   -20.534   0.000
2021-05-16T15:26:49.246410000Z timesincevax_pw15-21             -1.965   0.093   -21.125   0.000
2021-05-16T15:26:49.246417500Z timesincevax_pw22-28             -1.662   0.101   -16.477   0.000
2021-05-16T15:26:49.246425200Z timesincevax_pw29+               -1.741   0.092   -18.888   0.000
2021-05-16T15:26:49.246432700Z ns(tstop, df = 4)1                1.542   0.141    10.951   0.000
2021-05-16T15:26:49.246440300Z ns(tstop, df = 4)2                1.359   0.121    11.200   0.000
2021-05-16T15:26:49.246448300Z ns(tstop, df = 4)3                2.952   0.322     9.172   0.000
2021-05-16T15:26:49.246455800Z ns(tstop, df = 4)4                2.507   0.121    20.684   0.000
2021-05-16T15:26:49.246463400Z regionEast Midlands               0.457   0.200     2.287   0.022
2021-05-16T15:26:49.246470900Z regionLondon                      0.652   0.469     1.392   0.164
2021-05-16T15:26:49.246478700Z regionNorth East                  0.753   0.321     2.343   0.019
2021-05-16T15:26:49.246486200Z regionNorth West                  1.411   0.225     6.277   0.000
2021-05-16T15:26:49.246493800Z regionSouth East                  1.675   0.269     6.223   0.000
2021-05-16T15:26:49.246534100Z regionSouth West                  3.744   0.200    18.679   0.000
2021-05-16T15:26:49.246542700Z regionWest Midlands               4.355   0.340    12.796   0.000
2021-05-16T15:26:49.246549800Z regionYorkshire and The          -0.380   0.211    -1.795   0.073
2021-05-16T15:26:49.246556800Z Humber                                                           
2021-05-16T15:26:49.246563900Z ns(tstop, df =                   -0.516   0.209    -2.473   0.013
2021-05-16T15:26:49.246571100Z 4)1:regionEast Midlands                                          
2021-05-16T15:26:49.246578000Z ns(tstop, df =                   -0.225   0.177    -1.266   0.205
2021-05-16T15:26:49.246585100Z 4)2:regionEast Midlands                                          
2021-05-16T15:26:49.246592100Z ns(tstop, df =                   -0.307   0.472    -0.650   0.515
2021-05-16T15:26:49.246599300Z 4)3:regionEast Midlands                                          
2021-05-16T15:26:49.246606600Z ns(tstop, df =                    0.070   0.170     0.411   0.681
2021-05-16T15:26:49.246613600Z 4)4:regionEast Midlands                                          
2021-05-16T15:26:49.246622700Z ns(tstop, df =                    1.078   0.454     2.376   0.018
2021-05-16T15:26:49.246630100Z 4)1:regionLondon                                                 
2021-05-16T15:26:49.246637400Z ns(tstop, df =                    0.931   0.382     2.439   0.015
2021-05-16T15:26:49.246644300Z 4)2:regionLondon                                                 
2021-05-16T15:26:49.246651400Z ns(tstop, df =                    1.791   1.047     1.710   0.087
2021-05-16T15:26:49.246658400Z 4)3:regionLondon                                                 
2021-05-16T15:26:49.246665900Z ns(tstop, df =                   -0.425   0.336    -1.263   0.207
2021-05-16T15:26:49.246672800Z 4)4:regionLondon                                                 
2021-05-16T15:26:49.246679900Z ns(tstop, df =                   -0.678   0.341    -1.987   0.047
2021-05-16T15:26:49.246686900Z 4)1:regionNorth East                                             
2021-05-16T15:26:49.246693900Z ns(tstop, df =                   -0.042   0.289    -0.146   0.884
2021-05-16T15:26:49.246700900Z 4)2:regionNorth East                                             
2021-05-16T15:26:49.246708000Z ns(tstop, df =                   -0.254   0.765    -0.331   0.740
2021-05-16T15:26:49.246714900Z 4)3:regionNorth East                                             
2021-05-16T15:26:49.246721800Z ns(tstop, df =                   -0.253   0.293    -0.865   0.387
2021-05-16T15:26:49.246728700Z 4)4:regionNorth East                                             
2021-05-16T15:26:49.246735800Z ns(tstop, df =                   -0.860   0.244    -3.522   0.000
2021-05-16T15:26:49.246742700Z 4)1:regionNorth West                                             
2021-05-16T15:26:49.246759200Z ns(tstop, df =                   -0.699   0.215    -3.246   0.001
2021-05-16T15:26:49.246767200Z 4)2:regionNorth West                                             
2021-05-16T15:26:49.246774200Z ns(tstop, df =                   -1.134   0.544    -2.083   0.037
2021-05-16T15:26:49.246781100Z 4)3:regionNorth West                                             
2021-05-16T15:26:49.246788200Z ns(tstop, df =                    0.008   0.216     0.036   0.972
2021-05-16T15:26:49.246795300Z 4)4:regionNorth West                                             
2021-05-16T15:26:49.246802800Z ns(tstop, df =                   -0.528   0.286    -1.847   0.065
2021-05-16T15:26:49.246809800Z 4)1:regionSouth East                                             
2021-05-16T15:26:49.246816800Z ns(tstop, df =                   -0.135   0.248    -0.546   0.585
2021-05-16T15:26:49.246823800Z 4)2:regionSouth East                                             
2021-05-16T15:26:49.246831000Z ns(tstop, df =                   -0.479   0.643    -0.745   0.456
2021-05-16T15:26:49.246838000Z 4)3:regionSouth East                                             
2021-05-16T15:26:49.246845100Z ns(tstop, df =                   -0.039   0.248    -0.156   0.876
2021-05-16T15:26:49.246852900Z 4)4:regionSouth East                                             
2021-05-16T15:26:49.246860400Z ns(tstop, df =                   -1.001   0.218    -4.601   0.000
2021-05-16T15:26:49.246867400Z 4)1:regionSouth West                                             
2021-05-16T15:26:49.246874500Z ns(tstop, df =                   -0.471   0.193    -2.439   0.015
2021-05-16T15:26:49.246881500Z 4)2:regionSouth West                                             
2021-05-16T15:26:49.246888700Z ns(tstop, df =                   -1.290   0.485    -2.662   0.008
2021-05-16T15:26:49.246895600Z 4)3:regionSouth West                                             
2021-05-16T15:26:49.246902800Z ns(tstop, df =                   -0.440   0.202    -2.174   0.030
2021-05-16T15:26:49.246909700Z 4)4:regionSouth West                                             
2021-05-16T15:26:49.246917100Z ns(tstop, df =                   -0.384   0.353    -1.087   0.277
2021-05-16T15:26:49.246924100Z 4)1:regionWest Midlands                                          
2021-05-16T15:26:49.246931100Z ns(tstop, df =                    0.518   0.297     1.747   0.081
2021-05-16T15:26:49.246938100Z 4)2:regionWest Midlands                                          
2021-05-16T15:26:49.246945000Z ns(tstop, df =                    0.748   0.797     0.938   0.348
2021-05-16T15:26:49.246951900Z 4)3:regionWest Midlands                                          
2021-05-16T15:26:49.246958900Z ns(tstop, df =                   -0.331   0.285    -1.162   0.245
2021-05-16T15:26:49.246965900Z 4)4:regionWest Midlands                                          
2021-05-16T15:26:49.246972800Z ns(tstop, df =                   -1.012   0.227    -4.466   0.000
2021-05-16T15:26:49.246988700Z 4)1:regionYorkshire and The                                      
2021-05-16T15:26:49.246996600Z Humber                                                           
2021-05-16T15:26:49.247003600Z ns(tstop, df =                   -0.089   0.197    -0.452   0.651
2021-05-16T15:26:49.247010500Z 4)2:regionYorkshire and The                                      
2021-05-16T15:26:49.247017300Z Humber                                                           
2021-05-16T15:26:49.247024500Z ns(tstop, df =                   -0.454   0.506    -0.897   0.370
2021-05-16T15:26:49.247031600Z 4)3:regionYorkshire and The                                      
2021-05-16T15:26:49.247038500Z Humber                                                           
2021-05-16T15:26:49.247045600Z ns(tstop, df =                   -0.399   0.192    -2.078   0.038
2021-05-16T15:26:49.247053000Z 4)4:regionYorkshire and The                                      
2021-05-16T15:26:49.247059900Z Humber                                                           
2021-05-16T15:26:49.247067100Z -----------------------------------------------------------------
2021-05-16T15:26:49.248588000Z msmmod1_par data size = 11892134 
2021-05-16T15:27:21.484075600Z memory usage = 5.181 GB 
2021-05-16T15:28:33.884263200Z   
2021-05-16T15:28:33.884401100Z msmmod2 
2021-05-16T15:59:47.904448300Z MODEL INFO:
2021-05-16T15:59:47.904588000Z Observations: 11892134
2021-05-16T15:59:47.904597600Z Dependent Variable: 
2021-05-16T15:59:47.904605400Z Type: Generalized linear model
2021-05-16T15:59:47.904612800Z   Family: binomial 
2021-05-16T15:59:47.904620600Z   Link function: logit 
2021-05-16T15:59:47.904628000Z 
2021-05-16T15:59:47.906874600Z MODEL FIT:
2021-05-16T15:59:47.906972300Z <U+03C7><U+00B2>(88) = 19892.865, p = 0.000
2021-05-16T15:59:47.906982600Z Pseudo-R<U+00B2> (Cragg-Uhler) = 
2021-05-16T15:59:47.906990300Z Pseudo-R<U+00B2> (McFadden) = 0.122
2021-05-16T15:59:47.906998000Z AIC = 142722.655, BIC = 143994.589 
2021-05-16T15:59:47.907005400Z 
2021-05-16T15:59:47.907012800Z Standard errors: MLE
2021-05-16T15:59:48.258111400Z ------------------------------------------------------------------
2021-05-16T15:59:48.258220300Z                                     Est.    S.E.    z val.       p
2021-05-16T15:59:48.258230000Z ------------------------------- -------- ------- --------- -------
2021-05-16T15:59:48.258237500Z (Intercept)                        3.704   9.127     0.406   0.685
2021-05-16T15:59:48.258245100Z timesincevax_pw1-3                -2.797   0.243   -11.514   0.000
2021-05-16T15:59:48.258252700Z timesincevax_pw4-7                -2.171   0.146   -14.904   0.000
2021-05-16T15:59:48.258292200Z timesincevax_pw8-14               -1.881   0.090   -21.008   0.000
2021-05-16T15:59:48.258300300Z timesincevax_pw15-21              -2.029   0.092   -22.108   0.000
2021-05-16T15:59:48.258307300Z timesincevax_pw22-28              -1.884   0.100   -18.803   0.000
2021-05-16T15:59:48.258314100Z timesincevax_pw29+                -2.141   0.093   -23.131   0.000
2021-05-16T15:59:48.258320900Z poly(age, degree = 2, raw =       -0.537   0.245    -2.195   0.028
2021-05-16T15:59:48.258327700Z TRUE)1                                                            
2021-05-16T15:59:48.258334600Z poly(age, degree = 2, raw =        0.004   0.002     2.657   0.008
2021-05-16T15:59:48.258341400Z TRUE)2                                                            
2021-05-16T15:59:48.258348500Z sexMale                            0.383   0.024    15.904   0.000
2021-05-16T15:59:48.258355200Z imd2                              -0.014   0.036    -0.388   0.698
2021-05-16T15:59:48.258362200Z imd3                              -0.029   0.036    -0.809   0.418
2021-05-16T15:59:48.258368900Z imd4                              -0.112   0.038    -2.950   0.003
2021-05-16T15:59:48.258422400Z imd5 least deprived               -0.195   0.040    -4.882   0.000
2021-05-16T15:59:48.258430200Z ethnicity_combinedBlack            0.039   0.113     0.342   0.732
2021-05-16T15:59:48.258437300Z ethnicity_combinedSouth            0.282   0.060     4.705   0.000
2021-05-16T15:59:48.258444200Z Asian                                                             
2021-05-16T15:59:48.258451100Z ethnicity_combinedMixed           -0.019   0.197    -0.096   0.923
2021-05-16T15:59:48.258458100Z ethnicity_combinedOther            0.033   0.132     0.251   0.802
2021-05-16T15:59:48.258465300Z bmiObese I (30-34.9)              -0.121   0.031    -3.899   0.000
2021-05-16T15:59:48.258472000Z bmiObese II (35-39.9)             -0.096   0.057    -1.671   0.095
2021-05-16T15:59:48.258479000Z bmiObese III (40+)                 0.172   0.066     2.619   0.009
2021-05-16T15:59:48.258485900Z heart_failure                      0.537   0.038    14.164   0.000
2021-05-16T15:59:48.258492700Z other_heart_disease               -0.118   0.039    -2.999   0.003
2021-05-16T15:59:48.258500300Z dialysis                           0.627   0.115     5.432   0.000
2021-05-16T15:59:48.258510000Z diabetes                           0.078   0.044     1.757   0.079
2021-05-16T15:59:48.258517200Z chronic_liver_disease              0.592   0.075     7.920   0.000
2021-05-16T15:59:48.258524300Z current_copd                       0.106   0.044     2.441   0.015
2021-05-16T15:59:48.258531300Z other_resp_conditions              0.136   0.042     3.220   0.001
2021-05-16T15:59:48.258538100Z lung_cancer                        1.033   0.065    15.861   0.000
2021-05-16T15:59:48.258544900Z haematological_cancer              0.411   0.064     6.435   0.000
2021-05-16T15:59:48.258563500Z cancer_excl_lung_and_haem          0.332   0.043     7.798   0.000
2021-05-16T15:59:48.258572100Z any_immunosuppression             -0.038   0.050    -0.767   0.443
2021-05-16T15:59:48.258579200Z dementia                           0.765   0.052    14.645   0.000
2021-05-16T15:59:48.258586100Z other_neuro_conditions             0.536   0.059     9.043   0.000
2021-05-16T15:59:48.258593100Z LD_incl_DS_and_CP                  0.333   0.166     2.005   0.045
2021-05-16T15:59:48.258600000Z psychosis_schiz_bipolar            0.233   0.085     2.742   0.006
2021-05-16T15:59:48.258607100Z multimorb1                         0.601   0.052    11.528   0.000
2021-05-16T15:59:48.258614100Z multimorb2                         0.812   0.081    10.028   0.000
2021-05-16T15:59:48.258621500Z multimorb3                         0.882   0.114     7.738   0.000
2021-05-16T15:59:48.258629000Z multimorb4+                        0.719   0.160     4.493   0.000
2021-05-16T15:59:48.258636200Z shielded                           0.676   0.030    22.889   0.000
2021-05-16T15:59:48.258651600Z flu_vaccine                       -0.226   0.032    -7.141   0.000
2021-05-16T15:59:48.258660500Z efi_catMild                        0.187   0.045     4.136   0.000
2021-05-16T15:59:48.258667300Z efi_catModerate                    0.515   0.048    10.619   0.000
2021-05-16T15:59:48.258674400Z efi_catSevere                      0.827   0.056    14.850   0.000
2021-05-16T15:59:48.258681200Z ns(tstop, df = 4)1                 1.520   0.141    10.756   0.000
2021-05-16T15:59:48.258688300Z ns(tstop, df = 4)2                 1.572   0.122    12.854   0.000
2021-05-16T15:59:48.258695100Z ns(tstop, df = 4)3                 3.132   0.323     9.693   0.000
2021-05-16T15:59:48.258702200Z ns(tstop, df = 4)4                 2.529   0.121    20.972   0.000
2021-05-16T15:59:48.258709200Z regionEast Midlands                0.435   0.200     2.170   0.030
2021-05-16T15:59:48.258716200Z regionLondon                       0.607   0.468     1.296   0.195
2021-05-16T15:59:48.258723300Z regionNorth East                   0.678   0.322     2.103   0.035
2021-05-16T15:59:48.258730400Z regionNorth West                   1.254   0.226     5.545   0.000
2021-05-16T15:59:48.258737300Z regionSouth East                   1.560   0.270     5.780   0.000
2021-05-16T15:59:48.258744200Z regionSouth West                   3.613   0.201    17.952   0.000
2021-05-16T15:59:48.258752000Z regionWest Midlands                3.837   0.342    11.233   0.000
2021-05-16T15:59:48.258759400Z regionYorkshire and The           -0.547   0.212    -2.576   0.010
2021-05-16T15:59:48.258766300Z Humber                                                            
2021-05-16T15:59:48.258773200Z ns(tstop, df =                    -0.522   0.209    -2.493   0.013
2021-05-16T15:59:48.258780000Z 4)1:regionEast Midlands                                           
2021-05-16T15:59:48.258787200Z ns(tstop, df =                    -0.261   0.179    -1.461   0.144
2021-05-16T15:59:48.258802600Z 4)2:regionEast Midlands                                           
2021-05-16T15:59:48.258810400Z ns(tstop, df =                    -0.371   0.474    -0.782   0.434
2021-05-16T15:59:48.258817100Z 4)3:regionEast Midlands                                           
2021-05-16T15:59:48.258824100Z ns(tstop, df =                     0.027   0.170     0.162   0.872
2021-05-16T15:59:48.258831200Z 4)4:regionEast Midlands                                           
2021-05-16T15:59:48.258837900Z ns(tstop, df =                     1.127   0.453     2.486   0.013
2021-05-16T15:59:48.258844900Z 4)1:regionLondon                                                  
2021-05-16T15:59:48.258851700Z ns(tstop, df =                     0.841   0.383     2.197   0.028
2021-05-16T15:59:48.258858700Z 4)2:regionLondon                                                  
2021-05-16T15:59:48.258865500Z ns(tstop, df =                     1.670   1.046     1.597   0.110
2021-05-16T15:59:48.258872200Z 4)3:regionLondon                                                  
2021-05-16T15:59:48.258879000Z ns(tstop, df =                    -0.427   0.340    -1.255   0.209
2021-05-16T15:59:48.258885700Z 4)4:regionLondon                                                  
2021-05-16T15:59:48.258892500Z ns(tstop, df =                    -0.684   0.342    -1.997   0.046
2021-05-16T15:59:48.258899300Z 4)1:regionNorth East                                              
2021-05-16T15:59:48.258906100Z ns(tstop, df =                    -0.018   0.290    -0.061   0.951
2021-05-16T15:59:48.258913200Z 4)2:regionNorth East                                              
2021-05-16T15:59:48.258920100Z ns(tstop, df =                    -0.254   0.768    -0.331   0.740
2021-05-16T15:59:48.258927800Z 4)3:regionNorth East                                              
2021-05-16T15:59:48.258934700Z ns(tstop, df =                    -0.244   0.292    -0.835   0.403
2021-05-16T15:59:48.258942000Z 4)4:regionNorth East                                              
2021-05-16T15:59:48.258949600Z ns(tstop, df =                    -0.888   0.245    -3.617   0.000
2021-05-16T15:59:48.258956400Z 4)1:regionNorth West                                              
2021-05-16T15:59:48.258964400Z ns(tstop, df =                    -0.628   0.217    -2.896   0.004
2021-05-16T15:59:48.258972300Z 4)2:regionNorth West                                              
2021-05-16T15:59:48.258979500Z ns(tstop, df =                    -1.023   0.547    -1.871   0.061
2021-05-16T15:59:48.258986500Z 4)3:regionNorth West                                              
2021-05-16T15:59:48.258993400Z ns(tstop, df =                     0.065   0.215     0.304   0.761
2021-05-16T15:59:48.259000400Z 4)4:regionNorth West                                              
2021-05-16T15:59:48.259007100Z ns(tstop, df =                    -0.494   0.287    -1.725   0.085
2021-05-16T15:59:48.259021800Z 4)1:regionSouth East                                              
2021-05-16T15:59:48.259029400Z ns(tstop, df =                    -0.077   0.249    -0.309   0.757
2021-05-16T15:59:48.259036300Z 4)2:regionSouth East                                              
2021-05-16T15:59:48.259043200Z ns(tstop, df =                    -0.547   0.645    -0.848   0.396
2021-05-16T15:59:48.259050100Z 4)3:regionSouth East                                              
2021-05-16T15:59:48.259057000Z ns(tstop, df =                    -0.131   0.249    -0.526   0.599
2021-05-16T15:59:48.259064000Z 4)4:regionSouth East                                              
2021-05-16T15:59:48.259070800Z ns(tstop, df =                    -0.967   0.218    -4.426   0.000
2021-05-16T15:59:48.259077800Z 4)1:regionSouth West                                              
2021-05-16T15:59:48.259084800Z ns(tstop, df =                    -0.406   0.195    -2.079   0.038
2021-05-16T15:59:48.259091700Z 4)2:regionSouth West                                              
2021-05-16T15:59:48.259098600Z ns(tstop, df =                    -1.247   0.486    -2.566   0.010
2021-05-16T15:59:48.259105500Z 4)3:regionSouth West                                              
2021-05-16T15:59:48.259112400Z ns(tstop, df =                    -0.384   0.204    -1.880   0.060
2021-05-16T15:59:48.259119800Z 4)4:regionSouth West                                              
2021-05-16T15:59:48.259126700Z ns(tstop, df =                    -0.284   0.354    -0.803   0.422
2021-05-16T15:59:48.259133600Z 4)1:regionWest Midlands                                           
2021-05-16T15:59:48.259140500Z ns(tstop, df =                     0.481   0.300     1.604   0.109
2021-05-16T15:59:48.259147300Z 4)2:regionWest Midlands                                           
2021-05-16T15:59:48.259154200Z ns(tstop, df =                     0.827   0.799     1.034   0.301
2021-05-16T15:59:48.259161300Z 4)3:regionWest Midlands                                           
2021-05-16T15:59:48.259168200Z ns(tstop, df =                    -0.112   0.291    -0.386   0.700
2021-05-16T15:59:48.259175300Z 4)4:regionWest Midlands                                           
2021-05-16T15:59:48.259182200Z ns(tstop, df =                    -1.000   0.227    -4.400   0.000
2021-05-16T15:59:48.259189000Z 4)1:regionYorkshire and The                                       
2021-05-16T15:59:48.259196800Z Humber                                                            
2021-05-16T15:59:48.259204100Z ns(tstop, df =                    -0.093   0.198    -0.472   0.637
2021-05-16T15:59:48.259211100Z 4)2:regionYorkshire and The                                       
2021-05-16T15:59:48.259218100Z Humber                                                            
2021-05-16T15:59:48.259225000Z ns(tstop, df =                    -0.516   0.507    -1.018   0.309
2021-05-16T15:59:48.259232000Z 4)3:regionYorkshire and The                                       
2021-05-16T15:59:48.259246900Z Humber                                                            
2021-05-16T15:59:48.259254600Z ns(tstop, df =                    -0.457   0.193    -2.366   0.018
2021-05-16T15:59:48.259261500Z 4)4:regionYorkshire and The                                       
2021-05-16T15:59:48.259268500Z Humber                                                            
2021-05-16T15:59:48.259275300Z ------------------------------------------------------------------
2021-05-16T15:59:48.259282200Z msmmod2_par data size = 11892134 
2021-05-16T16:00:22.878779200Z memory usage = 5.181 GB 
2021-05-16T16:02:02.524026900Z   
2021-05-16T16:02:02.524108500Z msmmod3 
2021-05-16T16:44:42.552001400Z MODEL INFO:
2021-05-16T16:44:42.552147400Z Observations: 11892134
2021-05-16T16:44:42.552157400Z Dependent Variable: 
2021-05-16T16:44:42.552276400Z Type: Generalized linear model
2021-05-16T16:44:42.552365600Z   Family: binomial 
2021-05-16T16:44:42.552375600Z   Link function: logit 
2021-05-16T16:44:42.552384900Z 
2021-05-16T16:44:42.554611200Z MODEL FIT:
2021-05-16T16:44:42.554710100Z <U+03C7><U+00B2>(110) = 38705.000, p = 0.000
2021-05-16T16:44:42.554720900Z Pseudo-R<U+00B2> (Cragg-Uhler) = 
2021-05-16T16:44:42.554728500Z Pseudo-R<U+00B2> (McFadden) = 0.238
2021-05-16T16:44:42.554736300Z AIC = 123954.512, BIC = 125540.856 
2021-05-16T16:44:42.554743700Z 
2021-05-16T16:44:42.554847200Z Standard errors: MLE
2021-05-16T16:44:43.247006400Z -----------------------------------------------------------------------------
2021-05-16T16:44:43.247105600Z                                                        Est.    S.E.    z val.
2021-05-16T16:44:43.247114900Z -------------------------------------------------- -------- ------- ---------
2021-05-16T16:44:43.247123000Z (Intercept)                                           5.876   9.205     0.638
2021-05-16T16:44:43.247130700Z timesincevax_pw1-3                                   -1.203   0.244    -4.927
2021-05-16T16:44:43.247169700Z timesincevax_pw4-7                                   -0.550   0.147    -3.728
2021-05-16T16:44:43.247178500Z timesincevax_pw8-14                                  -0.314   0.092    -3.420
2021-05-16T16:44:43.247186200Z timesincevax_pw15-21                                 -0.447   0.093    -4.805
2021-05-16T16:44:43.247194000Z timesincevax_pw22-28                                 -0.331   0.102    -3.252
2021-05-16T16:44:43.247201800Z timesincevax_pw29+                                   -0.456   0.093    -4.897
2021-05-16T16:44:43.247209400Z poly(age, degree = 2, raw =                          -0.570   0.247    -2.309
2021-05-16T16:44:43.247217600Z TRUE)1                                                                       
2021-05-16T16:44:43.247257400Z poly(age, degree = 2, raw =                           0.004   0.002     2.633
2021-05-16T16:44:43.247265700Z TRUE)2                                                                       
2021-05-16T16:44:43.247272700Z sexMale                                               0.269   0.024    11.043
2021-05-16T16:44:43.247279700Z imd2                                                  0.021   0.036     0.584
2021-05-16T16:44:43.247286600Z imd3                                                  0.017   0.037     0.470
2021-05-16T16:44:43.247293600Z imd4                                                 -0.043   0.038    -1.135
2021-05-16T16:44:43.247300600Z imd5 least deprived                                  -0.071   0.040    -1.753
2021-05-16T16:44:43.247307600Z ethnicity_combinedBlack                               0.237   0.115     2.067
2021-05-16T16:44:43.247314500Z ethnicity_combinedSouth                               0.232   0.061     3.792
2021-05-16T16:44:43.247321500Z Asian                                                                        
2021-05-16T16:44:43.247328500Z ethnicity_combinedMixed                              -0.182   0.200    -0.908
2021-05-16T16:44:43.247337100Z ethnicity_combinedOther                               0.413   0.133     3.115
2021-05-16T16:44:43.247344900Z bmiObese I (30-34.9)                                 -0.131   0.032    -4.161
2021-05-16T16:44:43.247351900Z bmiObese II (35-39.9)                                -0.049   0.058    -0.842
2021-05-16T16:44:43.247360700Z bmiObese III (40+)                                    0.075   0.067     1.131
2021-05-16T16:44:43.247368200Z heart_failure                                         0.424   0.038    11.147
2021-05-16T16:44:43.247375300Z other_heart_disease                                  -0.129   0.040    -3.237
2021-05-16T16:44:43.247382500Z dialysis                                              0.143   0.117     1.226
2021-05-16T16:44:43.247389500Z diabetes                                              0.122   0.046     2.676
2021-05-16T16:44:43.247396300Z chronic_liver_disease                                 0.574   0.076     7.514
2021-05-16T16:44:43.247403200Z current_copd                                          0.180   0.044     4.066
2021-05-16T16:44:43.247410100Z other_resp_conditions                                 0.133   0.043     3.083
2021-05-16T16:44:43.247417100Z lung_cancer                                           0.949   0.066    14.362
2021-05-16T16:44:43.247424200Z haematological_cancer                                 0.307   0.065     4.724
2021-05-16T16:44:43.247431200Z cancer_excl_lung_and_haem                             0.416   0.043     9.601
2021-05-16T16:44:43.247438200Z any_immunosuppression                                 0.050   0.050     1.002
2021-05-16T16:44:43.247445400Z dementia                                              0.502   0.053     9.394
2021-05-16T16:44:43.247452400Z other_neuro_conditions                                0.482   0.061     7.899
2021-05-16T16:44:43.247467800Z LD_incl_DS_and_CP                                     0.312   0.167     1.874
2021-05-16T16:44:43.247476100Z psychosis_schiz_bipolar                               0.268   0.086     3.120
2021-05-16T16:44:43.247483500Z multimorb1                                            0.328   0.053     6.214
2021-05-16T16:44:43.247490400Z multimorb2                                            0.371   0.082     4.501
2021-05-16T16:44:43.247497500Z multimorb3                                            0.383   0.116     3.307
2021-05-16T16:44:43.247504400Z multimorb4+                                           0.242   0.163     1.480
2021-05-16T16:44:43.247511400Z shielded                                              0.452   0.030    14.990
2021-05-16T16:44:43.247518600Z flu_vaccine                                          -0.233   0.032    -7.305
2021-05-16T16:44:43.247525600Z efi_catMild                                          -0.165   0.046    -3.595
2021-05-16T16:44:43.247532700Z efi_catModerate                                      -0.104   0.049    -2.118
2021-05-16T16:44:43.247539700Z efi_catSevere                                        -0.098   0.056    -1.736
2021-05-16T16:44:43.247546700Z ns(tstop, df = 4)1                                    1.099   0.141     7.786
2021-05-16T16:44:43.247554400Z ns(tstop, df = 4)2                                    1.054   0.123     8.567
2021-05-16T16:44:43.247561800Z ns(tstop, df = 4)3                                    2.131   0.322     6.623
2021-05-16T16:44:43.247568800Z ns(tstop, df = 4)4                                    1.550   0.124    12.494
2021-05-16T16:44:43.247575800Z regionEast Midlands                                   0.446   0.199     2.236
2021-05-16T16:44:43.247582800Z regionLondon                                          0.693   0.463     1.496
2021-05-16T16:44:43.247589600Z regionNorth East                                      0.690   0.323     2.137
2021-05-16T16:44:43.247596600Z regionNorth West                                      1.328   0.224     5.928
2021-05-16T16:44:43.247603500Z regionSouth East                                      1.730   0.265     6.525
2021-05-16T16:44:43.247610500Z regionSouth West                                      3.544   0.202    17.553
2021-05-16T16:44:43.247617700Z regionWest Midlands                                   3.517   0.355     9.895
2021-05-16T16:44:43.247624500Z regionYorkshire and The                              -0.473   0.211    -2.237
2021-05-16T16:44:43.247631300Z Humber                                                                       
2021-05-16T16:44:43.247638200Z timesince_postesttdc_pw1-3                            3.681   0.062    59.833
2021-05-16T16:44:43.247645000Z timesince_postesttdc_pw3-7                            4.091   0.047    86.781
2021-05-16T16:44:43.247651900Z timesince_postesttdc_pw8-14                           4.088   0.040   101.080
2021-05-16T16:44:43.247658700Z timesince_postesttdc_pw15-21                          3.642   0.053    69.048
2021-05-16T16:44:43.247672800Z timesince_postesttdc_pw22-28                          3.047   0.075    40.548
2021-05-16T16:44:43.247680300Z timesince_postesttdc_pw29+                            2.445   0.079    31.085
2021-05-16T16:44:43.247687100Z timesince_suspectedcovid_pw1-3                        0.178   0.285     0.624
2021-05-16T16:44:43.247694000Z timesince_suspectedcovid_pw3-7                        0.107   0.242     0.443
2021-05-16T16:44:43.247700800Z timesince_suspectedcovid_pw8-14                       0.563   0.160     3.516
2021-05-16T16:44:43.247707700Z timesince_suspectedcovid_pw15-21                      0.201   0.233     0.863
2021-05-16T16:44:43.247714600Z timesince_suspectedcovid_pw22-28                      0.118   0.304     0.388
2021-05-16T16:44:43.247721400Z timesince_suspectedcovid_pw29+                        0.156   0.228     0.686
2021-05-16T16:44:43.247728300Z timesince_hospinfectiousdischarge_pwIn                2.080   0.031    67.370
2021-05-16T16:44:43.247735400Z hospital                                                                     
2021-05-16T16:44:43.247743200Z timesince_hospinfectiousdischarge_pw1-7               1.480   0.064    22.987
2021-05-16T16:44:43.247750700Z timesince_hospinfectiousdischarge_pw8-14              1.408   0.078    18.113
2021-05-16T16:44:43.247757800Z timesince_hospinfectiousdischarge_pw15-21             1.496   0.091    16.402
2021-05-16T16:44:43.247764800Z timesince_hospinfectiousdischarge_pw22-28             1.179   0.132     8.951
2021-05-16T16:44:43.247771900Z timesince_hospnoninfectiousdischarge_pwIn             0.208   0.048     4.368
2021-05-16T16:44:43.247780800Z hospital                                                                     
2021-05-16T16:44:43.247787700Z timesince_hospnoninfectiousdischarge_pw1-7            1.686   0.130    12.949
2021-05-16T16:44:43.247794600Z timesince_hospnoninfectiousdischarge_pw8-14           1.088   0.137     7.923
2021-05-16T16:44:43.247801400Z timesince_hospnoninfectiousdischarge_pw15-21          1.130   0.141     8.024
2021-05-16T16:44:43.247808300Z timesince_hospnoninfectiousdischarge_pw22-28          0.853   0.174     4.903
2021-05-16T16:44:43.247815200Z ns(tstop, df =                                       -0.435   0.209    -2.081
2021-05-16T16:44:43.247822200Z 4)1:regionEast Midlands                                                      
2021-05-16T16:44:43.247829000Z ns(tstop, df =                                       -0.195   0.180    -1.087
2021-05-16T16:44:43.247836000Z 4)2:regionEast Midlands                                                      
2021-05-16T16:44:43.247842800Z ns(tstop, df =                                       -0.267   0.472    -0.567
2021-05-16T16:44:43.247849800Z 4)3:regionEast Midlands                                                      
2021-05-16T16:44:43.247856800Z ns(tstop, df =                                        0.127   0.174     0.734
2021-05-16T16:44:43.247863900Z 4)4:regionEast Midlands                                                      
2021-05-16T16:44:43.247878100Z ns(tstop, df =                                        0.719   0.450     1.598
2021-05-16T16:44:43.247886000Z 4)1:regionLondon                                                             
2021-05-16T16:44:43.247893100Z ns(tstop, df =                                        0.332   0.382     0.868
2021-05-16T16:44:43.247900300Z 4)2:regionLondon                                                             
2021-05-16T16:44:43.247907300Z ns(tstop, df =                                        1.331   1.036     1.286
2021-05-16T16:44:43.247914300Z 4)3:regionLondon                                                             
2021-05-16T16:44:43.247921200Z ns(tstop, df =                                       -0.110   0.349    -0.315
2021-05-16T16:44:43.247928200Z 4)4:regionLondon                                                             
2021-05-16T16:44:43.247935000Z ns(tstop, df =                                       -0.472   0.343    -1.375
2021-05-16T16:44:43.247942600Z 4)1:regionNorth East                                                         
2021-05-16T16:44:43.247950100Z ns(tstop, df =                                        0.305   0.294     1.037
2021-05-16T16:44:43.247957400Z 4)2:regionNorth East                                                         
2021-05-16T16:44:43.247964400Z ns(tstop, df =                                       -0.213   0.768    -0.278
2021-05-16T16:44:43.247971500Z 4)3:regionNorth East                                                         
2021-05-16T16:44:43.247978600Z ns(tstop, df =                                       -0.481   0.300    -1.602
2021-05-16T16:44:43.247985600Z 4)4:regionNorth East                                                         
2021-05-16T16:44:43.247992600Z ns(tstop, df =                                       -0.813   0.245    -3.321
2021-05-16T16:44:43.247999800Z 4)1:regionNorth West                                                         
2021-05-16T16:44:43.248006800Z ns(tstop, df =                                       -0.506   0.219    -2.312
2021-05-16T16:44:43.248013800Z 4)2:regionNorth West                                                         
2021-05-16T16:44:43.248020700Z ns(tstop, df =                                       -1.136   0.542    -2.095
2021-05-16T16:44:43.248027500Z 4)3:regionNorth West                                                         
2021-05-16T16:44:43.248034400Z ns(tstop, df =                                       -0.095   0.222    -0.428
2021-05-16T16:44:43.248041400Z 4)4:regionNorth West                                                         
2021-05-16T16:44:43.248048400Z ns(tstop, df =                                       -0.632   0.285    -2.216
2021-05-16T16:44:43.248055300Z 4)1:regionSouth East                                                         
2021-05-16T16:44:43.248062200Z ns(tstop, df =                                       -0.536   0.251    -2.137
2021-05-16T16:44:43.248069100Z 4)2:regionSouth East                                                         
2021-05-16T16:44:43.248083600Z ns(tstop, df =                                       -1.172   0.634    -1.849
2021-05-16T16:44:43.248091700Z 4)3:regionSouth East                                                         
2021-05-16T16:44:43.248098800Z ns(tstop, df =                                       -0.126   0.256    -0.492
2021-05-16T16:44:43.248105900Z 4)4:regionSouth East                                                         
2021-05-16T16:44:43.248113000Z ns(tstop, df =                                       -1.305   0.221    -5.893
2021-05-16T16:44:43.248120400Z 4)1:regionSouth West                                                         
2021-05-16T16:44:43.248127800Z ns(tstop, df =                                       -0.626   0.202    -3.098
2021-05-16T16:44:43.248135400Z 4)2:regionSouth West                                                         
2021-05-16T16:44:43.248143200Z ns(tstop, df =                                       -1.379   0.489    -2.821
2021-05-16T16:44:43.248150200Z 4)3:regionSouth West                                                         
2021-05-16T16:44:43.248157100Z ns(tstop, df =                                       -0.712   0.217    -3.275
2021-05-16T16:44:43.248164100Z 4)4:regionSouth West                                                         
2021-05-16T16:44:43.248171100Z ns(tstop, df =                                       -1.123   0.367    -3.062
2021-05-16T16:44:43.248178000Z 4)1:regionWest Midlands                                                      
2021-05-16T16:44:43.248184800Z ns(tstop, df =                                       -0.966   0.318    -3.040
2021-05-16T16:44:43.248191700Z 4)2:regionWest Midlands                                                      
2021-05-16T16:44:43.248198600Z ns(tstop, df =                                       -0.781   0.835    -0.935
2021-05-16T16:44:43.248205700Z 4)3:regionWest Midlands                                                      
2021-05-16T16:44:43.248213300Z ns(tstop, df =                                       -1.078   0.314    -3.429
2021-05-16T16:44:43.248220500Z 4)4:regionWest Midlands                                                      
2021-05-16T16:44:43.248227800Z ns(tstop, df =                                       -0.685   0.227    -3.025
2021-05-16T16:44:43.248234800Z 4)1:regionYorkshire and The                                                  
2021-05-16T16:44:43.248241700Z Humber                                                                       
2021-05-16T16:44:43.248248500Z ns(tstop, df =                                        0.056   0.198     0.282
2021-05-16T16:44:43.248255300Z 4)2:regionYorkshire and The                                                  
2021-05-16T16:44:43.248262400Z Humber                                                                       
2021-05-16T16:44:43.248269400Z ns(tstop, df =                                       -0.278   0.505    -0.551
2021-05-16T16:44:43.248276500Z 4)3:regionYorkshire and The                                                  
2021-05-16T16:44:43.248293500Z Humber                                                                       
2021-05-16T16:44:43.248301600Z ns(tstop, df =                                       -0.223   0.196    -1.136
2021-05-16T16:44:43.248308600Z 4)4:regionYorkshire and The                                                  
2021-05-16T16:44:43.248315900Z Humber                                                                       
2021-05-16T16:44:43.248323100Z -----------------------------------------------------------------------------
2021-05-16T16:44:43.248330200Z  
2021-05-16T16:44:43.248337900Z ----------------------------------------------------------
2021-05-16T16:44:43.248345800Z                                                          p
2021-05-16T16:44:43.248353300Z -------------------------------------------------- -------
2021-05-16T16:44:43.248360300Z (Intercept)                                          0.523
2021-05-16T16:44:43.248367200Z timesincevax_pw1-3                                   0.000
2021-05-16T16:44:43.248374000Z timesincevax_pw4-7                                   0.000
2021-05-16T16:44:43.248380800Z timesincevax_pw8-14                                  0.001
2021-05-16T16:44:43.248387400Z timesincevax_pw15-21                                 0.000
2021-05-16T16:44:43.248394400Z timesincevax_pw22-28                                 0.001
2021-05-16T16:44:43.248401200Z timesincevax_pw29+                                   0.000
2021-05-16T16:44:43.248408900Z poly(age, degree = 2, raw =                          0.021
2021-05-16T16:44:43.248415600Z TRUE)1                                                    
2021-05-16T16:44:43.248422700Z poly(age, degree = 2, raw =                          0.008
2021-05-16T16:44:43.248429500Z TRUE)2                                                    
2021-05-16T16:44:43.248436700Z sexMale                                              0.000
2021-05-16T16:44:43.248443400Z imd2                                                 0.559
2021-05-16T16:44:43.248450700Z imd3                                                 0.638
2021-05-16T16:44:43.248457500Z imd4                                                 0.256
2021-05-16T16:44:43.248464600Z imd5 least deprived                                  0.080
2021-05-16T16:44:43.248471500Z ethnicity_combinedBlack                              0.039
2021-05-16T16:44:43.248478400Z ethnicity_combinedSouth                              0.000
2021-05-16T16:44:43.248485300Z Asian                                                     
2021-05-16T16:44:43.248492000Z ethnicity_combinedMixed                              0.364
2021-05-16T16:44:43.248498900Z ethnicity_combinedOther                              0.002
2021-05-16T16:44:43.248505800Z bmiObese I (30-34.9)                                 0.000
2021-05-16T16:44:43.248512900Z bmiObese II (35-39.9)                                0.400
2021-05-16T16:44:43.248527500Z bmiObese III (40+)                                   0.258
2021-05-16T16:44:43.248535300Z heart_failure                                        0.000
2021-05-16T16:44:43.248542100Z other_heart_disease                                  0.001
2021-05-16T16:44:43.248548800Z dialysis                                             0.220
2021-05-16T16:44:43.248556000Z diabetes                                             0.007
2021-05-16T16:44:43.248563100Z chronic_liver_disease                                0.000
2021-05-16T16:44:43.248570000Z current_copd                                         0.000
2021-05-16T16:44:43.248576700Z other_resp_conditions                                0.002
2021-05-16T16:44:43.248583700Z lung_cancer                                          0.000
2021-05-16T16:44:43.248593000Z haematological_cancer                                0.000
2021-05-16T16:44:43.248600500Z cancer_excl_lung_and_haem                            0.000
2021-05-16T16:44:43.248607600Z any_immunosuppression                                0.317
2021-05-16T16:44:43.248614500Z dementia                                             0.000
2021-05-16T16:44:43.248621600Z other_neuro_conditions                               0.000
2021-05-16T16:44:43.248630100Z LD_incl_DS_and_CP                                    0.061
2021-05-16T16:44:43.248637200Z psychosis_schiz_bipolar                              0.002
2021-05-16T16:44:43.248644500Z multimorb1                                           0.000
2021-05-16T16:44:43.248651300Z multimorb2                                           0.000
2021-05-16T16:44:43.248658200Z multimorb3                                           0.001
2021-05-16T16:44:43.248665300Z multimorb4+                                          0.139
2021-05-16T16:44:43.248672300Z shielded                                             0.000
2021-05-16T16:44:43.248679200Z flu_vaccine                                          0.000
2021-05-16T16:44:43.248685900Z efi_catMild                                          0.000
2021-05-16T16:44:43.248693000Z efi_catModerate                                      0.034
2021-05-16T16:44:43.248700200Z efi_catSevere                                        0.083
2021-05-16T16:44:43.248707300Z ns(tstop, df = 4)1                                   0.000
2021-05-16T16:44:43.248715400Z ns(tstop, df = 4)2                                   0.000
2021-05-16T16:44:43.248723300Z ns(tstop, df = 4)3                                   0.000
2021-05-16T16:44:43.248730300Z ns(tstop, df = 4)4                                   0.000
2021-05-16T16:44:43.248737200Z regionEast Midlands                                  0.025
2021-05-16T16:44:43.248744100Z regionLondon                                         0.135
2021-05-16T16:44:43.248750900Z regionNorth East                                     0.033
2021-05-16T16:44:43.248765500Z regionNorth West                                     0.000
2021-05-16T16:44:43.248772800Z regionSouth East                                     0.000
2021-05-16T16:44:43.248779400Z regionSouth West                                     0.000
2021-05-16T16:44:43.248786100Z regionWest Midlands                                  0.000
2021-05-16T16:44:43.248792900Z regionYorkshire and The                              0.025
2021-05-16T16:44:43.248800700Z Humber                                                    
2021-05-16T16:44:43.248808500Z timesince_postesttdc_pw1-3                           0.000
2021-05-16T16:44:43.248815800Z timesince_postesttdc_pw3-7                           0.000
2021-05-16T16:44:43.248822800Z timesince_postesttdc_pw8-14                          0.000
2021-05-16T16:44:43.248829800Z timesince_postesttdc_pw15-21                         0.000
2021-05-16T16:44:43.248837200Z timesince_postesttdc_pw22-28                         0.000
2021-05-16T16:44:43.248844500Z timesince_postesttdc_pw29+                           0.000
2021-05-16T16:44:43.248853800Z timesince_suspectedcovid_pw1-3                       0.532
2021-05-16T16:44:43.248861000Z timesince_suspectedcovid_pw3-7                       0.658
2021-05-16T16:44:43.248868000Z timesince_suspectedcovid_pw8-14                      0.000
2021-05-16T16:44:43.248875600Z timesince_suspectedcovid_pw15-21                     0.388
2021-05-16T16:44:43.248883200Z timesince_suspectedcovid_pw22-28                     0.698
2021-05-16T16:44:43.248890500Z timesince_suspectedcovid_pw29+                       0.493
2021-05-16T16:44:43.248898000Z timesince_hospinfectiousdischarge_pwIn               0.000
2021-05-16T16:44:43.248905200Z hospital                                                  
2021-05-16T16:44:43.248912100Z timesince_hospinfectiousdischarge_pw1-7              0.000
2021-05-16T16:44:43.248919400Z timesince_hospinfectiousdischarge_pw8-14             0.000
2021-05-16T16:44:43.248926000Z timesince_hospinfectiousdischarge_pw15-21            0.000
2021-05-16T16:44:43.248933100Z timesince_hospinfectiousdischarge_pw22-28            0.000
2021-05-16T16:44:43.248941200Z timesince_hospnoninfectiousdischarge_pwIn            0.000
2021-05-16T16:44:43.248948400Z hospital                                                  
2021-05-16T16:44:43.248955500Z timesince_hospnoninfectiousdischarge_pw1-7           0.000
2021-05-16T16:44:43.248962400Z timesince_hospnoninfectiousdischarge_pw8-14          0.000
2021-05-16T16:44:43.248969400Z timesince_hospnoninfectiousdischarge_pw15-21         0.000
2021-05-16T16:44:43.248976500Z timesince_hospnoninfectiousdischarge_pw22-28         0.000
2021-05-16T16:44:43.248983200Z ns(tstop, df =                                       0.037
2021-05-16T16:44:43.248989900Z 4)1:regionEast Midlands                                   
2021-05-16T16:44:43.248996500Z ns(tstop, df =                                       0.277
2021-05-16T16:44:43.249012900Z 4)2:regionEast Midlands                                   
2021-05-16T16:44:43.249020500Z ns(tstop, df =                                       0.571
2021-05-16T16:44:43.249028000Z 4)3:regionEast Midlands                                   
2021-05-16T16:44:43.249035000Z ns(tstop, df =                                       0.463
2021-05-16T16:44:43.249042300Z 4)4:regionEast Midlands                                   
2021-05-16T16:44:43.249049400Z ns(tstop, df =                                       0.110
2021-05-16T16:44:43.249056300Z 4)1:regionLondon                                          
2021-05-16T16:44:43.249063200Z ns(tstop, df =                                       0.385
2021-05-16T16:44:43.249070300Z 4)2:regionLondon                                          
2021-05-16T16:44:43.249077800Z ns(tstop, df =                                       0.199
2021-05-16T16:44:43.249084900Z 4)3:regionLondon                                          
2021-05-16T16:44:43.249092100Z ns(tstop, df =                                       0.753
2021-05-16T16:44:43.249098800Z 4)4:regionLondon                                          
2021-05-16T16:44:43.249107800Z ns(tstop, df =                                       0.169
2021-05-16T16:44:43.249115100Z 4)1:regionNorth East                                      
2021-05-16T16:44:43.249121800Z ns(tstop, df =                                       0.300
2021-05-16T16:44:43.249128900Z 4)2:regionNorth East                                      
2021-05-16T16:44:43.249135800Z ns(tstop, df =                                       0.781
2021-05-16T16:44:43.249142600Z 4)3:regionNorth East                                      
2021-05-16T16:44:43.249149400Z ns(tstop, df =                                       0.109
2021-05-16T16:44:43.249156300Z 4)4:regionNorth East                                      
2021-05-16T16:44:43.249163300Z ns(tstop, df =                                       0.001
2021-05-16T16:44:43.249170800Z 4)1:regionNorth West                                      
2021-05-16T16:44:43.249178400Z ns(tstop, df =                                       0.021
2021-05-16T16:44:43.249185800Z 4)2:regionNorth West                                      
2021-05-16T16:44:43.249192700Z ns(tstop, df =                                       0.036
2021-05-16T16:44:43.249199300Z 4)3:regionNorth West                                      
2021-05-16T16:44:43.249206600Z ns(tstop, df =                                       0.668
2021-05-16T16:44:43.249213200Z 4)4:regionNorth West                                      
2021-05-16T16:44:43.249220000Z ns(tstop, df =                                       0.027
2021-05-16T16:44:43.249227200Z 4)1:regionSouth East                                      
2021-05-16T16:44:43.249233900Z ns(tstop, df =                                       0.033
2021-05-16T16:44:43.249251500Z 4)2:regionSouth East                                      
2021-05-16T16:44:43.249259100Z ns(tstop, df =                                       0.064
2021-05-16T16:44:43.249265900Z 4)3:regionSouth East                                      
2021-05-16T16:44:43.249272500Z ns(tstop, df =                                       0.623
2021-05-16T16:44:43.249279400Z 4)4:regionSouth East                                      
2021-05-16T16:44:43.249286700Z ns(tstop, df =                                       0.000
2021-05-16T16:44:43.249293900Z 4)1:regionSouth West                                      
2021-05-16T16:44:43.249300800Z ns(tstop, df =                                       0.002
2021-05-16T16:44:43.249307400Z 4)2:regionSouth West                                      
2021-05-16T16:44:43.249314200Z ns(tstop, df =                                       0.005
2021-05-16T16:44:43.249320900Z 4)3:regionSouth West                                      
2021-05-16T16:44:43.249327900Z ns(tstop, df =                                       0.001
2021-05-16T16:44:43.249334800Z 4)4:regionSouth West                                      
2021-05-16T16:44:43.249341900Z ns(tstop, df =                                       0.002
2021-05-16T16:44:43.249349200Z 4)1:regionWest Midlands                                   
2021-05-16T16:44:43.249356100Z ns(tstop, df =                                       0.002
2021-05-16T16:44:43.249365900Z 4)2:regionWest Midlands                                   
2021-05-16T16:44:43.249372700Z ns(tstop, df =                                       0.350
2021-05-16T16:44:43.249379900Z 4)3:regionWest Midlands                                   
2021-05-16T16:44:43.249386900Z ns(tstop, df =                                       0.001
2021-05-16T16:44:43.249393800Z 4)4:regionWest Midlands                                   
2021-05-16T16:44:43.249400600Z ns(tstop, df =                                       0.002
2021-05-16T16:44:43.249407500Z 4)1:regionYorkshire and The                               
2021-05-16T16:44:43.249414300Z Humber                                                    
2021-05-16T16:44:43.249421500Z ns(tstop, df =                                       0.778
2021-05-16T16:44:43.249428400Z 4)2:regionYorkshire and The                               
2021-05-16T16:44:43.249438400Z Humber                                                    
2021-05-16T16:44:43.249445200Z ns(tstop, df =                                       0.582
2021-05-16T16:44:43.249452100Z 4)3:regionYorkshire and The                               
2021-05-16T16:44:43.249458800Z Humber                                                    
2021-05-16T16:44:43.249465500Z ns(tstop, df =                                       0.256
2021-05-16T16:44:43.249472400Z 4)4:regionYorkshire and The                               
2021-05-16T16:44:43.249487300Z Humber                                                    
2021-05-16T16:44:43.249495000Z ----------------------------------------------------------
2021-05-16T16:44:43.249501800Z msmmod3_par data size = 11892134 
2021-05-16T16:45:17.383944300Z memory usage = 5.182 GB 
2021-05-16T16:46:58.070197200Z   
2021-05-16T16:46:58.070284200Z msmmod4 
2021-05-16T17:14:27.586010400Z MODEL INFO:
2021-05-16T17:14:27.586124000Z Observations: 11892134
2021-05-16T17:14:27.586133800Z Dependent Variable: 
2021-05-16T17:14:27.586141400Z Type: Generalized linear model
2021-05-16T17:14:27.586148700Z   Family: binomial 
2021-05-16T17:14:27.586156100Z   Link function: logit 
2021-05-16T17:14:27.586163400Z 
2021-05-16T17:14:27.588094100Z MODEL FIT:
2021-05-16T17:14:27.588137600Z <U+03C7><U+00B2>(88) = 21433.740, p = 0.000
2021-05-16T17:14:27.588148100Z Pseudo-R<U+00B2> (Cragg-Uhler) = 
2021-05-16T17:14:27.588155800Z Pseudo-R<U+00B2> (McFadden) = 0.134
2021-05-16T17:14:27.588163500Z AIC = 140259.300, BIC = 141531.233 
2021-05-16T17:14:27.588170900Z 
2021-05-16T17:14:27.588289500Z Standard errors: MLE
2021-05-16T17:14:27.885662000Z -------------------------------------------------------------------
2021-05-16T17:14:27.885769300Z                                      Est.    S.E.    z val.       p
2021-05-16T17:14:27.885778900Z ------------------------------- --------- ------- --------- -------
2021-05-16T17:14:27.885786800Z (Intercept)                       -54.888   9.310    -5.896   0.000
2021-05-16T17:14:27.885795200Z timesincevax_pw1-3                 -2.716   0.249   -10.921   0.000
2021-05-16T17:14:27.885803100Z timesincevax_pw4-7                 -1.908   0.142   -13.452   0.000
2021-05-16T17:14:27.885810600Z timesincevax_pw8-14                 0.010   0.048     0.211   0.833
2021-05-16T17:14:27.885818200Z timesincevax_pw15-21               -1.162   0.086   -13.533   0.000
2021-05-16T17:14:27.885825700Z timesincevax_pw22-28               -1.113   0.101   -11.069   0.000
2021-05-16T17:14:27.885833400Z timesincevax_pw29+                 -1.212   0.093   -13.006   0.000
2021-05-16T17:14:27.885840800Z poly(age, degree = 2, raw =         1.066   0.250     4.264   0.000
2021-05-16T17:14:27.885848400Z TRUE)1                                                             
2021-05-16T17:14:27.885855800Z poly(age, degree = 2, raw =        -0.007   0.002    -3.938   0.000
2021-05-16T17:14:27.885863300Z TRUE)2                                                             
2021-05-16T17:14:27.885870800Z sexMale                             0.479   0.025    19.390   0.000
2021-05-16T17:14:27.885878300Z imd2                                0.251   0.036     7.023   0.000
2021-05-16T17:14:27.885921500Z imd3                                0.035   0.038     0.937   0.349
2021-05-16T17:14:27.885929800Z imd4                               -0.130   0.040    -3.253   0.001
2021-05-16T17:14:27.885936800Z imd5 least deprived                -0.242   0.042    -5.756   0.000
2021-05-16T17:14:27.885943900Z ethnicity_combinedBlack             0.145   0.118     1.232   0.218
2021-05-16T17:14:27.885950800Z ethnicity_combinedSouth             1.233   0.043    28.393   0.000
2021-05-16T17:14:27.885957900Z Asian                                                              
2021-05-16T17:14:27.885964800Z ethnicity_combinedMixed             0.053   0.210     0.251   0.802
2021-05-16T17:14:27.885971800Z ethnicity_combinedOther             0.080   0.138     0.582   0.560
2021-05-16T17:14:27.885978700Z bmiObese I (30-34.9)               -0.252   0.032    -7.767   0.000
2021-05-16T17:14:27.885985700Z bmiObese II (35-39.9)              -0.140   0.059    -2.375   0.018
2021-05-16T17:14:27.885992600Z bmiObese III (40+)                  0.191   0.068     2.811   0.005
2021-05-16T17:14:27.885999700Z heart_failure                       0.552   0.039    14.005   0.000
2021-05-16T17:14:27.886006700Z other_heart_disease                -0.241   0.040    -5.961   0.000
2021-05-16T17:14:27.886013700Z dialysis                            2.654   0.061    43.684   0.000
2021-05-16T17:14:27.886022300Z diabetes                            0.193   0.045     4.287   0.000
2021-05-16T17:14:27.886029400Z chronic_liver_disease               0.685   0.077     8.913   0.000
2021-05-16T17:14:27.886036200Z current_copd                        0.261   0.044     5.910   0.000
2021-05-16T17:14:27.886043500Z other_resp_conditions               0.332   0.042     7.882   0.000
2021-05-16T17:14:27.886050500Z lung_cancer                         1.207   0.066    18.258   0.000
2021-05-16T17:14:27.886057800Z haematological_cancer               0.545   0.066     8.263   0.000
2021-05-16T17:14:27.886065000Z cancer_excl_lung_and_haem           0.368   0.043     8.473   0.000
2021-05-16T17:14:27.886072200Z any_immunosuppression              -0.110   0.052    -2.124   0.034
2021-05-16T17:14:27.886079100Z dementia                            0.818   0.055    14.929   0.000
2021-05-16T17:14:27.886086000Z other_neuro_conditions              0.590   0.062     9.580   0.000
2021-05-16T17:14:27.886093300Z LD_incl_DS_and_CP                   0.333   0.176     1.890   0.059
2021-05-16T17:14:27.886100500Z psychosis_schiz_bipolar             0.277   0.089     3.112   0.002
2021-05-16T17:14:27.886107300Z multimorb1                          0.576   0.054    10.679   0.000
2021-05-16T17:14:27.886114200Z multimorb2                          0.881   0.083    10.636   0.000
2021-05-16T17:14:27.886121000Z multimorb3                          0.674   0.117     5.761   0.000
2021-05-16T17:14:27.886127900Z multimorb4+                         0.396   0.165     2.397   0.017
2021-05-16T17:14:27.886143000Z shielded                            0.470   0.031    15.396   0.000
2021-05-16T17:14:27.886150800Z flu_vaccine                        -0.297   0.032    -9.144   0.000
2021-05-16T17:14:27.886157900Z efi_catMild                         0.202   0.047     4.286   0.000
2021-05-16T17:14:27.886164800Z efi_catModerate                     0.620   0.050    12.377   0.000
2021-05-16T17:14:27.886172000Z efi_catSevere                       0.836   0.058    14.453   0.000
2021-05-16T17:14:27.886178900Z ns(tstop, df = 4)1                  1.622   0.140    11.549   0.000
2021-05-16T17:14:27.886185900Z ns(tstop, df = 4)2                  0.995   0.130     7.642   0.000
2021-05-16T17:14:27.886192800Z ns(tstop, df = 4)3                  2.041   0.322     6.332   0.000
2021-05-16T17:14:27.886199600Z ns(tstop, df = 4)4                  1.564   0.138    11.327   0.000
2021-05-16T17:14:27.886206500Z regionEast Midlands                 0.130   0.205     0.634   0.526
2021-05-16T17:14:27.886213300Z regionLondon                        0.311   0.459     0.677   0.498
2021-05-16T17:14:27.886220500Z regionNorth East                    0.636   0.321     1.983   0.047
2021-05-16T17:14:27.886227500Z regionNorth West                    1.244   0.224     5.553   0.000
2021-05-16T17:14:27.886237300Z regionSouth East                    1.473   0.268     5.494   0.000
2021-05-16T17:14:27.886245600Z regionSouth West                    3.585   0.199    17.986   0.000
2021-05-16T17:14:27.886255400Z regionWest Midlands                 3.578   0.340    10.525   0.000
2021-05-16T17:14:27.886262200Z regionYorkshire and The            -0.680   0.210    -3.238   0.001
2021-05-16T17:14:27.886269100Z Humber                                                             
2021-05-16T17:14:27.886276000Z ns(tstop, df =                     -1.144   0.215    -5.328   0.000
2021-05-16T17:14:27.886282900Z 4)1:regionEast Midlands                                            
2021-05-16T17:14:27.886289800Z ns(tstop, df =                      1.442   0.181     7.985   0.000
2021-05-16T17:14:27.886296600Z 4)2:regionEast Midlands                                            
2021-05-16T17:14:27.886303500Z ns(tstop, df =                      1.208   0.482     2.505   0.012
2021-05-16T17:14:27.886310200Z 4)3:regionEast Midlands                                            
2021-05-16T17:14:27.886317200Z ns(tstop, df =                     -0.429   0.186    -2.311   0.021
2021-05-16T17:14:27.886324000Z 4)4:regionEast Midlands                                            
2021-05-16T17:14:27.886331000Z ns(tstop, df =                      1.112   0.446     2.495   0.013
2021-05-16T17:14:27.886337900Z 4)1:regionLondon                                                   
2021-05-16T17:14:27.886344600Z ns(tstop, df =                      0.712   0.392     1.819   0.069
2021-05-16T17:14:27.886351500Z 4)2:regionLondon                                                   
2021-05-16T17:14:27.886358300Z ns(tstop, df =                      1.724   1.030     1.673   0.094
2021-05-16T17:14:27.886372800Z 4)3:regionLondon                                                   
2021-05-16T17:14:27.886380500Z ns(tstop, df =                     -0.143   0.367    -0.389   0.698
2021-05-16T17:14:27.886387400Z 4)4:regionLondon                                                   
2021-05-16T17:14:27.886394200Z ns(tstop, df =                     -0.759   0.343    -2.212   0.027
2021-05-16T17:14:27.886401100Z 4)1:regionNorth East                                               
2021-05-16T17:14:27.886408100Z ns(tstop, df =                      0.310   0.308     1.009   0.313
2021-05-16T17:14:27.886415000Z 4)2:regionNorth East                                               
2021-05-16T17:14:27.886422000Z ns(tstop, df =                     -0.093   0.768    -0.121   0.904
2021-05-16T17:14:27.886428900Z 4)3:regionNorth East                                               
2021-05-16T17:14:27.886435800Z ns(tstop, df =                     -0.488   0.334    -1.459   0.145
2021-05-16T17:14:27.886442600Z 4)4:regionNorth East                                               
2021-05-16T17:14:27.886449700Z ns(tstop, df =                     -0.935   0.245    -3.813   0.000
2021-05-16T17:14:27.886456600Z 4)1:regionNorth West                                               
2021-05-16T17:14:27.886464300Z ns(tstop, df =                     -0.252   0.232    -1.086   0.277
2021-05-16T17:14:27.886471300Z 4)2:regionNorth West                                               
2021-05-16T17:14:27.886478300Z ns(tstop, df =                     -0.970   0.546    -1.776   0.076
2021-05-16T17:14:27.886485100Z 4)3:regionNorth West                                               
2021-05-16T17:14:27.886492100Z ns(tstop, df =                     -0.250   0.249    -1.005   0.315
2021-05-16T17:14:27.886498900Z 4)4:regionNorth West                                               
2021-05-16T17:14:27.886505800Z ns(tstop, df =                     -0.569   0.287    -1.982   0.047
2021-05-16T17:14:27.886512600Z 4)1:regionSouth East                                               
2021-05-16T17:14:27.886519600Z ns(tstop, df =                      0.055   0.266     0.205   0.837
2021-05-16T17:14:27.886526500Z 4)2:regionSouth East                                               
2021-05-16T17:14:27.886533500Z ns(tstop, df =                     -0.250   0.646    -0.387   0.699
2021-05-16T17:14:27.886540300Z 4)3:regionSouth East                                               
2021-05-16T17:14:27.886547300Z ns(tstop, df =                     -0.001   0.278    -0.003   0.997
2021-05-16T17:14:27.886554100Z 4)4:regionSouth East                                               
2021-05-16T17:14:27.886561000Z ns(tstop, df =                     -1.061   0.217    -4.893   0.000
2021-05-16T17:14:27.886567900Z 4)1:regionSouth West                                               
2021-05-16T17:14:27.886574800Z ns(tstop, df =                      0.435   0.202     2.157   0.031
2021-05-16T17:14:27.886588200Z 4)2:regionSouth West                                               
2021-05-16T17:14:27.886595900Z ns(tstop, df =                     -1.017   0.484    -2.099   0.036
2021-05-16T17:14:27.886602800Z 4)3:regionSouth West                                               
2021-05-16T17:14:27.886609900Z ns(tstop, df =                     -0.747   0.241    -3.098   0.002
2021-05-16T17:14:27.886616700Z 4)4:regionSouth West                                               
2021-05-16T17:14:27.886623700Z ns(tstop, df =                     -0.309   0.354    -0.873   0.383
2021-05-16T17:14:27.886630500Z 4)1:regionWest Midlands                                            
2021-05-16T17:14:27.886637600Z ns(tstop, df =                      0.711   0.315     2.259   0.024
2021-05-16T17:14:27.886644800Z 4)2:regionWest Midlands                                            
2021-05-16T17:14:27.886651800Z ns(tstop, df =                      1.403   0.801     1.752   0.080
2021-05-16T17:14:27.886658600Z 4)3:regionWest Midlands                                            
2021-05-16T17:14:27.886665400Z ns(tstop, df =                      0.477   0.315     1.514   0.130
2021-05-16T17:14:27.886672200Z 4)4:regionWest Midlands                                            
2021-05-16T17:14:27.886679600Z ns(tstop, df =                     -1.000   0.226    -4.418   0.000
2021-05-16T17:14:27.886686700Z 4)1:regionYorkshire and The                                        
2021-05-16T17:14:27.886693600Z Humber                                                             
2021-05-16T17:14:27.886700500Z ns(tstop, df =                      0.021   0.210     0.101   0.919
2021-05-16T17:14:27.886707400Z 4)2:regionYorkshire and The                                        
2021-05-16T17:14:27.886714200Z Humber                                                             
2021-05-16T17:14:27.886721100Z ns(tstop, df =                     -0.439   0.505    -0.868   0.385
2021-05-16T17:14:27.886728000Z 4)3:regionYorkshire and The                                        
2021-05-16T17:14:27.886734800Z Humber                                                             
2021-05-16T17:14:27.886741800Z ns(tstop, df =                     -0.501   0.217    -2.305   0.021
2021-05-16T17:14:27.886748500Z 4)4:regionYorkshire and The                                        
2021-05-16T17:14:27.886755500Z Humber                                                             
2021-05-16T17:14:27.886762400Z -------------------------------------------------------------------
2021-05-16T17:14:27.886769200Z msmmod4_par data size = 11892134 
2021-05-16T17:14:55.532384500Z memory usage = 5.181 GB 
2021-05-16T17:16:42.562186200Z NULL
2021-05-16T17:16:42.562255600Z   
2021-05-16T17:16:56.790378400Z              used    (Mb) gc trigger    (Mb)   max used    (Mb)
2021-05-16T17:16:56.790506700Z Ncells    2339326   125.0   20042282  1070.4    2339326   125.0
2021-05-16T17:16:56.790516300Z Vcells 2275112960 17357.8 5900820431 45019.7 2275112960 17357.8


state: succeeded
commit: d95a6fa6ef28b1c9dce6d94b3ef6b92ac12b6e69
docker_image_id: sha256:b0e86ebee1d778d06c4c86d5d4c32dd910483eb4b0a9c7ed3997f928aa94c500
exit_code: 0
job_id: 3nuhubmd4ua6p72y
run_by_user: wjchulme
created_at: 2021-05-16T13:21:34Z
started_at: 2021-05-16T13:22:00Z
completed_at: 2021-05-16T17:17:11Z

Completed successfully

outputs:
  output/in70s/death/pfizer/all/all/data_weights.rds              - highly_sensitive    
  output/in70s/death/pfizer/all/all/model1.rds                    - highly_sensitive    
  output/in70s/death/pfizer/all/all/model2.rds                    - highly_sensitive    
  output/in70s/death/pfizer/all/all/model3.rds                    - highly_sensitive    
  output/in70s/death/pfizer/all/all/model4.rds                    - highly_sensitive    
  output/in70s/death/pfizer/all/all/model_formula_vaxaz1.rds      - highly_sensitive    
  output/in70s/death/pfizer/all/all/model_formula_vaxpfizer1.rds  - highly_sensitive    
  output/in70s/death/pfizer/all/all/model_vaxaz1.rds              - highly_sensitive    
  output/in70s/death/pfizer/all/all/model_vaxpfizer1.rds          - highly_sensitive    
  output/in70s/death/pfizer/all/all/weights_histogram.svg         - moderately_sensitive
  output/in70s/death/pfizer/all/all/weights_table.txt             - moderately_sensitive