2021-04-28T06:23:47.594104500Z -- Attaching packages --------------------------------------- tidyverse 1.3.0 --
2021-04-28T06:23:47.602826100Z v ggplot2 3.3.2     v purrr   0.3.4
2021-04-28T06:23:47.602852500Z v tibble  3.0.3     v dplyr   1.0.2
2021-04-28T06:23:47.602861200Z v tidyr   1.1.2     v stringr 1.4.0
2021-04-28T06:23:47.602868200Z v readr   1.3.1     v forcats 0.5.0
2021-04-28T06:23:47.805799400Z -- Conflicts ------------------------------------------ tidyverse_conflicts() --
2021-04-28T06:23:47.805879100Z x dplyr::filter() masks stats::filter()
2021-04-28T06:23:47.805887200Z x dplyr::lag()    masks stats::lag()
2021-04-28T06:23:47.818436300Z 
2021-04-28T06:23:47.818460300Z Attaching package: 'glue'
2021-04-28T06:23:47.818468700Z 
2021-04-28T06:23:47.819929500Z The following object is masked from 'package:dplyr':
2021-04-28T06:23:47.819946000Z 
2021-04-28T06:23:47.819953600Z     collapse
2021-04-28T06:23:47.819960900Z 
2021-04-28T06:23:49.992417100Z 
2021-04-28T06:23:49.992462700Z Attaching package: 'lubridate'
2021-04-28T06:23:49.992471400Z 
2021-04-28T06:23:49.993062300Z The following objects are masked from 'package:base':
2021-04-28T06:23:49.993085500Z 
2021-04-28T06:23:49.993094300Z     date, intersect, setdiff, union
2021-04-28T06:23:49.993101700Z 
2021-04-28T06:23:50.350763300Z <environment: R_GlobalEnv>
2021-04-28T06:23:50.352188400Z <environment: R_GlobalEnv>
2021-04-28T06:24:48.402121600Z data_pt data size = 15246173 
2021-04-28T06:24:48.404479800Z   memory usage = 6.282 GB 
2021-04-28T06:24:48.989261200Z     
2021-04-28T06:24:48.989321100Z all   
2021-04-28T06:24:48.989329900Z   
2021-04-28T06:25:07.749502600Z   
2021-04-28T06:40:01.286019700Z vaxany1  vaxany1 data size = 7333923 
2021-04-28T06:40:15.863562800Z memory usage = 7.541 GB 
2021-04-28T06:40:15.863681800Z   
2021-04-28T06:50:32.839085300Z vaxany1_fxd  vaxany1_fxd data size = 7333923 
2021-04-28T06:50:50.015272400Z memory usage = 6.25 GB 
2021-04-28T06:57:02.143421800Z   
2021-04-28T08:32:23.780858900Z death  death data size = 15246173 
2021-04-28T08:33:10.764603400Z memory usage = 15.987 GB 
2021-04-28T08:33:10.764815900Z   
2021-04-28T09:36:37.922155800Z death_fxd  death_fxd data size = 15246173 
2021-04-28T09:37:17.197099100Z memory usage = 13.243 GB 
2021-04-28T09:49:11.372241600Z Saving 7 x 7 in image
2021-04-28T09:49:19.518054600Z `stat_bin()` using `bins = 30`. Pick better value with `binwidth`.
2021-04-28T09:49:37.665415700Z   
2021-04-28T09:49:37.665786500Z data_weights data size = 15246173   
2021-04-28T09:49:37.666485000Z memory usage = 2.5 GB   
2021-04-28T09:50:36.109258500Z   
2021-04-28T09:50:36.109325500Z msmmod0 
2021-04-28T09:52:37.902354100Z MODEL INFO:
2021-04-28T09:52:37.902459600Z Observations: 15246173
2021-04-28T09:52:37.902468900Z Dependent Variable: 
2021-04-28T09:52:37.902595900Z Type: Generalized linear model
2021-04-28T09:52:37.902613200Z   Family: binomial 
2021-04-28T09:52:37.902621200Z   Link function: logit 
2021-04-28T09:52:37.902628700Z 
2021-04-28T09:52:37.905065400Z MODEL FIT:
2021-04-28T09:52:37.906444600Z <U+03C7><U+00B2>(6) = 695.230, p = 0.000
2021-04-28T09:52:37.906467200Z Pseudo-R<U+00B2> (Cragg-Uhler) = 
2021-04-28T09:52:37.906476200Z Pseudo-R<U+00B2> (McFadden) = 0.024
2021-04-28T09:52:37.912449700Z AIC = 28796.172, BIC = 28897.951 
2021-04-28T09:52:37.912513500Z 
2021-04-28T09:52:37.913933600Z Standard errors: MLE
2021-04-28T09:52:37.990160400Z ------------------------------------------------------------------
2021-04-28T09:52:37.990251100Z                                    Est.    S.E.     z val.       p
2021-04-28T09:52:37.990260600Z ------------------------------ -------- ------- ---------- -------
2021-04-28T09:52:37.990268300Z (Intercept)                      -8.759   0.029   -297.254   0.000
2021-04-28T09:52:37.990276100Z timesincevax_pw(0,3]             -3.093   0.501     -6.175   0.000
2021-04-28T09:52:37.990283600Z timesincevax_pw(3,7]             -2.054   0.260     -7.903   0.000
2021-04-28T09:52:37.990291500Z timesincevax_pw(7,14]            -1.753   0.172    -10.214   0.000
2021-04-28T09:52:37.990299000Z timesincevax_pw(14,21]           -0.924   0.117     -7.899   0.000
2021-04-28T09:52:37.990306700Z timesincevax_pw(21,28]           -1.039   0.127     -8.211   0.000
2021-04-28T09:52:37.990314200Z timesincevax_pw(28, Inf]         -1.673   0.112    -14.883   0.000
2021-04-28T09:52:37.990321900Z ------------------------------------------------------------------
2021-04-28T09:52:37.991321600Z msmmod0_par data size = 15246173 
2021-04-28T09:53:35.791819700Z memory usage = 9.278 GB 
2021-04-28T09:56:09.537748100Z   
2021-04-28T09:56:09.537843000Z msmmod1 
2021-04-28T09:59:57.870125000Z MODEL INFO:
2021-04-28T09:59:57.870247600Z Observations: 15246173
2021-04-28T09:59:57.870257400Z Dependent Variable: 
2021-04-28T09:59:57.870265200Z Type: Generalized linear model
2021-04-28T09:59:57.870272700Z   Family: binomial 
2021-04-28T09:59:57.870280300Z   Link function: logit 
2021-04-28T09:59:57.870288000Z 
2021-04-28T09:59:57.872295300Z MODEL FIT:
2021-04-28T09:59:57.872630800Z <U+03C7><U+00B2>(17) = 1112.620, p = 0.000
2021-04-28T09:59:57.872659400Z Pseudo-R<U+00B2> (Cragg-Uhler) = 
2021-04-28T09:59:57.872670300Z Pseudo-R<U+00B2> (McFadden) = 0.038
2021-04-28T09:59:57.872772400Z AIC = 28400.782, BIC = 28662.500 
2021-04-28T09:59:57.872790800Z 
2021-04-28T09:59:57.872982100Z Standard errors: MLE
2021-04-28T09:59:57.949692400Z -------------------------------------------------------------------
2021-04-28T09:59:57.949815800Z                                      Est.    S.E.    z val.       p
2021-04-28T09:59:57.949827300Z ------------------------------- --------- ------- --------- -------
2021-04-28T09:59:57.949836700Z (Intercept)                       -23.043   7.892    -2.920   0.004
2021-04-28T09:59:57.949844900Z timesincevax_pw(0,3]               -3.066   0.501    -6.123   0.000
2021-04-28T09:59:57.949852600Z timesincevax_pw(3,7]               -2.027   0.260    -7.799   0.000
2021-04-28T09:59:57.949860900Z timesincevax_pw(7,14]              -1.723   0.172   -10.040   0.000
2021-04-28T09:59:57.949869000Z timesincevax_pw(14,21]             -0.890   0.117    -7.606   0.000
2021-04-28T09:59:57.949876300Z timesincevax_pw(21,28]             -0.999   0.127    -7.890   0.000
2021-04-28T09:59:57.949885500Z timesincevax_pw(28, Inf]           -1.635   0.113   -14.526   0.000
2021-04-28T09:59:57.949892900Z poly(age, degree = 2, raw =         0.230   0.180     1.279   0.201
2021-04-28T09:59:57.949900000Z TRUE)1                                                             
2021-04-28T09:59:57.949907600Z poly(age, degree = 2, raw =        -0.001   0.001    -0.747   0.455
2021-04-28T09:59:57.949915700Z TRUE)2                                                             
2021-04-28T09:59:57.949924100Z sexMale                             0.624   0.053    11.719   0.000
2021-04-28T09:59:57.949931900Z imd2                                0.128   0.081     1.582   0.114
2021-04-28T09:59:57.949939200Z imd3                               -0.064   0.082    -0.785   0.432
2021-04-28T09:59:57.949947100Z imd4                               -0.298   0.087    -3.437   0.001
2021-04-28T09:59:57.949954700Z imd5 least deprived                -0.325   0.088    -3.708   0.000
2021-04-28T09:59:57.949962100Z ethnicityBlack                     -0.669   0.448    -1.491   0.136
2021-04-28T09:59:57.949970400Z ethnicitySouth Asian                0.290   0.141     2.053   0.040
2021-04-28T09:59:57.949977500Z ethnicityMixed                      0.085   0.501     0.169   0.866
2021-04-28T09:59:57.949984700Z ethnicityOther                     -0.205   0.448    -0.458   0.647
2021-04-28T09:59:57.949992800Z -------------------------------------------------------------------
2021-04-28T09:59:57.950390700Z msmmod1_par data size = 15246173 
2021-04-28T10:00:56.495294100Z memory usage = 9.278 GB 
2021-04-28T10:03:31.224050900Z   
2021-04-28T10:03:31.224163300Z msmmod2 
2021-04-28T10:20:52.862722300Z MODEL INFO:
2021-04-28T10:20:52.868163500Z Observations: 15246173
2021-04-28T10:20:52.868182500Z Dependent Variable: 
2021-04-28T10:20:52.868190900Z Type: Generalized linear model
2021-04-28T10:20:52.868198900Z   Family: binomial 
2021-04-28T10:20:52.868206700Z   Link function: logit 
2021-04-28T10:20:52.868214400Z 
2021-04-28T10:20:52.868227200Z MODEL FIT:
2021-04-28T10:20:52.868235300Z <U+03C7><U+00B2>(45) = 1656.492, p = 0.000
2021-04-28T10:20:52.868244200Z Pseudo-R<U+00B2> (Cragg-Uhler) = 
2021-04-28T10:20:52.868252100Z Pseudo-R<U+00B2> (McFadden) = 0.056
2021-04-28T10:20:52.868260000Z AIC = 27912.910, BIC = 28581.743 
2021-04-28T10:20:52.868267800Z 
2021-04-28T10:20:52.868275400Z Standard errors: MLE
2021-04-28T10:20:53.022708800Z ----------------------------------------------------------------------
2021-04-28T10:20:53.022811800Z                                        Est.     S.E.    z val.       p
2021-04-28T10:20:53.022820600Z --------------------------------- --------- -------- --------- -------
2021-04-28T10:20:53.022828300Z (Intercept)                         -14.499    7.957    -1.822   0.068
2021-04-28T10:20:53.022836500Z timesincevax_pw(0,3]                 -3.044    0.501    -6.076   0.000
2021-04-28T10:20:53.022844500Z timesincevax_pw(3,7]                 -2.003    0.260    -7.707   0.000
2021-04-28T10:20:53.022852500Z timesincevax_pw(7,14]                -1.697    0.172    -9.887   0.000
2021-04-28T10:20:53.022860200Z timesincevax_pw(14,21]               -0.859    0.117    -7.333   0.000
2021-04-28T10:20:53.022867900Z timesincevax_pw(21,28]               -0.960    0.127    -7.574   0.000
2021-04-28T10:20:53.022875300Z timesincevax_pw(28, Inf]             -1.588    0.113   -14.091   0.000
2021-04-28T10:20:53.022883100Z poly(age, degree = 2, raw =           0.022    0.181     0.120   0.904
2021-04-28T10:20:53.022890600Z TRUE)1                                                                
2021-04-28T10:20:53.022898500Z poly(age, degree = 2, raw =           0.000    0.001     0.403   0.687
2021-04-28T10:20:53.022906000Z TRUE)2                                                                
2021-04-28T10:20:53.022913600Z sexMale                               0.537    0.055     9.835   0.000
2021-04-28T10:20:53.022920900Z imd2                                  0.185    0.081     2.278   0.023
2021-04-28T10:20:53.022928400Z imd3                                  0.010    0.082     0.127   0.899
2021-04-28T10:20:53.022935900Z imd4                                 -0.194    0.087    -2.223   0.026
2021-04-28T10:20:53.022943500Z imd5 least deprived                  -0.194    0.089    -2.196   0.028
2021-04-28T10:20:53.022998500Z ethnicityBlack                       -0.737    0.449    -1.642   0.101
2021-04-28T10:20:53.023006800Z ethnicitySouth Asian                  0.168    0.143     1.176   0.239
2021-04-28T10:20:53.023013600Z ethnicityMixed                        0.020    0.501     0.039   0.969
2021-04-28T10:20:53.023021200Z ethnicityOther                       -0.183    0.448    -0.407   0.684
2021-04-28T10:20:53.023027900Z bmiObese I (30-34.9)                 -0.061    0.081    -0.756   0.450
2021-04-28T10:20:53.023034800Z bmiObese II (35-39.9)                 0.185    0.172     1.075   0.282
2021-04-28T10:20:53.023041600Z bmiObese III (40+)                    0.546    0.226     2.413   0.016
2021-04-28T10:20:53.023048500Z chronic_cardiac_disease               0.140    0.170     0.820   0.412
2021-04-28T10:20:53.023055800Z heart_failure                         0.475    0.089     5.325   0.000
2021-04-28T10:20:53.023064600Z other_heart_disease                   0.009    0.111     0.085   0.933
2021-04-28T10:20:53.023071600Z dialysis                              1.393    0.302     4.608   0.000
2021-04-28T10:20:53.023078700Z diabetes                              0.233    0.125     1.865   0.062
2021-04-28T10:20:53.023085400Z chronic_liver_disease                 0.641    0.260     2.462   0.014
2021-04-28T10:20:53.023092800Z current_copd                          0.304    0.116     2.628   0.009
2021-04-28T10:20:53.023099600Z other_resp_conditions                 0.358    0.104     3.442   0.001
2021-04-28T10:20:53.023106700Z lung_cancer                           0.161    0.298     0.539   0.590
2021-04-28T10:20:53.023113600Z haematological_cancer                 0.590    0.167     3.529   0.000
2021-04-28T10:20:53.023120400Z cancer_excl_lung_and_haem             0.041    0.123     0.330   0.741
2021-04-28T10:20:53.023127400Z chemo_or_radio                       -0.093    0.155    -0.599   0.549
2021-04-28T10:20:53.023134200Z permanant_immunosuppression         -10.274   88.027    -0.117   0.907
2021-04-28T10:20:53.023141100Z asplenia                             -0.104    0.513    -0.202   0.840
2021-04-28T10:20:53.023147900Z dmards                                0.149    0.173     0.860   0.390
2021-04-28T10:20:53.023154900Z dementia                              0.893    0.123     7.232   0.000
2021-04-28T10:20:53.023161700Z other_neuro_conditions                0.631    0.146     4.316   0.000
2021-04-28T10:20:53.023168600Z LD_incl_DS_and_CP                     0.940    0.592     1.589   0.112
2021-04-28T10:20:53.023176000Z psychosis_schiz_bipolar               0.752    0.231     3.260   0.001
2021-04-28T10:20:53.023182900Z multimorb1                            0.109    0.138     0.787   0.431
2021-04-28T10:20:53.023189700Z multimorb2                            0.236    0.236     0.999   0.318
2021-04-28T10:20:53.023196600Z multimorb3                            0.042    0.345     0.121   0.904
2021-04-28T10:20:53.023203600Z multimorb4+                           0.060    0.476     0.127   0.899
2021-04-28T10:20:53.023220400Z shielded                              0.359    0.068     5.235   0.000
2021-04-28T10:20:53.023228800Z flu_vaccine                          -0.097    0.084    -1.156   0.248
2021-04-28T10:20:53.023235800Z ----------------------------------------------------------------------
2021-04-28T10:20:53.023243000Z msmmod2_par data size = 15246173 
2021-04-28T10:21:44.816626300Z memory usage = 9.278 GB 
2021-04-28T10:24:23.757058900Z   
2021-04-28T10:24:23.757153900Z msmmod3 
2021-04-28T11:40:51.115511400Z MODEL INFO:
2021-04-28T11:40:51.115604900Z Observations: 15246173
2021-04-28T11:40:51.115614100Z Dependent Variable: 
2021-04-28T11:40:51.115622700Z Type: Generalized linear model
2021-04-28T11:40:51.115630400Z   Family: binomial 
2021-04-28T11:40:51.115638200Z   Link function: logit 
2021-04-28T11:40:51.115645700Z 
2021-04-28T11:40:51.117393300Z MODEL FIT:
2021-04-28T11:40:51.117414500Z <U+03C7><U+00B2>(89) = 3029.387, p = 0.000
2021-04-28T11:40:51.117426100Z Pseudo-R<U+00B2> (Cragg-Uhler) = 
2021-04-28T11:40:51.117434400Z Pseudo-R<U+00B2> (McFadden) = 0.103
2021-04-28T11:40:51.117442400Z AIC = 26628.015, BIC = 27936.601 
2021-04-28T11:40:51.117455900Z 
2021-04-28T11:40:51.117704500Z Standard errors: MLE
2021-04-28T11:40:51.412828200Z ----------------------------------------------------------------------------
2021-04-28T11:40:51.412916000Z                                          Est.         S.E.    z val.       p
2021-04-28T11:40:51.412925400Z --------------------------------- ----------- ------------ --------- -------
2021-04-28T11:40:51.412933200Z (Intercept)                           -18.801        8.018    -2.345   0.019
2021-04-28T11:40:51.412941000Z timesincevax_pw(0,3]                   -3.757        0.501    -7.494   0.000
2021-04-28T11:40:51.412948600Z timesincevax_pw(3,7]                   -2.854        0.261   -10.933   0.000
2021-04-28T11:40:51.412956300Z timesincevax_pw(7,14]                  -2.720        0.175   -15.578   0.000
2021-04-28T11:40:51.412964100Z timesincevax_pw(14,21]                 -2.006        0.124   -16.239   0.000
2021-04-28T11:40:51.412972300Z timesincevax_pw(21,28]                 -2.128        0.135   -15.797   0.000
2021-04-28T11:40:51.412979700Z timesincevax_pw(28, Inf]               -2.815        0.125   -22.463   0.000
2021-04-28T11:40:51.412987400Z poly(age, degree = 2, raw =             0.063        0.183     0.343   0.732
2021-04-28T11:40:51.412994800Z TRUE)1                                                                      
2021-04-28T11:40:51.413002500Z poly(age, degree = 2, raw =             0.000        0.001     0.101   0.919
2021-04-28T11:40:51.413009900Z TRUE)2                                                                      
2021-04-28T11:40:51.413057700Z sexMale                                 0.582        0.055    10.666   0.000
2021-04-28T11:40:51.413065900Z imd2                                    0.129        0.082     1.574   0.115
2021-04-28T11:40:51.413073100Z imd3                                   -0.087        0.084    -1.034   0.301
2021-04-28T11:40:51.413080000Z imd4                                   -0.230        0.089    -2.585   0.010
2021-04-28T11:40:51.413087200Z imd5 least deprived                    -0.257        0.091    -2.827   0.005
2021-04-28T11:40:51.413094100Z ethnicityBlack                         -1.051        0.449    -2.338   0.019
2021-04-28T11:40:51.413101200Z ethnicitySouth Asian                   -0.038        0.147    -0.261   0.794
2021-04-28T11:40:51.413108300Z ethnicityMixed                         -0.243        0.501    -0.485   0.628
2021-04-28T11:40:51.413115800Z ethnicityOther                         -0.362        0.449    -0.806   0.420
2021-04-28T11:40:51.413123200Z bmiObese I (30-34.9)                   -0.065        0.081    -0.801   0.423
2021-04-28T11:40:51.413130200Z bmiObese II (35-39.9)                   0.124        0.173     0.716   0.474
2021-04-28T11:40:51.413137400Z bmiObese III (40+)                      0.436        0.227     1.923   0.055
2021-04-28T11:40:51.413146200Z chronic_cardiac_disease                 0.123        0.171     0.716   0.474
2021-04-28T11:40:51.413153700Z heart_failure                           0.463        0.089     5.179   0.000
2021-04-28T11:40:51.413161000Z other_heart_disease                     0.047        0.111     0.422   0.673
2021-04-28T11:40:51.413168200Z dialysis                                1.251        0.304     4.120   0.000
2021-04-28T11:40:51.413175300Z diabetes                                0.227        0.126     1.805   0.071
2021-04-28T11:40:51.413182700Z chronic_liver_disease                   0.630        0.261     2.412   0.016
2021-04-28T11:40:51.413189600Z current_copd                            0.287        0.117     2.456   0.014
2021-04-28T11:40:51.413197000Z other_resp_conditions                   0.317        0.104     3.051   0.002
2021-04-28T11:40:51.413203900Z lung_cancer                             0.204        0.298     0.685   0.493
2021-04-28T11:40:51.413211100Z haematological_cancer                   0.595        0.168     3.551   0.000
2021-04-28T11:40:51.413218100Z cancer_excl_lung_and_haem               0.045        0.124     0.361   0.718
2021-04-28T11:40:51.413225500Z chemo_or_radio                         -0.096        0.155    -0.619   0.536
2021-04-28T11:40:51.413232700Z permanant_immunosuppression           -17.176     2794.433    -0.006   0.995
2021-04-28T11:40:51.413239900Z asplenia                               -0.091        0.514    -0.178   0.859
2021-04-28T11:40:51.413246900Z dmards                                  0.117        0.174     0.670   0.503
2021-04-28T11:40:51.413254100Z dementia                                0.793        0.124     6.382   0.000
2021-04-28T11:40:51.413268400Z other_neuro_conditions                  0.519        0.147     3.532   0.000
2021-04-28T11:40:51.413276100Z LD_incl_DS_and_CP                       0.776        0.591     1.314   0.189
2021-04-28T11:40:51.413283100Z psychosis_schiz_bipolar                 0.659        0.231     2.848   0.004
2021-04-28T11:40:51.413290200Z multimorb1                              0.118        0.139     0.852   0.394
2021-04-28T11:40:51.413297100Z multimorb2                              0.248        0.237     1.047   0.295
2021-04-28T11:40:51.413304300Z multimorb3                              0.065        0.347     0.188   0.851
2021-04-28T11:40:51.413311300Z multimorb4+                             0.085        0.478     0.179   0.858
2021-04-28T11:40:51.413318400Z shielded                                0.369        0.069     5.387   0.000
2021-04-28T11:40:51.413325300Z flu_vaccine                             0.148        0.085     1.737   0.082
2021-04-28T11:40:51.413332400Z ns(tstop, df = 4)1                      3.908        0.377    10.367   0.000
2021-04-28T11:40:51.413339400Z ns(tstop, df = 4)2                      4.230        0.331    12.789   0.000
2021-04-28T11:40:51.413347100Z ns(tstop, df = 4)3                      6.890        0.873     7.895   0.000
2021-04-28T11:40:51.413354200Z ns(tstop, df = 4)4                      2.210        0.272     8.127   0.000
2021-04-28T11:40:51.413361400Z regionEast Midlands                     0.225        0.657     0.342   0.732
2021-04-28T11:40:51.413368300Z regionLondon                            2.147        1.500     1.432   0.152
2021-04-28T11:40:51.413375300Z regionNorth East                       -0.078        0.905    -0.086   0.932
2021-04-28T11:40:51.413382200Z regionNorth West                       -0.567        1.039    -0.546   0.585
2021-04-28T11:40:51.413389300Z regionSouth East                        0.218        1.865     0.117   0.907
2021-04-28T11:40:51.413396200Z regionSouth West                      -22.100       26.345    -0.839   0.402
2021-04-28T11:40:51.413403300Z regionWest Midlands                  -108.514    90608.618    -0.001   0.999
2021-04-28T11:40:51.413410300Z regionYorkshire and The                -0.178        0.663    -0.269   0.788
2021-04-28T11:40:51.413417500Z Humber                                                                      
2021-04-28T11:40:51.413424400Z ns(tstop, df =                         -0.337        0.620    -0.543   0.587
2021-04-28T11:40:51.413431500Z 4)1:regionEast Midlands                                                     
2021-04-28T11:40:51.413438400Z ns(tstop, df =                         -0.459        0.536    -0.856   0.392
2021-04-28T11:40:51.413445400Z 4)2:regionEast Midlands                                                     
2021-04-28T11:40:51.413452300Z ns(tstop, df =                         -1.366        1.430    -0.956   0.339
2021-04-28T11:40:51.413459500Z 4)3:regionEast Midlands                                                     
2021-04-28T11:40:51.413473600Z ns(tstop, df =                          0.673        0.430     1.567   0.117
2021-04-28T11:40:51.413481300Z 4)4:regionEast Midlands                                                     
2021-04-28T11:40:51.413488300Z ns(tstop, df =                         -2.934        1.733    -1.694   0.090
2021-04-28T11:40:51.413495500Z 4)1:regionLondon                                                            
2021-04-28T11:40:51.413502400Z ns(tstop, df =                         -0.252        2.270    -0.111   0.912
2021-04-28T11:40:51.413509400Z 4)2:regionLondon                                                            
2021-04-28T11:40:51.413516400Z ns(tstop, df =                         -7.123        4.737    -1.504   0.133
2021-04-28T11:40:51.413523400Z 4)3:regionLondon                                                            
2021-04-28T11:40:51.413530300Z ns(tstop, df =                         -7.315        6.588    -1.110   0.267
2021-04-28T11:40:51.413538100Z 4)4:regionLondon                                                            
2021-04-28T11:40:51.413545400Z ns(tstop, df =                         -1.186        0.858    -1.383   0.167
2021-04-28T11:40:51.413552600Z 4)1:regionNorth East                                                        
2021-04-28T11:40:51.413559500Z ns(tstop, df =                         -0.626        0.799    -0.784   0.433
2021-04-28T11:40:51.413566500Z 4)2:regionNorth East                                                        
2021-04-28T11:40:51.413573500Z ns(tstop, df =                          0.029        2.011     0.015   0.988
2021-04-28T11:40:51.413580600Z 4)3:regionNorth East                                                        
2021-04-28T11:40:51.413587800Z ns(tstop, df =                         -0.409        0.675    -0.606   0.544
2021-04-28T11:40:51.413595300Z 4)4:regionNorth East                                                        
2021-04-28T11:40:51.413602400Z ns(tstop, df =                         -0.414        0.977    -0.424   0.672
2021-04-28T11:40:51.413609400Z 4)1:regionNorth West                                                        
2021-04-28T11:40:51.413616400Z ns(tstop, df =                          0.320        0.863     0.371   0.710
2021-04-28T11:40:51.413623400Z 4)2:regionNorth West                                                        
2021-04-28T11:40:51.413630300Z ns(tstop, df =                         -0.266        2.267    -0.117   0.907
2021-04-28T11:40:51.413637200Z 4)3:regionNorth West                                                        
2021-04-28T11:40:51.413644100Z ns(tstop, df =                         -0.372        0.764    -0.487   0.626
2021-04-28T11:40:51.413651100Z 4)4:regionNorth West                                                        
2021-04-28T11:40:51.413658000Z ns(tstop, df =                         -2.056        1.851    -1.111   0.267
2021-04-28T11:40:51.413665100Z 4)1:regionSouth East                                                        
2021-04-28T11:40:51.413672100Z ns(tstop, df =                          0.039        1.628     0.024   0.981
2021-04-28T11:40:51.413686700Z 4)2:regionSouth East                                                        
2021-04-28T11:40:51.413694100Z ns(tstop, df =                         -0.493        4.220    -0.117   0.907
2021-04-28T11:40:51.413701000Z 4)3:regionSouth East                                                        
2021-04-28T11:40:51.413708000Z ns(tstop, df =                         -0.855        1.477    -0.578   0.563
2021-04-28T11:40:51.413715000Z 4)4:regionSouth East                                                        
2021-04-28T11:40:51.413721900Z ns(tstop, df =                         20.239       25.637     0.789   0.430
2021-04-28T11:40:51.413728800Z 4)1:regionSouth West                                                        
2021-04-28T11:40:51.413736200Z ns(tstop, df =                         16.302       18.605     0.876   0.381
2021-04-28T11:40:51.413743300Z 4)2:regionSouth West                                                        
2021-04-28T11:40:51.413750400Z ns(tstop, df =                         40.602       50.615     0.802   0.422
2021-04-28T11:40:51.413757400Z 4)3:regionSouth West                                                        
2021-04-28T11:40:51.413764400Z ns(tstop, df =                          8.600       10.071     0.854   0.393
2021-04-28T11:40:51.413771300Z 4)4:regionSouth West                                                        
2021-04-28T11:40:51.413778300Z ns(tstop, df =                      -1324.879    78182.206    -0.017   0.986
2021-04-28T11:40:51.413785300Z 4)1:regionWest Midlands                                                     
2021-04-28T11:40:51.413792500Z ns(tstop, df =                       1753.907    51285.709     0.034   0.973
2021-04-28T11:40:51.413799500Z 4)2:regionWest Midlands                                                     
2021-04-28T11:40:51.413806500Z ns(tstop, df =                      -5276.909   223854.779    -0.024   0.981
2021-04-28T11:40:51.413813500Z 4)3:regionWest Midlands                                                     
2021-04-28T11:40:51.413820700Z ns(tstop, df =                      -9321.206    78926.608    -0.118   0.906
2021-04-28T11:40:51.413827600Z 4)4:regionWest Midlands                                                     
2021-04-28T11:40:51.413834600Z ns(tstop, df =                         -0.687        0.628    -1.094   0.274
2021-04-28T11:40:51.413841600Z 4)1:regionYorkshire and The                                                 
2021-04-28T11:40:51.413848800Z Humber                                                                      
2021-04-28T11:40:51.413856200Z ns(tstop, df =                         -0.250        0.536    -0.467   0.641
2021-04-28T11:40:51.413863100Z 4)2:regionYorkshire and The                                                 
2021-04-28T11:40:51.413870000Z Humber                                                                      
2021-04-28T11:40:51.413877000Z ns(tstop, df =                         -0.384        1.452    -0.265   0.791
2021-04-28T11:40:51.413890800Z 4)3:regionYorkshire and The                                                 
2021-04-28T11:40:51.413898400Z Humber                                                                      
2021-04-28T11:40:51.413905300Z ns(tstop, df =                          0.633        0.415     1.523   0.128
2021-04-28T11:40:51.413912200Z 4)4:regionYorkshire and The                                                 
2021-04-28T11:40:51.413919100Z Humber                                                                      
2021-04-28T11:40:51.413926500Z ----------------------------------------------------------------------------
2021-04-28T11:40:51.413933600Z msmmod3_par data size = 15246173 
2021-04-28T11:41:47.314839100Z memory usage = 9.278 GB 
2021-04-28T11:44:53.841973300Z   
2021-04-28T11:44:53.842082600Z msmmod4 
2021-04-28T12:48:05.061912300Z MODEL INFO:
2021-04-28T12:48:05.062527700Z Observations: 15246173
2021-04-28T12:48:05.062542700Z Dependent Variable: 
2021-04-28T12:48:05.062551000Z Type: Generalized linear model
2021-04-28T12:48:05.062559700Z   Family: binomial 
2021-04-28T12:48:05.062567400Z   Link function: logit 
2021-04-28T12:48:05.062575000Z 
2021-04-28T12:48:05.063909300Z MODEL FIT:
2021-04-28T12:48:05.063976200Z <U+03C7><U+00B2>(89) = 1893.245, p = 0.000
2021-04-28T12:48:05.063985800Z Pseudo-R<U+00B2> (Cragg-Uhler) = 
2021-04-28T12:48:05.063993400Z Pseudo-R<U+00B2> (McFadden) = 0.082
2021-04-28T12:48:05.064001500Z AIC = 23356.274, BIC = 24664.860 
2021-04-28T12:48:05.064009400Z 
2021-04-28T12:48:05.064017400Z Standard errors: MLE
2021-04-28T12:48:05.332129900Z ----------------------------------------------------------------------------
2021-04-28T12:48:05.332212300Z                                          Est.         S.E.    z val.       p
2021-04-28T12:48:05.332222100Z --------------------------------- ----------- ------------ --------- -------
2021-04-28T12:48:05.332229800Z (Intercept)                           -14.129        8.808    -1.604   0.109
2021-04-28T12:48:05.332238700Z timesincevax_pw(0,3]                   -1.166        0.188    -6.207   0.000
2021-04-28T12:48:05.332246600Z timesincevax_pw(3,7]                   -1.333        0.173    -7.690   0.000
2021-04-28T12:48:05.332254500Z timesincevax_pw(7,14]                  -1.803        0.164   -11.025   0.000
2021-04-28T12:48:05.332262000Z timesincevax_pw(14,21]                 -1.180        0.127    -9.316   0.000
2021-04-28T12:48:05.332269600Z timesincevax_pw(21,28]                 -1.341        0.139    -9.614   0.000
2021-04-28T12:48:05.332276900Z timesincevax_pw(28, Inf]               -1.819        0.125   -14.545   0.000
2021-04-28T12:48:05.332284400Z poly(age, degree = 2, raw =            -0.051        0.200    -0.256   0.798
2021-04-28T12:48:05.332320600Z TRUE)1                                                                      
2021-04-28T12:48:05.332329800Z poly(age, degree = 2, raw =             0.001        0.001     0.711   0.477
2021-04-28T12:48:05.332337700Z TRUE)2                                                                      
2021-04-28T12:48:05.332345300Z sexMale                                 0.588        0.061     9.629   0.000
2021-04-28T12:48:05.332352600Z imd2                                    0.076        0.089     0.853   0.394
2021-04-28T12:48:05.332359900Z imd3                                   -0.156        0.091    -1.707   0.088
2021-04-28T12:48:05.332367000Z imd4                                   -0.460        0.100    -4.585   0.000
2021-04-28T12:48:05.332374200Z imd5 least deprived                    -0.553        0.104    -5.315   0.000
2021-04-28T12:48:05.332382100Z ethnicityBlack                         -0.974        0.509    -1.915   0.055
2021-04-28T12:48:05.332389500Z ethnicitySouth Asian                    0.266        0.153     1.737   0.082
2021-04-28T12:48:05.332396900Z ethnicityMixed                         -0.136        0.544    -0.249   0.803
2021-04-28T12:48:05.332404100Z ethnicityOther                         -0.379        0.526    -0.722   0.470
2021-04-28T12:48:05.332411500Z bmiObese I (30-34.9)                   -0.021        0.089    -0.239   0.811
2021-04-28T12:48:05.332419100Z bmiObese II (35-39.9)                  -0.007        0.194    -0.035   0.972
2021-04-28T12:48:05.332426300Z bmiObese III (40+)                      0.245        0.262     0.936   0.349
2021-04-28T12:48:05.332435400Z chronic_cardiac_disease                -0.230        0.191    -1.205   0.228
2021-04-28T12:48:05.332443500Z heart_failure                           0.637        0.099     6.465   0.000
2021-04-28T12:48:05.332451100Z other_heart_disease                     0.153        0.124     1.239   0.215
2021-04-28T12:48:05.332458000Z dialysis                                1.262        0.331     3.810   0.000
2021-04-28T12:48:05.332465100Z diabetes                                0.206        0.139     1.479   0.139
2021-04-28T12:48:05.332472100Z chronic_liver_disease                   0.368        0.312     1.180   0.238
2021-04-28T12:48:05.332479100Z current_copd                            0.175        0.130     1.348   0.178
2021-04-28T12:48:05.332486000Z other_resp_conditions                   0.279        0.117     2.381   0.017
2021-04-28T12:48:05.332493000Z lung_cancer                             0.110        0.340     0.322   0.747
2021-04-28T12:48:05.332500800Z haematological_cancer                   0.643        0.184     3.485   0.000
2021-04-28T12:48:05.332507800Z cancer_excl_lung_and_haem              -0.059        0.138    -0.428   0.669
2021-04-28T12:48:05.332515800Z chemo_or_radio                         -0.293        0.185    -1.586   0.113
2021-04-28T12:48:05.332523100Z permanant_immunosuppression           -17.064     2872.431    -0.006   0.995
2021-04-28T12:48:05.332539000Z asplenia                               -0.588        0.692    -0.851   0.395
2021-04-28T12:48:05.332547000Z dmards                                 -0.149        0.203    -0.733   0.464
2021-04-28T12:48:05.332554300Z dementia                                0.784        0.136     5.756   0.000
2021-04-28T12:48:05.332561300Z other_neuro_conditions                  0.778        0.151     5.152   0.000
2021-04-28T12:48:05.332568100Z LD_incl_DS_and_CP                       0.721        0.611     1.180   0.238
2021-04-28T12:48:05.332575100Z psychosis_schiz_bipolar                 0.535        0.263     2.029   0.042
2021-04-28T12:48:05.332581900Z multimorb1                              0.321        0.156     2.061   0.039
2021-04-28T12:48:05.332589200Z multimorb2                              0.558        0.265     2.110   0.035
2021-04-28T12:48:05.332596400Z multimorb3                              0.559        0.386     1.449   0.147
2021-04-28T12:48:05.332603500Z multimorb4+                             0.610        0.531     1.149   0.250
2021-04-28T12:48:05.332610300Z shielded                                0.275        0.077     3.550   0.000
2021-04-28T12:48:05.332617500Z flu_vaccine                            -0.061        0.093    -0.655   0.513
2021-04-28T12:48:05.332624400Z ns(tstop, df = 4)1                      3.977        0.397    10.020   0.000
2021-04-28T12:48:05.332632100Z ns(tstop, df = 4)2                      3.155        0.360     8.754   0.000
2021-04-28T12:48:05.332640000Z ns(tstop, df = 4)3                      6.269        0.926     6.767   0.000
2021-04-28T12:48:05.332647500Z ns(tstop, df = 4)4                      1.780        0.284     6.260   0.000
2021-04-28T12:48:05.332654800Z regionEast Midlands                     0.175        0.691     0.253   0.800
2021-04-28T12:48:05.332662900Z regionLondon                            1.975        1.623     1.217   0.224
2021-04-28T12:48:05.332670000Z regionNorth East                       -0.408        0.976    -0.418   0.676
2021-04-28T12:48:05.332677300Z regionNorth West                       -0.606        1.098    -0.552   0.581
2021-04-28T12:48:05.332685100Z regionSouth East                       -0.071        2.113    -0.034   0.973
2021-04-28T12:48:05.332692500Z regionSouth West                      -19.671       26.330    -0.747   0.455
2021-04-28T12:48:05.332756900Z regionWest Midlands                   -96.996    88457.885    -0.001   0.999
2021-04-28T12:48:05.332769400Z regionYorkshire and The                -0.236        0.700    -0.337   0.736
2021-04-28T12:48:05.332776400Z Humber                                                                      
2021-04-28T12:48:05.332783600Z ns(tstop, df =                         -0.582        0.651    -0.893   0.372
2021-04-28T12:48:05.332790300Z 4)1:regionEast Midlands                                                     
2021-04-28T12:48:05.332797100Z ns(tstop, df =                         -0.721        0.593    -1.215   0.224
2021-04-28T12:48:05.332813500Z 4)2:regionEast Midlands                                                     
2021-04-28T12:48:05.332821100Z ns(tstop, df =                         -1.342        1.515    -0.886   0.376
2021-04-28T12:48:05.332828300Z 4)3:regionEast Midlands                                                     
2021-04-28T12:48:05.332835100Z ns(tstop, df =                          0.384        0.457     0.839   0.401
2021-04-28T12:48:05.332842400Z 4)4:regionEast Midlands                                                     
2021-04-28T12:48:05.332849300Z ns(tstop, df =                         -3.557        2.062    -1.725   0.084
2021-04-28T12:48:05.332856200Z 4)1:regionLondon                                                            
2021-04-28T12:48:05.332863000Z ns(tstop, df =                          0.708        4.252     0.167   0.868
2021-04-28T12:48:05.332872900Z 4)2:regionLondon                                                            
2021-04-28T12:48:05.332879600Z ns(tstop, df =                        -16.104       17.000    -0.947   0.343
2021-04-28T12:48:05.332886400Z 4)3:regionLondon                                                            
2021-04-28T12:48:05.332893200Z ns(tstop, df =                        -22.215       28.076    -0.791   0.429
2021-04-28T12:48:05.332901200Z 4)4:regionLondon                                                            
2021-04-28T12:48:05.332908500Z ns(tstop, df =                         -2.132        0.927    -2.299   0.022
2021-04-28T12:48:05.332915400Z 4)1:regionNorth East                                                        
2021-04-28T12:48:05.332922300Z ns(tstop, df =                          0.483        0.810     0.595   0.552
2021-04-28T12:48:05.332929400Z 4)2:regionNorth East                                                        
2021-04-28T12:48:05.332936300Z ns(tstop, df =                          1.795        2.167     0.828   0.407
2021-04-28T12:48:05.332943500Z 4)3:regionNorth East                                                        
2021-04-28T12:48:05.332950500Z ns(tstop, df =                         -0.086        0.572    -0.151   0.880
2021-04-28T12:48:05.332957700Z 4)4:regionNorth East                                                        
2021-04-28T12:48:05.332964600Z ns(tstop, df =                         -0.780        1.033    -0.756   0.450
2021-04-28T12:48:05.332971700Z 4)1:regionNorth West                                                        
2021-04-28T12:48:05.332978600Z ns(tstop, df =                         -0.286        0.961    -0.298   0.766
2021-04-28T12:48:05.332985500Z 4)2:regionNorth West                                                        
2021-04-28T12:48:05.332992200Z ns(tstop, df =                         -0.198        2.424    -0.082   0.935
2021-04-28T12:48:05.332999200Z 4)3:regionNorth West                                                        
2021-04-28T12:48:05.333006000Z ns(tstop, df =                         -0.142        0.754    -0.189   0.850
2021-04-28T12:48:05.333013100Z 4)4:regionNorth West                                                        
2021-04-28T12:48:05.333027200Z ns(tstop, df =                         -2.370        2.089    -1.135   0.257
2021-04-28T12:48:05.333034800Z 4)1:regionSouth East                                                        
2021-04-28T12:48:05.333041700Z ns(tstop, df =                          0.095        1.895     0.050   0.960
2021-04-28T12:48:05.333048700Z 4)2:regionSouth East                                                        
2021-04-28T12:48:05.333055900Z ns(tstop, df =                          0.327        4.788     0.068   0.946
2021-04-28T12:48:05.333063100Z 4)3:regionSouth East                                                        
2021-04-28T12:48:05.333070000Z ns(tstop, df =                         -0.737        1.528    -0.482   0.630
2021-04-28T12:48:05.333077000Z 4)4:regionSouth East                                                        
2021-04-28T12:48:05.333083800Z ns(tstop, df =                         18.151       25.509     0.712   0.477
2021-04-28T12:48:05.333090800Z 4)1:regionSouth West                                                        
2021-04-28T12:48:05.333098700Z ns(tstop, df =                         14.405       18.688     0.771   0.441
2021-04-28T12:48:05.333106700Z 4)2:regionSouth West                                                        
2021-04-28T12:48:05.333113900Z ns(tstop, df =                         34.950       50.684     0.690   0.490
2021-04-28T12:48:05.333121100Z 4)3:regionSouth West                                                        
2021-04-28T12:48:05.333128500Z ns(tstop, df =                          6.754        9.965     0.678   0.498
2021-04-28T12:48:05.333135600Z 4)4:regionSouth West                                                        
2021-04-28T12:48:05.333142700Z ns(tstop, df =                      -1280.215    75889.752    -0.017   0.987
2021-04-28T12:48:05.333149500Z 4)1:regionWest Midlands                                                     
2021-04-28T12:48:05.333156600Z ns(tstop, df =                       1682.543    49626.675     0.034   0.973
2021-04-28T12:48:05.333163600Z 4)2:regionWest Midlands                                                     
2021-04-28T12:48:05.333170800Z ns(tstop, df =                      -5090.971   220887.996    -0.023   0.982
2021-04-28T12:48:05.333177900Z 4)3:regionWest Midlands                                                     
2021-04-28T12:48:05.333185400Z ns(tstop, df =                      -8954.205    81690.101    -0.110   0.913
2021-04-28T12:48:05.333192400Z 4)4:regionWest Midlands                                                     
2021-04-28T12:48:05.333199800Z ns(tstop, df =                         -1.014        0.663    -1.530   0.126
2021-04-28T12:48:05.333206700Z 4)1:regionYorkshire and The                                                 
2021-04-28T12:48:05.333213900Z Humber                                                                      
2021-04-28T12:48:05.333221100Z ns(tstop, df =                         -0.241        0.585    -0.412   0.680
2021-04-28T12:48:05.333235700Z 4)2:regionYorkshire and The                                                 
2021-04-28T12:48:05.333243800Z Humber                                                                      
2021-04-28T12:48:05.333251000Z ns(tstop, df =                         -0.437        1.542    -0.283   0.777
2021-04-28T12:48:05.333258900Z 4)3:regionYorkshire and The                                                 
2021-04-28T12:48:05.333266300Z Humber                                                                      
2021-04-28T12:48:05.333274700Z ns(tstop, df =                          0.460        0.435     1.057   0.291
2021-04-28T12:48:05.333282000Z 4)4:regionYorkshire and The                                                 
2021-04-28T12:48:05.333289400Z Humber                                                                      
2021-04-28T12:48:05.333297100Z ----------------------------------------------------------------------------
2021-04-28T12:48:05.333304300Z msmmod4_par data size = 15246173 
2021-04-28T12:48:43.671710400Z memory usage = 9.278 GB 
2021-04-28T12:52:00.982245700Z NULL
2021-04-28T12:52:00.982301200Z   
2021-04-28T12:52:17.001221200Z              used    (Mb) gc trigger    (Mb)   max used    (Mb)
2021-04-28T12:52:17.001334900Z Ncells    2340026   125.0   23151834  1236.5    2340026   125.0
2021-04-28T12:52:17.001347100Z Vcells 2527264887 19281.6 6674883666 50925.4 2527264887 19281.6
2021-04-28T12:52:17.001369400Z Warning messages:
2021-04-28T12:52:17.001396700Z 1: parglm.fit: algorithm did not converge 
2021-04-28T12:52:17.001406300Z 2: parglm.fit: algorithm did not converge 
2021-04-28T12:52:17.001414300Z 3: Removed 11538 rows containing non-finite values (stat_bin). 
2021-04-28T12:52:17.001422100Z 4: parglm.fit: algorithm did not converge 
2021-04-28T12:52:17.001429800Z 5: parglm.fit: algorithm did not converge 


state: succeeded
commit: d63ac7b7e4fc85ba424510244fdccdf533016b04
docker_image_id: sha256:c2fc5042bf86134947d83ad8e70bd926e2c1f91a263c6bfe87438ad783bec981
exit_code: 0
job_id: 4pwsybwlakjqltkp
run_by_user: wjchulme
created_at: 2021-04-27T20:50:46Z
started_at: 2021-04-28T06:23:45Z
completed_at: 2021-04-28T13:01:17Z

Completed successfully

outputs:
  output/over80s/coviddeath/any/all/all/data_atrisk_death.rds      - highly_sensitive
  output/over80s/coviddeath/any/all/all/data_atrisk_vaxany1.rds    - highly_sensitive
  output/over80s/coviddeath/any/all/all/data_weights.rds           - highly_sensitive
  output/over80s/coviddeath/any/all/all/model0.rds                 - highly_sensitive
  output/over80s/coviddeath/any/all/all/model1.rds                 - highly_sensitive
  output/over80s/coviddeath/any/all/all/model2.rds                 - highly_sensitive
  output/over80s/coviddeath/any/all/all/model3.rds                 - highly_sensitive
  output/over80s/coviddeath/any/all/all/model4.rds                 - highly_sensitive
  output/over80s/coviddeath/any/all/all/model_death.rds            - highly_sensitive
  output/over80s/coviddeath/any/all/all/model_formula_death.rds    - highly_sensitive
  output/over80s/coviddeath/any/all/all/model_formula_vaxany1.rds  - highly_sensitive
  output/over80s/coviddeath/any/all/all/model_vaxany1.rds          - highly_sensitive
  output/over80s/coviddeath/any/all/all/weights_histogram.svg      - highly_sensitive
  output/over80s/coviddeath/any/all/all/weights_table.txt          - highly_sensitive