2021-04-28T16:54:07.092348900Z -- Attaching packages --------------------------------------- tidyverse 1.3.0 --
2021-04-28T16:54:07.102152000Z v ggplot2 3.3.2     v purrr   0.3.4
2021-04-28T16:54:07.102224600Z v tibble  3.0.3     v dplyr   1.0.2
2021-04-28T16:54:07.102233000Z v tidyr   1.1.2     v stringr 1.4.0
2021-04-28T16:54:07.102240300Z v readr   1.3.1     v forcats 0.5.0
2021-04-28T16:54:07.295733100Z -- Conflicts ------------------------------------------ tidyverse_conflicts() --
2021-04-28T16:54:07.295816200Z x dplyr::filter() masks stats::filter()
2021-04-28T16:54:07.295825000Z x dplyr::lag()    masks stats::lag()
2021-04-28T16:54:07.311797600Z 
2021-04-28T16:54:07.311876200Z Attaching package: 'glue'
2021-04-28T16:54:07.311884700Z 
2021-04-28T16:54:07.313181600Z The following object is masked from 'package:dplyr':
2021-04-28T16:54:07.313202700Z 
2021-04-28T16:54:07.313210700Z     collapse
2021-04-28T16:54:07.313217700Z 
2021-04-28T16:54:09.418067000Z #BlackLivesMatter
2021-04-28T16:54:09.492546500Z 
2021-04-28T16:54:09.492635500Z Attaching package: 'lubridate'
2021-04-28T16:54:09.492644500Z 
2021-04-28T16:54:09.493186700Z The following objects are masked from 'package:base':
2021-04-28T16:54:09.493211800Z 
2021-04-28T16:54:09.493220800Z     date, intersect, setdiff, union
2021-04-28T16:54:09.493228300Z 
2021-04-28T16:54:09.846207700Z <environment: R_GlobalEnv>
2021-04-28T16:54:09.848519600Z <environment: R_GlobalEnv>
2021-04-28T16:55:13.188201900Z data_pt data size = 15246173 
2021-04-28T16:55:13.191095100Z   memory usage = 6.282 GB 
2021-04-28T16:55:13.832341400Z     
2021-04-28T16:55:13.832442700Z all   
2021-04-28T16:55:13.832453400Z   
2021-04-28T16:55:35.788729400Z   
2021-04-28T17:09:08.503333300Z vaxany1  vaxany1 data size = 7333923 
2021-04-28T17:09:22.873850900Z memory usage = 7.541 GB 
2021-04-28T17:09:22.873938900Z   
2021-04-28T17:18:44.914001300Z vaxany1_fxd  vaxany1_fxd data size = 7333923 
2021-04-28T17:19:02.008277400Z memory usage = 6.25 GB 
2021-04-28T17:25:18.606788900Z   
2021-04-28T18:58:46.958924100Z death  death data size = 15246173 
2021-04-28T18:59:26.349966900Z memory usage = 15.987 GB 
2021-04-28T18:59:26.363911500Z   
2021-04-28T19:59:54.233515700Z death_fxd  death_fxd data size = 15246173 
2021-04-28T20:00:30.885811400Z memory usage = 13.243 GB 
2021-04-28T20:12:19.167754000Z Saving 7 x 7 in image
2021-04-28T20:12:27.226950800Z `stat_bin()` using `bins = 30`. Pick better value with `binwidth`.
2021-04-28T20:12:42.951561100Z   
2021-04-28T20:12:42.952390300Z data_weights data size = 15246173   
2021-04-28T20:12:42.953294100Z memory usage = 2.5 GB   
2021-04-28T20:13:35.563739700Z   
2021-04-28T20:13:35.563803700Z msmmod0 
2021-04-28T20:15:29.303892100Z MODEL INFO:
2021-04-28T20:15:29.303992500Z Observations: 15246173
2021-04-28T20:15:29.304002800Z Dependent Variable: 
2021-04-28T20:15:29.304010800Z Type: Generalized linear model
2021-04-28T20:15:29.304018700Z   Family: binomial 
2021-04-28T20:15:29.304026200Z   Link function: logit 
2021-04-28T20:15:29.304033700Z 
2021-04-28T20:15:29.306557700Z MODEL FIT:
2021-04-28T20:15:29.306586000Z <U+03C7><U+00B2>(6) = 410.755, p = 0.000
2021-04-28T20:15:29.306597000Z Pseudo-R<U+00B2> (Cragg-Uhler) = 
2021-04-28T20:15:29.306605000Z Pseudo-R<U+00B2> (McFadden) = 0.009
2021-04-28T20:15:29.306612900Z AIC = 45435.018, BIC = 45536.797 
2021-04-28T20:15:29.306620300Z 
2021-04-28T20:15:29.307053200Z Standard errors: MLE
2021-04-28T20:15:29.354019900Z ------------------------------------------------------------------
2021-04-28T20:15:29.354122400Z                                    Est.    S.E.     z val.       p
2021-04-28T20:15:29.354133800Z ------------------------------ -------- ------- ---------- -------
2021-04-28T20:15:29.354142000Z (Intercept)                      -8.430   0.025   -337.165   0.000
2021-04-28T20:15:29.354149800Z timesincevax_pw(0,3]             -1.440   0.187     -7.686   0.000
2021-04-28T20:15:29.354158500Z timesincevax_pw(3,7]             -0.916   0.127     -7.240   0.000
2021-04-28T20:15:29.354166400Z timesincevax_pw(7,14]            -0.909   0.097     -9.339   0.000
2021-04-28T20:15:29.354174800Z timesincevax_pw(14,21]           -0.612   0.086     -7.125   0.000
2021-04-28T20:15:29.354182600Z timesincevax_pw(21,28]           -0.778   0.095     -8.191   0.000
2021-04-28T20:15:29.354190600Z timesincevax_pw(28, Inf]         -0.849   0.066    -12.887   0.000
2021-04-28T20:15:29.354516400Z ------------------------------------------------------------------
2021-04-28T20:15:29.357823700Z msmmod0_par data size = 15246173 
2021-04-28T20:16:02.423562600Z memory usage = 9.278 GB 
2021-04-28T20:18:32.895637100Z   
2021-04-28T20:18:32.895703800Z msmmod1 
2021-04-28T20:21:50.210977200Z MODEL INFO:
2021-04-28T20:21:50.211063800Z Observations: 15246173
2021-04-28T20:21:50.211073700Z Dependent Variable: 
2021-04-28T20:21:50.211081700Z Type: Generalized linear model
2021-04-28T20:21:50.211089100Z   Family: binomial 
2021-04-28T20:21:50.211097000Z   Link function: logit 
2021-04-28T20:21:50.211167800Z 
2021-04-28T20:21:50.212705800Z MODEL FIT:
2021-04-28T20:21:50.212732900Z <U+03C7><U+00B2>(17) = 1336.740, p = 0.000
2021-04-28T20:21:50.212743900Z Pseudo-R<U+00B2> (Cragg-Uhler) = 
2021-04-28T20:21:50.212751900Z Pseudo-R<U+00B2> (McFadden) = 0.029
2021-04-28T20:21:50.212759200Z AIC = 44531.033, BIC = 44792.750 
2021-04-28T20:21:50.212766800Z 
2021-04-28T20:21:50.214494500Z Standard errors: MLE
2021-04-28T20:21:50.276718700Z -------------------------------------------------------------------
2021-04-28T20:21:50.276772100Z                                      Est.    S.E.    z val.       p
2021-04-28T20:21:50.276780700Z ------------------------------- --------- ------- --------- -------
2021-04-28T20:21:50.276787900Z (Intercept)                       -35.483   6.020    -5.894   0.000
2021-04-28T20:21:50.276794900Z timesincevax_pw(0,3]               -1.406   0.187    -7.503   0.000
2021-04-28T20:21:50.276802100Z timesincevax_pw(3,7]               -0.881   0.127    -6.958   0.000
2021-04-28T20:21:50.276808900Z timesincevax_pw(7,14]              -0.870   0.097    -8.933   0.000
2021-04-28T20:21:50.276816200Z timesincevax_pw(14,21]             -0.566   0.086    -6.585   0.000
2021-04-28T20:21:50.276823000Z timesincevax_pw(21,28]             -0.723   0.095    -7.602   0.000
2021-04-28T20:21:50.276830000Z timesincevax_pw(28, Inf]           -0.789   0.066   -11.942   0.000
2021-04-28T20:21:50.276837500Z poly(age, degree = 2, raw =         0.492   0.136     3.604   0.000
2021-04-28T20:21:50.276844500Z TRUE)1                                                             
2021-04-28T20:21:50.276851300Z poly(age, degree = 2, raw =        -0.002   0.001    -2.654   0.008
2021-04-28T20:21:50.276858300Z TRUE)2                                                             
2021-04-28T20:21:50.276865200Z sexMale                             0.365   0.042     8.747   0.000
2021-04-28T20:21:50.276872100Z imd2                               -0.198   0.065    -3.027   0.002
2021-04-28T20:21:50.276879100Z imd3                               -0.288   0.064    -4.502   0.000
2021-04-28T20:21:50.276885800Z imd4                               -0.329   0.065    -5.079   0.000
2021-04-28T20:21:50.276892600Z imd5 least deprived                -0.292   0.064    -4.542   0.000
2021-04-28T20:21:50.276899500Z ethnicityBlack                     -1.075   0.448    -2.400   0.016
2021-04-28T20:21:50.276906400Z ethnicitySouth Asian               -0.155   0.139    -1.111   0.267
2021-04-28T20:21:50.276913300Z ethnicityMixed                     -0.362   0.501    -0.723   0.469
2021-04-28T20:21:50.276920400Z ethnicityOther                     -0.690   0.448    -1.540   0.124
2021-04-28T20:21:50.276927200Z -------------------------------------------------------------------
2021-04-28T20:21:50.277141800Z msmmod1_par data size = 15246173 
2021-04-28T20:22:23.818129900Z memory usage = 9.278 GB 
2021-04-28T20:24:53.667822500Z   
2021-04-28T20:24:53.667926700Z msmmod2 
2021-04-28T20:35:13.283427800Z MODEL INFO:
2021-04-28T20:35:13.283661300Z Observations: 15246173
2021-04-28T20:35:13.283676700Z Dependent Variable: 
2021-04-28T20:35:13.283684900Z Type: Generalized linear model
2021-04-28T20:35:13.283692300Z   Family: binomial 
2021-04-28T20:35:13.283699900Z   Link function: logit 
2021-04-28T20:35:13.283707300Z 
2021-04-28T20:35:13.285121000Z MODEL FIT:
2021-04-28T20:35:13.285363700Z <U+03C7><U+00B2>(45) = 2003.642, p = 0.000
2021-04-28T20:35:13.285383000Z Pseudo-R<U+00B2> (Cragg-Uhler) = 
2021-04-28T20:35:13.285391900Z Pseudo-R<U+00B2> (McFadden) = 0.044
2021-04-28T20:35:13.285592000Z AIC = 43920.132, BIC = 44588.965 
2021-04-28T20:35:13.285621200Z 
2021-04-28T20:35:13.286074000Z Standard errors: MLE
2021-04-28T20:35:13.446283500Z ---------------------------------------------------------------------
2021-04-28T20:35:13.446354300Z                                        Est.    S.E.    z val.       p
2021-04-28T20:35:13.446364000Z --------------------------------- --------- ------- --------- -------
2021-04-28T20:35:13.446371700Z (Intercept)                         -27.741   6.067    -4.572   0.000
2021-04-28T20:35:13.446379300Z timesincevax_pw(0,3]                 -1.387   0.187    -7.402   0.000
2021-04-28T20:35:13.446387400Z timesincevax_pw(3,7]                 -0.861   0.127    -6.803   0.000
2021-04-28T20:35:13.446395100Z timesincevax_pw(7,14]                -0.849   0.097    -8.713   0.000
2021-04-28T20:35:13.446402700Z timesincevax_pw(14,21]               -0.541   0.086    -6.289   0.000
2021-04-28T20:35:13.446410500Z timesincevax_pw(21,28]               -0.692   0.095    -7.268   0.000
2021-04-28T20:35:13.446418000Z timesincevax_pw(28, Inf]             -0.753   0.066   -11.372   0.000
2021-04-28T20:35:13.446425700Z poly(age, degree = 2, raw =           0.309   0.138     2.246   0.025
2021-04-28T20:35:13.446433300Z TRUE)1                                                               
2021-04-28T20:35:13.446440800Z poly(age, degree = 2, raw =          -0.001   0.001    -1.317   0.188
2021-04-28T20:35:13.446448300Z TRUE)2                                                               
2021-04-28T20:35:13.446455800Z sexMale                               0.272   0.043     6.371   0.000
2021-04-28T20:35:13.446463300Z imd2                                 -0.168   0.065    -2.570   0.010
2021-04-28T20:35:13.446470800Z imd3                                 -0.243   0.064    -3.778   0.000
2021-04-28T20:35:13.446478300Z imd4                                 -0.268   0.065    -4.113   0.000
2021-04-28T20:35:13.446485600Z imd5 least deprived                  -0.214   0.065    -3.299   0.001
2021-04-28T20:35:13.446527700Z ethnicityBlack                       -1.132   0.448    -2.526   0.012
2021-04-28T20:35:13.446535800Z ethnicitySouth Asian                 -0.201   0.140    -1.429   0.153
2021-04-28T20:35:13.446542700Z ethnicityMixed                       -0.380   0.501    -0.759   0.448
2021-04-28T20:35:13.446549500Z ethnicityOther                       -0.683   0.448    -1.526   0.127
2021-04-28T20:35:13.446556200Z bmiObese I (30-34.9)                 -0.257   0.070    -3.691   0.000
2021-04-28T20:35:13.446563100Z bmiObese II (35-39.9)                -0.157   0.146    -1.077   0.281
2021-04-28T20:35:13.446570000Z bmiObese III (40+)                   -0.037   0.213    -0.176   0.860
2021-04-28T20:35:13.446576900Z chronic_cardiac_disease               0.096   0.138     0.697   0.486
2021-04-28T20:35:13.446583800Z heart_failure                         0.395   0.073     5.381   0.000
2021-04-28T20:35:13.446590700Z other_heart_disease                  -0.132   0.088    -1.505   0.132
2021-04-28T20:35:13.446598900Z dialysis                              0.880   0.285     3.092   0.002
2021-04-28T20:35:13.446606100Z diabetes                             -0.006   0.103    -0.058   0.954
2021-04-28T20:35:13.446613000Z chronic_liver_disease                 0.239   0.232     1.031   0.302
2021-04-28T20:35:13.446619800Z current_copd                          0.060   0.096     0.625   0.532
2021-04-28T20:35:13.446626800Z other_resp_conditions                 0.122   0.088     1.382   0.167
2021-04-28T20:35:13.446633900Z lung_cancer                           0.980   0.159     6.149   0.000
2021-04-28T20:35:13.446641000Z haematological_cancer                 0.273   0.138     1.978   0.048
2021-04-28T20:35:13.446647900Z cancer_excl_lung_and_haem             0.188   0.097     1.933   0.053
2021-04-28T20:35:13.446654700Z chemo_or_radio                       -0.071   0.111    -0.639   0.523
2021-04-28T20:35:13.446661600Z permanant_immunosuppression           0.179   0.584     0.307   0.759
2021-04-28T20:35:13.446668500Z asplenia                              0.165   0.330     0.499   0.618
2021-04-28T20:35:13.446675700Z dmards                                0.094   0.136     0.692   0.489
2021-04-28T20:35:13.446682700Z dementia                              0.522   0.103     5.067   0.000
2021-04-28T20:35:13.446689400Z other_neuro_conditions                0.433   0.126     3.439   0.001
2021-04-28T20:35:13.446696200Z LD_incl_DS_and_CP                     0.114   0.715     0.159   0.874
2021-04-28T20:35:13.446703100Z psychosis_schiz_bipolar               0.443   0.203     2.185   0.029
2021-04-28T20:35:13.446709800Z multimorb1                            0.267   0.110     2.429   0.015
2021-04-28T20:35:13.446716600Z multimorb2                            0.497   0.193     2.579   0.010
2021-04-28T20:35:13.446723400Z multimorb3                            0.612   0.282     2.170   0.030
2021-04-28T20:35:13.446738000Z multimorb4+                           0.685   0.390     1.758   0.079
2021-04-28T20:35:13.446745600Z shielded                              0.383   0.054     7.091   0.000
2021-04-28T20:35:13.446783500Z flu_vaccine                          -0.219   0.063    -3.483   0.000
2021-04-28T20:35:13.446961800Z ---------------------------------------------------------------------
2021-04-28T20:35:13.447949100Z msmmod2_par data size = 15246173 
2021-04-28T20:35:46.559858000Z memory usage = 9.278 GB 
2021-04-28T20:38:14.690549000Z   
2021-04-28T20:38:14.690632300Z msmmod3 
2021-04-28T21:36:37.539462400Z MODEL INFO:
2021-04-28T21:36:37.540407600Z Observations: 15246173
2021-04-28T21:36:37.540426300Z Dependent Variable: 
2021-04-28T21:36:37.540458700Z Type: Generalized linear model
2021-04-28T21:36:37.540469000Z   Family: binomial 
2021-04-28T21:36:37.540480200Z   Link function: logit 
2021-04-28T21:36:37.540488100Z 
2021-04-28T21:36:37.541346800Z MODEL FIT:
2021-04-28T21:36:37.541377300Z <U+03C7><U+00B2>(89) = 2610.027, p = 0.000
2021-04-28T21:36:37.541428400Z Pseudo-R<U+00B2> (Cragg-Uhler) = 
2021-04-28T21:36:37.541441900Z Pseudo-R<U+00B2> (McFadden) = 0.057
2021-04-28T21:36:37.541450500Z AIC = 43401.747, BIC = 44710.332 
2021-04-28T21:36:37.541458100Z 
2021-04-28T21:36:37.541684600Z Standard errors: MLE
2021-04-28T21:36:37.810042700Z ------------------------------------------------------------------------------
2021-04-28T21:36:37.810132300Z                                           Est.          S.E.    z val.       p
2021-04-28T21:36:37.810142300Z --------------------------------- ------------ ------------- --------- -------
2021-04-28T21:36:37.810150400Z (Intercept)                            -30.337         6.084    -4.987   0.000
2021-04-28T21:36:37.810179900Z timesincevax_pw(0,3]                    -1.781         0.188    -9.450   0.000
2021-04-28T21:36:37.810188600Z timesincevax_pw(3,7]                    -1.366         0.129   -10.617   0.000
2021-04-28T21:36:37.810196300Z timesincevax_pw(7,14]                   -1.520         0.102   -14.928   0.000
2021-04-28T21:36:37.810203900Z timesincevax_pw(14,21]                  -1.407         0.093   -15.070   0.000
2021-04-28T21:36:37.810211500Z timesincevax_pw(21,28]                  -1.727         0.104   -16.642   0.000
2021-04-28T21:36:37.810219500Z timesincevax_pw(28, Inf]                -1.970         0.083   -23.757   0.000
2021-04-28T21:36:37.810227100Z poly(age, degree = 2, raw =              0.361         0.138     2.616   0.009
2021-04-28T21:36:37.810234600Z TRUE)1                                                                        
2021-04-28T21:36:37.810261900Z poly(age, degree = 2, raw =             -0.001         0.001    -1.746   0.081
2021-04-28T21:36:37.810294400Z TRUE)2                                                                        
2021-04-28T21:36:37.810302700Z sexMale                                  0.304         0.043     7.131   0.000
2021-04-28T21:36:37.810309800Z imd2                                    -0.138         0.066    -2.094   0.036
2021-04-28T21:36:37.810316800Z imd3                                    -0.203         0.066    -3.080   0.002
2021-04-28T21:36:37.810343700Z imd4                                    -0.207         0.066    -3.130   0.002
2021-04-28T21:36:37.810353700Z imd5 least deprived                     -0.146         0.067    -2.183   0.029
2021-04-28T21:36:37.810360800Z ethnicityBlack                          -1.323         0.449    -2.949   0.003
2021-04-28T21:36:37.810367900Z ethnicitySouth Asian                    -0.418         0.142    -2.935   0.003
2021-04-28T21:36:37.810374900Z ethnicityMixed                          -0.518         0.501    -1.034   0.301
2021-04-28T21:36:37.810381900Z ethnicityOther                          -0.824         0.448    -1.839   0.066
2021-04-28T21:36:37.810389200Z bmiObese I (30-34.9)                    -0.259         0.070    -3.715   0.000
2021-04-28T21:36:37.810396800Z bmiObese II (35-39.9)                   -0.185         0.146    -1.269   0.204
2021-04-28T21:36:37.810406100Z bmiObese III (40+)                      -0.082         0.213    -0.386   0.699
2021-04-28T21:36:37.810434500Z chronic_cardiac_disease                  0.089         0.138     0.644   0.520
2021-04-28T21:36:37.810441800Z heart_failure                            0.382         0.073     5.209   0.000
2021-04-28T21:36:37.810449100Z other_heart_disease                     -0.128         0.088    -1.451   0.147
2021-04-28T21:36:37.810456100Z dialysis                                 0.855         0.285     2.999   0.003
2021-04-28T21:36:37.810463100Z diabetes                                -0.016         0.103    -0.152   0.880
2021-04-28T21:36:37.810470100Z chronic_liver_disease                    0.231         0.233     0.991   0.322
2021-04-28T21:36:37.810476900Z current_copd                             0.047         0.096     0.490   0.624
2021-04-28T21:36:37.810483900Z other_resp_conditions                    0.099         0.088     1.116   0.264
2021-04-28T21:36:37.810501700Z lung_cancer                              0.997         0.159     6.257   0.000
2021-04-28T21:36:37.810519100Z haematological_cancer                    0.283         0.138     2.048   0.041
2021-04-28T21:36:37.810526500Z cancer_excl_lung_and_haem                0.195         0.098     1.994   0.046
2021-04-28T21:36:37.810533600Z chemo_or_radio                          -0.077         0.111    -0.688   0.491
2021-04-28T21:36:37.810540600Z permanant_immunosuppression              0.198         0.584     0.339   0.734
2021-04-28T21:36:37.810547600Z asplenia                                 0.177         0.331     0.536   0.592
2021-04-28T21:36:37.810554600Z dmards                                   0.093         0.136     0.682   0.495
2021-04-28T21:36:37.810570900Z dementia                                 0.458         0.104     4.425   0.000
2021-04-28T21:36:37.810599100Z other_neuro_conditions                   0.372         0.127     2.937   0.003
2021-04-28T21:36:37.810608200Z LD_incl_DS_and_CP                        0.033         0.715     0.046   0.963
2021-04-28T21:36:37.810615400Z psychosis_schiz_bipolar                  0.352         0.203     1.732   0.083
2021-04-28T21:36:37.810622300Z multimorb1                               0.277         0.110     2.505   0.012
2021-04-28T21:36:37.810629500Z multimorb2                               0.508         0.193     2.630   0.009
2021-04-28T21:36:37.810636600Z multimorb3                               0.629         0.283     2.221   0.026
2021-04-28T21:36:37.810643600Z multimorb4+                              0.708         0.391     1.811   0.070
2021-04-28T21:36:37.810650700Z shielded                                 0.384         0.054     7.116   0.000
2021-04-28T21:36:37.810657900Z flu_vaccine                             -0.041         0.064    -0.639   0.523
2021-04-28T21:36:37.810686100Z ns(tstop, df = 4)1                       0.555         0.181     3.065   0.002
2021-04-28T21:36:37.810694200Z ns(tstop, df = 4)2                       1.478         0.182     8.116   0.000
2021-04-28T21:36:37.810701300Z ns(tstop, df = 4)3                       2.017         0.377     5.343   0.000
2021-04-28T21:36:37.810708300Z ns(tstop, df = 4)4                       1.824         0.170    10.725   0.000
2021-04-28T21:36:37.810715600Z regionEast Midlands                      0.097         0.237     0.409   0.683
2021-04-28T21:36:37.810722900Z regionLondon                            -0.943         1.736    -0.543   0.587
2021-04-28T21:36:37.810730000Z regionNorth East                         0.205         0.319     0.640   0.522
2021-04-28T21:36:37.810737200Z regionNorth West                        -0.364         0.341    -1.066   0.286
2021-04-28T21:36:37.810762100Z regionSouth East                         0.472         0.592     0.797   0.425
2021-04-28T21:36:37.810772400Z regionSouth West                        -0.787         0.718    -1.096   0.273
2021-04-28T21:36:37.810779700Z regionWest Midlands                 -11564.757    548987.925    -0.021   0.983
2021-04-28T21:36:37.810786700Z regionYorkshire and The                  0.017         0.221     0.076   0.939
2021-04-28T21:36:37.810793800Z Humber                                                                        
2021-04-28T21:36:37.810800800Z ns(tstop, df =                          -0.148         0.296    -0.499   0.618
2021-04-28T21:36:37.810807900Z 4)1:regionEast Midlands                                                       
2021-04-28T21:36:37.810815000Z ns(tstop, df =                           0.107         0.282     0.379   0.704
2021-04-28T21:36:37.810822000Z 4)2:regionEast Midlands                                                       
2021-04-28T21:36:37.810851000Z ns(tstop, df =                          -0.672         0.605    -1.109   0.267
2021-04-28T21:36:37.810891000Z 4)3:regionEast Midlands                                                       
2021-04-28T21:36:37.810899500Z ns(tstop, df =                           0.198         0.264     0.748   0.455
2021-04-28T21:36:37.810906600Z 4)4:regionEast Midlands                                                       
2021-04-28T21:36:37.810925800Z ns(tstop, df =                           0.074         2.056     0.036   0.971
2021-04-28T21:36:37.810944700Z 4)1:regionLondon                                                              
2021-04-28T21:36:37.810951900Z ns(tstop, df =                           0.231         1.833     0.126   0.900
2021-04-28T21:36:37.810959000Z 4)2:regionLondon                                                              
2021-04-28T21:36:37.810967400Z ns(tstop, df =                           1.945         4.227     0.460   0.645
2021-04-28T21:36:37.810975500Z 4)3:regionLondon                                                              
2021-04-28T21:36:37.810982700Z ns(tstop, df =                           0.597         1.358     0.440   0.660
2021-04-28T21:36:37.810989600Z 4)4:regionLondon                                                              
2021-04-28T21:36:37.810996400Z ns(tstop, df =                           0.189         0.401     0.471   0.637
2021-04-28T21:36:37.811023400Z 4)1:regionNorth East                                                          
2021-04-28T21:36:37.811031900Z ns(tstop, df =                           0.189         0.391     0.484   0.628
2021-04-28T21:36:37.811038800Z 4)2:regionNorth East                                                          
2021-04-28T21:36:37.811046100Z ns(tstop, df =                          -0.872         0.823    -1.059   0.290
2021-04-28T21:36:37.811053300Z 4)3:regionNorth East                                                          
2021-04-28T21:36:37.811060800Z ns(tstop, df =                          -0.160         0.395    -0.406   0.685
2021-04-28T21:36:37.811067600Z 4)4:regionNorth East                                                          
2021-04-28T21:36:37.811075400Z ns(tstop, df =                           0.501         0.402     1.246   0.213
2021-04-28T21:36:37.811082400Z 4)1:regionNorth West                                                          
2021-04-28T21:36:37.811109700Z ns(tstop, df =                           0.158         0.385     0.411   0.681
2021-04-28T21:36:37.811117100Z 4)2:regionNorth West                                                          
2021-04-28T21:36:37.811124000Z ns(tstop, df =                           0.764         0.846     0.902   0.367
2021-04-28T21:36:37.811131000Z 4)3:regionNorth West                                                          
2021-04-28T21:36:37.811138000Z ns(tstop, df =                           0.585         0.322     1.815   0.069
2021-04-28T21:36:37.811145000Z 4)4:regionNorth West                                                          
2021-04-28T21:36:37.811151900Z ns(tstop, df =                          -0.984         0.901    -1.092   0.275
2021-04-28T21:36:37.811166000Z 4)1:regionSouth East                                                          
2021-04-28T21:36:37.811195200Z ns(tstop, df =                          -0.712         0.823    -0.865   0.387
2021-04-28T21:36:37.811202700Z 4)2:regionSouth East                                                          
2021-04-28T21:36:37.811209700Z ns(tstop, df =                          -0.337         1.579    -0.214   0.831
2021-04-28T21:36:37.811216700Z 4)3:regionSouth East                                                          
2021-04-28T21:36:37.811223700Z ns(tstop, df =                           0.344         0.643     0.535   0.592
2021-04-28T21:36:37.811231500Z 4)4:regionSouth East                                                          
2021-04-28T21:36:37.811238800Z ns(tstop, df =                           0.922         0.776     1.188   0.235
2021-04-28T21:36:37.811245900Z 4)1:regionSouth West                                                          
2021-04-28T21:36:37.811271200Z ns(tstop, df =                           0.606         0.743     0.816   0.414
2021-04-28T21:36:37.811280800Z 4)2:regionSouth West                                                          
2021-04-28T21:36:37.811287900Z ns(tstop, df =                           1.435         1.719     0.835   0.404
2021-04-28T21:36:37.811294900Z 4)3:regionSouth West                                                          
2021-04-28T21:36:37.811301800Z ns(tstop, df =                           0.186         0.655     0.284   0.776
2021-04-28T21:36:37.811308900Z 4)4:regionSouth West                                                          
2021-04-28T21:36:37.811315800Z ns(tstop, df =                      -32992.440    551598.059    -0.060   0.952
2021-04-28T21:36:37.811322800Z 4)1:regionWest Midlands                                                       
2021-04-28T21:36:37.811329800Z ns(tstop, df =                        5402.111    309768.642     0.017   0.986
2021-04-28T21:36:37.811352200Z 4)2:regionWest Midlands                                                       
2021-04-28T21:36:37.811361600Z ns(tstop, df =                       30901.176   1266747.971     0.024   0.981
2021-04-28T21:36:37.811368700Z 4)3:regionWest Midlands                                                       
2021-04-28T21:36:37.811375500Z ns(tstop, df =                       -1292.268     70680.779    -0.018   0.985
2021-04-28T21:36:37.811382400Z 4)4:regionWest Midlands                                                       
2021-04-28T21:36:37.811389300Z ns(tstop, df =                           0.200         0.273     0.731   0.465
2021-04-28T21:36:37.811421200Z 4)1:regionYorkshire and The                                                   
2021-04-28T21:36:37.811433100Z Humber                                                                        
2021-04-28T21:36:37.811440300Z ns(tstop, df =                          -0.050         0.266    -0.189   0.850
2021-04-28T21:36:37.811447000Z 4)2:regionYorkshire and The                                                   
2021-04-28T21:36:37.811460800Z Humber                                                                        
2021-04-28T21:36:37.811468400Z ns(tstop, df =                          -0.133         0.562    -0.236   0.813
2021-04-28T21:36:37.811475300Z 4)3:regionYorkshire and The                                                   
2021-04-28T21:36:37.811482100Z Humber                                                                        
2021-04-28T21:36:37.811510400Z ns(tstop, df =                           0.089         0.242     0.367   0.713
2021-04-28T21:36:37.811519200Z 4)4:regionYorkshire and The                                                   
2021-04-28T21:36:37.811526300Z Humber                                                                        
2021-04-28T21:36:37.811533100Z ------------------------------------------------------------------------------
2021-04-28T21:36:37.811540200Z msmmod3_par data size = 15246173 
2021-04-28T21:37:10.110546600Z memory usage = 9.278 GB 
2021-04-28T21:40:17.496264600Z   
2021-04-28T21:40:17.496353300Z msmmod4 
2021-04-28T22:37:58.256032700Z MODEL INFO:
2021-04-28T22:37:58.257395200Z Observations: 15246173
2021-04-28T22:37:58.257410300Z Dependent Variable: 
2021-04-28T22:37:58.257418400Z Type: Generalized linear model
2021-04-28T22:37:58.257426000Z   Family: binomial 
2021-04-28T22:37:58.257434000Z   Link function: logit 
2021-04-28T22:37:58.257441400Z 
2021-04-28T22:37:58.257971500Z MODEL FIT:
2021-04-28T22:37:58.257986600Z <U+03C7><U+00B2>(89) = 2523.198, p = 0.000
2021-04-28T22:37:58.257996200Z Pseudo-R<U+00B2> (Cragg-Uhler) = 
2021-04-28T22:37:58.258004100Z Pseudo-R<U+00B2> (McFadden) = 0.056
2021-04-28T22:37:58.258011800Z AIC = 43192.042, BIC = 44500.627 
2021-04-28T22:37:58.258019400Z 
2021-04-28T22:37:58.258186000Z Standard errors: MLE
2021-04-28T22:37:58.526749800Z ----------------------------------------------------------------------------
2021-04-28T22:37:58.526872900Z                                           Est.        S.E.    z val.       p
2021-04-28T22:37:58.526885400Z --------------------------------- ------------ ----------- --------- -------
2021-04-28T22:37:58.526893800Z (Intercept)                            -29.955       6.108    -4.904   0.000
2021-04-28T22:37:58.526901700Z timesincevax_pw(0,3]                    -1.646       0.183    -9.013   0.000
2021-04-28T22:37:58.526909200Z timesincevax_pw(3,7]                    -1.249       0.126    -9.871   0.000
2021-04-28T22:37:58.526917000Z timesincevax_pw(7,14]                   -1.352       0.099   -13.684   0.000
2021-04-28T22:37:58.526924600Z timesincevax_pw(14,21]                  -1.277       0.093   -13.789   0.000
2021-04-28T22:37:58.526932500Z timesincevax_pw(21,28]                  -1.636       0.104   -15.676   0.000
2021-04-28T22:37:58.527051900Z timesincevax_pw(28, Inf]                -1.861       0.083   -22.327   0.000
2021-04-28T22:37:58.527062500Z poly(age, degree = 2, raw =              0.351       0.138     2.537   0.011
2021-04-28T22:37:58.527069800Z TRUE)1                                                                      
2021-04-28T22:37:58.527076800Z poly(age, degree = 2, raw =             -0.001       0.001    -1.657   0.098
2021-04-28T22:37:58.527083900Z TRUE)2                                                                      
2021-04-28T22:37:58.527090900Z sexMale                                  0.302       0.043     7.038   0.000
2021-04-28T22:37:58.527098000Z imd2                                    -0.162       0.066    -2.454   0.014
2021-04-28T22:37:58.527105000Z imd3                                    -0.234       0.066    -3.538   0.000
2021-04-28T22:37:58.527130600Z imd4                                    -0.239       0.066    -3.598   0.000
2021-04-28T22:37:58.527138700Z imd5 least deprived                     -0.184       0.067    -2.741   0.006
2021-04-28T22:37:58.527145800Z ethnicityBlack                          -1.305       0.447    -2.919   0.004
2021-04-28T22:37:58.527152800Z ethnicitySouth Asian                    -0.431       0.145    -2.981   0.003
2021-04-28T22:37:58.527159900Z ethnicityMixed                          -0.406       0.480    -0.846   0.398
2021-04-28T22:37:58.527227800Z ethnicityOther                          -0.937       0.480    -1.955   0.051
2021-04-28T22:37:58.527235900Z bmiObese I (30-34.9)                    -0.243       0.070    -3.481   0.000
2021-04-28T22:37:58.527244200Z bmiObese II (35-39.9)                   -0.116       0.146    -0.797   0.425
2021-04-28T22:37:58.527251300Z bmiObese III (40+)                       0.006       0.213     0.029   0.977
2021-04-28T22:37:58.527260200Z chronic_cardiac_disease                  0.151       0.137     1.098   0.272
2021-04-28T22:37:58.527267500Z heart_failure                            0.412       0.074     5.578   0.000
2021-04-28T22:37:58.527274300Z other_heart_disease                     -0.142       0.088    -1.620   0.105
2021-04-28T22:37:58.527301500Z dialysis                                 0.975       0.285     3.425   0.001
2021-04-28T22:37:58.527310400Z diabetes                                 0.045       0.102     0.437   0.662
2021-04-28T22:37:58.527317500Z chronic_liver_disease                    0.400       0.224     1.785   0.074
2021-04-28T22:37:58.527324400Z current_copd                             0.123       0.096     1.285   0.199
2021-04-28T22:37:58.527331600Z other_resp_conditions                    0.124       0.088     1.422   0.155
2021-04-28T22:37:58.527457100Z lung_cancer                              1.007       0.162     6.232   0.000
2021-04-28T22:37:58.527464600Z haematological_cancer                    0.322       0.138     2.337   0.019
2021-04-28T22:37:58.527502300Z cancer_excl_lung_and_haem                0.247       0.097     2.539   0.011
2021-04-28T22:37:58.527527700Z chemo_or_radio                          -0.044       0.112    -0.393   0.694
2021-04-28T22:37:58.527535900Z permanant_immunosuppression              0.078       0.639     0.123   0.902
2021-04-28T22:37:58.527543000Z asplenia                                 0.267       0.329     0.812   0.417
2021-04-28T22:37:58.527549900Z dmards                                   0.167       0.136     1.227   0.220
2021-04-28T22:37:58.527557000Z dementia                                 0.568       0.102     5.563   0.000
2021-04-28T22:37:58.527563800Z other_neuro_conditions                   0.536       0.122     4.392   0.000
2021-04-28T22:37:58.527592700Z LD_incl_DS_and_CP                       -0.048       0.726    -0.067   0.947
2021-04-28T22:37:58.527601400Z psychosis_schiz_bipolar                  0.427       0.203     2.106   0.035
2021-04-28T22:37:58.527608500Z multimorb1                               0.206       0.110     1.869   0.062
2021-04-28T22:37:58.527615600Z multimorb2                               0.386       0.191     2.015   0.044
2021-04-28T22:37:58.527622500Z multimorb3                               0.404       0.281     1.438   0.150
2021-04-28T22:37:58.527629500Z multimorb4+                              0.420       0.388     1.083   0.279
2021-04-28T22:37:58.527637500Z shielded                                 0.407       0.054     7.535   0.000
2021-04-28T22:37:58.527644600Z flu_vaccine                             -0.065       0.064    -1.007   0.314
2021-04-28T22:37:58.527661000Z ns(tstop, df = 4)1                       0.539       0.182     2.953   0.003
2021-04-28T22:37:58.527679100Z ns(tstop, df = 4)2                       1.282       0.185     6.924   0.000
2021-04-28T22:37:58.527687900Z ns(tstop, df = 4)3                       1.890       0.379     4.991   0.000
2021-04-28T22:37:58.527695400Z ns(tstop, df = 4)4                       1.768       0.171    10.365   0.000
2021-04-28T22:37:58.527702500Z regionEast Midlands                      0.091       0.237     0.382   0.702
2021-04-28T22:37:58.527709400Z regionLondon                            -0.945       1.739    -0.544   0.587
2021-04-28T22:37:58.527716500Z regionNorth East                         0.177       0.321     0.551   0.582
2021-04-28T22:37:58.527723500Z regionNorth West                        -0.383       0.342    -1.120   0.263
2021-04-28T22:37:58.527730600Z regionSouth East                         0.470       0.592     0.793   0.428
2021-04-28T22:37:58.527755800Z regionSouth West                        -0.796       0.721    -1.104   0.270
2021-04-28T22:37:58.527765100Z regionWest Midlands                 -12018.173   36290.839    -0.331   0.741
2021-04-28T22:37:58.527772100Z regionYorkshire and The                  0.009       0.222     0.040   0.968
2021-04-28T22:37:58.527779100Z Humber                                                                      
2021-04-28T22:37:58.527786000Z ns(tstop, df =                          -0.122       0.297    -0.409   0.682
2021-04-28T22:37:58.527801800Z 4)1:regionEast Midlands                                                     
2021-04-28T22:37:58.527809700Z ns(tstop, df =                           0.136       0.286     0.475   0.635
2021-04-28T22:37:58.527816700Z 4)2:regionEast Midlands                                                     
2021-04-28T22:37:58.527845000Z ns(tstop, df =                          -0.646       0.607    -1.065   0.287
2021-04-28T22:37:58.527852500Z 4)3:regionEast Midlands                                                     
2021-04-28T22:37:58.527859500Z ns(tstop, df =                           0.175       0.265     0.660   0.509
2021-04-28T22:37:58.527866700Z 4)4:regionEast Midlands                                                     
2021-04-28T22:37:58.527873700Z ns(tstop, df =                           0.059       2.063     0.029   0.977
2021-04-28T22:37:58.527880700Z 4)1:regionLondon                                                            
2021-04-28T22:37:58.527887700Z ns(tstop, df =                           0.305       1.834     0.166   0.868
2021-04-28T22:37:58.527894800Z 4)2:regionLondon                                                            
2021-04-28T22:37:58.527918100Z ns(tstop, df =                           2.059       4.232     0.487   0.627
2021-04-28T22:37:58.527928500Z 4)3:regionLondon                                                            
2021-04-28T22:37:58.527935700Z ns(tstop, df =                           0.673       1.331     0.506   0.613
2021-04-28T22:37:58.527944500Z 4)4:regionLondon                                                            
2021-04-28T22:37:58.527951600Z ns(tstop, df =                           0.119       0.403     0.294   0.769
2021-04-28T22:37:58.527958600Z 4)1:regionNorth East                                                        
2021-04-28T22:37:58.527965500Z ns(tstop, df =                           0.294       0.385     0.763   0.445
2021-04-28T22:37:58.527972500Z 4)2:regionNorth East                                                        
2021-04-28T22:37:58.527979500Z ns(tstop, df =                          -0.576       0.823    -0.700   0.484
2021-04-28T22:37:58.528005400Z 4)3:regionNorth East                                                        
2021-04-28T22:37:58.528014300Z ns(tstop, df =                           0.081       0.369     0.220   0.826
2021-04-28T22:37:58.528021500Z 4)4:regionNorth East                                                        
2021-04-28T22:37:58.528028400Z ns(tstop, df =                           0.471       0.404     1.164   0.245
2021-04-28T22:37:58.528035400Z 4)1:regionNorth West                                                        
2021-04-28T22:37:58.528042400Z ns(tstop, df =                           0.221       0.388     0.568   0.570
2021-04-28T22:37:58.528049400Z 4)2:regionNorth West                                                        
2021-04-28T22:37:58.528056300Z ns(tstop, df =                           0.822       0.849     0.968   0.333
2021-04-28T22:37:58.528063400Z 4)3:regionNorth West                                                        
2021-04-28T22:37:58.528096400Z ns(tstop, df =                           0.514       0.324     1.586   0.113
2021-04-28T22:37:58.528105600Z 4)4:regionNorth West                                                        
2021-04-28T22:37:58.528112600Z ns(tstop, df =                          -1.059       0.902    -1.173   0.241
2021-04-28T22:37:58.528119500Z 4)1:regionSouth East                                                        
2021-04-28T22:37:58.528126300Z ns(tstop, df =                          -0.470       0.805    -0.584   0.559
2021-04-28T22:37:58.528133300Z 4)2:regionSouth East                                                        
2021-04-28T22:37:58.528140100Z ns(tstop, df =                          -0.202       1.577    -0.128   0.898
2021-04-28T22:37:58.528147100Z 4)3:regionSouth East                                                        
2021-04-28T22:37:58.528203700Z ns(tstop, df =                           0.386       0.632     0.611   0.541
2021-04-28T22:37:58.528212300Z 4)4:regionSouth East                                                        
2021-04-28T22:37:58.528219200Z ns(tstop, df =                           0.870       0.783     1.110   0.267
2021-04-28T22:37:58.528226200Z 4)1:regionSouth West                                                        
2021-04-28T22:37:58.528233800Z ns(tstop, df =                           0.688       0.758     0.908   0.364
2021-04-28T22:37:58.528241000Z 4)2:regionSouth West                                                        
2021-04-28T22:37:58.528247900Z ns(tstop, df =                           1.424       1.729     0.823   0.410
2021-04-28T22:37:58.528278700Z 4)3:regionSouth West                                                        
2021-04-28T22:37:58.528288300Z ns(tstop, df =                           0.041       0.679     0.060   0.952
2021-04-28T22:37:58.528295500Z 4)4:regionSouth West                                                        
2021-04-28T22:37:58.528302400Z ns(tstop, df =                      -33412.131   65266.680    -0.512   0.609
2021-04-28T22:37:58.528309500Z 4)1:regionWest Midlands                                                     
2021-04-28T22:37:58.528316300Z ns(tstop, df =                        5636.049   20009.330     0.282   0.778
2021-04-28T22:37:58.528323300Z 4)2:regionWest Midlands                                                     
2021-04-28T22:37:58.528330100Z ns(tstop, df =                       32030.415   86630.190     0.370   0.712
2021-04-28T22:37:58.528337200Z 4)3:regionWest Midlands                                                     
2021-04-28T22:37:58.528362100Z ns(tstop, df =                       -1288.481    5652.818    -0.228   0.820
2021-04-28T22:37:58.528371100Z 4)4:regionWest Midlands                                                     
2021-04-28T22:37:58.528378100Z ns(tstop, df =                           0.164       0.275     0.595   0.552
2021-04-28T22:37:58.528385200Z 4)1:regionYorkshire and The                                                 
2021-04-28T22:37:58.528401200Z Humber                                                                      
2021-04-28T22:37:58.528408900Z ns(tstop, df =                           0.012       0.269     0.044   0.965
2021-04-28T22:37:58.528415700Z 4)2:regionYorkshire and The                                                 
2021-04-28T22:37:58.528422700Z Humber                                                                      
2021-04-28T22:37:58.528456500Z ns(tstop, df =                          -0.095       0.563    -0.168   0.867
2021-04-28T22:37:58.528463900Z 4)3:regionYorkshire and The                                                 
2021-04-28T22:37:58.528470800Z Humber                                                                      
2021-04-28T22:37:58.528477700Z ns(tstop, df =                           0.092       0.241     0.382   0.702
2021-04-28T22:37:58.528484600Z 4)4:regionYorkshire and The                                                 
2021-04-28T22:37:58.528491600Z Humber                                                                      
2021-04-28T22:37:58.528499600Z ----------------------------------------------------------------------------
2021-04-28T22:37:58.528507000Z msmmod4_par data size = 15246173 
2021-04-28T22:38:29.543797200Z memory usage = 9.278 GB 
2021-04-28T22:41:49.059526200Z NULL
2021-04-28T22:41:49.059745200Z   
2021-04-28T22:42:04.948537700Z Warning messages:
2021-04-28T22:42:04.948628800Z 1: parglm.fit: algorithm did not converge 
2021-04-28T22:42:04.948638300Z 2: parglm.fit: algorithm did not converge 
2021-04-28T22:42:04.948646000Z 3: Removed 9671 rows containing non-finite values (stat_bin). 
2021-04-28T22:42:04.948653800Z 4: parglm.fit: algorithm did not converge 
2021-04-28T22:42:04.948661200Z 5: parglm.fit: algorithm did not converge 
2021-04-28T22:42:04.948682900Z              used    (Mb) gc trigger    (Mb)   max used    (Mb)
2021-04-28T22:42:04.948693000Z Ncells    2340026   125.0   23151834  1236.5    2340026   125.0
2021-04-28T22:42:04.948700600Z Vcells 2527264887 19281.6 6674883666 50925.4 2527264887 19281.6


state: succeeded
commit: d63ac7b7e4fc85ba424510244fdccdf533016b04
docker_image_id: sha256:c2fc5042bf86134947d83ad8e70bd926e2c1f91a263c6bfe87438ad783bec981
exit_code: 0
job_id: mxoortgmi4g5fiaw
run_by_user: wjchulme
created_at: 2021-04-27T20:50:46Z
started_at: 2021-04-28T16:54:04Z
completed_at: 2021-04-28T22:42:23Z

Completed successfully

outputs:
  output/over80s/noncoviddeath/any/all/all/data_atrisk_death.rds      - highly_sensitive    
  output/over80s/noncoviddeath/any/all/all/data_atrisk_vaxany1.rds    - highly_sensitive    
  output/over80s/noncoviddeath/any/all/all/data_weights.rds           - highly_sensitive    
  output/over80s/noncoviddeath/any/all/all/model0.rds                 - highly_sensitive    
  output/over80s/noncoviddeath/any/all/all/model1.rds                 - highly_sensitive    
  output/over80s/noncoviddeath/any/all/all/model2.rds                 - highly_sensitive    
  output/over80s/noncoviddeath/any/all/all/model3.rds                 - highly_sensitive    
  output/over80s/noncoviddeath/any/all/all/model4.rds                 - highly_sensitive    
  output/over80s/noncoviddeath/any/all/all/model_death.rds            - highly_sensitive    
  output/over80s/noncoviddeath/any/all/all/model_formula_death.rds    - highly_sensitive    
  output/over80s/noncoviddeath/any/all/all/model_formula_vaxany1.rds  - highly_sensitive    
  output/over80s/noncoviddeath/any/all/all/model_vaxany1.rds          - highly_sensitive    
  output/over80s/noncoviddeath/any/all/all/weights_histogram.svg      - moderately_sensitive
  output/over80s/noncoviddeath/any/all/all/weights_table.txt          - moderately_sensitive