2021-03-20T07:50:41.612262800Z -- Attaching packages --------------------------------------- tidyverse 1.3.0 --
2021-03-20T07:50:41.620810600Z v ggplot2 3.3.2     v purrr   0.3.4
2021-03-20T07:50:41.620836000Z v tibble  3.0.3     v dplyr   1.0.2
2021-03-20T07:50:41.620844900Z v tidyr   1.1.2     v stringr 1.4.0
2021-03-20T07:50:41.620852000Z v readr   1.3.1     v forcats 0.5.0
2021-03-20T07:50:41.779063800Z -- Conflicts ------------------------------------------ tidyverse_conflicts() --
2021-03-20T07:50:41.779130700Z x dplyr::filter() masks stats::filter()
2021-03-20T07:50:41.779139600Z x dplyr::lag()    masks stats::lag()
2021-03-20T07:50:43.772479900Z 
2021-03-20T07:50:43.772542200Z Attaching package: 'lubridate'
2021-03-20T07:50:43.772551600Z 
2021-03-20T07:50:43.773770800Z The following objects are masked from 'package:base':
2021-03-20T07:50:43.773793200Z 
2021-03-20T07:50:43.773802600Z     date, intersect, setdiff, union
2021-03-20T07:50:43.773810600Z 
2021-03-20T07:50:44.091513100Z <environment: R_GlobalEnv>
2021-03-20T07:50:44.091942500Z <environment: R_GlobalEnv>
2021-03-20T07:51:17.936823400Z data_pt data size = 8390110 
2021-03-20T07:51:17.937953800Z   memory usage = 2.517 GB 
2021-03-20T07:51:19.212438900Z     
2021-03-20T07:51:19.212504600Z all   
2021-03-20T07:51:19.212514400Z   
2021-03-20T07:51:28.917683300Z   
2021-03-20T07:51:28.917736600Z ipwvaxany1 
2021-03-20T08:01:34.767928700Z MODEL INFO:
2021-03-20T08:01:34.767978300Z Observations: 6878262
2021-03-20T08:01:34.767988100Z Dependent Variable: 
2021-03-20T08:01:34.768060400Z Type: Generalized linear model
2021-03-20T08:01:34.768084600Z   Family: binomial 
2021-03-20T08:01:34.768093700Z   Link function: logit 
2021-03-20T08:01:34.768101600Z 
2021-03-20T08:01:34.770077400Z MODEL FIT:
2021-03-20T08:01:34.770093800Z <U+03C7><U+00B2>(84) = 194000.748, p = 0.000
2021-03-20T08:01:34.770102800Z Pseudo-R<U+00B2> (Cragg-Uhler) = 
2021-03-20T08:01:34.770110600Z Pseudo-R<U+00B2> (McFadden) = 0.122
2021-03-20T08:01:34.770118100Z AIC = 1400689.133, BIC = 1401857.362 
2021-03-20T08:01:34.770125600Z 
2021-03-20T08:01:34.770536800Z Standard errors: MLE
2021-03-20T08:01:35.100783400Z ---------------------------------------------------------------------------
2021-03-20T08:01:35.100805400Z                                              Est.    S.E.    z val.       p
2021-03-20T08:01:35.100814500Z --------------------------------------- --------- ------- --------- -------
2021-03-20T08:01:35.100822400Z (Intercept)                               -17.168   0.900   -19.069   0.000
2021-03-20T08:01:35.100851800Z age                                         0.226   0.021    10.872   0.000
2021-03-20T08:01:35.100859800Z I(age  age)                                -0.001   0.000   -12.038   0.000
2021-03-20T08:01:35.100866900Z sexMale                                     0.089   0.005    17.290   0.000
2021-03-20T08:01:35.100878200Z imd2                                        0.117   0.009    12.405   0.000
2021-03-20T08:01:35.100886100Z imd3                                        0.177   0.009    19.561   0.000
2021-03-20T08:01:35.100893100Z imd4                                        0.227   0.009    25.197   0.000
2021-03-20T08:01:35.100900100Z imd5 least deprived                         0.281   0.009    31.164   0.000
2021-03-20T08:01:35.100906900Z ethnicityMixed                              0.284   0.059     4.843   0.000
2021-03-20T08:01:35.100913900Z ethnicitySouth Asian                        0.302   0.033     9.270   0.000
2021-03-20T08:01:35.100920700Z ethnicityWhite                              0.762   0.029    26.591   0.000
2021-03-20T08:01:35.100927700Z ethnicityOther                              0.260   0.045     5.833   0.000
2021-03-20T08:01:35.100934500Z chronic_cardiac_diseaseTRUE                -0.036   0.006    -6.510   0.000
2021-03-20T08:01:35.100941500Z current_copdTRUE                           -0.045   0.008    -5.427   0.000
2021-03-20T08:01:35.100948300Z dementiaTRUE                               -0.240   0.009   -25.595   0.000
2021-03-20T08:01:35.100955300Z dialysisTRUE                               -0.180   0.059    -3.024   0.002
2021-03-20T08:01:35.100962100Z diabetesTRUE                               -0.031   0.006    -5.368   0.000
2021-03-20T08:01:35.100969000Z solid_organ_transplantationTRUE             0.205   0.100     2.048   0.041
2021-03-20T08:01:35.100975900Z chemo_or_radioTRUE                         -0.006   0.014    -0.440   0.660
2021-03-20T08:01:35.100982900Z permanant_immunosuppressionTRUE            -0.057   0.085    -0.670   0.503
2021-03-20T08:01:35.100989800Z aspleniaTRUE                               -0.045   0.052    -0.853   0.394
2021-03-20T08:01:35.100996900Z dmardsTRUE                                  0.016   0.014     1.140   0.254
2021-03-20T08:01:35.101003700Z intel_dis_incl_downs_syndromeTRUE          -0.421   0.067    -6.291   0.000
2021-03-20T08:01:35.101011600Z psychosis_schiz_bipolarTRUE                -0.314   0.030   -10.433   0.000
2021-03-20T08:01:35.101018900Z lung_cancerTRUE                            -0.127   0.031    -4.162   0.000
2021-03-20T08:01:35.101026100Z cancer_excl_lung_and_haemTRUE               0.026   0.007     3.957   0.000
2021-03-20T08:01:35.101032900Z haematological_cancerTRUE                   0.016   0.018     0.863   0.388
2021-03-20T08:01:35.101039900Z flu_vaccineTRUE                             0.828   0.009    87.698   0.000
2021-03-20T08:01:35.101046800Z ns(tstop, df = 4)1                         -0.604   0.045   -13.358   0.000
2021-03-20T08:01:35.101062400Z ns(tstop, df = 4)2                          5.672   0.036   156.561   0.000
2021-03-20T08:01:35.101070000Z ns(tstop, df = 4)3                          7.435   0.098    76.221   0.000
2021-03-20T08:01:35.101077100Z ns(tstop, df = 4)4                         -1.759   0.057   -30.892   0.000
2021-03-20T08:01:35.101084000Z regionEast Midlands                        -1.806   0.107   -16.879   0.000
2021-03-20T08:01:35.101091000Z regionLondon                               -1.876   0.219    -8.572   0.000
2021-03-20T08:01:35.101097800Z regionNorth East                           -1.706   0.165   -10.315   0.000
2021-03-20T08:01:35.101104700Z regionNorth West                           -1.729   0.116   -14.929   0.000
2021-03-20T08:01:35.101111500Z regionSouth East                           -2.242   0.138   -16.260   0.000
2021-03-20T08:01:35.101118500Z regionSouth West                           -1.821   0.090   -20.193   0.000
2021-03-20T08:01:35.101125300Z regionWest Midlands                        -2.591   0.185   -14.039   0.000
2021-03-20T08:01:35.101153700Z regionYorkshire and The                    -2.450   0.104   -23.589   0.000
2021-03-20T08:01:35.101167600Z Humber                                                                     
2021-03-20T08:01:35.101175300Z hospital_status                             0.143   0.006    25.789   0.000
2021-03-20T08:01:35.101182100Z timesince_probable_covid_pw[1,             -3.318   0.501    -6.626   0.000
2021-03-20T08:01:35.101189200Z 3)                                                                         
2021-03-20T08:01:35.101196200Z timesince_probable_covid_pw[3,             -2.512   0.237   -10.617   0.000
2021-03-20T08:01:35.101205300Z 7)                                                                         
2021-03-20T08:01:35.101212400Z timesince_probable_covid_pw[7,             -2.275   0.163   -13.953   0.000
2021-03-20T08:01:35.101219500Z 14)                                                                        
2021-03-20T08:01:35.101226300Z timesince_probable_covid_pw[14,            -1.831   0.140   -13.100   0.000
2021-03-20T08:01:35.101233500Z 21)                                                                        
2021-03-20T08:01:35.101241200Z timesince_probable_covid_pw[21,            -1.086   0.112    -9.739   0.000
2021-03-20T08:01:35.101248600Z 28)                                                                        
2021-03-20T08:01:35.101255600Z timesince_probable_covid_pw[28,            -0.081   0.060    -1.337   0.181
2021-03-20T08:01:35.101262600Z Inf)                                                                       
2021-03-20T08:01:35.101269600Z timesince_suspected_covid_pw[1,             0.579   0.086     6.728   0.000
2021-03-20T08:01:35.101276500Z 3)                                                                         
2021-03-20T08:01:35.101283500Z timesince_suspected_covid_pw[3,             0.504   0.070     7.209   0.000
2021-03-20T08:01:35.101290500Z 7)                                                                         
2021-03-20T08:01:35.101307200Z timesince_suspected_covid_pw[7,             0.024   0.078     0.306   0.760
2021-03-20T08:01:35.101315300Z 14)                                                                        
2021-03-20T08:01:35.101322400Z timesince_suspected_covid_pw[14,            0.041   0.091     0.450   0.653
2021-03-20T08:01:35.101329500Z 21)                                                                        
2021-03-20T08:01:35.101336500Z timesince_suspected_covid_pw[21,           -0.045   0.096    -0.474   0.635
2021-03-20T08:01:35.101343500Z 28)                                                                        
2021-03-20T08:01:35.101351100Z timesince_suspected_covid_pw[28,            0.034   0.060     0.568   0.570
2021-03-20T08:01:35.101358200Z Inf)                                                                       
2021-03-20T08:01:35.101365200Z ns(tstop, df =                              3.195   0.105    30.543   0.000
2021-03-20T08:01:35.101372200Z 4)1:regionEast Midlands                                                    
2021-03-20T08:01:35.101379000Z ns(tstop, df =                              0.683   0.072     9.479   0.000
2021-03-20T08:01:35.101386200Z 4)2:regionEast Midlands                                                    
2021-03-20T08:01:35.101393200Z ns(tstop, df =                              2.467   0.228    10.843   0.000
2021-03-20T08:01:35.101400300Z 4)3:regionEast Midlands                                                    
2021-03-20T08:01:35.101407300Z ns(tstop, df =                              2.411   0.088    27.405   0.000
2021-03-20T08:01:35.101414500Z 4)4:regionEast Midlands                                                    
2021-03-20T08:01:35.101421400Z ns(tstop, df =                              3.270   0.210    15.548   0.000
2021-03-20T08:01:35.101428200Z 4)1:regionLondon                                                           
2021-03-20T08:01:35.101435700Z ns(tstop, df =                              0.734   0.144     5.082   0.000
2021-03-20T08:01:35.101444000Z 4)2:regionLondon                                                           
2021-03-20T08:01:35.101451400Z ns(tstop, df =                              2.289   0.461     4.967   0.000
2021-03-20T08:01:35.101458400Z 4)3:regionLondon                                                           
2021-03-20T08:01:35.101465200Z ns(tstop, df =                              0.558   0.167     3.351   0.001
2021-03-20T08:01:35.101472200Z 4)4:regionLondon                                                           
2021-03-20T08:01:35.101479200Z ns(tstop, df =                              3.500   0.159    22.068   0.000
2021-03-20T08:01:35.101486200Z 4)1:regionNorth East                                                       
2021-03-20T08:01:35.101493200Z ns(tstop, df =                              0.375   0.116     3.233   0.001
2021-03-20T08:01:35.101500100Z 4)2:regionNorth East                                                       
2021-03-20T08:01:35.101521500Z ns(tstop, df =                              2.736   0.349     7.832   0.000
2021-03-20T08:01:35.101529600Z 4)3:regionNorth East                                                       
2021-03-20T08:01:35.101536500Z ns(tstop, df =                              1.355   0.154     8.789   0.000
2021-03-20T08:01:35.101543500Z 4)4:regionNorth East                                                       
2021-03-20T08:01:35.101550400Z ns(tstop, df =                              3.197   0.111    28.711   0.000
2021-03-20T08:01:35.101557200Z 4)1:regionNorth West                                                       
2021-03-20T08:01:35.101564200Z ns(tstop, df =                              0.743   0.085     8.721   0.000
2021-03-20T08:01:35.101571100Z 4)2:regionNorth West                                                       
2021-03-20T08:01:35.101578100Z ns(tstop, df =                              3.140   0.248    12.684   0.000
2021-03-20T08:01:35.101585000Z 4)3:regionNorth West                                                       
2021-03-20T08:01:35.101592300Z ns(tstop, df =                              0.887   0.125     7.114   0.000
2021-03-20T08:01:35.101599500Z 4)4:regionNorth West                                                       
2021-03-20T08:01:35.101606600Z ns(tstop, df =                              2.846   0.132    21.560   0.000
2021-03-20T08:01:35.101613700Z 4)1:regionSouth East                                                       
2021-03-20T08:01:35.101620500Z ns(tstop, df =                              0.933   0.097     9.649   0.000
2021-03-20T08:01:35.101627600Z 4)2:regionSouth East                                                       
2021-03-20T08:01:35.101634600Z ns(tstop, df =                              4.282   0.294    14.586   0.000
2021-03-20T08:01:35.101641600Z 4)3:regionSouth East                                                       
2021-03-20T08:01:35.101649100Z ns(tstop, df =                              1.083   0.122     8.853   0.000
2021-03-20T08:01:35.101656300Z 4)4:regionSouth East                                                       
2021-03-20T08:01:35.101663300Z ns(tstop, df =                              2.623   0.088    29.859   0.000
2021-03-20T08:01:35.101670200Z 4)1:regionSouth West                                                       
2021-03-20T08:01:35.101677200Z ns(tstop, df =                              0.776   0.066    11.750   0.000
2021-03-20T08:01:35.101684300Z 4)2:regionSouth West                                                       
2021-03-20T08:01:35.101691200Z ns(tstop, df =                              3.497   0.194    17.985   0.000
2021-03-20T08:01:35.101698200Z 4)3:regionSouth West                                                       
2021-03-20T08:01:35.101705300Z ns(tstop, df =                              1.256   0.092    13.646   0.000
2021-03-20T08:01:35.101712100Z 4)4:regionSouth West                                                       
2021-03-20T08:01:35.101719000Z ns(tstop, df =                              3.211   0.173    18.545   0.000
2021-03-20T08:01:35.101733300Z 4)1:regionWest Midlands                                                    
2021-03-20T08:01:35.101741100Z ns(tstop, df =                              1.067   0.134     7.960   0.000
2021-03-20T08:01:35.101748100Z 4)2:regionWest Midlands                                                    
2021-03-20T08:01:35.101754900Z ns(tstop, df =                              5.403   0.392    13.796   0.000
2021-03-20T08:01:35.101761900Z 4)3:regionWest Midlands                                                    
2021-03-20T08:01:35.101768900Z ns(tstop, df =                              0.071   0.165     0.431   0.667
2021-03-20T08:01:35.101775900Z 4)4:regionWest Midlands                                                    
2021-03-20T08:01:35.101782800Z ns(tstop, df =                              3.498   0.099    35.281   0.000
2021-03-20T08:01:35.101789900Z 4)1:regionYorkshire and The                                                
2021-03-20T08:01:35.101796800Z Humber                                                                     
2021-03-20T08:01:35.101803800Z ns(tstop, df =                              0.826   0.076    10.809   0.000
2021-03-20T08:01:35.101811000Z 4)2:regionYorkshire and The                                                
2021-03-20T08:01:35.101818300Z Humber                                                                     
2021-03-20T08:01:35.101825400Z ns(tstop, df =                              5.147   0.222    23.206   0.000
2021-03-20T08:01:35.101832400Z 4)3:regionYorkshire and The                                                
2021-03-20T08:01:35.101839600Z Humber                                                                     
2021-03-20T08:01:35.101847500Z ns(tstop, df =                              1.022   0.102     9.992   0.000
2021-03-20T08:01:35.101854500Z 4)4:regionYorkshire and The                                                
2021-03-20T08:01:35.101861600Z Humber                                                                     
2021-03-20T08:01:35.101868500Z ---------------------------------------------------------------------------
2021-03-20T08:01:35.101875500Z ipwvaxany1 data size = 6878262 
2021-03-20T08:01:48.224363400Z memory usage = 5.008 GB 
2021-03-20T08:01:48.224448800Z   
2021-03-20T08:01:48.224458100Z ipwvaxpany1_fxd 
2021-03-20T08:09:37.916055700Z MODEL INFO:
2021-03-20T08:09:37.916154000Z Observations: 6878262
2021-03-20T08:09:37.916163600Z Dependent Variable: 
2021-03-20T08:09:37.916171400Z Type: Generalized linear model
2021-03-20T08:09:37.916179000Z   Family: binomial 
2021-03-20T08:09:37.916186400Z   Link function: logit 
2021-03-20T08:09:37.916193900Z 
2021-03-20T08:09:37.917842200Z MODEL FIT:
2021-03-20T08:09:37.917867800Z <U+03C7><U+00B2>(71) = 191663.648, p = 0.000
2021-03-20T08:09:37.917906800Z Pseudo-R<U+00B2> (Cragg-Uhler) = 
2021-03-20T08:09:37.917915200Z Pseudo-R<U+00B2> (McFadden) = 0.120
2021-03-20T08:09:37.917922300Z AIC = 1403000.233, BIC = 1403989.792 
2021-03-20T08:09:37.917929200Z 
2021-03-20T08:09:37.918101300Z Standard errors: MLE
2021-03-20T08:09:38.128179200Z ---------------------------------------------------------------------------
2021-03-20T08:09:38.128198700Z                                              Est.    S.E.    z val.       p
2021-03-20T08:09:38.128264500Z --------------------------------------- --------- ------- --------- -------
2021-03-20T08:09:38.128277200Z (Intercept)                               -17.212   0.900   -19.120   0.000
2021-03-20T08:09:38.128284600Z age                                         0.229   0.021    11.013   0.000
2021-03-20T08:09:38.128291600Z I(age  age)                                -0.001   0.000   -12.160   0.000
2021-03-20T08:09:38.128298700Z sexMale                                     0.086   0.005    16.719   0.000
2021-03-20T08:09:38.128305600Z imd2                                        0.117   0.009    12.396   0.000
2021-03-20T08:09:38.128312600Z imd3                                        0.178   0.009    19.693   0.000
2021-03-20T08:09:38.128319500Z imd4                                        0.228   0.009    25.250   0.000
2021-03-20T08:09:38.128331200Z imd5 least deprived                         0.280   0.009    31.141   0.000
2021-03-20T08:09:38.128338300Z ethnicityMixed                              0.274   0.059     4.674   0.000
2021-03-20T08:09:38.128345200Z ethnicitySouth Asian                        0.301   0.033     9.221   0.000
2021-03-20T08:09:38.128352200Z ethnicityWhite                              0.761   0.029    26.584   0.000
2021-03-20T08:09:38.128359300Z ethnicityOther                              0.251   0.045     5.634   0.000
2021-03-20T08:09:38.128366200Z chronic_cardiac_diseaseTRUE                -0.022   0.006    -4.046   0.000
2021-03-20T08:09:38.128373200Z current_copdTRUE                           -0.037   0.008    -4.536   0.000
2021-03-20T08:09:38.128380100Z dementiaTRUE                               -0.239   0.009   -25.591   0.000
2021-03-20T08:09:38.128387200Z dialysisTRUE                               -0.181   0.059    -3.051   0.002
2021-03-20T08:09:38.128394200Z diabetesTRUE                               -0.029   0.006    -5.013   0.000
2021-03-20T08:09:38.128401100Z solid_organ_transplantationTRUE             0.204   0.100     2.040   0.041
2021-03-20T08:09:38.128407900Z chemo_or_radioTRUE                         -0.005   0.014    -0.371   0.710
2021-03-20T08:09:38.128415000Z permanant_immunosuppressionTRUE            -0.041   0.085    -0.482   0.630
2021-03-20T08:09:38.128421900Z aspleniaTRUE                               -0.041   0.052    -0.786   0.432
2021-03-20T08:09:38.128428800Z dmardsTRUE                                  0.022   0.014     1.558   0.119
2021-03-20T08:09:38.128446200Z intel_dis_incl_downs_syndromeTRUE          -0.435   0.067    -6.505   0.000
2021-03-20T08:09:38.128455500Z psychosis_schiz_bipolarTRUE                -0.314   0.030   -10.438   0.000
2021-03-20T08:09:38.128462900Z lung_cancerTRUE                            -0.114   0.031    -3.709   0.000
2021-03-20T08:09:38.128469900Z cancer_excl_lung_and_haemTRUE               0.037   0.007     5.610   0.000
2021-03-20T08:09:38.128477000Z haematological_cancerTRUE                   0.025   0.018     1.345   0.179
2021-03-20T08:09:38.128483900Z flu_vaccineTRUE                             0.833   0.009    88.393   0.000
2021-03-20T08:09:38.128491000Z ns(tstop, df = 4)1                         -0.608   0.045   -13.464   0.000
2021-03-20T08:09:38.128498000Z ns(tstop, df = 4)2                          5.658   0.036   156.117   0.000
2021-03-20T08:09:38.128505100Z ns(tstop, df = 4)3                          7.370   0.097    75.595   0.000
2021-03-20T08:09:38.128512200Z ns(tstop, df = 4)4                         -1.852   0.057   -32.497   0.000
2021-03-20T08:09:38.128519300Z regionEast Midlands                        -1.805   0.107   -16.876   0.000
2021-03-20T08:09:38.128526200Z regionLondon                               -1.867   0.218    -8.547   0.000
2021-03-20T08:09:38.128533300Z regionNorth East                           -1.705   0.165   -10.315   0.000
2021-03-20T08:09:38.128540600Z regionNorth West                           -1.729   0.116   -14.930   0.000
2021-03-20T08:09:38.128547900Z regionSouth East                           -2.237   0.138   -16.235   0.000
2021-03-20T08:09:38.128555100Z regionSouth West                           -1.818   0.090   -20.165   0.000
2021-03-20T08:09:38.128562500Z regionWest Midlands                        -2.587   0.184   -14.023   0.000
2021-03-20T08:09:38.128569400Z regionYorkshire and The                    -2.446   0.104   -23.563   0.000
2021-03-20T08:09:38.128576500Z Humber                                                                     
2021-03-20T08:09:38.128583700Z ns(tstop, df =                              3.194   0.105    30.544   0.000
2021-03-20T08:09:38.128590800Z 4)1:regionEast Midlands                                                    
2021-03-20T08:09:38.128598000Z ns(tstop, df =                              0.681   0.072     9.450   0.000
2021-03-20T08:09:38.128605100Z 4)2:regionEast Midlands                                                    
2021-03-20T08:09:38.128615800Z ns(tstop, df =                              2.469   0.227    10.856   0.000
2021-03-20T08:09:38.128622800Z 4)3:regionEast Midlands                                                    
2021-03-20T08:09:38.128630000Z ns(tstop, df =                              2.420   0.088    27.454   0.000
2021-03-20T08:09:38.128637200Z 4)4:regionEast Midlands                                                    
2021-03-20T08:09:38.128644200Z ns(tstop, df =                              3.269   0.210    15.571   0.000
2021-03-20T08:09:38.128651700Z 4)1:regionLondon                                                           
2021-03-20T08:09:38.128667200Z ns(tstop, df =                              0.708   0.144     4.909   0.000
2021-03-20T08:09:38.128675400Z 4)2:regionLondon                                                           
2021-03-20T08:09:38.128682700Z ns(tstop, df =                              2.253   0.460     4.898   0.000
2021-03-20T08:09:38.128690000Z 4)3:regionLondon                                                           
2021-03-20T08:09:38.128697000Z ns(tstop, df =                              0.555   0.167     3.320   0.001
2021-03-20T08:09:38.128704000Z 4)4:regionLondon                                                           
2021-03-20T08:09:38.128710900Z ns(tstop, df =                              3.497   0.159    22.057   0.000
2021-03-20T08:09:38.128718300Z 4)1:regionNorth East                                                       
2021-03-20T08:09:38.128725200Z ns(tstop, df =                              0.375   0.116     3.227   0.001
2021-03-20T08:09:38.128732400Z 4)2:regionNorth East                                                       
2021-03-20T08:09:38.128739300Z ns(tstop, df =                              2.748   0.349     7.869   0.000
2021-03-20T08:09:38.128746400Z 4)3:regionNorth East                                                       
2021-03-20T08:09:38.128753400Z ns(tstop, df =                              1.380   0.154     8.936   0.000
2021-03-20T08:09:38.128760400Z 4)4:regionNorth East                                                       
2021-03-20T08:09:38.128767400Z ns(tstop, df =                              3.199   0.111    28.739   0.000
2021-03-20T08:09:38.128774500Z 4)1:regionNorth West                                                       
2021-03-20T08:09:38.128781400Z ns(tstop, df =                              0.746   0.085     8.742   0.000
2021-03-20T08:09:38.128788400Z 4)2:regionNorth West                                                       
2021-03-20T08:09:38.128795400Z ns(tstop, df =                              3.137   0.247    12.674   0.000
2021-03-20T08:09:38.128802500Z 4)3:regionNorth West                                                       
2021-03-20T08:09:38.128809500Z ns(tstop, df =                              0.863   0.125     6.893   0.000
2021-03-20T08:09:38.128816700Z 4)4:regionNorth West                                                       
2021-03-20T08:09:38.128823600Z ns(tstop, df =                              2.845   0.132    21.566   0.000
2021-03-20T08:09:38.128830600Z 4)1:regionSouth East                                                       
2021-03-20T08:09:38.128837600Z ns(tstop, df =                              0.928   0.097     9.595   0.000
2021-03-20T08:09:38.128844500Z 4)2:regionSouth East                                                       
2021-03-20T08:09:38.128852400Z ns(tstop, df =                              4.265   0.293    14.538   0.000
2021-03-20T08:09:38.128859700Z 4)3:regionSouth East                                                       
2021-03-20T08:09:38.128874100Z ns(tstop, df =                              1.052   0.123     8.571   0.000
2021-03-20T08:09:38.128881900Z 4)4:regionSouth East                                                       
2021-03-20T08:09:38.128888900Z ns(tstop, df =                              2.622   0.088    29.857   0.000
2021-03-20T08:09:38.128896000Z 4)1:regionSouth West                                                       
2021-03-20T08:09:38.128933700Z ns(tstop, df =                              0.782   0.066    11.824   0.000
2021-03-20T08:09:38.128941900Z 4)2:regionSouth West                                                       
2021-03-20T08:09:38.128948900Z ns(tstop, df =                              3.503   0.194    18.019   0.000
2021-03-20T08:09:38.128956000Z 4)3:regionSouth West                                                       
2021-03-20T08:09:38.128963000Z ns(tstop, df =                              1.261   0.092    13.664   0.000
2021-03-20T08:09:38.128970100Z 4)4:regionSouth West                                                       
2021-03-20T08:09:38.128977000Z ns(tstop, df =                              3.208   0.173    18.539   0.000
2021-03-20T08:09:38.128984200Z 4)1:regionWest Midlands                                                    
2021-03-20T08:09:38.128991100Z ns(tstop, df =                              1.059   0.134     7.905   0.000
2021-03-20T08:09:38.128998200Z 4)2:regionWest Midlands                                                    
2021-03-20T08:09:38.129005200Z ns(tstop, df =                              5.402   0.391    13.799   0.000
2021-03-20T08:09:38.129012100Z 4)3:regionWest Midlands                                                    
2021-03-20T08:09:38.129019000Z ns(tstop, df =                              0.080   0.165     0.484   0.628
2021-03-20T08:09:38.129026000Z 4)4:regionWest Midlands                                                    
2021-03-20T08:09:38.129033000Z ns(tstop, df =                              3.495   0.099    35.264   0.000
2021-03-20T08:09:38.129040000Z 4)1:regionYorkshire and The                                                
2021-03-20T08:09:38.129046900Z Humber                                                                     
2021-03-20T08:09:38.129053900Z ns(tstop, df =                              0.824   0.076    10.778   0.000
2021-03-20T08:09:38.129060800Z 4)2:regionYorkshire and The                                                
2021-03-20T08:09:38.129067700Z Humber                                                                     
2021-03-20T08:09:38.129074700Z ns(tstop, df =                              5.154   0.222    23.245   0.000
2021-03-20T08:09:38.129082800Z 4)3:regionYorkshire and The                                                
2021-03-20T08:09:38.129090000Z Humber                                                                     
2021-03-20T08:09:38.129097200Z ns(tstop, df =                              1.039   0.103    10.139   0.000
2021-03-20T08:09:38.129104400Z 4)4:regionYorkshire and The                                                
2021-03-20T08:09:38.129122000Z Humber                                                                     
2021-03-20T08:09:38.129130100Z ---------------------------------------------------------------------------
2021-03-20T08:09:38.129137300Z ipwvaxany1_fxd data size = 6878262 
2021-03-20T08:09:49.583225900Z memory usage = 5.008 GB 
2021-03-20T08:29:07.040705700Z   
2021-03-20T08:29:07.040767200Z ipwdeath 
2021-03-20T08:45:08.540667400Z MODEL INFO:
2021-03-20T08:45:08.540763700Z Observations: 8390110
2021-03-20T08:45:08.540773400Z Dependent Variable: 
2021-03-20T08:45:08.540780900Z Type: Generalized linear model
2021-03-20T08:45:08.540788500Z   Family: binomial 
2021-03-20T08:45:08.540795900Z   Link function: logit 
2021-03-20T08:45:08.540807100Z 
2021-03-20T08:45:08.542413300Z MODEL FIT:
2021-03-20T08:45:08.542441400Z <U+03C7><U+00B2>(90) = 4535.174, p = 0.000
2021-03-20T08:45:08.542451700Z Pseudo-R<U+00B2> (Cragg-Uhler) = 
2021-03-20T08:45:08.542459600Z Pseudo-R<U+00B2> (McFadden) = 0.073
2021-03-20T08:45:08.542467100Z AIC = 57834.995, BIC = 59103.768 
2021-03-20T08:45:08.542474700Z 
2021-03-20T08:45:08.542619500Z Standard errors: MLE
2021-03-20T08:45:08.814253400Z ---------------------------------------------------------------------------
2021-03-20T08:45:08.814328700Z                                              Est.    S.E.    z val.       p
2021-03-20T08:45:08.814337900Z --------------------------------------- --------- ------- --------- -------
2021-03-20T08:45:08.814345500Z (Intercept)                               -26.080   4.656    -5.601   0.000
2021-03-20T08:45:08.814353200Z age                                         0.288   0.105     2.740   0.006
2021-03-20T08:45:08.814360700Z I(age  age)                                -0.001   0.001    -1.787   0.074
2021-03-20T08:45:08.814368400Z sexMale                                     0.325   0.035     9.404   0.000
2021-03-20T08:45:08.814376000Z imd2                                        0.013   0.058     0.223   0.823
2021-03-20T08:45:08.814383700Z imd3                                       -0.039   0.057    -0.687   0.492
2021-03-20T08:45:08.814391200Z imd4                                       -0.105   0.058    -1.808   0.071
2021-03-20T08:45:08.814399100Z imd5 least deprived                        -0.059   0.058    -1.008   0.313
2021-03-20T08:45:08.814406600Z ethnicityMixed                              0.351   0.279     1.258   0.208
2021-03-20T08:45:08.814414300Z ethnicitySouth Asian                        0.022   0.167     0.130   0.896
2021-03-20T08:45:08.814421900Z ethnicityWhite                              0.235   0.141     1.660   0.097
2021-03-20T08:45:08.814429400Z ethnicityOther                             -0.049   0.253    -0.193   0.847
2021-03-20T08:45:08.814468300Z chronic_cardiac_diseaseTRUE                 0.404   0.035    11.519   0.000
2021-03-20T08:45:08.814476900Z current_copdTRUE                            0.401   0.048     8.382   0.000
2021-03-20T08:45:08.814483900Z dementiaTRUE                                0.826   0.041    19.952   0.000
2021-03-20T08:45:08.814490900Z dialysisTRUE                                1.273   0.193     6.601   0.000
2021-03-20T08:45:08.814497800Z diabetesTRUE                                0.219   0.037     5.907   0.000
2021-03-20T08:45:08.814504800Z solid_organ_transplantationTRUE             0.205   0.585     0.351   0.726
2021-03-20T08:45:08.814511800Z chemo_or_radioTRUE                          0.031   0.087     0.355   0.723
2021-03-20T08:45:08.814518800Z permanant_immunosuppressionTRUE            -0.699   0.710    -0.985   0.325
2021-03-20T08:45:08.814525600Z aspleniaTRUE                                0.353   0.303     1.166   0.244
2021-03-20T08:45:08.814532600Z dmardsTRUE                                  0.219   0.094     2.327   0.020
2021-03-20T08:45:08.814539500Z intel_dis_incl_downs_syndromeTRUE           0.278   0.318     0.876   0.381
2021-03-20T08:45:08.814548300Z psychosis_schiz_bipolarTRUE                 0.385   0.141     2.739   0.006
2021-03-20T08:45:08.814555700Z lung_cancerTRUE                             1.286   0.111    11.624   0.000
2021-03-20T08:45:08.814563100Z cancer_excl_lung_and_haemTRUE               0.477   0.040    11.896   0.000
2021-03-20T08:45:08.814570200Z haematological_cancerTRUE                   0.622   0.096     6.480   0.000
2021-03-20T08:45:08.814577300Z flu_vaccineTRUE                             0.188   0.054     3.487   0.000
2021-03-20T08:45:08.814584100Z timesincevax_pw(0,1]                       -2.334   0.355    -6.571   0.000
2021-03-20T08:45:08.814591100Z timesincevax_pw(1,4]                       -2.053   0.178   -11.567   0.000
2021-03-20T08:45:08.814598400Z timesincevax_pw(4,7]                       -1.803   0.155   -11.628   0.000
2021-03-20T08:45:08.814605500Z timesincevax_pw(7,14]                      -1.879   0.108   -17.396   0.000
2021-03-20T08:45:08.814612400Z timesincevax_pw(14,21]                     -1.572   0.099   -15.938   0.000
2021-03-20T08:45:08.814619400Z timesincevax_pw(21, Inf]                   -1.854   0.096   -19.358   0.000
2021-03-20T08:45:08.814627100Z ns(tstop, df = 4)1                          0.688   0.199     3.457   0.001
2021-03-20T08:45:08.814634500Z ns(tstop, df = 4)2                          2.043   0.173    11.839   0.000
2021-03-20T08:45:08.814641400Z ns(tstop, df = 4)3                          2.462   0.442     5.567   0.000
2021-03-20T08:45:08.814648400Z ns(tstop, df = 4)4                          1.332   0.175     7.602   0.000
2021-03-20T08:45:08.814655300Z regionEast Midlands                         0.436   0.267     1.630   0.103
2021-03-20T08:45:08.814662200Z regionLondon                               -0.043   0.544    -0.079   0.937
2021-03-20T08:45:08.814678100Z regionNorth East                            0.337   0.409     0.825   0.410
2021-03-20T08:45:08.814685900Z regionNorth West                           -0.168   0.376    -0.447   0.655
2021-03-20T08:45:08.814692800Z regionSouth East                            0.957   0.307     3.122   0.002
2021-03-20T08:45:08.814699800Z regionSouth West                            0.681   0.253     2.691   0.007
2021-03-20T08:45:08.814706800Z regionWest Midlands                        -0.042   0.534    -0.078   0.938
2021-03-20T08:45:08.814713600Z regionYorkshire and The                     0.097   0.312     0.313   0.754
2021-03-20T08:45:08.814720500Z Humber                                                                     
2021-03-20T08:45:08.814727400Z hospital_status                            -0.970   0.038   -25.265   0.000
2021-03-20T08:45:08.814734200Z timesince_probable_covid_pw[1,              1.410   0.256     5.505   0.000
2021-03-20T08:45:08.814741100Z 3)                                                                         
2021-03-20T08:45:08.814748700Z timesince_probable_covid_pw[3,              2.014   0.141    14.249   0.000
2021-03-20T08:45:08.814756100Z 7)                                                                         
2021-03-20T08:45:08.814763100Z timesince_probable_covid_pw[7,              1.649   0.131    12.557   0.000
2021-03-20T08:45:08.814770000Z 14)                                                                        
2021-03-20T08:45:08.814776900Z timesince_probable_covid_pw[14,             1.293   0.160     8.091   0.000
2021-03-20T08:45:08.814783900Z 21)                                                                        
2021-03-20T08:45:08.814791000Z timesince_probable_covid_pw[21,             0.674   0.228     2.953   0.003
2021-03-20T08:45:08.814798300Z 28)                                                                        
2021-03-20T08:45:08.814805200Z timesince_probable_covid_pw[28,             0.539   0.173     3.119   0.002
2021-03-20T08:45:08.814812300Z Inf)                                                                       
2021-03-20T08:45:08.814822200Z timesince_suspected_covid_pw[1,             1.099   0.385     2.855   0.004
2021-03-20T08:45:08.814830000Z 3)                                                                         
2021-03-20T08:45:08.814837000Z timesince_suspected_covid_pw[3,             0.837   0.308     2.715   0.007
2021-03-20T08:45:08.814844200Z 7)                                                                         
2021-03-20T08:45:08.814851100Z timesince_suspected_covid_pw[7,             0.817   0.250     3.272   0.001
2021-03-20T08:45:08.814858100Z 14)                                                                        
2021-03-20T08:45:08.814865000Z timesince_suspected_covid_pw[14,            0.426   0.322     1.324   0.186
2021-03-20T08:45:08.814872100Z 21)                                                                        
2021-03-20T08:45:08.814879300Z timesince_suspected_covid_pw[21,            0.631   0.322     1.958   0.050
2021-03-20T08:45:08.814895100Z 28)                                                                        
2021-03-20T08:45:08.814903100Z timesince_suspected_covid_pw[28,            0.515   0.228     2.259   0.024
2021-03-20T08:45:08.814910400Z Inf)                                                                       
2021-03-20T08:45:08.814917400Z ns(tstop, df =                             -0.643   0.295    -2.179   0.029
2021-03-20T08:45:08.814924500Z 4)1:regionEast Midlands                                                    
2021-03-20T08:45:08.814931400Z ns(tstop, df =                             -0.187   0.256    -0.729   0.466
2021-03-20T08:45:08.814938500Z 4)2:regionEast Midlands                                                    
2021-03-20T08:45:08.814945400Z ns(tstop, df =                             -1.133   0.642    -1.764   0.078
2021-03-20T08:45:08.814953200Z 4)3:regionEast Midlands                                                    
2021-03-20T08:45:08.814960400Z ns(tstop, df =                             -0.094   0.259    -0.365   0.715
2021-03-20T08:45:08.814967600Z 4)4:regionEast Midlands                                                    
2021-03-20T08:45:08.814974500Z ns(tstop, df =                              0.772   0.563     1.371   0.170
2021-03-20T08:45:08.814981500Z 4)1:regionLondon                                                           
2021-03-20T08:45:08.814988300Z ns(tstop, df =                              0.145   0.472     0.307   0.759
2021-03-20T08:45:08.814995400Z 4)2:regionLondon                                                           
2021-03-20T08:45:08.815002200Z ns(tstop, df =                             -1.686   1.273    -1.324   0.185
2021-03-20T08:45:08.815009200Z 4)3:regionLondon                                                           
2021-03-20T08:45:08.815016100Z ns(tstop, df =                             -0.473   0.527    -0.898   0.369
2021-03-20T08:45:08.815023100Z 4)4:regionLondon                                                           
2021-03-20T08:45:08.815030000Z ns(tstop, df =                             -0.959   0.472    -2.032   0.042
2021-03-20T08:45:08.815036900Z 4)1:regionNorth East                                                       
2021-03-20T08:45:08.815043800Z ns(tstop, df =                             -0.158   0.418    -0.379   0.705
2021-03-20T08:45:08.815050600Z 4)2:regionNorth East                                                       
2021-03-20T08:45:08.815057500Z ns(tstop, df =                             -0.414   0.991    -0.418   0.676
2021-03-20T08:45:08.815064300Z 4)3:regionNorth East                                                       
2021-03-20T08:45:08.815071200Z ns(tstop, df =                             -0.551   0.428    -1.287   0.198
2021-03-20T08:45:08.815078100Z 4)4:regionNorth East                                                       
2021-03-20T08:45:08.815085000Z ns(tstop, df =                              0.262   0.399     0.656   0.512
2021-03-20T08:45:08.815098900Z 4)1:regionNorth West                                                       
2021-03-20T08:45:08.815106900Z ns(tstop, df =                             -0.284   0.356    -0.799   0.425
2021-03-20T08:45:08.815113900Z 4)2:regionNorth West                                                       
2021-03-20T08:45:08.815120700Z ns(tstop, df =                              0.245   0.884     0.278   0.781
2021-03-20T08:45:08.815127600Z 4)3:regionNorth West                                                       
2021-03-20T08:45:08.815134500Z ns(tstop, df =                              0.332   0.329     1.010   0.312
2021-03-20T08:45:08.815141500Z 4)4:regionNorth West                                                       
2021-03-20T08:45:08.815149000Z ns(tstop, df =                             -1.217   0.367    -3.318   0.001
2021-03-20T08:45:08.815156100Z 4)1:regionSouth East                                                       
2021-03-20T08:45:08.815162900Z ns(tstop, df =                             -0.456   0.326    -1.396   0.163
2021-03-20T08:45:08.815169800Z 4)2:regionSouth East                                                       
2021-03-20T08:45:08.815176600Z ns(tstop, df =                             -2.511   0.772    -3.254   0.001
2021-03-20T08:45:08.815183400Z 4)3:regionSouth East                                                       
2021-03-20T08:45:08.815190200Z ns(tstop, df =                             -0.554   0.360    -1.539   0.124
2021-03-20T08:45:08.815197000Z 4)4:regionSouth East                                                       
2021-03-20T08:45:08.815203800Z ns(tstop, df =                             -1.144   0.290    -3.947   0.000
2021-03-20T08:45:08.815210700Z 4)1:regionSouth West                                                       
2021-03-20T08:45:08.815217500Z ns(tstop, df =                             -0.324   0.257    -1.261   0.207
2021-03-20T08:45:08.815224500Z 4)2:regionSouth West                                                       
2021-03-20T08:45:08.815231400Z ns(tstop, df =                             -1.175   0.616    -1.908   0.056
2021-03-20T08:45:08.815238400Z 4)3:regionSouth West                                                       
2021-03-20T08:45:08.815245200Z ns(tstop, df =                             -0.158   0.259    -0.612   0.540
2021-03-20T08:45:08.815252200Z 4)4:regionSouth West                                                       
2021-03-20T08:45:08.815259100Z ns(tstop, df =                              0.088   0.567     0.155   0.877
2021-03-20T08:45:08.815266100Z 4)1:regionWest Midlands                                                    
2021-03-20T08:45:08.815273000Z ns(tstop, df =                              0.085   0.468     0.183   0.855
2021-03-20T08:45:08.815279900Z 4)2:regionWest Midlands                                                    
2021-03-20T08:45:08.815286800Z ns(tstop, df =                             -0.209   1.260    -0.165   0.869
2021-03-20T08:45:08.815301700Z 4)3:regionWest Midlands                                                    
2021-03-20T08:45:08.815309500Z ns(tstop, df =                             -0.173   0.463    -0.374   0.709
2021-03-20T08:45:08.815316500Z 4)4:regionWest Midlands                                                    
2021-03-20T08:45:08.815323400Z ns(tstop, df =                             -0.318   0.341    -0.934   0.350
2021-03-20T08:45:08.815330400Z 4)1:regionYorkshire and The                                                
2021-03-20T08:45:08.815337400Z Humber                                                                     
2021-03-20T08:45:08.815345000Z ns(tstop, df =                              0.089   0.300     0.297   0.767
2021-03-20T08:45:08.815352100Z 4)2:regionYorkshire and The                                                
2021-03-20T08:45:08.815359400Z Humber                                                                     
2021-03-20T08:45:08.815366300Z ns(tstop, df =                             -0.334   0.744    -0.449   0.654
2021-03-20T08:45:08.815373400Z 4)3:regionYorkshire and The                                                
2021-03-20T08:45:08.815380200Z Humber                                                                     
2021-03-20T08:45:08.815387300Z ns(tstop, df =                             -0.437   0.310    -1.408   0.159
2021-03-20T08:45:08.815394300Z 4)4:regionYorkshire and The                                                
2021-03-20T08:45:08.815401500Z Humber                                                                     
2021-03-20T08:45:08.815408300Z ---------------------------------------------------------------------------
2021-03-20T08:45:08.815415300Z ipwdeath data size = 8390110 
2021-03-20T08:45:22.379010400Z memory usage = 6.109 GB 
2021-03-20T08:45:22.379101600Z   
2021-03-20T08:45:22.379111900Z ipwdeath_fxd 
2021-03-20T08:57:49.814741400Z MODEL INFO:
2021-03-20T08:57:49.814811100Z Observations: 8390110
2021-03-20T08:57:49.814820300Z Dependent Variable: 
2021-03-20T08:57:49.814827900Z Type: Generalized linear model
2021-03-20T08:57:49.814835100Z   Family: binomial 
2021-03-20T08:57:49.814842500Z   Link function: logit 
2021-03-20T08:57:49.814849900Z 
2021-03-20T08:57:49.817145700Z MODEL FIT:
2021-03-20T08:57:49.817170300Z <U+03C7><U+00B2>(77) = 3390.100, p = 0.000
2021-03-20T08:57:49.817181200Z Pseudo-R<U+00B2> (Cragg-Uhler) = 
2021-03-20T08:57:49.817189200Z Pseudo-R<U+00B2> (McFadden) = 0.055
2021-03-20T08:57:49.817197100Z AIC = 58954.069, BIC = 60041.589 
2021-03-20T08:57:49.817204800Z 
2021-03-20T08:57:49.817478700Z Standard errors: MLE
2021-03-20T08:57:50.088924000Z ---------------------------------------------------------------------------
2021-03-20T08:57:50.088999800Z                                              Est.    S.E.    z val.       p
2021-03-20T08:57:50.089033400Z --------------------------------------- --------- ------- --------- -------
2021-03-20T08:57:50.089041900Z (Intercept)                               -25.768   4.631    -5.564   0.000
2021-03-20T08:57:50.089049100Z age                                         0.269   0.105     2.567   0.010
2021-03-20T08:57:50.089056000Z I(age  age)                                -0.001   0.001    -1.628   0.104
2021-03-20T08:57:50.089063300Z sexMale                                     0.343   0.035     9.931   0.000
2021-03-20T08:57:50.089070100Z imd2                                        0.006   0.058     0.101   0.919
2021-03-20T08:57:50.089077000Z imd3                                       -0.043   0.057    -0.748   0.455
2021-03-20T08:57:50.089083900Z imd4                                       -0.111   0.058    -1.906   0.057
2021-03-20T08:57:50.089090800Z imd5 least deprived                        -0.066   0.058    -1.131   0.258
2021-03-20T08:57:50.089097600Z ethnicityMixed                              0.474   0.278     1.704   0.088
2021-03-20T08:57:50.089104600Z ethnicitySouth Asian                        0.035   0.167     0.212   0.832
2021-03-20T08:57:50.089111400Z ethnicityWhite                              0.253   0.141     1.788   0.074
2021-03-20T08:57:50.089118400Z ethnicityOther                             -0.038   0.253    -0.149   0.881
2021-03-20T08:57:50.089125200Z chronic_cardiac_diseaseTRUE                 0.330   0.035     9.493   0.000
2021-03-20T08:57:50.089132200Z current_copdTRUE                            0.358   0.048     7.514   0.000
2021-03-20T08:57:50.089142400Z dementiaTRUE                                0.824   0.041    20.011   0.000
2021-03-20T08:57:50.089149900Z dialysisTRUE                                1.289   0.193     6.681   0.000
2021-03-20T08:57:50.089156800Z diabetesTRUE                                0.205   0.037     5.521   0.000
2021-03-20T08:57:50.089163800Z solid_organ_transplantationTRUE             0.156   0.587     0.266   0.790
2021-03-20T08:57:50.089170600Z chemo_or_radioTRUE                          0.046   0.087     0.526   0.599
2021-03-20T08:57:50.089177700Z permanant_immunosuppressionTRUE            -0.616   0.708    -0.870   0.384
2021-03-20T08:57:50.089184500Z aspleniaTRUE                                0.280   0.303     0.925   0.355
2021-03-20T08:57:50.089192400Z dmardsTRUE                                  0.182   0.094     1.933   0.053
2021-03-20T08:57:50.089199900Z intel_dis_incl_downs_syndromeTRUE           0.328   0.317     1.032   0.302
2021-03-20T08:57:50.089208500Z psychosis_schiz_bipolarTRUE                 0.425   0.140     3.023   0.002
2021-03-20T08:57:50.089215900Z lung_cancerTRUE                             1.188   0.110    10.760   0.000
2021-03-20T08:57:50.089222900Z cancer_excl_lung_and_haemTRUE               0.410   0.040    10.257   0.000
2021-03-20T08:57:50.089230000Z haematological_cancerTRUE                   0.557   0.096     5.821   0.000
2021-03-20T08:57:50.089245100Z flu_vaccineTRUE                             0.191   0.054     3.549   0.000
2021-03-20T08:57:50.089253100Z timesincevax_pw(0,1]                       -1.928   0.355    -5.433   0.000
2021-03-20T08:57:50.089260300Z timesincevax_pw(1,4]                       -1.657   0.177    -9.381   0.000
2021-03-20T08:57:50.089267600Z timesincevax_pw(4,7]                       -1.422   0.154    -9.234   0.000
2021-03-20T08:57:50.089274500Z timesincevax_pw(7,14]                      -1.518   0.107   -14.238   0.000
2021-03-20T08:57:50.089281600Z timesincevax_pw(14,21]                     -1.232   0.097   -12.692   0.000
2021-03-20T08:57:50.089288800Z timesincevax_pw(21, Inf]                   -1.544   0.094   -16.420   0.000
2021-03-20T08:57:50.089295700Z ns(tstop, df = 4)1                          0.748   0.200     3.742   0.000
2021-03-20T08:57:50.089302700Z ns(tstop, df = 4)2                          2.380   0.172    13.833   0.000
2021-03-20T08:57:50.089309500Z ns(tstop, df = 4)3                          2.976   0.444     6.707   0.000
2021-03-20T08:57:50.089316700Z ns(tstop, df = 4)4                          1.730   0.173     9.992   0.000
2021-03-20T08:57:50.089323600Z regionEast Midlands                         0.447   0.269     1.663   0.096
2021-03-20T08:57:50.089330800Z regionLondon                               -0.044   0.547    -0.080   0.936
2021-03-20T08:57:50.089337600Z regionNorth East                            0.337   0.411     0.821   0.412
2021-03-20T08:57:50.089344600Z regionNorth West                           -0.188   0.377    -0.499   0.617
2021-03-20T08:57:50.089351500Z regionSouth East                            0.938   0.308     3.050   0.002
2021-03-20T08:57:50.089358600Z regionSouth West                            0.673   0.254     2.647   0.008
2021-03-20T08:57:50.089365500Z regionWest Midlands                        -0.061   0.537    -0.114   0.909
2021-03-20T08:57:50.089372400Z regionYorkshire and The                     0.086   0.313     0.274   0.784
2021-03-20T08:57:50.089379200Z Humber                                                                     
2021-03-20T08:57:50.089386200Z ns(tstop, df =                             -0.647   0.296    -2.184   0.029
2021-03-20T08:57:50.089393000Z 4)1:regionEast Midlands                                                    
2021-03-20T08:57:50.089400000Z ns(tstop, df =                             -0.227   0.257    -0.884   0.377
2021-03-20T08:57:50.089407500Z 4)2:regionEast Midlands                                                    
2021-03-20T08:57:50.089414700Z ns(tstop, df =                             -1.179   0.645    -1.829   0.067
2021-03-20T08:57:50.089421600Z 4)3:regionEast Midlands                                                    
2021-03-20T08:57:50.089428600Z ns(tstop, df =                             -0.096   0.257    -0.374   0.709
2021-03-20T08:57:50.089435500Z 4)4:regionEast Midlands                                                    
2021-03-20T08:57:50.089499500Z ns(tstop, df =                              0.769   0.566     1.358   0.174
2021-03-20T08:57:50.089511700Z 4)1:regionLondon                                                           
2021-03-20T08:57:50.089518800Z ns(tstop, df =                              0.230   0.474     0.486   0.627
2021-03-20T08:57:50.089525700Z 4)2:regionLondon                                                           
2021-03-20T08:57:50.089532600Z ns(tstop, df =                             -1.675   1.280    -1.308   0.191
2021-03-20T08:57:50.089539400Z 4)3:regionLondon                                                           
2021-03-20T08:57:50.089546300Z ns(tstop, df =                             -0.537   0.524    -1.024   0.306
2021-03-20T08:57:50.089553300Z 4)4:regionLondon                                                           
2021-03-20T08:57:50.089560200Z ns(tstop, df =                             -0.979   0.474    -2.066   0.039
2021-03-20T08:57:50.089567100Z 4)1:regionNorth East                                                       
2021-03-20T08:57:50.089574000Z ns(tstop, df =                             -0.211   0.418    -0.504   0.614
2021-03-20T08:57:50.089580900Z 4)2:regionNorth East                                                       
2021-03-20T08:57:50.089588000Z ns(tstop, df =                             -0.474   0.995    -0.477   0.633
2021-03-20T08:57:50.089594800Z 4)3:regionNorth East                                                       
2021-03-20T08:57:50.089601800Z ns(tstop, df =                             -0.602   0.425    -1.418   0.156
2021-03-20T08:57:50.089608700Z 4)4:regionNorth East                                                       
2021-03-20T08:57:50.089615700Z ns(tstop, df =                              0.234   0.401     0.583   0.560
2021-03-20T08:57:50.089622500Z 4)1:regionNorth West                                                       
2021-03-20T08:57:50.089629500Z ns(tstop, df =                             -0.226   0.357    -0.634   0.526
2021-03-20T08:57:50.089636300Z 4)2:regionNorth West                                                       
2021-03-20T08:57:50.089643300Z ns(tstop, df =                              0.251   0.888     0.283   0.777
2021-03-20T08:57:50.089650200Z 4)3:regionNorth West                                                       
2021-03-20T08:57:50.089658500Z ns(tstop, df =                              0.284   0.328     0.864   0.388
2021-03-20T08:57:50.089665500Z 4)4:regionNorth West                                                       
2021-03-20T08:57:50.089672800Z ns(tstop, df =                             -1.239   0.368    -3.367   0.001
2021-03-20T08:57:50.089679700Z 4)1:regionSouth East                                                       
2021-03-20T08:57:50.089686700Z ns(tstop, df =                             -0.291   0.326    -0.893   0.372
2021-03-20T08:57:50.089693700Z 4)2:regionSouth East                                                       
2021-03-20T08:57:50.089700700Z ns(tstop, df =                             -2.424   0.773    -3.133   0.002
2021-03-20T08:57:50.089716300Z 4)3:regionSouth East                                                       
2021-03-20T08:57:50.089724200Z ns(tstop, df =                             -0.536   0.358    -1.499   0.134
2021-03-20T08:57:50.089731100Z 4)4:regionSouth East                                                       
2021-03-20T08:57:50.089738200Z ns(tstop, df =                             -1.181   0.291    -4.059   0.000
2021-03-20T08:57:50.089745000Z 4)1:regionSouth West                                                       
2021-03-20T08:57:50.089752100Z ns(tstop, df =                             -0.354   0.257    -1.378   0.168
2021-03-20T08:57:50.089759000Z 4)2:regionSouth West                                                       
2021-03-20T08:57:50.089766000Z ns(tstop, df =                             -1.235   0.618    -1.997   0.046
2021-03-20T08:57:50.089772800Z 4)3:regionSouth West                                                       
2021-03-20T08:57:50.089779800Z ns(tstop, df =                             -0.197   0.257    -0.766   0.443
2021-03-20T08:57:50.089786600Z 4)4:regionSouth West                                                       
2021-03-20T08:57:50.089793600Z ns(tstop, df =                              0.066   0.570     0.116   0.908
2021-03-20T08:57:50.089800700Z 4)1:regionWest Midlands                                                    
2021-03-20T08:57:50.089807600Z ns(tstop, df =                              0.135   0.469     0.287   0.774
2021-03-20T08:57:50.089814400Z 4)2:regionWest Midlands                                                    
2021-03-20T08:57:50.089821300Z ns(tstop, df =                             -0.198   1.266    -0.157   0.876
2021-03-20T08:57:50.089828200Z 4)3:regionWest Midlands                                                    
2021-03-20T08:57:50.089835000Z ns(tstop, df =                             -0.197   0.462    -0.427   0.670
2021-03-20T08:57:50.089841900Z 4)4:regionWest Midlands                                                    
2021-03-20T08:57:50.089848900Z ns(tstop, df =                             -0.297   0.342    -0.868   0.385
2021-03-20T08:57:50.089856300Z 4)1:regionYorkshire and The                                                
2021-03-20T08:57:50.089863400Z Humber                                                                     
2021-03-20T08:57:50.089870200Z ns(tstop, df =                              0.071   0.301     0.237   0.812
2021-03-20T08:57:50.089877000Z 4)2:regionYorkshire and The                                                
2021-03-20T08:57:50.089883900Z Humber                                                                     
2021-03-20T08:57:50.089890800Z ns(tstop, df =                             -0.374   0.747    -0.500   0.617
2021-03-20T08:57:50.089897600Z 4)3:regionYorkshire and The                                                
2021-03-20T08:57:50.089904600Z Humber                                                                     
2021-03-20T08:57:50.089918100Z ns(tstop, df =                             -0.496   0.309    -1.606   0.108
2021-03-20T08:57:50.089925900Z 4)4:regionYorkshire and The                                                
2021-03-20T08:57:50.089932800Z Humber                                                                     
2021-03-20T08:57:50.089939900Z ---------------------------------------------------------------------------
2021-03-20T08:57:50.089946900Z ipwdeath_fxd data size = 8390110 
2021-03-20T08:58:03.662337000Z memory usage = 6.109 GB 
2021-03-20T09:37:28.890838800Z Saving 7 x 7 in image
2021-03-20T09:37:33.316641300Z `stat_bin()` using `bins = 30`. Pick better value with `binwidth`.
2021-03-20T09:37:41.230070300Z   
2021-03-20T09:37:41.230407900Z data_weights data size = 8390110 
2021-03-20T09:37:41.496386600Z memory usage = 1.175 GB 
2021-03-20T09:38:09.284850800Z   
2021-03-20T09:38:09.284888300Z msmmod0 
2021-03-20T09:39:03.880367000Z MODEL INFO:
2021-03-20T09:39:03.880457000Z Observations: 8390110
2021-03-20T09:39:03.880466600Z Dependent Variable: 
2021-03-20T09:39:03.880474300Z Type: Generalized linear model
2021-03-20T09:39:03.880481600Z   Family: binomial 
2021-03-20T09:39:03.880489000Z   Link function: logit 
2021-03-20T09:39:03.880496300Z 
2021-03-20T09:39:03.882367500Z MODEL FIT:
2021-03-20T09:39:03.882388100Z <U+03C7><U+00B2>(6) = 110.257, p = 0.000
2021-03-20T09:39:03.882397600Z Pseudo-R<U+00B2> (Cragg-Uhler) = 
2021-03-20T09:39:03.882405200Z Pseudo-R<U+00B2> (McFadden) = 0.005
2021-03-20T09:39:03.882412800Z AIC = 22537.622, BIC = 22635.220 
2021-03-20T09:39:03.882424200Z 
2021-03-20T09:39:03.882615900Z Standard errors: MLE
2021-03-20T09:39:03.918851200Z --------------------------------------------------------------------
2021-03-20T09:39:03.918869700Z                                     Est.     S.E.     z val.       p
2021-03-20T09:39:03.918877900Z ------------------------------ --------- -------- ---------- -------
2021-03-20T09:39:03.918885800Z (Intercept)                       -8.785    0.031   -284.925   0.000
2021-03-20T09:39:03.918893300Z timesincevax_pw(0,1]             -11.781   84.084     -0.140   0.889
2021-03-20T09:39:03.918901000Z timesincevax_pw(1,4]              -1.627    0.501     -3.247   0.001
2021-03-20T09:39:03.918908500Z timesincevax_pw(4,7]              -0.923    0.355     -2.601   0.009
2021-03-20T09:39:03.918916200Z timesincevax_pw(7,14]             -0.699    0.211     -3.317   0.001
2021-03-20T09:39:03.918923700Z timesincevax_pw(14,21]            -0.488    0.195     -2.502   0.012
2021-03-20T09:39:03.918931300Z timesincevax_pw(21, Inf]          -1.173    0.188     -6.231   0.000
2021-03-20T09:39:03.918938600Z --------------------------------------------------------------------
2021-03-20T09:39:03.919365000Z msmmod0_par data size = 8390110 
2021-03-20T09:39:17.135514900Z memory usage = 4.766 GB 
2021-03-20T09:40:32.607014900Z   
2021-03-20T09:40:32.607090400Z msmmod1 
2021-03-20T09:42:35.486512200Z MODEL INFO:
2021-03-20T09:42:35.486559000Z Observations: 8390110
2021-03-20T09:42:35.486568700Z Dependent Variable: 
2021-03-20T09:42:35.486834400Z Type: Generalized linear model
2021-03-20T09:42:35.486901500Z   Family: binomial 
2021-03-20T09:42:35.486911200Z   Link function: logit 
2021-03-20T09:42:35.486919000Z 
2021-03-20T09:42:35.488432800Z MODEL FIT:
2021-03-20T09:42:35.488455800Z <U+03C7><U+00B2>(17) = 490.359, p = 0.000
2021-03-20T09:42:35.488466800Z Pseudo-R<U+00B2> (Cragg-Uhler) = 
2021-03-20T09:42:35.488474800Z Pseudo-R<U+00B2> (McFadden) = 0.022
2021-03-20T09:42:35.488482600Z AIC = 22179.520, BIC = 22430.486 
2021-03-20T09:42:35.488490200Z 
2021-03-20T09:42:35.488685500Z Standard errors: MLE
2021-03-20T09:42:35.550934800Z ------------------------------------------------------------------
2021-03-20T09:42:35.550972600Z                                     Est.     S.E.   z val.       p
2021-03-20T09:42:35.550982000Z ------------------------------ --------- -------- -------- -------
2021-03-20T09:42:35.550990000Z (Intercept)                      -31.838    8.287   -3.842   0.000
2021-03-20T09:42:35.550998000Z age                                0.422    0.188    2.247   0.025
2021-03-20T09:42:35.551006000Z I(age  age)                       -0.002    0.001   -1.678   0.093
2021-03-20T09:42:35.551013700Z sexMale                            0.577    0.060    9.671   0.000
2021-03-20T09:42:35.551021100Z imd2                              -0.044    0.098   -0.452   0.651
2021-03-20T09:42:35.551028800Z imd3                              -0.157    0.096   -1.633   0.103
2021-03-20T09:42:35.551036500Z imd4                              -0.243    0.098   -2.476   0.013
2021-03-20T09:42:35.551044400Z imd5 least deprived               -0.307    0.100   -3.079   0.002
2021-03-20T09:42:35.551051800Z ethnicityMixed                     0.328    0.466    0.703   0.482
2021-03-20T09:42:35.551059400Z ethnicitySouth Asian               0.091    0.266    0.341   0.733
2021-03-20T09:42:35.551066800Z ethnicityWhite                    -0.141    0.228   -0.620   0.535
2021-03-20T09:42:35.551074400Z ethnicityOther                    -0.924    0.548   -1.686   0.092
2021-03-20T09:42:35.551081800Z timesincevax_pw(0,1]             -11.797   82.501   -0.143   0.886
2021-03-20T09:42:35.551089400Z timesincevax_pw(1,4]              -1.680    0.501   -3.354   0.001
2021-03-20T09:42:35.551096800Z timesincevax_pw(4,7]              -0.976    0.355   -2.749   0.006
2021-03-20T09:42:35.551142400Z timesincevax_pw(7,14]             -0.750    0.211   -3.555   0.000
2021-03-20T09:42:35.551151100Z timesincevax_pw(14,21]            -0.530    0.195   -2.720   0.007
2021-03-20T09:42:35.551158100Z timesincevax_pw(21, Inf]          -1.186    0.188   -6.298   0.000
2021-03-20T09:42:35.551164900Z ------------------------------------------------------------------
2021-03-20T09:42:35.551350900Z msmmod1_par data size = 8390110 
2021-03-20T09:42:48.904323000Z memory usage = 4.766 GB 
2021-03-20T09:44:04.893657000Z   
2021-03-20T09:44:04.893748500Z msmmod3 
2021-03-20T10:03:56.139539400Z MODEL INFO:
2021-03-20T10:03:56.139631800Z Observations: 8390110
2021-03-20T10:03:56.139641300Z Dependent Variable: 
2021-03-20T10:03:56.139656200Z Type: Generalized linear model
2021-03-20T10:03:56.139664000Z   Family: binomial 
2021-03-20T10:03:56.139671300Z   Link function: logit 
2021-03-20T10:03:56.139678500Z 
2021-03-20T10:03:56.141995000Z MODEL FIT:
2021-03-20T10:03:56.142022300Z <U+03C7><U+00B2>(77) = 2112.487, p = 0.000
2021-03-20T10:03:56.142032700Z Pseudo-R<U+00B2> (Cragg-Uhler) = 
2021-03-20T10:03:56.142040300Z Pseudo-R<U+00B2> (McFadden) = 0.093
2021-03-20T10:03:56.142047900Z AIC = 20677.392, BIC = 21764.912 
2021-03-20T10:03:56.142055400Z 
2021-03-20T10:03:56.142282800Z Standard errors: MLE
2021-03-20T10:03:56.402771100Z -----------------------------------------------------------------------------
2021-03-20T10:03:56.402796000Z                                              Est.      S.E.    z val.       p
2021-03-20T10:03:56.402805500Z --------------------------------------- --------- --------- --------- -------
2021-03-20T10:03:56.402813600Z (Intercept)                               -32.949     8.353    -3.944   0.000
2021-03-20T10:03:56.402821300Z age                                         0.323     0.188     1.721   0.085
2021-03-20T10:03:56.402829000Z I(age  age)                                -0.001     0.001    -1.252   0.211
2021-03-20T10:03:56.402839500Z sexMale                                     0.571     0.061     9.403   0.000
2021-03-20T10:03:56.402847100Z imd2                                        0.004     0.101     0.039   0.969
2021-03-20T10:03:56.402854700Z imd3                                       -0.041     0.099    -0.418   0.676
2021-03-20T10:03:56.402862200Z imd4                                       -0.071     0.101    -0.700   0.484
2021-03-20T10:03:56.402869800Z imd5 least deprived                        -0.094     0.103    -0.912   0.362
2021-03-20T10:03:56.402877500Z ethnicityMixed                              0.569     0.467     1.219   0.223
2021-03-20T10:03:56.402885200Z ethnicitySouth Asian                        0.331     0.268     1.235   0.217
2021-03-20T10:03:56.402921300Z ethnicityWhite                              0.493     0.235     2.096   0.036
2021-03-20T10:03:56.402929700Z ethnicityOther                             -0.626     0.549    -1.141   0.254
2021-03-20T10:03:56.402936800Z chronic_cardiac_diseaseTRUE                 0.360     0.061     5.904   0.000
2021-03-20T10:03:56.402943800Z current_copdTRUE                            0.363     0.083     4.384   0.000
2021-03-20T10:03:56.402950600Z dementiaTRUE                                0.889     0.071    12.598   0.000
2021-03-20T10:03:56.402957600Z dialysisTRUE                                1.305     0.316     4.128   0.000
2021-03-20T10:03:56.402964400Z diabetesTRUE                                0.230     0.065     3.549   0.000
2021-03-20T10:03:56.402971400Z solid_organ_transplantationTRUE             1.214     0.607     2.001   0.045
2021-03-20T10:03:56.402978100Z chemo_or_radioTRUE                         -0.026     0.171    -0.152   0.879
2021-03-20T10:03:56.402985200Z permanant_immunosuppressionTRUE           -12.677   305.039    -0.042   0.967
2021-03-20T10:03:56.402992000Z aspleniaTRUE                                0.439     0.503     0.873   0.383
2021-03-20T10:03:56.402998900Z dmardsTRUE                                  0.479     0.146     3.273   0.001
2021-03-20T10:03:56.403005800Z intel_dis_incl_downs_syndromeTRUE           0.644     0.450     1.430   0.153
2021-03-20T10:03:56.403014000Z psychosis_schiz_bipolarTRUE                 0.776     0.204     3.805   0.000
2021-03-20T10:03:56.403021400Z lung_cancerTRUE                             0.233     0.305     0.765   0.444
2021-03-20T10:03:56.403028300Z cancer_excl_lung_and_haemTRUE               0.088     0.077     1.138   0.255
2021-03-20T10:03:56.403035200Z haematological_cancerTRUE                   0.588     0.167     3.518   0.000
2021-03-20T10:03:56.403042200Z flu_vaccineTRUE                             0.332     0.095     3.492   0.000
2021-03-20T10:03:56.403049100Z ns(tstop, df = 4)1                          4.578     1.011     4.529   0.000
2021-03-20T10:03:56.403056100Z ns(tstop, df = 4)2                          5.781     0.696     8.305   0.000
2021-03-20T10:03:56.403063000Z ns(tstop, df = 4)3                          9.957     2.157     4.615   0.000
2021-03-20T10:03:56.403070000Z ns(tstop, df = 4)4                          3.128     0.516     6.064   0.000
2021-03-20T10:03:56.403076800Z regionEast Midlands                         0.978     1.441     0.679   0.497
2021-03-20T10:03:56.403083900Z regionLondon                               -3.801     6.942    -0.548   0.584
2021-03-20T10:03:56.403090800Z regionNorth East                           -1.527     2.698    -0.566   0.571
2021-03-20T10:03:56.403097800Z regionNorth West                            0.164     1.969     0.083   0.934
2021-03-20T10:03:56.403104700Z regionSouth East                            3.331     1.311     2.541   0.011
2021-03-20T10:03:56.403111500Z regionSouth West                            1.447     1.405     1.030   0.303
2021-03-20T10:03:56.403127000Z regionWest Midlands                         1.692     1.999     0.846   0.397
2021-03-20T10:03:56.403134900Z regionYorkshire and The                    -1.996     2.509    -0.795   0.426
2021-03-20T10:03:56.403141800Z Humber                                                                       
2021-03-20T10:03:56.403149000Z timesincevax_pw(0,1]                      -14.058   133.683    -0.105   0.916
2021-03-20T10:03:56.403156200Z timesincevax_pw(1,4]                       -3.025     0.502    -6.026   0.000
2021-03-20T10:03:56.403163300Z timesincevax_pw(4,7]                       -2.375     0.357    -6.658   0.000
2021-03-20T10:03:56.403170400Z timesincevax_pw(7,14]                      -2.168     0.215   -10.091   0.000
2021-03-20T10:03:56.403177500Z timesincevax_pw(14,21]                     -1.877     0.202    -9.275   0.000
2021-03-20T10:03:56.403184400Z timesincevax_pw(21, Inf]                   -2.216     0.211   -10.514   0.000
2021-03-20T10:03:56.403191700Z ns(tstop, df =                             -1.755     1.381    -1.271   0.204
2021-03-20T10:03:56.403198900Z 4)1:regionEast Midlands                                                      
2021-03-20T10:03:56.403206800Z ns(tstop, df =                             -0.735     0.958    -0.767   0.443
2021-03-20T10:03:56.403214100Z 4)2:regionEast Midlands                                                      
2021-03-20T10:03:56.403221300Z ns(tstop, df =                             -2.000     2.988    -0.669   0.503
2021-03-20T10:03:56.403228300Z 4)3:regionEast Midlands                                                      
2021-03-20T10:03:56.403235300Z ns(tstop, df =                             -0.286     0.725    -0.395   0.693
2021-03-20T10:03:56.403242500Z 4)4:regionEast Midlands                                                      
2021-03-20T10:03:56.403249700Z ns(tstop, df =                              4.414     6.778     0.651   0.515
2021-03-20T10:03:56.403256800Z 4)1:regionLondon                                                             
2021-03-20T10:03:56.403263900Z ns(tstop, df =                              3.137     4.491     0.699   0.485
2021-03-20T10:03:56.403270800Z 4)2:regionLondon                                                             
2021-03-20T10:03:56.403277800Z ns(tstop, df =                              5.527    13.484     0.410   0.682
2021-03-20T10:03:56.403284600Z 4)3:regionLondon                                                             
2021-03-20T10:03:56.403291500Z ns(tstop, df =                              0.985     3.113     0.316   0.752
2021-03-20T10:03:56.403298400Z 4)4:regionLondon                                                             
2021-03-20T10:03:56.403305300Z ns(tstop, df =                              0.426     2.503     0.170   0.865
2021-03-20T10:03:56.403312200Z 4)1:regionNorth East                                                         
2021-03-20T10:03:56.403319200Z ns(tstop, df =                             -0.349     1.843    -0.189   0.850
2021-03-20T10:03:56.403334200Z 4)2:regionNorth East                                                         
2021-03-20T10:03:56.403342400Z ns(tstop, df =                              3.993     5.561     0.718   0.473
2021-03-20T10:03:56.403349500Z 4)3:regionNorth East                                                         
2021-03-20T10:03:56.403356600Z ns(tstop, df =                             -0.386     1.292    -0.298   0.765
2021-03-20T10:03:56.403363500Z 4)4:regionNorth East                                                         
2021-03-20T10:03:56.403370700Z ns(tstop, df =                             -0.477     1.874    -0.254   0.799
2021-03-20T10:03:56.403377600Z 4)1:regionNorth West                                                         
2021-03-20T10:03:56.403384400Z ns(tstop, df =                             -0.547     1.329    -0.412   0.680
2021-03-20T10:03:56.403391500Z 4)2:regionNorth West                                                         
2021-03-20T10:03:56.403399800Z ns(tstop, df =                             -0.513     4.071    -0.126   0.900
2021-03-20T10:03:56.403407000Z 4)3:regionNorth West                                                         
2021-03-20T10:03:56.403413800Z ns(tstop, df =                             -0.061     0.995    -0.061   0.951
2021-03-20T10:03:56.403420600Z 4)4:regionNorth West                                                         
2021-03-20T10:03:56.403427700Z ns(tstop, df =                             -3.910     1.301    -3.004   0.003
2021-03-20T10:03:56.403434500Z 4)1:regionSouth East                                                         
2021-03-20T10:03:56.403441500Z ns(tstop, df =                             -1.306     0.934    -1.399   0.162
2021-03-20T10:03:56.403448300Z 4)2:regionSouth East                                                         
2021-03-20T10:03:56.403455300Z ns(tstop, df =                             -8.207     2.858    -2.872   0.004
2021-03-20T10:03:56.403462200Z 4)3:regionSouth East                                                         
2021-03-20T10:03:56.403469100Z ns(tstop, df =                             -1.531     0.963    -1.590   0.112
2021-03-20T10:03:56.403476000Z 4)4:regionSouth East                                                         
2021-03-20T10:03:56.403482900Z ns(tstop, df =                             -2.534     1.356    -1.869   0.062
2021-03-20T10:03:56.403489800Z 4)1:regionSouth West                                                         
2021-03-20T10:03:56.403496600Z ns(tstop, df =                             -0.664     0.950    -0.699   0.485
2021-03-20T10:03:56.403503400Z 4)2:regionSouth West                                                         
2021-03-20T10:03:56.403510400Z ns(tstop, df =                             -3.653     2.949    -1.239   0.215
2021-03-20T10:03:56.403517200Z 4)3:regionSouth West                                                         
2021-03-20T10:03:56.403524000Z ns(tstop, df =                             -0.754     0.785    -0.961   0.337
2021-03-20T10:03:56.403539300Z 4)4:regionSouth West                                                         
2021-03-20T10:03:56.403547200Z ns(tstop, df =                             -1.953     1.926    -1.014   0.311
2021-03-20T10:03:56.403554200Z 4)1:regionWest Midlands                                                      
2021-03-20T10:03:56.403561400Z ns(tstop, df =                             -1.231     1.327    -0.928   0.353
2021-03-20T10:03:56.403568300Z 4)2:regionWest Midlands                                                      
2021-03-20T10:03:56.403575400Z ns(tstop, df =                             -2.822     4.230    -0.667   0.505
2021-03-20T10:03:56.403582400Z 4)3:regionWest Midlands                                                      
2021-03-20T10:03:56.403589800Z ns(tstop, df =                              0.009     1.002     0.009   0.993
2021-03-20T10:03:56.403597500Z 4)4:regionWest Midlands                                                      
2021-03-20T10:03:56.403604700Z ns(tstop, df =                              1.194     2.389     0.500   0.617
2021-03-20T10:03:56.403611700Z 4)1:regionYorkshire and The                                                  
2021-03-20T10:03:56.403618700Z Humber                                                                       
2021-03-20T10:03:56.403625600Z ns(tstop, df =                              0.907     1.640     0.553   0.580
2021-03-20T10:03:56.403632700Z 4)2:regionYorkshire and The                                                  
2021-03-20T10:03:56.403639700Z Humber                                                                       
2021-03-20T10:03:56.403646700Z ns(tstop, df =                              3.652     5.091     0.717   0.473
2021-03-20T10:03:56.403653600Z 4)3:regionYorkshire and The                                                  
2021-03-20T10:03:56.403660700Z Humber                                                                       
2021-03-20T10:03:56.403667600Z ns(tstop, df =                              0.457     1.136     0.402   0.688
2021-03-20T10:03:56.403674600Z 4)4:regionYorkshire and The                                                  
2021-03-20T10:03:56.403681600Z Humber                                                                       
2021-03-20T10:03:56.403688500Z -----------------------------------------------------------------------------
2021-03-20T10:03:56.403695800Z msmmod3_par data size = 8390110 
2021-03-20T10:04:11.069103100Z memory usage = 4.766 GB 
2021-03-20T10:05:49.628661500Z   
2021-03-20T10:05:49.628754700Z msmmod4 
2021-03-20T10:25:23.048571500Z MODEL INFO:
2021-03-20T10:25:23.048673200Z Observations: 8390110
2021-03-20T10:25:23.048682700Z Dependent Variable: 
2021-03-20T10:25:23.048690400Z Type: Generalized linear model
2021-03-20T10:25:23.048697800Z   Family: binomial 
2021-03-20T10:25:23.048705400Z   Link function: logit 
2021-03-20T10:25:23.048746100Z 
2021-03-20T10:25:23.050582700Z MODEL FIT:
2021-03-20T10:25:23.050607800Z <U+03C7><U+00B2>(77) = 1165.738, p = 0.000
2021-03-20T10:25:23.050618600Z Pseudo-R<U+00B2> (Cragg-Uhler) = 
2021-03-20T10:25:23.050626000Z Pseudo-R<U+00B2> (McFadden) = 0.083
2021-03-20T10:25:23.050633200Z AIC = 18350.748, BIC = 19438.268 
2021-03-20T10:25:23.050640200Z 
2021-03-20T10:25:23.050788200Z Standard errors: MLE
2021-03-20T10:25:23.295992700Z ----------------------------------------------------------------------------
2021-03-20T10:25:23.296039300Z                                              Est.      S.E.   z val.       p
2021-03-20T10:25:23.296049100Z --------------------------------------- --------- --------- -------- -------
2021-03-20T10:25:23.296056300Z (Intercept)                               -28.790    10.001   -2.879   0.004
2021-03-20T10:25:23.296063400Z age                                         0.211     0.225    0.939   0.348
2021-03-20T10:25:23.296070400Z I(age  age)                                -0.001     0.001   -0.543   0.587
2021-03-20T10:25:23.296077500Z sexMale                                     0.546     0.075    7.325   0.000
2021-03-20T10:25:23.296084800Z imd2                                       -0.064     0.123   -0.522   0.602
2021-03-20T10:25:23.296092100Z imd3                                       -0.028     0.120   -0.237   0.812
2021-03-20T10:25:23.296099200Z imd4                                       -0.069     0.123   -0.565   0.572
2021-03-20T10:25:23.296106000Z imd5 least deprived                        -0.164     0.127   -1.289   0.198
2021-03-20T10:25:23.296113000Z ethnicityMixed                              0.776     0.519    1.494   0.135
2021-03-20T10:25:23.296120000Z ethnicitySouth Asian                        0.437     0.318    1.375   0.169
2021-03-20T10:25:23.296126900Z ethnicityWhite                              0.465     0.283    1.640   0.101
2021-03-20T10:25:23.296133900Z ethnicityOther                             -0.383     0.599   -0.639   0.523
2021-03-20T10:25:23.296140800Z chronic_cardiac_diseaseTRUE                 0.328     0.075    4.366   0.000
2021-03-20T10:25:23.296148000Z current_copdTRUE                            0.323     0.103    3.129   0.002
2021-03-20T10:25:23.296154900Z dementiaTRUE                                0.927     0.086   10.776   0.000
2021-03-20T10:25:23.296161900Z dialysisTRUE                                1.374     0.379    3.624   0.000
2021-03-20T10:25:23.296168800Z diabetesTRUE                                0.250     0.079    3.154   0.002
2021-03-20T10:25:23.296176000Z solid_organ_transplantationTRUE             1.288     0.704    1.830   0.067
2021-03-20T10:25:23.296182800Z chemo_or_radioTRUE                         -0.180     0.230   -0.786   0.432
2021-03-20T10:25:23.296189700Z permanant_immunosuppressionTRUE           -12.235   311.718   -0.039   0.969
2021-03-20T10:25:23.296223100Z aspleniaTRUE                                0.407     0.635    0.642   0.521
2021-03-20T10:25:23.296231000Z dmardsTRUE                                  0.456     0.182    2.500   0.012
2021-03-20T10:25:23.296237900Z intel_dis_incl_downs_syndromeTRUE           0.904     0.486    1.859   0.063
2021-03-20T10:25:23.296246200Z psychosis_schiz_bipolarTRUE                 0.951     0.228    4.164   0.000
2021-03-20T10:25:23.296253300Z lung_cancerTRUE                             0.024     0.422    0.058   0.954
2021-03-20T10:25:23.296260300Z cancer_excl_lung_and_haemTRUE               0.028     0.097    0.289   0.773
2021-03-20T10:25:23.296267300Z haematological_cancerTRUE                   0.569     0.211    2.699   0.007
2021-03-20T10:25:23.296274300Z flu_vaccineTRUE                             0.290     0.117    2.478   0.013
2021-03-20T10:25:23.296281200Z ns(tstop, df = 4)1                          4.580     1.097    4.176   0.000
2021-03-20T10:25:23.296288200Z ns(tstop, df = 4)2                          5.501     0.786    6.999   0.000
2021-03-20T10:25:23.296295000Z ns(tstop, df = 4)3                         11.686     2.392    4.885   0.000
2021-03-20T10:25:23.296302500Z ns(tstop, df = 4)4                          2.506     0.575    4.360   0.000
2021-03-20T10:25:23.296309500Z regionEast Midlands                         1.078     1.631    0.661   0.509
2021-03-20T10:25:23.296316700Z regionLondon                               -5.001     6.930   -0.722   0.471
2021-03-20T10:25:23.296323800Z regionNorth East                           -1.187     2.742   -0.433   0.665
2021-03-20T10:25:23.296331000Z regionNorth West                           -1.687     2.955   -0.571   0.568
2021-03-20T10:25:23.296337900Z regionSouth East                            3.862     1.431    2.699   0.007
2021-03-20T10:25:23.296344900Z regionSouth West                            0.549     1.877    0.292   0.770
2021-03-20T10:25:23.296351700Z regionWest Midlands                         2.263     2.014    1.124   0.261
2021-03-20T10:25:23.296358700Z regionYorkshire and The                    -2.037     2.707   -0.752   0.452
2021-03-20T10:25:23.296365800Z Humber                                                                      
2021-03-20T10:25:23.296373200Z timesincevax_pw(0,1]                      -13.471   133.465   -0.101   0.920
2021-03-20T10:25:23.296380100Z timesincevax_pw(1,4]                       -2.591     0.541   -4.787   0.000
2021-03-20T10:25:23.296387600Z timesincevax_pw(4,7]                       -1.925     0.382   -5.042   0.000
2021-03-20T10:25:23.296394400Z timesincevax_pw(7,14]                      -1.677     0.227   -7.372   0.000
2021-03-20T10:25:23.296401600Z timesincevax_pw(14,21]                     -1.515     0.228   -6.637   0.000
2021-03-20T10:25:23.296408600Z timesincevax_pw(21, Inf]                   -1.840     0.240   -7.673   0.000
2021-03-20T10:25:23.296415700Z ns(tstop, df =                             -1.695     1.540   -1.100   0.271
2021-03-20T10:25:23.296429900Z 4)1:regionEast Midlands                                                     
2021-03-20T10:25:23.296437800Z ns(tstop, df =                             -0.659     1.112   -0.593   0.553
2021-03-20T10:25:23.296445300Z 4)2:regionEast Midlands                                                     
2021-03-20T10:25:23.296452800Z ns(tstop, df =                             -2.430     3.393   -0.716   0.474
2021-03-20T10:25:23.296459700Z 4)3:regionEast Midlands                                                     
2021-03-20T10:25:23.296466700Z ns(tstop, df =                             -0.276     0.826   -0.334   0.739
2021-03-20T10:25:23.296473400Z 4)4:regionEast Midlands                                                     
2021-03-20T10:25:23.296480500Z ns(tstop, df =                              5.807     6.705    0.866   0.386
2021-03-20T10:25:23.296487700Z 4)1:regionLondon                                                            
2021-03-20T10:25:23.296494700Z ns(tstop, df =                              4.040     4.516    0.895   0.371
2021-03-20T10:25:23.296501700Z 4)2:regionLondon                                                            
2021-03-20T10:25:23.296509700Z ns(tstop, df =                              8.099    13.516    0.599   0.549
2021-03-20T10:25:23.296517500Z 4)3:regionLondon                                                            
2021-03-20T10:25:23.296525400Z ns(tstop, df =                              1.122     3.076    0.365   0.715
2021-03-20T10:25:23.296532700Z 4)4:regionLondon                                                            
2021-03-20T10:25:23.296540000Z ns(tstop, df =                             -0.164     2.482   -0.066   0.947
2021-03-20T10:25:23.296547100Z 4)1:regionNorth East                                                        
2021-03-20T10:25:23.296554400Z ns(tstop, df =                             -0.308     1.947   -0.158   0.874
2021-03-20T10:25:23.296561700Z 4)2:regionNorth East                                                        
2021-03-20T10:25:23.296568700Z ns(tstop, df =                              3.418     5.723    0.597   0.550
2021-03-20T10:25:23.296575600Z 4)3:regionNorth East                                                        
2021-03-20T10:25:23.296582600Z ns(tstop, df =                             -0.487     1.368   -0.356   0.722
2021-03-20T10:25:23.296589500Z 4)4:regionNorth East                                                        
2021-03-20T10:25:23.296596400Z ns(tstop, df =                              1.663     2.769    0.601   0.548
2021-03-20T10:25:23.296603200Z 4)1:regionNorth West                                                        
2021-03-20T10:25:23.296610100Z ns(tstop, df =                              0.237     1.992    0.119   0.905
2021-03-20T10:25:23.296616900Z 4)2:regionNorth West                                                        
2021-03-20T10:25:23.296623900Z ns(tstop, df =                              2.943     6.019    0.489   0.625
2021-03-20T10:25:23.296631800Z 4)3:regionNorth West                                                        
2021-03-20T10:25:23.296645200Z ns(tstop, df =                              1.160     1.342    0.865   0.387
2021-03-20T10:25:23.296652600Z 4)4:regionNorth West                                                        
2021-03-20T10:25:23.296659500Z ns(tstop, df =                             -4.726     1.430   -3.304   0.001
2021-03-20T10:25:23.296666200Z 4)1:regionSouth East                                                        
2021-03-20T10:25:23.296673000Z ns(tstop, df =                             -1.221     1.083   -1.127   0.260
2021-03-20T10:25:23.296679700Z 4)2:regionSouth East                                                        
2021-03-20T10:25:23.296686500Z ns(tstop, df =                             -9.362     3.116   -3.005   0.003
2021-03-20T10:25:23.296693300Z 4)3:regionSouth East                                                        
2021-03-20T10:25:23.296700200Z ns(tstop, df =                             -2.511     1.206   -2.082   0.037
2021-03-20T10:25:23.296706900Z 4)4:regionSouth East                                                        
2021-03-20T10:25:23.296713800Z ns(tstop, df =                             -1.375     1.776   -0.774   0.439
2021-03-20T10:25:23.296720800Z 4)1:regionSouth West                                                        
2021-03-20T10:25:23.296727600Z ns(tstop, df =                             -0.148     1.275   -0.116   0.908
2021-03-20T10:25:23.296735300Z 4)2:regionSouth West                                                        
2021-03-20T10:25:23.296742500Z ns(tstop, df =                             -2.205     3.908   -0.564   0.573
2021-03-20T10:25:23.296749800Z 4)3:regionSouth West                                                        
2021-03-20T10:25:23.296756800Z ns(tstop, df =                             -0.222     0.970   -0.229   0.819
2021-03-20T10:25:23.296763600Z 4)4:regionSouth West                                                        
2021-03-20T10:25:23.296770500Z ns(tstop, df =                             -2.396     1.918   -1.249   0.212
2021-03-20T10:25:23.296777300Z 4)1:regionWest Midlands                                                     
2021-03-20T10:25:23.296784000Z ns(tstop, df =                             -1.620     1.392   -1.164   0.245
2021-03-20T10:25:23.296790800Z 4)2:regionWest Midlands                                                     
2021-03-20T10:25:23.296797600Z ns(tstop, df =                             -3.697     4.284   -0.863   0.388
2021-03-20T10:25:23.296804400Z 4)3:regionWest Midlands                                                     
2021-03-20T10:25:23.296811200Z ns(tstop, df =                             -0.147     1.026   -0.143   0.886
2021-03-20T10:25:23.296818200Z 4)4:regionWest Midlands                                                     
2021-03-20T10:25:23.296825800Z ns(tstop, df =                              1.237     2.539    0.487   0.626
2021-03-20T10:25:23.296832800Z 4)1:regionYorkshire and The                                                 
2021-03-20T10:25:23.296852900Z Humber                                                                      
2021-03-20T10:25:23.296860700Z ns(tstop, df =                              1.063     1.792    0.593   0.553
2021-03-20T10:25:23.296867600Z 4)2:regionYorkshire and The                                                 
2021-03-20T10:25:23.296874400Z Humber                                                                      
2021-03-20T10:25:23.296881300Z ns(tstop, df =                              3.801     5.527    0.688   0.492
2021-03-20T10:25:23.296888100Z 4)3:regionYorkshire and The                                                 
2021-03-20T10:25:23.296895000Z Humber                                                                      
2021-03-20T10:25:23.296901800Z ns(tstop, df =                              0.794     1.211    0.656   0.512
2021-03-20T10:25:23.296908700Z 4)4:regionYorkshire and The                                                 
2021-03-20T10:25:23.296915500Z Humber                                                                      
2021-03-20T10:25:23.296922400Z ----------------------------------------------------------------------------
2021-03-20T10:25:23.296929300Z msmmod4_par data size = 8390110 
2021-03-20T10:25:37.606989300Z memory usage = 4.766 GB 
2021-03-20T10:27:24.758367700Z   
2021-03-20T10:27:32.223588700Z              used   (Mb) gc trigger    (Mb)   max used   (Mb)
2021-03-20T10:27:32.223664000Z Ncells   10881111  581.2   22780524  1216.7   10881111  581.2
2021-03-20T10:27:32.223673700Z Vcells 1214591821 9266.7 3882743211 29623.0 1214591821 9266.7
2021-03-20T10:27:32.223655300Z Warning message:
2021-03-20T10:27:32.223693200Z Removed 2677 rows containing non-finite values (stat_bin). 


state: succeeded
commit: 63227c9dabb1579b6387347ff8853e66df52c7fc
docker_image_id: sha256:876a994cdafb8d3fb4b710249fd7716a31efd3ea26cb3faf7aa2187853c6c624
exit_code: 0
job_id: v3szaybrp4vfoopp
run_by_user: wjchulme
created_at: 2021-03-20T07:50:08Z
started_at: 2021-03-20T07:50:39Z
completed_at: 2021-03-20T10:27:44Z

Completed successfully

outputs:
  output/over80s/coviddeath/az/all/all/data_weights.rds          - highly_sensitive    
  output/over80s/coviddeath/az/all/all/model0.rds                - highly_sensitive    
  output/over80s/coviddeath/az/all/all/model1.rds                - highly_sensitive    
  output/over80s/coviddeath/az/all/all/model3.rds                - highly_sensitive    
  output/over80s/coviddeath/az/all/all/model4.rds                - highly_sensitive    
  output/over80s/coviddeath/az/all/all/model_ipwvaxany1.rds      - highly_sensitive    
  output/over80s/coviddeath/az/all/all/model_ipwvaxdeath.rds     - highly_sensitive    
  output/over80s/coviddeath/az/all/all/weights_histogram.svg     - moderately_sensitive
  output/over80s/coviddeath/az/all/all/weights_model_any.html    - moderately_sensitive
  output/over80s/coviddeath/az/all/all/weights_model_death.html  - moderately_sensitive
  output/over80s/coviddeath/az/all/all/weights_table.txt         - moderately_sensitive
  output/over80s/coviddeath/az/all/strata_vector.rds             - moderately_sensitive