2021-04-18T00:55:10.428472700Z -- Attaching packages --------------------------------------- tidyverse 1.3.0 --
2021-04-18T00:55:10.439639800Z v ggplot2 3.3.2     v purrr   0.3.4
2021-04-18T00:55:10.439719700Z v tibble  3.0.3     v dplyr   1.0.2
2021-04-18T00:55:10.439727900Z v tidyr   1.1.2     v stringr 1.4.0
2021-04-18T00:55:10.439741300Z v readr   1.3.1     v forcats 0.5.0
2021-04-18T00:55:10.707047300Z -- Conflicts ------------------------------------------ tidyverse_conflicts() --
2021-04-18T00:55:10.707132000Z x dplyr::filter() masks stats::filter()
2021-04-18T00:55:10.707141100Z x dplyr::lag()    masks stats::lag()
2021-04-18T00:55:10.732124200Z 
2021-04-18T00:55:10.732214800Z Attaching package: 'glue'
2021-04-18T00:55:10.732223400Z 
2021-04-18T00:55:10.733861700Z The following object is masked from 'package:dplyr':
2021-04-18T00:55:10.733891100Z 
2021-04-18T00:55:10.733899300Z     collapse
2021-04-18T00:55:10.733906100Z 
2021-04-18T00:55:13.445873500Z 
2021-04-18T00:55:13.445965400Z Attaching package: 'lubridate'
2021-04-18T00:55:13.445974300Z 
2021-04-18T00:55:13.446448600Z The following objects are masked from 'package:base':
2021-04-18T00:55:13.446475400Z 
2021-04-18T00:55:13.446483300Z     date, intersect, setdiff, union
2021-04-18T00:55:13.446492200Z 
2021-04-18T00:55:13.897148000Z <environment: R_GlobalEnv>
2021-04-18T00:55:13.897800800Z <environment: R_GlobalEnv>
2021-04-18T00:55:41.665230000Z data_pt data size = 4344278 
2021-04-18T00:55:41.668057100Z   memory usage = 1.703 GB 
2021-04-18T00:55:42.270275100Z     
2021-04-18T00:55:42.270359100Z all   
2021-04-18T00:55:42.270368500Z   
2021-04-18T00:55:49.088984400Z   
2021-04-18T01:02:43.179898100Z vaxpfizer1  vaxpfizer1 data size = 3684249 
2021-04-18T01:02:50.503234400Z memory usage = 3.671 GB 
2021-04-18T01:02:50.503283700Z   
2021-04-18T01:07:27.251281100Z vaxpfizer1_fxd  vaxpfizer1_fxd data size = 3684249 
2021-04-18T01:07:37.746400700Z memory usage = 3.067 GB 
2021-04-18T01:10:50.067473500Z   
2021-04-18T01:13:12.609476900Z vaxaz1  vaxaz1 data size = 1338302 
2021-04-18T01:13:15.643696500Z memory usage = 1.334 GB 
2021-04-18T01:13:15.643809700Z   
2021-04-18T01:14:58.678594100Z vaxaz1_fxd  vaxaz1_fxd data size = 1338302 
2021-04-18T01:15:01.355864300Z memory usage = 1.115 GB 
2021-04-18T01:17:02.645556200Z   
2021-04-18T01:29:36.374469200Z death  death data size = 4344278 
2021-04-18T01:29:46.903968200Z memory usage = 4.346 GB 
2021-04-18T01:29:46.904061300Z   
2021-04-18T01:37:26.146148700Z death_fxd  death_fxd data size = 4344278 
2021-04-18T01:37:37.877765300Z memory usage = 3.616 GB 
2021-04-18T01:42:14.584421000Z Saving 7 x 7 in image
2021-04-18T01:42:18.155640200Z `stat_bin()` using `bins = 30`. Pick better value with `binwidth`.
2021-04-18T01:42:22.460310100Z   
2021-04-18T01:42:22.460727300Z data_weights data size = 4344278   
2021-04-18T01:42:22.461688700Z memory usage = 0.66 GB   
2021-04-18T01:42:36.734151300Z   
2021-04-18T01:42:36.734360100Z msmmod0 
2021-04-18T01:43:11.275387100Z MODEL INFO:
2021-04-18T01:43:11.275549500Z Observations: 4344278
2021-04-18T01:43:11.275559200Z Dependent Variable: 
2021-04-18T01:43:11.275567200Z Type: Generalized linear model
2021-04-18T01:43:11.275574500Z   Family: binomial 
2021-04-18T01:43:11.275582100Z   Link function: logit 
2021-04-18T01:43:11.275590100Z 
2021-04-18T01:43:11.278369800Z MODEL FIT:
2021-04-18T01:43:11.278479200Z <U+03C7><U+00B2>(6) = 95.546, p = 0.000
2021-04-18T01:43:11.278488700Z Pseudo-R<U+00B2> (Cragg-Uhler) = 
2021-04-18T01:43:11.278496800Z Pseudo-R<U+00B2> (McFadden) = 0.005
2021-04-18T01:43:11.278506000Z AIC = 20436.386, BIC = 20529.377 
2021-04-18T01:43:11.278515600Z 
2021-04-18T01:43:11.278750800Z Standard errors: MLE
2021-04-18T01:43:11.345257900Z ------------------------------------------------------------------
2021-04-18T01:43:11.345363600Z                                    Est.    S.E.     z val.       p
2021-04-18T01:43:11.345373300Z ------------------------------ -------- ------- ---------- -------
2021-04-18T01:43:11.345381400Z (Intercept)                      -8.180   0.031   -262.745   0.000
2021-04-18T01:43:11.345389300Z timesincevax_pw(0,3]             -0.433   0.279     -1.550   0.121
2021-04-18T01:43:11.345397600Z timesincevax_pw(3,7]             -0.708   0.279     -2.536   0.011
2021-04-18T01:43:11.345405400Z timesincevax_pw(7,14]            -0.490   0.195     -2.515   0.012
2021-04-18T01:43:11.345413300Z timesincevax_pw(14,21]           -1.112   0.279     -3.984   0.000
2021-04-18T01:43:11.345421400Z timesincevax_pw(21,28]           -1.883   0.448     -4.201   0.000
2021-04-18T01:43:11.345429300Z timesincevax_pw(28, Inf]         -1.993   0.578     -3.449   0.001
2021-04-18T01:43:11.345437100Z ------------------------------------------------------------------
2021-04-18T01:43:11.346221100Z msmmod0_par data size = 4344278 
2021-04-18T01:43:20.941726000Z memory usage = 2.52 GB 
2021-04-18T01:44:00.774382700Z   
2021-04-18T01:44:00.774503800Z msmmod1 
2021-04-18T01:45:00.664732200Z MODEL INFO:
2021-04-18T01:45:00.664879000Z Observations: 4344278
2021-04-18T01:45:00.664888300Z Dependent Variable: 
2021-04-18T01:45:00.664895600Z Type: Generalized linear model
2021-04-18T01:45:00.664902300Z   Family: binomial 
2021-04-18T01:45:00.664909100Z   Link function: logit 
2021-04-18T01:45:00.664915800Z 
2021-04-18T01:45:00.666717900Z MODEL FIT:
2021-04-18T01:45:00.666750900Z <U+03C7><U+00B2>(17) = 319.938, p = 0.000
2021-04-18T01:45:00.666759900Z Pseudo-R<U+00B2> (Cragg-Uhler) = 
2021-04-18T01:45:00.666767300Z Pseudo-R<U+00B2> (McFadden) = 0.016
2021-04-18T01:45:00.666774500Z AIC = 20233.993, BIC = 20473.112 
2021-04-18T01:45:00.666781300Z 
2021-04-18T01:45:00.666992800Z Standard errors: MLE
2021-04-18T01:45:00.767336500Z ------------------------------------------------------------------
2021-04-18T01:45:00.767434300Z                                      Est.    S.E.   z val.       p
2021-04-18T01:45:00.767443100Z ------------------------------- --------- ------- -------- -------
2021-04-18T01:45:00.767450800Z (Intercept)                       -36.797   9.267   -3.971   0.000
2021-04-18T01:45:00.767457800Z timesincevax_pw(0,3]               -0.469   0.279   -1.681   0.093
2021-04-18T01:45:00.767464800Z timesincevax_pw(3,7]               -0.743   0.279   -2.661   0.008
2021-04-18T01:45:00.767471800Z timesincevax_pw(7,14]              -0.519   0.195   -2.660   0.008
2021-04-18T01:45:00.767479000Z timesincevax_pw(14,21]             -1.127   0.279   -4.037   0.000
2021-04-18T01:45:00.767486200Z timesincevax_pw(21,28]             -1.880   0.448   -4.195   0.000
2021-04-18T01:45:00.767493200Z timesincevax_pw(28, Inf]           -1.974   0.578   -3.415   0.001
2021-04-18T01:45:00.767500500Z poly(age, degree = 2, raw =         0.586   0.211    2.772   0.006
2021-04-18T01:45:00.767507700Z TRUE)1                                                            
2021-04-18T01:45:00.767514600Z poly(age, degree = 2, raw =        -0.003   0.001   -2.417   0.016
2021-04-18T01:45:00.767521500Z TRUE)2                                                            
2021-04-18T01:45:00.767528400Z sexMale                             0.349   0.061    5.759   0.000
2021-04-18T01:45:00.767535400Z imd2                               -0.185   0.094   -1.965   0.049
2021-04-18T01:45:00.767542200Z imd3                               -0.321   0.092   -3.491   0.000
2021-04-18T01:45:00.767549100Z imd4                               -0.614   0.099   -6.228   0.000
2021-04-18T01:45:00.767556000Z imd5 least deprived                -0.641   0.100   -6.406   0.000
2021-04-18T01:45:00.767563200Z ethnicityBlack                      0.251   0.208    1.206   0.228
2021-04-18T01:45:00.767570100Z ethnicitySouth Asian                0.131   0.155    0.844   0.399
2021-04-18T01:45:00.767576900Z ethnicityMixed                      0.287   0.410    0.701   0.483
2021-04-18T01:45:00.767618900Z ethnicityOther                      0.124   0.318    0.390   0.697
2021-04-18T01:45:00.767626900Z ------------------------------------------------------------------
2021-04-18T01:45:00.767955900Z msmmod1_par data size = 4344278 
2021-04-18T01:45:10.137527000Z memory usage = 2.52 GB 
2021-04-18T01:45:50.833606500Z   
2021-04-18T01:45:50.833716600Z msmmod2 
2021-04-18T01:50:07.844986200Z MODEL INFO:
2021-04-18T01:50:07.845120400Z Observations: 4344278
2021-04-18T01:50:07.845130200Z Dependent Variable: 
2021-04-18T01:50:07.845138000Z Type: Generalized linear model
2021-04-18T01:50:07.845145900Z   Family: binomial 
2021-04-18T01:50:07.845153300Z   Link function: logit 
2021-04-18T01:50:07.845161000Z 
2021-04-18T01:50:07.847466900Z MODEL FIT:
2021-04-18T01:50:07.847576000Z <U+03C7><U+00B2>(40) = 589.163, p = 0.000
2021-04-18T01:50:07.847585500Z Pseudo-R<U+00B2> (Cragg-Uhler) = 
2021-04-18T01:50:07.847593200Z Pseudo-R<U+00B2> (McFadden) = 0.029
2021-04-18T01:50:07.847601100Z AIC = 20010.769, BIC = 20555.428 
2021-04-18T01:50:07.847608800Z 
2021-04-18T01:50:07.847697400Z Standard errors: MLE
2021-04-18T01:50:08.007540700Z ----------------------------------------------------------------------
2021-04-18T01:50:08.007647500Z                                        Est.      S.E.   z val.       p
2021-04-18T01:50:08.007657200Z --------------------------------- --------- --------- -------- -------
2021-04-18T01:50:08.007665300Z (Intercept)                         -31.658     9.267   -3.416   0.001
2021-04-18T01:50:08.007673000Z timesincevax_pw(0,3]                 -0.526     0.279   -1.885   0.059
2021-04-18T01:50:08.007680900Z timesincevax_pw(3,7]                 -0.800     0.279   -2.865   0.004
2021-04-18T01:50:08.007688600Z timesincevax_pw(7,14]                -0.573     0.195   -2.938   0.003
2021-04-18T01:50:08.007696300Z timesincevax_pw(14,21]               -1.175     0.279   -4.207   0.000
2021-04-18T01:50:08.007703900Z timesincevax_pw(21,28]               -1.919     0.448   -4.280   0.000
2021-04-18T01:50:08.007711400Z timesincevax_pw(28, Inf]             -2.017     0.578   -3.489   0.000
2021-04-18T01:50:08.007719100Z poly(age, degree = 2, raw =           0.460     0.211    2.176   0.030
2021-04-18T01:50:08.007727000Z TRUE)1                                                                
2021-04-18T01:50:08.007734800Z poly(age, degree = 2, raw =          -0.002     0.001   -1.832   0.067
2021-04-18T01:50:08.007742600Z TRUE)2                                                                
2021-04-18T01:50:08.007750200Z sexMale                               0.280     0.062    4.526   0.000
2021-04-18T01:50:08.007798100Z imd2                                 -0.149     0.094   -1.585   0.113
2021-04-18T01:50:08.007806200Z imd3                                 -0.260     0.092   -2.815   0.005
2021-04-18T01:50:08.007813100Z imd4                                 -0.538     0.099   -5.429   0.000
2021-04-18T01:50:08.007820100Z imd5 least deprived                  -0.540     0.101   -5.361   0.000
2021-04-18T01:50:08.007829000Z ethnicityBlack                        0.153     0.210    0.727   0.467
2021-04-18T01:50:08.007836000Z ethnicitySouth Asian                  0.036     0.157    0.230   0.818
2021-04-18T01:50:08.007843100Z ethnicityMixed                        0.238     0.410    0.581   0.561
2021-04-18T01:50:08.007850000Z ethnicityOther                        0.133     0.318    0.418   0.676
2021-04-18T01:50:08.007857100Z bmiObese I (30-34.9)                  0.155     0.087    1.780   0.075
2021-04-18T01:50:08.007863900Z bmiObese II (35-39.9)                -0.037     0.170   -0.218   0.827
2021-04-18T01:50:08.007871100Z bmiObese III (40+)                    0.327     0.247    1.325   0.185
2021-04-18T01:50:08.007878000Z chronic_cardiac_disease               0.269     0.149    1.807   0.071
2021-04-18T01:50:08.007885000Z heart_failure                         0.395     0.107    3.680   0.000
2021-04-18T01:50:08.007893900Z other_heart_disease                  -0.088     0.129   -0.684   0.494
2021-04-18T01:50:08.007901200Z dialysis                              0.521     0.503    1.036   0.300
2021-04-18T01:50:08.007908200Z diabetes                              0.298     0.065    4.557   0.000
2021-04-18T01:50:08.007915200Z chronic_liver_disease                 0.911     0.239    3.815   0.000
2021-04-18T01:50:08.007922300Z current_copd                          0.372     0.089    4.189   0.000
2021-04-18T01:50:08.007929300Z other_resp_conditions                 0.053     0.120    0.439   0.661
2021-04-18T01:50:08.007936300Z lung_cancer                           0.415     0.281    1.477   0.140
2021-04-18T01:50:08.007943300Z haematological_cancer                -0.198     0.247   -0.802   0.423
2021-04-18T01:50:08.007950600Z cancer_excl_lung_and_haem             0.149     0.077    1.927   0.054
2021-04-18T01:50:08.007957700Z chemo_or_radio                       -0.050     0.178   -0.283   0.777
2021-04-18T01:50:08.007964700Z permanant_immunosuppression         -10.138   102.662   -0.099   0.921
2021-04-18T01:50:08.007971700Z asplenia                              1.061     0.381    2.785   0.005
2021-04-18T01:50:08.007978600Z dmards                                0.229     0.160    1.433   0.152
2021-04-18T01:50:08.007985500Z dementia                              0.720     0.077    9.298   0.000
2021-04-18T01:50:08.007992500Z other_neuro_conditions                0.804     0.134    6.014   0.000
2021-04-18T01:50:08.007999400Z LD_incl_DS_and_CP                    -0.227     1.003   -0.227   0.821
2021-04-18T01:50:08.008006400Z psychosis_schiz_bipolar               0.226     0.280    0.806   0.421
2021-04-18T01:50:08.008022900Z flu_vaccine                          -0.028     0.091   -0.312   0.755
2021-04-18T01:50:08.008030500Z ----------------------------------------------------------------------
2021-04-18T01:50:08.008119300Z msmmod2_par data size = 4344278 
2021-04-18T01:50:17.445839800Z memory usage = 2.52 GB 
2021-04-18T01:50:58.398134200Z   
2021-04-18T01:50:58.398243600Z msmmod3 
2021-04-18T02:02:53.135132900Z MODEL INFO:
2021-04-18T02:02:53.135226000Z Observations: 4344278
2021-04-18T02:02:53.135237000Z Dependent Variable: 
2021-04-18T02:02:53.135245100Z Type: Generalized linear model
2021-04-18T02:02:53.135253500Z   Family: binomial 
2021-04-18T02:02:53.135261300Z   Link function: logit 
2021-04-18T02:02:53.135269000Z 
2021-04-18T02:02:53.136770800Z MODEL FIT:
2021-04-18T02:02:53.136816100Z <U+03C7><U+00B2>(84) = 785.722, p = 0.000
2021-04-18T02:02:53.136828200Z Pseudo-R<U+00B2> (Cragg-Uhler) = 
2021-04-18T02:02:53.136836200Z Pseudo-R<U+00B2> (McFadden) = 0.038
2021-04-18T02:02:53.136844000Z AIC = 19902.209, BIC = 21031.381 
2021-04-18T02:02:53.136851800Z 
2021-04-18T02:02:53.136991200Z Standard errors: MLE
2021-04-18T02:02:53.409488700Z ----------------------------------------------------------------------
2021-04-18T02:02:53.409541100Z                                        Est.      S.E.   z val.       p
2021-04-18T02:02:53.409550100Z --------------------------------- --------- --------- -------- -------
2021-04-18T02:02:53.409557900Z (Intercept)                         -32.844     9.269   -3.544   0.000
2021-04-18T02:02:53.409565600Z timesincevax_pw(0,3]                 -0.727     0.285   -2.548   0.011
2021-04-18T02:02:53.409573200Z timesincevax_pw(3,7]                 -0.920     0.288   -3.200   0.001
2021-04-18T02:02:53.409581300Z timesincevax_pw(7,14]                -0.538     0.214   -2.511   0.012
2021-04-18T02:02:53.409588900Z timesincevax_pw(14,21]               -0.904     0.306   -2.951   0.003
2021-04-18T02:02:53.409596700Z timesincevax_pw(21,28]               -1.390     0.481   -2.891   0.004
2021-04-18T02:02:53.409604400Z timesincevax_pw(28, Inf]             -1.358     0.618   -2.198   0.028
2021-04-18T02:02:53.409611900Z poly(age, degree = 2, raw =           0.483     0.211    2.285   0.022
2021-04-18T02:02:53.409619500Z TRUE)1                                                                
2021-04-18T02:02:53.409627200Z poly(age, degree = 2, raw =          -0.002     0.001   -1.947   0.052
2021-04-18T02:02:53.409634700Z TRUE)2                                                                
2021-04-18T02:02:53.409642400Z sexMale                               0.291     0.062    4.691   0.000
2021-04-18T02:02:53.409650000Z imd2                                 -0.143     0.096   -1.493   0.136
2021-04-18T02:02:53.409674000Z imd3                                 -0.250     0.095   -2.637   0.008
2021-04-18T02:02:53.409682400Z imd4                                 -0.510     0.101   -5.026   0.000
2021-04-18T02:02:53.409689500Z imd5 least deprived                  -0.501     0.103   -4.857   0.000
2021-04-18T02:02:53.409696500Z ethnicityBlack                       -0.023     0.217   -0.104   0.917
2021-04-18T02:02:53.409703500Z ethnicitySouth Asian                 -0.070     0.162   -0.435   0.664
2021-04-18T02:02:53.409710500Z ethnicityMixed                        0.144     0.412    0.350   0.726
2021-04-18T02:02:53.409717500Z ethnicityOther                        0.011     0.322    0.035   0.972
2021-04-18T02:02:53.409724500Z bmiObese I (30-34.9)                  0.161     0.087    1.849   0.064
2021-04-18T02:02:53.409731500Z bmiObese II (35-39.9)                -0.053     0.170   -0.314   0.754
2021-04-18T02:02:53.409738400Z bmiObese III (40+)                    0.324     0.247    1.312   0.190
2021-04-18T02:02:53.409745400Z chronic_cardiac_disease               0.261     0.149    1.749   0.080
2021-04-18T02:02:53.409752300Z heart_failure                         0.402     0.107    3.741   0.000
2021-04-18T02:02:53.409761000Z other_heart_disease                  -0.074     0.129   -0.573   0.567
2021-04-18T02:02:53.409768200Z dialysis                              0.484     0.504    0.961   0.336
2021-04-18T02:02:53.409775300Z diabetes                              0.297     0.066    4.507   0.000
2021-04-18T02:02:53.409782400Z chronic_liver_disease                 0.909     0.239    3.804   0.000
2021-04-18T02:02:53.409789300Z current_copd                          0.369     0.089    4.154   0.000
2021-04-18T02:02:53.409796300Z other_resp_conditions                 0.046     0.120    0.386   0.699
2021-04-18T02:02:53.409803400Z lung_cancer                           0.407     0.281    1.450   0.147
2021-04-18T02:02:53.409810300Z haematological_cancer                -0.193     0.247   -0.780   0.435
2021-04-18T02:02:53.409817300Z cancer_excl_lung_and_haem             0.147     0.077    1.903   0.057
2021-04-18T02:02:53.409824300Z chemo_or_radio                       -0.040     0.178   -0.224   0.822
2021-04-18T02:02:53.409831500Z permanant_immunosuppression         -10.135   101.280   -0.100   0.920
2021-04-18T02:02:53.409838500Z asplenia                              1.059     0.381    2.780   0.005
2021-04-18T02:02:53.409845600Z dmards                                0.232     0.160    1.451   0.147
2021-04-18T02:02:53.409852700Z dementia                              0.711     0.077    9.170   0.000
2021-04-18T02:02:53.409860100Z other_neuro_conditions                0.787     0.134    5.891   0.000
2021-04-18T02:02:53.409867500Z LD_incl_DS_and_CP                    -0.288     1.003   -0.287   0.774
2021-04-18T02:02:53.409874700Z psychosis_schiz_bipolar               0.212     0.280    0.757   0.449
2021-04-18T02:02:53.409889400Z flu_vaccine                          -0.014     0.091   -0.149   0.882
2021-04-18T02:02:53.409897200Z ns(tstop, df = 4)1                    0.505     0.272    1.856   0.063
2021-04-18T02:02:53.409904200Z ns(tstop, df = 4)2                    1.247     0.297    4.197   0.000
2021-04-18T02:02:53.409911500Z ns(tstop, df = 4)3                    0.263     0.602    0.436   0.663
2021-04-18T02:02:53.409918700Z ns(tstop, df = 4)4                   -0.560     0.469   -1.193   0.233
2021-04-18T02:02:53.409926100Z regionEast Midlands                  -0.229     0.374   -0.612   0.540
2021-04-18T02:02:53.409933200Z regionLondon                         -0.580     0.680   -0.854   0.393
2021-04-18T02:02:53.409940400Z regionNorth East                      0.506     0.464    1.091   0.275
2021-04-18T02:02:53.409947600Z regionNorth West                     -0.704     0.581   -1.212   0.225
2021-04-18T02:02:53.409954600Z regionSouth East                      0.256     0.461    0.556   0.578
2021-04-18T02:02:53.409961700Z regionSouth West                     -1.520     0.575   -2.643   0.008
2021-04-18T02:02:53.409969000Z regionWest Midlands                  -0.137     0.686   -0.200   0.841
2021-04-18T02:02:53.409976500Z regionYorkshire and The              -0.555     0.439   -1.264   0.206
2021-04-18T02:02:53.409984100Z Humber                                                                
2021-04-18T02:02:53.409992000Z ns(tstop, df =                       -0.017     0.431   -0.038   0.969
2021-04-18T02:02:53.409999300Z 4)1:regionEast Midlands                                               
2021-04-18T02:02:53.410006300Z ns(tstop, df =                       -0.404     0.486   -0.831   0.406
2021-04-18T02:02:53.410013500Z 4)2:regionEast Midlands                                               
2021-04-18T02:02:53.410020500Z ns(tstop, df =                        0.302     0.944    0.320   0.749
2021-04-18T02:02:53.410027600Z 4)3:regionEast Midlands                                               
2021-04-18T02:02:53.410034600Z ns(tstop, df =                       -0.055     0.703   -0.079   0.937
2021-04-18T02:02:53.410041900Z 4)4:regionEast Midlands                                               
2021-04-18T02:02:53.410048900Z ns(tstop, df =                        0.232     0.731    0.317   0.751
2021-04-18T02:02:53.410056000Z 4)1:regionLondon                                                      
2021-04-18T02:02:53.410063100Z ns(tstop, df =                        0.952     0.767    1.242   0.214
2021-04-18T02:02:53.410070200Z 4)2:regionLondon                                                      
2021-04-18T02:02:53.410077200Z ns(tstop, df =                        1.048     1.641    0.639   0.523
2021-04-18T02:02:53.410084400Z 4)3:regionLondon                                                      
2021-04-18T02:02:53.410091400Z ns(tstop, df =                       -1.643     1.302   -1.262   0.207
2021-04-18T02:02:53.410098400Z 4)4:regionLondon                                                      
2021-04-18T02:02:53.410112500Z ns(tstop, df =                       -0.555     0.604   -0.920   0.358
2021-04-18T02:02:53.410120500Z 4)1:regionNorth East                                                  
2021-04-18T02:02:53.410127500Z ns(tstop, df =                       -1.987     0.792   -2.508   0.012
2021-04-18T02:02:53.410134700Z 4)2:regionNorth East                                                  
2021-04-18T02:02:53.410141600Z ns(tstop, df =                       -0.554     1.227   -0.452   0.651
2021-04-18T02:02:53.410148800Z 4)3:regionNorth East                                                  
2021-04-18T02:02:53.410155900Z ns(tstop, df =                        0.516     0.874    0.591   0.555
2021-04-18T02:02:53.410162800Z 4)4:regionNorth East                                                  
2021-04-18T02:02:53.410169900Z ns(tstop, df =                        0.820     0.642    1.278   0.201
2021-04-18T02:02:53.410177000Z 4)1:regionNorth West                                                  
2021-04-18T02:02:53.410183900Z ns(tstop, df =                        0.274     0.692    0.397   0.692
2021-04-18T02:02:53.410191800Z 4)2:regionNorth West                                                  
2021-04-18T02:02:53.410199000Z ns(tstop, df =                       -0.163     1.452   -0.112   0.911
2021-04-18T02:02:53.410206200Z 4)3:regionNorth West                                                  
2021-04-18T02:02:53.410213200Z ns(tstop, df =                        0.327     1.053    0.310   0.756
2021-04-18T02:02:53.410220300Z 4)4:regionNorth West                                                  
2021-04-18T02:02:53.410227300Z ns(tstop, df =                       -0.766     0.584   -1.311   0.190
2021-04-18T02:02:53.410234400Z 4)1:regionSouth East                                                  
2021-04-18T02:02:53.410241400Z ns(tstop, df =                       -0.061     0.630   -0.097   0.923
2021-04-18T02:02:53.410248600Z 4)2:regionSouth East                                                  
2021-04-18T02:02:53.410255600Z ns(tstop, df =                       -0.741     1.215   -0.610   0.542
2021-04-18T02:02:53.410262700Z 4)3:regionSouth East                                                  
2021-04-18T02:02:53.410269800Z ns(tstop, df =                        0.252     0.896    0.281   0.779
2021-04-18T02:02:53.410277000Z 4)4:regionSouth East                                                  
2021-04-18T02:02:53.410284000Z ns(tstop, df =                        0.928     0.609    1.524   0.128
2021-04-18T02:02:53.410291100Z 4)1:regionSouth West                                                  
2021-04-18T02:02:53.410298200Z ns(tstop, df =                        0.664     0.641    1.037   0.300
2021-04-18T02:02:53.410305500Z 4)2:regionSouth West                                                  
2021-04-18T02:02:53.410312600Z ns(tstop, df =                        1.360     1.386    0.981   0.327
2021-04-18T02:02:53.410326100Z 4)3:regionSouth West                                                  
2021-04-18T02:02:53.410333900Z ns(tstop, df =                       -0.327     1.022   -0.320   0.749
2021-04-18T02:02:53.410340900Z 4)4:regionSouth West                                                  
2021-04-18T02:02:53.410348000Z ns(tstop, df =                        0.975     0.751    1.297   0.195
2021-04-18T02:02:53.410355100Z 4)1:regionWest Midlands                                               
2021-04-18T02:02:53.410362200Z ns(tstop, df =                       -0.349     0.747   -0.467   0.641
2021-04-18T02:02:53.410369400Z 4)2:regionWest Midlands                                               
2021-04-18T02:02:53.410376700Z ns(tstop, df =                       -0.336     1.706   -0.197   0.844
2021-04-18T02:02:53.410384200Z 4)3:regionWest Midlands                                               
2021-04-18T02:02:53.410391200Z ns(tstop, df =                        1.842     0.860    2.142   0.032
2021-04-18T02:02:53.410399000Z 4)4:regionWest Midlands                                               
2021-04-18T02:02:53.410406500Z ns(tstop, df =                       -0.114     0.512   -0.223   0.824
2021-04-18T02:02:53.410413600Z 4)1:regionYorkshire and The                                           
2021-04-18T02:02:53.410420900Z Humber                                                                
2021-04-18T02:02:53.410428100Z ns(tstop, df =                        0.104     0.614    0.169   0.865
2021-04-18T02:02:53.410435200Z 4)2:regionYorkshire and The                                           
2021-04-18T02:02:53.410442200Z Humber                                                                
2021-04-18T02:02:53.410449200Z ns(tstop, df =                        0.522     1.132    0.462   0.644
2021-04-18T02:02:53.410456400Z 4)3:regionYorkshire and The                                           
2021-04-18T02:02:53.410463500Z Humber                                                                
2021-04-18T02:02:53.410470500Z ns(tstop, df =                       -1.559     1.058   -1.474   0.141
2021-04-18T02:02:53.410477700Z 4)4:regionYorkshire and The                                           
2021-04-18T02:02:53.410485000Z Humber                                                                
2021-04-18T02:02:53.410492100Z ----------------------------------------------------------------------
2021-04-18T02:02:53.410499100Z msmmod3_par data size = 4344278 
2021-04-18T02:03:00.164923600Z memory usage = 2.521 GB 
2021-04-18T02:03:50.083206000Z   
2021-04-18T02:03:50.083261900Z msmmod4 
2021-04-18T02:14:15.411687600Z MODEL INFO:
2021-04-18T02:14:15.411811200Z Observations: 4344278
2021-04-18T02:14:15.411821000Z Dependent Variable: 
2021-04-18T02:14:15.411828500Z Type: Generalized linear model
2021-04-18T02:14:15.411836200Z   Family: binomial 
2021-04-18T02:14:15.411883100Z   Link function: logit 
2021-04-18T02:14:15.411891100Z 
2021-04-18T02:14:15.413908200Z MODEL FIT:
2021-04-18T02:14:15.414002000Z <U+03C7><U+00B2>(84) = 774.981, p = 0.000
2021-04-18T02:14:15.414012400Z Pseudo-R<U+00B2> (Cragg-Uhler) = 
2021-04-18T02:14:15.414020100Z Pseudo-R<U+00B2> (McFadden) = 0.039
2021-04-18T02:14:15.414027300Z AIC = 19694.575, BIC = 20823.747 
2021-04-18T02:14:15.414034600Z 
2021-04-18T02:14:15.414044500Z Standard errors: MLE
2021-04-18T02:14:15.712016500Z ----------------------------------------------------------------------
2021-04-18T02:14:15.712099700Z                                        Est.      S.E.   z val.       p
2021-04-18T02:14:15.712108600Z --------------------------------- --------- --------- -------- -------
2021-04-18T02:14:15.712115900Z (Intercept)                         -31.485     9.361   -3.364   0.001
2021-04-18T02:14:15.712123100Z timesincevax_pw(0,3]                 -0.599     0.288   -2.077   0.038
2021-04-18T02:14:15.712130300Z timesincevax_pw(3,7]                 -0.843     0.298   -2.825   0.005
2021-04-18T02:14:15.712137500Z timesincevax_pw(7,14]                -0.356     0.213   -1.666   0.096
2021-04-18T02:14:15.712144600Z timesincevax_pw(14,21]               -0.751     0.306   -2.458   0.014
2021-04-18T02:14:15.712151800Z timesincevax_pw(21,28]               -1.268     0.477   -2.658   0.008
2021-04-18T02:14:15.712158800Z timesincevax_pw(28, Inf]             -1.406     0.646   -2.176   0.030
2021-04-18T02:14:15.712165900Z poly(age, degree = 2, raw =           0.450     0.213    2.109   0.035
2021-04-18T02:14:15.712172800Z TRUE)1                                                                
2021-04-18T02:14:15.712180000Z poly(age, degree = 2, raw =          -0.002     0.001   -1.759   0.079
2021-04-18T02:14:15.712187000Z TRUE)2                                                                
2021-04-18T02:14:15.712194400Z sexMale                               0.300     0.063    4.740   0.000
2021-04-18T02:14:15.712201700Z imd2                                 -0.156     0.097   -1.608   0.108
2021-04-18T02:14:15.712208700Z imd3                                 -0.267     0.096   -2.770   0.006
2021-04-18T02:14:15.712215600Z imd4                                 -0.553     0.104   -5.335   0.000
2021-04-18T02:14:15.712222800Z imd5 least deprived                  -0.538     0.105   -5.111   0.000
2021-04-18T02:14:15.712229800Z ethnicityBlack                        0.022     0.218    0.099   0.921
2021-04-18T02:14:15.712236700Z ethnicitySouth Asian                 -0.061     0.164   -0.368   0.713
2021-04-18T02:14:15.712243600Z ethnicityMixed                        0.194     0.413    0.469   0.639
2021-04-18T02:14:15.712250600Z ethnicityOther                        0.046     0.325    0.143   0.887
2021-04-18T02:14:15.712285600Z bmiObese I (30-34.9)                  0.152     0.089    1.698   0.090
2021-04-18T02:14:15.712293800Z bmiObese II (35-39.9)                 0.012     0.168    0.070   0.944
2021-04-18T02:14:15.712300800Z bmiObese III (40+)                    0.307     0.255    1.204   0.229
2021-04-18T02:14:15.712310900Z chronic_cardiac_disease               0.242     0.151    1.602   0.109
2021-04-18T02:14:15.712318000Z heart_failure                         0.443     0.109    4.068   0.000
2021-04-18T02:14:15.712327300Z other_heart_disease                  -0.065     0.131   -0.495   0.621
2021-04-18T02:14:15.712334700Z dialysis                              0.506     0.508    0.996   0.319
2021-04-18T02:14:15.712342000Z diabetes                              0.304     0.067    4.524   0.000
2021-04-18T02:14:15.712348900Z chronic_liver_disease                 0.937     0.241    3.891   0.000
2021-04-18T02:14:15.712356000Z current_copd                          0.351     0.091    3.853   0.000
2021-04-18T02:14:15.712363300Z other_resp_conditions                 0.057     0.122    0.470   0.638
2021-04-18T02:14:15.712370500Z lung_cancer                           0.384     0.291    1.318   0.187
2021-04-18T02:14:15.712377500Z haematological_cancer                -0.200     0.252   -0.791   0.429
2021-04-18T02:14:15.712384700Z cancer_excl_lung_and_haem             0.144     0.079    1.823   0.068
2021-04-18T02:14:15.712391500Z chemo_or_radio                       -0.033     0.181   -0.183   0.855
2021-04-18T02:14:15.712398500Z permanant_immunosuppression         -10.090   101.322   -0.100   0.921
2021-04-18T02:14:15.712405800Z asplenia                              1.116     0.380    2.934   0.003
2021-04-18T02:14:15.712413500Z dmards                                0.225     0.164    1.370   0.171
2021-04-18T02:14:15.712420600Z dementia                              0.744     0.078    9.511   0.000
2021-04-18T02:14:15.712427700Z other_neuro_conditions                0.840     0.133    6.311   0.000
2021-04-18T02:14:15.712434600Z LD_incl_DS_and_CP                    -0.272     1.004   -0.271   0.787
2021-04-18T02:14:15.712441900Z psychosis_schiz_bipolar               0.230     0.283    0.812   0.417
2021-04-18T02:14:15.712452400Z flu_vaccine                          -0.049     0.092   -0.534   0.593
2021-04-18T02:14:15.712459500Z ns(tstop, df = 4)1                    0.515     0.274    1.882   0.060
2021-04-18T02:14:15.712466500Z ns(tstop, df = 4)2                    1.111     0.310    3.578   0.000
2021-04-18T02:14:15.712473500Z ns(tstop, df = 4)3                   -0.112     0.611   -0.183   0.855
2021-04-18T02:14:15.712480300Z ns(tstop, df = 4)4                   -0.940     0.517   -1.820   0.069
2021-04-18T02:14:15.712487500Z regionEast Midlands                  -0.233     0.373   -0.624   0.533
2021-04-18T02:14:15.712494400Z regionLondon                         -0.598     0.678   -0.882   0.378
2021-04-18T02:14:15.712501500Z regionNorth East                      0.477     0.464    1.028   0.304
2021-04-18T02:14:15.712548300Z regionNorth West                     -0.694     0.578   -1.200   0.230
2021-04-18T02:14:15.712556500Z regionSouth East                      0.248     0.460    0.539   0.590
2021-04-18T02:14:15.712563400Z regionSouth West                     -1.486     0.570   -2.607   0.009
2021-04-18T02:14:15.712570600Z regionWest Midlands                  -0.147     0.683   -0.215   0.830
2021-04-18T02:14:15.712578100Z regionYorkshire and The              -0.562     0.438   -1.282   0.200
2021-04-18T02:14:15.712585500Z Humber                                                                
2021-04-18T02:14:15.712592500Z ns(tstop, df =                        0.023     0.434    0.052   0.959
2021-04-18T02:14:15.712599500Z 4)1:regionEast Midlands                                               
2021-04-18T02:14:15.712606400Z ns(tstop, df =                       -0.631     0.510   -1.239   0.215
2021-04-18T02:14:15.712613500Z 4)2:regionEast Midlands                                               
2021-04-18T02:14:15.712620600Z ns(tstop, df =                        0.432     0.952    0.454   0.650
2021-04-18T02:14:15.712627700Z 4)3:regionEast Midlands                                               
2021-04-18T02:14:15.712634700Z ns(tstop, df =                        0.284     0.741    0.384   0.701
2021-04-18T02:14:15.712641800Z 4)4:regionEast Midlands                                               
2021-04-18T02:14:15.712648900Z ns(tstop, df =                        0.246     0.732    0.336   0.737
2021-04-18T02:14:15.712655900Z 4)1:regionLondon                                                      
2021-04-18T02:14:15.712662900Z ns(tstop, df =                        0.827     0.787    1.050   0.294
2021-04-18T02:14:15.712670000Z 4)2:regionLondon                                                      
2021-04-18T02:14:15.712677000Z ns(tstop, df =                        1.249     1.645    0.759   0.448
2021-04-18T02:14:15.712683900Z 4)3:regionLondon                                                      
2021-04-18T02:14:15.712690900Z ns(tstop, df =                       -1.256     1.331   -0.944   0.345
2021-04-18T02:14:15.712697900Z 4)4:regionLondon                                                      
2021-04-18T02:14:15.712705200Z ns(tstop, df =                       -0.656     0.608   -1.080   0.280
2021-04-18T02:14:15.712712100Z 4)1:regionNorth East                                                  
2021-04-18T02:14:15.712719200Z ns(tstop, df =                       -1.867     0.769   -2.427   0.015
2021-04-18T02:14:15.712726100Z 4)2:regionNorth East                                                  
2021-04-18T02:14:15.712733100Z ns(tstop, df =                        0.023     1.221    0.019   0.985
2021-04-18T02:14:15.712740000Z 4)3:regionNorth East                                                  
2021-04-18T02:14:15.712747000Z ns(tstop, df =                        1.217     0.816    1.492   0.136
2021-04-18T02:14:15.712759900Z 4)4:regionNorth East                                                  
2021-04-18T02:14:15.712767400Z ns(tstop, df =                        0.884     0.641    1.379   0.168
2021-04-18T02:14:15.712774400Z 4)1:regionNorth West                                                  
2021-04-18T02:14:15.712781200Z ns(tstop, df =                       -0.115     0.695   -0.166   0.868
2021-04-18T02:14:15.712788900Z 4)2:regionNorth West                                                  
2021-04-18T02:14:15.712796500Z ns(tstop, df =                        0.301     1.441    0.209   0.835
2021-04-18T02:14:15.712803500Z 4)3:regionNorth West                                                  
2021-04-18T02:14:15.712810400Z ns(tstop, df =                        1.475     0.927    1.591   0.112
2021-04-18T02:14:15.712817500Z 4)4:regionNorth West                                                  
2021-04-18T02:14:15.712824400Z ns(tstop, df =                       -0.760     0.589   -1.290   0.197
2021-04-18T02:14:15.712831400Z 4)1:regionSouth East                                                  
2021-04-18T02:14:15.712838300Z ns(tstop, df =                       -0.113     0.652   -0.174   0.862
2021-04-18T02:14:15.712845400Z 4)2:regionSouth East                                                  
2021-04-18T02:14:15.712852300Z ns(tstop, df =                       -0.555     1.223   -0.454   0.650
2021-04-18T02:14:15.712859300Z 4)3:regionSouth East                                                  
2021-04-18T02:14:15.712866300Z ns(tstop, df =                        0.525     0.941    0.558   0.577
2021-04-18T02:14:15.712873300Z 4)4:regionSouth East                                                  
2021-04-18T02:14:15.712880400Z ns(tstop, df =                        0.997     0.607    1.644   0.100
2021-04-18T02:14:15.712887300Z 4)1:regionSouth West                                                  
2021-04-18T02:14:15.712894400Z ns(tstop, df =                        0.445     0.662    0.672   0.501
2021-04-18T02:14:15.712901200Z 4)2:regionSouth West                                                  
2021-04-18T02:14:15.712908300Z ns(tstop, df =                        1.381     1.387    0.996   0.319
2021-04-18T02:14:15.712915100Z 4)3:regionSouth West                                                  
2021-04-18T02:14:15.712922000Z ns(tstop, df =                        0.006     1.064    0.005   0.996
2021-04-18T02:14:15.712928900Z 4)4:regionSouth West                                                  
2021-04-18T02:14:15.712935800Z ns(tstop, df =                        0.960     0.753    1.274   0.203
2021-04-18T02:14:15.712942600Z 4)1:regionWest Midlands                                               
2021-04-18T02:14:15.712949500Z ns(tstop, df =                       -0.365     0.762   -0.479   0.632
2021-04-18T02:14:15.712956400Z 4)2:regionWest Midlands                                               
2021-04-18T02:14:15.712963500Z ns(tstop, df =                       -0.187     1.711   -0.109   0.913
2021-04-18T02:14:15.712975700Z 4)3:regionWest Midlands                                               
2021-04-18T02:14:15.712983100Z ns(tstop, df =                        2.169     0.895    2.424   0.015
2021-04-18T02:14:15.712990000Z 4)4:regionWest Midlands                                               
2021-04-18T02:14:15.712997500Z ns(tstop, df =                       -0.132     0.515   -0.257   0.797
2021-04-18T02:14:15.713004600Z 4)1:regionYorkshire and The                                           
2021-04-18T02:14:15.713011700Z Humber                                                                
2021-04-18T02:14:15.713018700Z ns(tstop, df =                        0.095     0.641    0.148   0.882
2021-04-18T02:14:15.713025900Z 4)2:regionYorkshire and The                                           
2021-04-18T02:14:15.713032700Z Humber                                                                
2021-04-18T02:14:15.713039600Z ns(tstop, df =                        0.574     1.150    0.499   0.618
2021-04-18T02:14:15.713046500Z 4)3:regionYorkshire and The                                           
2021-04-18T02:14:15.713053400Z Humber                                                                
2021-04-18T02:14:15.713060300Z ns(tstop, df =                       -1.517     1.156   -1.312   0.190
2021-04-18T02:14:15.713067100Z 4)4:regionYorkshire and The                                           
2021-04-18T02:14:15.713074000Z Humber                                                                
2021-04-18T02:14:15.713080900Z ----------------------------------------------------------------------
2021-04-18T02:14:15.713087900Z msmmod4_par data size = 4344278 
2021-04-18T02:14:25.564727900Z memory usage = 2.521 GB 
2021-04-18T02:15:21.909539200Z NULL
2021-04-18T02:15:21.909600300Z   
2021-04-18T02:15:23.329601900Z             used   (Mb) gc trigger    (Mb)  max used   (Mb)
2021-04-18T02:15:23.329692900Z Ncells   2339987  125.0   10402228   555.6   2339987  125.0
2021-04-18T02:15:23.329702400Z Vcells 705888642 5385.6 1567683171 11960.5 705888642 5385.6
2021-04-18T02:15:23.329684400Z Warning message:
2021-04-18T02:15:23.329724000Z Removed 882 rows containing non-finite values (stat_bin). 


state: succeeded
commit: cc87fd96febd7e5e8733f46ab1117e4d3c1fb820
docker_image_id: sha256:c2fc5042bf86134947d83ad8e70bd926e2c1f91a263c6bfe87438ad783bec981
exit_code: 0
job_id: fzkv2e22ikk7mqz5
run_by_user: wjchulme
created_at: 2021-04-17T21:43:50Z
started_at: 2021-04-18T00:55:06Z
completed_at: 2021-04-18T02:15:34Z

Completed successfully

outputs:
  output/over80s/covidadmitted/az/all/all/data_atrisk_death.rds         - highly_sensitive    
  output/over80s/covidadmitted/az/all/all/data_atrisk_vaxaz1.rds        - highly_sensitive    
  output/over80s/covidadmitted/az/all/all/data_atrisk_vaxpfizer1.rds    - highly_sensitive    
  output/over80s/covidadmitted/az/all/all/data_weights.rds              - highly_sensitive    
  output/over80s/covidadmitted/az/all/all/model0.rds                    - highly_sensitive    
  output/over80s/covidadmitted/az/all/all/model1.rds                    - highly_sensitive    
  output/over80s/covidadmitted/az/all/all/model2.rds                    - highly_sensitive    
  output/over80s/covidadmitted/az/all/all/model3.rds                    - highly_sensitive    
  output/over80s/covidadmitted/az/all/all/model4.rds                    - highly_sensitive    
  output/over80s/covidadmitted/az/all/all/model_death.rds               - highly_sensitive    
  output/over80s/covidadmitted/az/all/all/model_formula_death.rds       - highly_sensitive    
  output/over80s/covidadmitted/az/all/all/model_formula_vaxaz1.rds      - highly_sensitive    
  output/over80s/covidadmitted/az/all/all/model_formula_vaxpfizer1.rds  - highly_sensitive    
  output/over80s/covidadmitted/az/all/all/model_vaxaz1.rds              - highly_sensitive    
  output/over80s/covidadmitted/az/all/all/model_vaxpfizer1.rds          - highly_sensitive    
  output/over80s/covidadmitted/az/all/all/weights_histogram.svg         - moderately_sensitive
  output/over80s/covidadmitted/az/all/all/weights_table.txt             - moderately_sensitive