2021-03-03T21:52:32.808272500Z -- Attaching packages --------------------------------------- tidyverse 1.3.0 --
2021-03-03T21:52:32.817217700Z v ggplot2 3.3.2     v purrr   0.3.4
2021-03-03T21:52:32.817265900Z v tibble  3.0.3     v dplyr   1.0.2
2021-03-03T21:52:32.817274500Z v tidyr   1.1.2     v stringr 1.4.0
2021-03-03T21:52:32.817281400Z v readr   1.3.1     v forcats 0.5.0
2021-03-03T21:52:32.978344500Z -- Conflicts ------------------------------------------ tidyverse_conflicts() --
2021-03-03T21:52:32.978414600Z x dplyr::filter() masks stats::filter()
2021-03-03T21:52:32.978422000Z x dplyr::lag()    masks stats::lag()
2021-03-03T21:52:34.766814500Z 
2021-03-03T21:52:34.766864800Z Attaching package: 'lubridate'
2021-03-03T21:52:34.766873200Z 
2021-03-03T21:52:34.768158400Z The following objects are masked from 'package:base':
2021-03-03T21:52:34.768179500Z 
2021-03-03T21:52:34.768187900Z     date, intersect, setdiff, union
2021-03-03T21:52:34.768195100Z 
2021-03-03T21:52:35.089814200Z <environment: R_GlobalEnv>
2021-03-03T21:53:24.587905100Z ipwvax1 
2021-03-03T21:54:38.560687000Z MODEL INFO:
2021-03-03T21:54:38.560783800Z Observations: 7435094
2021-03-03T21:54:38.560793000Z Dependent Variable: 
2021-03-03T21:54:38.560800500Z Type: Generalized linear model
2021-03-03T21:54:38.560808000Z   Family: binomial 
2021-03-03T21:54:38.560815900Z   Link function: logit 
2021-03-03T21:54:38.560823600Z 
2021-03-03T21:54:38.562810900Z MODEL FIT:
2021-03-03T21:54:38.562837200Z <U+03C7><U+00B2>(10) = 104057.56, p = 0.00
2021-03-03T21:54:38.562846900Z Pseudo-R<U+00B2> (Cragg-Uhler) = 
2021-03-03T21:54:38.562854600Z Pseudo-R<U+00B2> (McFadden) = 0.06
2021-03-03T21:54:38.562862200Z AIC = 1595368.92, BIC = 1595520.96 
2021-03-03T21:54:38.562869700Z 
2021-03-03T21:54:38.563206300Z Standard errors: MLE
2021-03-03T21:54:38.616763000Z ---------------------------------------------------------------
2021-03-03T21:54:38.616784100Z                                     Est.   S.E.   z val.      p
2021-03-03T21:54:38.616793500Z ------------------------------- -------- ------ -------- ------
2021-03-03T21:54:38.616801600Z (Intercept)                       -18.34   0.86   -21.29   0.00
2021-03-03T21:54:38.616809300Z age                                 0.31   0.02    15.45   0.00
2021-03-03T21:54:38.616817200Z I(age  age)                        -0.00   0.00   -16.56   0.00
2021-03-03T21:54:38.616825000Z sexMale                             0.06   0.00    12.75   0.00
2021-03-03T21:54:38.616832900Z imd2                                0.12   0.01    13.31   0.00
2021-03-03T21:54:38.616840600Z imd3                                0.20   0.01    23.31   0.00
2021-03-03T21:54:38.616885000Z imd4                                0.27   0.01    31.74   0.00
2021-03-03T21:54:38.616893100Z imd5 most deprived                  0.32   0.01    37.48   0.00
2021-03-03T21:54:38.616900400Z ns(tstop, knots = knots)1           5.03   0.02   248.03   0.00
2021-03-03T21:54:38.616907700Z ns(tstop, knots = knots)2           1.73   0.01   158.82   0.00
2021-03-03T21:54:38.616914900Z hospital_status                     0.06   0.02     2.75   0.01
2021-03-03T21:54:38.616922000Z ---------------------------------------------------------------
2021-03-03T21:54:38.616980100Z ipwvax2 
2021-03-03T21:54:50.115951600Z MODEL INFO:
2021-03-03T21:54:50.116038300Z Observations: 1251775
2021-03-03T21:54:50.116046600Z Dependent Variable: 
2021-03-03T21:54:50.116053600Z Type: Generalized linear model
2021-03-03T21:54:50.116060500Z   Family: binomial 
2021-03-03T21:54:50.116067300Z   Link function: logit 
2021-03-03T21:54:50.116074200Z 
2021-03-03T21:54:50.117865300Z MODEL FIT:
2021-03-03T21:54:50.117894300Z <U+03C7><U+00B2>(9) = 41.21, p = 0.00
2021-03-03T21:54:50.117904400Z Pseudo-R<U+00B2> (Cragg-Uhler) = 
2021-03-03T21:54:50.117911700Z Pseudo-R<U+00B2> (McFadden) = 0.08
2021-03-03T21:54:50.117918800Z AIC = 526.40, BIC = 646.80 
2021-03-03T21:54:50.117925600Z 
2021-03-03T21:54:50.118129900Z Standard errors: MLE
2021-03-03T21:54:50.161564700Z ----------------------------------------------------------------
2021-03-03T21:54:50.161585900Z                                     Est.    S.E.   z val.      p
2021-03-03T21:54:50.161593500Z ------------------------------- -------- ------- -------- ------
2021-03-03T21:54:50.161600700Z (Intercept)                       -65.71   73.65    -0.89   0.37
2021-03-03T21:54:50.161607600Z age                                -0.83    1.04    -0.80   0.42
2021-03-03T21:54:50.161614900Z I(age  age)                         0.01    0.01     0.86   0.39
2021-03-03T21:54:50.161621900Z sexMale                            -0.19    0.46    -0.42   0.67
2021-03-03T21:54:50.161628900Z imd2                               -1.51    0.65    -2.32   0.02
2021-03-03T21:54:50.161635500Z imd3                               -1.79    0.65    -2.75   0.01
2021-03-03T21:54:50.161642300Z imd4                               -1.28    0.54    -2.38   0.02
2021-03-03T21:54:50.161649000Z imd5 most deprived                 -2.81    1.04    -2.69   0.01
2021-03-03T21:54:50.161656000Z ns(tstop, knots = knots)1         145.76   94.29     1.55   0.12
2021-03-03T21:54:50.161662800Z ns(tstop, knots = knots)2          61.93   38.53     1.61   0.11
2021-03-03T21:54:50.161669300Z hospital_status                                                 
2021-03-03T21:54:50.161706300Z ----------------------------------------------------------------
2021-03-03T21:54:50.161716200Z ipwvax1_fxd 
2021-03-03T21:57:51.402889300Z MODEL INFO:
2021-03-03T21:57:51.402984100Z Observations: 7435094
2021-03-03T21:57:51.402993500Z Dependent Variable: 
2021-03-03T21:57:51.403001100Z Type: Generalized linear model
2021-03-03T21:57:51.403008600Z   Family: binomial 
2021-03-03T21:57:51.403016300Z   Link function: logit 
2021-03-03T21:57:51.403023600Z 
2021-03-03T21:57:51.404686100Z MODEL FIT:
2021-03-03T21:57:51.404708900Z <U+03C7><U+00B2>(33) = 111707.88, p = 0.00
2021-03-03T21:57:51.404718600Z Pseudo-R<U+00B2> (Cragg-Uhler) = 
2021-03-03T21:57:51.404726300Z Pseudo-R<U+00B2> (McFadden) = 0.07
2021-03-03T21:57:51.404734000Z AIC = 1587764.61, BIC = 1588234.55 
2021-03-03T21:57:51.404741300Z 
2021-03-03T21:57:51.404892700Z Standard errors: MLE
2021-03-03T21:57:51.514953100Z ---------------------------------------------------------------
2021-03-03T21:57:51.515014500Z                                     Est.   S.E.   z val.      p
2021-03-03T21:57:51.515022600Z ------------------------------- -------- ------ -------- ------
2021-03-03T21:57:51.515030100Z (Intercept)                       -18.19   0.86   -21.09   0.00
2021-03-03T21:57:51.515037300Z age                                 0.31   0.02    15.71   0.00
2021-03-03T21:57:51.515044600Z I(age  age)                        -0.00   0.00   -16.82   0.00
2021-03-03T21:57:51.515051800Z sexMale                             0.06   0.00    13.13   0.00
2021-03-03T21:57:51.515059200Z imd2                                0.15   0.01    16.85   0.00
2021-03-03T21:57:51.515066500Z imd3                                0.23   0.01    26.87   0.00
2021-03-03T21:57:51.515074000Z imd4                                0.29   0.01    34.09   0.00
2021-03-03T21:57:51.515081300Z imd5 most deprived                  0.34   0.01    39.14   0.00
2021-03-03T21:57:51.515088700Z ns(tstop, knots = knots)1           4.10   0.04   108.65   0.00
2021-03-03T21:57:51.515096300Z ns(tstop, knots = knots)2           1.95   0.02    93.91   0.00
2021-03-03T21:57:51.515103700Z regionEast Midlands                -1.86   0.04   -47.65   0.00
2021-03-03T21:57:51.515110900Z regionLondon                       -1.43   0.07   -20.11   0.00
2021-03-03T21:57:51.515118300Z regionNorth East                   -0.50   0.05    -9.71   0.00
2021-03-03T21:57:51.515125500Z regionNorth West                   -0.35   0.04    -9.46   0.00
2021-03-03T21:57:51.515133100Z regionSouth East                   -0.56   0.04   -13.57   0.00
2021-03-03T21:57:51.515140300Z regionSouth West                   -0.48   0.03   -16.02   0.00
2021-03-03T21:57:51.515147600Z regionWest Midlands                 0.29   0.05     6.06   0.00
2021-03-03T21:57:51.515188100Z regionYorkshire and The             0.18   0.03     6.10   0.00
2021-03-03T21:57:51.515195800Z Humber                                                         
2021-03-03T21:57:51.515202500Z ns(tstop, knots =                   3.74   0.08    48.30   0.00
2021-03-03T21:57:51.515209400Z knots)1:regionEast Midlands                                    
2021-03-03T21:57:51.515216000Z ns(tstop, knots =                   0.35   0.03    10.21   0.00
2021-03-03T21:57:51.515223100Z knots)2:regionEast Midlands                                    
2021-03-03T21:57:51.515229800Z ns(tstop, knots =                   2.17   0.14    15.26   0.00
2021-03-03T21:57:51.515236500Z knots)1:regionLondon                                           
2021-03-03T21:57:51.515243100Z ns(tstop, knots =                  -1.44   0.07   -21.80   0.00
2021-03-03T21:57:51.515250000Z knots)2:regionLondon                                           
2021-03-03T21:57:51.515256800Z ns(tstop, knots =                   1.33   0.10    12.72   0.00
2021-03-03T21:57:51.515266500Z knots)1:regionNorth East                                       
2021-03-03T21:57:51.515275700Z ns(tstop, knots =                  -0.56   0.06    -9.59   0.00
2021-03-03T21:57:51.515282500Z knots)2:regionNorth East                                       
2021-03-03T21:57:51.515289200Z ns(tstop, knots =                   1.20   0.08    15.68   0.00
2021-03-03T21:57:51.515296000Z knots)1:regionNorth West                                       
2021-03-03T21:57:51.515302700Z ns(tstop, knots =                  -0.41   0.05    -8.99   0.00
2021-03-03T21:57:51.515309500Z knots)2:regionNorth West                                       
2021-03-03T21:57:51.515316100Z ns(tstop, knots =                   1.12   0.08    13.34   0.00
2021-03-03T21:57:51.515323000Z knots)1:regionSouth East                                       
2021-03-03T21:57:51.515329600Z ns(tstop, knots =                  -0.08   0.04    -1.87   0.06
2021-03-03T21:57:51.515336500Z knots)2:regionSouth East                                       
2021-03-03T21:57:51.515343100Z ns(tstop, knots =                   1.22   0.06    19.79   0.00
2021-03-03T21:57:51.515349900Z knots)1:regionSouth West                                       
2021-03-03T21:57:51.515356700Z ns(tstop, knots =                   0.19   0.03     5.79   0.00
2021-03-03T21:57:51.515363300Z knots)2:regionSouth West                                       
2021-03-03T21:57:51.515370200Z ns(tstop, knots =                  -0.62   0.10    -6.19   0.00
2021-03-03T21:57:51.515376800Z knots)1:regionWest Midlands                                    
2021-03-03T21:57:51.515383600Z ns(tstop, knots =                  -1.13   0.06   -18.57   0.00
2021-03-03T21:57:51.515391400Z knots)2:regionWest Midlands                                    
2021-03-03T21:57:51.515398200Z ns(tstop, knots =                  -0.09   0.06    -1.44   0.15
2021-03-03T21:57:51.515412200Z knots)1:regionYorkshire and                                    
2021-03-03T21:57:51.515419700Z The Humber                                                     
2021-03-03T21:57:51.515426500Z ns(tstop, knots =                  -0.69   0.04   -18.17   0.00
2021-03-03T21:57:51.515433400Z knots)2:regionYorkshire and                                    
2021-03-03T21:57:51.515440000Z The Humber                                                     
2021-03-03T21:57:51.515446900Z ---------------------------------------------------------------
2021-03-03T21:57:51.515453700Z ipwvax2_fxd 
2021-03-03T21:58:43.553040900Z Warning message:
2021-03-03T21:58:43.553104500Z parglm.fit: algorithm did not converge 
2021-03-03T21:58:48.530818100Z MODEL INFO:
2021-03-03T21:58:48.530929700Z Observations: 1251775
2021-03-03T21:58:48.530963000Z Dependent Variable: 
2021-03-03T21:58:48.530971200Z Type: Generalized linear model
2021-03-03T21:58:48.530979300Z   Family: binomial 
2021-03-03T21:58:48.530987000Z   Link function: logit 
2021-03-03T21:58:48.530994600Z 
2021-03-03T21:58:48.532777800Z MODEL FIT:
2021-03-03T21:58:48.532802500Z <U+03C7><U+00B2>(33) = 96.06, p = 0.00
2021-03-03T21:58:48.532812300Z Pseudo-R<U+00B2> (Cragg-Uhler) = 
2021-03-03T21:58:48.532820000Z Pseudo-R<U+00B2> (McFadden) = 0.18
2021-03-03T21:58:48.532827700Z AIC = 519.55, BIC = 928.91 
2021-03-03T21:58:48.532835100Z 
2021-03-03T21:58:48.533193500Z Standard errors: MLE
2021-03-03T21:58:48.646047400Z -----------------------------------------------------------------------
2021-03-03T21:58:48.646130400Z                                        Est.        S.E.   z val.      p
2021-03-03T21:58:48.646139200Z ------------------------------- ----------- ----------- -------- ------
2021-03-03T21:58:48.646146800Z (Intercept)                       -39340.95    57465.96    -0.68   0.49
2021-03-03T21:58:48.646154700Z age                                   -0.76        1.00    -0.77   0.44
2021-03-03T21:58:48.646162200Z I(age  age)                            0.00        0.01     0.83   0.40
2021-03-03T21:58:48.646169900Z sexMale                               -0.21        0.46    -0.45   0.65
2021-03-03T21:58:48.646177300Z imd2                                  -1.14        0.65    -1.75   0.08
2021-03-03T21:58:48.646184800Z imd3                                  -1.38        0.66    -2.11   0.03
2021-03-03T21:58:48.646192200Z imd4                                  -0.98        0.54    -1.80   0.07
2021-03-03T21:58:48.646199600Z imd5 most deprived                    -2.46        1.04    -2.35   0.02
2021-03-03T21:58:48.646206900Z ns(tstop, knots = knots)1          64728.06    94499.47     0.68   0.49
2021-03-03T21:58:48.646249100Z ns(tstop, knots = knots)2          25821.63    37692.62     0.69   0.49
2021-03-03T21:58:48.646256700Z regionEast Midlands                38156.21    57476.35     0.66   0.51
2021-03-03T21:58:48.646263500Z regionLondon                       39347.06    79618.01     0.49   0.62
2021-03-03T21:58:48.646270200Z regionNorth East                   -7958.99   151895.74    -0.05   0.96
2021-03-03T21:58:48.646277300Z regionNorth West                   39300.18    57465.99     0.68   0.49
2021-03-03T21:58:48.646283900Z regionSouth East                   39346.51    68070.45     0.58   0.56
2021-03-03T21:58:48.646290900Z regionSouth West                  -47504.85    86643.26    -0.55   0.58
2021-03-03T21:58:48.646297600Z regionWest Midlands                39346.80    73974.50     0.53   0.59
2021-03-03T21:58:48.646304400Z regionYorkshire and The            39258.23    57466.02     0.68   0.49
2021-03-03T21:58:48.646311000Z Humber                                                                 
2021-03-03T21:58:48.646318000Z ns(tstop, knots =                 -62780.82    94515.92    -0.66   0.51
2021-03-03T21:58:48.646324700Z knots)1:regionEast Midlands                                            
2021-03-03T21:58:48.646331500Z ns(tstop, knots =                 -25004.31    37699.92    -0.66   0.51
2021-03-03T21:58:48.646338200Z knots)2:regionEast Midlands                                            
2021-03-03T21:58:48.646345000Z ns(tstop, knots =                 -64729.18   135017.89    -0.48   0.63
2021-03-03T21:58:48.646351600Z knots)1:regionLondon                                                   
2021-03-03T21:58:48.646360600Z ns(tstop, knots =                 -25822.08    50448.73    -0.51   0.61
2021-03-03T21:58:48.646367500Z knots)2:regionLondon                                                   
2021-03-03T21:58:48.646374400Z ns(tstop, knots =                  13484.95   250871.64     0.05   0.96
2021-03-03T21:58:48.646381000Z knots)1:regionNorth East                                               
2021-03-03T21:58:48.646388000Z ns(tstop, knots =                   4888.11    98713.01     0.05   0.96
2021-03-03T21:58:48.646394700Z knots)2:regionNorth East                                               
2021-03-03T21:58:48.646401600Z ns(tstop, knots =                 -64624.36    94499.55    -0.68   0.49
2021-03-03T21:58:48.646408300Z knots)1:regionNorth West                                               
2021-03-03T21:58:48.646415200Z ns(tstop, knots =                 -25781.09    37692.65    -0.68   0.49
2021-03-03T21:58:48.646421800Z knots)2:regionNorth West                                               
2021-03-03T21:58:48.646428700Z ns(tstop, knots =                 -64727.61   114084.58    -0.57   0.57
2021-03-03T21:58:48.646435300Z knots)1:regionSouth East                                               
2021-03-03T21:58:48.646442200Z ns(tstop, knots =                 -25821.54    43714.69    -0.59   0.55
2021-03-03T21:58:48.646448900Z knots)2:regionSouth East                                               
2021-03-03T21:58:48.646462700Z ns(tstop, knots =                  74141.17   140273.85     0.53   0.60
2021-03-03T21:58:48.646469900Z knots)1:regionSouth West                                               
2021-03-03T21:58:48.646476800Z ns(tstop, knots =                  33561.17    58184.29     0.58   0.56
2021-03-03T21:58:48.646483500Z knots)2:regionSouth West                                               
2021-03-03T21:58:48.646490300Z ns(tstop, knots =                 -64729.07   125372.72    -0.52   0.61
2021-03-03T21:58:48.646497000Z knots)1:regionWest Midlands                                            
2021-03-03T21:58:48.646503800Z ns(tstop, knots =                 -25822.12    46857.37    -0.55   0.58
2021-03-03T21:58:48.646510500Z knots)2:regionWest Midlands                                            
2021-03-03T21:58:48.646519600Z ns(tstop, knots =                 -64559.45    94499.60    -0.68   0.49
2021-03-03T21:58:48.646526400Z knots)1:regionYorkshire and                                            
2021-03-03T21:58:48.646533000Z The Humber                                                             
2021-03-03T21:58:48.646539800Z ns(tstop, knots =                 -25748.62    37692.68    -0.68   0.49
2021-03-03T21:58:48.646546400Z knots)2:regionYorkshire and                                            
2021-03-03T21:58:48.646553100Z The Humber                                                             
2021-03-03T21:58:48.646560200Z -----------------------------------------------------------------------
2021-03-03T22:07:28.694596100Z Saving 7 x 7 in image
2021-03-03T22:07:35.546824700Z `stat_bin()` using `bins = 30`. Pick better value with `binwidth`.
2021-03-03T22:09:07.306961900Z msmmod0 
2021-03-03T22:10:07.396543100Z MODEL INFO:
2021-03-03T22:10:07.396638900Z Observations: 8687019
2021-03-03T22:10:07.396648000Z Dependent Variable: 
2021-03-03T22:10:07.396655600Z Type: Generalized linear model
2021-03-03T22:10:07.396663100Z   Family: binomial 
2021-03-03T22:10:07.396670500Z   Link function: logit 
2021-03-03T22:10:07.396678100Z 
2021-03-03T22:10:07.398320700Z MODEL FIT:
2021-03-03T22:10:07.398345000Z <U+03C7><U+00B2>(9) = 135.81, p = 0.00
2021-03-03T22:10:07.398354800Z Pseudo-R<U+00B2> (Cragg-Uhler) = 
2021-03-03T22:10:07.398362800Z Pseudo-R<U+00B2> (McFadden) = 0.00
2021-03-03T22:10:07.398370300Z AIC = 67809.58, BIC = 67949.36 
2021-03-03T22:10:07.398378000Z 
2021-03-03T22:10:07.398561100Z Standard errors: MLE
2021-03-03T22:10:07.443532200Z ----------------------------------------------------------------
2021-03-03T22:10:07.443554200Z                                   Est.     S.E.    z val.      p
2021-03-03T22:10:07.443562600Z ------------------------------ ------- -------- --------- ------
2021-03-03T22:10:07.443596800Z (Intercept)                      -7.65     0.02   -454.82   0.00
2021-03-03T22:10:07.443604500Z timesincevax_pwDose 1            -0.59     0.17     -3.57   0.00
2021-03-03T22:10:07.443611500Z (0,3]                                                           
2021-03-03T22:10:07.443618300Z timesincevax_pwDose 1             0.10     0.10      0.98   0.33
2021-03-03T22:10:07.443625200Z (3,7]                                                           
2021-03-03T22:10:07.443631900Z timesincevax_pwDose 1            -0.45     0.11     -4.27   0.00
2021-03-03T22:10:07.443638900Z (7,14]                                                          
2021-03-03T22:10:07.443645600Z timesincevax_pwDose 1            -0.59     0.12     -4.95   0.00
2021-03-03T22:10:07.443652700Z (14,21]                                                         
2021-03-03T22:10:07.443659500Z timesincevax_pwDose 1 (21,       -0.93     0.13     -7.46   0.00
2021-03-03T22:10:07.443666500Z Inf]                                                            
2021-03-03T22:10:07.443673300Z timesincevax_pwDose 2            -5.92    71.55     -0.08   0.93
2021-03-03T22:10:07.443680200Z (0,3]                                                           
2021-03-03T22:10:07.443686900Z timesincevax_pwDose 2            -5.92    78.10     -0.08   0.94
2021-03-03T22:10:07.443693800Z (3,7]                                                           
2021-03-03T22:10:07.443700600Z timesincevax_pwDose 2            -5.92    83.62     -0.07   0.94
2021-03-03T22:10:07.443707400Z (7,14]                                                          
2021-03-03T22:10:07.443714200Z timesincevax_pwDose 2            -5.92   218.58     -0.03   0.98
2021-03-03T22:10:07.443721100Z (14,21]                                                         
2021-03-03T22:10:07.443727800Z ----------------------------------------------------------------
2021-03-03T22:10:07.443734800Z msmmod1 
2021-03-03T22:11:40.507294700Z MODEL INFO:
2021-03-03T22:11:40.507349100Z Observations: 8687019
2021-03-03T22:11:40.507358100Z Dependent Variable: 
2021-03-03T22:11:40.507365400Z Type: Generalized linear model
2021-03-03T22:11:40.507372700Z   Family: binomial 
2021-03-03T22:11:40.507379800Z   Link function: logit 
2021-03-03T22:11:40.507387000Z 
2021-03-03T22:11:40.509148800Z MODEL FIT:
2021-03-03T22:11:40.509170900Z <U+03C7><U+00B2>(16) = 557.14, p = 0.00
2021-03-03T22:11:40.509180600Z Pseudo-R<U+00B2> (Cragg-Uhler) = 
2021-03-03T22:11:40.509188500Z Pseudo-R<U+00B2> (McFadden) = 0.01
2021-03-03T22:11:40.509196000Z AIC = 67402.25, BIC = 67639.87 
2021-03-03T22:11:40.509203600Z 
2021-03-03T22:11:40.509370700Z Standard errors: MLE
2021-03-03T22:11:40.573018600Z ----------------------------------------------------------------
2021-03-03T22:11:40.573058600Z                                    Est.     S.E.   z val.      p
2021-03-03T22:11:40.573082700Z ------------------------------ -------- -------- -------- ------
2021-03-03T22:11:40.573090200Z (Intercept)                      -24.51     4.66    -5.26   0.00
2021-03-03T22:11:40.573097200Z age                                0.33     0.11     3.08   0.00
2021-03-03T22:11:40.573103900Z I(age  age)                       -0.00     0.00    -2.46   0.01
2021-03-03T22:11:40.573111100Z sexMale                            0.02     0.03     0.65   0.52
2021-03-03T22:11:40.573118200Z imd2                              -0.14     0.05    -2.68   0.01
2021-03-03T22:11:40.573125300Z imd3                              -0.22     0.05    -4.34   0.00
2021-03-03T22:11:40.573132300Z imd4                              -0.32     0.05    -6.20   0.00
2021-03-03T22:11:40.573139300Z imd5 most deprived                -0.34     0.05    -6.52   0.00
2021-03-03T22:11:40.573146100Z timesincevax_pwDose 1             -0.63     0.17    -3.83   0.00
2021-03-03T22:11:40.573153300Z (0,3]                                                           
2021-03-03T22:11:40.573160100Z timesincevax_pwDose 1              0.06     0.10     0.58   0.56
2021-03-03T22:11:40.573167100Z (3,7]                                                           
2021-03-03T22:11:40.573173900Z timesincevax_pwDose 1             -0.48     0.11    -4.61   0.00
2021-03-03T22:11:40.573181000Z (7,14]                                                          
2021-03-03T22:11:40.573187900Z timesincevax_pwDose 1             -0.61     0.12    -5.16   0.00
2021-03-03T22:11:40.573194900Z (14,21]                                                         
2021-03-03T22:11:40.573201800Z timesincevax_pwDose 1 (21,        -0.94     0.13    -7.52   0.00
2021-03-03T22:11:40.573208600Z Inf]                                                            
2021-03-03T22:11:40.573215500Z timesincevax_pwDose 2             -6.14    71.06    -0.09   0.93
2021-03-03T22:11:40.573222500Z (0,3]                                                           
2021-03-03T22:11:40.573229300Z timesincevax_pwDose 2             -6.25    77.65    -0.08   0.94
2021-03-03T22:11:40.573236200Z (3,7]                                                           
2021-03-03T22:11:40.573243000Z timesincevax_pwDose 2             -6.26    83.15    -0.08   0.94
2021-03-03T22:11:40.573249900Z (7,14]                                                          
2021-03-03T22:11:40.573256700Z timesincevax_pwDose 2             -6.43   217.85    -0.03   0.98
2021-03-03T22:11:40.573263600Z (14,21]                                                         
2021-03-03T22:11:40.573270500Z ----------------------------------------------------------------
2021-03-03T22:11:40.573277500Z msmmod2 
2021-03-03T22:15:47.602499900Z MODEL INFO:
2021-03-03T22:15:47.602596700Z Observations: 8687019
2021-03-03T22:15:47.602605500Z Dependent Variable: 
2021-03-03T22:15:47.602613100Z Type: Generalized linear model
2021-03-03T22:15:47.602620500Z   Family: binomial 
2021-03-03T22:15:47.602627900Z   Link function: logit 
2021-03-03T22:15:47.602635000Z 
2021-03-03T22:15:47.604333100Z MODEL FIT:
2021-03-03T22:15:47.604356900Z <U+03C7><U+00B2>(31) = 1274.23, p = 0.00
2021-03-03T22:15:47.604366900Z Pseudo-R<U+00B2> (Cragg-Uhler) = 
2021-03-03T22:15:47.604375700Z Pseudo-R<U+00B2> (McFadden) = 0.02
2021-03-03T22:15:47.604383400Z AIC = 66715.17, BIC = 67162.45 
2021-03-03T22:15:47.604391000Z 
2021-03-03T22:15:47.604571700Z Standard errors: MLE
2021-03-03T22:15:47.712172100Z -------------------------------------------------------------------------
2021-03-03T22:15:47.712256900Z                                             Est.     S.E.   z val.      p
2021-03-03T22:15:47.712266300Z --------------------------------------- -------- -------- -------- ------
2021-03-03T22:15:47.712274400Z (Intercept)                               -18.17     4.69    -3.88   0.00
2021-03-03T22:15:47.712282400Z age                                         0.18     0.11     1.69   0.09
2021-03-03T22:15:47.712290300Z I(age  age)                                -0.00     0.00    -1.13   0.26
2021-03-03T22:15:47.712298100Z sexMale                                    -0.02     0.03    -0.51   0.61
2021-03-03T22:15:47.712305600Z imd2                                       -0.12     0.05    -2.30   0.02
2021-03-03T22:15:47.712313800Z imd3                                       -0.19     0.05    -3.66   0.00
2021-03-03T22:15:47.712321400Z imd4                                       -0.28     0.05    -5.42   0.00
2021-03-03T22:15:47.712328900Z imd5 most deprived                         -0.29     0.05    -5.49   0.00
2021-03-03T22:15:47.712336400Z chronic_cardiac_diseaseTRUE                 0.32     0.03     9.51   0.00
2021-03-03T22:15:47.712343900Z current_copdTRUE                            0.30     0.05     6.38   0.00
2021-03-03T22:15:47.712352100Z dementiaTRUE                                0.93     0.04    23.57   0.00
2021-03-03T22:15:47.712359600Z dialysisTRUE                                1.12     0.23     4.92   0.00
2021-03-03T22:15:47.712367400Z solid_organ_transplantationTRUE             0.07     0.59     0.12   0.90
2021-03-03T22:15:47.712374800Z chemo_or_radioTRUE                          0.16     0.09     1.83   0.07
2021-03-03T22:15:47.712382600Z sickle_cell_diseaseTRUE                     0.99     1.00     0.98   0.33
2021-03-03T22:15:47.712390200Z permanant_immunosuppressionTRUE            -0.09     0.58    -0.15   0.88
2021-03-03T22:15:47.712397900Z temporary_immunosuppressionTRUE             0.39     0.20     1.96   0.05
2021-03-03T22:15:47.712453800Z aspleniaTRUE                                0.54     0.26     2.08   0.04
2021-03-03T22:15:47.712461800Z intel_dis_incl_downs_syndromeTRUE           0.78     0.24     3.20   0.00
2021-03-03T22:15:47.712468600Z psychosis_schiz_bipolarTRUE                 0.72     0.12     6.13   0.00
2021-03-03T22:15:47.712475500Z lung_cancerTRUE                            -0.02     0.19    -0.09   0.93
2021-03-03T22:15:47.712482400Z cancer_excl_lung_and_haemTRUE               0.16     0.04     3.77   0.00
2021-03-03T22:15:47.712489200Z haematological_cancerTRUE                   0.22     0.11     1.97   0.05
2021-03-03T22:15:47.712496000Z timesincevax_pwDose 1                      -0.69     0.17    -4.15   0.00
2021-03-03T22:15:47.712504600Z (0,3]                                                                    
2021-03-03T22:15:47.712511700Z timesincevax_pwDose 1                       0.01     0.10     0.08   0.94
2021-03-03T22:15:47.712518900Z (3,7]                                                                    
2021-03-03T22:15:47.712525700Z timesincevax_pwDose 1                      -0.53     0.11    -5.09   0.00
2021-03-03T22:15:47.712532600Z (7,14]                                                                   
2021-03-03T22:15:47.712539300Z timesincevax_pwDose 1                      -0.66     0.12    -5.54   0.00
2021-03-03T22:15:47.712546300Z (14,21]                                                                  
2021-03-03T22:15:47.712553100Z timesincevax_pwDose 1 (21,                 -0.99     0.13    -7.91   0.00
2021-03-03T22:15:47.712560000Z Inf]                                                                     
2021-03-03T22:15:47.712566900Z timesincevax_pwDose 2                      -7.35   115.51    -0.06   0.95
2021-03-03T22:15:47.712573800Z (0,3]                                                                    
2021-03-03T22:15:47.712580600Z timesincevax_pwDose 2                      -7.49   126.40    -0.06   0.95
2021-03-03T22:15:47.712587400Z (3,7]                                                                    
2021-03-03T22:15:47.712594200Z timesincevax_pwDose 2                      -7.39   135.79    -0.05   0.96
2021-03-03T22:15:47.712601200Z (7,14]                                                                   
2021-03-03T22:15:47.712607900Z timesincevax_pwDose 2                      -7.01   359.49    -0.02   0.98
2021-03-03T22:15:47.712614800Z (14,21]                                                                  
2021-03-03T22:15:47.712621800Z -------------------------------------------------------------------------
2021-03-03T22:15:47.712628600Z msmmod3 
2021-03-03T22:26:06.428736000Z MODEL INFO:
2021-03-03T22:26:06.428812300Z Observations: 8687019
2021-03-03T22:26:06.428822000Z Dependent Variable: 
2021-03-03T22:26:06.428829800Z Type: Generalized linear model
2021-03-03T22:26:06.428837400Z   Family: binomial 
2021-03-03T22:26:06.428876500Z   Link function: logit 
2021-03-03T22:26:06.428884100Z 
2021-03-03T22:26:06.430362900Z MODEL FIT:
2021-03-03T22:26:06.430387200Z <U+03C7><U+00B2>(57) = 2184.28, p = 0.00
2021-03-03T22:26:06.430396200Z Pseudo-R<U+00B2> (Cragg-Uhler) = 
2021-03-03T22:26:06.430403400Z Pseudo-R<U+00B2> (McFadden) = 0.03
2021-03-03T22:26:06.430410500Z AIC = 65857.12, BIC = 66667.81 
2021-03-03T22:26:06.430417200Z 
2021-03-03T22:26:06.430572300Z Standard errors: MLE
2021-03-03T22:26:06.605440400Z -------------------------------------------------------------------------
2021-03-03T22:26:06.605462400Z                                             Est.     S.E.   z val.      p
2021-03-03T22:26:06.605470700Z --------------------------------------- -------- -------- -------- ------
2021-03-03T22:26:06.605478100Z (Intercept)                               -19.51     4.69    -4.16   0.00
2021-03-03T22:26:06.605485400Z age                                         0.20     0.11     1.85   0.06
2021-03-03T22:26:06.605492300Z I(age  age)                                -0.00     0.00    -1.32   0.19
2021-03-03T22:26:06.605499300Z sexMale                                    -0.01     0.03    -0.30   0.76
2021-03-03T22:26:06.605506000Z imd2                                       -0.12     0.05    -2.29   0.02
2021-03-03T22:26:06.605513000Z imd3                                       -0.18     0.05    -3.38   0.00
2021-03-03T22:26:06.605519800Z imd4                                       -0.24     0.05    -4.51   0.00
2021-03-03T22:26:06.605526900Z imd5 most deprived                         -0.25     0.05    -4.54   0.00
2021-03-03T22:26:06.605533700Z ns(tstop, knots = knots)1                   2.22     0.20    11.36   0.00
2021-03-03T22:26:06.605540700Z ns(tstop, knots = knots)2                  -0.08     0.15    -0.57   0.57
2021-03-03T22:26:06.605547400Z regionEast Midlands                        -0.32     0.15    -2.09   0.04
2021-03-03T22:26:06.605554400Z regionLondon                               -0.51     0.26    -1.95   0.05
2021-03-03T22:26:06.605561300Z regionNorth East                            0.17     0.23     0.75   0.45
2021-03-03T22:26:06.605568300Z regionNorth West                           -0.25     0.20    -1.28   0.20
2021-03-03T22:26:06.605575200Z regionSouth East                           -0.84     0.23    -3.68   0.00
2021-03-03T22:26:06.605582000Z regionSouth West                           -1.18     0.19    -6.05   0.00
2021-03-03T22:26:06.605589000Z regionWest Midlands                         0.00     0.24     0.01   0.99
2021-03-03T22:26:06.605595800Z regionYorkshire and The                    -0.56     0.19    -2.96   0.00
2021-03-03T22:26:06.605602500Z Humber                                                                   
2021-03-03T22:26:06.605609200Z chronic_cardiac_diseaseTRUE                 0.34     0.03    10.10   0.00
2021-03-03T22:26:06.605631300Z current_copdTRUE                            0.31     0.05     6.60   0.00
2021-03-03T22:26:06.605639000Z dementiaTRUE                                0.91     0.04    23.14   0.00
2021-03-03T22:26:06.605645800Z dialysisTRUE                                1.12     0.23     4.91   0.00
2021-03-03T22:26:06.605652700Z solid_organ_transplantationTRUE             0.07     0.59     0.11   0.91
2021-03-03T22:26:06.605660500Z chemo_or_radioTRUE                          0.18     0.09     2.01   0.04
2021-03-03T22:26:06.605667500Z sickle_cell_diseaseTRUE                     0.80     1.00     0.80   0.42
2021-03-03T22:26:06.605674200Z permanant_immunosuppressionTRUE            -0.11     0.58    -0.19   0.85
2021-03-03T22:26:06.605681200Z temporary_immunosuppressionTRUE             0.42     0.20     2.12   0.03
2021-03-03T22:26:06.605688100Z aspleniaTRUE                                0.54     0.26     2.08   0.04
2021-03-03T22:26:06.605695000Z intel_dis_incl_downs_syndromeTRUE           0.80     0.24     3.28   0.00
2021-03-03T22:26:06.605701800Z psychosis_schiz_bipolarTRUE                 0.69     0.12     5.87   0.00
2021-03-03T22:26:06.605708800Z lung_cancerTRUE                             0.01     0.19     0.03   0.98
2021-03-03T22:26:06.605715700Z cancer_excl_lung_and_haemTRUE               0.16     0.04     3.94   0.00
2021-03-03T22:26:06.605722500Z haematological_cancerTRUE                   0.22     0.11     2.02   0.04
2021-03-03T22:26:06.605729400Z timesincevax_pwDose 1                      -1.00     0.17    -5.96   0.00
2021-03-03T22:26:06.605736200Z (0,3]                                                                    
2021-03-03T22:26:06.605743300Z timesincevax_pwDose 1                      -0.27     0.11    -2.52   0.01
2021-03-03T22:26:06.605750200Z (3,7]                                                                    
2021-03-03T22:26:06.605757100Z timesincevax_pwDose 1                      -0.76     0.11    -6.74   0.00
2021-03-03T22:26:06.605763900Z (7,14]                                                                   
2021-03-03T22:26:06.605770800Z timesincevax_pwDose 1                      -0.80     0.13    -6.16   0.00
2021-03-03T22:26:06.605777500Z (14,21]                                                                  
2021-03-03T22:26:06.605784300Z timesincevax_pwDose 1 (21,                 -1.03     0.14    -7.17   0.00
2021-03-03T22:26:06.605791100Z Inf]                                                                     
2021-03-03T22:26:06.605797800Z timesincevax_pwDose 2                      -7.45   115.30    -0.06   0.95
2021-03-03T22:26:06.605804600Z (0,3]                                                                    
2021-03-03T22:26:06.605814600Z timesincevax_pwDose 2                      -7.61   126.04    -0.06   0.95
2021-03-03T22:26:06.605821700Z (3,7]                                                                    
2021-03-03T22:26:06.605828500Z timesincevax_pwDose 2                      -7.47   135.48    -0.06   0.96
2021-03-03T22:26:06.605842700Z (7,14]                                                                   
2021-03-03T22:26:06.605850100Z timesincevax_pwDose 2                      -7.03   359.74    -0.02   0.98
2021-03-03T22:26:06.605857100Z (14,21]                                                                  
2021-03-03T22:26:06.605864500Z ns(tstop, knots =                           0.28     0.33     0.86   0.39
2021-03-03T22:26:06.605871500Z knots)1:regionEast Midlands                                              
2021-03-03T22:26:06.605878300Z ns(tstop, knots =                           0.68     0.21     3.31   0.00
2021-03-03T22:26:06.605885100Z knots)2:regionEast Midlands                                              
2021-03-03T22:26:06.605892000Z ns(tstop, knots =                           1.02     0.55     1.86   0.06
2021-03-03T22:26:06.605898700Z knots)1:regionLondon                                                     
2021-03-03T22:26:06.605905600Z ns(tstop, knots =                          -1.00     0.39    -2.60   0.01
2021-03-03T22:26:06.605912300Z knots)2:regionLondon                                                     
2021-03-03T22:26:06.605919000Z ns(tstop, knots =                          -1.23     0.52    -2.39   0.02
2021-03-03T22:26:06.605925800Z knots)1:regionNorth East                                                 
2021-03-03T22:26:06.605932600Z ns(tstop, knots =                           0.36     0.36     1.00   0.32
2021-03-03T22:26:06.605939400Z knots)2:regionNorth East                                                 
2021-03-03T22:26:06.605946100Z ns(tstop, knots =                          -0.37     0.44    -0.83   0.40
2021-03-03T22:26:06.605952800Z knots)1:regionNorth West                                                 
2021-03-03T22:26:06.605959600Z ns(tstop, knots =                           0.55     0.29     1.90   0.06
2021-03-03T22:26:06.605966400Z knots)2:regionNorth West                                                 
2021-03-03T22:26:06.605973100Z ns(tstop, knots =                           1.34     0.47     2.82   0.00
2021-03-03T22:26:06.605979800Z knots)1:regionSouth East                                                 
2021-03-03T22:26:06.605986600Z ns(tstop, knots =                          -0.31     0.32    -0.96   0.34
2021-03-03T22:26:06.605993500Z knots)2:regionSouth East                                                 
2021-03-03T22:26:06.606000200Z ns(tstop, knots =                           1.22     0.41     2.97   0.00
2021-03-03T22:26:06.606006900Z knots)1:regionSouth West                                                 
2021-03-03T22:26:06.606013700Z ns(tstop, knots =                           0.59     0.25     2.34   0.02
2021-03-03T22:26:06.606020500Z knots)2:regionSouth West                                                 
2021-03-03T22:26:06.606027300Z ns(tstop, knots =                           0.35     0.51     0.68   0.50
2021-03-03T22:26:06.606034000Z knots)1:regionWest Midlands                                              
2021-03-03T22:26:06.606046800Z ns(tstop, knots =                           0.33     0.31     1.08   0.28
2021-03-03T22:26:06.606054200Z knots)2:regionWest Midlands                                              
2021-03-03T22:26:06.606061600Z ns(tstop, knots =                          -0.05     0.41    -0.13   0.90
2021-03-03T22:26:06.606068600Z knots)1:regionYorkshire and                                              
2021-03-03T22:26:06.606075400Z The Humber                                                               
2021-03-03T22:26:06.606082100Z ns(tstop, knots =                           0.89     0.25     3.55   0.00
2021-03-03T22:26:06.606088900Z knots)2:regionYorkshire and                                              
2021-03-03T22:26:06.606095600Z The Humber                                                               
2021-03-03T22:26:06.606102400Z -------------------------------------------------------------------------
2021-03-03T22:26:06.606109200Z msmmod4 
2021-03-03T22:37:08.705762100Z MODEL INFO:
2021-03-03T22:37:08.705859300Z Observations: 8687019
2021-03-03T22:37:08.705868200Z Dependent Variable: 
2021-03-03T22:37:08.705875600Z Type: Generalized linear model
2021-03-03T22:37:08.705883000Z   Family: binomial 
2021-03-03T22:37:08.705890400Z   Link function: logit 
2021-03-03T22:37:08.705897800Z 
2021-03-03T22:37:08.707561500Z MODEL FIT:
2021-03-03T22:37:08.707585800Z <U+03C7><U+00B2>(57) = 2222.06, p = 0.00
2021-03-03T22:37:08.707595700Z Pseudo-R<U+00B2> (Cragg-Uhler) = 
2021-03-03T22:37:08.707603500Z Pseudo-R<U+00B2> (McFadden) = 0.03
2021-03-03T22:37:08.707611400Z AIC = 66067.13, BIC = 66877.82 
2021-03-03T22:37:08.707618900Z 
2021-03-03T22:37:08.707789100Z Standard errors: MLE
2021-03-03T22:37:08.888867200Z -------------------------------------------------------------------------
2021-03-03T22:37:08.888949700Z                                             Est.     S.E.   z val.      p
2021-03-03T22:37:08.888958800Z --------------------------------------- -------- -------- -------- ------
2021-03-03T22:37:08.888966700Z (Intercept)                               -19.53     4.66    -4.19   0.00
2021-03-03T22:37:08.888974500Z age                                         0.20     0.11     1.87   0.06
2021-03-03T22:37:08.888982000Z I(age  age)                                -0.00     0.00    -1.33   0.18
2021-03-03T22:37:08.888989700Z sexMale                                    -0.01     0.03    -0.41   0.68
2021-03-03T22:37:08.888997100Z imd2                                       -0.14     0.05    -2.60   0.01
2021-03-03T22:37:08.889004700Z imd3                                       -0.18     0.05    -3.42   0.00
2021-03-03T22:37:08.889012300Z imd4                                       -0.24     0.05    -4.56   0.00
2021-03-03T22:37:08.889054500Z imd5 most deprived                         -0.25     0.05    -4.64   0.00
2021-03-03T22:37:08.889062200Z ns(tstop, knots = knots)1                   2.22     0.19    11.43   0.00
2021-03-03T22:37:08.889068900Z ns(tstop, knots = knots)2                  -0.10     0.15    -0.67   0.50
2021-03-03T22:37:08.889075700Z regionEast Midlands                        -0.34     0.15    -2.23   0.03
2021-03-03T22:37:08.889082400Z regionLondon                               -0.53     0.26    -2.09   0.04
2021-03-03T22:37:08.889089100Z regionNorth East                            0.18     0.23     0.78   0.43
2021-03-03T22:37:08.889095800Z regionNorth West                           -0.26     0.20    -1.29   0.20
2021-03-03T22:37:08.889102800Z regionSouth East                           -0.84     0.23    -3.72   0.00
2021-03-03T22:37:08.889109700Z regionSouth West                           -1.16     0.19    -5.97   0.00
2021-03-03T22:37:08.889116400Z regionWest Midlands                         0.00     0.24     0.00   1.00
2021-03-03T22:37:08.889123300Z regionYorkshire and The                    -0.54     0.19    -2.84   0.00
2021-03-03T22:37:08.889130000Z Humber                                                                   
2021-03-03T22:37:08.889136900Z chronic_cardiac_diseaseTRUE                 0.34     0.03    10.32   0.00
2021-03-03T22:37:08.889145900Z current_copdTRUE                            0.32     0.05     6.76   0.00
2021-03-03T22:37:08.889152700Z dementiaTRUE                                0.91     0.04    23.20   0.00
2021-03-03T22:37:08.889159500Z dialysisTRUE                                1.13     0.23     4.99   0.00
2021-03-03T22:37:08.889166100Z solid_organ_transplantationTRUE             0.03     0.59     0.05   0.96
2021-03-03T22:37:08.889175100Z chemo_or_radioTRUE                          0.19     0.09     2.15   0.03
2021-03-03T22:37:08.889182100Z sickle_cell_diseaseTRUE                     0.68     1.04     0.65   0.51
2021-03-03T22:37:08.889189200Z permanant_immunosuppressionTRUE            -0.14     0.58    -0.25   0.80
2021-03-03T22:37:08.889195800Z temporary_immunosuppressionTRUE             0.43     0.20     2.17   0.03
2021-03-03T22:37:08.889202700Z aspleniaTRUE                                0.51     0.26     1.93   0.05
2021-03-03T22:37:08.889209400Z intel_dis_incl_downs_syndromeTRUE           0.81     0.24     3.38   0.00
2021-03-03T22:37:08.889216300Z psychosis_schiz_bipolarTRUE                 0.68     0.12     5.81   0.00
2021-03-03T22:37:08.889223000Z lung_cancerTRUE                            -0.06     0.20    -0.31   0.75
2021-03-03T22:37:08.889229900Z cancer_excl_lung_and_haemTRUE               0.16     0.04     3.85   0.00
2021-03-03T22:37:08.889236600Z haematological_cancerTRUE                   0.21     0.11     1.93   0.05
2021-03-03T22:37:08.889243500Z timesincevax_pwDose 1                      -1.00     0.17    -5.96   0.00
2021-03-03T22:37:08.889250100Z (0,3]                                                                    
2021-03-03T22:37:08.889264400Z timesincevax_pwDose 1                      -0.28     0.11    -2.63   0.01
2021-03-03T22:37:08.889271800Z (3,7]                                                                    
2021-03-03T22:37:08.889278800Z timesincevax_pwDose 1                      -0.74     0.11    -6.60   0.00
2021-03-03T22:37:08.889285500Z (7,14]                                                                   
2021-03-03T22:37:08.889292500Z timesincevax_pwDose 1                      -0.76     0.13    -5.86   0.00
2021-03-03T22:37:08.889299200Z (14,21]                                                                  
2021-03-03T22:37:08.889306200Z timesincevax_pwDose 1 (21,                 -1.00     0.14    -6.92   0.00
2021-03-03T22:37:08.889312900Z Inf]                                                                     
2021-03-03T22:37:08.889319800Z timesincevax_pwDose 2                      -6.43    71.74    -0.09   0.93
2021-03-03T22:37:08.889326600Z (0,3]                                                                    
2021-03-03T22:37:08.889333400Z timesincevax_pwDose 2                      -6.59    78.31    -0.08   0.93
2021-03-03T22:37:08.889340100Z (3,7]                                                                    
2021-03-03T22:37:08.889347000Z timesincevax_pwDose 2                      -6.43    84.72    -0.08   0.94
2021-03-03T22:37:08.889353800Z (7,14]                                                                   
2021-03-03T22:37:08.889360600Z timesincevax_pwDose 2                      -5.95   225.53    -0.03   0.98
2021-03-03T22:37:08.889367300Z (14,21]                                                                  
2021-03-03T22:37:08.889374700Z ns(tstop, knots =                           0.33     0.32     1.01   0.31
2021-03-03T22:37:08.889381600Z knots)1:regionEast Midlands                                              
2021-03-03T22:37:08.889388500Z ns(tstop, knots =                           0.69     0.20     3.40   0.00
2021-03-03T22:37:08.889395200Z knots)2:regionEast Midlands                                              
2021-03-03T22:37:08.889402200Z ns(tstop, knots =                           1.04     0.53     1.94   0.05
2021-03-03T22:37:08.889408900Z knots)1:regionLondon                                                     
2021-03-03T22:37:08.889415900Z ns(tstop, knots =                          -1.10     0.32    -3.50   0.00
2021-03-03T22:37:08.889422500Z knots)2:regionLondon                                                     
2021-03-03T22:37:08.889429500Z ns(tstop, knots =                          -1.26     0.52    -2.41   0.02
2021-03-03T22:37:08.889436200Z knots)1:regionNorth East                                                 
2021-03-03T22:37:08.889443100Z ns(tstop, knots =                           0.36     0.38     0.97   0.33
2021-03-03T22:37:08.889449700Z knots)2:regionNorth East                                                 
2021-03-03T22:37:08.889456600Z ns(tstop, knots =                          -0.37     0.45    -0.83   0.41
2021-03-03T22:37:08.889469600Z knots)1:regionNorth West                                                 
2021-03-03T22:37:08.889476700Z ns(tstop, knots =                           0.51     0.32     1.59   0.11
2021-03-03T22:37:08.889483400Z knots)2:regionNorth West                                                 
2021-03-03T22:37:08.889490100Z ns(tstop, knots =                           1.34     0.47     2.85   0.00
2021-03-03T22:37:08.889496800Z knots)1:regionSouth East                                                 
2021-03-03T22:37:08.889503500Z ns(tstop, knots =                          -0.31     0.31    -1.01   0.31
2021-03-03T22:37:08.889510100Z knots)2:regionSouth East                                                 
2021-03-03T22:37:08.889517000Z ns(tstop, knots =                           1.20     0.41     2.92   0.00
2021-03-03T22:37:08.889523800Z knots)1:regionSouth West                                                 
2021-03-03T22:37:08.889530600Z ns(tstop, knots =                           0.67     0.25     2.63   0.01
2021-03-03T22:37:08.889537300Z knots)2:regionSouth West                                                 
2021-03-03T22:37:08.889544200Z ns(tstop, knots =                           0.33     0.51     0.63   0.53
2021-03-03T22:37:08.889550900Z knots)1:regionWest Midlands                                              
2021-03-03T22:37:08.889557800Z ns(tstop, knots =                           0.23     0.30     0.76   0.44
2021-03-03T22:37:08.889564500Z knots)2:regionWest Midlands                                              
2021-03-03T22:37:08.889572000Z ns(tstop, knots =                          -0.10     0.42    -0.24   0.81
2021-03-03T22:37:08.889578800Z knots)1:regionYorkshire and                                              
2021-03-03T22:37:08.889585800Z The Humber                                                               
2021-03-03T22:37:08.889592700Z ns(tstop, knots =                           0.87     0.26     3.38   0.00
2021-03-03T22:37:08.889599400Z knots)2:regionYorkshire and                                              
2021-03-03T22:37:08.889606100Z The Humber                                                               
2021-03-03T22:37:08.889612700Z -------------------------------------------------------------------------
2021-03-03T22:37:08.889619400Z msmmod5 
2021-03-03T22:42:21.721501700Z MODEL INFO:
2021-03-03T22:42:21.721548500Z Observations: 8687019
2021-03-03T22:42:21.721557600Z Dependent Variable: 
2021-03-03T22:42:21.721565100Z Type: Generalized linear model
2021-03-03T22:42:21.721572500Z   Family: binomial 
2021-03-03T22:42:21.721579900Z   Link function: logit 
2021-03-03T22:42:21.721587300Z 
2021-03-03T22:42:21.723722000Z MODEL FIT:
2021-03-03T22:42:21.723744000Z <U+03C7><U+00B2>(35) = 1109.84, p = 0.00
2021-03-03T22:42:21.723768700Z Pseudo-R<U+00B2> (Cragg-Uhler) = 
2021-03-03T22:42:21.723776700Z Pseudo-R<U+00B2> (McFadden) = 0.02
2021-03-03T22:42:21.723783500Z AIC = 67121.12, BIC = 67624.31 
2021-03-03T22:42:21.723792300Z 
2021-03-03T22:42:21.723969300Z Standard errors: MLE
2021-03-03T22:42:21.839897600Z ----------------------------------------------------------------
2021-03-03T22:42:21.839915900Z                                    Est.     S.E.   z val.      p
2021-03-03T22:42:21.839923700Z ------------------------------- ------- -------- -------- ------
2021-03-03T22:42:21.839930500Z (Intercept)                       -8.33     0.09   -91.86   0.00
2021-03-03T22:42:21.839937400Z ns(tstop, knots = knots)1          2.29     0.19    11.76   0.00
2021-03-03T22:42:21.839944300Z ns(tstop, knots = knots)2          0.01     0.15     0.07   0.94
2021-03-03T22:42:21.839951000Z regionEast Midlands               -0.33     0.15    -2.16   0.03
2021-03-03T22:42:21.839957900Z regionLondon                      -0.47     0.26    -1.83   0.07
2021-03-03T22:42:21.839964700Z regionNorth East                   0.25     0.23     1.09   0.28
2021-03-03T22:42:21.839971500Z regionNorth West                  -0.22     0.20    -1.10   0.27
2021-03-03T22:42:21.839978700Z regionSouth East                  -0.82     0.23    -3.65   0.00
2021-03-03T22:42:21.839985400Z regionSouth West                  -1.16     0.19    -5.95   0.00
2021-03-03T22:42:21.839992100Z regionWest Midlands                0.06     0.24     0.24   0.81
2021-03-03T22:42:21.839998800Z regionYorkshire and The           -0.51     0.19    -2.67   0.01
2021-03-03T22:42:21.840005500Z Humber                                                          
2021-03-03T22:42:21.840012200Z timesincevax_pwDose 1             -0.95     0.17    -5.69   0.00
2021-03-03T22:42:21.840019100Z (0,3]                                                           
2021-03-03T22:42:21.840025800Z timesincevax_pwDose 1             -0.25     0.11    -2.32   0.02
2021-03-03T22:42:21.840032500Z (3,7]                                                           
2021-03-03T22:42:21.840039600Z timesincevax_pwDose 1             -0.73     0.11    -6.48   0.00
2021-03-03T22:42:21.840046400Z (7,14]                                                          
2021-03-03T22:42:21.840053100Z timesincevax_pwDose 1             -0.77     0.13    -5.99   0.00
2021-03-03T22:42:21.840059800Z (14,21]                                                         
2021-03-03T22:42:21.840066600Z timesincevax_pwDose 1 (21,        -1.04     0.14    -7.24   0.00
2021-03-03T22:42:21.840074800Z Inf]                                                            
2021-03-03T22:42:21.840081800Z timesincevax_pwDose 2             -6.11    73.46    -0.08   0.93
2021-03-03T22:42:21.840088600Z (0,3]                                                           
2021-03-03T22:42:21.840095200Z timesincevax_pwDose 2             -6.12    80.15    -0.08   0.94
2021-03-03T22:42:21.840113600Z (3,7]                                                           
2021-03-03T22:42:21.840121000Z timesincevax_pwDose 2             -6.07    86.35    -0.07   0.94
2021-03-03T22:42:21.840127800Z (7,14]                                                          
2021-03-03T22:42:21.840135600Z timesincevax_pwDose 2             -6.03   225.77    -0.03   0.98
2021-03-03T22:42:21.840142500Z (14,21]                                                         
2021-03-03T22:42:21.840149300Z ns(tstop, knots =                  0.35     0.32     1.09   0.28
2021-03-03T22:42:21.840156100Z knots)1:regionEast Midlands                                     
2021-03-03T22:42:21.840162800Z ns(tstop, knots =                  0.74     0.20     3.65   0.00
2021-03-03T22:42:21.840169500Z knots)2:regionEast Midlands                                     
2021-03-03T22:42:21.840176200Z ns(tstop, knots =                  1.01     0.53     1.88   0.06
2021-03-03T22:42:21.840182900Z knots)1:regionLondon                                            
2021-03-03T22:42:21.840189600Z ns(tstop, knots =                 -1.26     0.31    -4.01   0.00
2021-03-03T22:42:21.840196300Z knots)2:regionLondon                                            
2021-03-03T22:42:21.840203000Z ns(tstop, knots =                 -1.15     0.53    -2.19   0.03
2021-03-03T22:42:21.840209700Z knots)1:regionNorth East                                        
2021-03-03T22:42:21.840216300Z ns(tstop, knots =                  0.45     0.37     1.21   0.23
2021-03-03T22:42:21.840223200Z knots)2:regionNorth East                                        
2021-03-03T22:42:21.840230100Z ns(tstop, knots =                 -0.34     0.45    -0.76   0.45
2021-03-03T22:42:21.840236800Z knots)1:regionNorth West                                        
2021-03-03T22:42:21.840244200Z ns(tstop, knots =                  0.56     0.32     1.74   0.08
2021-03-03T22:42:21.840251300Z knots)2:regionNorth West                                        
2021-03-03T22:42:21.840258500Z ns(tstop, knots =                  1.32     0.47     2.81   0.00
2021-03-03T22:42:21.840266000Z knots)1:regionSouth East                                        
2021-03-03T22:42:21.840273500Z ns(tstop, knots =                 -0.29     0.31    -0.94   0.35
2021-03-03T22:42:21.840280400Z knots)2:regionSouth East                                        
2021-03-03T22:42:21.840287600Z ns(tstop, knots =                  1.21     0.41     2.96   0.00
2021-03-03T22:42:21.840294300Z knots)1:regionSouth West                                        
2021-03-03T22:42:21.840300900Z ns(tstop, knots =                  0.72     0.25     2.84   0.00
2021-03-03T22:42:21.840307600Z knots)2:regionSouth West                                        
2021-03-03T22:42:21.840314400Z ns(tstop, knots =                  0.37     0.51     0.73   0.47
2021-03-03T22:42:21.840328500Z knots)1:regionWest Midlands                                     
2021-03-03T22:42:21.840335800Z ns(tstop, knots =                  0.19     0.30     0.66   0.51
2021-03-03T22:42:21.840342500Z knots)2:regionWest Midlands                                     
2021-03-03T22:42:21.840349300Z ns(tstop, knots =                 -0.05     0.42    -0.13   0.90
2021-03-03T22:42:21.840356000Z knots)1:regionYorkshire and                                     
2021-03-03T22:42:21.840363300Z The Humber                                                      
2021-03-03T22:42:21.840370200Z ns(tstop, knots =                  0.89     0.26     3.47   0.00
2021-03-03T22:42:21.840376900Z knots)2:regionYorkshire and                                     
2021-03-03T22:42:21.840383600Z The Humber                                                      
2021-03-03T22:42:21.840390300Z ----------------------------------------------------------------


state: succeeded
commit: 09bbcadb848bed6a055f0c05d8bd3c2fa6b619b9
docker_image_id: sha256:c7cb8c47c64952beb4dc7e1b4b0edaf95b0fa5cc1af3f796e073e4190413ec9e
exit_code: 0
job_id: jdwpwd5swdcyvzsp
run_by_user: wjchulme
created_at: 2021-03-03T21:52:08Z
started_at: 2021-03-03T21:52:30Z
completed_at: 2021-03-03T23:00:52Z

Completed successfully

outputs:
  output/over80s/postest/az/models/data_weights.rds       - highly_sensitive    
  output/over80s/postest/az/models/histogram_weights.svg  - moderately_sensitive
  output/over80s/postest/az/models/model0.rds             - highly_sensitive    
  output/over80s/postest/az/models/model1.rds             - highly_sensitive    
  output/over80s/postest/az/models/model2.rds             - highly_sensitive    
  output/over80s/postest/az/models/model3.rds             - highly_sensitive    
  output/over80s/postest/az/models/model4.rds             - highly_sensitive    
  output/over80s/postest/az/models/model5.rds             - highly_sensitive    
  output/over80s/postest/az/models/model_vax1.rds         - highly_sensitive    
  output/over80s/postest/az/models/model_vax1_fxd.rds     - highly_sensitive    
  output/over80s/postest/az/models/model_vax2.rds         - highly_sensitive    
  output/over80s/postest/az/models/model_vax2_fxd.rds     - highly_sensitive    
  output/over80s/postest/az/models/weights.txt            - moderately_sensitive