2021-05-17T03:24:08.146233200Z -- Attaching packages --------------------------------------- tidyverse 1.3.0 --
2021-05-17T03:24:08.155139500Z v ggplot2 3.3.2     v purrr   0.3.4
2021-05-17T03:24:08.155188900Z v tibble  3.0.3     v dplyr   1.0.2
2021-05-17T03:24:08.155197400Z v tidyr   1.1.2     v stringr 1.4.0
2021-05-17T03:24:08.155204400Z v readr   1.3.1     v forcats 0.5.0
2021-05-17T03:24:08.321307900Z -- Conflicts ------------------------------------------ tidyverse_conflicts() --
2021-05-17T03:24:08.321371900Z x dplyr::filter() masks stats::filter()
2021-05-17T03:24:08.321381700Z x dplyr::lag()    masks stats::lag()
2021-05-17T03:24:08.334504200Z 
2021-05-17T03:24:08.334528400Z Attaching package: 'glue'
2021-05-17T03:24:08.334537300Z 
2021-05-17T03:24:08.335942700Z The following object is masked from 'package:dplyr':
2021-05-17T03:24:08.335961000Z 
2021-05-17T03:24:08.335968500Z     collapse
2021-05-17T03:24:08.335975400Z 
2021-05-17T03:24:10.402729600Z 
2021-05-17T03:24:10.402769400Z Attaching package: 'lubridate'
2021-05-17T03:24:10.402777900Z 
2021-05-17T03:24:10.403385300Z The following objects are masked from 'package:base':
2021-05-17T03:24:10.403405200Z 
2021-05-17T03:24:10.403413900Z     date, intersect, setdiff, union
2021-05-17T03:24:10.403421200Z 
2021-05-17T03:24:10.731752000Z <environment: R_GlobalEnv>
2021-05-17T03:24:10.732942300Z <environment: R_GlobalEnv>
2021-05-17T03:28:22.665118100Z data_pt data size = 11625927 
2021-05-17T03:28:22.666920400Z   memory usage = 5.395 GB 
2021-05-17T03:28:23.227550600Z     
2021-05-17T03:28:23.227629300Z all   
2021-05-17T03:28:23.227638600Z   
2021-05-17T03:28:59.239896700Z   
2021-05-17T03:58:23.550311400Z vaxpfizer1  vaxpfizer1 data size = 9603813 
2021-05-17T03:58:59.210546300Z memory usage = 8.683 GB 
2021-05-17T03:58:59.210720600Z   
2021-05-17T04:15:59.587952100Z vaxpfizer1_fxd  vaxpfizer1_fxd data size = 9603813 
2021-05-17T04:16:20.843920000Z memory usage = 8.683 GB 
2021-05-17T04:22:07.942802200Z   
2021-05-17T04:32:32.895816800Z vaxaz1  vaxaz1 data size = 4753161 
2021-05-17T04:32:45.802421500Z memory usage = 4.298 GB 
2021-05-17T04:32:45.802527500Z   
2021-05-17T04:40:44.247248100Z vaxaz1_fxd  vaxaz1_fxd data size = 4753161 
2021-05-17T04:40:54.710042500Z memory usage = 4.298 GB 
2021-05-17T04:45:54.022835000Z   
2021-05-17T05:58:21.356933400Z death  death data size = 11625927 
2021-05-17T05:58:53.752143600Z memory usage = 10.589 GB 
2021-05-17T05:58:53.752248200Z   
2021-05-17T06:45:04.175867100Z death_fxd  death_fxd data size = 11625927 
2021-05-17T06:45:28.408852300Z memory usage = 10.589 GB 
2021-05-17T06:54:45.116012400Z Saving 7 x 7 in image
2021-05-17T06:54:51.073495500Z `stat_bin()` using `bins = 30`. Pick better value with `binwidth`.
2021-05-17T06:55:00.846823200Z   
2021-05-17T06:55:00.847187100Z data_weights data size = 11625927   
2021-05-17T06:55:00.847900400Z memory usage = 1.953 GB   
2021-05-17T06:55:55.076362200Z   
2021-05-17T06:55:55.076465800Z msmmod1 
2021-05-17T07:05:42.983214500Z MODEL INFO:
2021-05-17T07:05:42.983374700Z Observations: 11625927
2021-05-17T07:05:42.983385300Z Dependent Variable: 
2021-05-17T07:05:42.983856500Z Type: Generalized linear model
2021-05-17T07:05:42.983919900Z   Family: binomial 
2021-05-17T07:05:42.983930100Z   Link function: logit 
2021-05-17T07:05:42.983938100Z 
2021-05-17T07:05:42.989499100Z MODEL FIT:
2021-05-17T07:05:42.989537600Z <U+03C7><U+00B2>(50) = 12479.798, p = 0.000
2021-05-17T07:05:42.989548500Z Pseudo-R<U+00B2> (Cragg-Uhler) = 
2021-05-17T07:05:42.989556400Z Pseudo-R<U+00B2> (McFadden) = 0.068
2021-05-17T07:05:42.989564200Z AIC = 172008.941, BIC = 172736.647 
2021-05-17T07:05:42.989571900Z 
2021-05-17T07:05:42.989958100Z Standard errors: MLE
2021-05-17T07:05:43.237188700Z -----------------------------------------------------------------
2021-05-17T07:05:43.237287700Z                                    Est.    S.E.    z val.       p
2021-05-17T07:05:43.237297600Z ----------------------------- --------- ------- --------- -------
2021-05-17T07:05:43.237305400Z (Intercept)                     -10.598   0.109   -96.918   0.000
2021-05-17T07:05:43.237313100Z timesincevax_pw1-3               -1.111   0.108   -10.303   0.000
2021-05-17T07:05:43.237320600Z timesincevax_pw4-7               -1.225   0.101   -12.129   0.000
2021-05-17T07:05:43.237328100Z timesincevax_pw8-14              -1.078   0.081   -13.378   0.000
2021-05-17T07:05:43.237335700Z timesincevax_pw15-21             -1.118   0.098   -11.412   0.000
2021-05-17T07:05:43.237343200Z timesincevax_pw22-28             -1.611   0.153   -10.511   0.000
2021-05-17T07:05:43.237351000Z timesincevax_pw29+               -1.511   0.242    -6.247   0.000
2021-05-17T07:05:43.237358900Z ns(tstop, df = 4)1                1.664   0.113    14.786   0.000
2021-05-17T07:05:43.237366700Z ns(tstop, df = 4)2                0.607   0.121     5.037   0.000
2021-05-17T07:05:43.237374200Z ns(tstop, df = 4)3                2.011   0.262     7.677   0.000
2021-05-17T07:05:43.237381800Z ns(tstop, df = 4)4                0.402   0.155     2.591   0.010
2021-05-17T07:05:43.237389300Z regionEast Midlands               0.748   0.154     4.871   0.000
2021-05-17T07:05:43.237431900Z regionLondon                      1.730   0.263     6.580   0.000
2021-05-17T07:05:43.237440500Z regionNorth East                  1.473   0.219     6.717   0.000
2021-05-17T07:05:43.237447500Z regionNorth West                  1.235   0.194     6.358   0.000
2021-05-17T07:05:43.237454500Z regionSouth East                  0.796   0.284     2.803   0.005
2021-05-17T07:05:43.237461500Z regionSouth West                  2.717   0.219    12.381   0.000
2021-05-17T07:05:43.237468300Z regionWest Midlands               4.932   0.245    20.091   0.000
2021-05-17T07:05:43.237475200Z regionYorkshire and The          -0.777   0.196    -3.969   0.000
2021-05-17T07:05:43.237482100Z Humber                                                           
2021-05-17T07:05:43.237489000Z ns(tstop, df =                   -0.670   0.164    -4.076   0.000
2021-05-17T07:05:43.237495800Z 4)1:regionEast Midlands                                          
2021-05-17T07:05:43.237502700Z ns(tstop, df =                   -0.392   0.172    -2.276   0.023
2021-05-17T07:05:43.237509700Z 4)2:regionEast Midlands                                          
2021-05-17T07:05:43.237516600Z ns(tstop, df =                   -0.943   0.372    -2.535   0.011
2021-05-17T07:05:43.237523500Z 4)3:regionEast Midlands                                          
2021-05-17T07:05:43.237530400Z ns(tstop, df =                    0.677   0.197     3.432   0.001
2021-05-17T07:05:43.237537400Z 4)4:regionEast Midlands                                          
2021-05-17T07:05:43.237546200Z ns(tstop, df =                    0.382   0.264     1.446   0.148
2021-05-17T07:05:43.237553700Z 4)1:regionLondon                                                 
2021-05-17T07:05:43.237560600Z ns(tstop, df =                    0.368   0.285     1.288   0.198
2021-05-17T07:05:43.237567500Z 4)2:regionLondon                                                 
2021-05-17T07:05:43.237576500Z ns(tstop, df =                    0.283   0.619     0.458   0.647
2021-05-17T07:05:43.237583500Z 4)3:regionLondon                                                 
2021-05-17T07:05:43.237590400Z ns(tstop, df =                   -0.280   0.351    -0.797   0.426
2021-05-17T07:05:43.237597300Z 4)4:regionLondon                                                 
2021-05-17T07:05:43.237604100Z ns(tstop, df =                   -1.092   0.255    -4.274   0.000
2021-05-17T07:05:43.237610800Z 4)1:regionNorth East                                             
2021-05-17T07:05:43.237617600Z ns(tstop, df =                   -0.783   0.273    -2.870   0.004
2021-05-17T07:05:43.237624400Z 4)2:regionNorth East                                             
2021-05-17T07:05:43.237631400Z ns(tstop, df =                   -1.935   0.555    -3.487   0.000
2021-05-17T07:05:43.237638200Z 4)3:regionNorth East                                             
2021-05-17T07:05:43.237652200Z ns(tstop, df =                    0.780   0.296     2.634   0.008
2021-05-17T07:05:43.237659800Z 4)4:regionNorth East                                             
2021-05-17T07:05:43.237666800Z ns(tstop, df =                   -0.433   0.209    -2.067   0.039
2021-05-17T07:05:43.237673500Z 4)1:regionNorth West                                             
2021-05-17T07:05:43.237680400Z ns(tstop, df =                   -0.592   0.220    -2.691   0.007
2021-05-17T07:05:43.237687200Z 4)2:regionNorth West                                             
2021-05-17T07:05:43.237694300Z ns(tstop, df =                   -1.170   0.473    -2.472   0.013
2021-05-17T07:05:43.237701100Z 4)3:regionNorth West                                             
2021-05-17T07:05:43.237707900Z ns(tstop, df =                    0.790   0.243     3.244   0.001
2021-05-17T07:05:43.237714700Z 4)4:regionNorth West                                             
2021-05-17T07:05:43.237721600Z ns(tstop, df =                    0.790   0.281     2.810   0.005
2021-05-17T07:05:43.237728600Z 4)1:regionSouth East                                             
2021-05-17T07:05:43.237735500Z ns(tstop, df =                    0.513   0.272     1.886   0.059
2021-05-17T07:05:43.237742300Z 4)2:regionSouth East                                             
2021-05-17T07:05:43.237749700Z ns(tstop, df =                    0.834   0.652     1.279   0.201
2021-05-17T07:05:43.237756700Z 4)3:regionSouth East                                             
2021-05-17T07:05:43.237763700Z ns(tstop, df =                    0.629   0.295     2.135   0.033
2021-05-17T07:05:43.237771300Z 4)4:regionSouth East                                             
2021-05-17T07:05:43.237778600Z ns(tstop, df =                    0.113   0.226     0.500   0.617
2021-05-17T07:05:43.237785400Z 4)1:regionSouth West                                             
2021-05-17T07:05:43.237792400Z ns(tstop, df =                    0.107   0.236     0.455   0.649
2021-05-17T07:05:43.237799200Z 4)2:regionSouth West                                             
2021-05-17T07:05:43.237806200Z ns(tstop, df =                   -0.368   0.522    -0.705   0.481
2021-05-17T07:05:43.237813100Z 4)3:regionSouth West                                             
2021-05-17T07:05:43.237819800Z ns(tstop, df =                    0.039   0.296     0.133   0.894
2021-05-17T07:05:43.237826700Z 4)4:regionSouth West                                             
2021-05-17T07:05:43.237833700Z ns(tstop, df =                   -0.634   0.267    -2.378   0.017
2021-05-17T07:05:43.237840500Z 4)1:regionWest Midlands                                          
2021-05-17T07:05:43.237847300Z ns(tstop, df =                    0.873   0.259     3.371   0.001
2021-05-17T07:05:43.237854300Z 4)2:regionWest Midlands                                          
2021-05-17T07:05:43.237861400Z ns(tstop, df =                   -0.211   0.594    -0.355   0.723
2021-05-17T07:05:43.237874400Z 4)3:regionWest Midlands                                          
2021-05-17T07:05:43.237882000Z ns(tstop, df =                    0.654   0.297     2.200   0.028
2021-05-17T07:05:43.237889100Z 4)4:regionWest Midlands                                          
2021-05-17T07:05:43.237895900Z ns(tstop, df =                   -0.651   0.209    -3.109   0.002
2021-05-17T07:05:43.237902900Z 4)1:regionYorkshire and The                                      
2021-05-17T07:05:43.237909800Z Humber                                                           
2021-05-17T07:05:43.237916600Z ns(tstop, df =                    0.129   0.214     0.602   0.547
2021-05-17T07:05:43.237923800Z 4)2:regionYorkshire and The                                      
2021-05-17T07:05:43.237930700Z Humber                                                           
2021-05-17T07:05:43.237937800Z ns(tstop, df =                   -0.397   0.472    -0.842   0.400
2021-05-17T07:05:43.237945000Z 4)3:regionYorkshire and The                                      
2021-05-17T07:05:43.237951900Z Humber                                                           
2021-05-17T07:05:43.237958600Z ns(tstop, df =                    0.561   0.240     2.339   0.019
2021-05-17T07:05:43.237965500Z 4)4:regionYorkshire and The                                      
2021-05-17T07:05:43.237972400Z Humber                                                           
2021-05-17T07:05:43.237979300Z -----------------------------------------------------------------
2021-05-17T07:05:43.237988000Z msmmod1_par data size = 11625927 
2021-05-17T07:06:07.011550700Z memory usage = 5.055 GB 
2021-05-17T07:07:15.692502300Z   
2021-05-17T07:07:15.692593500Z msmmod2 
2021-05-17T07:31:07.486455000Z MODEL INFO:
2021-05-17T07:31:07.486571200Z Observations: 11625927
2021-05-17T07:31:07.486581500Z Dependent Variable: 
2021-05-17T07:31:07.486589300Z Type: Generalized linear model
2021-05-17T07:31:07.486596900Z   Family: binomial 
2021-05-17T07:31:07.486604300Z   Link function: logit 
2021-05-17T07:31:07.486611600Z 
2021-05-17T07:31:07.488879800Z MODEL FIT:
2021-05-17T07:31:07.488907500Z <U+03C7><U+00B2>(88) = 19308.300, p = 0.000
2021-05-17T07:31:07.488918400Z Pseudo-R<U+00B2> (Cragg-Uhler) = 
2021-05-17T07:31:07.488926300Z Pseudo-R<U+00B2> (McFadden) = 0.105
2021-05-17T07:31:07.488934000Z AIC = 165256.437, BIC = 166526.355 
2021-05-17T07:31:07.488941700Z 
2021-05-17T07:31:07.489147100Z Standard errors: MLE
2021-05-17T07:31:07.873821800Z ------------------------------------------------------------------
2021-05-17T07:31:07.873912500Z                                     Est.    S.E.    z val.       p
2021-05-17T07:31:07.873960200Z ------------------------------- -------- ------- --------- -------
2021-05-17T07:31:07.873968300Z (Intercept)                        2.335   8.514     0.274   0.784
2021-05-17T07:31:07.873975300Z timesincevax_pw1-3                -1.166   0.108   -10.827   0.000
2021-05-17T07:31:07.873982200Z timesincevax_pw4-7                -1.277   0.100   -12.715   0.000
2021-05-17T07:31:07.873989100Z timesincevax_pw8-14               -1.127   0.079   -14.360   0.000
2021-05-17T07:31:07.873996000Z timesincevax_pw15-21              -1.243   0.096   -12.945   0.000
2021-05-17T07:31:07.874002800Z timesincevax_pw22-28              -1.821   0.152   -11.965   0.000
2021-05-17T07:31:07.874009900Z timesincevax_pw29+                -1.790   0.242    -7.411   0.000
2021-05-17T07:31:07.874016900Z poly(age, degree = 2, raw =       -0.453   0.229    -1.980   0.048
2021-05-17T07:31:07.874024000Z TRUE)1                                                            
2021-05-17T07:31:07.874031000Z poly(age, degree = 2, raw =        0.004   0.002     2.322   0.020
2021-05-17T07:31:07.874040400Z TRUE)2                                                            
2021-05-17T07:31:07.874047400Z sexMale                            0.341   0.022    15.276   0.000
2021-05-17T07:31:07.874054200Z imd2                              -0.087   0.033    -2.628   0.009
2021-05-17T07:31:07.874061100Z imd3                              -0.156   0.034    -4.622   0.000
2021-05-17T07:31:07.874068400Z imd4                              -0.187   0.035    -5.354   0.000
2021-05-17T07:31:07.874075100Z imd5 least deprived               -0.288   0.037    -7.778   0.000
2021-05-17T07:31:07.874082000Z ethnicity_combinedBlack            0.525   0.084     6.259   0.000
2021-05-17T07:31:07.874088800Z ethnicity_combinedSouth            0.421   0.050     8.388   0.000
2021-05-17T07:31:07.874096000Z Asian                                                             
2021-05-17T07:31:07.874103100Z ethnicity_combinedMixed            0.364   0.157     2.311   0.021
2021-05-17T07:31:07.874110100Z ethnicity_combinedOther            0.511   0.095     5.377   0.000
2021-05-17T07:31:07.874117100Z bmiObese I (30-34.9)               0.087   0.028     3.144   0.002
2021-05-17T07:31:07.874124000Z bmiObese II (35-39.9)              0.250   0.054     4.585   0.000
2021-05-17T07:31:07.874130900Z bmiObese III (40+)                 0.451   0.061     7.425   0.000
2021-05-17T07:31:07.874137900Z heart_failure                      0.285   0.039     7.372   0.000
2021-05-17T07:31:07.874145100Z other_heart_disease               -0.106   0.041    -2.563   0.010
2021-05-17T07:31:07.874152000Z dialysis                           0.741   0.109     6.794   0.000
2021-05-17T07:31:07.874160300Z diabetes                           0.159   0.046     3.489   0.000
2021-05-17T07:31:07.874167700Z chronic_liver_disease              0.213   0.084     2.535   0.011
2021-05-17T07:31:07.874181800Z current_copd                       0.168   0.045     3.735   0.000
2021-05-17T07:31:07.874189600Z other_resp_conditions              0.023   0.044     0.532   0.595
2021-05-17T07:31:07.874196700Z lung_cancer                        0.391   0.092     4.245   0.000
2021-05-17T07:31:07.874203800Z haematological_cancer              0.133   0.074     1.800   0.072
2021-05-17T07:31:07.874210900Z cancer_excl_lung_and_haem          0.010   0.047     0.223   0.824
2021-05-17T07:31:07.874217900Z any_immunosuppression             -0.039   0.053    -0.737   0.461
2021-05-17T07:31:07.874225200Z dementia                           0.769   0.053    14.502   0.000
2021-05-17T07:31:07.874232300Z other_neuro_conditions             0.535   0.059     9.136   0.000
2021-05-17T07:31:07.874239200Z LD_incl_DS_and_CP                  0.701   0.136     5.149   0.000
2021-05-17T07:31:07.874246300Z psychosis_schiz_bipolar            0.350   0.078     4.486   0.000
2021-05-17T07:31:07.874253200Z multimorb1                         0.379   0.050     7.548   0.000
2021-05-17T07:31:07.874260100Z multimorb2                         0.482   0.084     5.750   0.000
2021-05-17T07:31:07.874266900Z multimorb3                         0.541   0.121     4.483   0.000
2021-05-17T07:31:07.874273700Z multimorb4+                        0.366   0.169     2.165   0.030
2021-05-17T07:31:07.874280600Z shielded                           0.480   0.029    16.453   0.000
2021-05-17T07:31:07.874287500Z flu_vaccine                       -0.123   0.031    -3.981   0.000
2021-05-17T07:31:07.874294300Z efi_catMild                        0.328   0.043     7.648   0.000
2021-05-17T07:31:07.874301200Z efi_catModerate                    0.716   0.046    15.589   0.000
2021-05-17T07:31:07.874308200Z efi_catSevere                      1.202   0.052    22.958   0.000
2021-05-17T07:31:07.874315100Z ns(tstop, df = 4)1                 1.670   0.113    14.821   0.000
2021-05-17T07:31:07.874321900Z ns(tstop, df = 4)2                 0.718   0.121     5.931   0.000
2021-05-17T07:31:07.874328800Z ns(tstop, df = 4)3                 2.140   0.262     8.164   0.000
2021-05-17T07:31:07.874335700Z ns(tstop, df = 4)4                 0.490   0.154     3.186   0.001
2021-05-17T07:31:07.874342600Z regionEast Midlands                0.718   0.154     4.668   0.000
2021-05-17T07:31:07.874349500Z regionLondon                       1.572   0.263     5.970   0.000
2021-05-17T07:31:07.874356600Z regionNorth East                   1.383   0.219     6.299   0.000
2021-05-17T07:31:07.874363600Z regionNorth West                   1.068   0.195     5.485   0.000
2021-05-17T07:31:07.874370500Z regionSouth East                   0.684   0.284     2.410   0.016
2021-05-17T07:31:07.874377400Z regionSouth West                   2.730   0.220    12.418   0.000
2021-05-17T07:31:07.874385000Z regionWest Midlands                4.338   0.247    17.560   0.000
2021-05-17T07:31:07.874392500Z regionYorkshire and The           -0.998   0.196    -5.084   0.000
2021-05-17T07:31:07.874406200Z Humber                                                            
2021-05-17T07:31:07.874413700Z ns(tstop, df =                    -0.678   0.165    -4.121   0.000
2021-05-17T07:31:07.874420700Z 4)1:regionEast Midlands                                           
2021-05-17T07:31:07.874427600Z ns(tstop, df =                    -0.410   0.173    -2.366   0.018
2021-05-17T07:31:07.874434600Z 4)2:regionEast Midlands                                           
2021-05-17T07:31:07.874441600Z ns(tstop, df =                    -0.981   0.372    -2.635   0.008
2021-05-17T07:31:07.874448700Z 4)3:regionEast Midlands                                           
2021-05-17T07:31:07.874455800Z ns(tstop, df =                     0.646   0.198     3.265   0.001
2021-05-17T07:31:07.874462900Z 4)4:regionEast Midlands                                           
2021-05-17T07:31:07.874469900Z ns(tstop, df =                     0.413   0.264     1.561   0.118
2021-05-17T07:31:07.874477100Z 4)1:regionLondon                                                  
2021-05-17T07:31:07.874484100Z ns(tstop, df =                     0.390   0.286     1.364   0.173
2021-05-17T07:31:07.874491200Z 4)2:regionLondon                                                  
2021-05-17T07:31:07.874498200Z ns(tstop, df =                     0.234   0.619     0.378   0.706
2021-05-17T07:31:07.874505200Z 4)3:regionLondon                                                  
2021-05-17T07:31:07.874515300Z ns(tstop, df =                    -0.354   0.355    -0.998   0.318
2021-05-17T07:31:07.874522600Z 4)4:regionLondon                                                  
2021-05-17T07:31:07.874529500Z ns(tstop, df =                    -1.092   0.256    -4.273   0.000
2021-05-17T07:31:07.874536700Z 4)1:regionNorth East                                              
2021-05-17T07:31:07.874543800Z ns(tstop, df =                    -0.749   0.274    -2.738   0.006
2021-05-17T07:31:07.874550900Z 4)2:regionNorth East                                              
2021-05-17T07:31:07.874558000Z ns(tstop, df =                    -1.936   0.555    -3.486   0.000
2021-05-17T07:31:07.874565200Z 4)3:regionNorth East                                              
2021-05-17T07:31:07.874572700Z ns(tstop, df =                     0.775   0.297     2.611   0.009
2021-05-17T07:31:07.874579900Z 4)4:regionNorth East                                              
2021-05-17T07:31:07.874587200Z ns(tstop, df =                    -0.437   0.210    -2.085   0.037
2021-05-17T07:31:07.874594200Z 4)1:regionNorth West                                              
2021-05-17T07:31:07.874601400Z ns(tstop, df =                    -0.575   0.221    -2.604   0.009
2021-05-17T07:31:07.874609400Z 4)2:regionNorth West                                              
2021-05-17T07:31:07.874616800Z ns(tstop, df =                    -1.106   0.474    -2.335   0.020
2021-05-17T07:31:07.874631200Z 4)3:regionNorth West                                              
2021-05-17T07:31:07.874638800Z ns(tstop, df =                     0.851   0.244     3.488   0.000
2021-05-17T07:31:07.874686500Z 4)4:regionNorth West                                              
2021-05-17T07:31:07.874699300Z ns(tstop, df =                     0.822   0.281     2.924   0.003
2021-05-17T07:31:07.874706400Z 4)1:regionSouth East                                              
2021-05-17T07:31:07.874713400Z ns(tstop, df =                     0.569   0.273     2.088   0.037
2021-05-17T07:31:07.874720300Z 4)2:regionSouth East                                              
2021-05-17T07:31:07.874727200Z ns(tstop, df =                     0.844   0.651     1.295   0.195
2021-05-17T07:31:07.874734200Z 4)3:regionSouth East                                              
2021-05-17T07:31:07.874741100Z ns(tstop, df =                     0.660   0.296     2.230   0.026
2021-05-17T07:31:07.874748000Z 4)4:regionSouth East                                              
2021-05-17T07:31:07.874754900Z ns(tstop, df =                     0.137   0.226     0.605   0.545
2021-05-17T07:31:07.874761800Z 4)1:regionSouth West                                              
2021-05-17T07:31:07.874768600Z ns(tstop, df =                     0.215   0.237     0.906   0.365
2021-05-17T07:31:07.874775500Z 4)2:regionSouth West                                              
2021-05-17T07:31:07.874782400Z ns(tstop, df =                    -0.244   0.523    -0.467   0.641
2021-05-17T07:31:07.874791000Z 4)3:regionSouth West                                              
2021-05-17T07:31:07.874798000Z ns(tstop, df =                     0.157   0.297     0.527   0.598
2021-05-17T07:31:07.874804900Z 4)4:regionSouth West                                              
2021-05-17T07:31:07.874812000Z ns(tstop, df =                    -0.606   0.268    -2.263   0.024
2021-05-17T07:31:07.874819300Z 4)1:regionWest Midlands                                           
2021-05-17T07:31:07.874826100Z ns(tstop, df =                     1.095   0.261     4.191   0.000
2021-05-17T07:31:07.874833200Z 4)2:regionWest Midlands                                           
2021-05-17T07:31:07.874841300Z ns(tstop, df =                     0.169   0.597     0.284   0.777
2021-05-17T07:31:07.874848200Z 4)3:regionWest Midlands                                           
2021-05-17T07:31:07.874855000Z ns(tstop, df =                     1.063   0.300     3.545   0.000
2021-05-17T07:31:07.874861700Z 4)4:regionWest Midlands                                           
2021-05-17T07:31:07.874868400Z ns(tstop, df =                    -0.647   0.209    -3.088   0.002
2021-05-17T07:31:07.874875200Z 4)1:regionYorkshire and The                                       
2021-05-17T07:31:07.874882900Z Humber                                                            
2021-05-17T07:31:07.874898800Z ns(tstop, df =                     0.146   0.215     0.682   0.495
2021-05-17T07:31:07.874906300Z 4)2:regionYorkshire and The                                       
2021-05-17T07:31:07.874913300Z Humber                                                            
2021-05-17T07:31:07.874920000Z ns(tstop, df =                    -0.424   0.472    -0.897   0.370
2021-05-17T07:31:07.874927000Z 4)3:regionYorkshire and The                                       
2021-05-17T07:31:07.874933800Z Humber                                                            
2021-05-17T07:31:07.874941100Z ns(tstop, df =                     0.515   0.241     2.135   0.033
2021-05-17T07:31:07.874947800Z 4)4:regionYorkshire and The                                       
2021-05-17T07:31:07.874954800Z Humber                                                            
2021-05-17T07:31:07.874961500Z ------------------------------------------------------------------
2021-05-17T07:31:07.874968500Z msmmod2_par data size = 11625927 
2021-05-17T07:31:33.521329500Z memory usage = 5.055 GB 
2021-05-17T07:33:07.732146000Z   
2021-05-17T07:33:07.732220000Z msmmod3 
2021-05-17T08:08:20.603725600Z MODEL INFO:
2021-05-17T08:08:20.603869200Z Observations: 11625927
2021-05-17T08:08:20.603879200Z Dependent Variable: 
2021-05-17T08:08:20.603887000Z Type: Generalized linear model
2021-05-17T08:08:20.603894900Z   Family: binomial 
2021-05-17T08:08:20.603902500Z   Link function: logit 
2021-05-17T08:08:20.603910100Z 
2021-05-17T08:08:20.605664700Z MODEL FIT:
2021-05-17T08:08:20.605693900Z <U+03C7><U+00B2>(110) = 43339.562, p = 0.000
2021-05-17T08:08:20.605704800Z Pseudo-R<U+00B2> (Cragg-Uhler) = 
2021-05-17T08:08:20.605713100Z Pseudo-R<U+00B2> (McFadden) = 0.235
2021-05-17T08:08:20.605721200Z AIC = 141269.166, BIC = 142852.997 
2021-05-17T08:08:20.605729200Z 
2021-05-17T08:08:20.605900000Z Standard errors: MLE
2021-05-17T08:08:21.187707900Z ------------------------------------------------------------------------------
2021-05-17T08:08:21.187791100Z                                                         Est.    S.E.    z val.
2021-05-17T08:08:21.187800600Z -------------------------------------------------- --------- ------- ---------
2021-05-17T08:08:21.187808500Z (Intercept)                                          -24.201   8.770    -2.759
2021-05-17T08:08:21.187816400Z timesincevax_pw1-3                                    -0.618   0.109    -5.675
2021-05-17T08:08:21.187824300Z timesincevax_pw4-7                                    -0.749   0.102    -7.363
2021-05-17T08:08:21.187832100Z timesincevax_pw8-14                                   -0.633   0.080    -7.944
2021-05-17T08:08:21.187839900Z timesincevax_pw15-21                                  -0.779   0.097    -8.031
2021-05-17T08:08:21.187896700Z timesincevax_pw22-28                                  -1.260   0.153    -8.227
2021-05-17T08:08:21.187905000Z timesincevax_pw29+                                    -1.292   0.247    -5.234
2021-05-17T08:08:21.187912000Z poly(age, degree = 2, raw =                            0.277   0.236     1.175
2021-05-17T08:08:21.187919200Z TRUE)1                                                                        
2021-05-17T08:08:21.187926300Z poly(age, degree = 2, raw =                           -0.001   0.002    -0.896
2021-05-17T08:08:21.187933400Z TRUE)2                                                                        
2021-05-17T08:08:21.187940600Z sexMale                                                0.327   0.023    14.160
2021-05-17T08:08:21.187948800Z imd2                                                  -0.127   0.034    -3.730
2021-05-17T08:08:21.187955900Z imd3                                                  -0.099   0.035    -2.857
2021-05-17T08:08:21.187962900Z imd4                                                  -0.096   0.036    -2.687
2021-05-17T08:08:21.187969800Z imd5 least deprived                                   -0.222   0.038    -5.856
2021-05-17T08:08:21.187976800Z ethnicity_combinedBlack                                0.710   0.087     8.139
2021-05-17T08:08:21.187983800Z ethnicity_combinedSouth                                0.337   0.052     6.447
2021-05-17T08:08:21.187990700Z Asian                                                                         
2021-05-17T08:08:21.187997800Z ethnicity_combinedMixed                                0.527   0.160     3.285
2021-05-17T08:08:21.188004800Z ethnicity_combinedOther                                0.791   0.096     8.207
2021-05-17T08:08:21.188011800Z bmiObese I (30-34.9)                                   0.068   0.028     2.378
2021-05-17T08:08:21.188020900Z bmiObese II (35-39.9)                                  0.282   0.057     4.937
2021-05-17T08:08:21.188028300Z bmiObese III (40+)                                     0.316   0.065     4.870
2021-05-17T08:08:21.188035400Z heart_failure                                          0.201   0.041     4.896
2021-05-17T08:08:21.188042300Z other_heart_disease                                   -0.081   0.044    -1.819
2021-05-17T08:08:21.188049500Z dialysis                                               0.254   0.119     2.125
2021-05-17T08:08:21.188056500Z diabetes                                               0.113   0.049     2.323
2021-05-17T08:08:21.188063700Z chronic_liver_disease                                  0.302   0.088     3.421
2021-05-17T08:08:21.188070500Z current_copd                                           0.243   0.048     5.093
2021-05-17T08:08:21.188077600Z other_resp_conditions                                 -0.000   0.045    -0.001
2021-05-17T08:08:21.188084600Z lung_cancer                                            0.273   0.096     2.836
2021-05-17T08:08:21.188091900Z haematological_cancer                                  0.048   0.076     0.631
2021-05-17T08:08:21.188107200Z cancer_excl_lung_and_haem                              0.015   0.050     0.305
2021-05-17T08:08:21.188115000Z any_immunosuppression                                  0.018   0.055     0.332
2021-05-17T08:08:21.188122100Z dementia                                               0.730   0.056    13.121
2021-05-17T08:08:21.188129100Z other_neuro_conditions                                 0.446   0.062     7.129
2021-05-17T08:08:21.188136200Z LD_incl_DS_and_CP                                      0.460   0.140     3.295
2021-05-17T08:08:21.188143300Z psychosis_schiz_bipolar                                0.399   0.081     4.951
2021-05-17T08:08:21.188150400Z multimorb1                                             0.366   0.053     6.948
2021-05-17T08:08:21.188157400Z multimorb2                                             0.385   0.089     4.313
2021-05-17T08:08:21.188164500Z multimorb3                                             0.417   0.130     3.220
2021-05-17T08:08:21.188171600Z multimorb4+                                            0.270   0.181     1.493
2021-05-17T08:08:21.188178500Z shielded                                               0.418   0.030    13.912
2021-05-17T08:08:21.188185600Z flu_vaccine                                           -0.153   0.032    -4.837
2021-05-17T08:08:21.188192500Z efi_catMild                                            0.293   0.043     6.775
2021-05-17T08:08:21.188199500Z efi_catModerate                                        0.643   0.046    13.832
2021-05-17T08:08:21.188207000Z efi_catSevere                                          0.992   0.054    18.387
2021-05-17T08:08:21.188214600Z ns(tstop, df = 4)1                                     0.833   0.113     7.343
2021-05-17T08:08:21.188222000Z ns(tstop, df = 4)2                                     0.194   0.123     1.585
2021-05-17T08:08:21.188229200Z ns(tstop, df = 4)3                                     1.041   0.262     3.978
2021-05-17T08:08:21.188236100Z ns(tstop, df = 4)4                                    -0.009   0.157    -0.056
2021-05-17T08:08:21.188243100Z regionEast Midlands                                    0.627   0.154     4.064
2021-05-17T08:08:21.188250200Z regionLondon                                           1.516   0.269     5.636
2021-05-17T08:08:21.188257200Z regionNorth East                                       1.409   0.218     6.459
2021-05-17T08:08:21.188264300Z regionNorth West                                       1.210   0.191     6.345
2021-05-17T08:08:21.188271400Z regionSouth East                                       0.953   0.277     3.441
2021-05-17T08:08:21.188278400Z regionSouth West                                       2.573   0.225    11.414
2021-05-17T08:08:21.188285400Z regionWest Midlands                                    4.212   0.258    16.320
2021-05-17T08:08:21.188292300Z regionYorkshire and The                               -1.026   0.198    -5.194
2021-05-17T08:08:21.188299600Z Humber                                                                        
2021-05-17T08:08:21.188314400Z timesince_postesttdc_pw1-3                             5.270   0.037   142.149
2021-05-17T08:08:21.188322000Z timesince_postesttdc_pw3-7                             4.855   0.041   119.466
2021-05-17T08:08:21.188329000Z timesince_postesttdc_pw8-14                            4.471   0.042   106.134
2021-05-17T08:08:21.188336100Z timesince_postesttdc_pw15-21                           2.537   0.105    24.251
2021-05-17T08:08:21.188346300Z timesince_postesttdc_pw22-28                           1.394   0.202     6.901
2021-05-17T08:08:21.188353900Z timesince_postesttdc_pw29+                             0.810   0.199     4.077
2021-05-17T08:08:21.188361000Z timesince_suspectedcovid_pw1-3                         1.150   0.123     9.345
2021-05-17T08:08:21.188368100Z timesince_suspectedcovid_pw3-7                         0.622   0.150     4.146
2021-05-17T08:08:21.188375000Z timesince_suspectedcovid_pw8-14                        0.856   0.139     6.179
2021-05-17T08:08:21.188382000Z timesince_suspectedcovid_pw15-21                       0.205   0.290     0.707
2021-05-17T08:08:21.188389000Z timesince_suspectedcovid_pw22-28                       0.256   0.411     0.622
2021-05-17T08:08:21.188396000Z timesince_suspectedcovid_pw29+                         0.359   0.261     1.373
2021-05-17T08:08:21.188403100Z timesince_hospinfectiousdischarge_pwIn                 0.127   0.031     4.102
2021-05-17T08:08:21.188410800Z hospital                                                                      
2021-05-17T08:08:21.188418200Z timesince_hospinfectiousdischarge_pw1-7                2.159   0.057    38.218
2021-05-17T08:08:21.188425300Z timesince_hospinfectiousdischarge_pw8-14               1.854   0.061    30.557
2021-05-17T08:08:21.188432600Z timesince_hospinfectiousdischarge_pw15-21              1.359   0.084    16.092
2021-05-17T08:08:21.188439700Z timesince_hospinfectiousdischarge_pw22-28              1.111   0.122     9.142
2021-05-17T08:08:21.188446900Z timesince_hospnoninfectiousdischarge_pwIn              0.016   0.049     0.330
2021-05-17T08:08:21.188454000Z hospital                                                                      
2021-05-17T08:08:21.188460900Z timesince_hospnoninfectiousdischarge_pw1-7             2.313   0.131    17.616
2021-05-17T08:08:21.188468100Z timesince_hospnoninfectiousdischarge_pw8-14            2.310   0.135    17.170
2021-05-17T08:08:21.188475100Z timesince_hospnoninfectiousdischarge_pw15-21           1.146   0.196     5.838
2021-05-17T08:08:21.188520300Z timesince_hospnoninfectiousdischarge_pw22-28           0.837   0.254     3.292
2021-05-17T08:08:21.188532800Z ns(tstop, df =                                        -0.306   0.165    -1.850
2021-05-17T08:08:21.188540400Z 4)1:regionEast Midlands                                                       
2021-05-17T08:08:21.188547700Z ns(tstop, df =                                        -0.195   0.176    -1.110
2021-05-17T08:08:21.188554900Z 4)2:regionEast Midlands                                                       
2021-05-17T08:08:21.188570600Z ns(tstop, df =                                        -0.657   0.374    -1.757
2021-05-17T08:08:21.188578300Z 4)3:regionEast Midlands                                                       
2021-05-17T08:08:21.188585400Z ns(tstop, df =                                         0.483   0.204     2.363
2021-05-17T08:08:21.188592600Z 4)4:regionEast Midlands                                                       
2021-05-17T08:08:21.188599600Z ns(tstop, df =                                         0.220   0.270     0.816
2021-05-17T08:08:21.188606700Z 4)1:regionLondon                                                              
2021-05-17T08:08:21.188613700Z ns(tstop, df =                                         0.753   0.294     2.563
2021-05-17T08:08:21.188620900Z 4)2:regionLondon                                                              
2021-05-17T08:08:21.188628200Z ns(tstop, df =                                         0.353   0.632     0.558
2021-05-17T08:08:21.188635400Z 4)3:regionLondon                                                              
2021-05-17T08:08:21.188642400Z ns(tstop, df =                                         0.104   0.357     0.292
2021-05-17T08:08:21.188650300Z 4)4:regionLondon                                                              
2021-05-17T08:08:21.188657800Z ns(tstop, df =                                        -0.336   0.256    -1.312
2021-05-17T08:08:21.188665000Z 4)1:regionNorth East                                                          
2021-05-17T08:08:21.188672000Z ns(tstop, df =                                        -0.707   0.276    -2.560
2021-05-17T08:08:21.188679200Z 4)2:regionNorth East                                                          
2021-05-17T08:08:21.188686400Z ns(tstop, df =                                        -2.211   0.553    -4.002
2021-05-17T08:08:21.188693500Z 4)3:regionNorth East                                                          
2021-05-17T08:08:21.188703000Z ns(tstop, df =                                         0.760   0.306     2.478
2021-05-17T08:08:21.188710000Z 4)4:regionNorth East                                                          
2021-05-17T08:08:21.188716900Z ns(tstop, df =                                        -0.255   0.209    -1.220
2021-05-17T08:08:21.188723800Z 4)1:regionNorth West                                                          
2021-05-17T08:08:21.188730800Z ns(tstop, df =                                        -0.171   0.221    -0.770
2021-05-17T08:08:21.188737700Z 4)2:regionNorth West                                                          
2021-05-17T08:08:21.188744600Z ns(tstop, df =                                        -1.350   0.467    -2.892
2021-05-17T08:08:21.188751500Z 4)3:regionNorth West                                                          
2021-05-17T08:08:21.188758400Z ns(tstop, df =                                         0.638   0.254     2.510
2021-05-17T08:08:21.188765300Z 4)4:regionNorth West                                                          
2021-05-17T08:08:21.188777000Z ns(tstop, df =                                         0.798   0.279     2.859
2021-05-17T08:08:21.188784600Z 4)1:regionSouth East                                                          
2021-05-17T08:08:21.188791500Z ns(tstop, df =                                         0.302   0.276     1.093
2021-05-17T08:08:21.188798500Z 4)2:regionSouth East                                                          
2021-05-17T08:08:21.188805400Z ns(tstop, df =                                        -0.504   0.639    -0.789
2021-05-17T08:08:21.188812300Z 4)3:regionSouth East                                                          
2021-05-17T08:08:21.188819300Z ns(tstop, df =                                         0.559   0.315     1.775
2021-05-17T08:08:21.188826300Z 4)4:regionSouth East                                                          
2021-05-17T08:08:21.188833200Z ns(tstop, df =                                         0.164   0.232     0.705
2021-05-17T08:08:21.188840800Z 4)1:regionSouth West                                                          
2021-05-17T08:08:21.188848100Z ns(tstop, df =                                         0.072   0.248     0.290
2021-05-17T08:08:21.188855300Z 4)2:regionSouth West                                                          
2021-05-17T08:08:21.188862200Z ns(tstop, df =                                         0.238   0.538     0.442
2021-05-17T08:08:21.188869100Z 4)3:regionSouth West                                                          
2021-05-17T08:08:21.188876100Z ns(tstop, df =                                         0.130   0.307     0.424
2021-05-17T08:08:21.188883000Z 4)4:regionSouth West                                                          
2021-05-17T08:08:21.188890000Z ns(tstop, df =                                        -1.678   0.290    -5.785
2021-05-17T08:08:21.188897000Z 4)1:regionWest Midlands                                                       
2021-05-17T08:08:21.188903900Z ns(tstop, df =                                        -0.524   0.290    -1.811
2021-05-17T08:08:21.188910800Z 4)2:regionWest Midlands                                                       
2021-05-17T08:08:21.188917700Z ns(tstop, df =                                        -0.015   0.634    -0.023
2021-05-17T08:08:21.188924600Z 4)3:regionWest Midlands                                                       
2021-05-17T08:08:21.188931400Z ns(tstop, df =                                         0.826   0.330     2.502
2021-05-17T08:08:21.188938300Z 4)4:regionWest Midlands                                                       
2021-05-17T08:08:21.188945200Z ns(tstop, df =                                        -0.057   0.210    -0.272
2021-05-17T08:08:21.188952400Z 4)1:regionYorkshire and The                                                   
2021-05-17T08:08:21.188959400Z Humber                                                                        
2021-05-17T08:08:21.188972700Z ns(tstop, df =                                         0.315   0.216     1.457
2021-05-17T08:08:21.188980400Z 4)2:regionYorkshire and The                                                   
2021-05-17T08:08:21.188987600Z Humber                                                                        
2021-05-17T08:08:21.188994400Z ns(tstop, df =                                        -0.123   0.476    -0.259
2021-05-17T08:08:21.189001400Z 4)3:regionYorkshire and The                                                   
2021-05-17T08:08:21.189008300Z Humber                                                                        
2021-05-17T08:08:21.189015400Z ns(tstop, df =                                         0.377   0.244     1.543
2021-05-17T08:08:21.189022300Z 4)4:regionYorkshire and The                                                   
2021-05-17T08:08:21.189029900Z Humber                                                                        
2021-05-17T08:08:21.189037000Z ------------------------------------------------------------------------------
2021-05-17T08:08:21.189044300Z  
2021-05-17T08:08:21.189051000Z ----------------------------------------------------------
2021-05-17T08:08:21.189057900Z                                                          p
2021-05-17T08:08:21.189064700Z -------------------------------------------------- -------
2021-05-17T08:08:21.189071500Z (Intercept)                                          0.006
2021-05-17T08:08:21.189078300Z timesincevax_pw1-3                                   0.000
2021-05-17T08:08:21.189085200Z timesincevax_pw4-7                                   0.000
2021-05-17T08:08:21.189092400Z timesincevax_pw8-14                                  0.000
2021-05-17T08:08:21.189099300Z timesincevax_pw15-21                                 0.000
2021-05-17T08:08:21.189106200Z timesincevax_pw22-28                                 0.000
2021-05-17T08:08:21.189113000Z timesincevax_pw29+                                   0.000
2021-05-17T08:08:21.189119800Z poly(age, degree = 2, raw =                          0.240
2021-05-17T08:08:21.189126800Z TRUE)1                                                    
2021-05-17T08:08:21.189133700Z poly(age, degree = 2, raw =                          0.370
2021-05-17T08:08:21.189140500Z TRUE)2                                                    
2021-05-17T08:08:21.189147300Z sexMale                                              0.000
2021-05-17T08:08:21.189154000Z imd2                                                 0.000
2021-05-17T08:08:21.189160900Z imd3                                                 0.004
2021-05-17T08:08:21.189167900Z imd4                                                 0.007
2021-05-17T08:08:21.189174800Z imd5 least deprived                                  0.000
2021-05-17T08:08:21.189181700Z ethnicity_combinedBlack                              0.000
2021-05-17T08:08:21.189188500Z ethnicity_combinedSouth                              0.000
2021-05-17T08:08:21.189202600Z Asian                                                     
2021-05-17T08:08:21.189210200Z ethnicity_combinedMixed                              0.001
2021-05-17T08:08:21.189217100Z ethnicity_combinedOther                              0.000
2021-05-17T08:08:21.189223900Z bmiObese I (30-34.9)                                 0.017
2021-05-17T08:08:21.189230800Z bmiObese II (35-39.9)                                0.000
2021-05-17T08:08:21.189237800Z bmiObese III (40+)                                   0.000
2021-05-17T08:08:21.189244700Z heart_failure                                        0.000
2021-05-17T08:08:21.189251700Z other_heart_disease                                  0.069
2021-05-17T08:08:21.189258700Z dialysis                                             0.034
2021-05-17T08:08:21.189265700Z diabetes                                             0.020
2021-05-17T08:08:21.189272500Z chronic_liver_disease                                0.001
2021-05-17T08:08:21.189280300Z current_copd                                         0.000
2021-05-17T08:08:21.189287600Z other_resp_conditions                                0.999
2021-05-17T08:08:21.189294700Z lung_cancer                                          0.005
2021-05-17T08:08:21.189301500Z haematological_cancer                                0.528
2021-05-17T08:08:21.189308500Z cancer_excl_lung_and_haem                            0.761
2021-05-17T08:08:21.189315400Z any_immunosuppression                                0.740
2021-05-17T08:08:21.189322400Z dementia                                             0.000
2021-05-17T08:08:21.189329500Z other_neuro_conditions                               0.000
2021-05-17T08:08:21.189336500Z LD_incl_DS_and_CP                                    0.001
2021-05-17T08:08:21.189343600Z psychosis_schiz_bipolar                              0.000
2021-05-17T08:08:21.189350600Z multimorb1                                           0.000
2021-05-17T08:08:21.189357700Z multimorb2                                           0.000
2021-05-17T08:08:21.189364800Z multimorb3                                           0.001
2021-05-17T08:08:21.189371800Z multimorb4+                                          0.135
2021-05-17T08:08:21.189379000Z shielded                                             0.000
2021-05-17T08:08:21.189386300Z flu_vaccine                                          0.000
2021-05-17T08:08:21.189393300Z efi_catMild                                          0.000
2021-05-17T08:08:21.189400300Z efi_catModerate                                      0.000
2021-05-17T08:08:21.189407300Z efi_catSevere                                        0.000
2021-05-17T08:08:21.189414400Z ns(tstop, df = 4)1                                   0.000
2021-05-17T08:08:21.189421500Z ns(tstop, df = 4)2                                   0.113
2021-05-17T08:08:21.189435000Z ns(tstop, df = 4)3                                   0.000
2021-05-17T08:08:21.189442500Z ns(tstop, df = 4)4                                   0.955
2021-05-17T08:08:21.189449700Z regionEast Midlands                                  0.000
2021-05-17T08:08:21.189456500Z regionLondon                                         0.000
2021-05-17T08:08:21.189463600Z regionNorth East                                     0.000
2021-05-17T08:08:21.189470500Z regionNorth West                                     0.000
2021-05-17T08:08:21.189477400Z regionSouth East                                     0.001
2021-05-17T08:08:21.189484200Z regionSouth West                                     0.000
2021-05-17T08:08:21.189491200Z regionWest Midlands                                  0.000
2021-05-17T08:08:21.189498200Z regionYorkshire and The                              0.000
2021-05-17T08:08:21.189505000Z Humber                                                    
2021-05-17T08:08:21.189512000Z timesince_postesttdc_pw1-3                           0.000
2021-05-17T08:08:21.189519000Z timesince_postesttdc_pw3-7                           0.000
2021-05-17T08:08:21.189526400Z timesince_postesttdc_pw8-14                          0.000
2021-05-17T08:08:21.189533700Z timesince_postesttdc_pw15-21                         0.000
2021-05-17T08:08:21.189541000Z timesince_postesttdc_pw22-28                         0.000
2021-05-17T08:08:21.189548100Z timesince_postesttdc_pw29+                           0.000
2021-05-17T08:08:21.189555000Z timesince_suspectedcovid_pw1-3                       0.000
2021-05-17T08:08:21.189561900Z timesince_suspectedcovid_pw3-7                       0.000
2021-05-17T08:08:21.189568700Z timesince_suspectedcovid_pw8-14                      0.000
2021-05-17T08:08:21.189575600Z timesince_suspectedcovid_pw15-21                     0.480
2021-05-17T08:08:21.189582400Z timesince_suspectedcovid_pw22-28                     0.534
2021-05-17T08:08:21.189589200Z timesince_suspectedcovid_pw29+                       0.170
2021-05-17T08:08:21.189596000Z timesince_hospinfectiousdischarge_pwIn               0.000
2021-05-17T08:08:21.189602900Z hospital                                                  
2021-05-17T08:08:21.189609900Z timesince_hospinfectiousdischarge_pw1-7              0.000
2021-05-17T08:08:21.189616700Z timesince_hospinfectiousdischarge_pw8-14             0.000
2021-05-17T08:08:21.189623700Z timesince_hospinfectiousdischarge_pw15-21            0.000
2021-05-17T08:08:21.189630600Z timesince_hospinfectiousdischarge_pw22-28            0.000
2021-05-17T08:08:21.189637800Z timesince_hospnoninfectiousdischarge_pwIn            0.741
2021-05-17T08:08:21.189644700Z hospital                                                  
2021-05-17T08:08:21.189651800Z timesince_hospnoninfectiousdischarge_pw1-7           0.000
2021-05-17T08:08:21.189664800Z timesince_hospnoninfectiousdischarge_pw8-14          0.000
2021-05-17T08:08:21.189672600Z timesince_hospnoninfectiousdischarge_pw15-21         0.000
2021-05-17T08:08:21.189679500Z timesince_hospnoninfectiousdischarge_pw22-28         0.001
2021-05-17T08:08:21.189686500Z ns(tstop, df =                                       0.064
2021-05-17T08:08:21.189693300Z 4)1:regionEast Midlands                                   
2021-05-17T08:08:21.189700200Z ns(tstop, df =                                       0.267
2021-05-17T08:08:21.189707100Z 4)2:regionEast Midlands                                   
2021-05-17T08:08:21.189714000Z ns(tstop, df =                                       0.079
2021-05-17T08:08:21.189720900Z 4)3:regionEast Midlands                                   
2021-05-17T08:08:21.189727800Z ns(tstop, df =                                       0.018
2021-05-17T08:08:21.189734600Z 4)4:regionEast Midlands                                   
2021-05-17T08:08:21.189741900Z ns(tstop, df =                                       0.415
2021-05-17T08:08:21.189748700Z 4)1:regionLondon                                          
2021-05-17T08:08:21.189755700Z ns(tstop, df =                                       0.010
2021-05-17T08:08:21.189762500Z 4)2:regionLondon                                          
2021-05-17T08:08:21.189769200Z ns(tstop, df =                                       0.577
2021-05-17T08:08:21.189776000Z 4)3:regionLondon                                          
2021-05-17T08:08:21.189783400Z ns(tstop, df =                                       0.770
2021-05-17T08:08:21.189790800Z 4)4:regionLondon                                          
2021-05-17T08:08:21.189797900Z ns(tstop, df =                                       0.190
2021-05-17T08:08:21.189804900Z 4)1:regionNorth East                                      
2021-05-17T08:08:21.189811600Z ns(tstop, df =                                       0.010
2021-05-17T08:08:21.189818300Z 4)2:regionNorth East                                      
2021-05-17T08:08:21.189825100Z ns(tstop, df =                                       0.000
2021-05-17T08:08:21.189831900Z 4)3:regionNorth East                                      
2021-05-17T08:08:21.189838900Z ns(tstop, df =                                       0.013
2021-05-17T08:08:21.189846100Z 4)4:regionNorth East                                      
2021-05-17T08:08:21.189853200Z ns(tstop, df =                                       0.222
2021-05-17T08:08:21.189860200Z 4)1:regionNorth West                                      
2021-05-17T08:08:21.189867000Z ns(tstop, df =                                       0.441
2021-05-17T08:08:21.189873900Z 4)2:regionNorth West                                      
2021-05-17T08:08:21.189880800Z ns(tstop, df =                                       0.004
2021-05-17T08:08:21.189895800Z 4)3:regionNorth West                                      
2021-05-17T08:08:21.189903400Z ns(tstop, df =                                       0.012
2021-05-17T08:08:21.189910500Z 4)4:regionNorth West                                      
2021-05-17T08:08:21.189917400Z ns(tstop, df =                                       0.004
2021-05-17T08:08:21.189924500Z 4)1:regionSouth East                                      
2021-05-17T08:08:21.189931600Z ns(tstop, df =                                       0.275
2021-05-17T08:08:21.189938500Z 4)2:regionSouth East                                      
2021-05-17T08:08:21.189945300Z ns(tstop, df =                                       0.430
2021-05-17T08:08:21.189952300Z 4)3:regionSouth East                                      
2021-05-17T08:08:21.189959100Z ns(tstop, df =                                       0.076
2021-05-17T08:08:21.189966000Z 4)4:regionSouth East                                      
2021-05-17T08:08:21.189972900Z ns(tstop, df =                                       0.481
2021-05-17T08:08:21.189979900Z 4)1:regionSouth West                                      
2021-05-17T08:08:21.189986800Z ns(tstop, df =                                       0.772
2021-05-17T08:08:21.189993600Z 4)2:regionSouth West                                      
2021-05-17T08:08:21.190000500Z ns(tstop, df =                                       0.659
2021-05-17T08:08:21.190007500Z 4)3:regionSouth West                                      
2021-05-17T08:08:21.190014400Z ns(tstop, df =                                       0.671
2021-05-17T08:08:21.190021200Z 4)4:regionSouth West                                      
2021-05-17T08:08:21.190028800Z ns(tstop, df =                                       0.000
2021-05-17T08:08:21.190035900Z 4)1:regionWest Midlands                                   
2021-05-17T08:08:21.190043100Z ns(tstop, df =                                       0.070
2021-05-17T08:08:21.190050200Z 4)2:regionWest Midlands                                   
2021-05-17T08:08:21.190057000Z ns(tstop, df =                                       0.982
2021-05-17T08:08:21.190064200Z 4)3:regionWest Midlands                                   
2021-05-17T08:08:21.190071000Z ns(tstop, df =                                       0.012
2021-05-17T08:08:21.190077900Z 4)4:regionWest Midlands                                   
2021-05-17T08:08:21.190084700Z ns(tstop, df =                                       0.786
2021-05-17T08:08:21.190091900Z 4)1:regionYorkshire and The                               
2021-05-17T08:08:21.190102500Z Humber                                                    
2021-05-17T08:08:21.190110000Z ns(tstop, df =                                       0.145
2021-05-17T08:08:21.190116800Z 4)2:regionYorkshire and The                               
2021-05-17T08:08:21.190123900Z Humber                                                    
2021-05-17T08:08:21.190139900Z ns(tstop, df =                                       0.796
2021-05-17T08:08:21.190148100Z 4)3:regionYorkshire and The                               
2021-05-17T08:08:21.190155000Z Humber                                                    
2021-05-17T08:08:21.190162100Z ns(tstop, df =                                       0.123
2021-05-17T08:08:21.190168900Z 4)4:regionYorkshire and The                               
2021-05-17T08:08:21.190176100Z Humber                                                    
2021-05-17T08:08:21.190182900Z ----------------------------------------------------------
2021-05-17T08:08:21.190189800Z msmmod3_par data size = 11625927 
2021-05-17T08:08:45.738891900Z memory usage = 5.055 GB 
2021-05-17T08:10:23.162948100Z   
2021-05-17T08:10:23.163077500Z msmmod4 
2021-05-17T08:34:15.577131900Z MODEL INFO:
2021-05-17T08:34:15.577214200Z Observations: 11625927
2021-05-17T08:34:15.577223600Z Dependent Variable: 
2021-05-17T08:34:15.577231800Z Type: Generalized linear model
2021-05-17T08:34:15.577239200Z   Family: binomial 
2021-05-17T08:34:15.577246700Z   Link function: logit 
2021-05-17T08:34:15.577254100Z 
2021-05-17T08:34:15.578935200Z MODEL FIT:
2021-05-17T08:34:15.578963500Z <U+03C7><U+00B2>(88) = 18931.762, p = 0.000
2021-05-17T08:34:15.578974600Z Pseudo-R<U+00B2> (Cragg-Uhler) = 
2021-05-17T08:34:15.578982500Z Pseudo-R<U+00B2> (McFadden) = 0.105
2021-05-17T08:34:15.578990300Z AIC = 164690.392, BIC = 165960.311 
2021-05-17T08:34:15.578997800Z 
2021-05-17T08:34:15.579147900Z Standard errors: MLE
2021-05-17T08:34:15.838490500Z ------------------------------------------------------------------
2021-05-17T08:34:15.838567600Z                                     Est.    S.E.    z val.       p
2021-05-17T08:34:15.838576900Z ------------------------------- -------- ------- --------- -------
2021-05-17T08:34:15.838584500Z (Intercept)                        3.291   8.584     0.383   0.701
2021-05-17T08:34:15.838592300Z timesincevax_pw1-3                -0.572   0.088    -6.477   0.000
2021-05-17T08:34:15.838599800Z timesincevax_pw4-7                -1.080   0.101   -10.684   0.000
2021-05-17T08:34:15.838607500Z timesincevax_pw8-14               -0.810   0.078   -10.381   0.000
2021-05-17T08:34:15.838615200Z timesincevax_pw15-21              -0.899   0.097    -9.264   0.000
2021-05-17T08:34:15.838622700Z timesincevax_pw22-28              -1.372   0.149    -9.212   0.000
2021-05-17T08:34:15.838630300Z timesincevax_pw29+                -1.323   0.234    -5.654   0.000
2021-05-17T08:34:15.838637900Z poly(age, degree = 2, raw =       -0.469   0.231    -2.034   0.042
2021-05-17T08:34:15.838668500Z TRUE)1                                                            
2021-05-17T08:34:15.838676700Z poly(age, degree = 2, raw =        0.004   0.002     2.336   0.019
2021-05-17T08:34:15.838683700Z TRUE)2                                                            
2021-05-17T08:34:15.838690500Z sexMale                            0.358   0.023    15.848   0.000
2021-05-17T08:34:15.838697500Z imd2                              -0.070   0.033    -2.109   0.035
2021-05-17T08:34:15.838704500Z imd3                              -0.188   0.034    -5.477   0.000
2021-05-17T08:34:15.838711400Z imd4                              -0.210   0.035    -5.945   0.000
2021-05-17T08:34:15.838718300Z imd5 least deprived               -0.321   0.038    -8.540   0.000
2021-05-17T08:34:15.838725200Z ethnicity_combinedBlack            0.554   0.084     6.593   0.000
2021-05-17T08:34:15.838732000Z ethnicity_combinedSouth            0.412   0.051     8.085   0.000
2021-05-17T08:34:15.838739000Z Asian                                                             
2021-05-17T08:34:15.838746000Z ethnicity_combinedMixed            0.713   0.134     5.329   0.000
2021-05-17T08:34:15.838752900Z ethnicity_combinedOther            0.482   0.097     4.987   0.000
2021-05-17T08:34:15.838759800Z bmiObese I (30-34.9)               0.067   0.028     2.393   0.017
2021-05-17T08:34:15.838766800Z bmiObese II (35-39.9)              0.170   0.055     3.085   0.002
2021-05-17T08:34:15.838773600Z bmiObese III (40+)                 0.371   0.061     6.037   0.000
2021-05-17T08:34:15.838780400Z heart_failure                      0.315   0.039     8.105   0.000
2021-05-17T08:34:15.838787200Z other_heart_disease               -0.174   0.042    -4.174   0.000
2021-05-17T08:34:15.838794000Z dialysis                           0.662   0.110     6.003   0.000
2021-05-17T08:34:15.838802300Z diabetes                           0.126   0.046     2.748   0.006
2021-05-17T08:34:15.838809500Z chronic_liver_disease              0.162   0.085     1.919   0.055
2021-05-17T08:34:15.838816500Z current_copd                       0.160   0.045     3.541   0.000
2021-05-17T08:34:15.838823500Z other_resp_conditions             -0.031   0.044    -0.702   0.483
2021-05-17T08:34:15.838830300Z lung_cancer                        0.353   0.092     3.819   0.000
2021-05-17T08:34:15.838837500Z haematological_cancer              0.120   0.074     1.613   0.107
2021-05-17T08:34:15.838844500Z cancer_excl_lung_and_haem         -0.042   0.047    -0.895   0.371
2021-05-17T08:34:15.838851500Z any_immunosuppression             -0.109   0.053    -2.052   0.040
2021-05-17T08:34:15.838858300Z dementia                           0.723   0.054    13.478   0.000
2021-05-17T08:34:15.838865100Z other_neuro_conditions             0.478   0.060     8.022   0.000
2021-05-17T08:34:15.838872000Z LD_incl_DS_and_CP                  0.676   0.137     4.930   0.000
2021-05-17T08:34:15.838878800Z psychosis_schiz_bipolar            0.307   0.078     3.905   0.000
2021-05-17T08:34:15.838902300Z multimorb1                         0.402   0.051     7.924   0.000
2021-05-17T08:34:15.838910100Z multimorb2                         0.556   0.084     6.584   0.000
2021-05-17T08:34:15.838917100Z multimorb3                         0.708   0.122     5.828   0.000
2021-05-17T08:34:15.838923900Z multimorb4+                        0.565   0.170     3.324   0.001
2021-05-17T08:34:15.838930700Z shielded                           0.491   0.029    16.765   0.000
2021-05-17T08:34:15.838937600Z flu_vaccine                       -0.179   0.031    -5.778   0.000
2021-05-17T08:34:15.838945000Z efi_catMild                        0.343   0.044     7.880   0.000
2021-05-17T08:34:15.838952000Z efi_catModerate                    0.739   0.047    15.843   0.000
2021-05-17T08:34:15.838959200Z efi_catSevere                      1.221   0.053    23.025   0.000
2021-05-17T08:34:15.838966100Z ns(tstop, df = 4)1                 1.667   0.113    14.773   0.000
2021-05-17T08:34:15.838973000Z ns(tstop, df = 4)2                 0.645   0.122     5.299   0.000
2021-05-17T08:34:15.838979900Z ns(tstop, df = 4)3                 1.935   0.263     7.358   0.000
2021-05-17T08:34:15.838986800Z ns(tstop, df = 4)4                 0.217   0.156     1.397   0.162
2021-05-17T08:34:15.838993700Z regionEast Midlands                0.744   0.154     4.843   0.000
2021-05-17T08:34:15.839000600Z regionLondon                       1.644   0.260     6.332   0.000
2021-05-17T08:34:15.839007400Z regionNorth East                   1.396   0.219     6.377   0.000
2021-05-17T08:34:15.839014300Z regionNorth West                   1.085   0.194     5.591   0.000
2021-05-17T08:34:15.839021100Z regionSouth East                   0.574   0.290     1.981   0.048
2021-05-17T08:34:15.839028000Z regionSouth West                   2.761   0.219    12.615   0.000
2021-05-17T08:34:15.839035400Z regionWest Midlands                4.331   0.247    17.543   0.000
2021-05-17T08:34:15.839042600Z regionYorkshire and The           -0.990   0.196    -5.055   0.000
2021-05-17T08:34:15.839049700Z Humber                                                            
2021-05-17T08:34:15.839056600Z ns(tstop, df =                    -0.615   0.165    -3.735   0.000
2021-05-17T08:34:15.839063500Z 4)1:regionEast Midlands                                           
2021-05-17T08:34:15.839070300Z ns(tstop, df =                    -0.488   0.177    -2.761   0.006
2021-05-17T08:34:15.839077200Z 4)2:regionEast Midlands                                           
2021-05-17T08:34:15.839084000Z ns(tstop, df =                    -1.246   0.373    -3.343   0.001
2021-05-17T08:34:15.839090900Z 4)3:regionEast Midlands                                           
2021-05-17T08:34:15.839097800Z ns(tstop, df =                     0.413   0.205     2.018   0.044
2021-05-17T08:34:15.839104600Z 4)4:regionEast Midlands                                           
2021-05-17T08:34:15.839118500Z ns(tstop, df =                     0.515   0.261     1.969   0.049
2021-05-17T08:34:15.839126100Z 4)1:regionLondon                                                  
2021-05-17T08:34:15.839133000Z ns(tstop, df =                     0.195   0.287     0.678   0.498
2021-05-17T08:34:15.839140000Z 4)2:regionLondon                                                  
2021-05-17T08:34:15.839147000Z ns(tstop, df =                    -0.073   0.613    -0.119   0.905
2021-05-17T08:34:15.839153800Z 4)3:regionLondon                                                  
2021-05-17T08:34:15.839160800Z ns(tstop, df =                    -0.311   0.359    -0.865   0.387
2021-05-17T08:34:15.839167700Z 4)4:regionLondon                                                  
2021-05-17T08:34:15.839174500Z ns(tstop, df =                    -1.025   0.256    -4.003   0.000
2021-05-17T08:34:15.839181300Z 4)1:regionNorth East                                              
2021-05-17T08:34:15.839188100Z ns(tstop, df =                    -0.938   0.283    -3.309   0.001
2021-05-17T08:34:15.839194900Z 4)2:regionNorth East                                              
2021-05-17T08:34:15.839201700Z ns(tstop, df =                    -2.102   0.556    -3.778   0.000
2021-05-17T08:34:15.839208600Z 4)3:regionNorth East                                              
2021-05-17T08:34:15.839215500Z ns(tstop, df =                     0.720   0.303     2.377   0.017
2021-05-17T08:34:15.839222300Z 4)4:regionNorth East                                              
2021-05-17T08:34:15.839229200Z ns(tstop, df =                    -0.357   0.210    -1.703   0.089
2021-05-17T08:34:15.839236000Z 4)1:regionNorth West                                              
2021-05-17T08:34:15.839242800Z ns(tstop, df =                    -0.772   0.226    -3.411   0.001
2021-05-17T08:34:15.839250300Z 4)2:regionNorth West                                              
2021-05-17T08:34:15.839257400Z ns(tstop, df =                    -1.347   0.474    -2.841   0.004
2021-05-17T08:34:15.839264400Z 4)3:regionNorth West                                              
2021-05-17T08:34:15.839271400Z ns(tstop, df =                     0.753   0.247     3.043   0.002
2021-05-17T08:34:15.839278200Z 4)4:regionNorth West                                              
2021-05-17T08:34:15.839285200Z ns(tstop, df =                     0.713   0.286     2.496   0.013
2021-05-17T08:34:15.839291900Z 4)1:regionSouth East                                              
2021-05-17T08:34:15.839299100Z ns(tstop, df =                     1.010   0.274     3.691   0.000
2021-05-17T08:34:15.839306000Z 4)2:regionSouth East                                              
2021-05-17T08:34:15.839312900Z ns(tstop, df =                     1.077   0.662     1.628   0.103
2021-05-17T08:34:15.839319700Z 4)3:regionSouth East                                              
2021-05-17T08:34:15.839340300Z ns(tstop, df =                     0.198   0.313     0.630   0.528
2021-05-17T08:34:15.839348000Z 4)4:regionSouth East                                              
2021-05-17T08:34:15.839355100Z ns(tstop, df =                     0.171   0.226     0.757   0.449
2021-05-17T08:34:15.839361900Z 4)1:regionSouth West                                              
2021-05-17T08:34:15.839368900Z ns(tstop, df =                     0.089   0.242     0.369   0.712
2021-05-17T08:34:15.839375700Z 4)2:regionSouth West                                              
2021-05-17T08:34:15.839382800Z ns(tstop, df =                    -0.477   0.523    -0.912   0.362
2021-05-17T08:34:15.839389600Z 4)3:regionSouth West                                              
2021-05-17T08:34:15.839399400Z ns(tstop, df =                    -0.030   0.309    -0.096   0.924
2021-05-17T08:34:15.839406300Z 4)4:regionSouth West                                              
2021-05-17T08:34:15.839413300Z ns(tstop, df =                    -0.610   0.268    -2.274   0.023
2021-05-17T08:34:15.839420100Z 4)1:regionWest Midlands                                           
2021-05-17T08:34:15.839427000Z ns(tstop, df =                     1.091   0.266     4.101   0.000
2021-05-17T08:34:15.839433800Z 4)2:regionWest Midlands                                           
2021-05-17T08:34:15.839440800Z ns(tstop, df =                     0.046   0.598     0.077   0.939
2021-05-17T08:34:15.839447700Z 4)3:regionWest Midlands                                           
2021-05-17T08:34:15.839454600Z ns(tstop, df =                     0.924   0.312     2.957   0.003
2021-05-17T08:34:15.839461500Z 4)4:regionWest Midlands                                           
2021-05-17T08:34:15.839468400Z ns(tstop, df =                    -0.606   0.209    -2.892   0.004
2021-05-17T08:34:15.839475200Z 4)1:regionYorkshire and The                                       
2021-05-17T08:34:15.839482800Z Humber                                                            
2021-05-17T08:34:15.839490000Z ns(tstop, df =                     0.063   0.218     0.290   0.772
2021-05-17T08:34:15.839497000Z 4)2:regionYorkshire and The                                       
2021-05-17T08:34:15.839503800Z Humber                                                            
2021-05-17T08:34:15.839510800Z ns(tstop, df =                    -0.552   0.472    -1.169   0.242
2021-05-17T08:34:15.839517700Z 4)3:regionYorkshire and The                                       
2021-05-17T08:34:15.839524700Z Humber                                                            
2021-05-17T08:34:15.839531500Z ns(tstop, df =                     0.445   0.244     1.823   0.068
2021-05-17T08:34:15.839538500Z 4)4:regionYorkshire and The                                       
2021-05-17T08:34:15.839545200Z Humber                                                            
2021-05-17T08:34:15.839552200Z ------------------------------------------------------------------
2021-05-17T08:34:15.839565600Z msmmod4_par data size = 11625927 
2021-05-17T08:34:35.733159000Z memory usage = 5.055 GB 
2021-05-17T08:36:18.496491100Z NULL
2021-05-17T08:36:18.496562000Z   
2021-05-17T08:36:29.864040200Z Warning messages:
2021-05-17T08:36:29.864110500Z              used    (Mb) gc trigger    (Mb)   max used    (Mb)
2021-05-17T08:36:29.864154700Z Ncells    2339523   125.0   23689826  1265.2    2339523   125.0
2021-05-17T08:36:29.864168600Z Vcells 2236277202 17061.5 5890281800 44939.3 2236277202 17061.5
2021-05-17T08:36:29.864114600Z 1: parglm.fit: algorithm did not converge 
2021-05-17T08:36:29.864188600Z 2: parglm.fit: algorithm did not converge 


state: succeeded
commit: d95a6fa6ef28b1c9dce6d94b3ef6b92ac12b6e69
docker_image_id: sha256:b0e86ebee1d778d06c4c86d5d4c32dd910483eb4b0a9c7ed3997f928aa94c500
exit_code: 0
job_id: bavuky36qtzvn6sb
run_by_user: wjchulme
created_at: 2021-05-17T03:22:21Z
started_at: 2021-05-17T03:24:05Z
completed_at: 2021-05-17T11:30:05Z

Completed successfully

outputs:
  output/in70s/covidadmitted/az/all/all/data_weights.rds              - highly_sensitive    
  output/in70s/covidadmitted/az/all/all/model1.rds                    - highly_sensitive    
  output/in70s/covidadmitted/az/all/all/model2.rds                    - highly_sensitive    
  output/in70s/covidadmitted/az/all/all/model3.rds                    - highly_sensitive    
  output/in70s/covidadmitted/az/all/all/model4.rds                    - highly_sensitive    
  output/in70s/covidadmitted/az/all/all/model_death.rds               - highly_sensitive    
  output/in70s/covidadmitted/az/all/all/model_formula_death.rds       - highly_sensitive    
  output/in70s/covidadmitted/az/all/all/model_formula_vaxaz1.rds      - highly_sensitive    
  output/in70s/covidadmitted/az/all/all/model_formula_vaxpfizer1.rds  - highly_sensitive    
  output/in70s/covidadmitted/az/all/all/model_vaxaz1.rds              - highly_sensitive    
  output/in70s/covidadmitted/az/all/all/model_vaxpfizer1.rds          - highly_sensitive    
  output/in70s/covidadmitted/az/all/all/weights_histogram.svg         - moderately_sensitive
  output/in70s/covidadmitted/az/all/all/weights_table.txt             - moderately_sensitive