2021-03-11T18:38:51.457804500Z -- Attaching packages --------------------------------------- tidyverse 1.3.0 --
2021-03-11T18:38:51.466529000Z v ggplot2 3.3.2     v purrr   0.3.4
2021-03-11T18:38:51.466582200Z v tibble  3.0.3     v dplyr   1.0.2
2021-03-11T18:38:51.466592300Z v tidyr   1.1.2     v stringr 1.4.0
2021-03-11T18:38:51.466599300Z v readr   1.3.1     v forcats 0.5.0
2021-03-11T18:38:51.622879700Z -- Conflicts ------------------------------------------ tidyverse_conflicts() --
2021-03-11T18:38:51.622945900Z x dplyr::filter() masks stats::filter()
2021-03-11T18:38:51.622953700Z x dplyr::lag()    masks stats::lag()
2021-03-11T18:38:53.558337900Z 
2021-03-11T18:38:53.558381600Z Attaching package: 'lubridate'
2021-03-11T18:38:53.558389700Z 
2021-03-11T18:38:53.559753200Z The following objects are masked from 'package:base':
2021-03-11T18:38:53.559796200Z 
2021-03-11T18:38:53.559804200Z     date, intersect, setdiff, union
2021-03-11T18:38:53.559811300Z 
2021-03-11T18:38:53.872837700Z <environment: R_GlobalEnv>
2021-03-11T18:38:53.873401000Z <environment: R_GlobalEnv>
2021-03-11T18:39:21.547411000Z data_pt data size = 10477478 
2021-03-11T18:39:21.548391100Z   memory usage = 2.724 GB 
2021-03-11T18:39:31.569118300Z   ipwvaxpfizer1 
2021-03-11T18:49:07.400005500Z ipwvaxpfizer1_fxd 
2021-03-11T18:57:56.405491700Z ipwvaxaz1 
2021-03-11T19:10:30.259053200Z ipwvaxaz1_fxd 
2021-03-11T19:23:51.419352600Z ipwdeath 
2021-03-11T19:49:14.245323200Z ipwdeath_fxd 
2021-03-11T20:20:56.075446400Z Saving 7 x 7 in image
2021-03-11T20:21:01.602111700Z `stat_bin()` using `bins = 30`. Pick better value with `binwidth`.
2021-03-11T20:50:20.736613000Z data_weights data size = 10477478 
2021-03-11T20:50:21.001460400Z   memory usage = 1.341 GB 
2021-03-11T20:50:54.134152800Z   msmmod0 
2021-03-11T20:52:01.779908200Z msmmod1 
2021-03-11T20:54:00.269049200Z msmmod4 


state: succeeded
commit: 9b3a15915a99dd736982594579835af554e19d07
docker_image_id: sha256:c7cb8c47c64952beb4dc7e1b4b0edaf95b0fa5cc1af3f796e073e4190413ec9e
exit_code: 0
job_id: 35mrh36wqddfnk27
run_by_user: wjchulme
created_at: 2021-03-11T18:38:32Z
started_at: 2021-03-11T18:38:49Z
completed_at: 2021-03-11T21:17:51Z

Completed successfully

outputs:
  output/over80s/postest/pfizer/all/all/data_weights.rds           - highly_sensitive    
  output/over80s/postest/pfizer/all/all/model0.rds                 - highly_sensitive    
  output/over80s/postest/pfizer/all/all/model1.rds                 - highly_sensitive    
  output/over80s/postest/pfizer/all/all/model4.rds                 - highly_sensitive    
  output/over80s/postest/pfizer/all/all/weights_histogram.svg      - moderately_sensitive
  output/over80s/postest/pfizer/all/all/weights_model_az.html      - moderately_sensitive
  output/over80s/postest/pfizer/all/all/weights_model_pfizer.html  - moderately_sensitive
  output/over80s/postest/pfizer/all/all/weights_table.txt          - moderately_sensitive
  output/over80s/postest/pfizer/all/strata_vector.rds              - moderately_sensitive