2021-04-15T17:07:09.761357500Z -- Attaching packages --------------------------------------- tidyverse 1.3.0 --
2021-04-15T17:07:09.770305100Z v ggplot2 3.3.2     v purrr   0.3.4
2021-04-15T17:07:09.770324100Z v tibble  3.0.3     v dplyr   1.0.2
2021-04-15T17:07:09.770331900Z v tidyr   1.1.2     v stringr 1.4.0
2021-04-15T17:07:09.770339100Z v readr   1.3.1     v forcats 0.5.0
2021-04-15T17:07:09.943946200Z -- Conflicts ------------------------------------------ tidyverse_conflicts() --
2021-04-15T17:07:09.944018700Z x dplyr::filter() masks stats::filter()
2021-04-15T17:07:09.944027000Z x dplyr::lag()    masks stats::lag()
2021-04-15T17:07:09.957769200Z 
2021-04-15T17:07:09.957809600Z Attaching package: 'glue'
2021-04-15T17:07:09.957817700Z 
2021-04-15T17:07:09.959194800Z The following object is masked from 'package:dplyr':
2021-04-15T17:07:09.959219700Z 
2021-04-15T17:07:09.959228300Z     collapse
2021-04-15T17:07:09.959235500Z 
2021-04-15T17:07:12.206816500Z 
2021-04-15T17:07:12.206882000Z Attaching package: 'lubridate'
2021-04-15T17:07:12.206890400Z 
2021-04-15T17:07:12.207339900Z The following objects are masked from 'package:base':
2021-04-15T17:07:12.207362100Z 
2021-04-15T17:07:12.207371000Z     date, intersect, setdiff, union
2021-04-15T17:07:12.207378400Z 
2021-04-15T17:07:12.546910800Z <environment: R_GlobalEnv>
2021-04-15T17:07:12.547545000Z <environment: R_GlobalEnv>
2021-04-15T17:07:41.369760200Z data_pt data size = 6935216 
2021-04-15T17:07:41.372033700Z   memory usage = 2.719 GB 
2021-04-15T17:07:41.918792800Z     
2021-04-15T17:07:41.918873000Z all   
2021-04-15T17:07:41.918884100Z   
2021-04-15T17:07:49.375612800Z   
2021-04-15T17:14:05.031126900Z vaxpfizer1  vaxpfizer1 data size = 3713855 
2021-04-15T17:14:14.295719700Z memory usage = 3.7 GB 
2021-04-15T17:14:14.295778400Z   
2021-04-15T17:19:23.107140100Z vaxpfizer1_fxd  vaxpfizer1_fxd data size = 3713855 
2021-04-15T17:19:32.246232600Z memory usage = 3.091 GB 
2021-04-15T17:22:42.923331000Z   
2021-04-15T17:30:06.396089500Z vaxaz1  vaxaz1 data size = 4144534 
2021-04-15T17:30:17.833147100Z memory usage = 4.129 GB 
2021-04-15T17:30:17.833251700Z   
2021-04-15T17:39:20.485833000Z vaxaz1_fxd  vaxaz1_fxd data size = 4144534 
2021-04-15T17:39:32.184827400Z memory usage = 3.45 GB 
2021-04-15T17:42:56.698600700Z   
2021-04-15T18:01:12.623861700Z death  death data size = 6935216 
2021-04-15T18:01:28.058383900Z memory usage = 6.937 GB 
2021-04-15T18:01:28.058491100Z   
2021-04-15T18:16:03.667902000Z death_fxd  death_fxd data size = 6935216 
2021-04-15T18:16:26.358114300Z memory usage = 5.771 GB 
2021-04-15T18:22:25.933923400Z Saving 7 x 7 in image
2021-04-15T18:22:30.042860500Z `stat_bin()` using `bins = 30`. Pick better value with `binwidth`.
2021-04-15T18:22:35.691604600Z   
2021-04-15T18:22:35.692041300Z data_weights data size = 6935216   
2021-04-15T18:22:35.692762000Z memory usage = 1.054 GB   
2021-04-15T18:22:59.432890500Z   
2021-04-15T18:22:59.432954300Z msmmod0 
2021-04-15T18:24:04.526386600Z MODEL INFO:
2021-04-15T18:24:04.526450000Z Observations: 6935216
2021-04-15T18:24:04.526459200Z Dependent Variable: 
2021-04-15T18:24:04.526466700Z Type: Generalized linear model
2021-04-15T18:24:04.526474300Z   Family: binomial 
2021-04-15T18:24:04.526481700Z   Link function: logit 
2021-04-15T18:24:04.526489000Z 
2021-04-15T18:24:04.531709500Z MODEL FIT:
2021-04-15T18:24:04.531781500Z <U+03C7><U+00B2>(6) = 350.823, p = 0.000
2021-04-15T18:24:04.531865300Z Pseudo-R<U+00B2> (Cragg-Uhler) = 
2021-04-15T18:24:04.531874100Z Pseudo-R<U+00B2> (McFadden) = 0.025
2021-04-15T18:24:04.531882700Z AIC = 13852.521, BIC = 13948.785 
2021-04-15T18:24:04.531890300Z 
2021-04-15T18:24:04.532484200Z Standard errors: MLE
2021-04-15T18:24:04.594219000Z ---------------------------------------------------------------------
2021-04-15T18:24:04.594294400Z                                     Est.      S.E.     z val.       p
2021-04-15T18:24:04.594303600Z ------------------------------ --------- --------- ---------- -------
2021-04-15T18:24:04.594311200Z (Intercept)                       -8.747     0.041   -212.454   0.000
2021-04-15T18:24:04.594318900Z timesincevax_pw(0,3]             -13.819   106.361     -0.130   0.897
2021-04-15T18:24:04.594326700Z timesincevax_pw(3,7]              -2.673     0.579     -4.619   0.000
2021-04-15T18:24:04.594334300Z timesincevax_pw(7,14]             -2.720     0.449     -6.057   0.000
2021-04-15T18:24:04.594341700Z timesincevax_pw(14,21]            -0.959     0.190     -5.042   0.000
2021-04-15T18:24:04.594349600Z timesincevax_pw(21,28]            -1.090     0.204     -5.340   0.000
2021-04-15T18:24:04.594357100Z timesincevax_pw(28, Inf]          -1.585     0.158    -10.033   0.000
2021-04-15T18:24:04.594364500Z ---------------------------------------------------------------------
2021-04-15T18:24:04.594995600Z msmmod0_par data size = 6935216 
2021-04-15T18:24:21.986273000Z memory usage = 4.023 GB 
2021-04-15T18:25:32.239979400Z   
2021-04-15T18:25:32.240054900Z msmmod1 
2021-04-15T18:27:26.145461000Z MODEL INFO:
2021-04-15T18:27:26.145609500Z Observations: 6935216
2021-04-15T18:27:26.145618700Z Dependent Variable: 
2021-04-15T18:27:26.145625600Z Type: Generalized linear model
2021-04-15T18:27:26.145632500Z   Family: binomial 
2021-04-15T18:27:26.145639200Z   Link function: logit 
2021-04-15T18:27:26.145646100Z 
2021-04-15T18:27:26.147777500Z MODEL FIT:
2021-04-15T18:27:26.147860100Z <U+03C7><U+00B2>(17) = 584.785, p = 0.000
2021-04-15T18:27:26.147870700Z Pseudo-R<U+00B2> (Cragg-Uhler) = 
2021-04-15T18:27:26.147878200Z Pseudo-R<U+00B2> (McFadden) = 0.041
2021-04-15T18:27:26.147885300Z AIC = 13640.558, BIC = 13888.097 
2021-04-15T18:27:26.147892700Z 
2021-04-15T18:27:26.147973500Z Standard errors: MLE
2021-04-15T18:27:26.225243500Z --------------------------------------------------------------------
2021-04-15T18:27:26.225334000Z                                      Est.      S.E.   z val.       p
2021-04-15T18:27:26.225343100Z ------------------------------- --------- --------- -------- -------
2021-04-15T18:27:26.225350500Z (Intercept)                       -26.594    10.796   -2.463   0.014
2021-04-15T18:27:26.225357500Z timesincevax_pw(0,3]              -13.708   104.609   -0.131   0.896
2021-04-15T18:27:26.225364600Z timesincevax_pw(3,7]               -2.595     0.579   -4.483   0.000
2021-04-15T18:27:26.225371600Z timesincevax_pw(7,14]              -2.642     0.449   -5.881   0.000
2021-04-15T18:27:26.225378700Z timesincevax_pw(14,21]             -0.880     0.190   -4.621   0.000
2021-04-15T18:27:26.225385700Z timesincevax_pw(21,28]             -1.011     0.204   -4.946   0.000
2021-04-15T18:27:26.225392800Z timesincevax_pw(28, Inf]           -1.513     0.158   -9.557   0.000
2021-04-15T18:27:26.225399700Z poly(age, degree = 2, raw =         0.305     0.245    1.242   0.214
2021-04-15T18:27:26.225406900Z TRUE)1                                                              
2021-04-15T18:27:26.225413600Z poly(age, degree = 2, raw =        -0.001     0.001   -0.815   0.415
2021-04-15T18:27:26.225420400Z TRUE)2                                                              
2021-04-15T18:27:26.225427200Z sexMale                             0.561     0.077    7.328   0.000
2021-04-15T18:27:26.225434000Z imd2                               -0.071     0.123   -0.576   0.565
2021-04-15T18:27:26.225440800Z imd3                               -0.228     0.121   -1.883   0.060
2021-04-15T18:27:26.225447600Z imd4                               -0.459     0.127   -3.608   0.000
2021-04-15T18:27:26.225454400Z imd5 least deprived                -0.400     0.126   -3.173   0.002
2021-04-15T18:27:26.225461300Z ethnicityBlack                      0.473     0.256    1.849   0.064
2021-04-15T18:27:26.225468100Z ethnicitySouth Asian                0.407     0.181    2.256   0.024
2021-04-15T18:27:26.225503500Z ethnicityMixed                      0.675     0.449    1.503   0.133
2021-04-15T18:27:26.225511200Z ethnicityOther                      0.313     0.380    0.823   0.411
2021-04-15T18:27:26.225518100Z --------------------------------------------------------------------
2021-04-15T18:27:26.225841300Z msmmod1_par data size = 6935216 
2021-04-15T18:27:40.028959800Z memory usage = 4.023 GB 
2021-04-15T18:28:43.957491000Z   
2021-04-15T18:28:43.957569000Z msmmod2 
2021-04-15T18:36:53.275334700Z MODEL INFO:
2021-04-15T18:36:53.275438500Z Observations: 6935216
2021-04-15T18:36:53.275447900Z Dependent Variable: 
2021-04-15T18:36:53.275455200Z Type: Generalized linear model
2021-04-15T18:36:53.275462800Z   Family: binomial 
2021-04-15T18:36:53.275470300Z   Link function: logit 
2021-04-15T18:36:53.275477900Z 
2021-04-15T18:36:53.277272900Z MODEL FIT:
2021-04-15T18:36:53.277335700Z <U+03C7><U+00B2>(40) = 869.441, p = 0.000
2021-04-15T18:36:53.277345400Z Pseudo-R<U+00B2> (Cragg-Uhler) = 
2021-04-15T18:36:53.277353500Z Pseudo-R<U+00B2> (McFadden) = 0.061
2021-04-15T18:36:53.277361200Z AIC = 13401.903, BIC = 13965.740 
2021-04-15T18:36:53.277368800Z 
2021-04-15T18:36:53.277405000Z Standard errors: MLE
2021-04-15T18:36:53.411539600Z ----------------------------------------------------------------------
2021-04-15T18:36:53.411630300Z                                        Est.      S.E.   z val.       p
2021-04-15T18:36:53.411640100Z --------------------------------- --------- --------- -------- -------
2021-04-15T18:36:53.411647900Z (Intercept)                         -20.579    10.822   -1.902   0.057
2021-04-15T18:36:53.411655700Z timesincevax_pw(0,3]                -13.606   102.804   -0.132   0.895
2021-04-15T18:36:53.411663500Z timesincevax_pw(3,7]                 -2.528     0.579   -4.366   0.000
2021-04-15T18:36:53.411671500Z timesincevax_pw(7,14]                -2.574     0.449   -5.729   0.000
2021-04-15T18:36:53.411679100Z timesincevax_pw(14,21]               -0.811     0.191   -4.255   0.000
2021-04-15T18:36:53.411686700Z timesincevax_pw(21,28]               -0.940     0.205   -4.594   0.000
2021-04-15T18:36:53.411694300Z timesincevax_pw(28, Inf]             -1.442     0.159   -9.095   0.000
2021-04-15T18:36:53.411701800Z poly(age, degree = 2, raw =           0.155     0.246    0.631   0.528
2021-04-15T18:36:53.411709200Z TRUE)1                                                                
2021-04-15T18:36:53.411716700Z poly(age, degree = 2, raw =          -0.000     0.001   -0.206   0.836
2021-04-15T18:36:53.411724100Z TRUE)2                                                                
2021-04-15T18:36:53.411731600Z sexMale                               0.503     0.079    6.408   0.000
2021-04-15T18:36:53.411784400Z imd2                                 -0.023     0.123   -0.185   0.853
2021-04-15T18:36:53.411792700Z imd3                                 -0.151     0.121   -1.247   0.212
2021-04-15T18:36:53.411799600Z imd4                                 -0.357     0.128   -2.793   0.005
2021-04-15T18:36:53.411806600Z imd5 least deprived                  -0.265     0.127   -2.087   0.037
2021-04-15T18:36:53.411814200Z ethnicityBlack                        0.353     0.259    1.362   0.173
2021-04-15T18:36:53.411822600Z ethnicitySouth Asian                  0.322     0.183    1.758   0.079
2021-04-15T18:36:53.411829600Z ethnicityMixed                        0.613     0.450    1.361   0.174
2021-04-15T18:36:53.411836500Z ethnicityOther                        0.356     0.381    0.935   0.350
2021-04-15T18:36:53.411843200Z bmiObese I (30-34.9)                  0.221     0.110    1.998   0.046
2021-04-15T18:36:53.411850200Z bmiObese II (35-39.9)                 0.400     0.187    2.134   0.033
2021-04-15T18:36:53.411856900Z bmiObese III (40+)                    0.628     0.295    2.129   0.033
2021-04-15T18:36:53.411864300Z chronic_cardiac_disease               0.081     0.184    0.442   0.659
2021-04-15T18:36:53.411871100Z heart_failure                         0.573     0.127    4.524   0.000
2021-04-15T18:36:53.411880200Z other_heart_disease                   0.130     0.158    0.823   0.410
2021-04-15T18:36:53.411887300Z dialysis                              0.870     0.507    1.714   0.086
2021-04-15T18:36:53.411894500Z diabetes                              0.236     0.083    2.843   0.004
2021-04-15T18:36:53.411901200Z chronic_liver_disease                 0.255     0.411    0.620   0.536
2021-04-15T18:36:53.411908200Z current_copd                          0.495     0.107    4.624   0.000
2021-04-15T18:36:53.411915000Z other_resp_conditions                 0.244     0.137    1.784   0.074
2021-04-15T18:36:53.411922200Z lung_cancer                          -0.136     0.451   -0.302   0.763
2021-04-15T18:36:53.411929000Z haematological_cancer                 0.068     0.265    0.258   0.797
2021-04-15T18:36:53.411935900Z cancer_excl_lung_and_haem            -0.010     0.101   -0.097   0.922
2021-04-15T18:36:53.411943700Z chemo_or_radio                        0.416     0.190    2.187   0.029
2021-04-15T18:36:53.411950600Z permanant_immunosuppression         -13.187   606.545   -0.022   0.983
2021-04-15T18:36:53.411957300Z asplenia                              1.150     0.451    2.550   0.011
2021-04-15T18:36:53.411964300Z dmards                                0.650     0.168    3.869   0.000
2021-04-15T18:36:53.411971000Z dementia                              1.026     0.091   11.258   0.000
2021-04-15T18:36:53.411978000Z other_neuro_conditions                0.591     0.182    3.241   0.001
2021-04-15T18:36:53.411984700Z LD_incl_DS_and_CP                     0.483     1.005    0.481   0.631
2021-04-15T18:36:53.411998900Z psychosis_schiz_bipolar               0.639     0.293    2.177   0.029
2021-04-15T18:36:53.412006400Z flu_vaccine                          -0.102     0.117   -0.874   0.382
2021-04-15T18:36:53.412013300Z ----------------------------------------------------------------------
2021-04-15T18:36:53.412020300Z msmmod2_par data size = 6935216 
2021-04-15T18:37:06.209448400Z memory usage = 4.023 GB 
2021-04-15T18:38:07.845134500Z   
2021-04-15T18:38:07.845222300Z msmmod3 
2021-04-15T19:03:09.169530700Z MODEL INFO:
2021-04-15T19:03:09.169637300Z Observations: 6935216
2021-04-15T19:03:09.169646400Z Dependent Variable: 
2021-04-15T19:03:09.169654100Z Type: Generalized linear model
2021-04-15T19:03:09.169661500Z   Family: binomial 
2021-04-15T19:03:09.169669200Z   Link function: logit 
2021-04-15T19:03:09.169676600Z 
2021-04-15T19:03:09.171349900Z MODEL FIT:
2021-04-15T19:03:09.171410300Z <U+03C7><U+00B2>(84) = 1629.346, p = 0.000
2021-04-15T19:03:09.171421400Z Pseudo-R<U+00B2> (Cragg-Uhler) = 
2021-04-15T19:03:09.171429500Z Pseudo-R<U+00B2> (McFadden) = 0.115
2021-04-15T19:03:09.171437300Z AIC = 12729.998, BIC = 13898.928 
2021-04-15T19:03:09.171445900Z 
2021-04-15T19:03:09.171490000Z Standard errors: MLE
2021-04-15T19:03:09.446298700Z -----------------------------------------------------------------------
2021-04-15T19:03:09.446379900Z                                        Est.      S.E.    z val.       p
2021-04-15T19:03:09.446389400Z --------------------------------- --------- --------- --------- -------
2021-04-15T19:03:09.446397100Z (Intercept)                         -25.726    10.884    -2.364   0.018
2021-04-15T19:03:09.446404700Z timesincevax_pw(0,3]                -15.031   162.750    -0.092   0.926
2021-04-15T19:03:09.446412300Z timesincevax_pw(3,7]                 -3.251     0.580    -5.607   0.000
2021-04-15T19:03:09.446419900Z timesincevax_pw(7,14]                -3.551     0.451    -7.870   0.000
2021-04-15T19:03:09.446427500Z timesincevax_pw(14,21]               -1.934     0.197    -9.805   0.000
2021-04-15T19:03:09.446435200Z timesincevax_pw(21,28]               -2.037     0.213    -9.587   0.000
2021-04-15T19:03:09.446442800Z timesincevax_pw(28, Inf]             -2.527     0.175   -14.455   0.000
2021-04-15T19:03:09.446450200Z poly(age, degree = 2, raw =           0.208     0.247     0.844   0.399
2021-04-15T19:03:09.446457800Z TRUE)1                                                                 
2021-04-15T19:03:09.446465300Z poly(age, degree = 2, raw =          -0.001     0.001    -0.469   0.639
2021-04-15T19:03:09.446472900Z TRUE)2                                                                 
2021-04-15T19:03:09.446480300Z sexMale                               0.551     0.079     7.006   0.000
2021-04-15T19:03:09.446516400Z imd2                                 -0.029     0.125    -0.230   0.818
2021-04-15T19:03:09.446525400Z imd3                                 -0.142     0.125    -1.143   0.253
2021-04-15T19:03:09.446532400Z imd4                                 -0.299     0.131    -2.282   0.022
2021-04-15T19:03:09.446539300Z imd5 least deprived                  -0.181     0.130    -1.392   0.164
2021-04-15T19:03:09.446546300Z ethnicityBlack                       -0.034     0.267    -0.129   0.897
2021-04-15T19:03:09.446553300Z ethnicitySouth Asian                  0.111     0.189     0.585   0.559
2021-04-15T19:03:09.446560300Z ethnicityMixed                        0.363     0.453     0.802   0.423
2021-04-15T19:03:09.446567300Z ethnicityOther                        0.149     0.386     0.385   0.700
2021-04-15T19:03:09.446574400Z bmiObese I (30-34.9)                  0.231     0.111     2.091   0.037
2021-04-15T19:03:09.446581400Z bmiObese II (35-39.9)                 0.343     0.187     1.831   0.067
2021-04-15T19:03:09.446589000Z bmiObese III (40+)                    0.557     0.295     1.885   0.059
2021-04-15T19:03:09.446596200Z chronic_cardiac_disease               0.064     0.184     0.345   0.730
2021-04-15T19:03:09.446603300Z heart_failure                         0.567     0.127     4.468   0.000
2021-04-15T19:03:09.446612500Z other_heart_disease                   0.151     0.159     0.950   0.342
2021-04-15T19:03:09.446619900Z dialysis                              0.767     0.510     1.503   0.133
2021-04-15T19:03:09.446627000Z diabetes                              0.240     0.084     2.872   0.004
2021-04-15T19:03:09.446634000Z chronic_liver_disease                 0.214     0.411     0.520   0.603
2021-04-15T19:03:09.446641100Z current_copd                          0.472     0.108     4.384   0.000
2021-04-15T19:03:09.446648200Z other_resp_conditions                 0.209     0.137     1.518   0.129
2021-04-15T19:03:09.446655400Z lung_cancer                          -0.171     0.451    -0.379   0.704
2021-04-15T19:03:09.446662500Z haematological_cancer                 0.054     0.266     0.203   0.839
2021-04-15T19:03:09.446669700Z cancer_excl_lung_and_haem            -0.010     0.101    -0.100   0.920
2021-04-15T19:03:09.446677200Z chemo_or_radio                        0.454     0.191     2.380   0.017
2021-04-15T19:03:09.446684200Z permanant_immunosuppression         -14.093   942.197    -0.015   0.988
2021-04-15T19:03:09.446691400Z asplenia                              1.048     0.453     2.312   0.021
2021-04-15T19:03:09.446698500Z dmards                                0.651     0.169     3.865   0.000
2021-04-15T19:03:09.446705700Z dementia                              0.951     0.091    10.418   0.000
2021-04-15T19:03:09.446712800Z other_neuro_conditions                0.524     0.182     2.871   0.004
2021-04-15T19:03:09.446720000Z LD_incl_DS_and_CP                     0.238     1.005     0.237   0.813
2021-04-15T19:03:09.446735500Z psychosis_schiz_bipolar               0.521     0.294     1.773   0.076
2021-04-15T19:03:09.446743200Z flu_vaccine                           0.146     0.118     1.232   0.218
2021-04-15T19:03:09.446750200Z ns(tstop, df = 4)1                    3.751     0.672     5.579   0.000
2021-04-15T19:03:09.446757200Z ns(tstop, df = 4)2                    4.569     0.565     8.092   0.000
2021-04-15T19:03:09.446766400Z ns(tstop, df = 4)3                    7.038     1.526     4.614   0.000
2021-04-15T19:03:09.446773400Z ns(tstop, df = 4)4                    2.086     0.470     4.441   0.000
2021-04-15T19:03:09.446780300Z regionEast Midlands                   0.190     1.135     0.167   0.867
2021-04-15T19:03:09.446787200Z regionLondon                          0.730     1.508     0.484   0.629
2021-04-15T19:03:09.446794000Z regionNorth East                     -1.045     1.866    -0.560   0.575
2021-04-15T19:03:09.446800900Z regionNorth West                      0.137     1.554     0.088   0.930
2021-04-15T19:03:09.446807800Z regionSouth East                      0.775     1.323     0.586   0.558
2021-04-15T19:03:09.446814700Z regionSouth West                     -8.289     7.088    -1.169   0.242
2021-04-15T19:03:09.446822100Z regionWest Midlands                  -5.656    13.785    -0.410   0.682
2021-04-15T19:03:09.446829400Z regionYorkshire and The               0.972     1.054     0.922   0.357
2021-04-15T19:03:09.446836400Z Humber                                                                 
2021-04-15T19:03:09.446843300Z ns(tstop, df =                       -0.410     1.076    -0.381   0.703
2021-04-15T19:03:09.446850200Z 4)1:regionEast Midlands                                                
2021-04-15T19:03:09.446857400Z ns(tstop, df =                       -0.364     0.899    -0.405   0.685
2021-04-15T19:03:09.446864300Z 4)2:regionEast Midlands                                                
2021-04-15T19:03:09.446871300Z ns(tstop, df =                       -1.532     2.442    -0.627   0.530
2021-04-15T19:03:09.446878300Z 4)3:regionEast Midlands                                                
2021-04-15T19:03:09.446885200Z ns(tstop, df =                        0.153     0.769     0.199   0.843
2021-04-15T19:03:09.446892100Z 4)4:regionEast Midlands                                                
2021-04-15T19:03:09.446899100Z ns(tstop, df =                       -0.789     1.431    -0.551   0.582
2021-04-15T19:03:09.446906000Z 4)1:regionLondon                                                       
2021-04-15T19:03:09.446912900Z ns(tstop, df =                       -0.406     1.299    -0.313   0.754
2021-04-15T19:03:09.446919700Z 4)2:regionLondon                                                       
2021-04-15T19:03:09.446926700Z ns(tstop, df =                       -2.810     3.290    -0.854   0.393
2021-04-15T19:03:09.446933500Z 4)3:regionLondon                                                       
2021-04-15T19:03:09.446940600Z ns(tstop, df =                       -2.538     1.559    -1.628   0.104
2021-04-15T19:03:09.446954900Z 4)4:regionLondon                                                       
2021-04-15T19:03:09.446962400Z ns(tstop, df =                       -1.948     1.726    -1.129   0.259
2021-04-15T19:03:09.446969300Z 4)1:regionNorth East                                                   
2021-04-15T19:03:09.446976300Z ns(tstop, df =                       -0.228     1.512    -0.151   0.880
2021-04-15T19:03:09.446983200Z 4)2:regionNorth East                                                   
2021-04-15T19:03:09.446990100Z ns(tstop, df =                        3.779     4.087     0.925   0.355
2021-04-15T19:03:09.446997500Z 4)3:regionNorth East                                                   
2021-04-15T19:03:09.447004500Z ns(tstop, df =                       -0.143     1.033    -0.139   0.890
2021-04-15T19:03:09.447011200Z 4)4:regionNorth East                                                   
2021-04-15T19:03:09.447018100Z ns(tstop, df =                        0.072     1.485     0.049   0.961
2021-04-15T19:03:09.447024900Z 4)1:regionNorth West                                                   
2021-04-15T19:03:09.447032500Z ns(tstop, df =                       -0.292     1.242    -0.235   0.814
2021-04-15T19:03:09.447039500Z 4)2:regionNorth West                                                   
2021-04-15T19:03:09.447046500Z ns(tstop, df =                       -2.239     3.369    -0.665   0.506
2021-04-15T19:03:09.447053500Z 4)3:regionNorth West                                                   
2021-04-15T19:03:09.447060800Z ns(tstop, df =                        0.604     1.107     0.545   0.585
2021-04-15T19:03:09.447067800Z 4)4:regionNorth West                                                   
2021-04-15T19:03:09.447074800Z ns(tstop, df =                       -1.564     1.286    -1.216   0.224
2021-04-15T19:03:09.447081800Z 4)1:regionSouth East                                                   
2021-04-15T19:03:09.447088600Z ns(tstop, df =                       -0.104     1.125    -0.092   0.926
2021-04-15T19:03:09.447095900Z 4)2:regionSouth East                                                   
2021-04-15T19:03:09.447102700Z ns(tstop, df =                       -2.942     2.937    -1.002   0.316
2021-04-15T19:03:09.447109700Z 4)3:regionSouth East                                                   
2021-04-15T19:03:09.447116700Z ns(tstop, df =                       -1.303     1.267    -1.028   0.304
2021-04-15T19:03:09.447123700Z 4)4:regionSouth East                                                   
2021-04-15T19:03:09.447130700Z ns(tstop, df =                        6.609     6.834     0.967   0.334
2021-04-15T19:03:09.447137700Z 4)1:regionSouth West                                                   
2021-04-15T19:03:09.447144900Z ns(tstop, df =                        6.556     4.931     1.329   0.184
2021-04-15T19:03:09.447151900Z 4)2:regionSouth West                                                   
2021-04-15T19:03:09.447165700Z ns(tstop, df =                       13.688    13.871     0.987   0.324
2021-04-15T19:03:09.447173200Z 4)3:regionSouth West                                                   
2021-04-15T19:03:09.447180200Z ns(tstop, df =                        3.227     2.731     1.182   0.237
2021-04-15T19:03:09.447187300Z 4)4:regionSouth West                                                   
2021-04-15T19:03:09.447194100Z ns(tstop, df =                        6.671    13.474     0.495   0.621
2021-04-15T19:03:09.447201100Z 4)1:regionWest Midlands                                                
2021-04-15T19:03:09.447208000Z ns(tstop, df =                        3.948     9.629     0.410   0.682
2021-04-15T19:03:09.447215000Z 4)2:regionWest Midlands                                                
2021-04-15T19:03:09.447222100Z ns(tstop, df =                        7.245    26.536     0.273   0.785
2021-04-15T19:03:09.447229100Z 4)3:regionWest Midlands                                                
2021-04-15T19:03:09.447236600Z ns(tstop, df =                        4.434     5.577     0.795   0.427
2021-04-15T19:03:09.447243900Z 4)4:regionWest Midlands                                                
2021-04-15T19:03:09.447250900Z ns(tstop, df =                       -1.601     1.030    -1.554   0.120
2021-04-15T19:03:09.447257700Z 4)1:regionYorkshire and The                                            
2021-04-15T19:03:09.447264600Z Humber                                                                 
2021-04-15T19:03:09.447271500Z ns(tstop, df =                       -1.008     0.946    -1.065   0.287
2021-04-15T19:03:09.447278300Z 4)2:regionYorkshire and The                                            
2021-04-15T19:03:09.447285200Z Humber                                                                 
2021-04-15T19:03:09.447292000Z ns(tstop, df =                       -3.603     2.357    -1.528   0.126
2021-04-15T19:03:09.447298900Z 4)3:regionYorkshire and The                                            
2021-04-15T19:03:09.447309200Z Humber                                                                 
2021-04-15T19:03:09.447316600Z ns(tstop, df =                       -1.577     1.093    -1.442   0.149
2021-04-15T19:03:09.447323500Z 4)4:regionYorkshire and The                                            
2021-04-15T19:03:09.447330400Z Humber                                                                 
2021-04-15T19:03:09.447338700Z -----------------------------------------------------------------------
2021-04-15T19:03:09.447345700Z msmmod3_par data size = 6935216 
2021-04-15T19:03:20.860905200Z memory usage = 4.023 GB 
2021-04-15T19:04:40.245011700Z   
2021-04-15T19:04:40.245111700Z msmmod4 
2021-04-15T19:30:29.492993400Z MODEL INFO:
2021-04-15T19:30:29.493098000Z Observations: 6935216
2021-04-15T19:30:29.493135900Z Dependent Variable: 
2021-04-15T19:30:29.493143800Z Type: Generalized linear model
2021-04-15T19:30:29.493150500Z   Family: binomial 
2021-04-15T19:30:29.493157200Z   Link function: logit 
2021-04-15T19:30:29.493164000Z 
2021-04-15T19:30:29.494910600Z MODEL FIT:
2021-04-15T19:30:29.494974300Z <U+03C7><U+00B2>(84) = 4266.225, p = 0.000
2021-04-15T19:30:29.494984900Z Pseudo-R<U+00B2> (Cragg-Uhler) = 
2021-04-15T19:30:29.494992400Z Pseudo-R<U+00B2> (McFadden) = 0.168
2021-04-15T19:30:29.495000000Z AIC = 20897.962, BIC = 22066.893 
2021-04-15T19:30:29.495007400Z 
2021-04-15T19:30:29.495014400Z Standard errors: MLE
2021-04-15T19:30:29.745181500Z -----------------------------------------------------------------------
2021-04-15T19:30:29.745243300Z                                        Est.       S.E.   z val.       p
2021-04-15T19:30:29.745252200Z --------------------------------- --------- ---------- -------- -------
2021-04-15T19:30:29.745259900Z (Intercept)                         -20.061      8.365   -2.398   0.016
2021-04-15T19:30:29.745267000Z timesincevax_pw(0,3]                -13.835     78.353   -0.177   0.860
2021-04-15T19:30:29.745274000Z timesincevax_pw(3,7]                 -4.679      2.031   -2.304   0.021
2021-04-15T19:30:29.745281000Z timesincevax_pw(7,14]                -3.665      1.459   -2.512   0.012
2021-04-15T19:30:29.745288100Z timesincevax_pw(14,21]                1.063      0.174    6.120   0.000
2021-04-15T19:30:29.745295200Z timesincevax_pw(21,28]               -1.386      0.632   -2.191   0.028
2021-04-15T19:30:29.745302500Z timesincevax_pw(28, Inf]             -2.088      0.561   -3.724   0.000
2021-04-15T19:30:29.745309600Z poly(age, degree = 2, raw =           0.079      0.190    0.418   0.676
2021-04-15T19:30:29.745316600Z TRUE)1                                                                 
2021-04-15T19:30:29.745323500Z poly(age, degree = 2, raw =           0.000      0.001    0.034   0.973
2021-04-15T19:30:29.745330400Z TRUE)2                                                                 
2021-04-15T19:30:29.745337200Z sexMale                               0.577      0.059    9.698   0.000
2021-04-15T19:30:29.745343900Z imd2                                 -0.189      0.094   -2.009   0.045
2021-04-15T19:30:29.745350900Z imd3                                 -0.273      0.093   -2.930   0.003
2021-04-15T19:30:29.745357800Z imd4                                 -0.429      0.098   -4.396   0.000
2021-04-15T19:30:29.745364500Z imd5 least deprived                  -0.218      0.094   -2.311   0.021
2021-04-15T19:30:29.745371300Z ethnicityBlack                       -0.345      0.249   -1.389   0.165
2021-04-15T19:30:29.745378200Z ethnicitySouth Asian                 -0.084      0.162   -0.517   0.605
2021-04-15T19:30:29.745385100Z ethnicityMixed                        0.772      0.309    2.497   0.013
2021-04-15T19:30:29.745414300Z ethnicityOther                        0.176      0.326    0.541   0.589
2021-04-15T19:30:29.745422500Z bmiObese I (30-34.9)                  0.372      0.080    4.632   0.000
2021-04-15T19:30:29.745429600Z bmiObese II (35-39.9)                 0.740      0.124    5.949   0.000
2021-04-15T19:30:29.745436600Z bmiObese III (40+)                    0.278      0.272    1.021   0.307
2021-04-15T19:30:29.745443400Z chronic_cardiac_disease               0.182      0.144    1.258   0.209
2021-04-15T19:30:29.745450300Z heart_failure                         0.314      0.100    3.150   0.002
2021-04-15T19:30:29.745459200Z other_heart_disease                   0.100      0.128    0.781   0.435
2021-04-15T19:30:29.745466300Z dialysis                              1.124      0.350    3.208   0.001
2021-04-15T19:30:29.745473200Z diabetes                             -0.007      0.064   -0.101   0.919
2021-04-15T19:30:29.745479900Z chronic_liver_disease                -0.326      0.381   -0.855   0.392
2021-04-15T19:30:29.745486700Z current_copd                          0.519      0.080    6.453   0.000
2021-04-15T19:30:29.745493800Z other_resp_conditions                 0.039      0.108    0.357   0.721
2021-04-15T19:30:29.745500700Z lung_cancer                          -0.443      0.381   -1.162   0.245
2021-04-15T19:30:29.745507600Z haematological_cancer                -0.106      0.200   -0.529   0.597
2021-04-15T19:30:29.745514900Z cancer_excl_lung_and_haem             0.028      0.074    0.380   0.704
2021-04-15T19:30:29.745521900Z chemo_or_radio                        1.000      0.114    8.806   0.000
2021-04-15T19:30:29.745528800Z permanant_immunosuppression         -16.091   1876.035   -0.009   0.993
2021-04-15T19:30:29.745535800Z asplenia                              0.871      0.397    2.192   0.028
2021-04-15T19:30:29.745542800Z dmards                                0.594      0.128    4.634   0.000
2021-04-15T19:30:29.745550000Z dementia                              1.014      0.069   14.755   0.000
2021-04-15T19:30:29.745557000Z other_neuro_conditions                0.464      0.145    3.191   0.001
2021-04-15T19:30:29.745564000Z LD_incl_DS_and_CP                    -0.263      1.003   -0.263   0.793
2021-04-15T19:30:29.745571200Z psychosis_schiz_bipolar               0.299      0.243    1.230   0.219
2021-04-15T19:30:29.745577900Z flu_vaccine                           0.337      0.099    3.404   0.001
2021-04-15T19:30:29.745584900Z ns(tstop, df = 4)1                    3.735      0.707    5.285   0.000
2021-04-15T19:30:29.745592100Z ns(tstop, df = 4)2                    4.211      0.533    7.907   0.000
2021-04-15T19:30:29.745598800Z ns(tstop, df = 4)3                    7.507      1.566    4.794   0.000
2021-04-15T19:30:29.745605500Z ns(tstop, df = 4)4                    2.620      0.334    7.852   0.000
2021-04-15T19:30:29.745612200Z regionEast Midlands                   0.298      1.168    0.255   0.798
2021-04-15T19:30:29.745627400Z regionLondon                          0.964      1.548    0.623   0.533
2021-04-15T19:30:29.745635000Z regionNorth East                     -0.913      1.846   -0.494   0.621
2021-04-15T19:30:29.745641800Z regionNorth West                      1.225      1.343    0.912   0.362
2021-04-15T19:30:29.745648900Z regionSouth East                      0.877      1.362    0.644   0.520
2021-04-15T19:30:29.745655600Z regionSouth West                     -9.104      7.462   -1.220   0.222
2021-04-15T19:30:29.745663300Z regionWest Midlands                 -36.632     32.583   -1.124   0.261
2021-04-15T19:30:29.745670300Z regionYorkshire and The               1.270      1.058    1.200   0.230
2021-04-15T19:30:29.745677100Z Humber                                                                 
2021-04-15T19:30:29.745683700Z ns(tstop, df =                       -0.758      1.113   -0.681   0.496
2021-04-15T19:30:29.745690500Z 4)1:regionEast Midlands                                                
2021-04-15T19:30:29.745697300Z ns(tstop, df =                       -0.210      0.836   -0.251   0.802
2021-04-15T19:30:29.745704000Z 4)2:regionEast Midlands                                                
2021-04-15T19:30:29.745710900Z ns(tstop, df =                       -1.525      2.477   -0.616   0.538
2021-04-15T19:30:29.745717900Z 4)3:regionEast Midlands                                                
2021-04-15T19:30:29.745725200Z ns(tstop, df =                       -0.111      0.551   -0.201   0.841
2021-04-15T19:30:29.745732000Z 4)4:regionEast Midlands                                                
2021-04-15T19:30:29.745738800Z ns(tstop, df =                       -1.302      1.472   -0.884   0.377
2021-04-15T19:30:29.745745500Z 4)1:regionLondon                                                       
2021-04-15T19:30:29.745752200Z ns(tstop, df =                        0.046      1.250    0.037   0.971
2021-04-15T19:30:29.745758900Z 4)2:regionLondon                                                       
2021-04-15T19:30:29.745765600Z ns(tstop, df =                       -3.863      3.331   -1.160   0.246
2021-04-15T19:30:29.745772300Z 4)3:regionLondon                                                       
2021-04-15T19:30:29.745779000Z ns(tstop, df =                       -4.709      1.496   -3.149   0.002
2021-04-15T19:30:29.745785700Z 4)4:regionLondon                                                       
2021-04-15T19:30:29.745792400Z ns(tstop, df =                       -2.270      1.726   -1.315   0.188
2021-04-15T19:30:29.745799200Z 4)1:regionNorth East                                                   
2021-04-15T19:30:29.745806000Z ns(tstop, df =                        1.246      1.360    0.916   0.360
2021-04-15T19:30:29.745812700Z 4)2:regionNorth East                                                   
2021-04-15T19:30:29.745819400Z ns(tstop, df =                        1.512      3.972    0.381   0.703
2021-04-15T19:30:29.745832900Z 4)3:regionNorth East                                                   
2021-04-15T19:30:29.745840200Z ns(tstop, df =                       -4.192      0.777   -5.392   0.000
2021-04-15T19:30:29.745847000Z 4)4:regionNorth East                                                   
2021-04-15T19:30:29.745853800Z ns(tstop, df =                        0.809      1.301    0.622   0.534
2021-04-15T19:30:29.745860500Z 4)1:regionNorth West                                                   
2021-04-15T19:30:29.745868000Z ns(tstop, df =                       -1.882      1.006   -1.871   0.061
2021-04-15T19:30:29.745875100Z 4)2:regionNorth West                                                   
2021-04-15T19:30:29.745881800Z ns(tstop, df =                       -5.988      2.878   -2.081   0.037
2021-04-15T19:30:29.745888700Z 4)3:regionNorth West                                                   
2021-04-15T19:30:29.745895500Z ns(tstop, df =                        1.100      0.744    1.478   0.139
2021-04-15T19:30:29.745902200Z 4)4:regionNorth West                                                   
2021-04-15T19:30:29.745908800Z ns(tstop, df =                       -2.148      1.321   -1.626   0.104
2021-04-15T19:30:29.745915600Z 4)1:regionSouth East                                                   
2021-04-15T19:30:29.745922300Z ns(tstop, df =                        0.503      1.034    0.487   0.626
2021-04-15T19:30:29.745929300Z 4)2:regionSouth East                                                   
2021-04-15T19:30:29.745936100Z ns(tstop, df =                       -3.831      2.959   -1.295   0.195
2021-04-15T19:30:29.745943100Z 4)3:regionSouth East                                                   
2021-04-15T19:30:29.745950200Z ns(tstop, df =                       -3.142      1.043   -3.012   0.003
2021-04-15T19:30:29.745957400Z 4)4:regionSouth East                                                   
2021-04-15T19:30:29.745964400Z ns(tstop, df =                        7.346      7.265    1.011   0.312
2021-04-15T19:30:29.745971300Z 4)1:regionSouth West                                                   
2021-04-15T19:30:29.745978000Z ns(tstop, df =                        7.006      5.146    1.361   0.173
2021-04-15T19:30:29.745984900Z 4)2:regionSouth West                                                   
2021-04-15T19:30:29.745991600Z ns(tstop, df =                       15.275     14.524    1.052   0.293
2021-04-15T19:30:29.745998700Z 4)3:regionSouth West                                                   
2021-04-15T19:30:29.746005600Z ns(tstop, df =                        3.590      2.872    1.250   0.211
2021-04-15T19:30:29.746012500Z 4)4:regionSouth West                                                   
2021-04-15T19:30:29.746019300Z ns(tstop, df =                       35.086     32.188    1.090   0.276
2021-04-15T19:30:29.746026200Z 4)1:regionWest Midlands                                                
2021-04-15T19:30:29.746040100Z ns(tstop, df =                       27.296     22.780    1.198   0.231
2021-04-15T19:30:29.746047600Z 4)2:regionWest Midlands                                                
2021-04-15T19:30:29.746054500Z ns(tstop, df =                       65.583     61.676    1.063   0.288
2021-04-15T19:30:29.746061300Z 4)3:regionWest Midlands                                                
2021-04-15T19:30:29.746068700Z ns(tstop, df =                        9.181     13.477    0.681   0.496
2021-04-15T19:30:29.746075800Z 4)4:regionWest Midlands                                                
2021-04-15T19:30:29.746082600Z ns(tstop, df =                       -2.112      1.028   -2.054   0.040
2021-04-15T19:30:29.746089500Z 4)1:regionYorkshire and The                                            
2021-04-15T19:30:29.746096300Z Humber                                                                 
2021-04-15T19:30:29.746103000Z ns(tstop, df =                       -0.972      0.817   -1.190   0.234
2021-04-15T19:30:29.746109800Z 4)2:regionYorkshire and The                                            
2021-04-15T19:30:29.746116500Z Humber                                                                 
2021-04-15T19:30:29.746123300Z ns(tstop, df =                       -4.378      2.303   -1.901   0.057
2021-04-15T19:30:29.746130200Z 4)3:regionYorkshire and The                                            
2021-04-15T19:30:29.746137000Z Humber                                                                 
2021-04-15T19:30:29.746143900Z ns(tstop, df =                       -2.155      0.723   -2.982   0.003
2021-04-15T19:30:29.746152000Z 4)4:regionYorkshire and The                                            
2021-04-15T19:30:29.746158800Z Humber                                                                 
2021-04-15T19:30:29.746170300Z -----------------------------------------------------------------------
2021-04-15T19:30:29.746177100Z msmmod4_par data size = 6935216 
2021-04-15T19:30:41.731122700Z memory usage = 4.023 GB 
2021-04-15T19:31:59.800318600Z NULL
2021-04-15T19:31:59.800411700Z   
2021-04-15T19:32:05.170982200Z              used   (Mb) gc trigger    (Mb)   max used   (Mb)
2021-04-15T19:32:05.171063200Z Warning message:
2021-04-15T19:32:05.171110400Z Removed 3207089 rows containing non-finite values (stat_bin). 
2021-04-15T19:32:05.171065700Z Ncells    2339392  125.0   14879252   794.7    2339392  125.0
2021-04-15T19:32:05.171135900Z Vcells 1123635719 8572.7 2892172689 22065.6 1123635719 8572.7


state: succeeded
commit: 25565b402803e6d31019351e0ac564dfbec95993
docker_image_id: sha256:c2fc5042bf86134947d83ad8e70bd926e2c1f91a263c6bfe87438ad783bec981
exit_code: 0
job_id: qewgqm27ebp55ohb
run_by_user: wjchulme
created_at: 2021-04-15T12:46:04Z
started_at: 2021-04-15T17:07:07Z
completed_at: 2021-04-15T19:32:24Z

Completed successfully

outputs:
  output/over80s/coviddeath/pfizer/all/all/data_atrisk_death.rds         - highly_sensitive    
  output/over80s/coviddeath/pfizer/all/all/data_atrisk_vaxaz1.rds        - highly_sensitive    
  output/over80s/coviddeath/pfizer/all/all/data_atrisk_vaxpfizer1.rds    - highly_sensitive    
  output/over80s/coviddeath/pfizer/all/all/data_weights.rds              - highly_sensitive    
  output/over80s/coviddeath/pfizer/all/all/model0.rds                    - highly_sensitive    
  output/over80s/coviddeath/pfizer/all/all/model1.rds                    - highly_sensitive    
  output/over80s/coviddeath/pfizer/all/all/model2.rds                    - highly_sensitive    
  output/over80s/coviddeath/pfizer/all/all/model3.rds                    - highly_sensitive    
  output/over80s/coviddeath/pfizer/all/all/model4.rds                    - highly_sensitive    
  output/over80s/coviddeath/pfizer/all/all/model_death.rds               - highly_sensitive    
  output/over80s/coviddeath/pfizer/all/all/model_formula_death.rds       - highly_sensitive    
  output/over80s/coviddeath/pfizer/all/all/model_formula_vaxaz1.rds      - highly_sensitive    
  output/over80s/coviddeath/pfizer/all/all/model_formula_vaxpfizer1.rds  - highly_sensitive    
  output/over80s/coviddeath/pfizer/all/all/model_vaxaz1.rds              - highly_sensitive    
  output/over80s/coviddeath/pfizer/all/all/model_vaxpfizer1.rds          - highly_sensitive    
  output/over80s/coviddeath/pfizer/all/all/weights_histogram.svg         - moderately_sensitive
  output/over80s/coviddeath/pfizer/all/all/weights_table.txt             - moderately_sensitive