2021-02-16T19:05:48.178341500Z -- Attaching packages --------------------------------------- tidyverse 1.3.0 --
2021-02-16T19:05:48.188922200Z v ggplot2 3.3.2     v purrr   0.3.4
2021-02-16T19:05:48.188958800Z v tibble  3.0.3     v dplyr   1.0.2
2021-02-16T19:05:48.188967200Z v tidyr   1.1.2     v stringr 1.4.0
2021-02-16T19:05:48.188974200Z v readr   1.3.1     v forcats 0.5.0
2021-02-16T19:05:48.379351000Z -- Conflicts ------------------------------------------ tidyverse_conflicts() --
2021-02-16T19:05:48.379398700Z x dplyr::filter() masks stats::filter()
2021-02-16T19:05:48.379406800Z x dplyr::lag()    masks stats::lag()
2021-02-16T19:05:48.399672400Z 
2021-02-16T19:05:48.399690400Z Attaching package: 'lubridate'
2021-02-16T19:05:48.399697800Z 
2021-02-16T19:05:48.401825000Z The following objects are masked from 'package:base':
2021-02-16T19:05:48.401843800Z 
2021-02-16T19:05:48.401851700Z     date, intersect, setdiff, union
2021-02-16T19:05:48.401858600Z 
2021-02-16T19:07:07.201090100Z null device 
2021-02-16T19:07:07.201140300Z           1 
2021-02-16T19:07:07.637385300Z null device 
2021-02-16T19:07:07.637434100Z           1 


state: succeeded
commit: d8ddb2d7de631d76d489d582a88e67264c882dfa
docker_image_id: sha256:620657ea71ffa5cc1a98e97c26d2a3ee4298d16da0bec4b1af9fe2cfed6f8ff0
job_id: omwa75cmoauvwirc
run_by_user: wjchulme
created_at: 2021-02-16T17:57:29Z
started_at: 2021-02-16T19:05:45Z
completed_at: 2021-02-17T00:09:06Z

Completed successfully

outputs:
  output/models/cox/over80s/estimates.csv    - moderately_sensitive
  output/models/cox/over80s/forest_plot.svg  - moderately_sensitive
  output/models/cox/over80s/zph_age.png      - moderately_sensitive
  output/models/cox/over80s/zph_vax.png      - moderately_sensitive