2021-04-28T06:26:35.374743000Z -- Attaching packages --------------------------------------- tidyverse 1.3.0 --
2021-04-28T06:26:35.386254600Z v ggplot2 3.3.2     v purrr   0.3.4
2021-04-28T06:26:35.387295700Z v tibble  3.0.3     v dplyr   1.0.2
2021-04-28T06:26:35.387310000Z v tidyr   1.1.2     v stringr 1.4.0
2021-04-28T06:26:35.387317400Z v readr   1.3.1     v forcats 0.5.0
2021-04-28T06:26:35.657855500Z -- Conflicts ------------------------------------------ tidyverse_conflicts() --
2021-04-28T06:26:35.657940100Z x dplyr::filter() masks stats::filter()
2021-04-28T06:26:35.657948100Z x dplyr::lag()    masks stats::lag()
2021-04-28T06:26:35.686279900Z 
2021-04-28T06:26:35.686402700Z Attaching package: 'glue'
2021-04-28T06:26:35.686411700Z 
2021-04-28T06:26:35.688430600Z The following object is masked from 'package:dplyr':
2021-04-28T06:26:35.688510500Z 
2021-04-28T06:26:35.688518200Z     collapse
2021-04-28T06:26:35.688525300Z 
2021-04-28T06:26:38.383151300Z 
2021-04-28T06:26:38.383256800Z Attaching package: 'lubridate'
2021-04-28T06:26:38.383265800Z 
2021-04-28T06:26:38.384120000Z The following objects are masked from 'package:base':
2021-04-28T06:26:38.384138400Z 
2021-04-28T06:26:38.384146000Z     date, intersect, setdiff, union
2021-04-28T06:26:38.384153400Z 
2021-04-28T06:26:38.857009200Z <environment: R_GlobalEnv>
2021-04-28T06:26:38.857866700Z <environment: R_GlobalEnv>
2021-04-28T06:27:44.016675500Z data_pt data size = 15157222 
2021-04-28T06:27:44.019146500Z   memory usage = 6.245 GB 
2021-04-28T06:27:44.669735800Z     
2021-04-28T06:27:44.669829900Z all   
2021-04-28T06:27:44.669839200Z   
2021-04-28T06:28:06.527841800Z   
2021-04-28T06:43:28.446166800Z vaxany1  vaxany1 data size = 7269841 
2021-04-28T06:43:45.613030500Z memory usage = 7.475 GB 
2021-04-28T06:43:45.613135000Z   
2021-04-28T06:53:19.561399400Z vaxany1_fxd  vaxany1_fxd data size = 7269841 
2021-04-28T06:53:33.485694100Z memory usage = 6.195 GB 
2021-04-28T06:59:43.753094000Z   
2021-04-28T08:09:40.369444300Z death  death data size = 15157222 
2021-04-28T08:10:22.781052200Z memory usage = 15.891 GB 
2021-04-28T08:10:22.781396700Z   
2021-04-28T09:02:13.554458500Z death_fxd  death_fxd data size = 15157222 
2021-04-28T09:03:05.557260200Z memory usage = 13.163 GB 
2021-04-28T09:15:48.191203900Z Saving 7 x 7 in image
2021-04-28T09:15:56.711490600Z `stat_bin()` using `bins = 30`. Pick better value with `binwidth`.
2021-04-28T09:16:14.020974000Z   
2021-04-28T09:16:14.021348600Z data_weights data size = 15157222   
2021-04-28T09:16:14.021991400Z memory usage = 2.486 GB   
2021-04-28T09:17:10.104698500Z   
2021-04-28T09:17:10.104816300Z msmmod0 
2021-04-28T09:19:08.525614300Z MODEL INFO:
2021-04-28T09:19:08.525787000Z Observations: 15157222
2021-04-28T09:19:08.525799400Z Dependent Variable: 
2021-04-28T09:19:08.525807200Z Type: Generalized linear model
2021-04-28T09:19:08.525814800Z   Family: binomial 
2021-04-28T09:19:08.525823300Z   Link function: logit 
2021-04-28T09:19:08.525831000Z 
2021-04-28T09:19:08.528001900Z MODEL FIT:
2021-04-28T09:19:08.528349500Z <U+03C7><U+00B2>(6) = 1255.493, p = 0.000
2021-04-28T09:19:08.528371100Z Pseudo-R<U+00B2> (Cragg-Uhler) = 
2021-04-28T09:19:08.528379900Z Pseudo-R<U+00B2> (McFadden) = 0.023
2021-04-28T09:19:08.528562800Z AIC = 53769.355, BIC = 53871.093 
2021-04-28T09:19:08.528578500Z 
2021-04-28T09:19:08.529263000Z Standard errors: MLE
2021-04-28T09:19:08.575444500Z ------------------------------------------------------------------
2021-04-28T09:19:08.575532400Z                                    Est.    S.E.     z val.       p
2021-04-28T09:19:08.575542000Z ------------------------------ -------- ------- ---------- -------
2021-04-28T09:19:08.575550600Z (Intercept)                      -8.086   0.021   -382.386   0.000
2021-04-28T09:19:08.575558500Z timesincevax_pw(0,3]             -1.105   0.134     -8.240   0.000
2021-04-28T09:19:08.575566200Z timesincevax_pw(3,7]             -0.846   0.103     -8.200   0.000
2021-04-28T09:19:08.575574100Z timesincevax_pw(7,14]            -0.853   0.080    -10.666   0.000
2021-04-28T09:19:08.575581800Z timesincevax_pw(14,21]           -1.001   0.087    -11.531   0.000
2021-04-28T09:19:08.575589600Z timesincevax_pw(21,28]           -1.567   0.117    -13.438   0.000
2021-04-28T09:19:08.575597000Z timesincevax_pw(28, Inf]         -2.210   0.104    -21.328   0.000
2021-04-28T09:19:08.575712100Z ------------------------------------------------------------------
2021-04-28T09:19:08.576971500Z msmmod0_par data size = 15157222 
2021-04-28T09:19:43.259841000Z memory usage = 9.221 GB 
2021-04-28T09:22:11.708032700Z   
2021-04-28T09:22:11.708125700Z msmmod1 
2021-04-28T09:25:31.433183400Z MODEL INFO:
2021-04-28T09:25:31.433298700Z Observations: 15157222
2021-04-28T09:25:31.433308500Z Dependent Variable: 
2021-04-28T09:25:31.433316300Z Type: Generalized linear model
2021-04-28T09:25:31.433323700Z   Family: binomial 
2021-04-28T09:25:31.433331400Z   Link function: logit 
2021-04-28T09:25:31.433339100Z 
2021-04-28T09:25:31.436095500Z MODEL FIT:
2021-04-28T09:25:31.436245000Z <U+03C7><U+00B2>(17) = 1694.565, p = 0.000
2021-04-28T09:25:31.436255400Z Pseudo-R<U+00B2> (Cragg-Uhler) = 
2021-04-28T09:25:31.436262600Z Pseudo-R<U+00B2> (McFadden) = 0.031
2021-04-28T09:25:31.436269600Z AIC = 53352.282, BIC = 53613.894 
2021-04-28T09:25:31.436276400Z 
2021-04-28T09:25:31.436286300Z Standard errors: MLE
2021-04-28T09:25:31.511609800Z -------------------------------------------------------------------
2021-04-28T09:25:31.513621500Z                                      Est.    S.E.    z val.       p
2021-04-28T09:25:31.513665500Z ------------------------------- --------- ------- --------- -------
2021-04-28T09:25:31.513673300Z (Intercept)                       -34.782   6.049    -5.750   0.000
2021-04-28T09:25:31.513680600Z timesincevax_pw(0,3]               -1.081   0.134    -8.058   0.000
2021-04-28T09:25:31.513687600Z timesincevax_pw(3,7]               -0.821   0.103    -7.955   0.000
2021-04-28T09:25:31.513695100Z timesincevax_pw(7,14]              -0.826   0.080   -10.320   0.000
2021-04-28T09:25:31.513702200Z timesincevax_pw(14,21]             -0.970   0.087   -11.166   0.000
2021-04-28T09:25:31.513709500Z timesincevax_pw(21,28]             -1.531   0.117   -13.118   0.000
2021-04-28T09:25:31.513716500Z timesincevax_pw(28, Inf]           -2.173   0.104   -20.952   0.000
2021-04-28T09:25:31.513723700Z poly(age, degree = 2, raw =         0.539   0.138     3.892   0.000
2021-04-28T09:25:31.513730700Z TRUE)1                                                             
2021-04-28T09:25:31.513737900Z poly(age, degree = 2, raw =        -0.003   0.001    -3.342   0.001
2021-04-28T09:25:31.513745000Z TRUE)2                                                             
2021-04-28T09:25:31.513752100Z sexMale                             0.313   0.038     8.312   0.000
2021-04-28T09:25:31.513759100Z imd2                               -0.012   0.057    -0.209   0.834
2021-04-28T09:25:31.513766000Z imd3                               -0.136   0.057    -2.369   0.018
2021-04-28T09:25:31.513772800Z imd4                               -0.303   0.060    -5.063   0.000
2021-04-28T09:25:31.513779700Z imd5 least deprived                -0.335   0.061    -5.532   0.000
2021-04-28T09:25:31.513786600Z ethnicityBlack                      0.067   0.219     0.305   0.760
2021-04-28T09:25:31.513793500Z ethnicitySouth Asian                0.258   0.102     2.534   0.011
2021-04-28T09:25:31.513800400Z ethnicityMixed                      0.121   0.354     0.343   0.732
2021-04-28T09:25:31.513807300Z ethnicityOther                     -0.015   0.289    -0.053   0.958
2021-04-28T09:25:31.513814200Z -------------------------------------------------------------------
2021-04-28T09:25:31.513830900Z msmmod1_par data size = 15157222 
2021-04-28T09:26:10.686031300Z memory usage = 9.221 GB 
2021-04-28T09:28:44.748070300Z   
2021-04-28T09:28:44.748162800Z msmmod2 
2021-04-28T09:39:13.713472000Z MODEL INFO:
2021-04-28T09:39:13.713561400Z Observations: 15157222
2021-04-28T09:39:13.713570600Z Dependent Variable: 
2021-04-28T09:39:13.713580300Z Type: Generalized linear model
2021-04-28T09:39:13.713587700Z   Family: binomial 
2021-04-28T09:39:13.713595400Z   Link function: logit 
2021-04-28T09:39:13.713603000Z 
2021-04-28T09:39:13.715250300Z MODEL FIT:
2021-04-28T09:39:13.715275900Z <U+03C7><U+00B2>(45) = 2380.885, p = 0.000
2021-04-28T09:39:13.715286600Z Pseudo-R<U+00B2> (Cragg-Uhler) = 
2021-04-28T09:39:13.715294500Z Pseudo-R<U+00B2> (McFadden) = 0.043
2021-04-28T09:39:13.715302400Z AIC = 52721.963, BIC = 53390.526 
2021-04-28T09:39:13.715310000Z 
2021-04-28T09:39:13.715504600Z Standard errors: MLE
2021-04-28T09:39:13.874839700Z ---------------------------------------------------------------------
2021-04-28T09:39:13.874909400Z                                        Est.    S.E.    z val.       p
2021-04-28T09:39:13.874918700Z --------------------------------- --------- ------- --------- -------
2021-04-28T09:39:13.874926600Z (Intercept)                         -28.624   6.078    -4.710   0.000
2021-04-28T09:39:13.874934300Z timesincevax_pw(0,3]                 -1.073   0.134    -7.997   0.000
2021-04-28T09:39:13.874941900Z timesincevax_pw(3,7]                 -0.813   0.103    -7.870   0.000
2021-04-28T09:39:13.874949800Z timesincevax_pw(7,14]                -0.816   0.080   -10.189   0.000
2021-04-28T09:39:13.874957200Z timesincevax_pw(14,21]               -0.956   0.087   -11.000   0.000
2021-04-28T09:39:13.874964900Z timesincevax_pw(21,28]               -1.511   0.117   -12.949   0.000
2021-04-28T09:39:13.874972600Z timesincevax_pw(28, Inf]             -2.150   0.104   -20.725   0.000
2021-04-28T09:39:13.874980100Z poly(age, degree = 2, raw =           0.382   0.139     2.748   0.006
2021-04-28T09:39:13.874987700Z TRUE)1                                                               
2021-04-28T09:39:13.874995400Z poly(age, degree = 2, raw =          -0.002   0.001    -2.199   0.028
2021-04-28T09:39:13.875002900Z TRUE)2                                                               
2021-04-28T09:39:13.875010500Z sexMale                               0.243   0.038     6.307   0.000
2021-04-28T09:39:13.875017900Z imd2                                  0.029   0.058     0.507   0.612
2021-04-28T09:39:13.875025500Z imd3                                 -0.082   0.058    -1.425   0.154
2021-04-28T09:39:13.875033700Z imd4                                 -0.229   0.060    -3.798   0.000
2021-04-28T09:39:13.875041500Z imd5 least deprived                  -0.240   0.061    -3.921   0.000
2021-04-28T09:39:13.875083200Z ethnicityBlack                       -0.010   0.220    -0.044   0.965
2021-04-28T09:39:13.875091400Z ethnicitySouth Asian                  0.138   0.103     1.345   0.179
2021-04-28T09:39:13.875098200Z ethnicityMixed                        0.067   0.354     0.188   0.851
2021-04-28T09:39:13.875105300Z ethnicityOther                        0.027   0.290     0.093   0.926
2021-04-28T09:39:13.875112200Z bmiObese I (30-34.9)                  0.013   0.055     0.231   0.818
2021-04-28T09:39:13.875119100Z bmiObese II (35-39.9)                 0.031   0.127     0.247   0.805
2021-04-28T09:39:13.875126100Z bmiObese III (40+)                    0.413   0.163     2.536   0.011
2021-04-28T09:39:13.875133200Z chronic_cardiac_disease               0.023   0.129     0.177   0.860
2021-04-28T09:39:13.875140200Z heart_failure                         0.342   0.067     5.102   0.000
2021-04-28T09:39:13.875147200Z other_heart_disease                   0.029   0.085     0.334   0.739
2021-04-28T09:39:13.875156200Z dialysis                              1.149   0.236     4.864   0.000
2021-04-28T09:39:13.875163400Z diabetes                              0.178   0.094     1.899   0.057
2021-04-28T09:39:13.875170200Z chronic_liver_disease                 0.394   0.199     1.981   0.048
2021-04-28T09:39:13.875177000Z current_copd                          0.136   0.088     1.551   0.121
2021-04-28T09:39:13.875183900Z other_resp_conditions                 0.220   0.080     2.761   0.006
2021-04-28T09:39:13.875190600Z lung_cancer                           0.157   0.212     0.741   0.459
2021-04-28T09:39:13.875197500Z haematological_cancer                 0.280   0.131     2.136   0.033
2021-04-28T09:39:13.875204400Z cancer_excl_lung_and_haem            -0.005   0.091    -0.050   0.960
2021-04-28T09:39:13.875211300Z chemo_or_radio                        0.084   0.103     0.815   0.415
2021-04-28T09:39:13.875218200Z permanant_immunosuppression          -1.104   1.003    -1.101   0.271
2021-04-28T09:39:13.875225100Z asplenia                             -0.841   0.507    -1.659   0.097
2021-04-28T09:39:13.875231900Z dmards                                0.311   0.120     2.594   0.009
2021-04-28T09:39:13.875238800Z dementia                              0.637   0.094     6.793   0.000
2021-04-28T09:39:13.875245700Z other_neuro_conditions                0.540   0.111     4.876   0.000
2021-04-28T09:39:13.875252400Z LD_incl_DS_and_CP                     0.712   0.457     1.558   0.119
2021-04-28T09:39:13.875259400Z psychosis_schiz_bipolar               0.767   0.162     4.725   0.000
2021-04-28T09:39:13.875266100Z multimorb1                            0.106   0.100     1.054   0.292
2021-04-28T09:39:13.875272800Z multimorb2                            0.268   0.176     1.519   0.129
2021-04-28T09:39:13.875279600Z multimorb3                            0.153   0.259     0.592   0.554
2021-04-28T09:39:13.875286400Z multimorb4+                           0.248   0.359     0.693   0.488
2021-04-28T09:39:13.875303300Z shielded                              0.360   0.049     7.278   0.000
2021-04-28T09:39:13.875310700Z flu_vaccine                           0.144   0.063     2.280   0.023
2021-04-28T09:39:13.875318100Z ---------------------------------------------------------------------
2021-04-28T09:39:13.875325300Z msmmod2_par data size = 15157222 
2021-04-28T09:39:47.411434300Z memory usage = 9.221 GB 
2021-04-28T09:42:19.863640600Z   
2021-04-28T09:42:19.863736500Z msmmod3 
2021-04-28T10:48:14.320631700Z MODEL INFO:
2021-04-28T10:48:14.321547200Z Observations: 15157222
2021-04-28T10:48:14.321564000Z Dependent Variable: 
2021-04-28T10:48:14.321577700Z Type: Generalized linear model
2021-04-28T10:48:14.321585800Z   Family: binomial 
2021-04-28T10:48:14.321593400Z   Link function: logit 
2021-04-28T10:48:14.321600900Z 
2021-04-28T10:48:14.323344000Z MODEL FIT:
2021-04-28T10:48:14.323367800Z <U+03C7><U+00B2>(89) = 2793.654, p = 0.000
2021-04-28T10:48:14.323377200Z Pseudo-R<U+00B2> (Cragg-Uhler) = 
2021-04-28T10:48:14.323385100Z Pseudo-R<U+00B2> (McFadden) = 0.051
2021-04-28T10:48:14.323392900Z AIC = 52397.194, BIC = 53705.253 
2021-04-28T10:48:14.323400400Z 
2021-04-28T10:48:14.323727500Z Standard errors: MLE
2021-04-28T10:48:14.790003600Z ---------------------------------------------------------------------------
2021-04-28T10:48:14.790083500Z                                          Est.        S.E.    z val.       p
2021-04-28T10:48:14.790096900Z --------------------------------- ----------- ----------- --------- -------
2021-04-28T10:48:14.790105000Z (Intercept)                           -28.648       6.083    -4.709   0.000
2021-04-28T10:48:14.790113400Z timesincevax_pw(0,3]                   -1.227       0.136    -9.054   0.000
2021-04-28T10:48:14.790121400Z timesincevax_pw(3,7]                   -0.967       0.106    -9.135   0.000
2021-04-28T10:48:14.790129100Z timesincevax_pw(7,14]                  -0.932       0.085   -10.902   0.000
2021-04-28T10:48:14.790136800Z timesincevax_pw(14,21]                 -0.964       0.094   -10.275   0.000
2021-04-28T10:48:14.790144600Z timesincevax_pw(21,28]                 -1.369       0.124   -11.073   0.000
2021-04-28T10:48:14.790152100Z timesincevax_pw(28, Inf]               -1.842       0.118   -15.630   0.000
2021-04-28T10:48:14.790159800Z poly(age, degree = 2, raw =             0.375       0.139     2.693   0.007
2021-04-28T10:48:14.790167400Z TRUE)1                                                                     
2021-04-28T10:48:14.790174900Z poly(age, degree = 2, raw =            -0.002       0.001    -2.155   0.031
2021-04-28T10:48:14.790182600Z TRUE)2                                                                     
2021-04-28T10:48:14.790217400Z sexMale                                 0.243       0.039     6.298   0.000
2021-04-28T10:48:14.790225800Z imd2                                   -0.026       0.058    -0.450   0.653
2021-04-28T10:48:14.790233100Z imd3                                   -0.173       0.059    -2.936   0.003
2021-04-28T10:48:14.790240300Z imd4                                   -0.299       0.061    -4.888   0.000
2021-04-28T10:48:14.790247400Z imd5 least deprived                    -0.336       0.063    -5.365   0.000
2021-04-28T10:48:14.790254400Z ethnicityBlack                         -0.052       0.220    -0.237   0.813
2021-04-28T10:48:14.790261500Z ethnicitySouth Asian                    0.180       0.104     1.726   0.084
2021-04-28T10:48:14.790268900Z ethnicityMixed                          0.003       0.355     0.008   0.994
2021-04-28T10:48:14.790276400Z ethnicityOther                          0.018       0.290     0.063   0.950
2021-04-28T10:48:14.790284100Z bmiObese I (30-34.9)                    0.011       0.055     0.204   0.839
2021-04-28T10:48:14.790291300Z bmiObese II (35-39.9)                   0.019       0.127     0.152   0.879
2021-04-28T10:48:14.790298300Z bmiObese III (40+)                      0.389       0.163     2.383   0.017
2021-04-28T10:48:14.790307300Z chronic_cardiac_disease                 0.008       0.129     0.066   0.948
2021-04-28T10:48:14.790314700Z heart_failure                           0.353       0.067     5.257   0.000
2021-04-28T10:48:14.790321900Z other_heart_disease                     0.052       0.086     0.607   0.544
2021-04-28T10:48:14.790329200Z dialysis                                1.123       0.236     4.750   0.000
2021-04-28T10:48:14.790336400Z diabetes                                0.180       0.094     1.923   0.054
2021-04-28T10:48:14.790343600Z chronic_liver_disease                   0.382       0.199     1.923   0.054
2021-04-28T10:48:14.790350700Z current_copd                            0.137       0.088     1.559   0.119
2021-04-28T10:48:14.790357900Z other_resp_conditions                   0.219       0.080     2.744   0.006
2021-04-28T10:48:14.790365100Z lung_cancer                             0.161       0.212     0.762   0.446
2021-04-28T10:48:14.790373200Z haematological_cancer                   0.276       0.131     2.106   0.035
2021-04-28T10:48:14.790380200Z cancer_excl_lung_and_haem              -0.011       0.091    -0.124   0.901
2021-04-28T10:48:14.790387400Z chemo_or_radio                          0.081       0.103     0.782   0.434
2021-04-28T10:48:14.790394300Z permanant_immunosuppression            -1.126       1.003    -1.122   0.262
2021-04-28T10:48:14.790401400Z asplenia                               -0.847       0.507    -1.670   0.095
2021-04-28T10:48:14.790408500Z dmards                                  0.288       0.120     2.397   0.017
2021-04-28T10:48:14.790415600Z dementia                                0.633       0.094     6.759   0.000
2021-04-28T10:48:14.790422900Z other_neuro_conditions                  0.528       0.111     4.769   0.000
2021-04-28T10:48:14.790437900Z LD_incl_DS_and_CP                       0.689       0.457     1.508   0.132
2021-04-28T10:48:14.790446200Z psychosis_schiz_bipolar                 0.778       0.162     4.787   0.000
2021-04-28T10:48:14.790453400Z multimorb1                              0.110       0.100     1.101   0.271
2021-04-28T10:48:14.790461100Z multimorb2                              0.277       0.176     1.575   0.115
2021-04-28T10:48:14.790468300Z multimorb3                              0.165       0.259     0.638   0.524
2021-04-28T10:48:14.790475500Z multimorb4+                             0.266       0.358     0.742   0.458
2021-04-28T10:48:14.790482500Z shielded                                0.365       0.050     7.363   0.000
2021-04-28T10:48:14.790489700Z flu_vaccine                             0.138       0.064     2.169   0.030
2021-04-28T10:48:14.790496800Z ns(tstop, df = 4)1                      0.991       0.143     6.909   0.000
2021-04-28T10:48:14.790503800Z ns(tstop, df = 4)2                      0.772       0.212     3.644   0.000
2021-04-28T10:48:14.790511600Z ns(tstop, df = 4)3                      0.111       0.352     0.316   0.752
2021-04-28T10:48:14.790519000Z ns(tstop, df = 4)4                     -2.035       0.393    -5.180   0.000
2021-04-28T10:48:14.790526000Z regionEast Midlands                    -0.228       0.202    -1.130   0.258
2021-04-28T10:48:14.790533400Z regionLondon                            1.177       0.673     1.749   0.080
2021-04-28T10:48:14.790540600Z regionNorth East                        0.215       0.260     0.826   0.409
2021-04-28T10:48:14.790548500Z regionNorth West                       -0.135       0.266    -0.509   0.611
2021-04-28T10:48:14.790559100Z regionSouth East                        0.047       0.559     0.083   0.934
2021-04-28T10:48:14.790566200Z regionSouth West                       -0.162       0.554    -0.293   0.770
2021-04-28T10:48:14.790573300Z regionWest Midlands                 -1963.857   13574.644    -0.145   0.885
2021-04-28T10:48:14.790580400Z regionYorkshire and The                -0.206       0.189    -1.093   0.275
2021-04-28T10:48:14.790587400Z Humber                                                                     
2021-04-28T10:48:14.790594400Z ns(tstop, df =                          0.155       0.237     0.655   0.512
2021-04-28T10:48:14.790601600Z 4)1:regionEast Midlands                                                    
2021-04-28T10:48:14.790608800Z ns(tstop, df =                          0.155       0.318     0.489   0.625
2021-04-28T10:48:14.790615900Z 4)2:regionEast Midlands                                                    
2021-04-28T10:48:14.790623100Z ns(tstop, df =                          0.619       0.551     1.123   0.262
2021-04-28T10:48:14.790630200Z 4)3:regionEast Midlands                                                    
2021-04-28T10:48:14.790637300Z ns(tstop, df =                          1.156       0.533     2.168   0.030
2021-04-28T10:48:14.790651400Z 4)4:regionEast Midlands                                                    
2021-04-28T10:48:14.790659200Z ns(tstop, df =                          1.510       0.952     1.587   0.112
2021-04-28T10:48:14.790666500Z 4)1:regionLondon                                                           
2021-04-28T10:48:14.790673600Z ns(tstop, df =                         -2.749       1.611    -1.706   0.088
2021-04-28T10:48:14.790681000Z 4)2:regionLondon                                                           
2021-04-28T10:48:14.790689000Z ns(tstop, df =                         -3.987       2.229    -1.788   0.074
2021-04-28T10:48:14.790696100Z 4)3:regionLondon                                                           
2021-04-28T10:48:14.790703100Z ns(tstop, df =                          2.483       2.197     1.130   0.258
2021-04-28T10:48:14.790710200Z 4)4:regionLondon                                                           
2021-04-28T10:48:14.790718200Z ns(tstop, df =                         -0.915       0.369    -2.478   0.013
2021-04-28T10:48:14.790725700Z 4)1:regionNorth East                                                       
2021-04-28T10:48:14.790732900Z ns(tstop, df =                         -0.478       0.483    -0.990   0.322
2021-04-28T10:48:14.790739900Z 4)2:regionNorth East                                                       
2021-04-28T10:48:14.790746900Z ns(tstop, df =                         -0.314       0.746    -0.421   0.674
2021-04-28T10:48:14.790753900Z 4)3:regionNorth East                                                       
2021-04-28T10:48:14.790760800Z ns(tstop, df =                          1.444       0.698     2.069   0.039
2021-04-28T10:48:14.790767800Z 4)4:regionNorth East                                                       
2021-04-28T10:48:14.790775100Z ns(tstop, df =                         -0.225       0.344    -0.655   0.513
2021-04-28T10:48:14.790782100Z 4)1:regionNorth West                                                       
2021-04-28T10:48:14.790789100Z ns(tstop, df =                         -0.393       0.467    -0.842   0.400
2021-04-28T10:48:14.790796100Z 4)2:regionNorth West                                                       
2021-04-28T10:48:14.790803200Z ns(tstop, df =                          0.007       0.745     0.009   0.993
2021-04-28T10:48:14.790810200Z 4)3:regionNorth West                                                       
2021-04-28T10:48:14.790817200Z ns(tstop, df =                          1.544       0.689     2.239   0.025
2021-04-28T10:48:14.790824100Z 4)4:regionNorth West                                                       
2021-04-28T10:48:14.790831100Z ns(tstop, df =                         -0.197       0.682    -0.290   0.772
2021-04-28T10:48:14.790838000Z 4)1:regionSouth East                                                       
2021-04-28T10:48:14.790845000Z ns(tstop, df =                          0.895       0.820     1.092   0.275
2021-04-28T10:48:14.790852000Z 4)2:regionSouth East                                                       
2021-04-28T10:48:14.790866400Z ns(tstop, df =                          0.861       1.489     0.578   0.563
2021-04-28T10:48:14.790874100Z 4)3:regionSouth East                                                       
2021-04-28T10:48:14.790881100Z ns(tstop, df =                          0.829       1.321     0.628   0.530
2021-04-28T10:48:14.790888000Z 4)4:regionSouth East                                                       
2021-04-28T10:48:14.790894900Z ns(tstop, df =                         -0.422       0.850    -0.497   0.619
2021-04-28T10:48:14.790902000Z 4)1:regionSouth West                                                       
2021-04-28T10:48:14.790909000Z ns(tstop, df =                         -0.454       1.683    -0.269   0.788
2021-04-28T10:48:14.790916600Z 4)2:regionSouth West                                                       
2021-04-28T10:48:14.790924200Z ns(tstop, df =                         -5.394       4.580    -1.178   0.239
2021-04-28T10:48:14.790931500Z 4)3:regionSouth West                                                       
2021-04-28T10:48:14.790938600Z ns(tstop, df =                         -5.205       7.555    -0.689   0.491
2021-04-28T10:48:14.790945500Z 4)4:regionSouth West                                                       
2021-04-28T10:48:14.790953200Z ns(tstop, df =                      -1632.094   11392.451    -0.143   0.886
2021-04-28T10:48:14.790960300Z 4)1:regionWest Midlands                                                    
2021-04-28T10:48:14.790967300Z ns(tstop, df =                       1797.359   54833.437     0.033   0.974
2021-04-28T10:48:14.790974300Z 4)2:regionWest Midlands                                                    
2021-04-28T10:48:14.790981200Z ns(tstop, df =                       4533.584   52481.648     0.086   0.931
2021-04-28T10:48:14.790988300Z 4)3:regionWest Midlands                                                    
2021-04-28T10:48:14.790995500Z ns(tstop, df =                       -598.634   89830.365    -0.007   0.995
2021-04-28T10:48:14.791002500Z 4)4:regionWest Midlands                                                    
2021-04-28T10:48:14.791009700Z ns(tstop, df =                         -0.111       0.233    -0.478   0.633
2021-04-28T10:48:14.791016800Z 4)1:regionYorkshire and The                                                
2021-04-28T10:48:14.791024000Z Humber                                                                     
2021-04-28T10:48:14.791031200Z ns(tstop, df =                         -0.057       0.314    -0.183   0.855
2021-04-28T10:48:14.791039400Z 4)2:regionYorkshire and The                                                
2021-04-28T10:48:14.791046600Z Humber                                                                     
2021-04-28T10:48:14.791053800Z ns(tstop, df =                          0.284       0.527     0.539   0.590
2021-04-28T10:48:14.791060900Z 4)3:regionYorkshire and The                                                
2021-04-28T10:48:14.791074300Z Humber                                                                     
2021-04-28T10:48:14.791082000Z ns(tstop, df =                          1.204       0.518     2.324   0.020
2021-04-28T10:48:14.791089600Z 4)4:regionYorkshire and The                                                
2021-04-28T10:48:14.791096500Z Humber                                                                     
2021-04-28T10:48:14.791103600Z ---------------------------------------------------------------------------
2021-04-28T10:48:14.791110800Z msmmod3_par data size = 15157222 
2021-04-28T10:49:05.351315500Z memory usage = 9.221 GB 
2021-04-28T10:52:51.198780400Z   
2021-04-28T10:52:51.198849000Z msmmod4 
2021-04-28T12:02:49.437478500Z MODEL INFO:
2021-04-28T12:02:49.437574000Z Observations: 15157222
2021-04-28T12:02:49.437582900Z Dependent Variable: 
2021-04-28T12:02:49.437592200Z Type: Generalized linear model
2021-04-28T12:02:49.437599700Z   Family: binomial 
2021-04-28T12:02:49.437607300Z   Link function: logit 
2021-04-28T12:02:49.437614700Z 
2021-04-28T12:02:49.439729300Z MODEL FIT:
2021-04-28T12:02:49.439814100Z <U+03C7><U+00B2>(89) = 2685.444, p = 0.000
2021-04-28T12:02:49.439829300Z Pseudo-R<U+00B2> (Cragg-Uhler) = 
2021-04-28T12:02:49.439837300Z Pseudo-R<U+00B2> (McFadden) = 0.050
2021-04-28T12:02:49.439845200Z AIC = 52792.531, BIC = 54100.590 
2021-04-28T12:02:49.439852600Z 
2021-04-28T12:02:49.439859900Z Standard errors: MLE
2021-04-28T12:02:49.756587100Z ---------------------------------------------------------------------------
2021-04-28T12:02:49.756674200Z                                          Est.        S.E.    z val.       p
2021-04-28T12:02:49.756683300Z --------------------------------- ----------- ----------- --------- -------
2021-04-28T12:02:49.756690900Z (Intercept)                           -25.393       5.936    -4.278   0.000
2021-04-28T12:02:49.756698500Z timesincevax_pw(0,3]                   -0.746       0.113    -6.615   0.000
2021-04-28T12:02:49.756705900Z timesincevax_pw(3,7]                   -0.845       0.105    -8.044   0.000
2021-04-28T12:02:49.756713500Z timesincevax_pw(7,14]                  -0.745       0.083    -8.953   0.000
2021-04-28T12:02:49.756721200Z timesincevax_pw(14,21]                 -0.680       0.088    -7.695   0.000
2021-04-28T12:02:49.756728900Z timesincevax_pw(21,28]                 -1.203       0.122    -9.830   0.000
2021-04-28T12:02:49.756736400Z timesincevax_pw(28, Inf]               -1.683       0.118   -14.286   0.000
2021-04-28T12:02:49.756744200Z poly(age, degree = 2, raw =             0.296       0.136     2.184   0.029
2021-04-28T12:02:49.756751700Z TRUE)1                                                                     
2021-04-28T12:02:49.756776400Z poly(age, degree = 2, raw =            -0.001       0.001    -1.593   0.111
2021-04-28T12:02:49.756784200Z TRUE)2                                                                     
2021-04-28T12:02:49.756791300Z sexMale                                 0.229       0.039     5.902   0.000
2021-04-28T12:02:49.756798200Z imd2                                   -0.002       0.058    -0.041   0.967
2021-04-28T12:02:49.756805200Z imd3                                   -0.179       0.059    -3.019   0.003
2021-04-28T12:02:49.756834300Z imd4                                   -0.321       0.062    -5.190   0.000
2021-04-28T12:02:49.756846300Z imd5 least deprived                    -0.358       0.063    -5.654   0.000
2021-04-28T12:02:49.756853600Z ethnicityBlack                         -0.035       0.223    -0.159   0.874
2021-04-28T12:02:49.756860900Z ethnicitySouth Asian                    0.215       0.106     2.040   0.041
2021-04-28T12:02:49.756867800Z ethnicityMixed                          0.002       0.359     0.006   0.995
2021-04-28T12:02:49.756874900Z ethnicityOther                         -0.028       0.300    -0.094   0.925
2021-04-28T12:02:49.756882000Z bmiObese I (30-34.9)                    0.026       0.056     0.460   0.646
2021-04-28T12:02:49.756888900Z bmiObese II (35-39.9)                   0.004       0.129     0.033   0.974
2021-04-28T12:02:49.756896000Z bmiObese III (40+)                      0.383       0.165     2.315   0.021
2021-04-28T12:02:49.756905700Z chronic_cardiac_disease                -0.043       0.130    -0.334   0.738
2021-04-28T12:02:49.756913500Z heart_failure                           0.390       0.068     5.774   0.000
2021-04-28T12:02:49.756920800Z other_heart_disease                     0.065       0.086     0.752   0.452
2021-04-28T12:02:49.756928200Z dialysis                                1.118       0.240     4.665   0.000
2021-04-28T12:02:49.756935400Z diabetes                                0.161       0.094     1.714   0.087
2021-04-28T12:02:49.756942900Z chronic_liver_disease                   0.372       0.202     1.844   0.065
2021-04-28T12:02:49.756950200Z current_copd                            0.135       0.088     1.530   0.126
2021-04-28T12:02:49.756957400Z other_resp_conditions                   0.210       0.081     2.598   0.009
2021-04-28T12:02:49.756964500Z lung_cancer                             0.139       0.216     0.642   0.521
2021-04-28T12:02:49.756972000Z haematological_cancer                   0.271       0.132     2.054   0.040
2021-04-28T12:02:49.756979700Z cancer_excl_lung_and_haem              -0.009       0.092    -0.096   0.924
2021-04-28T12:02:49.756987000Z chemo_or_radio                          0.116       0.103     1.127   0.260
2021-04-28T12:02:49.756994200Z permanant_immunosuppression            -1.107       1.004    -1.103   0.270
2021-04-28T12:02:49.757001200Z asplenia                               -0.886       0.520    -1.702   0.089
2021-04-28T12:02:49.757008300Z dmards                                  0.253       0.122     2.078   0.038
2021-04-28T12:02:49.757024500Z dementia                                0.673       0.094     7.170   0.000
2021-04-28T12:02:49.757032800Z other_neuro_conditions                  0.569       0.110     5.162   0.000
2021-04-28T12:02:49.757040800Z LD_incl_DS_and_CP                       0.707       0.458     1.545   0.122
2021-04-28T12:02:49.757047900Z psychosis_schiz_bipolar                 0.758       0.165     4.599   0.000
2021-04-28T12:02:49.757054800Z multimorb1                              0.088       0.100     0.881   0.378
2021-04-28T12:02:49.757061900Z multimorb2                              0.264       0.177     1.493   0.135
2021-04-28T12:02:49.757069900Z multimorb3                              0.170       0.260     0.654   0.513
2021-04-28T12:02:49.757076900Z multimorb4+                             0.273       0.360     0.758   0.449
2021-04-28T12:02:49.757083800Z shielded                                0.347       0.050     6.936   0.000
2021-04-28T12:02:49.757090700Z flu_vaccine                             0.106       0.064     1.665   0.096
2021-04-28T12:02:49.757097600Z ns(tstop, df = 4)1                      1.001       0.143     6.986   0.000
2021-04-28T12:02:49.757104500Z ns(tstop, df = 4)2                      0.682       0.213     3.198   0.001
2021-04-28T12:02:49.757112200Z ns(tstop, df = 4)3                     -0.216       0.361    -0.598   0.550
2021-04-28T12:02:49.757119400Z ns(tstop, df = 4)4                     -2.443       0.420    -5.811   0.000
2021-04-28T12:02:49.757126900Z regionEast Midlands                    -0.240       0.203    -1.184   0.237
2021-04-28T12:02:49.757133900Z regionLondon                            1.148       0.679     1.690   0.091
2021-04-28T12:02:49.757140900Z regionNorth East                        0.177       0.263     0.675   0.500
2021-04-28T12:02:49.757147800Z regionNorth West                       -0.144       0.268    -0.537   0.591
2021-04-28T12:02:49.757154800Z regionSouth East                        0.028       0.565     0.049   0.961
2021-04-28T12:02:49.757161700Z regionSouth West                       -0.139       0.553    -0.251   0.802
2021-04-28T12:02:49.757168600Z regionWest Midlands                 -1944.564   13595.463    -0.143   0.886
2021-04-28T12:02:49.757175500Z regionYorkshire and The                -0.208       0.190    -1.096   0.273
2021-04-28T12:02:49.757182400Z Humber                                                                     
2021-04-28T12:02:49.757189300Z ns(tstop, df =                          0.033       0.239     0.139   0.889
2021-04-28T12:02:49.757196200Z 4)1:regionEast Midlands                                                    
2021-04-28T12:02:49.757203100Z ns(tstop, df =                          0.043       0.321     0.133   0.894
2021-04-28T12:02:49.757210000Z 4)2:regionEast Midlands                                                    
2021-04-28T12:02:49.757217700Z ns(tstop, df =                          0.640       0.559     1.145   0.252
2021-04-28T12:02:49.757231100Z 4)3:regionEast Midlands                                                    
2021-04-28T12:02:49.757238700Z ns(tstop, df =                          1.113       0.549     2.026   0.043
2021-04-28T12:02:49.757245800Z 4)4:regionEast Midlands                                                    
2021-04-28T12:02:49.757252700Z ns(tstop, df =                          1.292       0.978     1.321   0.186
2021-04-28T12:02:49.757259800Z 4)1:regionLondon                                                           
2021-04-28T12:02:49.757266600Z ns(tstop, df =                         -3.053       1.706    -1.790   0.073
2021-04-28T12:02:49.757274100Z 4)2:regionLondon                                                           
2021-04-28T12:02:49.757280900Z ns(tstop, df =                         -3.661       2.247    -1.629   0.103
2021-04-28T12:02:49.757288000Z 4)3:regionLondon                                                           
2021-04-28T12:02:49.757294900Z ns(tstop, df =                          2.825       2.156     1.311   0.190
2021-04-28T12:02:49.757302500Z 4)4:regionLondon                                                           
2021-04-28T12:02:49.757310000Z ns(tstop, df =                         -1.275       0.375    -3.397   0.001
2021-04-28T12:02:49.757317300Z 4)1:regionNorth East                                                       
2021-04-28T12:02:49.757324200Z ns(tstop, df =                         -0.139       0.456    -0.305   0.760
2021-04-28T12:02:49.757331200Z 4)2:regionNorth East                                                       
2021-04-28T12:02:49.757338100Z ns(tstop, df =                          0.284       0.740     0.383   0.702
2021-04-28T12:02:49.757345100Z 4)3:regionNorth East                                                       
2021-04-28T12:02:49.757352100Z ns(tstop, df =                          1.863       0.664     2.804   0.005
2021-04-28T12:02:49.757359000Z 4)4:regionNorth East                                                       
2021-04-28T12:02:49.757365900Z ns(tstop, df =                         -0.422       0.348    -1.212   0.225
2021-04-28T12:02:49.757372700Z 4)1:regionNorth West                                                       
2021-04-28T12:02:49.757379500Z ns(tstop, df =                         -0.530       0.465    -1.140   0.254
2021-04-28T12:02:49.757386700Z 4)2:regionNorth West                                                       
2021-04-28T12:02:49.757393600Z ns(tstop, df =                          0.379       0.745     0.509   0.611
2021-04-28T12:02:49.757400600Z 4)3:regionNorth West                                                       
2021-04-28T12:02:49.757407400Z ns(tstop, df =                          2.061       0.671     3.072   0.002
2021-04-28T12:02:49.757414400Z 4)4:regionNorth West                                                       
2021-04-28T12:02:49.757421300Z ns(tstop, df =                         -0.359       0.693    -0.518   0.605
2021-04-28T12:02:49.757428300Z 4)1:regionSouth East                                                       
2021-04-28T12:02:49.757454900Z ns(tstop, df =                          0.809       0.831     0.973   0.331
2021-04-28T12:02:49.757462700Z 4)2:regionSouth East                                                       
2021-04-28T12:02:49.757470600Z ns(tstop, df =                          1.117       1.502     0.743   0.457
2021-04-28T12:02:49.757477600Z 4)3:regionSouth East                                                       
2021-04-28T12:02:49.757484600Z ns(tstop, df =                          1.150       1.325     0.868   0.386
2021-04-28T12:02:49.757491600Z 4)4:regionSouth East                                                       
2021-04-28T12:02:49.757498400Z ns(tstop, df =                         -0.358       0.849    -0.422   0.673
2021-04-28T12:02:49.757505400Z 4)1:regionSouth West                                                       
2021-04-28T12:02:49.757512300Z ns(tstop, df =                         -0.902       1.715    -0.526   0.599
2021-04-28T12:02:49.757520000Z 4)2:regionSouth West                                                       
2021-04-28T12:02:49.757527200Z ns(tstop, df =                         -5.183       4.634    -1.119   0.263
2021-04-28T12:02:49.757534500Z 4)3:regionSouth West                                                       
2021-04-28T12:02:49.757541500Z ns(tstop, df =                         -4.532       7.618    -0.595   0.552
2021-04-28T12:02:49.757548600Z 4)4:regionSouth West                                                       
2021-04-28T12:02:49.757556300Z ns(tstop, df =                      -1616.193   11413.632    -0.142   0.887
2021-04-28T12:02:49.757563200Z 4)1:regionWest Midlands                                                    
2021-04-28T12:02:49.757570200Z ns(tstop, df =                       1779.570   55087.649     0.032   0.974
2021-04-28T12:02:49.757577300Z 4)2:regionWest Midlands                                                    
2021-04-28T12:02:49.757584200Z ns(tstop, df =                       4489.049   52678.131     0.085   0.932
2021-04-28T12:02:49.757591300Z 4)3:regionWest Midlands                                                    
2021-04-28T12:02:49.757598300Z ns(tstop, df =                       -592.474   90271.086    -0.007   0.995
2021-04-28T12:02:49.757605400Z 4)4:regionWest Midlands                                                    
2021-04-28T12:02:49.757612300Z ns(tstop, df =                         -0.204       0.235    -0.868   0.385
2021-04-28T12:02:49.757619400Z 4)1:regionYorkshire and The                                                
2021-04-28T12:02:49.757626400Z Humber                                                                     
2021-04-28T12:02:49.757633900Z ns(tstop, df =                         -0.227       0.319    -0.711   0.477
2021-04-28T12:02:49.757640800Z 4)2:regionYorkshire and The                                                
2021-04-28T12:02:49.757647900Z Humber                                                                     
2021-04-28T12:02:49.757662400Z ns(tstop, df =                          0.383       0.537     0.714   0.475
2021-04-28T12:02:49.757670000Z 4)3:regionYorkshire and The                                                
2021-04-28T12:02:49.757677000Z Humber                                                                     
2021-04-28T12:02:49.757684000Z ns(tstop, df =                          1.450       0.546     2.655   0.008
2021-04-28T12:02:49.757690900Z 4)4:regionYorkshire and The                                                
2021-04-28T12:02:49.757697900Z Humber                                                                     
2021-04-28T12:02:49.757705400Z ---------------------------------------------------------------------------
2021-04-28T12:02:49.757712500Z msmmod4_par data size = 15157222 
2021-04-28T12:03:30.676275200Z memory usage = 9.221 GB 
2021-04-28T12:07:26.834838300Z NULL
2021-04-28T12:07:26.834921900Z   
2021-04-28T12:07:43.748017900Z              used    (Mb) gc trigger    (Mb)   max used    (Mb)
2021-04-28T12:07:43.748101900Z Ncells    2340026   125.0   23047415  1230.9    2340026   125.0
2021-04-28T12:07:43.748107100Z Warning message:
2021-04-28T12:07:43.748170800Z Removed 4436 rows containing non-finite values (stat_bin). 
2021-04-28T12:07:43.748111200Z Vcells 2512566310 19169.4 6635913272 50628.1 2512566310 19169.4


state: succeeded
commit: d63ac7b7e4fc85ba424510244fdccdf533016b04
docker_image_id: sha256:c2fc5042bf86134947d83ad8e70bd926e2c1f91a263c6bfe87438ad783bec981
exit_code: 0
job_id: gy2sjawblbugykjs
run_by_user: wjchulme
created_at: 2021-04-27T20:50:46Z
started_at: 2021-04-28T06:26:31Z
completed_at: 2021-04-28T12:09:33Z

Completed successfully

outputs:
  output/over80s/covidadmitted/any/all/all/data_atrisk_death.rds      - highly_sensitive    
  output/over80s/covidadmitted/any/all/all/data_atrisk_vaxany1.rds    - highly_sensitive    
  output/over80s/covidadmitted/any/all/all/data_weights.rds           - highly_sensitive    
  output/over80s/covidadmitted/any/all/all/model0.rds                 - highly_sensitive    
  output/over80s/covidadmitted/any/all/all/model1.rds                 - highly_sensitive    
  output/over80s/covidadmitted/any/all/all/model2.rds                 - highly_sensitive    
  output/over80s/covidadmitted/any/all/all/model3.rds                 - highly_sensitive    
  output/over80s/covidadmitted/any/all/all/model4.rds                 - highly_sensitive    
  output/over80s/covidadmitted/any/all/all/model_death.rds            - highly_sensitive    
  output/over80s/covidadmitted/any/all/all/model_formula_death.rds    - highly_sensitive    
  output/over80s/covidadmitted/any/all/all/model_formula_vaxany1.rds  - highly_sensitive    
  output/over80s/covidadmitted/any/all/all/model_vaxany1.rds          - highly_sensitive    
  output/over80s/covidadmitted/any/all/all/weights_histogram.svg      - moderately_sensitive
  output/over80s/covidadmitted/any/all/all/weights_table.txt          - moderately_sensitive