2021-04-18T20:47:33.714613000Z -- Attaching packages --------------------------------------- tidyverse 1.3.0 --
2021-04-18T20:47:33.723779900Z v ggplot2 3.3.2     v purrr   0.3.4
2021-04-18T20:47:33.723800500Z v tibble  3.0.3     v dplyr   1.0.2
2021-04-18T20:47:33.723808800Z v tidyr   1.1.2     v stringr 1.4.0
2021-04-18T20:47:33.723815900Z v readr   1.3.1     v forcats 0.5.0
2021-04-18T20:47:33.888467500Z -- Conflicts ------------------------------------------ tidyverse_conflicts() --
2021-04-18T20:47:33.888522100Z x dplyr::filter() masks stats::filter()
2021-04-18T20:47:33.888531200Z x dplyr::lag()    masks stats::lag()
2021-04-18T20:47:33.902100300Z 
2021-04-18T20:47:33.902151100Z Attaching package: 'glue'
2021-04-18T20:47:33.902160000Z 
2021-04-18T20:47:33.903417500Z The following object is masked from 'package:dplyr':
2021-04-18T20:47:33.903440600Z 
2021-04-18T20:47:33.903450200Z     collapse
2021-04-18T20:47:33.903457800Z 
2021-04-18T20:47:35.881145300Z #Uighur
2021-04-18T20:47:35.945128700Z 
2021-04-18T20:47:35.945175100Z Attaching package: 'lubridate'
2021-04-18T20:47:35.945183700Z 
2021-04-18T20:47:35.945617300Z The following objects are masked from 'package:base':
2021-04-18T20:47:35.945645000Z 
2021-04-18T20:47:35.945654200Z     date, intersect, setdiff, union
2021-04-18T20:47:35.945661500Z 
2021-04-18T20:47:36.286212100Z <environment: R_GlobalEnv>
2021-04-18T20:47:36.286802600Z <environment: R_GlobalEnv>
2021-04-18T20:48:05.902693000Z data_pt data size = 7651240 
2021-04-18T20:48:05.905080500Z   memory usage = 3 GB 
2021-04-18T20:48:06.451977100Z     
2021-04-18T20:48:06.452051900Z all   
2021-04-18T20:48:06.452060900Z   
2021-04-18T20:48:14.378035500Z   
2021-04-18T20:59:30.417881500Z vaxany1  vaxany1 data size = 5363404 
2021-04-18T20:59:43.252055000Z memory usage = 5.343 GB 
2021-04-18T20:59:43.252133200Z   
2021-04-18T21:08:37.567027600Z vaxany1_fxd  vaxany1_fxd data size = 5363404 
2021-04-18T21:08:50.440957300Z memory usage = 4.464 GB 
2021-04-18T21:12:31.821790500Z   
2021-04-18T21:48:06.228202000Z death  death data size = 7651240 
2021-04-18T21:48:27.838728400Z memory usage = 7.653 GB 
2021-04-18T21:48:27.838878600Z   
2021-04-18T22:15:10.237491100Z death_fxd  death_fxd data size = 7651240 
2021-04-18T22:15:34.089204200Z memory usage = 6.367 GB 
2021-04-18T22:21:30.866904800Z Saving 7 x 7 in image
2021-04-18T22:21:34.801953300Z `stat_bin()` using `bins = 30`. Pick better value with `binwidth`.
2021-04-18T22:21:44.450470800Z   
2021-04-18T22:21:44.450944100Z data_weights data size = 7651240   
2021-04-18T22:21:44.451621700Z memory usage = 1.163 GB   
2021-04-18T22:22:10.149808700Z   
2021-04-18T22:22:10.149896200Z msmmod0 
2021-04-18T22:23:11.863963700Z MODEL INFO:
2021-04-18T22:23:11.864093100Z Observations: 7651240
2021-04-18T22:23:11.864103100Z Dependent Variable: 
2021-04-18T22:23:11.864110900Z Type: Generalized linear model
2021-04-18T22:23:11.864118600Z   Family: binomial 
2021-04-18T22:23:11.864126100Z   Link function: logit 
2021-04-18T22:23:11.864133800Z 
2021-04-18T22:23:11.866951700Z MODEL FIT:
2021-04-18T22:23:11.867058000Z <U+03C7><U+00B2>(6) = 110.242, p = 0.000
2021-04-18T22:23:11.867069600Z Pseudo-R<U+00B2> (Cragg-Uhler) = 
2021-04-18T22:23:11.867077500Z Pseudo-R<U+00B2> (McFadden) = 0.010
2021-04-18T22:23:11.867085100Z AIC = 11211.599, BIC = 11308.552 
2021-04-18T22:23:11.867100000Z 
2021-04-18T22:23:11.867371900Z Standard errors: MLE
2021-04-18T22:23:11.923889000Z ------------------------------------------------------------------
2021-04-18T22:23:11.924008900Z                                    Est.    S.E.     z val.       p
2021-04-18T22:23:11.924018600Z ------------------------------ -------- ------- ---------- -------
2021-04-18T22:23:11.924026200Z (Intercept)                      -9.336   0.046   -203.034   0.000
2021-04-18T22:23:11.924033900Z timesincevax_pw(0,3]             -1.123   0.357     -3.149   0.002
2021-04-18T22:23:11.924041500Z timesincevax_pw(3,7]             -1.086   0.305     -3.561   0.000
2021-04-18T22:23:11.924049300Z timesincevax_pw(7,14]            -0.954   0.223     -4.279   0.000
2021-04-18T22:23:11.924056900Z timesincevax_pw(14,21]           -0.994   0.254     -3.911   0.000
2021-04-18T22:23:11.924064600Z timesincevax_pw(21,28]           -1.878   0.502     -3.740   0.000
2021-04-18T22:23:11.924075300Z timesincevax_pw(28, Inf]         -2.335   0.709     -3.296   0.001
2021-04-18T22:23:11.924083000Z ------------------------------------------------------------------
2021-04-18T22:23:11.924575100Z msmmod0_par data size = 7651240 
2021-04-18T22:23:28.600067300Z memory usage = 4.438 GB 
2021-04-18T22:24:40.743746900Z   
2021-04-18T22:24:40.743838600Z msmmod1 
2021-04-18T22:26:59.417010900Z MODEL INFO:
2021-04-18T22:26:59.417158700Z Observations: 7651240
2021-04-18T22:26:59.417168500Z Dependent Variable: 
2021-04-18T22:26:59.417176100Z Type: Generalized linear model
2021-04-18T22:26:59.417183800Z   Family: binomial 
2021-04-18T22:26:59.417191400Z   Link function: logit 
2021-04-18T22:26:59.417198900Z 
2021-04-18T22:26:59.418866700Z MODEL FIT:
2021-04-18T22:26:59.418927600Z <U+03C7><U+00B2>(17) = 252.074, p = 0.000
2021-04-18T22:26:59.418938200Z Pseudo-R<U+00B2> (Cragg-Uhler) = 
2021-04-18T22:26:59.418945900Z Pseudo-R<U+00B2> (McFadden) = 0.022
2021-04-18T22:26:59.418952900Z AIC = 11091.768, BIC = 11341.075 
2021-04-18T22:26:59.418960100Z 
2021-04-18T22:26:59.419117300Z Standard errors: MLE
2021-04-18T22:26:59.480740100Z --------------------------------------------------------------------
2021-04-18T22:26:59.480780300Z                                      Est.      S.E.   z val.       p
2021-04-18T22:26:59.480788200Z ------------------------------- --------- --------- -------- -------
2021-04-18T22:26:59.480795400Z (Intercept)                       -17.896    34.473   -0.519   0.604
2021-04-18T22:26:59.480802600Z timesincevax_pw(0,3]               -1.131     0.357   -3.172   0.002
2021-04-18T22:26:59.480809800Z timesincevax_pw(3,7]               -1.094     0.305   -3.585   0.000
2021-04-18T22:26:59.480817100Z timesincevax_pw(7,14]              -0.968     0.223   -4.338   0.000
2021-04-18T22:26:59.480824100Z timesincevax_pw(14,21]             -1.054     0.255   -4.142   0.000
2021-04-18T22:26:59.480831200Z timesincevax_pw(21,28]             -2.016     0.503   -4.010   0.000
2021-04-18T22:26:59.480838200Z timesincevax_pw(28, Inf]           -2.593     0.710   -3.651   0.000
2021-04-18T22:26:59.480845400Z poly(age, degree = 2, raw =         0.138     0.926    0.149   0.882
2021-04-18T22:26:59.480852400Z TRUE)1                                                              
2021-04-18T22:26:59.480859500Z poly(age, degree = 2, raw =        -0.000     0.006   -0.042   0.967
2021-04-18T22:26:59.480867300Z TRUE)2                                                              
2021-04-18T22:26:59.480874600Z sexMale                             0.476     0.088    5.419   0.000
2021-04-18T22:26:59.480881600Z imd2                               -0.348     0.130   -2.679   0.007
2021-04-18T22:26:59.480888700Z imd3                               -0.659     0.132   -4.992   0.000
2021-04-18T22:26:59.480895800Z imd4                               -0.745     0.136   -5.486   0.000
2021-04-18T22:26:59.480902800Z imd5 least deprived                -0.797     0.138   -5.760   0.000
2021-04-18T22:26:59.480909700Z ethnicityBlack                      0.769     0.294    2.614   0.009
2021-04-18T22:26:59.480916600Z ethnicitySouth Asian                0.678     0.184    3.682   0.000
2021-04-18T22:26:59.480923500Z ethnicityMixed                    -11.015   115.244   -0.096   0.924
2021-04-18T22:26:59.480933800Z ethnicityOther                      0.328     0.411    0.797   0.425
2021-04-18T22:26:59.480941000Z --------------------------------------------------------------------
2021-04-18T22:26:59.481177500Z msmmod1_par data size = 7651240 
2021-04-18T22:27:13.157496200Z memory usage = 4.438 GB 
2021-04-18T22:28:22.140354300Z   
2021-04-18T22:28:22.140423100Z msmmod2 
2021-04-18T22:34:46.037085900Z MODEL INFO:
2021-04-18T22:34:46.037205300Z Observations: 7651240
2021-04-18T22:34:46.037215000Z Dependent Variable: 
2021-04-18T22:34:46.037222800Z Type: Generalized linear model
2021-04-18T22:34:46.037230200Z   Family: binomial 
2021-04-18T22:34:46.037237700Z   Link function: logit 
2021-04-18T22:34:46.037245100Z 
2021-04-18T22:34:46.038756700Z MODEL FIT:
2021-04-18T22:34:46.038795600Z <U+03C7><U+00B2>(40) = 505.743, p = 0.000
2021-04-18T22:34:46.038806400Z Pseudo-R<U+00B2> (Cragg-Uhler) = 
2021-04-18T22:34:46.038814300Z Pseudo-R<U+00B2> (McFadden) = 0.045
2021-04-18T22:34:46.038822300Z AIC = 10884.099, BIC = 11451.965 
2021-04-18T22:34:46.038829900Z 
2021-04-18T22:34:46.038980800Z Standard errors: MLE
2021-04-18T22:34:46.161211400Z ----------------------------------------------------------------------
2021-04-18T22:34:46.161311400Z                                        Est.      S.E.   z val.       p
2021-04-18T22:34:46.161320800Z --------------------------------- --------- --------- -------- -------
2021-04-18T22:34:46.161328800Z (Intercept)                         -19.095    34.494   -0.554   0.580
2021-04-18T22:34:46.161337200Z timesincevax_pw(0,3]                 -1.131     0.357   -3.172   0.002
2021-04-18T22:34:46.161345500Z timesincevax_pw(3,7]                 -1.093     0.305   -3.582   0.000
2021-04-18T22:34:46.161353200Z timesincevax_pw(7,14]                -0.966     0.223   -4.327   0.000
2021-04-18T22:34:46.161360700Z timesincevax_pw(14,21]               -1.050     0.255   -4.125   0.000
2021-04-18T22:34:46.161368700Z timesincevax_pw(21,28]               -2.012     0.503   -4.002   0.000
2021-04-18T22:34:46.161376300Z timesincevax_pw(28, Inf]             -2.583     0.710   -3.638   0.000
2021-04-18T22:34:46.161383900Z poly(age, degree = 2, raw =           0.168     0.927    0.182   0.856
2021-04-18T22:34:46.161391500Z TRUE)1                                                                
2021-04-18T22:34:46.161399400Z poly(age, degree = 2, raw =          -0.001     0.006   -0.098   0.922
2021-04-18T22:34:46.161407000Z TRUE)2                                                                
2021-04-18T22:34:46.161414500Z sexMale                               0.381     0.090    4.229   0.000
2021-04-18T22:34:46.161422200Z imd2                                 -0.228     0.131   -1.749   0.080
2021-04-18T22:34:46.161429700Z imd3                                 -0.462     0.134   -3.457   0.001
2021-04-18T22:34:46.161437700Z imd4                                 -0.521     0.138   -3.789   0.000
2021-04-18T22:34:46.161446100Z imd5 least deprived                  -0.524     0.141   -3.712   0.000
2021-04-18T22:34:46.161496800Z ethnicityBlack                        0.801     0.297    2.699   0.007
2021-04-18T22:34:46.161505100Z ethnicitySouth Asian                  0.590     0.189    3.119   0.002
2021-04-18T22:34:46.161512300Z ethnicityMixed                      -12.030   185.753   -0.065   0.948
2021-04-18T22:34:46.161519100Z ethnicityOther                        0.374     0.412    0.907   0.364
2021-04-18T22:34:46.161526100Z bmiObese I (30-34.9)                  0.088     0.115    0.770   0.441
2021-04-18T22:34:46.161533000Z bmiObese II (35-39.9)                 0.576     0.144    3.999   0.000
2021-04-18T22:34:46.161539900Z bmiObese III (40+)                    0.516     0.216    2.388   0.017
2021-04-18T22:34:46.161546700Z chronic_cardiac_disease               0.019     0.297    0.064   0.949
2021-04-18T22:34:46.161553700Z heart_failure                         0.309     0.181    1.705   0.088
2021-04-18T22:34:46.161562700Z other_heart_disease                   0.340     0.278    1.223   0.222
2021-04-18T22:34:46.161570100Z dialysis                              1.171     0.416    2.811   0.005
2021-04-18T22:34:46.161577000Z diabetes                              0.425     0.096    4.442   0.000
2021-04-18T22:34:46.161583900Z chronic_liver_disease                 0.778     0.256    3.036   0.002
2021-04-18T22:34:46.161590800Z current_copd                          0.518     0.118    4.398   0.000
2021-04-18T22:34:46.161597800Z other_resp_conditions                 0.252     0.169    1.490   0.136
2021-04-18T22:34:46.161604700Z lung_cancer                           0.429     0.343    1.251   0.211
2021-04-18T22:34:46.161611800Z haematological_cancer                -0.121     0.341   -0.356   0.722
2021-04-18T22:34:46.161618600Z cancer_excl_lung_and_haem             0.285     0.116    2.450   0.014
2021-04-18T22:34:46.161625600Z chemo_or_radio                        0.326     0.206    1.581   0.114
2021-04-18T22:34:46.161632500Z permanant_immunosuppression         -12.163   327.562   -0.037   0.970
2021-04-18T22:34:46.161639600Z asplenia                              0.692     0.581    1.190   0.234
2021-04-18T22:34:46.161646400Z dmards                                0.353     0.191    1.849   0.064
2021-04-18T22:34:46.161653400Z dementia                              1.314     0.145    9.070   0.000
2021-04-18T22:34:46.161660300Z other_neuro_conditions                0.780     0.195    4.007   0.000
2021-04-18T22:34:46.161667300Z LD_incl_DS_and_CP                     1.149     0.455    2.523   0.012
2021-04-18T22:34:46.161674000Z psychosis_schiz_bipolar               0.208     0.322    0.645   0.519
2021-04-18T22:34:46.161681100Z flu_vaccine                           0.162     0.132    1.228   0.219
2021-04-18T22:34:46.161687900Z ----------------------------------------------------------------------
2021-04-18T22:34:46.161694900Z msmmod2_par data size = 7651240 
2021-04-18T22:35:02.045058500Z memory usage = 4.438 GB 
2021-04-18T22:36:14.599400800Z   
2021-04-18T22:36:14.599514100Z msmmod3 
2021-04-18T23:01:17.371056900Z MODEL INFO:
2021-04-18T23:01:17.371197700Z Observations: 7651240
2021-04-18T23:01:17.371207500Z Dependent Variable: 
2021-04-18T23:01:17.371215300Z Type: Generalized linear model
2021-04-18T23:01:17.371223100Z   Family: binomial 
2021-04-18T23:01:17.371230700Z   Link function: logit 
2021-04-18T23:01:17.371238200Z 
2021-04-18T23:01:17.373152000Z MODEL FIT:
2021-04-18T23:01:17.373189100Z <U+03C7><U+00B2>(84) = 632.362, p = 0.000
2021-04-18T23:01:17.373198800Z Pseudo-R<U+00B2> (Cragg-Uhler) = 
2021-04-18T23:01:17.373206500Z Pseudo-R<U+00B2> (McFadden) = 0.056
2021-04-18T23:01:17.373215000Z AIC = 10845.480, BIC = 12022.762 
2021-04-18T23:01:17.373222700Z 
2021-04-18T23:01:17.373363900Z Standard errors: MLE
2021-04-18T23:01:17.660684500Z ----------------------------------------------------------------------
2021-04-18T23:01:17.660790500Z                                        Est.      S.E.   z val.       p
2021-04-18T23:01:17.660800000Z --------------------------------- --------- --------- -------- -------
2021-04-18T23:01:17.660807800Z (Intercept)                         -19.074    34.522   -0.553   0.581
2021-04-18T23:01:17.660815400Z timesincevax_pw(0,3]                 -1.134     0.365   -3.106   0.002
2021-04-18T23:01:17.660823200Z timesincevax_pw(3,7]                 -1.022     0.319   -3.204   0.001
2021-04-18T23:01:17.660830600Z timesincevax_pw(7,14]                -0.765     0.253   -3.020   0.003
2021-04-18T23:01:17.660838300Z timesincevax_pw(14,21]               -0.699     0.301   -2.326   0.020
2021-04-18T23:01:17.660845800Z timesincevax_pw(21,28]               -1.572     0.540   -2.911   0.004
2021-04-18T23:01:17.660853600Z timesincevax_pw(28, Inf]             -2.141     0.740   -2.895   0.004
2021-04-18T23:01:17.660861300Z poly(age, degree = 2, raw =           0.141     0.928    0.152   0.879
2021-04-18T23:01:17.660868600Z TRUE)1                                                                
2021-04-18T23:01:17.660876000Z poly(age, degree = 2, raw =          -0.000     0.006   -0.072   0.943
2021-04-18T23:01:17.660883600Z TRUE)2                                                                
2021-04-18T23:01:17.660891000Z sexMale                               0.379     0.090    4.213   0.000
2021-04-18T23:01:17.660898600Z imd2                                 -0.212     0.133   -1.590   0.112
2021-04-18T23:01:17.660906500Z imd3                                 -0.443     0.137   -3.227   0.001
2021-04-18T23:01:17.660916600Z imd4                                 -0.482     0.141   -3.415   0.001
2021-04-18T23:01:17.660924200Z imd5 least deprived                  -0.500     0.144   -3.461   0.001
2021-04-18T23:01:17.660974000Z ethnicityBlack                        0.706     0.305    2.318   0.020
2021-04-18T23:01:17.660982300Z ethnicitySouth Asian                  0.508     0.198    2.573   0.010
2021-04-18T23:01:17.660989400Z ethnicityMixed                      -12.062   183.477   -0.066   0.948
2021-04-18T23:01:17.660996200Z ethnicityOther                        0.316     0.417    0.759   0.448
2021-04-18T23:01:17.661003100Z bmiObese I (30-34.9)                  0.090     0.115    0.786   0.432
2021-04-18T23:01:17.661010100Z bmiObese II (35-39.9)                 0.570     0.144    3.957   0.000
2021-04-18T23:01:17.661017200Z bmiObese III (40+)                    0.510     0.216    2.360   0.018
2021-04-18T23:01:17.661024100Z chronic_cardiac_disease               0.026     0.297    0.086   0.931
2021-04-18T23:01:17.661031200Z heart_failure                         0.321     0.181    1.772   0.076
2021-04-18T23:01:17.661039600Z other_heart_disease                   0.345     0.278    1.241   0.215
2021-04-18T23:01:17.661046800Z dialysis                              1.237     0.417    2.969   0.003
2021-04-18T23:01:17.661053900Z diabetes                              0.432     0.096    4.497   0.000
2021-04-18T23:01:17.661060900Z chronic_liver_disease                 0.798     0.257    3.103   0.002
2021-04-18T23:01:17.661068100Z current_copd                          0.532     0.118    4.515   0.000
2021-04-18T23:01:17.661075400Z other_resp_conditions                 0.245     0.169    1.446   0.148
2021-04-18T23:01:17.661082300Z lung_cancer                           0.469     0.343    1.367   0.172
2021-04-18T23:01:17.661089200Z haematological_cancer                -0.122     0.341   -0.359   0.719
2021-04-18T23:01:17.661096300Z cancer_excl_lung_and_haem             0.283     0.116    2.429   0.015
2021-04-18T23:01:17.661103500Z chemo_or_radio                        0.334     0.206    1.619   0.105
2021-04-18T23:01:17.661110500Z permanant_immunosuppression         -12.190   323.372   -0.038   0.970
2021-04-18T23:01:17.661117600Z asplenia                              0.665     0.582    1.144   0.253
2021-04-18T23:01:17.661124600Z dmards                                0.334     0.191    1.748   0.080
2021-04-18T23:01:17.661131700Z dementia                              1.303     0.145    8.981   0.000
2021-04-18T23:01:17.661138600Z other_neuro_conditions                0.793     0.195    4.071   0.000
2021-04-18T23:01:17.661145600Z LD_incl_DS_and_CP                     1.147     0.456    2.516   0.012
2021-04-18T23:01:17.661152600Z psychosis_schiz_bipolar               0.202     0.323    0.627   0.531
2021-04-18T23:01:17.661159800Z flu_vaccine                           0.149     0.132    1.125   0.261
2021-04-18T23:01:17.661166800Z ns(tstop, df = 4)1                    1.463     0.434    3.370   0.001
2021-04-18T23:01:17.661173700Z ns(tstop, df = 4)2                    0.818     0.572    1.431   0.152
2021-04-18T23:01:17.661188100Z ns(tstop, df = 4)3                    1.998     1.072    1.864   0.062
2021-04-18T23:01:17.661196000Z ns(tstop, df = 4)4                   -1.747     0.922   -1.895   0.058
2021-04-18T23:01:17.661203100Z regionEast Midlands                  -0.004     0.654   -0.006   0.995
2021-04-18T23:01:17.661210200Z regionLondon                         -0.401     1.099   -0.365   0.715
2021-04-18T23:01:17.661217100Z regionNorth East                     -0.469     1.194   -0.393   0.694
2021-04-18T23:01:17.661224100Z regionNorth West                      0.749     0.682    1.099   0.272
2021-04-18T23:01:17.661231000Z regionSouth East                      0.200     0.912    0.219   0.826
2021-04-18T23:01:17.661238200Z regionSouth West                     -0.044     0.757   -0.058   0.954
2021-04-18T23:01:17.661245100Z regionWest Midlands                   0.662     0.890    0.744   0.457
2021-04-18T23:01:17.661252700Z regionYorkshire and The              -0.155     0.754   -0.205   0.837
2021-04-18T23:01:17.661259800Z Humber                                                                
2021-04-18T23:01:17.661267000Z ns(tstop, df =                       -0.217     0.686   -0.317   0.752
2021-04-18T23:01:17.661273900Z 4)1:regionEast Midlands                                               
2021-04-18T23:01:17.661281100Z ns(tstop, df =                        0.627     0.830    0.756   0.450
2021-04-18T23:01:17.661287900Z 4)2:regionEast Midlands                                               
2021-04-18T23:01:17.661294900Z ns(tstop, df =                       -0.659     1.627   -0.405   0.686
2021-04-18T23:01:17.661301900Z 4)3:regionEast Midlands                                               
2021-04-18T23:01:17.661308800Z ns(tstop, df =                        0.342     1.306    0.262   0.793
2021-04-18T23:01:17.661315800Z 4)4:regionEast Midlands                                               
2021-04-18T23:01:17.661322800Z ns(tstop, df =                       -0.638     1.141   -0.559   0.576
2021-04-18T23:01:17.661329600Z 4)1:regionLondon                                                      
2021-04-18T23:01:17.661336500Z ns(tstop, df =                        1.207     1.245    0.970   0.332
2021-04-18T23:01:17.661343400Z 4)2:regionLondon                                                      
2021-04-18T23:01:17.661350500Z ns(tstop, df =                        1.272     2.609    0.487   0.626
2021-04-18T23:01:17.661357500Z 4)3:regionLondon                                                      
2021-04-18T23:01:17.661364600Z ns(tstop, df =                        0.800     1.627    0.492   0.623
2021-04-18T23:01:17.661371500Z 4)4:regionLondon                                                      
2021-04-18T23:01:17.661378400Z ns(tstop, df =                       -0.756     1.269   -0.596   0.551
2021-04-18T23:01:17.661385300Z 4)1:regionNorth East                                                  
2021-04-18T23:01:17.661392200Z ns(tstop, df =                        1.129     1.269    0.890   0.374
2021-04-18T23:01:17.661406200Z 4)2:regionNorth East                                                  
2021-04-18T23:01:17.661414300Z ns(tstop, df =                        1.453     2.838    0.512   0.609
2021-04-18T23:01:17.661421200Z 4)3:regionNorth East                                                  
2021-04-18T23:01:17.661428100Z ns(tstop, df =                        2.067     1.464    1.411   0.158
2021-04-18T23:01:17.661435100Z 4)4:regionNorth East                                                  
2021-04-18T23:01:17.661442000Z ns(tstop, df =                       -0.531     0.776   -0.684   0.494
2021-04-18T23:01:17.661449100Z 4)1:regionNorth West                                                  
2021-04-18T23:01:17.661456300Z ns(tstop, df =                       -0.470     0.977   -0.481   0.631
2021-04-18T23:01:17.661464000Z 4)2:regionNorth West                                                  
2021-04-18T23:01:17.661471300Z ns(tstop, df =                       -2.615     1.788   -1.463   0.144
2021-04-18T23:01:17.661478400Z 4)3:regionNorth West                                                  
2021-04-18T23:01:17.661485300Z ns(tstop, df =                        0.881     1.519    0.580   0.562
2021-04-18T23:01:17.661492300Z 4)4:regionNorth West                                                  
2021-04-18T23:01:17.661499200Z ns(tstop, df =                        0.467     0.973    0.480   0.632
2021-04-18T23:01:17.661506300Z 4)1:regionSouth East                                                  
2021-04-18T23:01:17.661513200Z ns(tstop, df =                       -0.571     1.387   -0.412   0.680
2021-04-18T23:01:17.661520300Z 4)2:regionSouth East                                                  
2021-04-18T23:01:17.661527200Z ns(tstop, df =                       -2.932     2.704   -1.085   0.278
2021-04-18T23:01:17.661534200Z 4)3:regionSouth East                                                  
2021-04-18T23:01:17.661541000Z ns(tstop, df =                       -1.263     3.222   -0.392   0.695
2021-04-18T23:01:17.661548200Z 4)4:regionSouth East                                                  
2021-04-18T23:01:17.661555100Z ns(tstop, df =                       -0.722     0.865   -0.835   0.404
2021-04-18T23:01:17.661562000Z 4)1:regionSouth West                                                  
2021-04-18T23:01:17.661568900Z ns(tstop, df =                       -1.207     1.046   -1.155   0.248
2021-04-18T23:01:17.661575800Z 4)2:regionSouth West                                                  
2021-04-18T23:01:17.661582700Z ns(tstop, df =                       -0.622     1.900   -0.328   0.743
2021-04-18T23:01:17.661589700Z 4)3:regionSouth West                                                  
2021-04-18T23:01:17.661596600Z ns(tstop, df =                        2.859     1.152    2.481   0.013
2021-04-18T23:01:17.661603500Z 4)4:regionSouth West                                                  
2021-04-18T23:01:17.661617500Z ns(tstop, df =                        0.193     0.950    0.204   0.839
2021-04-18T23:01:17.661625100Z 4)1:regionWest Midlands                                               
2021-04-18T23:01:17.661632200Z ns(tstop, df =                       -0.440     1.176   -0.374   0.708
2021-04-18T23:01:17.661639400Z 4)2:regionWest Midlands                                               
2021-04-18T23:01:17.661646500Z ns(tstop, df =                       -1.163     2.218   -0.524   0.600
2021-04-18T23:01:17.661653500Z 4)3:regionWest Midlands                                               
2021-04-18T23:01:17.661660400Z ns(tstop, df =                        1.430     1.597    0.896   0.370
2021-04-18T23:01:17.661667300Z 4)4:regionWest Midlands                                               
2021-04-18T23:01:17.661674900Z ns(tstop, df =                       -0.377     0.808   -0.466   0.641
2021-04-18T23:01:17.661681900Z 4)1:regionYorkshire and The                                           
2021-04-18T23:01:17.661688900Z Humber                                                                
2021-04-18T23:01:17.661695800Z ns(tstop, df =                       -0.129     0.979   -0.132   0.895
2021-04-18T23:01:17.661702700Z 4)2:regionYorkshire and The                                           
2021-04-18T23:01:17.661709800Z Humber                                                                
2021-04-18T23:01:17.661716700Z ns(tstop, df =                       -0.051     1.860   -0.027   0.978
2021-04-18T23:01:17.661723800Z 4)3:regionYorkshire and The                                           
2021-04-18T23:01:17.661730700Z Humber                                                                
2021-04-18T23:01:17.661737900Z ns(tstop, df =                        1.460     1.293    1.129   0.259
2021-04-18T23:01:17.661744800Z 4)4:regionYorkshire and The                                           
2021-04-18T23:01:17.661751700Z Humber                                                                
2021-04-18T23:01:17.661758800Z ----------------------------------------------------------------------
2021-04-18T23:01:17.661765900Z msmmod3_par data size = 7651240 
2021-04-18T23:01:35.500943300Z memory usage = 4.439 GB 
2021-04-18T23:03:06.786901300Z   
2021-04-18T23:03:06.786972900Z msmmod4 
2021-04-18T23:30:19.039575000Z MODEL INFO:
2021-04-18T23:30:19.039727900Z Observations: 7651240
2021-04-18T23:30:19.039738500Z Dependent Variable: 
2021-04-18T23:30:19.039824400Z Type: Generalized linear model
2021-04-18T23:30:19.039854300Z   Family: binomial 
2021-04-18T23:30:19.039865800Z   Link function: logit 
2021-04-18T23:30:19.039873800Z 
2021-04-18T23:30:19.041846700Z MODEL FIT:
2021-04-18T23:30:19.041937900Z <U+03C7><U+00B2>(84) = 657.155, p = 0.000
2021-04-18T23:30:19.042001300Z Pseudo-R<U+00B2> (Cragg-Uhler) = 
2021-04-18T23:30:19.042009700Z Pseudo-R<U+00B2> (McFadden) = 0.058
2021-04-18T23:30:19.042016900Z AIC = 10881.322, BIC = 12058.604 
2021-04-18T23:30:19.042023600Z 
2021-04-18T23:30:19.042030400Z Standard errors: MLE
2021-04-18T23:30:19.330610000Z ----------------------------------------------------------------------
2021-04-18T23:30:19.330707600Z                                        Est.      S.E.   z val.       p
2021-04-18T23:30:19.330716900Z --------------------------------- --------- --------- -------- -------
2021-04-18T23:30:19.330724300Z (Intercept)                         -29.050    34.673   -0.838   0.402
2021-04-18T23:30:19.330731500Z timesincevax_pw(0,3]                 -0.938     0.344   -2.726   0.006
2021-04-18T23:30:19.330738900Z timesincevax_pw(3,7]                 -0.943     0.320   -2.945   0.003
2021-04-18T23:30:19.330746100Z timesincevax_pw(7,14]                -0.592     0.248   -2.389   0.017
2021-04-18T23:30:19.330753200Z timesincevax_pw(14,21]               -0.535     0.297   -1.803   0.071
2021-04-18T23:30:19.330760300Z timesincevax_pw(21,28]               -1.443     0.541   -2.670   0.008
2021-04-18T23:30:19.330767400Z timesincevax_pw(28, Inf]             -1.718     0.650   -2.644   0.008
2021-04-18T23:30:19.330774600Z poly(age, degree = 2, raw =           0.412     0.932    0.443   0.658
2021-04-18T23:30:19.330782000Z TRUE)1                                                                
2021-04-18T23:30:19.330789100Z poly(age, degree = 2, raw =          -0.002     0.006   -0.364   0.716
2021-04-18T23:30:19.330796400Z TRUE)2                                                                
2021-04-18T23:30:19.330803600Z sexMale                               0.341     0.090    3.799   0.000
2021-04-18T23:30:19.330810700Z imd2                                 -0.228     0.132   -1.732   0.083
2021-04-18T23:30:19.330817800Z imd3                                 -0.496     0.137   -3.620   0.000
2021-04-18T23:30:19.330825000Z imd4                                 -0.531     0.141   -3.772   0.000
2021-04-18T23:30:19.330832000Z imd5 least deprived                  -0.569     0.145   -3.929   0.000
2021-04-18T23:30:19.330839200Z ethnicityBlack                        0.702     0.304    2.310   0.021
2021-04-18T23:30:19.330846300Z ethnicitySouth Asian                  0.435     0.202    2.153   0.031
2021-04-18T23:30:19.330853700Z ethnicityMixed                      -12.053   183.237   -0.066   0.948
2021-04-18T23:30:19.330860700Z ethnicityOther                        0.312     0.420    0.743   0.458
2021-04-18T23:30:19.330867800Z bmiObese I (30-34.9)                  0.082     0.115    0.714   0.475
2021-04-18T23:30:19.330874800Z bmiObese II (35-39.9)                 0.567     0.144    3.947   0.000
2021-04-18T23:30:19.330882000Z bmiObese III (40+)                    0.518     0.215    2.411   0.016
2021-04-18T23:30:19.330925300Z chronic_cardiac_disease               0.055     0.294    0.187   0.852
2021-04-18T23:30:19.330933600Z heart_failure                         0.321     0.182    1.767   0.077
2021-04-18T23:30:19.330942800Z other_heart_disease                   0.289     0.274    1.053   0.292
2021-04-18T23:30:19.330950300Z dialysis                              1.494     0.366    4.081   0.000
2021-04-18T23:30:19.330957300Z diabetes                              0.431     0.096    4.491   0.000
2021-04-18T23:30:19.330965000Z chronic_liver_disease                 1.144     0.221    5.180   0.000
2021-04-18T23:30:19.330972100Z current_copd                          0.499     0.118    4.229   0.000
2021-04-18T23:30:19.330979500Z other_resp_conditions                 0.305     0.166    1.840   0.066
2021-04-18T23:30:19.330986500Z lung_cancer                           0.616     0.319    1.934   0.053
2021-04-18T23:30:19.330993600Z haematological_cancer                 0.003     0.317    0.009   0.993
2021-04-18T23:30:19.331000700Z cancer_excl_lung_and_haem             0.239     0.117    2.040   0.041
2021-04-18T23:30:19.331008000Z chemo_or_radio                        0.344     0.205    1.681   0.093
2021-04-18T23:30:19.331015000Z permanant_immunosuppression         -12.216   322.837   -0.038   0.970
2021-04-18T23:30:19.331022000Z asplenia                              1.268     0.432    2.934   0.003
2021-04-18T23:30:19.331028900Z dmards                                0.282     0.192    1.472   0.141
2021-04-18T23:30:19.331035900Z dementia                              1.295     0.145    8.907   0.000
2021-04-18T23:30:19.331043100Z other_neuro_conditions                0.763     0.197    3.867   0.000
2021-04-18T23:30:19.331050000Z LD_incl_DS_and_CP                     1.149     0.456    2.517   0.012
2021-04-18T23:30:19.331057300Z psychosis_schiz_bipolar               0.192     0.322    0.597   0.551
2021-04-18T23:30:19.331064200Z flu_vaccine                           0.172     0.134    1.289   0.197
2021-04-18T23:30:19.331071100Z ns(tstop, df = 4)1                    1.522     0.434    3.510   0.000
2021-04-18T23:30:19.331078100Z ns(tstop, df = 4)2                    0.459     0.586    0.784   0.433
2021-04-18T23:30:19.331085000Z ns(tstop, df = 4)3                    1.781     1.070    1.664   0.096
2021-04-18T23:30:19.331092000Z ns(tstop, df = 4)4                   -1.749     0.906   -1.930   0.054
2021-04-18T23:30:19.331099000Z regionEast Midlands                  -0.033     0.652   -0.050   0.960
2021-04-18T23:30:19.331105900Z regionLondon                         -0.414     1.095   -0.378   0.706
2021-04-18T23:30:19.331113100Z regionNorth East                     -0.190     1.097   -0.173   0.862
2021-04-18T23:30:19.331120100Z regionNorth West                      0.688     0.683    1.008   0.314
2021-04-18T23:30:19.331127000Z regionSouth East                      0.181     0.911    0.199   0.842
2021-04-18T23:30:19.331134000Z regionSouth West                     -0.040     0.753   -0.054   0.957
2021-04-18T23:30:19.331150000Z regionWest Midlands                   0.635     0.887    0.716   0.474
2021-04-18T23:30:19.331158500Z regionYorkshire and The              -0.114     0.734   -0.155   0.877
2021-04-18T23:30:19.331165600Z Humber                                                                
2021-04-18T23:30:19.331172500Z ns(tstop, df =                       -0.270     0.684   -0.395   0.693
2021-04-18T23:30:19.331179700Z 4)1:regionEast Midlands                                               
2021-04-18T23:30:19.331186700Z ns(tstop, df =                        1.130     0.833    1.357   0.175
2021-04-18T23:30:19.331194000Z 4)2:regionEast Midlands                                               
2021-04-18T23:30:19.331228000Z ns(tstop, df =                       -0.641     1.626   -0.395   0.693
2021-04-18T23:30:19.331242900Z 4)3:regionEast Midlands                                               
2021-04-18T23:30:19.331250500Z ns(tstop, df =                       -0.034     1.319   -0.026   0.979
2021-04-18T23:30:19.331257500Z 4)4:regionEast Midlands                                               
2021-04-18T23:30:19.331264500Z ns(tstop, df =                       -0.647     1.142   -0.566   0.571
2021-04-18T23:30:19.331271900Z 4)1:regionLondon                                                      
2021-04-18T23:30:19.331278800Z ns(tstop, df =                        1.165     1.271    0.916   0.360
2021-04-18T23:30:19.331285800Z 4)2:regionLondon                                                      
2021-04-18T23:30:19.331292800Z ns(tstop, df =                        1.306     2.608    0.501   0.617
2021-04-18T23:30:19.331299900Z 4)3:regionLondon                                                      
2021-04-18T23:30:19.331306900Z ns(tstop, df =                        0.854     1.602    0.533   0.594
2021-04-18T23:30:19.331313800Z 4)4:regionLondon                                                      
2021-04-18T23:30:19.331320800Z ns(tstop, df =                       -1.239     1.227   -1.009   0.313
2021-04-18T23:30:19.331328000Z 4)1:regionNorth East                                                  
2021-04-18T23:30:19.331335000Z ns(tstop, df =                        1.119     1.232    0.908   0.364
2021-04-18T23:30:19.331341900Z 4)2:regionNorth East                                                  
2021-04-18T23:30:19.331348900Z ns(tstop, df =                        0.941     2.661    0.354   0.724
2021-04-18T23:30:19.331356100Z 4)3:regionNorth East                                                  
2021-04-18T23:30:19.331363200Z ns(tstop, df =                        2.057     1.401    1.469   0.142
2021-04-18T23:30:19.331370100Z 4)4:regionNorth East                                                  
2021-04-18T23:30:19.331377100Z ns(tstop, df =                       -0.679     0.780   -0.871   0.384
2021-04-18T23:30:19.331384300Z 4)1:regionNorth West                                                  
2021-04-18T23:30:19.331402800Z ns(tstop, df =                       -0.134     0.977   -0.137   0.891
2021-04-18T23:30:19.331413500Z 4)2:regionNorth West                                                  
2021-04-18T23:30:19.331421000Z ns(tstop, df =                       -2.314     1.777   -1.302   0.193
2021-04-18T23:30:19.331428200Z 4)3:regionNorth West                                                  
2021-04-18T23:30:19.331435200Z ns(tstop, df =                        0.862     1.448    0.595   0.552
2021-04-18T23:30:19.331442200Z 4)4:regionNorth West                                                  
2021-04-18T23:30:19.331449100Z ns(tstop, df =                        0.419     0.978    0.428   0.669
2021-04-18T23:30:19.331456400Z 4)1:regionSouth East                                                  
2021-04-18T23:30:19.331463400Z ns(tstop, df =                       -0.316     1.456   -0.217   0.828
2021-04-18T23:30:19.331470500Z 4)2:regionSouth East                                                  
2021-04-18T23:30:19.331477500Z ns(tstop, df =                       -3.337     2.933   -1.138   0.255
2021-04-18T23:30:19.331484600Z 4)3:regionSouth East                                                  
2021-04-18T23:30:19.331491500Z ns(tstop, df =                       -2.092     3.817   -0.548   0.584
2021-04-18T23:30:19.331498600Z 4)4:regionSouth East                                                  
2021-04-18T23:30:19.331505600Z ns(tstop, df =                       -0.681     0.866   -0.786   0.432
2021-04-18T23:30:19.331512800Z 4)1:regionSouth West                                                  
2021-04-18T23:30:19.331519800Z ns(tstop, df =                       -1.336     1.094   -1.222   0.222
2021-04-18T23:30:19.331526700Z 4)2:regionSouth West                                                  
2021-04-18T23:30:19.331533600Z ns(tstop, df =                       -0.727     1.900   -0.383   0.702
2021-04-18T23:30:19.331540500Z 4)3:regionSouth West                                                  
2021-04-18T23:30:19.331547400Z ns(tstop, df =                        2.823     1.135    2.488   0.013
2021-04-18T23:30:19.331554300Z 4)4:regionSouth West                                                  
2021-04-18T23:30:19.331561300Z ns(tstop, df =                        0.079     0.945    0.083   0.934
2021-04-18T23:30:19.331568300Z 4)1:regionWest Midlands                                               
2021-04-18T23:30:19.331575200Z ns(tstop, df =                        0.312     1.151    0.271   0.786
2021-04-18T23:30:19.331582100Z 4)2:regionWest Midlands                                               
2021-04-18T23:30:19.331589200Z ns(tstop, df =                       -1.229     2.220   -0.554   0.580
2021-04-18T23:30:19.331596000Z 4)3:regionWest Midlands                                               
2021-04-18T23:30:19.331602900Z ns(tstop, df =                        0.824     1.697    0.485   0.627
2021-04-18T23:30:19.331609800Z 4)4:regionWest Midlands                                               
2021-04-18T23:30:19.331627700Z ns(tstop, df =                       -0.497     0.795   -0.626   0.532
2021-04-18T23:30:19.331635700Z 4)1:regionYorkshire and The                                           
2021-04-18T23:30:19.331642700Z Humber                                                                
2021-04-18T23:30:19.331649600Z ns(tstop, df =                        0.078     0.998    0.078   0.938
2021-04-18T23:30:19.331656500Z 4)2:regionYorkshire and The                                           
2021-04-18T23:30:19.331663500Z Humber                                                                
2021-04-18T23:30:19.331670300Z ns(tstop, df =                       -0.281     1.834   -0.153   0.878
2021-04-18T23:30:19.331677400Z 4)3:regionYorkshire and The                                           
2021-04-18T23:30:19.331684200Z Humber                                                                
2021-04-18T23:30:19.331691300Z ns(tstop, df =                        0.913     1.355    0.673   0.501
2021-04-18T23:30:19.331698200Z 4)4:regionYorkshire and The                                           
2021-04-18T23:30:19.331705200Z Humber                                                                
2021-04-18T23:30:19.331712700Z ----------------------------------------------------------------------
2021-04-18T23:30:19.331720100Z msmmod4_par data size = 7651240 
2021-04-18T23:30:37.052793800Z memory usage = 4.439 GB 
2021-04-18T23:32:15.184858700Z NULL
2021-04-18T23:32:15.184988900Z   
2021-04-18T23:32:22.927915600Z              used   (Mb) gc trigger    (Mb)   max used   (Mb)
2021-04-18T23:32:22.928028300Z Ncells    2339937  125.0   10512359   561.5    2339937  125.0
2021-04-18T23:32:22.928041400Z Vcells 1216100909 9278.2 2971625660 22671.8 1216100909 9278.2
2021-04-18T23:32:22.928031000Z Warning message:
2021-04-18T23:32:22.928064100Z Removed 1905 rows containing non-finite values (stat_bin). 


state: succeeded
commit: 33f52791c8cce80c6c198db74da25e5b695f71d1
docker_image_id: sha256:c2fc5042bf86134947d83ad8e70bd926e2c1f91a263c6bfe87438ad783bec981
exit_code: 0
job_id: ir52msl3mopwiarl
run_by_user: wjchulme
created_at: 2021-04-18T20:34:39Z
started_at: 2021-04-18T20:47:31Z
completed_at: 2021-04-18T23:32:41Z

Completed successfully

outputs:
  output/in70s/covidadmitted/any/all/all/data_atrisk_death.rds      - highly_sensitive    
  output/in70s/covidadmitted/any/all/all/data_atrisk_vaxany1.rds    - highly_sensitive    
  output/in70s/covidadmitted/any/all/all/data_weights.rds           - highly_sensitive    
  output/in70s/covidadmitted/any/all/all/model0.rds                 - highly_sensitive    
  output/in70s/covidadmitted/any/all/all/model1.rds                 - highly_sensitive    
  output/in70s/covidadmitted/any/all/all/model2.rds                 - highly_sensitive    
  output/in70s/covidadmitted/any/all/all/model3.rds                 - highly_sensitive    
  output/in70s/covidadmitted/any/all/all/model4.rds                 - highly_sensitive    
  output/in70s/covidadmitted/any/all/all/model_death.rds            - highly_sensitive    
  output/in70s/covidadmitted/any/all/all/model_formula_death.rds    - highly_sensitive    
  output/in70s/covidadmitted/any/all/all/model_formula_vaxany1.rds  - highly_sensitive    
  output/in70s/covidadmitted/any/all/all/model_vaxany1.rds          - highly_sensitive    
  output/in70s/covidadmitted/any/all/all/weights_histogram.svg      - moderately_sensitive
  output/in70s/covidadmitted/any/all/all/weights_table.txt          - moderately_sensitive