2021-03-11T21:50:52.194414800Z -- Attaching packages --------------------------------------- tidyverse 1.3.0 --
2021-03-11T21:50:52.204058600Z v ggplot2 3.3.2     v purrr   0.3.4
2021-03-11T21:50:52.204104700Z v tibble  3.0.3     v dplyr   1.0.2
2021-03-11T21:50:52.204112500Z v tidyr   1.1.2     v stringr 1.4.0
2021-03-11T21:50:52.204119600Z v readr   1.3.1     v forcats 0.5.0
2021-03-11T21:50:52.399551100Z -- Conflicts ------------------------------------------ tidyverse_conflicts() --
2021-03-11T21:50:52.399619100Z x dplyr::filter() masks stats::filter()
2021-03-11T21:50:52.399627400Z x dplyr::lag()    masks stats::lag()
2021-03-11T21:50:54.614707900Z #BlackLivesMatter
2021-03-11T21:50:54.685612300Z 
2021-03-11T21:50:54.685698400Z Attaching package: 'lubridate'
2021-03-11T21:50:54.685709400Z 
2021-03-11T21:50:54.687220700Z The following objects are masked from 'package:base':
2021-03-11T21:50:54.687245200Z 
2021-03-11T21:50:54.687254500Z     date, intersect, setdiff, union
2021-03-11T21:50:54.687262300Z 
2021-03-11T21:50:55.069464100Z <environment: R_GlobalEnv>
2021-03-11T21:50:55.069987000Z <environment: R_GlobalEnv>
2021-03-11T21:51:49.993765900Z data_pt data size = 20639627 
2021-03-11T21:51:49.994798700Z   memory usage = 5.366 GB 
2021-03-11T21:52:03.420449000Z   ipwvaxpfizer1 
2021-03-11T22:14:19.285107100Z ipwvaxpfizer1_fxd 
2021-03-11T22:34:27.089553500Z ipwvaxaz1 
2021-03-11T22:41:18.563155500Z ipwvaxaz1_fxd 
2021-03-11T22:49:43.906416500Z ipwdeath 
2021-03-11T23:37:10.147439900Z ipwdeath_fxd 
2021-03-12T00:32:54.353905500Z Saving 7 x 7 in image
2021-03-12T00:32:59.975576500Z `stat_bin()` using `bins = 30`. Pick better value with `binwidth`.
2021-03-12T01:10:08.317999500Z data_weights data size = 9704054 
2021-03-12T01:10:08.571515100Z   memory usage = 1.242 GB 
2021-03-12T01:10:38.691770700Z   msmmod0 
2021-03-12T01:11:35.803983600Z msmmod1 
2021-03-12T01:13:17.643893800Z msmmod4 
2021-03-12T01:36:56.414692800Z ipwvaxpfizer1 
2021-03-12T01:51:53.340695600Z ipwvaxpfizer1_fxd 
2021-03-12T02:03:59.286283400Z ipwvaxaz1 
2021-03-12T02:09:39.860656200Z ipwvaxaz1_fxd 
2021-03-12T02:15:04.703638500Z ipwdeath 
2021-03-12T02:44:27.816255800Z ipwdeath_fxd 
2021-03-12T03:25:57.284894400Z Saving 7 x 7 in image
2021-03-12T03:26:02.471499400Z `stat_bin()` using `bins = 30`. Pick better value with `binwidth`.
2021-03-12T04:01:19.419914800Z data_weights data size = 10935573 
2021-03-12T04:01:19.677183400Z   memory usage = 1.4 GB 
2021-03-12T04:01:52.755843800Z   msmmod0 
2021-03-12T04:02:52.917411300Z msmmod1 
2021-03-12T04:04:28.736122700Z msmmod4 


state: succeeded
commit: 9b3a15915a99dd736982594579835af554e19d07
docker_image_id: sha256:c7cb8c47c64952beb4dc7e1b4b0edaf95b0fa5cc1af3f796e073e4190413ec9e
exit_code: 0
job_id: 4rdpzcjy6pyexo5t
run_by_user: wjchulme
created_at: 2021-03-11T21:39:13Z
started_at: 2021-03-11T21:50:49Z
completed_at: 2021-03-12T04:29:47Z

Completed successfully

outputs:
  output/in70s/postest/az/sex/Female/data_weights.rds           - highly_sensitive    
  output/in70s/postest/az/sex/Female/model0.rds                 - highly_sensitive    
  output/in70s/postest/az/sex/Female/model1.rds                 - highly_sensitive    
  output/in70s/postest/az/sex/Female/model4.rds                 - highly_sensitive    
  output/in70s/postest/az/sex/Female/weights_histogram.svg      - moderately_sensitive
  output/in70s/postest/az/sex/Female/weights_model_az.html      - moderately_sensitive
  output/in70s/postest/az/sex/Female/weights_model_pfizer.html  - moderately_sensitive
  output/in70s/postest/az/sex/Female/weights_table.txt          - moderately_sensitive
  output/in70s/postest/az/sex/Male/data_weights.rds             - highly_sensitive    
  output/in70s/postest/az/sex/Male/model0.rds                   - highly_sensitive    
  output/in70s/postest/az/sex/Male/model1.rds                   - highly_sensitive    
  output/in70s/postest/az/sex/Male/model4.rds                   - highly_sensitive    
  output/in70s/postest/az/sex/Male/weights_histogram.svg        - moderately_sensitive
  output/in70s/postest/az/sex/Male/weights_model_az.html        - moderately_sensitive
  output/in70s/postest/az/sex/Male/weights_model_pfizer.html    - moderately_sensitive
  output/in70s/postest/az/sex/Male/weights_table.txt            - moderately_sensitive
  output/in70s/postest/az/sex/strata_vector.rds                 - moderately_sensitive