2021-05-03T10:29:37.906637300Z -- Attaching packages --------------------------------------- tidyverse 1.3.0 --
2021-05-03T10:29:37.919204200Z v ggplot2 3.3.2     v purrr   0.3.4
2021-05-03T10:29:37.919309100Z v tibble  3.0.3     v dplyr   1.0.2
2021-05-03T10:29:37.919317600Z v tidyr   1.1.2     v stringr 1.4.0
2021-05-03T10:29:37.919324800Z v readr   1.3.1     v forcats 0.5.0
2021-05-03T10:29:38.213521500Z -- Conflicts ------------------------------------------ tidyverse_conflicts() --
2021-05-03T10:29:38.213634300Z x dplyr::filter() masks stats::filter()
2021-05-03T10:29:38.213643400Z x dplyr::lag()    masks stats::lag()
2021-05-03T10:29:38.249264100Z 
2021-05-03T10:29:38.249371100Z Attaching package: 'glue'
2021-05-03T10:29:38.249380100Z 
2021-05-03T10:29:38.251719800Z The following object is masked from 'package:dplyr':
2021-05-03T10:29:38.251846800Z 
2021-05-03T10:29:38.251857500Z     collapse
2021-05-03T10:29:38.251864700Z 
2021-05-03T10:29:41.390638600Z 
2021-05-03T10:29:41.390752900Z Attaching package: 'lubridate'
2021-05-03T10:29:41.390762100Z 
2021-05-03T10:29:41.391481300Z The following objects are masked from 'package:base':
2021-05-03T10:29:41.391498600Z 
2021-05-03T10:29:41.391506300Z     date, intersect, setdiff, union
2021-05-03T10:29:41.391547800Z 
2021-05-03T10:29:41.941046900Z <environment: R_GlobalEnv>
2021-05-03T10:29:41.941931000Z <environment: R_GlobalEnv>
2021-05-03T10:30:45.852051600Z data_pt data size = 13920564 
2021-05-03T10:30:45.855611900Z   memory usage = 5.346 GB 
2021-05-03T10:30:46.486636400Z     
2021-05-03T10:30:46.486740600Z all   
2021-05-03T10:30:46.486749900Z   
2021-05-03T10:31:07.971648600Z   
2021-05-03T10:48:23.052180700Z vaxpfizer1  vaxpfizer1 data size = 7269884 
2021-05-03T10:48:40.146396200Z memory usage = 7.184 GB 
2021-05-03T10:48:40.146473900Z   
2021-05-03T10:57:53.389126400Z vaxpfizer1_fxd  vaxpfizer1_fxd data size = 7269884 
2021-05-03T10:58:07.618129100Z memory usage = 5.992 GB 
2021-05-03T11:04:31.557383600Z   
2021-05-03T11:12:46.797312300Z vaxaz1  vaxaz1 data size = 2598257 
2021-05-03T11:12:51.973013100Z memory usage = 2.569 GB 
2021-05-03T11:12:51.973107900Z   
2021-05-03T11:17:44.617602900Z vaxaz1_fxd  vaxaz1_fxd data size = 2598257 
2021-05-03T11:17:49.749646700Z memory usage = 2.142 GB 
2021-05-03T11:22:02.247752300Z   
2021-05-03T12:34:03.742888400Z death  death data size = 13920564 
2021-05-03T12:34:51.773000500Z memory usage = 13.999 GB 
2021-05-03T12:34:51.773213800Z   
2021-05-03T13:15:43.385866800Z death_fxd  death_fxd data size = 13920564 
2021-05-03T13:16:31.320335100Z memory usage = 11.66 GB 
2021-05-03T13:27:38.414139300Z Saving 7 x 7 in image
2021-05-03T13:27:43.922796800Z `stat_bin()` using `bins = 30`. Pick better value with `binwidth`.
2021-05-03T13:27:59.250811400Z   
2021-05-03T13:27:59.251102700Z data_weights data size = 13920564   
2021-05-03T13:27:59.251855200Z memory usage = 2.116 GB   
2021-05-03T13:28:40.523808500Z   
2021-05-03T13:28:40.523913200Z msmmod2 
2021-05-03T13:48:51.975073900Z MODEL INFO:
2021-05-03T13:48:51.975183000Z Observations: 13920564
2021-05-03T13:48:51.975192700Z Dependent Variable: 
2021-05-03T13:48:51.975200600Z Type: Generalized linear model
2021-05-03T13:48:51.975208000Z   Family: binomial 
2021-05-03T13:48:51.975215600Z   Link function: logit 
2021-05-03T13:48:51.975223000Z 
2021-05-03T13:48:51.977040100Z MODEL FIT:
2021-05-03T13:48:51.977055700Z <U+03C7><U+00B2>(50) = 1598.245, p = 0.000
2021-05-03T13:48:51.977064800Z Pseudo-R<U+00B2> (Cragg-Uhler) = 
2021-05-03T13:48:51.977072400Z Pseudo-R<U+00B2> (McFadden) = 0.031
2021-05-03T13:48:51.977080100Z AIC = 50523.039, BIC = 51259.932 
2021-05-03T13:48:51.977087600Z 
2021-05-03T13:48:51.977536200Z Standard errors: MLE
2021-05-03T13:48:52.179082300Z ------------------------------------------------------------------------
2021-05-03T13:48:52.179173000Z                                       Est.        S.E.    z val.       p
2021-05-03T13:48:52.179181700Z ------------------------------ ----------- ----------- --------- -------
2021-05-03T13:48:52.179189500Z (Intercept)                         -8.632       0.125   -69.323   0.000
2021-05-03T13:48:52.179196900Z timesincevax_pw(0,3]                -1.694       0.188    -9.030   0.000
2021-05-03T13:48:52.179204800Z timesincevax_pw(3,7]                -1.099       0.121    -9.051   0.000
2021-05-03T13:48:52.179212300Z timesincevax_pw(7,14]               -1.135       0.098   -11.637   0.000
2021-05-03T13:48:52.179220200Z timesincevax_pw(14,21]              -1.069       0.101   -10.630   0.000
2021-05-03T13:48:52.179227900Z timesincevax_pw(21,28]              -1.494       0.133   -11.276   0.000
2021-05-03T13:48:52.179235600Z timesincevax_pw(28, Inf]            -1.951       0.123   -15.833   0.000
2021-05-03T13:48:52.179243100Z ns(tstop, df = 4)1                   0.991       0.148     6.686   0.000
2021-05-03T13:48:52.179250600Z ns(tstop, df = 4)2                   1.028       0.227     4.536   0.000
2021-05-03T13:48:52.179258100Z ns(tstop, df = 4)3                  -0.026       0.387    -0.066   0.947
2021-05-03T13:48:52.179265600Z ns(tstop, df = 4)4                  -2.435       0.489    -4.975   0.000
2021-05-03T13:48:52.179303700Z regionEast Midlands                 -0.186       0.211    -0.884   0.377
2021-05-03T13:48:52.179311600Z regionLondon                         1.336       0.679     1.968   0.049
2021-05-03T13:48:52.179318600Z regionNorth East                     0.376       0.268     1.402   0.161
2021-05-03T13:48:52.179325400Z regionNorth West                     0.015       0.274     0.053   0.958
2021-05-03T13:48:52.179332100Z regionSouth East                    -0.049       0.601    -0.081   0.935
2021-05-03T13:48:52.179339200Z regionSouth West                    -0.144       0.569    -0.253   0.800
2021-05-03T13:48:52.179346100Z regionWest Midlands              -1931.451   11325.321    -0.171   0.865
2021-05-03T13:48:52.179352900Z regionYorkshire and The             -0.132       0.197    -0.671   0.502
2021-05-03T13:48:52.179360000Z Humber                                                                  
2021-05-03T13:48:52.179366800Z ns(tstop, df =                       0.178       0.244     0.728   0.467
2021-05-03T13:48:52.179373700Z 4)1:regionEast Midlands                                                 
2021-05-03T13:48:52.179380400Z ns(tstop, df =                       0.022       0.338     0.064   0.949
2021-05-03T13:48:52.179387400Z 4)2:regionEast Midlands                                                 
2021-05-03T13:48:52.179394700Z ns(tstop, df =                       0.685       0.590     1.160   0.246
2021-05-03T13:48:52.179403500Z 4)3:regionEast Midlands                                                 
2021-05-03T13:48:52.179410800Z ns(tstop, df =                       1.549       0.637     2.433   0.015
2021-05-03T13:48:52.179417800Z 4)4:regionEast Midlands                                                 
2021-05-03T13:48:52.179424600Z ns(tstop, df =                       1.096       0.954     1.150   0.250
2021-05-03T13:48:52.179431400Z 4)1:regionLondon                                                        
2021-05-03T13:48:52.179438200Z ns(tstop, df =                      -2.229       1.481    -1.505   0.132
2021-05-03T13:48:52.179444900Z 4)2:regionLondon                                                        
2021-05-03T13:48:52.179452100Z ns(tstop, df =                      -3.888       2.224    -1.749   0.080
2021-05-03T13:48:52.179459100Z 4)3:regionLondon                                                        
2021-05-03T13:48:52.179465900Z ns(tstop, df =                       2.963       2.209     1.342   0.180
2021-05-03T13:48:52.179472900Z 4)4:regionLondon                                                        
2021-05-03T13:48:52.179479600Z ns(tstop, df =                      -0.779       0.370    -2.107   0.035
2021-05-03T13:48:52.179486600Z 4)1:regionNorth East                                                    
2021-05-03T13:48:52.179493400Z ns(tstop, df =                      -0.765       0.500    -1.530   0.126
2021-05-03T13:48:52.179500600Z 4)2:regionNorth East                                                    
2021-05-03T13:48:52.179516400Z ns(tstop, df =                       0.004       0.776     0.005   0.996
2021-05-03T13:48:52.179524300Z 4)3:regionNorth East                                                    
2021-05-03T13:48:52.179531200Z ns(tstop, df =                       2.305       0.756     3.050   0.002
2021-05-03T13:48:52.179538300Z 4)4:regionNorth East                                                    
2021-05-03T13:48:52.179545200Z ns(tstop, df =                      -0.177       0.352    -0.503   0.615
2021-05-03T13:48:52.179552300Z 4)1:regionNorth West                                                    
2021-05-03T13:48:52.179559300Z ns(tstop, df =                      -0.466       0.527    -0.883   0.377
2021-05-03T13:48:52.179566200Z 4)2:regionNorth West                                                    
2021-05-03T13:48:52.179573700Z ns(tstop, df =                      -0.520       0.836    -0.622   0.534
2021-05-03T13:48:52.179581200Z 4)3:regionNorth West                                                    
2021-05-03T13:48:52.179588800Z ns(tstop, df =                       1.170       0.978     1.197   0.231
2021-05-03T13:48:52.179596400Z 4)4:regionNorth West                                                    
2021-05-03T13:48:52.179603600Z ns(tstop, df =                      -0.563       0.726    -0.776   0.438
2021-05-03T13:48:52.179611600Z 4)1:regionSouth East                                                    
2021-05-03T13:48:52.179619100Z ns(tstop, df =                       1.482       0.882     1.680   0.093
2021-05-03T13:48:52.179626700Z 4)2:regionSouth East                                                    
2021-05-03T13:48:52.179633800Z ns(tstop, df =                       1.187       1.631     0.728   0.467
2021-05-03T13:48:52.179641200Z 4)3:regionSouth East                                                    
2021-05-03T13:48:52.179648300Z ns(tstop, df =                       0.253       1.709     0.148   0.883
2021-05-03T13:48:52.179655300Z 4)4:regionSouth East                                                    
2021-05-03T13:48:52.179662200Z ns(tstop, df =                      -0.603       0.831    -0.726   0.468
2021-05-03T13:48:52.179669100Z 4)1:regionSouth West                                                    
2021-05-03T13:48:52.179676100Z ns(tstop, df =                      -0.154       1.497    -0.103   0.918
2021-05-03T13:48:52.179682800Z 4)2:regionSouth West                                                    
2021-05-03T13:48:52.179689900Z ns(tstop, df =                      -3.851       3.358    -1.147   0.251
2021-05-03T13:48:52.179696900Z 4)3:regionSouth West                                                    
2021-05-03T13:48:52.179703800Z ns(tstop, df =                      -3.097       5.618    -0.551   0.582
2021-05-03T13:48:52.179710700Z 4)4:regionSouth West                                                    
2021-05-03T13:48:52.179717900Z ns(tstop, df =                    -296.913    2606.329    -0.114   0.909
2021-05-03T13:48:52.179733200Z 4)1:regionWest Midlands                                                 
2021-05-03T13:48:52.179741000Z ns(tstop, df =                    1535.930   47465.226     0.032   0.974
2021-05-03T13:48:52.179747800Z 4)2:regionWest Midlands                                                 
2021-05-03T13:48:52.179754600Z ns(tstop, df =                    4315.649   42653.575     0.101   0.919
2021-05-03T13:48:52.179761600Z 4)3:regionWest Midlands                                                 
2021-05-03T13:48:52.179768400Z ns(tstop, df =                    -141.830   78003.464    -0.002   0.999
2021-05-03T13:48:52.179775300Z 4)4:regionWest Midlands                                                 
2021-05-03T13:48:52.179782300Z ns(tstop, df =                      -0.148       0.239    -0.621   0.535
2021-05-03T13:48:52.179789100Z 4)1:regionYorkshire and The                                             
2021-05-03T13:48:52.179795800Z Humber                                                                  
2021-05-03T13:48:52.179803000Z ns(tstop, df =                       0.007       0.332     0.020   0.984
2021-05-03T13:48:52.179809700Z 4)2:regionYorkshire and The                                             
2021-05-03T13:48:52.179817200Z Humber                                                                  
2021-05-03T13:48:52.179824300Z ns(tstop, df =                       0.556       0.565     0.983   0.326
2021-05-03T13:48:52.179831100Z 4)3:regionYorkshire and The                                             
2021-05-03T13:48:52.179838300Z Humber                                                                  
2021-05-03T13:48:52.179845200Z ns(tstop, df =                       1.524       0.620     2.459   0.014
2021-05-03T13:48:52.179852300Z 4)4:regionYorkshire and The                                             
2021-05-03T13:48:52.179859200Z Humber                                                                  
2021-05-03T13:48:52.179866100Z ------------------------------------------------------------------------
2021-05-03T13:48:52.179873000Z msmmod2_par data size = 13920564 
2021-05-03T13:49:20.577682000Z memory usage = 8.263 GB 
2021-05-03T13:51:26.965927500Z   
2021-05-03T13:51:26.966005000Z msmmod3 
2021-05-03T14:38:24.676294900Z MODEL INFO:
2021-05-03T14:38:24.676434500Z Observations: 13920564
2021-05-03T14:38:24.676444400Z Dependent Variable: 
2021-05-03T14:38:24.676452200Z Type: Generalized linear model
2021-05-03T14:38:24.676459800Z   Family: binomial 
2021-05-03T14:38:24.676467300Z   Link function: logit 
2021-05-03T14:38:24.676474800Z 
2021-05-03T14:38:24.678081700Z MODEL FIT:
2021-05-03T14:38:24.678110600Z <U+03C7><U+00B2>(86) = 2654.291, p = 0.000
2021-05-03T14:38:24.678121500Z Pseudo-R<U+00B2> (Cragg-Uhler) = 
2021-05-03T14:38:24.678181800Z Pseudo-R<U+00B2> (McFadden) = 0.051
2021-05-03T14:38:24.678190300Z AIC = 49538.992, BIC = 50796.045 
2021-05-03T14:38:24.678197100Z 
2021-05-03T14:38:24.678304200Z Standard errors: MLE
2021-05-03T14:38:24.940492300Z -------------------------------------------------------------------------
2021-05-03T14:38:24.940584300Z                                        Est.        S.E.    z val.       p
2021-05-03T14:38:24.940593400Z ------------------------------- ----------- ----------- --------- -------
2021-05-03T14:38:24.940600700Z (Intercept)                         -28.186       6.237    -4.519   0.000
2021-05-03T14:38:24.940607900Z timesincevax_pw(0,3]                 -1.592       0.188    -8.487   0.000
2021-05-03T14:38:24.940615000Z timesincevax_pw(3,7]                 -0.989       0.121    -8.140   0.000
2021-05-03T14:38:24.940622400Z timesincevax_pw(7,14]                -1.014       0.098   -10.395   0.000
2021-05-03T14:38:24.940629600Z timesincevax_pw(14,21]               -0.942       0.100    -9.379   0.000
2021-05-03T14:38:24.940636900Z timesincevax_pw(21,28]               -1.369       0.132   -10.335   0.000
2021-05-03T14:38:24.940644000Z timesincevax_pw(28, Inf]             -1.821       0.123   -14.745   0.000
2021-05-03T14:38:24.940651200Z poly(age, degree = 2, raw =           0.364       0.143     2.550   0.011
2021-05-03T14:38:24.940658400Z TRUE)1                                                                   
2021-05-03T14:38:24.940665600Z poly(age, degree = 2, raw =          -0.002       0.001    -2.022   0.043
2021-05-03T14:38:24.940672700Z TRUE)2                                                                   
2021-05-03T14:38:24.940679900Z sexMale                               0.244       0.040     6.185   0.000
2021-05-03T14:38:24.940687700Z imd2                                 -0.008       0.060    -0.129   0.897
2021-05-03T14:38:24.940695000Z imd3                                 -0.181       0.061    -2.972   0.003
2021-05-03T14:38:24.940702300Z imd4                                 -0.278       0.063    -4.433   0.000
2021-05-03T14:38:24.940709600Z imd5 least deprived                  -0.319       0.064    -4.963   0.000
2021-05-03T14:38:24.940716900Z ethnicityBlack                       -0.011       0.220    -0.051   0.960
2021-05-03T14:38:24.940724000Z ethnicitySouth Asian                  0.152       0.108     1.410   0.158
2021-05-03T14:38:24.940731200Z ethnicityMixed                        0.050       0.355     0.141   0.888
2021-05-03T14:38:24.940738600Z ethnicityOther                       -0.017       0.302    -0.057   0.955
2021-05-03T14:38:24.940745500Z bmiObese I (30-34.9)                  0.006       0.057     0.100   0.920
2021-05-03T14:38:24.940752800Z bmiObese II (35-39.9)                 0.046       0.132     0.345   0.730
2021-05-03T14:38:24.940760300Z bmiObese III (40+)                    0.384       0.170     2.260   0.024
2021-05-03T14:38:24.940798900Z chronic_cardiac_disease               0.001       0.134     0.009   0.993
2021-05-03T14:38:24.940808500Z heart_failure                         0.370       0.069     5.378   0.000
2021-05-03T14:38:24.940816000Z other_heart_disease                   0.065       0.088     0.736   0.462
2021-05-03T14:38:24.940823000Z dialysis                              1.182       0.238     4.973   0.000
2021-05-03T14:38:24.940830100Z diabetes                              0.198       0.098     2.015   0.044
2021-05-03T14:38:24.940837100Z chronic_liver_disease                 0.357       0.208     1.714   0.086
2021-05-03T14:38:24.940846900Z current_copd                          0.141       0.092     1.539   0.124
2021-05-03T14:38:24.940854500Z other_resp_conditions                 0.217       0.083     2.621   0.009
2021-05-03T14:38:24.940861600Z lung_cancer                           0.216       0.213     1.014   0.310
2021-05-03T14:38:24.940868500Z haematological_cancer                 0.245       0.137     1.784   0.074
2021-05-03T14:38:24.940875500Z cancer_excl_lung_and_haem            -0.005       0.099    -0.054   0.957
2021-05-03T14:38:24.940882300Z any_immunosuppression                 0.177       0.111     1.587   0.112
2021-05-03T14:38:24.940889300Z dementia                              0.637       0.098     6.466   0.000
2021-05-03T14:38:24.940896200Z other_neuro_conditions                0.553       0.115     4.815   0.000
2021-05-03T14:38:24.940903200Z LD_incl_DS_and_CP                     0.534       0.510     1.048   0.295
2021-05-03T14:38:24.940910100Z psychosis_schiz_bipolar               0.837       0.166     5.045   0.000
2021-05-03T14:38:24.940917100Z multimorb1                            0.075       0.105     0.715   0.475
2021-05-03T14:38:24.940923900Z multimorb2                            0.223       0.186     1.195   0.232
2021-05-03T14:38:24.940931000Z multimorb3                            0.111       0.274     0.406   0.684
2021-05-03T14:38:24.940937800Z multimorb4+                           0.196       0.382     0.513   0.608
2021-05-03T14:38:24.940944800Z shielded                              0.362       0.051     7.118   0.000
2021-05-03T14:38:24.940951800Z flu_vaccine                           0.143       0.065     2.191   0.028
2021-05-03T14:38:24.940959000Z ns(tstop, df = 4)1                    0.985       0.148     6.651   0.000
2021-05-03T14:38:24.940965900Z ns(tstop, df = 4)2                    0.875       0.226     3.876   0.000
2021-05-03T14:38:24.940972800Z ns(tstop, df = 4)3                   -0.129       0.386    -0.333   0.739
2021-05-03T14:38:24.940979700Z ns(tstop, df = 4)4                   -2.430       0.487    -4.995   0.000
2021-05-03T14:38:24.940986800Z regionEast Midlands                  -0.216       0.211    -1.027   0.305
2021-05-03T14:38:24.940993700Z regionLondon                          1.272       0.680     1.871   0.061
2021-05-03T14:38:24.941000600Z regionNorth East                      0.248       0.268     0.924   0.355
2021-05-03T14:38:24.941015800Z regionNorth West                     -0.074       0.274    -0.269   0.788
2021-05-03T14:38:24.941024000Z regionSouth East                     -0.091       0.601    -0.151   0.880
2021-05-03T14:38:24.941031100Z regionSouth West                     -0.134       0.569    -0.236   0.813
2021-05-03T14:38:24.941038200Z regionWest Midlands               -1926.666   11171.454    -0.172   0.863
2021-05-03T14:38:24.941045200Z regionYorkshire and The              -0.215       0.197    -1.093   0.275
2021-05-03T14:38:24.941052300Z Humber                                                                   
2021-05-03T14:38:24.941059300Z ns(tstop, df =                        0.190       0.244     0.779   0.436
2021-05-03T14:38:24.941066400Z 4)1:regionEast Midlands                                                  
2021-05-03T14:38:24.941073400Z ns(tstop, df =                        0.017       0.337     0.052   0.959
2021-05-03T14:38:24.941080500Z 4)2:regionEast Midlands                                                  
2021-05-03T14:38:24.941087500Z ns(tstop, df =                        0.694       0.590     1.177   0.239
2021-05-03T14:38:24.941094600Z 4)3:regionEast Midlands                                                  
2021-05-03T14:38:24.941101600Z ns(tstop, df =                        1.500       0.633     2.369   0.018
2021-05-03T14:38:24.941108800Z 4)4:regionEast Midlands                                                  
2021-05-03T14:38:24.941115800Z ns(tstop, df =                        1.088       0.955     1.139   0.255
2021-05-03T14:38:24.941122900Z 4)1:regionLondon                                                         
2021-05-03T14:38:24.941129800Z ns(tstop, df =                       -2.181       1.487    -1.467   0.142
2021-05-03T14:38:24.941136900Z 4)2:regionLondon                                                         
2021-05-03T14:38:24.941143800Z ns(tstop, df =                       -3.772       2.223    -1.697   0.090
2021-05-03T14:38:24.941150800Z 4)3:regionLondon                                                         
2021-05-03T14:38:24.941157800Z ns(tstop, df =                        2.965       2.196     1.350   0.177
2021-05-03T14:38:24.941165000Z 4)4:regionLondon                                                         
2021-05-03T14:38:24.941172000Z ns(tstop, df =                       -0.833       0.370    -2.251   0.024
2021-05-03T14:38:24.941179100Z 4)1:regionNorth East                                                     
2021-05-03T14:38:24.941186100Z ns(tstop, df =                       -0.748       0.500    -1.497   0.134
2021-05-03T14:38:24.941193400Z 4)2:regionNorth East                                                     
2021-05-03T14:38:24.941200300Z ns(tstop, df =                        0.066       0.775     0.085   0.932
2021-05-03T14:38:24.941207700Z 4)3:regionNorth East                                                     
2021-05-03T14:38:24.941215200Z ns(tstop, df =                        2.286       0.751     3.043   0.002
2021-05-03T14:38:24.941230000Z 4)4:regionNorth East                                                     
2021-05-03T14:38:24.941237700Z ns(tstop, df =                       -0.190       0.352    -0.540   0.589
2021-05-03T14:38:24.941244700Z 4)1:regionNorth West                                                     
2021-05-03T14:38:24.941251600Z ns(tstop, df =                       -0.429       0.526    -0.816   0.415
2021-05-03T14:38:24.941258800Z 4)2:regionNorth West                                                     
2021-05-03T14:38:24.941265800Z ns(tstop, df =                       -0.485       0.835    -0.581   0.561
2021-05-03T14:38:24.941272800Z 4)3:regionNorth West                                                     
2021-05-03T14:38:24.941279700Z ns(tstop, df =                        1.124       0.974     1.153   0.249
2021-05-03T14:38:24.941286700Z 4)4:regionNorth West                                                     
2021-05-03T14:38:24.941293800Z ns(tstop, df =                       -0.564       0.726    -0.777   0.437
2021-05-03T14:38:24.941300900Z 4)1:regionSouth East                                                     
2021-05-03T14:38:24.941307900Z ns(tstop, df =                        1.520       0.880     1.727   0.084
2021-05-03T14:38:24.941314900Z 4)2:regionSouth East                                                     
2021-05-03T14:38:24.941322000Z ns(tstop, df =                        1.233       1.629     0.757   0.449
2021-05-03T14:38:24.941329000Z 4)3:regionSouth East                                                     
2021-05-03T14:38:24.941336100Z ns(tstop, df =                        0.217       1.700     0.128   0.898
2021-05-03T14:38:24.941343100Z 4)4:regionSouth East                                                     
2021-05-03T14:38:24.941350000Z ns(tstop, df =                       -0.569       0.831    -0.685   0.493
2021-05-03T14:38:24.941357000Z 4)1:regionSouth West                                                     
2021-05-03T14:38:24.941363900Z ns(tstop, df =                       -0.146       1.498    -0.098   0.922
2021-05-03T14:38:24.941371100Z 4)2:regionSouth West                                                     
2021-05-03T14:38:24.941378200Z ns(tstop, df =                       -3.872       3.374    -1.148   0.251
2021-05-03T14:38:24.941385400Z 4)3:regionSouth West                                                     
2021-05-03T14:38:24.941392400Z ns(tstop, df =                       -3.176       5.650    -0.562   0.574
2021-05-03T14:38:24.941399500Z 4)4:regionSouth West                                                     
2021-05-03T14:38:24.941406500Z ns(tstop, df =                     -296.054    2569.960    -0.115   0.908
2021-05-03T14:38:24.941414100Z 4)1:regionWest Midlands                                                  
2021-05-03T14:38:24.941421300Z ns(tstop, df =                     1535.550   49487.619     0.031   0.975
2021-05-03T14:38:24.941428300Z 4)2:regionWest Midlands                                                  
2021-05-03T14:38:24.941441500Z ns(tstop, df =                     4302.157   43929.582     0.098   0.922
2021-05-03T14:38:24.941449200Z 4)3:regionWest Midlands                                                  
2021-05-03T14:38:24.941456300Z ns(tstop, df =                     -147.339   81944.529    -0.002   0.999
2021-05-03T14:38:24.941463300Z 4)4:regionWest Midlands                                                  
2021-05-03T14:38:24.941470300Z ns(tstop, df =                       -0.167       0.239    -0.696   0.486
2021-05-03T14:38:24.941477400Z 4)1:regionYorkshire and The                                              
2021-05-03T14:38:24.941484400Z Humber                                                                   
2021-05-03T14:38:24.941491500Z ns(tstop, df =                        0.006       0.331     0.019   0.985
2021-05-03T14:38:24.941498500Z 4)2:regionYorkshire and The                                              
2021-05-03T14:38:24.941505600Z Humber                                                                   
2021-05-03T14:38:24.941512600Z ns(tstop, df =                        0.536       0.565     0.950   0.342
2021-05-03T14:38:24.941519600Z 4)3:regionYorkshire and The                                              
2021-05-03T14:38:24.941526600Z Humber                                                                   
2021-05-03T14:38:24.941533600Z ns(tstop, df =                        1.462       0.616     2.374   0.018
2021-05-03T14:38:24.941540800Z 4)4:regionYorkshire and The                                              
2021-05-03T14:38:24.941547800Z Humber                                                                   
2021-05-03T14:38:24.941554700Z -------------------------------------------------------------------------
2021-05-03T14:38:24.941561700Z msmmod3_par data size = 13920564 
2021-05-03T14:38:49.938364600Z memory usage = 8.263 GB 
2021-05-03T14:41:29.674178800Z   
2021-05-03T14:41:29.674249900Z msmmod4 
2021-05-03T15:25:56.892285200Z MODEL INFO:
2021-05-03T15:25:56.892392100Z Observations: 13920564
2021-05-03T15:25:56.892402000Z Dependent Variable: 
2021-05-03T15:25:56.892409700Z Type: Generalized linear model
2021-05-03T15:25:56.892417200Z   Family: binomial 
2021-05-03T15:25:56.892424800Z   Link function: logit 
2021-05-03T15:25:56.892432100Z 
2021-05-03T15:25:56.894087000Z MODEL FIT:
2021-05-03T15:25:56.894115800Z <U+03C7><U+00B2>(86) = 2591.177, p = 0.000
2021-05-03T15:25:56.894126600Z Pseudo-R<U+00B2> (Cragg-Uhler) = 
2021-05-03T15:25:56.894134500Z Pseudo-R<U+00B2> (McFadden) = 0.051
2021-05-03T15:25:56.894142400Z AIC = 50296.820, BIC = 51553.872 
2021-05-03T15:25:56.894150300Z 
2021-05-03T15:25:56.894306300Z Standard errors: MLE
2021-05-03T15:25:57.144430700Z -------------------------------------------------------------------------
2021-05-03T15:25:57.144450300Z                                        Est.        S.E.    z val.       p
2021-05-03T15:25:57.144458500Z ------------------------------- ----------- ----------- --------- -------
2021-05-03T15:25:57.144465500Z (Intercept)                         -22.114       5.932    -3.728   0.000
2021-05-03T15:25:57.144472400Z timesincevax_pw(0,3]                 -0.903       0.140    -6.467   0.000
2021-05-03T15:25:57.144479200Z timesincevax_pw(3,7]                 -0.852       0.119    -7.158   0.000
2021-05-03T15:25:57.144486200Z timesincevax_pw(7,14]                -0.852       0.096    -8.885   0.000
2021-05-03T15:25:57.144493100Z timesincevax_pw(14,21]               -0.397       0.086    -4.620   0.000
2021-05-03T15:25:57.144500000Z timesincevax_pw(21,28]               -1.119       0.130    -8.600   0.000
2021-05-03T15:25:57.144507300Z timesincevax_pw(28, Inf]             -1.525       0.121   -12.622   0.000
2021-05-03T15:25:57.144514300Z poly(age, degree = 2, raw =           0.214       0.135     1.583   0.113
2021-05-03T15:25:57.144521200Z TRUE)1                                                                   
2021-05-03T15:25:57.144528200Z poly(age, degree = 2, raw =          -0.001       0.001    -0.940   0.347
2021-05-03T15:25:57.144535100Z TRUE)2                                                                   
2021-05-03T15:25:57.144542200Z sexMale                               0.220       0.040     5.528   0.000
2021-05-03T15:25:57.144549100Z imd2                                  0.074       0.060     1.240   0.215
2021-05-03T15:25:57.144556300Z imd3                                 -0.189       0.062    -3.071   0.002
2021-05-03T15:25:57.144563500Z imd4                                 -0.281       0.064    -4.427   0.000
2021-05-03T15:25:57.144570600Z imd5 least deprived                  -0.342       0.065    -5.243   0.000
2021-05-03T15:25:57.144577500Z ethnicityBlack                        0.041       0.222     0.184   0.854
2021-05-03T15:25:57.144584400Z ethnicitySouth Asian                  0.233       0.108     2.147   0.032
2021-05-03T15:25:57.144591400Z ethnicityMixed                        0.044       0.362     0.120   0.904
2021-05-03T15:25:57.144598400Z ethnicityOther                       -0.045       0.311    -0.144   0.885
2021-05-03T15:25:57.144605400Z bmiObese I (30-34.9)                  0.003       0.058     0.047   0.963
2021-05-03T15:25:57.144612500Z bmiObese II (35-39.9)                 0.044       0.135     0.325   0.746
2021-05-03T15:25:57.144619500Z bmiObese III (40+)                    0.407       0.173     2.350   0.019
2021-05-03T15:25:57.144626400Z chronic_cardiac_disease               0.004       0.136     0.033   0.974
2021-05-03T15:25:57.144634200Z heart_failure                         0.364       0.070     5.162   0.000
2021-05-03T15:25:57.144641600Z other_heart_disease                   0.034       0.089     0.381   0.703
2021-05-03T15:25:57.144659000Z dialysis                              1.212       0.240     5.057   0.000
2021-05-03T15:25:57.144666800Z diabetes                              0.194       0.100     1.946   0.052
2021-05-03T15:25:57.144673600Z chronic_liver_disease                 0.369       0.212     1.743   0.081
2021-05-03T15:25:57.144680600Z current_copd                          0.153       0.093     1.648   0.099
2021-05-03T15:25:57.144687400Z other_resp_conditions                 0.228       0.084     2.711   0.007
2021-05-03T15:25:57.144694300Z lung_cancer                           0.218       0.216     1.006   0.314
2021-05-03T15:25:57.144701100Z haematological_cancer                 0.269       0.138     1.949   0.051
2021-05-03T15:25:57.144708100Z cancer_excl_lung_and_haem            -0.008       0.100    -0.085   0.932
2021-05-03T15:25:57.144714900Z any_immunosuppression                 0.201       0.113     1.789   0.074
2021-05-03T15:25:57.144721900Z dementia                              0.689       0.099     6.929   0.000
2021-05-03T15:25:57.144728800Z other_neuro_conditions                0.542       0.117     4.627   0.000
2021-05-03T15:25:57.144735800Z LD_incl_DS_and_CP                     0.606       0.516     1.175   0.240
2021-05-03T15:25:57.144742700Z psychosis_schiz_bipolar               0.851       0.168     5.052   0.000
2021-05-03T15:25:57.144749600Z multimorb1                            0.001       0.105     0.006   0.995
2021-05-03T15:25:57.144756400Z multimorb2                            0.137       0.188     0.727   0.467
2021-05-03T15:25:57.144763200Z multimorb3                            0.024       0.277     0.086   0.931
2021-05-03T15:25:57.144770100Z multimorb4+                           0.121       0.387     0.312   0.755
2021-05-03T15:25:57.144776900Z shielded                              0.349       0.051     6.792   0.000
2021-05-03T15:25:57.144783700Z flu_vaccine                           0.120       0.065     1.838   0.066
2021-05-03T15:25:57.144790600Z ns(tstop, df = 4)1                    0.918       0.148     6.180   0.000
2021-05-03T15:25:57.144797600Z ns(tstop, df = 4)2                    1.146       0.227     5.039   0.000
2021-05-03T15:25:57.144804500Z ns(tstop, df = 4)3                   -0.730       0.414    -1.762   0.078
2021-05-03T15:25:57.144811900Z ns(tstop, df = 4)4                   -3.577       0.572    -6.249   0.000
2021-05-03T15:25:57.144818900Z regionEast Midlands                  -0.212       0.212    -0.997   0.319
2021-05-03T15:25:57.144826000Z regionLondon                          1.246       0.687     1.813   0.070
2021-05-03T15:25:57.144832800Z regionNorth East                      0.284       0.269     1.056   0.291
2021-05-03T15:25:57.144840100Z regionNorth West                     -0.041       0.275    -0.149   0.881
2021-05-03T15:25:57.144847200Z regionSouth East                     -0.084       0.606    -0.138   0.890
2021-05-03T15:25:57.144854100Z regionSouth West                     -0.070       0.566    -0.123   0.902
2021-05-03T15:25:57.144869500Z regionWest Midlands               -1910.797   11186.075    -0.171   0.864
2021-05-03T15:25:57.144877300Z regionYorkshire and The              -0.188       0.198    -0.949   0.343
2021-05-03T15:25:57.144884600Z Humber                                                                   
2021-05-03T15:25:57.144891600Z ns(tstop, df =                        0.130       0.247     0.529   0.597
2021-05-03T15:25:57.144898800Z 4)1:regionEast Midlands                                                  
2021-05-03T15:25:57.144905800Z ns(tstop, df =                       -0.356       0.340    -1.047   0.295
2021-05-03T15:25:57.144913000Z 4)2:regionEast Midlands                                                  
2021-05-03T15:25:57.144919900Z ns(tstop, df =                        0.395       0.613     0.645   0.519
2021-05-03T15:25:57.144927100Z 4)3:regionEast Midlands                                                  
2021-05-03T15:25:57.144934500Z ns(tstop, df =                        1.185       0.696     1.703   0.089
2021-05-03T15:25:57.144941600Z 4)4:regionEast Midlands                                                  
2021-05-03T15:25:57.144948700Z ns(tstop, df =                        1.017       0.982     1.035   0.301
2021-05-03T15:25:57.144955500Z 4)1:regionLondon                                                         
2021-05-03T15:25:57.144962500Z ns(tstop, df =                       -3.120       1.608    -1.940   0.052
2021-05-03T15:25:57.144969300Z 4)2:regionLondon                                                         
2021-05-03T15:25:57.144976200Z ns(tstop, df =                       -3.295       2.260    -1.458   0.145
2021-05-03T15:25:57.144983100Z 4)3:regionLondon                                                         
2021-05-03T15:25:57.144990000Z ns(tstop, df =                        3.972       2.201     1.804   0.071
2021-05-03T15:25:57.144996900Z 4)4:regionLondon                                                         
2021-05-03T15:25:57.145003900Z ns(tstop, df =                       -0.900       0.375    -2.397   0.017
2021-05-03T15:25:57.145010800Z 4)1:regionNorth East                                                     
2021-05-03T15:25:57.145017700Z ns(tstop, df =                       -1.353       0.514    -2.634   0.008
2021-05-03T15:25:57.145024500Z 4)2:regionNorth East                                                     
2021-05-03T15:25:57.145031500Z ns(tstop, df =                        0.285       0.799     0.357   0.721
2021-05-03T15:25:57.145038500Z 4)3:regionNorth East                                                     
2021-05-03T15:25:57.145046100Z ns(tstop, df =                        3.098       0.830     3.731   0.000
2021-05-03T15:25:57.145053300Z 4)4:regionNorth East                                                     
2021-05-03T15:25:57.145060300Z ns(tstop, df =                       -0.275       0.357    -0.770   0.441
2021-05-03T15:25:57.145067500Z 4)1:regionNorth West                                                     
2021-05-03T15:25:57.145081600Z ns(tstop, df =                       -1.145       0.538    -2.127   0.033
2021-05-03T15:25:57.145089400Z 4)2:regionNorth West                                                     
2021-05-03T15:25:57.145096400Z ns(tstop, df =                       -0.141       0.852    -0.166   0.868
2021-05-03T15:25:57.145103400Z 4)3:regionNorth West                                                     
2021-05-03T15:25:57.145110300Z ns(tstop, df =                        2.145       1.014     2.116   0.034
2021-05-03T15:25:57.145117300Z 4)4:regionNorth West                                                     
2021-05-03T15:25:57.145124400Z ns(tstop, df =                       -0.649       0.736    -0.883   0.377
2021-05-03T15:25:57.145131600Z 4)1:regionSouth East                                                     
2021-05-03T15:25:57.145138700Z ns(tstop, df =                        0.974       0.893     1.091   0.275
2021-05-03T15:25:57.145145600Z 4)2:regionSouth East                                                     
2021-05-03T15:25:57.145152800Z ns(tstop, df =                        1.698       1.644     1.033   0.302
2021-05-03T15:25:57.145159900Z 4)3:regionSouth East                                                     
2021-05-03T15:25:57.145167000Z ns(tstop, df =                        1.256       1.709     0.735   0.462
2021-05-03T15:25:57.145174000Z 4)4:regionSouth East                                                     
2021-05-03T15:25:57.145181100Z ns(tstop, df =                       -0.357       0.835    -0.427   0.669
2021-05-03T15:25:57.145188100Z 4)1:regionSouth West                                                     
2021-05-03T15:25:57.145195300Z ns(tstop, df =                       -0.999       1.612    -0.620   0.535
2021-05-03T15:25:57.145202400Z 4)2:regionSouth West                                                     
2021-05-03T15:25:57.145209500Z ns(tstop, df =                       -4.250       3.998    -1.063   0.288
2021-05-03T15:25:57.145216500Z 4)3:regionSouth West                                                     
2021-05-03T15:25:57.145223500Z ns(tstop, df =                       -2.911       6.772    -0.430   0.667
2021-05-03T15:25:57.145230400Z 4)4:regionSouth West                                                     
2021-05-03T15:25:57.145237700Z ns(tstop, df =                     -293.608    2574.391    -0.114   0.909
2021-05-03T15:25:57.145245500Z 4)1:regionWest Midlands                                                  
2021-05-03T15:25:57.145252700Z ns(tstop, df =                     1524.675   51219.069     0.030   0.976
2021-05-03T15:25:57.145259800Z 4)2:regionWest Midlands                                                  
2021-05-03T15:25:57.145266900Z ns(tstop, df =                     4265.239   45170.639     0.094   0.925
2021-05-03T15:25:57.145273900Z 4)3:regionWest Midlands                                                  
2021-05-03T15:25:57.145281000Z ns(tstop, df =                     -149.109   85185.420    -0.002   0.999
2021-05-03T15:25:57.145294500Z 4)4:regionWest Midlands                                                  
2021-05-03T15:25:57.145302600Z ns(tstop, df =                       -0.191       0.241    -0.795   0.427
2021-05-03T15:25:57.145309900Z 4)1:regionYorkshire and The                                              
2021-05-03T15:25:57.145317000Z Humber                                                                   
2021-05-03T15:25:57.145324100Z ns(tstop, df =                       -0.599       0.337    -1.779   0.075
2021-05-03T15:25:57.145331200Z 4)2:regionYorkshire and The                                              
2021-05-03T15:25:57.145338500Z Humber                                                                   
2021-05-03T15:25:57.145345600Z ns(tstop, df =                        0.794       0.588     1.350   0.177
2021-05-03T15:25:57.145353000Z 4)3:regionYorkshire and The                                              
2021-05-03T15:25:57.145360000Z Humber                                                                   
2021-05-03T15:25:57.145367000Z ns(tstop, df =                        2.358       0.695     3.393   0.001
2021-05-03T15:25:57.145374300Z 4)4:regionYorkshire and The                                              
2021-05-03T15:25:57.145381400Z Humber                                                                   
2021-05-03T15:25:57.145388400Z -------------------------------------------------------------------------
2021-05-03T15:25:57.145395400Z msmmod4_par data size = 13920564 
2021-05-03T15:26:21.224958900Z memory usage = 8.263 GB 
2021-05-03T15:29:03.916082400Z NULL
2021-05-03T15:29:03.916147500Z   
2021-05-03T15:29:07.903825000Z Warning message:
2021-05-03T15:29:07.903909000Z Removed 2878 rows containing non-finite values (stat_bin). 
2021-05-03T15:29:07.903919100Z              used    (Mb) gc trigger    (Mb)   max used    (Mb)
2021-05-03T15:29:07.903952700Z Ncells    2339527   125.0   16628407   888.1    2339527   125.0
2021-05-03T15:29:07.903962800Z Vcells 2182584657 16651.8 4841908417 36940.9 2182584657 16651.8


state: succeeded
commit: 51a4ede907245327eb9788e4c65335feff83e426
docker_image_id: sha256:c2fc5042bf86134947d83ad8e70bd926e2c1f91a263c6bfe87438ad783bec981
exit_code: 0
job_id: h7o2enk76hzsvoyc
run_by_user: wjchulme
created_at: 2021-05-03T10:25:51Z
started_at: 2021-05-03T10:29:33Z
completed_at: 2021-05-04T08:00:47Z

Completed successfully

outputs:
  output/over80s/covidadmitted/pfizer/all/all/data_atrisk_death.rds         - highly_sensitive    
  output/over80s/covidadmitted/pfizer/all/all/data_atrisk_vaxaz1.rds        - highly_sensitive    
  output/over80s/covidadmitted/pfizer/all/all/data_atrisk_vaxpfizer1.rds    - highly_sensitive    
  output/over80s/covidadmitted/pfizer/all/all/data_weights.rds              - highly_sensitive    
  output/over80s/covidadmitted/pfizer/all/all/model2.rds                    - highly_sensitive    
  output/over80s/covidadmitted/pfizer/all/all/model3.rds                    - highly_sensitive    
  output/over80s/covidadmitted/pfizer/all/all/model4.rds                    - highly_sensitive    
  output/over80s/covidadmitted/pfizer/all/all/model_death.rds               - highly_sensitive    
  output/over80s/covidadmitted/pfizer/all/all/model_formula_death.rds       - highly_sensitive    
  output/over80s/covidadmitted/pfizer/all/all/model_formula_vaxaz1.rds      - highly_sensitive    
  output/over80s/covidadmitted/pfizer/all/all/model_formula_vaxpfizer1.rds  - highly_sensitive    
  output/over80s/covidadmitted/pfizer/all/all/model_vaxaz1.rds              - highly_sensitive    
  output/over80s/covidadmitted/pfizer/all/all/model_vaxpfizer1.rds          - highly_sensitive    
  output/over80s/covidadmitted/pfizer/all/all/weights_histogram.svg         - moderately_sensitive
  output/over80s/covidadmitted/pfizer/all/all/weights_table.txt             - moderately_sensitive