2021-03-20T00:52:37.539169400Z -- Attaching packages --------------------------------------- tidyverse 1.3.0 --
2021-03-20T00:52:37.548127500Z v ggplot2 3.3.2     v purrr   0.3.4
2021-03-20T00:52:37.548181900Z v tibble  3.0.3     v dplyr   1.0.2
2021-03-20T00:52:37.548190400Z v tidyr   1.1.2     v stringr 1.4.0
2021-03-20T00:52:37.548197300Z v readr   1.3.1     v forcats 0.5.0
2021-03-20T00:52:37.715233600Z -- Conflicts ------------------------------------------ tidyverse_conflicts() --
2021-03-20T00:52:37.715281200Z x dplyr::filter() masks stats::filter()
2021-03-20T00:52:37.715289700Z x dplyr::lag()    masks stats::lag()
2021-03-20T00:52:39.803882400Z #BlackLivesMatter
2021-03-20T00:52:39.865030100Z 
2021-03-20T00:52:39.865061000Z Attaching package: 'lubridate'
2021-03-20T00:52:39.865070400Z 
2021-03-20T00:52:39.867306800Z The following objects are masked from 'package:base':
2021-03-20T00:52:39.867329300Z 
2021-03-20T00:52:39.867338600Z     date, intersect, setdiff, union
2021-03-20T00:52:39.867346400Z 
2021-03-20T00:52:40.260614300Z <environment: R_GlobalEnv>
2021-03-20T00:52:40.261104800Z <environment: R_GlobalEnv>
2021-03-20T00:53:23.987022900Z data_pt data size = 15164904 
2021-03-20T00:53:23.988047800Z   memory usage = 4.549 GB 
2021-03-20T00:53:25.473882400Z     
2021-03-20T00:53:25.473933900Z all   
2021-03-20T00:53:25.473942900Z   
2021-03-20T00:53:40.429571600Z   
2021-03-20T00:53:40.429686500Z ipwvaxany1 
2021-03-20T01:05:04.163414000Z MODEL INFO:
2021-03-20T01:05:04.163498800Z Observations: 6878262
2021-03-20T01:05:04.163508300Z Dependent Variable: 
2021-03-20T01:05:04.163516000Z Type: Generalized linear model
2021-03-20T01:05:04.163523600Z   Family: binomial 
2021-03-20T01:05:04.163531100Z   Link function: logit 
2021-03-20T01:05:04.163538300Z 
2021-03-20T01:05:04.165501600Z MODEL FIT:
2021-03-20T01:05:04.165546200Z <U+03C7><U+00B2>(84) = 194000.748, p = 0.000
2021-03-20T01:05:04.165562800Z Pseudo-R<U+00B2> (Cragg-Uhler) = 
2021-03-20T01:05:04.165570900Z Pseudo-R<U+00B2> (McFadden) = 0.122
2021-03-20T01:05:04.165578700Z AIC = 1400689.133, BIC = 1401857.362 
2021-03-20T01:05:04.165586100Z 
2021-03-20T01:05:04.166073100Z Standard errors: MLE
2021-03-20T01:05:04.498772800Z ---------------------------------------------------------------------------
2021-03-20T01:05:04.498843100Z                                              Est.    S.E.    z val.       p
2021-03-20T01:05:04.498852300Z --------------------------------------- --------- ------- --------- -------
2021-03-20T01:05:04.498889300Z (Intercept)                               -17.168   0.900   -19.069   0.000
2021-03-20T01:05:04.498897600Z age                                         0.226   0.021    10.872   0.000
2021-03-20T01:05:04.498904500Z I(age  age)                                -0.001   0.000   -12.038   0.000
2021-03-20T01:05:04.498911300Z sexMale                                     0.089   0.005    17.290   0.000
2021-03-20T01:05:04.498918300Z imd2                                        0.117   0.009    12.405   0.000
2021-03-20T01:05:04.498925100Z imd3                                        0.177   0.009    19.561   0.000
2021-03-20T01:05:04.498932000Z imd4                                        0.227   0.009    25.197   0.000
2021-03-20T01:05:04.498938700Z imd5 least deprived                         0.281   0.009    31.164   0.000
2021-03-20T01:05:04.498945500Z ethnicityMixed                              0.284   0.059     4.843   0.000
2021-03-20T01:05:04.498952300Z ethnicitySouth Asian                        0.302   0.033     9.270   0.000
2021-03-20T01:05:04.498959200Z ethnicityWhite                              0.762   0.029    26.591   0.000
2021-03-20T01:05:04.498965900Z ethnicityOther                              0.260   0.045     5.833   0.000
2021-03-20T01:05:04.498972800Z chronic_cardiac_diseaseTRUE                -0.036   0.006    -6.510   0.000
2021-03-20T01:05:04.498979500Z current_copdTRUE                           -0.045   0.008    -5.427   0.000
2021-03-20T01:05:04.498987000Z dementiaTRUE                               -0.240   0.009   -25.595   0.000
2021-03-20T01:05:04.498993900Z dialysisTRUE                               -0.180   0.059    -3.024   0.002
2021-03-20T01:05:04.499000700Z diabetesTRUE                               -0.031   0.006    -5.368   0.000
2021-03-20T01:05:04.499007400Z solid_organ_transplantationTRUE             0.205   0.100     2.048   0.041
2021-03-20T01:05:04.499014200Z chemo_or_radioTRUE                         -0.006   0.014    -0.440   0.660
2021-03-20T01:05:04.499020900Z permanant_immunosuppressionTRUE            -0.057   0.085    -0.670   0.503
2021-03-20T01:05:04.499027600Z aspleniaTRUE                               -0.045   0.052    -0.853   0.394
2021-03-20T01:05:04.499034400Z dmardsTRUE                                  0.016   0.014     1.140   0.254
2021-03-20T01:05:04.499041100Z intel_dis_incl_downs_syndromeTRUE          -0.421   0.067    -6.291   0.000
2021-03-20T01:05:04.499049100Z psychosis_schiz_bipolarTRUE                -0.314   0.030   -10.433   0.000
2021-03-20T01:05:04.499056200Z lung_cancerTRUE                            -0.127   0.031    -4.162   0.000
2021-03-20T01:05:04.499063000Z cancer_excl_lung_and_haemTRUE               0.026   0.007     3.957   0.000
2021-03-20T01:05:04.499069700Z haematological_cancerTRUE                   0.016   0.018     0.863   0.388
2021-03-20T01:05:04.499076600Z flu_vaccineTRUE                             0.828   0.009    87.698   0.000
2021-03-20T01:05:04.499083400Z ns(tstop, df = 4)1                         -0.604   0.045   -13.358   0.000
2021-03-20T01:05:04.499098500Z ns(tstop, df = 4)2                          5.672   0.036   156.561   0.000
2021-03-20T01:05:04.499106200Z ns(tstop, df = 4)3                          7.435   0.098    76.221   0.000
2021-03-20T01:05:04.499113100Z ns(tstop, df = 4)4                         -1.759   0.057   -30.892   0.000
2021-03-20T01:05:04.499119900Z regionEast Midlands                        -1.806   0.107   -16.879   0.000
2021-03-20T01:05:04.499126900Z regionLondon                               -1.876   0.219    -8.572   0.000
2021-03-20T01:05:04.499133600Z regionNorth East                           -1.706   0.165   -10.315   0.000
2021-03-20T01:05:04.499140500Z regionNorth West                           -1.729   0.116   -14.929   0.000
2021-03-20T01:05:04.499147200Z regionSouth East                           -2.242   0.138   -16.260   0.000
2021-03-20T01:05:04.499153900Z regionSouth West                           -1.821   0.090   -20.193   0.000
2021-03-20T01:05:04.499160700Z regionWest Midlands                        -2.591   0.185   -14.039   0.000
2021-03-20T01:05:04.499167400Z regionYorkshire and The                    -2.450   0.104   -23.589   0.000
2021-03-20T01:05:04.499174200Z Humber                                                                     
2021-03-20T01:05:04.499181000Z hospital_status                             0.143   0.006    25.789   0.000
2021-03-20T01:05:04.499187800Z timesince_probable_covid_pw[1,             -3.318   0.501    -6.626   0.000
2021-03-20T01:05:04.499194500Z 3)                                                                         
2021-03-20T01:05:04.499201300Z timesince_probable_covid_pw[3,             -2.512   0.237   -10.617   0.000
2021-03-20T01:05:04.499208100Z 7)                                                                         
2021-03-20T01:05:04.499214800Z timesince_probable_covid_pw[7,             -2.275   0.163   -13.953   0.000
2021-03-20T01:05:04.499221600Z 14)                                                                        
2021-03-20T01:05:04.499228400Z timesince_probable_covid_pw[14,            -1.831   0.140   -13.100   0.000
2021-03-20T01:05:04.499235200Z 21)                                                                        
2021-03-20T01:05:04.499242500Z timesince_probable_covid_pw[21,            -1.086   0.112    -9.739   0.000
2021-03-20T01:05:04.499249400Z 28)                                                                        
2021-03-20T01:05:04.499256200Z timesince_probable_covid_pw[28,            -0.081   0.060    -1.337   0.181
2021-03-20T01:05:04.499263100Z Inf)                                                                       
2021-03-20T01:05:04.499269800Z timesince_suspected_covid_pw[1,             0.579   0.086     6.728   0.000
2021-03-20T01:05:04.499276700Z 3)                                                                         
2021-03-20T01:05:04.499283500Z timesince_suspected_covid_pw[3,             0.504   0.070     7.209   0.000
2021-03-20T01:05:04.499297800Z 7)                                                                         
2021-03-20T01:05:04.499305300Z timesince_suspected_covid_pw[7,             0.024   0.078     0.306   0.760
2021-03-20T01:05:04.499312100Z 14)                                                                        
2021-03-20T01:05:04.499318800Z timesince_suspected_covid_pw[14,            0.041   0.091     0.450   0.653
2021-03-20T01:05:04.499325700Z 21)                                                                        
2021-03-20T01:05:04.499332500Z timesince_suspected_covid_pw[21,           -0.045   0.096    -0.474   0.635
2021-03-20T01:05:04.499339300Z 28)                                                                        
2021-03-20T01:05:04.499346100Z timesince_suspected_covid_pw[28,            0.034   0.060     0.568   0.570
2021-03-20T01:05:04.499353400Z Inf)                                                                       
2021-03-20T01:05:04.499360200Z ns(tstop, df =                              3.195   0.105    30.543   0.000
2021-03-20T01:05:04.499367100Z 4)1:regionEast Midlands                                                    
2021-03-20T01:05:04.499373900Z ns(tstop, df =                              0.683   0.072     9.479   0.000
2021-03-20T01:05:04.499380700Z 4)2:regionEast Midlands                                                    
2021-03-20T01:05:04.499387600Z ns(tstop, df =                              2.467   0.228    10.843   0.000
2021-03-20T01:05:04.499394400Z 4)3:regionEast Midlands                                                    
2021-03-20T01:05:04.499401200Z ns(tstop, df =                              2.411   0.088    27.405   0.000
2021-03-20T01:05:04.499408100Z 4)4:regionEast Midlands                                                    
2021-03-20T01:05:04.499415500Z ns(tstop, df =                              3.270   0.210    15.548   0.000
2021-03-20T01:05:04.499422400Z 4)1:regionLondon                                                           
2021-03-20T01:05:04.499429300Z ns(tstop, df =                              0.734   0.144     5.082   0.000
2021-03-20T01:05:04.499437000Z 4)2:regionLondon                                                           
2021-03-20T01:05:04.499444300Z ns(tstop, df =                              2.289   0.461     4.967   0.000
2021-03-20T01:05:04.499451400Z 4)3:regionLondon                                                           
2021-03-20T01:05:04.499458700Z ns(tstop, df =                              0.558   0.167     3.351   0.001
2021-03-20T01:05:04.499465500Z 4)4:regionLondon                                                           
2021-03-20T01:05:04.499472200Z ns(tstop, df =                              3.500   0.159    22.068   0.000
2021-03-20T01:05:04.499479000Z 4)1:regionNorth East                                                       
2021-03-20T01:05:04.499486100Z ns(tstop, df =                              0.375   0.116     3.233   0.001
2021-03-20T01:05:04.499493000Z 4)2:regionNorth East                                                       
2021-03-20T01:05:04.499507200Z ns(tstop, df =                              2.736   0.349     7.832   0.000
2021-03-20T01:05:04.499514900Z 4)3:regionNorth East                                                       
2021-03-20T01:05:04.499522200Z ns(tstop, df =                              1.355   0.154     8.789   0.000
2021-03-20T01:05:04.499529000Z 4)4:regionNorth East                                                       
2021-03-20T01:05:04.499535900Z ns(tstop, df =                              3.197   0.111    28.711   0.000
2021-03-20T01:05:04.499542700Z 4)1:regionNorth West                                                       
2021-03-20T01:05:04.499550200Z ns(tstop, df =                              0.743   0.085     8.721   0.000
2021-03-20T01:05:04.499557500Z 4)2:regionNorth West                                                       
2021-03-20T01:05:04.499564500Z ns(tstop, df =                              3.140   0.248    12.684   0.000
2021-03-20T01:05:04.499571800Z 4)3:regionNorth West                                                       
2021-03-20T01:05:04.499579000Z ns(tstop, df =                              0.887   0.125     7.114   0.000
2021-03-20T01:05:04.499586500Z 4)4:regionNorth West                                                       
2021-03-20T01:05:04.499593800Z ns(tstop, df =                              2.846   0.132    21.560   0.000
2021-03-20T01:05:04.499600800Z 4)1:regionSouth East                                                       
2021-03-20T01:05:04.499607600Z ns(tstop, df =                              0.933   0.097     9.649   0.000
2021-03-20T01:05:04.499614900Z 4)2:regionSouth East                                                       
2021-03-20T01:05:04.499621700Z ns(tstop, df =                              4.282   0.294    14.586   0.000
2021-03-20T01:05:04.499628600Z 4)3:regionSouth East                                                       
2021-03-20T01:05:04.499635900Z ns(tstop, df =                              1.083   0.122     8.853   0.000
2021-03-20T01:05:04.499642900Z 4)4:regionSouth East                                                       
2021-03-20T01:05:04.499650200Z ns(tstop, df =                              2.623   0.088    29.859   0.000
2021-03-20T01:05:04.499657200Z 4)1:regionSouth West                                                       
2021-03-20T01:05:04.499664200Z ns(tstop, df =                              0.776   0.066    11.750   0.000
2021-03-20T01:05:04.499671600Z 4)2:regionSouth West                                                       
2021-03-20T01:05:04.499678900Z ns(tstop, df =                              3.497   0.194    17.985   0.000
2021-03-20T01:05:04.499686100Z 4)3:regionSouth West                                                       
2021-03-20T01:05:04.499692900Z ns(tstop, df =                              1.256   0.092    13.646   0.000
2021-03-20T01:05:04.499699800Z 4)4:regionSouth West                                                       
2021-03-20T01:05:04.499714000Z ns(tstop, df =                              3.211   0.173    18.545   0.000
2021-03-20T01:05:04.499721700Z 4)1:regionWest Midlands                                                    
2021-03-20T01:05:04.499728700Z ns(tstop, df =                              1.067   0.134     7.960   0.000
2021-03-20T01:05:04.499735600Z 4)2:regionWest Midlands                                                    
2021-03-20T01:05:04.499742500Z ns(tstop, df =                              5.403   0.392    13.796   0.000
2021-03-20T01:05:04.499749200Z 4)3:regionWest Midlands                                                    
2021-03-20T01:05:04.499756300Z ns(tstop, df =                              0.071   0.165     0.431   0.667
2021-03-20T01:05:04.499763100Z 4)4:regionWest Midlands                                                    
2021-03-20T01:05:04.499770100Z ns(tstop, df =                              3.498   0.099    35.281   0.000
2021-03-20T01:05:04.499777200Z 4)1:regionYorkshire and The                                                
2021-03-20T01:05:04.499783900Z Humber                                                                     
2021-03-20T01:05:04.499790900Z ns(tstop, df =                              0.826   0.076    10.809   0.000
2021-03-20T01:05:04.499801100Z 4)2:regionYorkshire and The                                                
2021-03-20T01:05:04.499808700Z Humber                                                                     
2021-03-20T01:05:04.499815600Z ns(tstop, df =                              5.147   0.222    23.206   0.000
2021-03-20T01:05:04.499822500Z 4)3:regionYorkshire and The                                                
2021-03-20T01:05:04.499829400Z Humber                                                                     
2021-03-20T01:05:04.499837400Z ns(tstop, df =                              1.022   0.102     9.992   0.000
2021-03-20T01:05:04.499844500Z 4)4:regionYorkshire and The                                                
2021-03-20T01:05:04.499854400Z Humber                                                                     
2021-03-20T01:05:04.499861200Z ---------------------------------------------------------------------------
2021-03-20T01:05:04.499868100Z ipwvaxany1 data size = 6878262 
2021-03-20T01:05:16.917918500Z memory usage = 5.008 GB 
2021-03-20T01:05:16.918027900Z   
2021-03-20T01:05:16.918038300Z ipwvaxpany1_fxd 
2021-03-20T01:14:49.936278300Z MODEL INFO:
2021-03-20T01:14:49.936375600Z Observations: 6878262
2021-03-20T01:14:49.936385400Z Dependent Variable: 
2021-03-20T01:14:49.936392900Z Type: Generalized linear model
2021-03-20T01:14:49.936400300Z   Family: binomial 
2021-03-20T01:14:49.936407500Z   Link function: logit 
2021-03-20T01:14:49.936414800Z 
2021-03-20T01:14:49.938056500Z MODEL FIT:
2021-03-20T01:14:49.938118400Z <U+03C7><U+00B2>(71) = 191663.648, p = 0.000
2021-03-20T01:14:49.938128400Z Pseudo-R<U+00B2> (Cragg-Uhler) = 
2021-03-20T01:14:49.938135600Z Pseudo-R<U+00B2> (McFadden) = 0.120
2021-03-20T01:14:49.938142500Z AIC = 1403000.233, BIC = 1403989.792 
2021-03-20T01:14:49.938149600Z 
2021-03-20T01:14:49.938280500Z Standard errors: MLE
2021-03-20T01:14:50.200731800Z ---------------------------------------------------------------------------
2021-03-20T01:14:50.200811600Z                                              Est.    S.E.    z val.       p
2021-03-20T01:14:50.200820500Z --------------------------------------- --------- ------- --------- -------
2021-03-20T01:14:50.200827500Z (Intercept)                               -17.212   0.900   -19.120   0.000
2021-03-20T01:14:50.200834600Z age                                         0.229   0.021    11.013   0.000
2021-03-20T01:14:50.200841500Z I(age  age)                                -0.001   0.000   -12.160   0.000
2021-03-20T01:14:50.200848600Z sexMale                                     0.086   0.005    16.719   0.000
2021-03-20T01:14:50.200855500Z imd2                                        0.117   0.009    12.396   0.000
2021-03-20T01:14:50.200862500Z imd3                                        0.178   0.009    19.693   0.000
2021-03-20T01:14:50.200869600Z imd4                                        0.228   0.009    25.250   0.000
2021-03-20T01:14:50.200876600Z imd5 least deprived                         0.280   0.009    31.141   0.000
2021-03-20T01:14:50.200883500Z ethnicityMixed                              0.274   0.059     4.674   0.000
2021-03-20T01:14:50.200890600Z ethnicitySouth Asian                        0.301   0.033     9.221   0.000
2021-03-20T01:14:50.200897600Z ethnicityWhite                              0.761   0.029    26.584   0.000
2021-03-20T01:14:50.200904600Z ethnicityOther                              0.251   0.045     5.634   0.000
2021-03-20T01:14:50.200911600Z chronic_cardiac_diseaseTRUE                -0.022   0.006    -4.046   0.000
2021-03-20T01:14:50.200918600Z current_copdTRUE                           -0.037   0.008    -4.536   0.000
2021-03-20T01:14:50.200925400Z dementiaTRUE                               -0.239   0.009   -25.591   0.000
2021-03-20T01:14:50.200932500Z dialysisTRUE                               -0.181   0.059    -3.051   0.002
2021-03-20T01:14:50.200939500Z diabetesTRUE                               -0.029   0.006    -5.013   0.000
2021-03-20T01:14:50.200946500Z solid_organ_transplantationTRUE             0.204   0.100     2.040   0.041
2021-03-20T01:14:50.200953300Z chemo_or_radioTRUE                         -0.005   0.014    -0.371   0.710
2021-03-20T01:14:50.200960400Z permanant_immunosuppressionTRUE            -0.041   0.085    -0.482   0.630
2021-03-20T01:14:50.200967600Z aspleniaTRUE                               -0.041   0.052    -0.786   0.432
2021-03-20T01:14:50.200974500Z dmardsTRUE                                  0.022   0.014     1.558   0.119
2021-03-20T01:14:50.201005700Z intel_dis_incl_downs_syndromeTRUE          -0.435   0.067    -6.505   0.000
2021-03-20T01:14:50.201015200Z psychosis_schiz_bipolarTRUE                -0.314   0.030   -10.438   0.000
2021-03-20T01:14:50.201022400Z lung_cancerTRUE                            -0.114   0.031    -3.709   0.000
2021-03-20T01:14:50.201029300Z cancer_excl_lung_and_haemTRUE               0.037   0.007     5.610   0.000
2021-03-20T01:14:50.201036500Z haematological_cancerTRUE                   0.025   0.018     1.345   0.179
2021-03-20T01:14:50.201043400Z flu_vaccineTRUE                             0.833   0.009    88.393   0.000
2021-03-20T01:14:50.201050200Z ns(tstop, df = 4)1                         -0.608   0.045   -13.464   0.000
2021-03-20T01:14:50.201057000Z ns(tstop, df = 4)2                          5.658   0.036   156.117   0.000
2021-03-20T01:14:50.201063900Z ns(tstop, df = 4)3                          7.370   0.097    75.595   0.000
2021-03-20T01:14:50.201070700Z ns(tstop, df = 4)4                         -1.852   0.057   -32.497   0.000
2021-03-20T01:14:50.201077600Z regionEast Midlands                        -1.805   0.107   -16.876   0.000
2021-03-20T01:14:50.201084800Z regionLondon                               -1.867   0.218    -8.547   0.000
2021-03-20T01:14:50.201091800Z regionNorth East                           -1.705   0.165   -10.315   0.000
2021-03-20T01:14:50.201098600Z regionNorth West                           -1.729   0.116   -14.930   0.000
2021-03-20T01:14:50.201106000Z regionSouth East                           -2.237   0.138   -16.235   0.000
2021-03-20T01:14:50.201113200Z regionSouth West                           -1.818   0.090   -20.165   0.000
2021-03-20T01:14:50.201120000Z regionWest Midlands                        -2.587   0.184   -14.023   0.000
2021-03-20T01:14:50.201126800Z regionYorkshire and The                    -2.446   0.104   -23.563   0.000
2021-03-20T01:14:50.201133900Z Humber                                                                     
2021-03-20T01:14:50.201140600Z ns(tstop, df =                              3.194   0.105    30.544   0.000
2021-03-20T01:14:50.201147900Z 4)1:regionEast Midlands                                                    
2021-03-20T01:14:50.201155000Z ns(tstop, df =                              0.681   0.072     9.450   0.000
2021-03-20T01:14:50.201161800Z 4)2:regionEast Midlands                                                    
2021-03-20T01:14:50.201168500Z ns(tstop, df =                              2.469   0.227    10.856   0.000
2021-03-20T01:14:50.201175600Z 4)3:regionEast Midlands                                                    
2021-03-20T01:14:50.201182400Z ns(tstop, df =                              2.420   0.088    27.454   0.000
2021-03-20T01:14:50.201189400Z 4)4:regionEast Midlands                                                    
2021-03-20T01:14:50.201196200Z ns(tstop, df =                              3.269   0.210    15.571   0.000
2021-03-20T01:14:50.201211800Z 4)1:regionLondon                                                           
2021-03-20T01:14:50.201220400Z ns(tstop, df =                              0.708   0.144     4.909   0.000
2021-03-20T01:14:50.201228200Z 4)2:regionLondon                                                           
2021-03-20T01:14:50.201235300Z ns(tstop, df =                              2.253   0.460     4.898   0.000
2021-03-20T01:14:50.201242200Z 4)3:regionLondon                                                           
2021-03-20T01:14:50.201249000Z ns(tstop, df =                              0.555   0.167     3.320   0.001
2021-03-20T01:14:50.201256100Z 4)4:regionLondon                                                           
2021-03-20T01:14:50.201263000Z ns(tstop, df =                              3.497   0.159    22.057   0.000
2021-03-20T01:14:50.201270000Z 4)1:regionNorth East                                                       
2021-03-20T01:14:50.201276800Z ns(tstop, df =                              0.375   0.116     3.227   0.001
2021-03-20T01:14:50.201284000Z 4)2:regionNorth East                                                       
2021-03-20T01:14:50.201290800Z ns(tstop, df =                              2.748   0.349     7.869   0.000
2021-03-20T01:14:50.201297700Z 4)3:regionNorth East                                                       
2021-03-20T01:14:50.201304400Z ns(tstop, df =                              1.380   0.154     8.936   0.000
2021-03-20T01:14:50.201311100Z 4)4:regionNorth East                                                       
2021-03-20T01:14:50.201317900Z ns(tstop, df =                              3.199   0.111    28.739   0.000
2021-03-20T01:14:50.201324600Z 4)1:regionNorth West                                                       
2021-03-20T01:14:50.201331300Z ns(tstop, df =                              0.746   0.085     8.742   0.000
2021-03-20T01:14:50.201338100Z 4)2:regionNorth West                                                       
2021-03-20T01:14:50.201344800Z ns(tstop, df =                              3.137   0.247    12.674   0.000
2021-03-20T01:14:50.201351600Z 4)3:regionNorth West                                                       
2021-03-20T01:14:50.201358400Z ns(tstop, df =                              0.863   0.125     6.893   0.000
2021-03-20T01:14:50.201365200Z 4)4:regionNorth West                                                       
2021-03-20T01:14:50.201372000Z ns(tstop, df =                              2.845   0.132    21.566   0.000
2021-03-20T01:14:50.201378800Z 4)1:regionSouth East                                                       
2021-03-20T01:14:50.201385600Z ns(tstop, df =                              0.928   0.097     9.595   0.000
2021-03-20T01:14:50.201392300Z 4)2:regionSouth East                                                       
2021-03-20T01:14:50.201400300Z ns(tstop, df =                              4.265   0.293    14.538   0.000
2021-03-20T01:14:50.201415200Z 4)3:regionSouth East                                                       
2021-03-20T01:14:50.201422500Z ns(tstop, df =                              1.052   0.123     8.571   0.000
2021-03-20T01:14:50.201429300Z 4)4:regionSouth East                                                       
2021-03-20T01:14:50.201436100Z ns(tstop, df =                              2.622   0.088    29.857   0.000
2021-03-20T01:14:50.201442800Z 4)1:regionSouth West                                                       
2021-03-20T01:14:50.201449600Z ns(tstop, df =                              0.782   0.066    11.824   0.000
2021-03-20T01:14:50.201456200Z 4)2:regionSouth West                                                       
2021-03-20T01:14:50.201462900Z ns(tstop, df =                              3.503   0.194    18.019   0.000
2021-03-20T01:14:50.201469600Z 4)3:regionSouth West                                                       
2021-03-20T01:14:50.201476300Z ns(tstop, df =                              1.261   0.092    13.664   0.000
2021-03-20T01:14:50.201483100Z 4)4:regionSouth West                                                       
2021-03-20T01:14:50.201489800Z ns(tstop, df =                              3.208   0.173    18.539   0.000
2021-03-20T01:14:50.201496700Z 4)1:regionWest Midlands                                                    
2021-03-20T01:14:50.201503400Z ns(tstop, df =                              1.059   0.134     7.905   0.000
2021-03-20T01:14:50.201510200Z 4)2:regionWest Midlands                                                    
2021-03-20T01:14:50.201517000Z ns(tstop, df =                              5.402   0.391    13.799   0.000
2021-03-20T01:14:50.201524000Z 4)3:regionWest Midlands                                                    
2021-03-20T01:14:50.201530700Z ns(tstop, df =                              0.080   0.165     0.484   0.628
2021-03-20T01:14:50.201537600Z 4)4:regionWest Midlands                                                    
2021-03-20T01:14:50.201544600Z ns(tstop, df =                              3.495   0.099    35.264   0.000
2021-03-20T01:14:50.201551800Z 4)1:regionYorkshire and The                                                
2021-03-20T01:14:50.201558600Z Humber                                                                     
2021-03-20T01:14:50.201565300Z ns(tstop, df =                              0.824   0.076    10.778   0.000
2021-03-20T01:14:50.201572100Z 4)2:regionYorkshire and The                                                
2021-03-20T01:14:50.201578800Z Humber                                                                     
2021-03-20T01:14:50.201585500Z ns(tstop, df =                              5.154   0.222    23.245   0.000
2021-03-20T01:14:50.201592800Z 4)3:regionYorkshire and The                                                
2021-03-20T01:14:50.201599800Z Humber                                                                     
2021-03-20T01:14:50.201606600Z ns(tstop, df =                              1.039   0.103    10.139   0.000
2021-03-20T01:14:50.201621300Z 4)4:regionYorkshire and The                                                
2021-03-20T01:14:50.201628800Z Humber                                                                     
2021-03-20T01:14:50.201635500Z ---------------------------------------------------------------------------
2021-03-20T01:14:50.201642400Z ipwvaxany1_fxd data size = 6878262 
2021-03-20T01:15:02.642392200Z memory usage = 5.008 GB 
2021-03-20T01:34:43.445148500Z   
2021-03-20T01:34:43.445252500Z ipwdeath 
2021-03-20T02:13:58.258612300Z MODEL INFO:
2021-03-20T02:13:58.258742100Z Observations: 15164904
2021-03-20T02:13:58.258752100Z Dependent Variable: 
2021-03-20T02:13:58.258759700Z Type: Generalized linear model
2021-03-20T02:13:58.258767000Z   Family: binomial 
2021-03-20T02:13:58.258774600Z   Link function: logit 
2021-03-20T02:13:58.258781900Z 
2021-03-20T02:13:58.260937800Z MODEL FIT:
2021-03-20T02:13:58.261069900Z <U+03C7><U+00B2>(90) = 6292.454, p = 0.000
2021-03-20T02:13:58.261081000Z Pseudo-R<U+00B2> (Cragg-Uhler) = 
2021-03-20T02:13:58.261088900Z Pseudo-R<U+00B2> (McFadden) = 0.079
2021-03-20T02:13:58.261096900Z AIC = 73403.566, BIC = 74726.205 
2021-03-20T02:13:58.261104400Z 
2021-03-20T02:13:58.261111800Z Standard errors: MLE
2021-03-20T02:13:58.573078300Z ---------------------------------------------------------------------------
2021-03-20T02:13:58.573177100Z                                              Est.    S.E.    z val.       p
2021-03-20T02:13:58.573186800Z --------------------------------------- --------- ------- --------- -------
2021-03-20T02:13:58.573194600Z (Intercept)                               -24.876   4.250    -5.853   0.000
2021-03-20T02:13:58.573202100Z age                                         0.261   0.096     2.714   0.007
2021-03-20T02:13:58.573209700Z I(age  age)                                -0.001   0.001    -1.620   0.105
2021-03-20T02:13:58.573217200Z sexMale                                     0.324   0.031    10.392   0.000
2021-03-20T02:13:58.573224900Z imd2                                        0.025   0.053     0.477   0.633
2021-03-20T02:13:58.573232200Z imd3                                       -0.071   0.052    -1.358   0.174
2021-03-20T02:13:58.573239600Z imd4                                       -0.098   0.053    -1.854   0.064
2021-03-20T02:13:58.573246900Z imd5 least deprived                        -0.087   0.053    -1.641   0.101
2021-03-20T02:13:58.573254200Z ethnicityMixed                              0.188   0.276     0.681   0.496
2021-03-20T02:13:58.573261500Z ethnicitySouth Asian                        0.116   0.154     0.749   0.454
2021-03-20T02:13:58.573268900Z ethnicityWhite                              0.174   0.134     1.300   0.193
2021-03-20T02:13:58.573316000Z ethnicityOther                              0.031   0.229     0.136   0.892
2021-03-20T02:13:58.573324200Z chronic_cardiac_diseaseTRUE                 0.387   0.032    12.232   0.000
2021-03-20T02:13:58.573331100Z current_copdTRUE                            0.411   0.043     9.575   0.000
2021-03-20T02:13:58.573337900Z dementiaTRUE                                0.840   0.038    21.939   0.000
2021-03-20T02:13:58.573344800Z dialysisTRUE                                1.362   0.171     7.979   0.000
2021-03-20T02:13:58.573351700Z diabetesTRUE                                0.237   0.033     7.110   0.000
2021-03-20T02:13:58.573358500Z solid_organ_transplantationTRUE             0.012   0.509     0.023   0.981
2021-03-20T02:13:58.573365300Z chemo_or_radioTRUE                          0.050   0.077     0.648   0.517
2021-03-20T02:13:58.573372100Z permanant_immunosuppressionTRUE            -0.467   0.580    -0.806   0.420
2021-03-20T02:13:58.573379100Z aspleniaTRUE                                0.353   0.268     1.315   0.189
2021-03-20T02:13:58.573385900Z dmardsTRUE                                  0.233   0.084     2.783   0.005
2021-03-20T02:13:58.573392800Z intel_dis_incl_downs_syndromeTRUE           0.463   0.279     1.659   0.097
2021-03-20T02:13:58.573401300Z psychosis_schiz_bipolarTRUE                 0.449   0.129     3.488   0.000
2021-03-20T02:13:58.573408600Z lung_cancerTRUE                             1.341   0.097    13.864   0.000
2021-03-20T02:13:58.573415500Z cancer_excl_lung_and_haemTRUE               0.458   0.036    12.694   0.000
2021-03-20T02:13:58.573422400Z haematological_cancerTRUE                   0.626   0.085     7.362   0.000
2021-03-20T02:13:58.573429200Z flu_vaccineTRUE                             0.126   0.051     2.495   0.013
2021-03-20T02:13:58.573436200Z timesincevax_pw(0,1]                       -2.760   0.303    -9.112   0.000
2021-03-20T02:13:58.573443000Z timesincevax_pw(1,4]                       -2.377   0.143   -16.607   0.000
2021-03-20T02:13:58.573449800Z timesincevax_pw(4,7]                       -2.074   0.120   -17.262   0.000
2021-03-20T02:13:58.573456600Z timesincevax_pw(7,14]                      -2.127   0.081   -26.324   0.000
2021-03-20T02:13:58.573463400Z timesincevax_pw(14,21]                     -1.972   0.074   -26.561   0.000
2021-03-20T02:13:58.573470200Z timesincevax_pw(21, Inf]                   -2.336   0.056   -41.581   0.000
2021-03-20T02:13:58.573477000Z ns(tstop, df = 4)1                          1.372   0.160     8.562   0.000
2021-03-20T02:13:58.573483800Z ns(tstop, df = 4)2                          1.693   0.165    10.276   0.000
2021-03-20T02:13:58.573491200Z ns(tstop, df = 4)3                          2.198   0.356     6.178   0.000
2021-03-20T02:13:58.573498000Z ns(tstop, df = 4)4                          1.249   0.163     7.676   0.000
2021-03-20T02:13:58.573504800Z regionEast Midlands                         0.325   0.214     1.517   0.129
2021-03-20T02:13:58.573519900Z regionLondon                               -0.568   0.466    -1.220   0.223
2021-03-20T02:13:58.573527500Z regionNorth East                            0.533   0.313     1.705   0.088
2021-03-20T02:13:58.573534500Z regionNorth West                           -0.156   0.291    -0.534   0.593
2021-03-20T02:13:58.573541300Z regionSouth East                            0.745   0.254     2.931   0.003
2021-03-20T02:13:58.573548300Z regionSouth West                            0.671   0.201     3.343   0.001
2021-03-20T02:13:58.573555100Z regionWest Midlands                         0.051   0.406     0.126   0.900
2021-03-20T02:13:58.573562100Z regionYorkshire and The                     0.057   0.245     0.233   0.815
2021-03-20T02:13:58.573569000Z Humber                                                                     
2021-03-20T02:13:58.573576000Z hospital_status                            -0.930   0.038   -24.216   0.000
2021-03-20T02:13:58.573583400Z timesince_probable_covid_pw[1,              1.592   0.236     6.753   0.000
2021-03-20T02:13:58.573590700Z 3)                                                                         
2021-03-20T02:13:58.573598100Z timesince_probable_covid_pw[3,              2.223   0.129    17.236   0.000
2021-03-20T02:13:58.573605200Z 7)                                                                         
2021-03-20T02:13:58.573612400Z timesince_probable_covid_pw[7,              1.844   0.122    15.145   0.000
2021-03-20T02:13:58.573619300Z 14)                                                                        
2021-03-20T02:13:58.573626100Z timesince_probable_covid_pw[14,             1.461   0.150     9.746   0.000
2021-03-20T02:13:58.573632900Z 21)                                                                        
2021-03-20T02:13:58.573640000Z timesince_probable_covid_pw[21,             0.923   0.205     4.508   0.000
2021-03-20T02:13:58.573646900Z 28)                                                                        
2021-03-20T02:13:58.573653600Z timesince_probable_covid_pw[28,             0.610   0.168     3.633   0.000
2021-03-20T02:13:58.573660300Z Inf)                                                                       
2021-03-20T02:13:58.573667300Z timesince_suspected_covid_pw[1,             1.099   0.361     3.048   0.002
2021-03-20T02:13:58.573674100Z 3)                                                                         
2021-03-20T02:13:58.573680800Z timesince_suspected_covid_pw[3,             1.127   0.250     4.505   0.000
2021-03-20T02:13:58.573687600Z 7)                                                                         
2021-03-20T02:13:58.573694400Z timesince_suspected_covid_pw[7,             0.864   0.225     3.841   0.000
2021-03-20T02:13:58.573701200Z 14)                                                                        
2021-03-20T02:13:58.573708100Z timesince_suspected_covid_pw[14,            0.509   0.282     1.804   0.071
2021-03-20T02:13:58.573715000Z 21)                                                                        
2021-03-20T02:13:58.573728600Z timesince_suspected_covid_pw[21,            0.605   0.294     2.060   0.039
2021-03-20T02:13:58.573736000Z 28)                                                                        
2021-03-20T02:13:58.573743000Z timesince_suspected_covid_pw[28,            0.620   0.186     3.331   0.001
2021-03-20T02:13:58.573750000Z Inf)                                                                       
2021-03-20T02:13:58.573756800Z ns(tstop, df =                             -0.373   0.244    -1.531   0.126
2021-03-20T02:13:58.573763500Z 4)1:regionEast Midlands                                                    
2021-03-20T02:13:58.573770200Z ns(tstop, df =                             -0.079   0.243    -0.327   0.744
2021-03-20T02:13:58.573777100Z 4)2:regionEast Midlands                                                    
2021-03-20T02:13:58.573783900Z ns(tstop, df =                             -1.033   0.528    -1.959   0.050
2021-03-20T02:13:58.573791800Z 4)3:regionEast Midlands                                                    
2021-03-20T02:13:58.573798700Z ns(tstop, df =                              0.068   0.245     0.278   0.781
2021-03-20T02:13:58.573807900Z 4)4:regionEast Midlands                                                    
2021-03-20T02:13:58.573815000Z ns(tstop, df =                              1.211   0.472     2.565   0.010
2021-03-20T02:13:58.573822000Z 4)1:regionLondon                                                           
2021-03-20T02:13:58.573829300Z ns(tstop, df =                             -0.364   0.480    -0.758   0.448
2021-03-20T02:13:58.573836300Z 4)2:regionLondon                                                           
2021-03-20T02:13:58.573843200Z ns(tstop, df =                              0.102   1.084     0.094   0.925
2021-03-20T02:13:58.573849900Z 4)3:regionLondon                                                           
2021-03-20T02:13:58.573856600Z ns(tstop, df =                              0.059   0.444     0.133   0.894
2021-03-20T02:13:58.573863300Z 4)4:regionLondon                                                           
2021-03-20T02:13:58.573870100Z ns(tstop, df =                             -0.852   0.390    -2.187   0.029
2021-03-20T02:13:58.573876800Z 4)1:regionNorth East                                                       
2021-03-20T02:13:58.573883600Z ns(tstop, df =                              0.012   0.380     0.033   0.974
2021-03-20T02:13:58.573891100Z 4)2:regionNorth East                                                       
2021-03-20T02:13:58.573898200Z ns(tstop, df =                             -1.246   0.796    -1.566   0.117
2021-03-20T02:13:58.573905000Z 4)3:regionNorth East                                                       
2021-03-20T02:13:58.573913300Z ns(tstop, df =                             -0.163   0.403    -0.404   0.686
2021-03-20T02:13:58.573920600Z 4)4:regionNorth East                                                       
2021-03-20T02:13:58.573934700Z ns(tstop, df =                             -0.073   0.324    -0.226   0.821
2021-03-20T02:13:58.573942500Z 4)1:regionNorth West                                                       
2021-03-20T02:13:58.573949400Z ns(tstop, df =                              0.222   0.316     0.701   0.483
2021-03-20T02:13:58.573956300Z 4)2:regionNorth West                                                       
2021-03-20T02:13:58.573963000Z ns(tstop, df =                              0.506   0.705     0.718   0.473
2021-03-20T02:13:58.573969900Z 4)3:regionNorth West                                                       
2021-03-20T02:13:58.573976800Z ns(tstop, df =                              0.337   0.293     1.150   0.250
2021-03-20T02:13:58.573983900Z 4)4:regionNorth West                                                       
2021-03-20T02:13:58.573991400Z ns(tstop, df =                             -0.740   0.310    -2.390   0.017
2021-03-20T02:13:58.573998700Z 4)1:regionSouth East                                                       
2021-03-20T02:13:58.574005400Z ns(tstop, df =                             -0.296   0.312    -0.948   0.343
2021-03-20T02:13:58.574012300Z 4)2:regionSouth East                                                       
2021-03-20T02:13:58.574019200Z ns(tstop, df =                             -2.235   0.653    -3.420   0.001
2021-03-20T02:13:58.574025900Z 4)3:regionSouth East                                                       
2021-03-20T02:13:58.574032700Z ns(tstop, df =                             -0.168   0.344    -0.489   0.625
2021-03-20T02:13:58.574039500Z 4)4:regionSouth East                                                       
2021-03-20T02:13:58.574046400Z ns(tstop, df =                             -0.864   0.240    -3.597   0.000
2021-03-20T02:13:58.574053200Z 4)1:regionSouth West                                                       
2021-03-20T02:13:58.574060100Z ns(tstop, df =                             -0.160   0.240    -0.667   0.504
2021-03-20T02:13:58.574067200Z 4)2:regionSouth West                                                       
2021-03-20T02:13:58.574074000Z ns(tstop, df =                             -1.532   0.505    -3.037   0.002
2021-03-20T02:13:58.574081000Z 4)3:regionSouth West                                                       
2021-03-20T02:13:58.574088600Z ns(tstop, df =                             -0.001   0.246    -0.003   0.997
2021-03-20T02:13:58.574095700Z 4)4:regionSouth West                                                       
2021-03-20T02:13:58.574102600Z ns(tstop, df =                              0.400   0.450     0.888   0.375
2021-03-20T02:13:58.574109400Z 4)1:regionWest Midlands                                                    
2021-03-20T02:13:58.574116400Z ns(tstop, df =                             -0.520   0.452    -1.151   0.250
2021-03-20T02:13:58.574123200Z 4)2:regionWest Midlands                                                    
2021-03-20T02:13:58.574130100Z ns(tstop, df =                             -0.558   0.990    -0.564   0.573
2021-03-20T02:13:58.574144200Z 4)3:regionWest Midlands                                                    
2021-03-20T02:13:58.574151700Z ns(tstop, df =                              0.308   0.423     0.727   0.467
2021-03-20T02:13:58.574158600Z 4)4:regionWest Midlands                                                    
2021-03-20T02:13:58.574165400Z ns(tstop, df =                             -0.192   0.277    -0.691   0.490
2021-03-20T02:13:58.574172400Z 4)1:regionYorkshire and The                                                
2021-03-20T02:13:58.574179300Z Humber                                                                     
2021-03-20T02:13:58.574187900Z ns(tstop, df =                              0.215   0.280     0.769   0.442
2021-03-20T02:13:58.574195300Z 4)2:regionYorkshire and The                                                
2021-03-20T02:13:58.574202100Z Humber                                                                     
2021-03-20T02:13:58.574209800Z ns(tstop, df =                             -0.407   0.602    -0.676   0.499
2021-03-20T02:13:58.574216800Z 4)3:regionYorkshire and The                                                
2021-03-20T02:13:58.574223700Z Humber                                                                     
2021-03-20T02:13:58.574230600Z ns(tstop, df =                             -0.513   0.298    -1.719   0.086
2021-03-20T02:13:58.574237400Z 4)4:regionYorkshire and The                                                
2021-03-20T02:13:58.574244300Z Humber                                                                     
2021-03-20T02:13:58.574251700Z ---------------------------------------------------------------------------
2021-03-20T02:13:58.574258400Z ipwdeath data size = 15164904 
2021-03-20T02:14:50.829407700Z memory usage = 11.289 GB 
2021-03-20T02:14:50.829522800Z   
2021-03-20T02:14:50.829532700Z ipwdeath_fxd 
2021-03-20T02:41:26.884707100Z MODEL INFO:
2021-03-20T02:41:26.884808500Z Observations: 15164904
2021-03-20T02:41:26.884818900Z Dependent Variable: 
2021-03-20T02:41:26.884826700Z Type: Generalized linear model
2021-03-20T02:41:26.884834000Z   Family: binomial 
2021-03-20T02:41:26.884841500Z   Link function: logit 
2021-03-20T02:41:26.884848800Z 
2021-03-20T02:41:26.886413000Z MODEL FIT:
2021-03-20T02:41:26.886439700Z <U+03C7><U+00B2>(77) = 5018.667, p = 0.000
2021-03-20T02:41:26.886450200Z Pseudo-R<U+00B2> (Cragg-Uhler) = 
2021-03-20T02:41:26.886458000Z Pseudo-R<U+00B2> (McFadden) = 0.063
2021-03-20T02:41:26.886465800Z AIC = 74651.353, BIC = 75785.044 
2021-03-20T02:41:26.886473200Z 
2021-03-20T02:41:26.886624600Z Standard errors: MLE
2021-03-20T02:41:27.140337100Z ---------------------------------------------------------------------------
2021-03-20T02:41:27.140448100Z                                              Est.    S.E.    z val.       p
2021-03-20T02:41:27.140457000Z --------------------------------------- --------- ------- --------- -------
2021-03-20T02:41:27.140464200Z (Intercept)                               -24.827   4.223    -5.878   0.000
2021-03-20T02:41:27.140470900Z age                                         0.247   0.096     2.586   0.010
2021-03-20T02:41:27.140477800Z I(age  age)                                -0.001   0.001    -1.496   0.135
2021-03-20T02:41:27.140484500Z sexMale                                     0.340   0.031    10.896   0.000
2021-03-20T02:41:27.140491400Z imd2                                        0.018   0.053     0.343   0.732
2021-03-20T02:41:27.140498100Z imd3                                       -0.075   0.052    -1.442   0.149
2021-03-20T02:41:27.140505000Z imd4                                       -0.103   0.053    -1.963   0.050
2021-03-20T02:41:27.140511700Z imd5 least deprived                        -0.094   0.053    -1.775   0.076
2021-03-20T02:41:27.140518500Z ethnicityMixed                              0.314   0.275     1.144   0.253
2021-03-20T02:41:27.140525200Z ethnicitySouth Asian                        0.127   0.154     0.825   0.410
2021-03-20T02:41:27.140532000Z ethnicityWhite                              0.192   0.134     1.434   0.152
2021-03-20T02:41:27.140538700Z ethnicityOther                              0.039   0.229     0.170   0.865
2021-03-20T02:41:27.140545600Z chronic_cardiac_diseaseTRUE                 0.331   0.031    10.552   0.000
2021-03-20T02:41:27.140552300Z current_copdTRUE                            0.380   0.043     8.879   0.000
2021-03-20T02:41:27.140559200Z dementiaTRUE                                0.846   0.038    22.208   0.000
2021-03-20T02:41:27.140565900Z dialysisTRUE                                1.381   0.171     8.088   0.000
2021-03-20T02:41:27.140572700Z diabetesTRUE                                0.227   0.033     6.801   0.000
2021-03-20T02:41:27.140579400Z solid_organ_transplantationTRUE            -0.023   0.511    -0.045   0.964
2021-03-20T02:41:27.140586400Z chemo_or_radioTRUE                          0.063   0.077     0.820   0.412
2021-03-20T02:41:27.140593300Z permanant_immunosuppressionTRUE            -0.371   0.578    -0.641   0.521
2021-03-20T02:41:27.140600000Z aspleniaTRUE                                0.287   0.268     1.068   0.285
2021-03-20T02:41:27.140606800Z dmardsTRUE                                  0.208   0.084     2.484   0.013
2021-03-20T02:41:27.140613900Z intel_dis_incl_downs_syndromeTRUE           0.530   0.279     1.903   0.057
2021-03-20T02:41:27.140622300Z psychosis_schiz_bipolarTRUE                 0.488   0.129     3.791   0.000
2021-03-20T02:41:27.140629500Z lung_cancerTRUE                             1.259   0.097    13.027   0.000
2021-03-20T02:41:27.140636500Z cancer_excl_lung_and_haemTRUE               0.406   0.036    11.279   0.000
2021-03-20T02:41:27.140652100Z haematological_cancerTRUE                   0.579   0.085     6.826   0.000
2021-03-20T02:41:27.140659700Z flu_vaccineTRUE                             0.130   0.051     2.578   0.010
2021-03-20T02:41:27.140666800Z timesincevax_pw(0,1]                       -2.326   0.302    -7.691   0.000
2021-03-20T02:41:27.140674500Z timesincevax_pw(1,4]                       -1.954   0.142   -13.764   0.000
2021-03-20T02:41:27.140681400Z timesincevax_pw(4,7]                       -1.670   0.119   -14.054   0.000
2021-03-20T02:41:27.140688300Z timesincevax_pw(7,14]                      -1.749   0.079   -22.138   0.000
2021-03-20T02:41:27.140695200Z timesincevax_pw(14,21]                     -1.622   0.073   -22.363   0.000
2021-03-20T02:41:27.140701900Z timesincevax_pw(21, Inf]                   -2.018   0.054   -37.485   0.000
2021-03-20T02:41:27.140708800Z ns(tstop, df = 4)1                          1.553   0.160     9.716   0.000
2021-03-20T02:41:27.140715700Z ns(tstop, df = 4)2                          2.102   0.164    12.810   0.000
2021-03-20T02:41:27.140722500Z ns(tstop, df = 4)3                          2.657   0.355     7.474   0.000
2021-03-20T02:41:27.140729300Z ns(tstop, df = 4)4                          1.552   0.162     9.560   0.000
2021-03-20T02:41:27.140736400Z regionEast Midlands                         0.331   0.214     1.545   0.122
2021-03-20T02:41:27.140743300Z regionLondon                               -0.557   0.465    -1.199   0.231
2021-03-20T02:41:27.140750000Z regionNorth East                            0.529   0.313     1.692   0.091
2021-03-20T02:41:27.140756800Z regionNorth West                           -0.150   0.290    -0.517   0.605
2021-03-20T02:41:27.140763800Z regionSouth East                            0.738   0.254     2.912   0.004
2021-03-20T02:41:27.140770600Z regionSouth West                            0.660   0.201     3.291   0.001
2021-03-20T02:41:27.140777400Z regionWest Midlands                         0.048   0.405     0.119   0.906
2021-03-20T02:41:27.140784200Z regionYorkshire and The                     0.042   0.245     0.170   0.865
2021-03-20T02:41:27.140791300Z Humber                                                                     
2021-03-20T02:41:27.140798100Z ns(tstop, df =                             -0.380   0.243    -1.561   0.119
2021-03-20T02:41:27.140804900Z 4)1:regionEast Midlands                                                    
2021-03-20T02:41:27.140811600Z ns(tstop, df =                             -0.115   0.242    -0.474   0.636
2021-03-20T02:41:27.140822400Z 4)2:regionEast Midlands                                                    
2021-03-20T02:41:27.140829500Z ns(tstop, df =                             -1.065   0.528    -2.019   0.044
2021-03-20T02:41:27.140836500Z 4)3:regionEast Midlands                                                    
2021-03-20T02:41:27.140843200Z ns(tstop, df =                              0.088   0.245     0.359   0.720
2021-03-20T02:41:27.140850200Z 4)4:regionEast Midlands                                                    
2021-03-20T02:41:27.140865000Z ns(tstop, df =                              1.265   0.471     2.685   0.007
2021-03-20T02:41:27.140872600Z 4)1:regionLondon                                                           
2021-03-20T02:41:27.140879400Z ns(tstop, df =                             -0.328   0.479    -0.685   0.494
2021-03-20T02:41:27.140886300Z 4)2:regionLondon                                                           
2021-03-20T02:41:27.140893000Z ns(tstop, df =                              0.042   1.083     0.039   0.969
2021-03-20T02:41:27.140899900Z 4)3:regionLondon                                                           
2021-03-20T02:41:27.140906600Z ns(tstop, df =                              0.036   0.447     0.080   0.936
2021-03-20T02:41:27.140913700Z 4)4:regionLondon                                                           
2021-03-20T02:41:27.140920400Z ns(tstop, df =                             -0.894   0.389    -2.297   0.022
2021-03-20T02:41:27.140927400Z 4)1:regionNorth East                                                       
2021-03-20T02:41:27.140934500Z ns(tstop, df =                             -0.022   0.380    -0.059   0.953
2021-03-20T02:41:27.140941300Z 4)2:regionNorth East                                                       
2021-03-20T02:41:27.140948300Z ns(tstop, df =                             -1.295   0.795    -1.629   0.103
2021-03-20T02:41:27.140955000Z 4)3:regionNorth East                                                       
2021-03-20T02:41:27.140962000Z ns(tstop, df =                             -0.208   0.404    -0.515   0.606
2021-03-20T02:41:27.140968800Z 4)4:regionNorth East                                                       
2021-03-20T02:41:27.140975700Z ns(tstop, df =                             -0.042   0.323    -0.130   0.897
2021-03-20T02:41:27.140982500Z 4)1:regionNorth West                                                       
2021-03-20T02:41:27.140989400Z ns(tstop, df =                              0.220   0.315     0.699   0.485
2021-03-20T02:41:27.140996200Z 4)2:regionNorth West                                                       
2021-03-20T02:41:27.141002900Z ns(tstop, df =                              0.416   0.703     0.592   0.554
2021-03-20T02:41:27.141009500Z 4)3:regionNorth West                                                       
2021-03-20T02:41:27.141017100Z ns(tstop, df =                              0.341   0.294     1.158   0.247
2021-03-20T02:41:27.141024000Z 4)4:regionNorth West                                                       
2021-03-20T02:41:27.141030900Z ns(tstop, df =                             -0.636   0.309    -2.060   0.039
2021-03-20T02:41:27.141037600Z 4)1:regionSouth East                                                       
2021-03-20T02:41:27.141044500Z ns(tstop, df =                             -0.197   0.310    -0.634   0.526
2021-03-20T02:41:27.141051300Z 4)2:regionSouth East                                                       
2021-03-20T02:41:27.141066000Z ns(tstop, df =                             -2.242   0.652    -3.441   0.001
2021-03-20T02:41:27.141073400Z 4)3:regionSouth East                                                       
2021-03-20T02:41:27.141080500Z ns(tstop, df =                             -0.131   0.345    -0.379   0.705
2021-03-20T02:41:27.141087400Z 4)4:regionSouth East                                                       
2021-03-20T02:41:27.141094200Z ns(tstop, df =                             -0.888   0.240    -3.704   0.000
2021-03-20T02:41:27.141100900Z 4)1:regionSouth West                                                       
2021-03-20T02:41:27.141107900Z ns(tstop, df =                             -0.176   0.239    -0.736   0.462
2021-03-20T02:41:27.141114700Z 4)2:regionSouth West                                                       
2021-03-20T02:41:27.141121600Z ns(tstop, df =                             -1.590   0.504    -3.153   0.002
2021-03-20T02:41:27.141128300Z 4)3:regionSouth West                                                       
2021-03-20T02:41:27.141135300Z ns(tstop, df =                             -0.018   0.247    -0.073   0.942
2021-03-20T02:41:27.141142100Z 4)4:regionSouth West                                                       
2021-03-20T02:41:27.141148900Z ns(tstop, df =                              0.414   0.449     0.921   0.357
2021-03-20T02:41:27.141155700Z 4)1:regionWest Midlands                                                    
2021-03-20T02:41:27.141162600Z ns(tstop, df =                             -0.506   0.451    -1.122   0.262
2021-03-20T02:41:27.141169400Z 4)2:regionWest Midlands                                                    
2021-03-20T02:41:27.141176200Z ns(tstop, df =                             -0.609   0.989    -0.616   0.538
2021-03-20T02:41:27.141182900Z 4)3:regionWest Midlands                                                    
2021-03-20T02:41:27.141190100Z ns(tstop, df =                              0.322   0.425     0.759   0.448
2021-03-20T02:41:27.141196900Z 4)4:regionWest Midlands                                                    
2021-03-20T02:41:27.141203600Z ns(tstop, df =                             -0.170   0.277    -0.614   0.539
2021-03-20T02:41:27.141211000Z 4)1:regionYorkshire and The                                                
2021-03-20T02:41:27.141218100Z Humber                                                                     
2021-03-20T02:41:27.141224900Z ns(tstop, df =                              0.179   0.280     0.640   0.522
2021-03-20T02:41:27.141231700Z 4)2:regionYorkshire and The                                                
2021-03-20T02:41:27.141238700Z Humber                                                                     
2021-03-20T02:41:27.141245600Z ns(tstop, df =                             -0.422   0.602    -0.700   0.484
2021-03-20T02:41:27.141252500Z 4)3:regionYorkshire and The                                                
2021-03-20T02:41:27.141259400Z Humber                                                                     
2021-03-20T02:41:27.141273700Z ns(tstop, df =                             -0.557   0.299    -1.862   0.063
2021-03-20T02:41:27.141281300Z 4)4:regionYorkshire and The                                                
2021-03-20T02:41:27.141288200Z Humber                                                                     
2021-03-20T02:41:27.141295100Z ---------------------------------------------------------------------------
2021-03-20T02:41:27.141301900Z ipwdeath_fxd data size = 15164904 
2021-03-20T02:41:59.997556200Z memory usage = 11.289 GB 
2021-03-20T03:49:37.410728300Z Saving 7 x 7 in image
2021-03-20T03:49:45.880978800Z `stat_bin()` using `bins = 30`. Pick better value with `binwidth`.
2021-03-20T03:50:01.884703200Z   
2021-03-20T03:50:01.885084500Z data_weights data size = 15164904 
2021-03-20T03:50:02.317658600Z memory usage = 2.123 GB 
2021-03-20T03:50:50.796401300Z   
2021-03-20T03:50:50.796471000Z msmmod0 
2021-03-20T03:52:53.838053000Z MODEL INFO:
2021-03-20T03:52:53.838162900Z Observations: 15164904
2021-03-20T03:52:53.838173100Z Dependent Variable: 
2021-03-20T03:52:53.838184500Z Type: Generalized linear model
2021-03-20T03:52:53.838192800Z   Family: binomial 
2021-03-20T03:52:53.838200300Z   Link function: logit 
2021-03-20T03:52:53.838207800Z 
2021-03-20T03:52:53.841892900Z MODEL FIT:
2021-03-20T03:52:53.841920500Z <U+03C7><U+00B2>(6) = 663.060, p = 0.000
2021-03-20T03:52:53.841930500Z Pseudo-R<U+00B2> (Cragg-Uhler) = 
2021-03-20T03:52:53.841938300Z Pseudo-R<U+00B2> (McFadden) = 0.024
2021-03-20T03:52:53.841945800Z AIC = 26971.444, BIC = 27073.185 
2021-03-20T03:52:53.841953200Z 
2021-03-20T03:52:53.842373300Z Standard errors: MLE
2021-03-20T03:52:53.898091900Z --------------------------------------------------------------------
2021-03-20T03:52:53.898183900Z                                     Est.     S.E.     z val.       p
2021-03-20T03:52:53.898193700Z ------------------------------ --------- -------- ---------- -------
2021-03-20T03:52:53.898201400Z (Intercept)                       -8.785    0.031   -284.925   0.000
2021-03-20T03:52:53.898208800Z timesincevax_pw(0,1]             -12.781   70.893     -0.180   0.857
2021-03-20T03:52:53.898217200Z timesincevax_pw(1,4]              -2.747    0.448     -6.127   0.000
2021-03-20T03:52:53.898224800Z timesincevax_pw(4,7]              -1.788    0.279     -6.406   0.000
2021-03-20T03:52:53.898232400Z timesincevax_pw(7,14]             -1.244    0.142     -8.756   0.000
2021-03-20T03:52:53.898240200Z timesincevax_pw(14,21]            -1.070    0.132     -8.121   0.000
2021-03-20T03:52:53.898247800Z timesincevax_pw(21, Inf]          -1.560    0.087    -18.024   0.000
2021-03-20T03:52:53.898294100Z --------------------------------------------------------------------
2021-03-20T03:52:53.898526200Z msmmod0_par data size = 15164904 
2021-03-20T03:53:26.995498100Z memory usage = 8.862 GB 
2021-03-20T03:55:45.266930500Z   
2021-03-20T03:55:45.267002000Z msmmod1 
2021-03-20T04:00:02.640681200Z MODEL INFO:
2021-03-20T04:00:02.640837300Z Observations: 15164904
2021-03-20T04:00:02.640848100Z Dependent Variable: 
2021-03-20T04:00:02.640862000Z Type: Generalized linear model
2021-03-20T04:00:02.640870200Z   Family: binomial 
2021-03-20T04:00:02.640877700Z   Link function: logit 
2021-03-20T04:00:02.640885100Z 
2021-03-20T04:00:02.645566700Z MODEL FIT:
2021-03-20T04:00:02.645669900Z <U+03C7><U+00B2>(17) = 1139.110, p = 0.000
2021-03-20T04:00:02.645680600Z Pseudo-R<U+00B2> (Cragg-Uhler) = 
2021-03-20T04:00:02.645688200Z Pseudo-R<U+00B2> (McFadden) = 0.041
2021-03-20T04:00:02.645695800Z AIC = 26517.394, BIC = 26779.015 
2021-03-20T04:00:02.645703200Z 
2021-03-20T04:00:02.645866600Z Standard errors: MLE
2021-03-20T04:00:02.752426500Z -------------------------------------------------------------------
2021-03-20T04:00:02.752518500Z                                     Est.     S.E.    z val.       p
2021-03-20T04:00:02.752527600Z ------------------------------ --------- -------- --------- -------
2021-03-20T04:00:02.752535000Z (Intercept)                      -32.301    7.731    -4.178   0.000
2021-03-20T04:00:02.752542600Z age                                0.429    0.175     2.449   0.014
2021-03-20T04:00:02.752550000Z I(age  age)                       -0.002    0.001    -1.814   0.070
2021-03-20T04:00:02.752557500Z sexMale                            0.588    0.055    10.646   0.000
2021-03-20T04:00:02.752565000Z imd2                              -0.066    0.091    -0.727   0.467
2021-03-20T04:00:02.752572500Z imd3                              -0.187    0.089    -2.104   0.035
2021-03-20T04:00:02.752579700Z imd4                              -0.242    0.090    -2.681   0.007
2021-03-20T04:00:02.752587100Z imd5 least deprived               -0.349    0.093    -3.771   0.000
2021-03-20T04:00:02.752594300Z ethnicityMixed                     0.198    0.461     0.429   0.668
2021-03-20T04:00:02.752601700Z ethnicitySouth Asian               0.229    0.248     0.924   0.355
2021-03-20T04:00:02.752609000Z ethnicityWhite                    -0.187    0.217    -0.861   0.389
2021-03-20T04:00:02.752616400Z ethnicityOther                    -0.358    0.413    -0.866   0.386
2021-03-20T04:00:02.752623700Z timesincevax_pw(0,1]             -12.707   69.587    -0.183   0.855
2021-03-20T04:00:02.752631000Z timesincevax_pw(1,4]              -2.710    0.448    -6.044   0.000
2021-03-20T04:00:02.752686400Z timesincevax_pw(4,7]              -1.750    0.279    -6.270   0.000
2021-03-20T04:00:02.752694800Z timesincevax_pw(7,14]             -1.205    0.142    -8.478   0.000
2021-03-20T04:00:02.752701500Z timesincevax_pw(14,21]            -1.027    0.132    -7.792   0.000
2021-03-20T04:00:02.752708400Z timesincevax_pw(21, Inf]          -1.504    0.087   -17.334   0.000
2021-03-20T04:00:02.752715100Z -------------------------------------------------------------------
2021-03-20T04:00:02.752941700Z msmmod1_par data size = 15164904 
2021-03-20T04:00:44.113273800Z memory usage = 8.862 GB 
2021-03-20T04:03:12.708863000Z   
2021-03-20T04:03:12.708958500Z msmmod3 
2021-03-20T04:50:40.272804500Z MODEL INFO:
2021-03-20T04:50:40.272910200Z Observations: 15164904
2021-03-20T04:50:40.272920600Z Dependent Variable: 
2021-03-20T04:50:40.273003600Z Type: Generalized linear model
2021-03-20T04:50:40.273031600Z   Family: binomial 
2021-03-20T04:50:40.273044800Z   Link function: logit 
2021-03-20T04:50:40.273053400Z 
2021-03-20T04:50:40.278469100Z MODEL FIT:
2021-03-20T04:50:40.278543700Z <U+03C7><U+00B2>(77) = 2774.455, p = 0.000
2021-03-20T04:50:40.278553400Z Pseudo-R<U+00B2> (Cragg-Uhler) = 
2021-03-20T04:50:40.278561400Z Pseudo-R<U+00B2> (McFadden) = 0.100
2021-03-20T04:50:40.278569100Z AIC = 25002.049, BIC = 26135.739 
2021-03-20T04:50:40.278576900Z 
2021-03-20T04:50:40.279148600Z Standard errors: MLE
2021-03-20T04:50:40.750862600Z -----------------------------------------------------------------------------
2021-03-20T04:50:40.750956300Z                                              Est.      S.E.    z val.       p
2021-03-20T04:50:40.750966700Z --------------------------------------- --------- --------- --------- -------
2021-03-20T04:50:40.750974500Z (Intercept)                               -32.783     7.741    -4.235   0.000
2021-03-20T04:50:40.750982500Z age                                         0.344     0.175     1.968   0.049
2021-03-20T04:50:40.750989900Z I(age  age)                                -0.001     0.001    -1.418   0.156
2021-03-20T04:50:40.750997700Z sexMale                                     0.564     0.056    10.011   0.000
2021-03-20T04:50:40.751005300Z imd2                                       -0.020     0.093    -0.217   0.829
2021-03-20T04:50:40.751012800Z imd3                                       -0.086     0.092    -0.930   0.352
2021-03-20T04:50:40.751020600Z imd4                                       -0.088     0.093    -0.941   0.347
2021-03-20T04:50:40.751028700Z imd5 least deprived                        -0.155     0.096    -1.621   0.105
2021-03-20T04:50:40.751036400Z ethnicityMixed                              0.433     0.461     0.938   0.348
2021-03-20T04:50:40.751094400Z ethnicitySouth Asian                        0.442     0.249     1.770   0.077
2021-03-20T04:50:40.751103100Z ethnicityWhite                              0.401     0.224     1.792   0.073
2021-03-20T04:50:40.751110900Z ethnicityOther                             -0.073     0.414    -0.176   0.861
2021-03-20T04:50:40.751118200Z chronic_cardiac_diseaseTRUE                 0.385     0.056     6.829   0.000
2021-03-20T04:50:40.751125000Z current_copdTRUE                            0.452     0.075     6.058   0.000
2021-03-20T04:50:40.751133300Z dementiaTRUE                                0.880     0.067    13.160   0.000
2021-03-20T04:50:40.751140700Z dialysisTRUE                                1.295     0.302     4.290   0.000
2021-03-20T04:50:40.751147800Z diabetesTRUE                                0.269     0.060     4.509   0.000
2021-03-20T04:50:40.751155000Z solid_organ_transplantationTRUE             0.885     0.605     1.461   0.144
2021-03-20T04:50:40.751162600Z chemo_or_radioTRUE                          0.053     0.151     0.348   0.728
2021-03-20T04:50:40.751170200Z permanant_immunosuppressionTRUE            -0.373     1.002    -0.373   0.709
2021-03-20T04:50:40.751177000Z aspleniaTRUE                                0.244     0.502     0.485   0.628
2021-03-20T04:50:40.751184200Z dmardsTRUE                                  0.475     0.135     3.526   0.000
2021-03-20T04:50:40.751191100Z intel_dis_incl_downs_syndromeTRUE           0.603     0.450     1.341   0.180
2021-03-20T04:50:40.751199900Z psychosis_schiz_bipolarTRUE                 0.887     0.186     4.762   0.000
2021-03-20T04:50:40.751207700Z lung_cancerTRUE                             0.296     0.271     1.094   0.274
2021-03-20T04:50:40.751215200Z cancer_excl_lung_and_haemTRUE               0.080     0.071     1.136   0.256
2021-03-20T04:50:40.751222200Z haematological_cancerTRUE                   0.665     0.148     4.496   0.000
2021-03-20T04:50:40.751229100Z flu_vaccineTRUE                             0.262     0.091     2.883   0.004
2021-03-20T04:50:40.751237400Z ns(tstop, df = 4)1                          4.475     0.505     8.870   0.000
2021-03-20T04:50:40.751245300Z ns(tstop, df = 4)2                          4.565     0.451    10.129   0.000
2021-03-20T04:50:40.751253200Z ns(tstop, df = 4)3                          7.497     1.171     6.405   0.000
2021-03-20T04:50:40.751260200Z ns(tstop, df = 4)4                          1.595     0.387     4.117   0.000
2021-03-20T04:50:40.751267600Z regionEast Midlands                         0.803     0.781     1.028   0.304
2021-03-20T04:50:40.751274500Z regionLondon                               -1.813     2.254    -0.804   0.421
2021-03-20T04:50:40.751282100Z regionNorth East                            0.551     1.098     0.502   0.616
2021-03-20T04:50:40.751289800Z regionNorth West                            0.084     1.056     0.079   0.937
2021-03-20T04:50:40.751297500Z regionSouth East                            1.722     0.871     1.978   0.048
2021-03-20T04:50:40.751312600Z regionSouth West                            1.008     0.794     1.270   0.204
2021-03-20T04:50:40.751320900Z regionWest Midlands                         1.517     1.100     1.379   0.168
2021-03-20T04:50:40.751328600Z regionYorkshire and The                     0.031     0.985     0.031   0.975
2021-03-20T04:50:40.751336400Z Humber                                                                       
2021-03-20T04:50:40.751343800Z timesincevax_pw(0,1]                      -14.289   109.318    -0.131   0.896
2021-03-20T04:50:40.751351000Z timesincevax_pw(1,4]                       -3.469     0.449    -7.728   0.000
2021-03-20T04:50:40.751358100Z timesincevax_pw(4,7]                       -2.619     0.280    -9.348   0.000
2021-03-20T04:50:40.751364900Z timesincevax_pw(7,14]                      -2.219     0.145   -15.252   0.000
2021-03-20T04:50:40.751371800Z timesincevax_pw(14,21]                     -2.155     0.138   -15.631   0.000
2021-03-20T04:50:40.751378700Z timesincevax_pw(21, Inf]                   -2.547     0.102   -24.894   0.000
2021-03-20T04:50:40.751385900Z ns(tstop, df =                             -1.155     0.733    -1.576   0.115
2021-03-20T04:50:40.751393900Z 4)1:regionEast Midlands                                                      
2021-03-20T04:50:40.751402100Z ns(tstop, df =                             -0.450     0.649    -0.693   0.488
2021-03-20T04:50:40.751410800Z 4)2:regionEast Midlands                                                      
2021-03-20T04:50:40.751418800Z ns(tstop, df =                             -2.231     1.695    -1.316   0.188
2021-03-20T04:50:40.751426000Z 4)3:regionEast Midlands                                                      
2021-03-20T04:50:40.751434000Z ns(tstop, df =                              0.328     0.579     0.566   0.572
2021-03-20T04:50:40.751440900Z 4)4:regionEast Midlands                                                      
2021-03-20T04:50:40.751447800Z ns(tstop, df =                              2.877     2.090     1.376   0.169
2021-03-20T04:50:40.751454900Z 4)1:regionLondon                                                             
2021-03-20T04:50:40.751461800Z ns(tstop, df =                              0.520     1.704     0.305   0.760
2021-03-20T04:50:40.751469600Z 4)2:regionLondon                                                             
2021-03-20T04:50:40.751477700Z ns(tstop, df =                              2.685     4.592     0.585   0.559
2021-03-20T04:50:40.751485500Z 4)3:regionLondon                                                             
2021-03-20T04:50:40.751493100Z ns(tstop, df =                              1.120     1.075     1.042   0.297
2021-03-20T04:50:40.751500500Z 4)4:regionLondon                                                             
2021-03-20T04:50:40.751507300Z ns(tstop, df =                             -2.634     1.053    -2.501   0.012
2021-03-20T04:50:40.751514800Z 4)1:regionNorth East                                                         
2021-03-20T04:50:40.751530000Z ns(tstop, df =                             -0.038     1.037    -0.037   0.971
2021-03-20T04:50:40.751538200Z 4)2:regionNorth East                                                         
2021-03-20T04:50:40.751546000Z ns(tstop, df =                             -0.823     2.453    -0.335   0.737
2021-03-20T04:50:40.751553600Z 4)3:regionNorth East                                                         
2021-03-20T04:50:40.751560900Z ns(tstop, df =                             -1.990     1.195    -1.666   0.096
2021-03-20T04:50:40.751568100Z 4)4:regionNorth East                                                         
2021-03-20T04:50:40.751575700Z ns(tstop, df =                             -0.730     0.981    -0.744   0.457
2021-03-20T04:50:40.751583300Z 4)1:regionNorth West                                                         
2021-03-20T04:50:40.751590800Z ns(tstop, df =                             -0.240     0.898    -0.267   0.789
2021-03-20T04:50:40.751598100Z 4)2:regionNorth West                                                         
2021-03-20T04:50:40.751606200Z ns(tstop, df =                             -0.413     2.294    -0.180   0.857
2021-03-20T04:50:40.751613900Z 4)3:regionNorth West                                                         
2021-03-20T04:50:40.751621100Z ns(tstop, df =                              0.052     0.785     0.066   0.948
2021-03-20T04:50:40.751629200Z 4)4:regionNorth West                                                         
2021-03-20T04:50:40.751636300Z ns(tstop, df =                             -1.325     0.847    -1.565   0.118
2021-03-20T04:50:40.751643600Z 4)1:regionSouth East                                                         
2021-03-20T04:50:40.751650400Z ns(tstop, df =                             -0.845     0.786    -1.075   0.282
2021-03-20T04:50:40.751657300Z 4)2:regionSouth East                                                         
2021-03-20T04:50:40.751664800Z ns(tstop, df =                             -5.577     1.965    -2.839   0.005
2021-03-20T04:50:40.751672600Z 4)3:regionSouth East                                                         
2021-03-20T04:50:40.751680200Z ns(tstop, df =                             -0.545     0.987    -0.552   0.581
2021-03-20T04:50:40.751688200Z 4)4:regionSouth East                                                         
2021-03-20T04:50:40.751695800Z ns(tstop, df =                             -1.052     0.754    -1.394   0.163
2021-03-20T04:50:40.751703500Z 4)1:regionSouth West                                                         
2021-03-20T04:50:40.751710500Z ns(tstop, df =                             -0.651     0.678    -0.961   0.337
2021-03-20T04:50:40.751718200Z 4)2:regionSouth West                                                         
2021-03-20T04:50:40.751726000Z ns(tstop, df =                             -3.646     1.743    -2.092   0.036
2021-03-20T04:50:40.751734400Z 4)3:regionSouth West                                                         
2021-03-20T04:50:40.751749100Z ns(tstop, df =                              0.412     0.661     0.624   0.533
2021-03-20T04:50:40.751756900Z 4)4:regionSouth West                                                         
2021-03-20T04:50:40.751764100Z ns(tstop, df =                             -1.048     1.062    -0.988   0.323
2021-03-20T04:50:40.751771600Z 4)1:regionWest Midlands                                                      
2021-03-20T04:50:40.751779500Z ns(tstop, df =                             -1.497     0.938    -1.596   0.110
2021-03-20T04:50:40.751786900Z 4)2:regionWest Midlands                                                      
2021-03-20T04:50:40.751794800Z ns(tstop, df =                             -3.060     2.440    -1.254   0.210
2021-03-20T04:50:40.751801700Z 4)3:regionWest Midlands                                                      
2021-03-20T04:50:40.751808600Z ns(tstop, df =                              1.217     0.776     1.568   0.117
2021-03-20T04:50:40.751816800Z 4)4:regionWest Midlands                                                      
2021-03-20T04:50:40.751824600Z ns(tstop, df =                             -0.347     0.916    -0.379   0.705
2021-03-20T04:50:40.751832100Z 4)1:regionYorkshire and The                                                  
2021-03-20T04:50:40.751839900Z Humber                                                                       
2021-03-20T04:50:40.751847500Z ns(tstop, df =                             -0.280     0.816    -0.343   0.732
2021-03-20T04:50:40.751854400Z 4)2:regionYorkshire and The                                                  
2021-03-20T04:50:40.751862100Z Humber                                                                       
2021-03-20T04:50:40.751869300Z ns(tstop, df =                             -0.809     2.124    -0.381   0.703
2021-03-20T04:50:40.751876900Z 4)3:regionYorkshire and The                                                  
2021-03-20T04:50:40.751884000Z Humber                                                                       
2021-03-20T04:50:40.751891200Z ns(tstop, df =                              0.184     0.706     0.260   0.795
2021-03-20T04:50:40.751898100Z 4)4:regionYorkshire and The                                                  
2021-03-20T04:50:40.751905400Z Humber                                                                       
2021-03-20T04:50:40.751912600Z -----------------------------------------------------------------------------
2021-03-20T04:50:40.752277600Z msmmod3_par data size = 15164904 
2021-03-20T04:51:37.431807300Z memory usage = 8.862 GB 
2021-03-20T04:54:37.527340100Z   
2021-03-20T04:54:37.527411300Z msmmod4 
2021-03-20T05:33:53.518147300Z MODEL INFO:
2021-03-20T05:33:53.518235000Z Observations: 15164904
2021-03-20T05:33:53.518244900Z Dependent Variable: 
2021-03-20T05:33:53.518301000Z Type: Generalized linear model
2021-03-20T05:33:53.518328700Z   Family: binomial 
2021-03-20T05:33:53.518362300Z   Link function: logit 
2021-03-20T05:33:53.518370600Z 
2021-03-20T05:33:53.521924900Z MODEL FIT:
2021-03-20T05:33:53.521941300Z <U+03C7><U+00B2>(77) = 1559.370, p = 0.000
2021-03-20T05:33:53.521950000Z Pseudo-R<U+00B2> (Cragg-Uhler) = 
2021-03-20T05:33:53.521956900Z Pseudo-R<U+00B2> (McFadden) = 0.092
2021-03-20T05:33:53.521963900Z AIC = 22035.823, BIC = 23169.514 
2021-03-20T05:33:53.521970700Z 
2021-03-20T05:33:53.522365600Z Standard errors: MLE
2021-03-20T05:33:53.809229500Z -----------------------------------------------------------------------------
2021-03-20T05:33:53.809309300Z                                              Est.      S.E.    z val.       p
2021-03-20T05:33:53.809318200Z --------------------------------------- --------- --------- --------- -------
2021-03-20T05:33:53.809325300Z (Intercept)                               -29.885     9.144    -3.268   0.001
2021-03-20T05:33:53.809332400Z age                                         0.288     0.207     1.395   0.163
2021-03-20T05:33:53.809339300Z I(age  age)                                -0.001     0.001    -0.922   0.357
2021-03-20T05:33:53.809346200Z sexMale                                     0.530     0.067     7.893   0.000
2021-03-20T05:33:53.809353800Z imd2                                       -0.087     0.110    -0.785   0.433
2021-03-20T05:33:53.809360800Z imd3                                       -0.121     0.109    -1.119   0.263
2021-03-20T05:33:53.809367700Z imd4                                       -0.106     0.110    -0.963   0.336
2021-03-20T05:33:53.809374600Z imd5 least deprived                        -0.247     0.114    -2.166   0.030
2021-03-20T05:33:53.809381400Z ethnicityMixed                              0.581     0.503     1.155   0.248
2021-03-20T05:33:53.809388600Z ethnicitySouth Asian                        0.527     0.286     1.844   0.065
2021-03-20T05:33:53.809395500Z ethnicityWhite                              0.309     0.260     1.187   0.235
2021-03-20T05:33:53.809402400Z ethnicityOther                              0.154     0.442     0.349   0.727
2021-03-20T05:33:53.809409300Z chronic_cardiac_diseaseTRUE                 0.381     0.067     5.657   0.000
2021-03-20T05:33:53.809416300Z current_copdTRUE                            0.407     0.091     4.487   0.000
2021-03-20T05:33:53.809423100Z dementiaTRUE                                0.909     0.080    11.409   0.000
2021-03-20T05:33:53.809430000Z dialysisTRUE                                1.345     0.355     3.786   0.000
2021-03-20T05:33:53.809437100Z diabetesTRUE                                0.287     0.071     4.039   0.000
2021-03-20T05:33:53.809444000Z solid_organ_transplantationTRUE             0.928     0.686     1.352   0.176
2021-03-20T05:33:53.809451100Z chemo_or_radioTRUE                         -0.001     0.187    -0.004   0.996
2021-03-20T05:33:53.809484800Z permanant_immunosuppressionTRUE             0.229     0.904     0.253   0.800
2021-03-20T05:33:53.809493000Z aspleniaTRUE                                0.173     0.621     0.278   0.781
2021-03-20T05:33:53.809500000Z dmardsTRUE                                  0.459     0.162     2.828   0.005
2021-03-20T05:33:53.809506900Z intel_dis_incl_downs_syndromeTRUE           0.854     0.477     1.791   0.073
2021-03-20T05:33:53.809515400Z psychosis_schiz_bipolarTRUE                 1.067     0.205     5.213   0.000
2021-03-20T05:33:53.809522600Z lung_cancerTRUE                             0.026     0.373     0.070   0.944
2021-03-20T05:33:53.809529400Z cancer_excl_lung_and_haemTRUE               0.047     0.086     0.546   0.585
2021-03-20T05:33:53.809536300Z haematological_cancerTRUE                   0.669     0.178     3.761   0.000
2021-03-20T05:33:53.809543100Z flu_vaccineTRUE                             0.228     0.110     2.073   0.038
2021-03-20T05:33:53.809549900Z ns(tstop, df = 4)1                          3.168     0.474     6.680   0.000
2021-03-20T05:33:53.809556800Z ns(tstop, df = 4)2                          3.794     0.454     8.359   0.000
2021-03-20T05:33:53.809563600Z ns(tstop, df = 4)3                          6.496     1.121     5.793   0.000
2021-03-20T05:33:53.809570400Z ns(tstop, df = 4)4                          0.916     0.431     2.125   0.034
2021-03-20T05:33:53.809577300Z regionEast Midlands                         0.458     0.761     0.603   0.547
2021-03-20T05:33:53.809584200Z regionLondon                               -1.120     1.748    -0.641   0.522
2021-03-20T05:33:53.809591000Z regionNorth East                            0.493     1.016     0.485   0.628
2021-03-20T05:33:53.809598100Z regionNorth West                           -0.923     1.184    -0.779   0.436
2021-03-20T05:33:53.809604800Z regionSouth East                            1.666     0.815     2.044   0.041
2021-03-20T05:33:53.809611700Z regionSouth West                            0.117     0.859     0.137   0.891
2021-03-20T05:33:53.809618700Z regionWest Midlands                         1.212     1.020     1.188   0.235
2021-03-20T05:33:53.809625700Z regionYorkshire and The                    -0.126     0.926    -0.136   0.892
2021-03-20T05:33:53.809632600Z Humber                                                                       
2021-03-20T05:33:53.809639400Z timesincevax_pw(0,1]                      -13.718   110.245    -0.124   0.901
2021-03-20T05:33:53.809646300Z timesincevax_pw(1,4]                       -2.975     0.474    -6.281   0.000
2021-03-20T05:33:53.809653000Z timesincevax_pw(4,7]                       -1.974     0.277    -7.138   0.000
2021-03-20T05:33:53.809659800Z timesincevax_pw(7,14]                      -1.607     0.149   -10.801   0.000
2021-03-20T05:33:53.809666500Z timesincevax_pw(14,21]                     -1.720     0.152   -11.289   0.000
2021-03-20T05:33:53.809673300Z timesincevax_pw(21, Inf]                   -2.184     0.120   -18.147   0.000
2021-03-20T05:33:53.809687300Z ns(tstop, df =                             -0.711     0.728    -0.977   0.329
2021-03-20T05:33:53.809694800Z 4)1:regionEast Midlands                                                      
2021-03-20T05:33:53.809702400Z ns(tstop, df =                             -0.161     0.680    -0.236   0.813
2021-03-20T05:33:53.809709500Z 4)2:regionEast Midlands                                                      
2021-03-20T05:33:53.809716600Z ns(tstop, df =                             -1.699     1.697    -1.001   0.317
2021-03-20T05:33:53.809723500Z 4)3:regionEast Midlands                                                      
2021-03-20T05:33:53.809730300Z ns(tstop, df =                              0.213     0.668     0.319   0.750
2021-03-20T05:33:53.809737200Z 4)4:regionEast Midlands                                                      
2021-03-20T05:33:53.809744100Z ns(tstop, df =                              2.652     1.609     1.649   0.099
2021-03-20T05:33:53.809750900Z 4)1:regionLondon                                                             
2021-03-20T05:33:53.809757700Z ns(tstop, df =                             -0.051     1.404    -0.036   0.971
2021-03-20T05:33:53.809764600Z 4)2:regionLondon                                                             
2021-03-20T05:33:53.809771500Z ns(tstop, df =                              1.353     3.665     0.369   0.712
2021-03-20T05:33:53.809778300Z 4)3:regionLondon                                                             
2021-03-20T05:33:53.809785200Z ns(tstop, df =                              1.074     1.024     1.048   0.294
2021-03-20T05:33:53.809792000Z 4)4:regionLondon                                                             
2021-03-20T05:33:53.809798900Z ns(tstop, df =                             -2.639     1.046    -2.523   0.012
2021-03-20T05:33:53.809805700Z 4)1:regionNorth East                                                         
2021-03-20T05:33:53.809812500Z ns(tstop, df =                              0.341     1.082     0.315   0.752
2021-03-20T05:33:53.809819400Z 4)2:regionNorth East                                                         
2021-03-20T05:33:53.809826300Z ns(tstop, df =                             -0.810     2.356    -0.344   0.731
2021-03-20T05:33:53.809833000Z 4)3:regionNorth East                                                         
2021-03-20T05:33:53.809842700Z ns(tstop, df =                             -2.481     1.445    -1.717   0.086
2021-03-20T05:33:53.809849500Z 4)4:regionNorth East                                                         
2021-03-20T05:33:53.809856400Z ns(tstop, df =                             -0.070     1.094    -0.064   0.949
2021-03-20T05:33:53.809863300Z 4)1:regionNorth West                                                         
2021-03-20T05:33:53.809870200Z ns(tstop, df =                              0.313     1.035     0.302   0.763
2021-03-20T05:33:53.809877000Z 4)2:regionNorth West                                                         
2021-03-20T05:33:53.809892200Z ns(tstop, df =                              1.899     2.602     0.730   0.465
2021-03-20T05:33:53.809900100Z 4)3:regionNorth West                                                         
2021-03-20T05:33:53.809906900Z ns(tstop, df =                              0.326     0.861     0.379   0.705
2021-03-20T05:33:53.809914100Z 4)4:regionNorth West                                                         
2021-03-20T05:33:53.809921000Z ns(tstop, df =                             -1.002     0.840    -1.193   0.233
2021-03-20T05:33:53.809927900Z 4)1:regionSouth East                                                         
2021-03-20T05:33:53.809934800Z ns(tstop, df =                             -0.663     0.848    -0.781   0.435
2021-03-20T05:33:53.809941700Z 4)2:regionSouth East                                                         
2021-03-20T05:33:53.809948500Z ns(tstop, df =                             -6.255     1.961    -3.189   0.001
2021-03-20T05:33:53.809955400Z 4)3:regionSouth East                                                         
2021-03-20T05:33:53.809962400Z ns(tstop, df =                             -1.096     1.337    -0.820   0.412
2021-03-20T05:33:53.809969300Z 4)4:regionSouth East                                                         
2021-03-20T05:33:53.809976300Z ns(tstop, df =                             -0.114     0.821    -0.139   0.890
2021-03-20T05:33:53.809983200Z 4)1:regionSouth West                                                         
2021-03-20T05:33:53.809990200Z ns(tstop, df =                             -0.053     0.758    -0.069   0.945
2021-03-20T05:33:53.809997000Z 4)2:regionSouth West                                                         
2021-03-20T05:33:53.810003900Z ns(tstop, df =                             -1.757     1.910    -0.920   0.358
2021-03-20T05:33:53.810010700Z 4)3:regionSouth West                                                         
2021-03-20T05:33:53.810017700Z ns(tstop, df =                              0.602     0.738     0.815   0.415
2021-03-20T05:33:53.810024600Z 4)4:regionSouth West                                                         
2021-03-20T05:33:53.810031300Z ns(tstop, df =                             -1.131     1.022    -1.106   0.269
2021-03-20T05:33:53.810038300Z 4)1:regionWest Midlands                                                      
2021-03-20T05:33:53.810045100Z ns(tstop, df =                             -1.035     0.955    -1.084   0.278
2021-03-20T05:33:53.810051900Z 4)2:regionWest Midlands                                                      
2021-03-20T05:33:53.810058800Z ns(tstop, df =                             -1.999     2.329    -0.858   0.391
2021-03-20T05:33:53.810065600Z 4)3:regionWest Midlands                                                      
2021-03-20T05:33:53.810072500Z ns(tstop, df =                              0.667     0.861     0.775   0.438
2021-03-20T05:33:53.810079900Z 4)4:regionWest Midlands                                                      
2021-03-20T05:33:53.810093400Z ns(tstop, df =                             -0.303     0.878    -0.345   0.730
2021-03-20T05:33:53.810101000Z 4)1:regionYorkshire and The                                                  
2021-03-20T05:33:53.810107800Z Humber                                                                       
2021-03-20T05:33:53.810114700Z ns(tstop, df =                              0.097     0.818     0.118   0.906
2021-03-20T05:33:53.810121500Z 4)2:regionYorkshire and The                                                  
2021-03-20T05:33:53.810128400Z Humber                                                                       
2021-03-20T05:33:53.810135300Z ns(tstop, df =                             -0.372     2.052    -0.181   0.856
2021-03-20T05:33:53.810142300Z 4)3:regionYorkshire and The                                                  
2021-03-20T05:33:53.810149100Z Humber                                                                       
2021-03-20T05:33:53.810156000Z ns(tstop, df =                              0.076     0.774     0.098   0.922
2021-03-20T05:33:53.810162900Z 4)4:regionYorkshire and The                                                  
2021-03-20T05:33:53.810174500Z Humber                                                                       
2021-03-20T05:33:53.810181800Z -----------------------------------------------------------------------------
2021-03-20T05:33:53.810188700Z msmmod4_par data size = 15164904 
2021-03-20T05:34:24.768318500Z memory usage = 8.862 GB 
2021-03-20T05:37:30.825386000Z   
2021-03-20T05:37:58.197895500Z              used    (Mb) gc trigger    (Mb)   max used    (Mb)
2021-03-20T05:37:58.197929000Z Ncells   17655904   943.0   49418528  2639.3   17655904   943.0
2021-03-20T05:37:58.197939200Z Vcells 2204522576 16819.2 7092508920 54111.6 2204522576 16819.2
2021-03-20T05:37:58.198026400Z Warning message:
2021-03-20T05:37:58.198053900Z Removed 3316 rows containing non-finite values (stat_bin). 


state: succeeded
commit: 63227c9dabb1579b6387347ff8853e66df52c7fc
docker_image_id: sha256:876a994cdafb8d3fb4b710249fd7716a31efd3ea26cb3faf7aa2187853c6c624
exit_code: 0
job_id: 7dztdlqcfx7wendx
run_by_user: wjchulme
created_at: 2021-03-19T23:00:44Z
started_at: 2021-03-20T00:52:34Z
completed_at: 2021-03-20T05:38:15Z

Completed successfully

outputs:
  output/over80s/coviddeath/any/all/all/data_weights.rds          - highly_sensitive    
  output/over80s/coviddeath/any/all/all/model0.rds                - highly_sensitive    
  output/over80s/coviddeath/any/all/all/model1.rds                - highly_sensitive    
  output/over80s/coviddeath/any/all/all/model3.rds                - highly_sensitive    
  output/over80s/coviddeath/any/all/all/model4.rds                - highly_sensitive    
  output/over80s/coviddeath/any/all/all/model_ipwvaxany1.rds      - highly_sensitive    
  output/over80s/coviddeath/any/all/all/model_ipwvaxdeath.rds     - highly_sensitive    
  output/over80s/coviddeath/any/all/all/weights_histogram.svg     - moderately_sensitive
  output/over80s/coviddeath/any/all/all/weights_model_any.html    - moderately_sensitive
  output/over80s/coviddeath/any/all/all/weights_model_death.html  - moderately_sensitive
  output/over80s/coviddeath/any/all/all/weights_table.txt         - moderately_sensitive
  output/over80s/coviddeath/any/all/strata_vector.rds             - moderately_sensitive