2021-03-08T10:19:29.763787900Z -- Attaching packages --------------------------------------- tidyverse 1.3.0 --
2021-03-08T10:19:29.772497200Z v ggplot2 3.3.2     v purrr   0.3.4
2021-03-08T10:19:29.772521000Z v tibble  3.0.3     v dplyr   1.0.2
2021-03-08T10:19:29.772529100Z v tidyr   1.1.2     v stringr 1.4.0
2021-03-08T10:19:29.772536000Z v readr   1.3.1     v forcats 0.5.0
2021-03-08T10:19:29.928812800Z -- Conflicts ------------------------------------------ tidyverse_conflicts() --
2021-03-08T10:19:29.928831100Z x dplyr::filter() masks stats::filter()
2021-03-08T10:19:29.928839600Z x dplyr::lag()    masks stats::lag()
2021-03-08T10:19:31.756565300Z 
2021-03-08T10:19:31.756592000Z Attaching package: 'lubridate'
2021-03-08T10:19:31.756600300Z 
2021-03-08T10:19:31.758131400Z The following objects are masked from 'package:base':
2021-03-08T10:19:31.758149300Z 
2021-03-08T10:19:31.758157500Z     date, intersect, setdiff, union
2021-03-08T10:19:31.758164400Z 
2021-03-08T10:19:32.100539000Z <environment: R_GlobalEnv>
2021-03-08T10:19:32.101211300Z <environment: R_GlobalEnv>
2021-03-08T10:20:15.054429600Z ipwvax1 
2021-03-08T10:21:53.354935600Z MODEL INFO:
2021-03-08T10:21:53.355025900Z Observations: 7394727
2021-03-08T10:21:53.355035100Z Dependent Variable: 
2021-03-08T10:21:53.355042600Z Type: Generalized linear model
2021-03-08T10:21:53.355049900Z   Family: binomial 
2021-03-08T10:21:53.355057300Z   Link function: logit 
2021-03-08T10:21:53.355064700Z 
2021-03-08T10:21:53.356790100Z MODEL FIT:
2021-03-08T10:21:53.356813200Z <U+03C7><U+00B2>(51) = 111059.22, p = 0.00
2021-03-08T10:21:53.356823200Z Pseudo-R<U+00B2> (Cragg-Uhler) = 
2021-03-08T10:21:53.356831000Z Pseudo-R<U+00B2> (McFadden) = 0.07
2021-03-08T10:21:53.356838700Z AIC = 1581765.83, BIC = 1582484.27 
2021-03-08T10:21:53.356846300Z 
2021-03-08T10:21:53.357172400Z Standard errors: MLE
2021-03-08T10:21:53.524396400Z -----------------------------------------------------------------------
2021-03-08T10:21:53.524460300Z                                             Est.   S.E.   z val.      p
2021-03-08T10:21:53.524469400Z --------------------------------------- -------- ------ -------- ------
2021-03-08T10:21:53.524477000Z (Intercept)                               -18.38   0.86   -21.42   0.00
2021-03-08T10:21:53.524484800Z age                                         0.31   0.02    15.87   0.00
2021-03-08T10:21:53.524492400Z I(age  age)                                -0.00   0.00   -16.92   0.00
2021-03-08T10:21:53.524499900Z sexMale                                     0.06   0.00    11.36   0.00
2021-03-08T10:21:53.524507700Z imd2                                        0.15   0.01    16.84   0.00
2021-03-08T10:21:53.524550700Z imd3                                        0.23   0.01    26.67   0.00
2021-03-08T10:21:53.524558700Z imd4                                        0.31   0.01    35.46   0.00
2021-03-08T10:21:53.524565700Z imd5 most deprived                          0.35   0.01    40.80   0.00
2021-03-08T10:21:53.524572600Z chronic_cardiac_diseaseTRUE                 0.05   0.01     9.81   0.00
2021-03-08T10:21:53.524579500Z current_copdTRUE                            0.04   0.01     4.92   0.00
2021-03-08T10:21:53.524586300Z dementiaTRUE                               -0.16   0.01   -18.12   0.00
2021-03-08T10:21:53.524593100Z dialysisTRUE                                0.10   0.06     1.79   0.07
2021-03-08T10:21:53.524599900Z solid_organ_transplantationTRUE             0.18   0.10     1.81   0.07
2021-03-08T10:21:53.524606800Z chemo_or_radioTRUE                          0.04   0.01     2.63   0.01
2021-03-08T10:21:53.524613700Z sickle_cell_diseaseTRUE                    -0.68   0.36    -1.89   0.06
2021-03-08T10:21:53.524620500Z permanant_immunosuppressionTRUE             0.20   0.08     2.49   0.01
2021-03-08T10:21:53.524627400Z temporary_immunosuppressionTRUE            -0.00   0.04    -0.01   0.99
2021-03-08T10:21:53.524634300Z aspleniaTRUE                                0.00   0.05     0.01   0.99
2021-03-08T10:21:53.524642200Z intel_dis_incl_downs_syndromeTRUE          -0.20   0.07    -3.05   0.00
2021-03-08T10:21:53.524649300Z psychosis_schiz_bipolarTRUE                -0.36   0.03   -12.02   0.00
2021-03-08T10:21:53.524656200Z lung_cancerTRUE                            -0.03   0.03    -0.97   0.33
2021-03-08T10:21:53.524663200Z cancer_excl_lung_and_haemTRUE               0.09   0.01    13.75   0.00
2021-03-08T10:21:53.524670200Z haematological_cancerTRUE                   0.05   0.02     3.01   0.00
2021-03-08T10:21:53.524676900Z ns(tstop, knots = knots)1                   4.18   0.04   109.50   0.00
2021-03-08T10:21:53.524683700Z ns(tstop, knots = knots)2                   2.00   0.02    95.41   0.00
2021-03-08T10:21:53.524692000Z regionEast Midlands                        -1.78   0.04   -45.97   0.00
2021-03-08T10:21:53.524698900Z regionLondon                               -1.49   0.07   -20.64   0.00
2021-03-08T10:21:53.524705700Z regionNorth East                           -0.42   0.05    -8.14   0.00
2021-03-08T10:21:53.524712600Z regionNorth West                           -0.23   0.04    -6.38   0.00
2021-03-08T10:21:53.524719500Z regionSouth East                           -0.40   0.04    -9.99   0.00
2021-03-08T10:21:53.524726400Z regionSouth West                           -0.43   0.03   -14.32   0.00
2021-03-08T10:21:53.524733300Z regionWest Midlands                         0.25   0.05     5.08   0.00
2021-03-08T10:21:53.524740200Z regionYorkshire and The                     0.24   0.03     8.25   0.00
2021-03-08T10:21:53.524747100Z Humber                                                                 
2021-03-08T10:21:53.524766000Z hospital_status                             0.01   0.02     0.59   0.55
2021-03-08T10:21:53.524773800Z probable_covid_status                      -0.89   0.12    -7.65   0.00
2021-03-08T10:21:53.524780900Z suspected_covid_status                      0.45   0.04    11.28   0.00
2021-03-08T10:21:53.524787900Z ns(tstop, knots =                           3.58   0.08    46.48   0.00
2021-03-08T10:21:53.524794800Z knots)1:regionEast Midlands                                            
2021-03-08T10:21:53.524801700Z ns(tstop, knots =                           0.26   0.03     7.63   0.00
2021-03-08T10:21:53.524808700Z knots)2:regionEast Midlands                                            
2021-03-08T10:21:53.524815600Z ns(tstop, knots =                           2.34   0.14    16.19   0.00
2021-03-08T10:21:53.524822400Z knots)1:regionLondon                                                   
2021-03-08T10:21:53.524832300Z ns(tstop, knots =                          -1.38   0.07   -21.00   0.00
2021-03-08T10:21:53.524839100Z knots)2:regionLondon                                                   
2021-03-08T10:21:53.524845900Z ns(tstop, knots =                           1.16   0.10    11.11   0.00
2021-03-08T10:21:53.524852500Z knots)1:regionNorth East                                               
2021-03-08T10:21:53.524859200Z ns(tstop, knots =                          -0.53   0.06    -9.04   0.00
2021-03-08T10:21:53.524865900Z knots)2:regionNorth East                                               
2021-03-08T10:21:53.524872600Z ns(tstop, knots =                           0.96   0.08    12.76   0.00
2021-03-08T10:21:53.524879300Z knots)1:regionNorth West                                               
2021-03-08T10:21:53.524886000Z ns(tstop, knots =                          -0.47   0.05   -10.21   0.00
2021-03-08T10:21:53.524892700Z knots)2:regionNorth West                                               
2021-03-08T10:21:53.524900200Z ns(tstop, knots =                           0.80   0.08     9.73   0.00
2021-03-08T10:21:53.524907100Z knots)1:regionSouth East                                               
2021-03-08T10:21:53.524914000Z ns(tstop, knots =                          -0.28   0.04    -6.28   0.00
2021-03-08T10:21:53.524920800Z knots)2:regionSouth East                                               
2021-03-08T10:21:53.524927500Z ns(tstop, knots =                           1.08   0.06    17.48   0.00
2021-03-08T10:21:53.524934200Z knots)1:regionSouth West                                               
2021-03-08T10:21:53.524940900Z ns(tstop, knots =                           0.11   0.03     3.27   0.00
2021-03-08T10:21:53.524947600Z knots)2:regionSouth West                                               
2021-03-08T10:21:53.524954400Z ns(tstop, knots =                          -0.61   0.10    -5.92   0.00
2021-03-08T10:21:53.524961100Z knots)1:regionWest Midlands                                            
2021-03-08T10:21:53.524974300Z ns(tstop, knots =                          -1.20   0.06   -19.58   0.00
2021-03-08T10:21:53.524981700Z knots)2:regionWest Midlands                                            
2021-03-08T10:21:53.524988600Z ns(tstop, knots =                          -0.23   0.06    -3.74   0.00
2021-03-08T10:21:53.524995400Z knots)1:regionYorkshire and                                            
2021-03-08T10:21:53.525002200Z The Humber                                                             
2021-03-08T10:21:53.525009100Z ns(tstop, knots =                          -0.73   0.04   -19.13   0.00
2021-03-08T10:21:53.525016000Z knots)2:regionYorkshire and                                            
2021-03-08T10:21:53.525022900Z The Humber                                                             
2021-03-08T10:21:53.525029800Z -----------------------------------------------------------------------
2021-03-08T10:21:53.525101700Z 
2021-03-08T10:21:53.525123000Z Call:  glm(formula = update(vax1 ~ 1, formula_demog) %>% update(formula_comorbs) %>% 
2021-03-08T10:21:53.525132700Z     update(formula_secular_region) %>% update(formula_timedependent), 
2021-03-08T10:21:53.525140200Z     family = binomial, data = data_pt_atriskvax1, na.action = "na.fail", 
2021-03-08T10:21:53.525147400Z     control = parglmparams, model = FALSE, method = parglm::parglm.fit, 
2021-03-08T10:21:53.525154500Z     singular.ok = FALSE)
2021-03-08T10:21:53.525161300Z 
2021-03-08T10:21:53.525169700Z Coefficients:
2021-03-08T10:21:53.525774000Z                                              (Intercept)  
2021-03-08T10:21:53.525793600Z                                               -1.838e+01  
2021-03-08T10:21:53.525802500Z                                                      age  
2021-03-08T10:21:53.525809600Z                                                3.145e-01  
2021-03-08T10:21:53.525816700Z                                             I(age * age)  
2021-03-08T10:21:53.525823500Z                                               -1.932e-03  
2021-03-08T10:21:53.525830700Z                                                  sexMale  
2021-03-08T10:21:53.525837500Z                                                5.617e-02  
2021-03-08T10:21:53.525844500Z                                                     imd2  
2021-03-08T10:21:53.525851400Z                                                1.537e-01  
2021-03-08T10:21:53.525858400Z                                                     imd3  
2021-03-08T10:21:53.525865300Z                                                2.326e-01  
2021-03-08T10:21:53.525872100Z                                                     imd4  
2021-03-08T10:21:53.525879000Z                                                3.067e-01  
2021-03-08T10:21:53.525886000Z                                       imd5 most deprived  
2021-03-08T10:21:53.525907500Z                                                3.530e-01  
2021-03-08T10:21:53.525915200Z                              chronic_cardiac_diseaseTRUE  
2021-03-08T10:21:53.525922100Z                                                5.197e-02  
2021-03-08T10:21:53.525929000Z                                         current_copdTRUE  
2021-03-08T10:21:53.525935800Z                                                3.930e-02  
2021-03-08T10:21:53.525942700Z                                             dementiaTRUE  
2021-03-08T10:21:53.525949400Z                                               -1.619e-01  
2021-03-08T10:21:53.525956300Z                                             dialysisTRUE  
2021-03-08T10:21:53.525963000Z                                                1.024e-01  
2021-03-08T10:21:53.525970000Z                          solid_organ_transplantationTRUE  
2021-03-08T10:21:53.525977200Z                                                1.841e-01  
2021-03-08T10:21:53.525984100Z                                       chemo_or_radioTRUE  
2021-03-08T10:21:53.525990900Z                                                3.649e-02  
2021-03-08T10:21:53.525997600Z                                  sickle_cell_diseaseTRUE  
2021-03-08T10:21:53.526004500Z                                               -6.765e-01  
2021-03-08T10:21:53.526014300Z                          permanant_immunosuppressionTRUE  
2021-03-08T10:21:53.526021600Z                                                2.043e-01  
2021-03-08T10:21:53.526028300Z                          temporary_immunosuppressionTRUE  
2021-03-08T10:21:53.526035000Z                                               -3.953e-04  
2021-03-08T10:21:53.526042000Z                                             aspleniaTRUE  
2021-03-08T10:21:53.526048800Z                                                6.757e-04  
2021-03-08T10:21:53.526055800Z                        intel_dis_incl_downs_syndromeTRUE  
2021-03-08T10:21:53.526062800Z                                               -2.027e-01  
2021-03-08T10:21:53.526070000Z                              psychosis_schiz_bipolarTRUE  
2021-03-08T10:21:53.526077100Z                                               -3.599e-01  
2021-03-08T10:21:53.526083900Z                                          lung_cancerTRUE  
2021-03-08T10:21:53.526090800Z                                               -3.003e-02  
2021-03-08T10:21:53.526097700Z                            cancer_excl_lung_and_haemTRUE  
2021-03-08T10:21:53.526104600Z                                                8.914e-02  
2021-03-08T10:21:53.526111600Z                                haematological_cancerTRUE  
2021-03-08T10:21:53.526118600Z                                                5.441e-02  
2021-03-08T10:21:53.526125400Z                                ns(tstop, knots = knots)1  
2021-03-08T10:21:53.526132200Z                                                4.180e+00  
2021-03-08T10:21:53.526147100Z                                ns(tstop, knots = knots)2  
2021-03-08T10:21:53.526154500Z                                                2.004e+00  
2021-03-08T10:21:53.526161300Z                                      regionEast Midlands  
2021-03-08T10:21:53.526168000Z                                               -1.782e+00  
2021-03-08T10:21:53.526174900Z                                             regionLondon  
2021-03-08T10:21:53.526181600Z                                               -1.495e+00  
2021-03-08T10:21:53.526188700Z                                         regionNorth East  
2021-03-08T10:21:53.526195400Z                                               -4.165e-01  
2021-03-08T10:21:53.526202300Z                                         regionNorth West  
2021-03-08T10:21:53.526209000Z                                               -2.340e-01  
2021-03-08T10:21:53.526215800Z                                         regionSouth East  
2021-03-08T10:21:53.526222500Z                                               -4.021e-01  
2021-03-08T10:21:53.526229300Z                                         regionSouth West  
2021-03-08T10:21:53.526236000Z                                               -4.305e-01  
2021-03-08T10:21:53.526242900Z                                      regionWest Midlands  
2021-03-08T10:21:53.526249600Z                                                2.479e-01  
2021-03-08T10:21:53.526256500Z                           regionYorkshire and The Humber  
2021-03-08T10:21:53.526264300Z                                                2.434e-01  
2021-03-08T10:21:53.526271400Z                                          hospital_status  
2021-03-08T10:21:53.526278200Z                                                1.196e-02  
2021-03-08T10:21:53.526285000Z                                    probable_covid_status  
2021-03-08T10:21:53.526291800Z                                               -8.927e-01  
2021-03-08T10:21:53.526298700Z                                   suspected_covid_status  
2021-03-08T10:21:53.526305300Z                                                4.529e-01  
2021-03-08T10:21:53.526312300Z            ns(tstop, knots = knots)1:regionEast Midlands  
2021-03-08T10:21:53.526318900Z                                                3.579e+00  
2021-03-08T10:21:53.526325600Z            ns(tstop, knots = knots)2:regionEast Midlands  
2021-03-08T10:21:53.526332300Z                                                2.621e-01  
2021-03-08T10:21:53.526339300Z                   ns(tstop, knots = knots)1:regionLondon  
2021-03-08T10:21:53.526346000Z                                                2.337e+00  
2021-03-08T10:21:53.526352700Z                   ns(tstop, knots = knots)2:regionLondon  
2021-03-08T10:21:53.526359400Z                                               -1.384e+00  
2021-03-08T10:21:53.526372700Z               ns(tstop, knots = knots)1:regionNorth East  
2021-03-08T10:21:53.526379800Z                                                1.163e+00  
2021-03-08T10:21:53.526386700Z               ns(tstop, knots = knots)2:regionNorth East  
2021-03-08T10:21:53.526393400Z                                               -5.313e-01  
2021-03-08T10:21:53.526400200Z               ns(tstop, knots = knots)1:regionNorth West  
2021-03-08T10:21:53.526406900Z                                                9.631e-01  
2021-03-08T10:21:53.526413700Z               ns(tstop, knots = knots)2:regionNorth West  
2021-03-08T10:21:53.526420300Z                                               -4.721e-01  
2021-03-08T10:21:53.526427100Z               ns(tstop, knots = knots)1:regionSouth East  
2021-03-08T10:21:53.526434300Z                                                8.022e-01  
2021-03-08T10:21:53.526441400Z               ns(tstop, knots = knots)2:regionSouth East  
2021-03-08T10:21:53.526448100Z                                               -2.779e-01  
2021-03-08T10:21:53.526454900Z               ns(tstop, knots = knots)1:regionSouth West  
2021-03-08T10:21:53.526461900Z                                                1.076e+00  
2021-03-08T10:21:53.526468600Z               ns(tstop, knots = knots)2:regionSouth West  
2021-03-08T10:21:53.526475400Z                                                1.093e-01  
2021-03-08T10:21:53.526482000Z            ns(tstop, knots = knots)1:regionWest Midlands  
2021-03-08T10:21:53.526489000Z                                               -6.100e-01  
2021-03-08T10:21:53.526495900Z            ns(tstop, knots = knots)2:regionWest Midlands  
2021-03-08T10:21:53.526502900Z                                               -1.199e+00  
2021-03-08T10:21:53.526511100Z ns(tstop, knots = knots)1:regionYorkshire and The Humber  
2021-03-08T10:21:53.526517900Z                                               -2.307e-01  
2021-03-08T10:21:53.526524800Z ns(tstop, knots = knots)2:regionYorkshire and The Humber  
2021-03-08T10:21:53.526531600Z                                               -7.301e-01  
2021-03-08T10:21:53.526538400Z 
2021-03-08T10:21:53.526545200Z Degrees of Freedom: 7394726 Total (i.e. Null);  7394675 Residual
2021-03-08T10:21:53.526552000Z Null Deviance:	    1693000 
2021-03-08T10:21:53.526560000Z Residual Deviance: 1582000 	AIC: 1582000
2021-03-08T10:21:53.526653200Z ipwvax1_fxd 
2021-03-08T10:23:21.115684100Z MODEL INFO:
2021-03-08T10:23:21.115780700Z Observations: 7394727
2021-03-08T10:23:21.115790500Z Dependent Variable: 
2021-03-08T10:23:21.115798200Z Type: Generalized linear model
2021-03-08T10:23:21.115805900Z   Family: binomial 
2021-03-08T10:23:21.115813300Z   Link function: logit 
2021-03-08T10:23:21.115853900Z 
2021-03-08T10:23:21.117423500Z MODEL FIT:
2021-03-08T10:23:21.117437800Z <U+03C7><U+00B2>(48) = 110873.34, p = 0.00
2021-03-08T10:23:21.117446100Z Pseudo-R<U+00B2> (Cragg-Uhler) = 
2021-03-08T10:23:21.117453600Z Pseudo-R<U+00B2> (McFadden) = 0.07
2021-03-08T10:23:21.117460400Z AIC = 1581945.71, BIC = 1582622.71 
2021-03-08T10:23:21.117467200Z 
2021-03-08T10:23:21.117652900Z Standard errors: MLE
2021-03-08T10:23:21.271092200Z -----------------------------------------------------------------------
2021-03-08T10:23:21.271172700Z                                             Est.   S.E.   z val.      p
2021-03-08T10:23:21.271181100Z --------------------------------------- -------- ------ -------- ------
2021-03-08T10:23:21.271188100Z (Intercept)                               -18.38   0.86   -21.42   0.00
2021-03-08T10:23:21.271195200Z age                                         0.31   0.02    15.88   0.00
2021-03-08T10:23:21.271201900Z I(age  age)                                -0.00   0.00   -16.93   0.00
2021-03-08T10:23:21.271209000Z sexMale                                     0.06   0.00    11.38   0.00
2021-03-08T10:23:21.271215900Z imd2                                        0.15   0.01    16.86   0.00
2021-03-08T10:23:21.271222800Z imd3                                        0.23   0.01    26.68   0.00
2021-03-08T10:23:21.271229600Z imd4                                        0.31   0.01    35.43   0.00
2021-03-08T10:23:21.271236700Z imd5 most deprived                          0.35   0.01    40.81   0.00
2021-03-08T10:23:21.271243400Z chronic_cardiac_diseaseTRUE                 0.05   0.01     9.87   0.00
2021-03-08T10:23:21.271250400Z current_copdTRUE                            0.04   0.01     4.93   0.00
2021-03-08T10:23:21.271257100Z dementiaTRUE                               -0.16   0.01   -18.10   0.00
2021-03-08T10:23:21.271263800Z dialysisTRUE                                0.10   0.06     1.81   0.07
2021-03-08T10:23:21.271270400Z solid_organ_transplantationTRUE             0.18   0.10     1.77   0.08
2021-03-08T10:23:21.271277100Z chemo_or_radioTRUE                          0.04   0.01     2.60   0.01
2021-03-08T10:23:21.271283700Z sickle_cell_diseaseTRUE                    -0.68   0.36    -1.90   0.06
2021-03-08T10:23:21.271337500Z permanant_immunosuppressionTRUE             0.21   0.08     2.60   0.01
2021-03-08T10:23:21.272011100Z temporary_immunosuppressionTRUE            -0.00   0.04    -0.01   0.99
2021-03-08T10:23:21.272018500Z aspleniaTRUE                                0.00   0.05     0.00   1.00
2021-03-08T10:23:21.272025500Z intel_dis_incl_downs_syndromeTRUE          -0.20   0.07    -3.02   0.00
2021-03-08T10:23:21.272032300Z psychosis_schiz_bipolarTRUE                -0.36   0.03   -12.03   0.00
2021-03-08T10:23:21.272039200Z lung_cancerTRUE                            -0.03   0.03    -1.00   0.32
2021-03-08T10:23:21.272071500Z cancer_excl_lung_and_haemTRUE               0.09   0.01    13.82   0.00
2021-03-08T10:23:21.272079100Z haematological_cancerTRUE                   0.06   0.02     3.07   0.00
2021-03-08T10:23:21.272086000Z ns(tstop, knots = knots)1                   4.18   0.04   109.53   0.00
2021-03-08T10:23:21.272092900Z ns(tstop, knots = knots)2                   2.00   0.02    95.34   0.00
2021-03-08T10:23:21.272102200Z regionEast Midlands                        -1.78   0.04   -45.98   0.00
2021-03-08T10:23:21.272109100Z regionLondon                               -1.49   0.07   -20.62   0.00
2021-03-08T10:23:21.272116000Z regionNorth East                           -0.42   0.05    -8.14   0.00
2021-03-08T10:23:21.272122800Z regionNorth West                           -0.23   0.04    -6.34   0.00
2021-03-08T10:23:21.272129600Z regionSouth East                           -0.40   0.04    -9.88   0.00
2021-03-08T10:23:21.272136400Z regionSouth West                           -0.43   0.03   -14.29   0.00
2021-03-08T10:23:21.272143200Z regionWest Midlands                         0.25   0.05     5.11   0.00
2021-03-08T10:23:21.272150100Z regionYorkshire and The                     0.24   0.03     8.29   0.00
2021-03-08T10:23:21.272156900Z Humber                                                                 
2021-03-08T10:23:21.272163700Z ns(tstop, knots =                           3.58   0.08    46.49   0.00
2021-03-08T10:23:21.272170400Z knots)1:regionEast Midlands                                            
2021-03-08T10:23:21.272177400Z ns(tstop, knots =                           0.26   0.03     7.69   0.00
2021-03-08T10:23:21.272184200Z knots)2:regionEast Midlands                                            
2021-03-08T10:23:21.272191200Z ns(tstop, knots =                           2.33   0.14    16.17   0.00
2021-03-08T10:23:21.272198000Z knots)1:regionLondon                                                   
2021-03-08T10:23:21.272205000Z ns(tstop, knots =                          -1.38   0.07   -20.97   0.00
2021-03-08T10:23:21.272211800Z knots)2:regionLondon                                                   
2021-03-08T10:23:21.272218900Z ns(tstop, knots =                           1.16   0.10    11.09   0.00
2021-03-08T10:23:21.272225700Z knots)1:regionNorth East                                               
2021-03-08T10:23:21.272232600Z ns(tstop, knots =                          -0.53   0.06    -9.00   0.00
2021-03-08T10:23:21.272239900Z knots)2:regionNorth East                                               
2021-03-08T10:23:21.272247000Z ns(tstop, knots =                           0.96   0.08    12.73   0.00
2021-03-08T10:23:21.272253800Z knots)1:regionNorth West                                               
2021-03-08T10:23:21.272260900Z ns(tstop, knots =                          -0.47   0.05   -10.23   0.00
2021-03-08T10:23:21.272267600Z knots)2:regionNorth West                                               
2021-03-08T10:23:21.272281800Z ns(tstop, knots =                           0.79   0.08     9.62   0.00
2021-03-08T10:23:21.272289100Z knots)1:regionSouth East                                               
2021-03-08T10:23:21.272296200Z ns(tstop, knots =                          -0.28   0.04    -6.29   0.00
2021-03-08T10:23:21.272303500Z knots)2:regionSouth East                                               
2021-03-08T10:23:21.272310500Z ns(tstop, knots =                           1.07   0.06    17.46   0.00
2021-03-08T10:23:21.272317300Z knots)1:regionSouth West                                               
2021-03-08T10:23:21.272324300Z ns(tstop, knots =                           0.11   0.03     3.30   0.00
2021-03-08T10:23:21.272331000Z knots)2:regionSouth West                                               
2021-03-08T10:23:21.272337900Z ns(tstop, knots =                          -0.61   0.10    -5.97   0.00
2021-03-08T10:23:21.272344700Z knots)1:regionWest Midlands                                            
2021-03-08T10:23:21.272351600Z ns(tstop, knots =                          -1.20   0.06   -19.56   0.00
2021-03-08T10:23:21.272358400Z knots)2:regionWest Midlands                                            
2021-03-08T10:23:21.272365200Z ns(tstop, knots =                          -0.23   0.06    -3.77   0.00
2021-03-08T10:23:21.272372000Z knots)1:regionYorkshire and                                            
2021-03-08T10:23:21.272378900Z The Humber                                                             
2021-03-08T10:23:21.272385700Z ns(tstop, knots =                          -0.73   0.04   -19.11   0.00
2021-03-08T10:23:21.272392600Z knots)2:regionYorkshire and                                            
2021-03-08T10:23:21.272399400Z The Humber                                                             
2021-03-08T10:23:21.272406300Z -----------------------------------------------------------------------
2021-03-08T10:23:25.859975900Z ipwdeath 
2021-03-08T10:34:34.415745500Z MODEL INFO:
2021-03-08T10:34:34.415847300Z Observations: 8637744
2021-03-08T10:34:34.415856500Z Dependent Variable: 
2021-03-08T10:34:34.415864200Z Type: Generalized linear model
2021-03-08T10:34:34.415871500Z   Family: binomial 
2021-03-08T10:34:34.415878900Z   Link function: logit 
2021-03-08T10:34:34.415886200Z 
2021-03-08T10:34:34.417498400Z MODEL FIT:
2021-03-08T10:34:34.417524500Z <U+03C7><U+00B2>(61) = 2179.92, p = 0.00
2021-03-08T10:34:34.417534200Z Pseudo-R<U+00B2> (Cragg-Uhler) = 
2021-03-08T10:34:34.417541900Z Pseudo-R<U+00B2> (McFadden) = 0.05
2021-03-08T10:34:34.417550000Z AIC = 40471.85, BIC = 41338.09 
2021-03-08T10:34:34.417558100Z 
2021-03-08T10:34:34.417674400Z Standard errors: MLE
2021-03-08T10:34:34.604784900Z -----------------------------------------------------------------------
2021-03-08T10:34:34.604946500Z                                             Est.   S.E.   z val.      p
2021-03-08T10:34:34.604957300Z --------------------------------------- -------- ------ -------- ------
2021-03-08T10:34:34.604964500Z (Intercept)                               -34.20   5.70    -6.00   0.00
2021-03-08T10:34:34.604971600Z age                                         0.47   0.13     3.63   0.00
2021-03-08T10:34:34.604978400Z I(age  age)                                -0.00   0.00    -2.80   0.01
2021-03-08T10:34:34.604985300Z sexMale                                     0.22   0.05     4.74   0.00
2021-03-08T10:34:34.604992500Z imd2                                       -0.07   0.07    -1.02   0.31
2021-03-08T10:34:34.604999400Z imd3                                       -0.11   0.07    -1.56   0.12
2021-03-08T10:34:34.605006300Z imd4                                       -0.08   0.07    -1.07   0.28
2021-03-08T10:34:34.605013300Z imd5 most deprived                         -0.10   0.07    -1.36   0.17
2021-03-08T10:34:34.605020400Z chronic_cardiac_diseaseTRUE                 0.33   0.04     7.78   0.00
2021-03-08T10:34:34.605027400Z current_copdTRUE                            0.44   0.06     7.40   0.00
2021-03-08T10:34:34.605034200Z dementiaTRUE                                0.84   0.05    16.29   0.00
2021-03-08T10:34:34.605041500Z dialysisTRUE                                1.26   0.27     4.62   0.00
2021-03-08T10:34:34.605048400Z solid_organ_transplantationTRUE            -0.76   1.01    -0.75   0.45
2021-03-08T10:34:34.605055400Z chemo_or_radioTRUE                          0.08   0.10     0.74   0.46
2021-03-08T10:34:34.605062400Z sickle_cell_diseaseTRUE                     1.79   1.00     1.78   0.07
2021-03-08T10:34:34.605069200Z permanant_immunosuppressionTRUE            -0.41   1.00    -0.41   0.68
2021-03-08T10:34:34.605075900Z temporary_immunosuppressionTRUE             0.36   0.24     1.50   0.13
2021-03-08T10:34:34.605082600Z aspleniaTRUE                                0.09   0.38     0.24   0.81
2021-03-08T10:34:34.605089400Z intel_dis_incl_downs_syndromeTRUE           0.26   0.45     0.58   0.56
2021-03-08T10:34:34.605096200Z psychosis_schiz_bipolarTRUE                 0.41   0.18     2.27   0.02
2021-03-08T10:34:34.605103000Z lung_cancerTRUE                             1.36   0.13    10.51   0.00
2021-03-08T10:34:34.605109700Z cancer_excl_lung_and_haemTRUE               0.45   0.05     9.11   0.00
2021-03-08T10:34:34.605116500Z haematological_cancerTRUE                   0.53   0.12     4.46   0.00
2021-03-08T10:34:34.605123300Z timesincevax_pw(0,3]                       -1.21   0.30    -3.98   0.00
2021-03-08T10:34:34.605130100Z timesincevax_pw(3,7]                       -0.76   0.21    -3.63   0.00
2021-03-08T10:34:34.605139100Z timesincevax_pw(7,14]                      -0.68   0.16    -4.35   0.00
2021-03-08T10:34:34.605146300Z timesincevax_pw(14,21]                     -0.84   0.18    -4.78   0.00
2021-03-08T10:34:34.605164900Z timesincevax_pw(21, Inf]                   -1.45   0.20    -7.07   0.00
2021-03-08T10:34:34.605172400Z ns(tstop, knots = knots)1                   1.28   0.26     4.86   0.00
2021-03-08T10:34:34.605179700Z ns(tstop, knots = knots)2                   1.00   0.17     5.89   0.00
2021-03-08T10:34:34.605186500Z regionEast Midlands                         0.01   0.18     0.05   0.96
2021-03-08T10:34:34.605193400Z regionLondon                                0.12   0.30     0.42   0.68
2021-03-08T10:34:34.605200300Z regionNorth East                           -0.12   0.31    -0.39   0.70
2021-03-08T10:34:34.605207100Z regionNorth West                           -0.18   0.24    -0.77   0.44
2021-03-08T10:34:34.605214000Z regionSouth East                            0.11   0.23     0.49   0.62
2021-03-08T10:34:34.605220900Z regionSouth West                           -0.12   0.18    -0.64   0.52
2021-03-08T10:34:34.605227800Z regionWest Midlands                        -0.40   0.36    -1.09   0.28
2021-03-08T10:34:34.605234700Z regionYorkshire and The                    -0.16   0.20    -0.77   0.44
2021-03-08T10:34:34.605241600Z Humber                                                                 
2021-03-08T10:34:34.605248500Z hospital_status                             2.11   0.07    29.41   0.00
2021-03-08T10:34:34.605255300Z probable_covid_status                       1.73   0.24     7.21   0.00
2021-03-08T10:34:34.605262100Z suspected_covid_status                      0.54   0.29     1.85   0.06
2021-03-08T10:34:34.605268900Z sexMale:timesincevax_pw(0,3]                0.64   0.41     1.59   0.11
2021-03-08T10:34:34.605276100Z sexMale:timesincevax_pw(3,7]                0.11   0.32     0.35   0.72
2021-03-08T10:34:34.605283000Z sexMale:timesincevax_pw(7,14]               0.14   0.23     0.63   0.53
2021-03-08T10:34:34.605289900Z sexMale:timesincevax_pw(14,21]              0.10   0.25     0.38   0.70
2021-03-08T10:34:34.605296800Z sexMale:timesincevax_pw(21,                 0.46   0.27     1.71   0.09
2021-03-08T10:34:34.605303700Z Inf]                                                                   
2021-03-08T10:34:34.605310600Z ns(tstop, knots =                          -0.34   0.42    -0.83   0.41
2021-03-08T10:34:34.605317300Z knots)1:regionEast Midlands                                            
2021-03-08T10:34:34.605324000Z ns(tstop, knots =                           0.05   0.25     0.21   0.84
2021-03-08T10:34:34.605330700Z knots)2:regionEast Midlands                                            
2021-03-08T10:34:34.605337500Z ns(tstop, knots =                          -0.49   0.68    -0.73   0.47
2021-03-08T10:34:34.605344700Z knots)1:regionLondon                                                   
2021-03-08T10:34:34.605351600Z ns(tstop, knots =                          -0.72   0.44    -1.66   0.10
2021-03-08T10:34:34.605358400Z knots)2:regionLondon                                                   
2021-03-08T10:34:34.605372600Z ns(tstop, knots =                           0.01   0.71     0.02   0.98
2021-03-08T10:34:34.605379900Z knots)1:regionNorth East                                               
2021-03-08T10:34:34.605388900Z ns(tstop, knots =                           0.61   0.37     1.66   0.10
2021-03-08T10:34:34.605395700Z knots)2:regionNorth East                                               
2021-03-08T10:34:34.605402600Z ns(tstop, knots =                           0.24   0.55     0.43   0.66
2021-03-08T10:34:34.605409300Z knots)1:regionNorth West                                               
2021-03-08T10:34:34.605416200Z ns(tstop, knots =                           0.20   0.32     0.61   0.54
2021-03-08T10:34:34.605423000Z knots)2:regionNorth West                                               
2021-03-08T10:34:34.605430000Z ns(tstop, knots =                          -0.46   0.53    -0.88   0.38
2021-03-08T10:34:34.605436800Z knots)1:regionSouth East                                               
2021-03-08T10:34:34.605443800Z ns(tstop, knots =                           0.02   0.32     0.07   0.95
2021-03-08T10:34:34.605450500Z knots)2:regionSouth East                                               
2021-03-08T10:34:34.605457400Z ns(tstop, knots =                           0.18   0.41     0.44   0.66
2021-03-08T10:34:34.605464200Z knots)1:regionSouth West                                               
2021-03-08T10:34:34.605471100Z ns(tstop, knots =                           0.41   0.24     1.73   0.08
2021-03-08T10:34:34.605477900Z knots)2:regionSouth West                                               
2021-03-08T10:34:34.605484900Z ns(tstop, knots =                           0.82   0.80     1.03   0.30
2021-03-08T10:34:34.605491700Z knots)1:regionWest Midlands                                            
2021-03-08T10:34:34.605498600Z ns(tstop, knots =                          -0.01   0.41    -0.02   0.99
2021-03-08T10:34:34.605505300Z knots)2:regionWest Midlands                                            
2021-03-08T10:34:34.605512200Z ns(tstop, knots =                           0.47   0.46     1.03   0.30
2021-03-08T10:34:34.605519100Z knots)1:regionYorkshire and                                            
2021-03-08T10:34:34.605525900Z The Humber                                                             
2021-03-08T10:34:34.605532700Z ns(tstop, knots =                           0.26   0.26     1.03   0.30
2021-03-08T10:34:34.605539400Z knots)2:regionYorkshire and                                            
2021-03-08T10:34:34.605546100Z The Humber                                                             
2021-03-08T10:34:34.605553300Z -----------------------------------------------------------------------
2021-03-08T10:34:34.605560200Z ipwdeath_fxd 
2021-03-08T10:43:59.402337800Z MODEL INFO:
2021-03-08T10:43:59.402420600Z Observations: 8637744
2021-03-08T10:43:59.402429800Z Dependent Variable: 
2021-03-08T10:43:59.402468200Z Type: Generalized linear model
2021-03-08T10:43:59.402475900Z   Family: binomial 
2021-03-08T10:43:59.402482700Z   Link function: logit 
2021-03-08T10:43:59.402489500Z 
2021-03-08T10:43:59.404025000Z MODEL FIT:
2021-03-08T10:43:59.404048700Z <U+03C7><U+00B2>(58) = 1608.26, p = 0.00
2021-03-08T10:43:59.404058600Z Pseudo-R<U+00B2> (Cragg-Uhler) = 
2021-03-08T10:43:59.404066200Z Pseudo-R<U+00B2> (McFadden) = 0.04
2021-03-08T10:43:59.404073600Z AIC = 41037.51, BIC = 41861.84 
2021-03-08T10:43:59.404080500Z 
2021-03-08T10:43:59.404227700Z Standard errors: MLE
2021-03-08T10:43:59.590415700Z -----------------------------------------------------------------------
2021-03-08T10:43:59.590442400Z                                             Est.   S.E.   z val.      p
2021-03-08T10:43:59.590450800Z --------------------------------------- -------- ------ -------- ------
2021-03-08T10:43:59.590458000Z (Intercept)                               -34.28   5.70    -6.01   0.00
2021-03-08T10:43:59.590465000Z age                                         0.47   0.13     3.65   0.00
2021-03-08T10:43:59.590472100Z I(age  age)                                -0.00   0.00    -2.84   0.00
2021-03-08T10:43:59.590479100Z sexMale                                     0.24   0.05     5.34   0.00
2021-03-08T10:43:59.590486000Z imd2                                       -0.06   0.07    -0.87   0.38
2021-03-08T10:43:59.590493200Z imd3                                       -0.12   0.07    -1.63   0.10
2021-03-08T10:43:59.590500000Z imd4                                       -0.09   0.07    -1.26   0.21
2021-03-08T10:43:59.590507000Z imd5 most deprived                         -0.10   0.07    -1.37   0.17
2021-03-08T10:43:59.590513900Z chronic_cardiac_diseaseTRUE                 0.36   0.04     8.42   0.00
2021-03-08T10:43:59.590520800Z current_copdTRUE                            0.45   0.06     7.69   0.00
2021-03-08T10:43:59.590527600Z dementiaTRUE                                0.83   0.05    16.10   0.00
2021-03-08T10:43:59.590534500Z dialysisTRUE                                1.23   0.27     4.54   0.00
2021-03-08T10:43:59.590541200Z solid_organ_transplantationTRUE            -0.86   1.01    -0.85   0.39
2021-03-08T10:43:59.590548100Z chemo_or_radioTRUE                          0.12   0.10     1.14   0.25
2021-03-08T10:43:59.590555000Z sickle_cell_diseaseTRUE                     1.73   1.00     1.72   0.09
2021-03-08T10:43:59.590609200Z permanant_immunosuppressionTRUE            -0.30   1.00    -0.30   0.76
2021-03-08T10:43:59.590621600Z temporary_immunosuppressionTRUE             0.50   0.24     2.12   0.03
2021-03-08T10:43:59.590628800Z aspleniaTRUE                                0.11   0.38     0.29   0.77
2021-03-08T10:43:59.590635700Z intel_dis_incl_downs_syndromeTRUE           0.34   0.45     0.76   0.45
2021-03-08T10:43:59.590658200Z psychosis_schiz_bipolarTRUE                 0.42   0.18     2.34   0.02
2021-03-08T10:43:59.590666000Z lung_cancerTRUE                             1.42   0.13    11.02   0.00
2021-03-08T10:43:59.590673000Z cancer_excl_lung_and_haemTRUE               0.49   0.05     9.93   0.00
2021-03-08T10:43:59.590679800Z haematological_cancerTRUE                   0.63   0.12     5.35   0.00
2021-03-08T10:43:59.590686800Z timesincevax_pw(0,3]                       -1.30   0.30    -4.27   0.00
2021-03-08T10:43:59.590693700Z timesincevax_pw(3,7]                       -0.84   0.21    -4.01   0.00
2021-03-08T10:43:59.590702400Z timesincevax_pw(7,14]                      -0.76   0.16    -4.82   0.00
2021-03-08T10:43:59.590709500Z timesincevax_pw(14,21]                     -0.91   0.18    -5.18   0.00
2021-03-08T10:43:59.590716600Z timesincevax_pw(21, Inf]                   -1.51   0.20    -7.39   0.00
2021-03-08T10:43:59.590723500Z ns(tstop, knots = knots)1                   1.35   0.26     5.17   0.00
2021-03-08T10:43:59.590730400Z ns(tstop, knots = knots)2                   0.97   0.17     5.74   0.00
2021-03-08T10:43:59.590737300Z regionEast Midlands                        -0.00   0.18    -0.02   0.98
2021-03-08T10:43:59.590744200Z regionLondon                                0.16   0.30     0.53   0.60
2021-03-08T10:43:59.590751000Z regionNorth East                           -0.11   0.31    -0.37   0.71
2021-03-08T10:43:59.590757900Z regionNorth West                           -0.20   0.24    -0.85   0.39
2021-03-08T10:43:59.590764800Z regionSouth East                            0.11   0.23     0.50   0.62
2021-03-08T10:43:59.590771700Z regionSouth West                           -0.12   0.18    -0.65   0.51
2021-03-08T10:43:59.590778400Z regionWest Midlands                        -0.41   0.36    -1.12   0.26
2021-03-08T10:43:59.590785300Z regionYorkshire and The                    -0.15   0.20    -0.73   0.46
2021-03-08T10:43:59.590791900Z Humber                                                                 
2021-03-08T10:43:59.590798900Z sexMale:timesincevax_pw(0,3]                0.61   0.41     1.50   0.13
2021-03-08T10:43:59.590805700Z sexMale:timesincevax_pw(3,7]                0.07   0.32     0.23   0.82
2021-03-08T10:43:59.590812700Z sexMale:timesincevax_pw(7,14]               0.11   0.23     0.47   0.64
2021-03-08T10:43:59.590820000Z sexMale:timesincevax_pw(14,21]              0.06   0.25     0.23   0.82
2021-03-08T10:43:59.590826900Z sexMale:timesincevax_pw(21,                 0.42   0.27     1.57   0.12
2021-03-08T10:43:59.590833800Z Inf]                                                                   
2021-03-08T10:43:59.590840700Z ns(tstop, knots =                          -0.35   0.41    -0.84   0.40
2021-03-08T10:43:59.590847500Z knots)1:regionEast Midlands                                            
2021-03-08T10:43:59.590854500Z ns(tstop, knots =                           0.06   0.25     0.25   0.80
2021-03-08T10:43:59.590868700Z knots)2:regionEast Midlands                                            
2021-03-08T10:43:59.590876300Z ns(tstop, knots =                          -0.54   0.67    -0.80   0.42
2021-03-08T10:43:59.590883100Z knots)1:regionLondon                                                   
2021-03-08T10:43:59.590890000Z ns(tstop, knots =                          -0.76   0.44    -1.75   0.08
2021-03-08T10:43:59.590896800Z knots)2:regionLondon                                                   
2021-03-08T10:43:59.590904300Z ns(tstop, knots =                           0.01   0.70     0.01   0.99
2021-03-08T10:43:59.590911400Z knots)1:regionNorth East                                               
2021-03-08T10:43:59.590918500Z ns(tstop, knots =                           0.61   0.37     1.67   0.10
2021-03-08T10:43:59.590925400Z knots)2:regionNorth East                                               
2021-03-08T10:43:59.590932100Z ns(tstop, knots =                           0.31   0.54     0.57   0.57
2021-03-08T10:43:59.590939000Z knots)1:regionNorth West                                               
2021-03-08T10:43:59.590945900Z ns(tstop, knots =                           0.18   0.32     0.56   0.58
2021-03-08T10:43:59.590952700Z knots)2:regionNorth West                                               
2021-03-08T10:43:59.590959300Z ns(tstop, knots =                          -0.45   0.52    -0.86   0.39
2021-03-08T10:43:59.590966100Z knots)1:regionSouth East                                               
2021-03-08T10:43:59.590972800Z ns(tstop, knots =                          -0.00   0.32    -0.01   0.99
2021-03-08T10:43:59.590979500Z knots)2:regionSouth East                                               
2021-03-08T10:43:59.590986200Z ns(tstop, knots =                           0.19   0.41     0.46   0.64
2021-03-08T10:43:59.590993000Z knots)1:regionSouth West                                               
2021-03-08T10:43:59.591000000Z ns(tstop, knots =                           0.41   0.24     1.74   0.08
2021-03-08T10:43:59.591007000Z knots)2:regionSouth West                                               
2021-03-08T10:43:59.591013700Z ns(tstop, knots =                           0.82   0.79     1.04   0.30
2021-03-08T10:43:59.591020500Z knots)1:regionWest Midlands                                            
2021-03-08T10:43:59.591027200Z ns(tstop, knots =                          -0.03   0.42    -0.07   0.94
2021-03-08T10:43:59.591034000Z knots)2:regionWest Midlands                                            
2021-03-08T10:43:59.591040600Z ns(tstop, knots =                           0.46   0.45     1.02   0.31
2021-03-08T10:43:59.591047400Z knots)1:regionYorkshire and                                            
2021-03-08T10:43:59.591054100Z The Humber                                                             
2021-03-08T10:43:59.591060800Z ns(tstop, knots =                           0.25   0.26     0.97   0.33
2021-03-08T10:43:59.591074400Z knots)2:regionYorkshire and                                            
2021-03-08T10:43:59.591082000Z The Humber                                                             
2021-03-08T10:43:59.591088700Z -----------------------------------------------------------------------
2021-03-08T10:56:14.858425200Z Saving 7 x 7 in image
2021-03-08T10:56:19.315718600Z `stat_bin()` using `bins = 30`. Pick better value with `binwidth`.
2021-03-08T10:57:03.017917300Z msmmod0 
2021-03-08T10:57:47.001888800Z Error in coefficients(msmmod4_par) : object 'msmmod4_par' not found
2021-03-08T10:57:47.001982100Z Calls: glm -> eval -> coefficients
2021-03-08T10:57:47.024682800Z Backtrace:
2021-03-08T10:57:47.024763400Z 1: coefficients(msmmod4_par)
2021-03-08T10:57:47.025068700Z 2: eval(call(if (is.function(method)) "method" else method, x = X, 
2021-03-08T10:57:47.025093700Z 3: glm(formula = update(outcome ~ 1, exposure_subgroup_interaction), 


state: failed
commit: 58e3a6a4837df9d166dc79c931394d8a868dfaef
docker_image_id: sha256:c7cb8c47c64952beb4dc7e1b4b0edaf95b0fa5cc1af3f796e073e4190413ec9e
exit_code: 1
job_id: mn3tygflobrjzgm2
run_by_user: wjchulme
created_at: 2021-03-08T09:54:37Z
started_at: 2021-03-08T10:19:27Z
completed_at: 2021-03-08T10:58:06Z

Job exited with an error code

outputs:
  output/over80s/postest/az/sex/dose1/data_weights.rds  - highly_sensitive    
  output/over80s/postest/az/sex/dose1/weights.txt       - moderately_sensitive