2021-03-11T21:49:41.911198300Z -- Attaching packages --------------------------------------- tidyverse 1.3.0 --
2021-03-11T21:49:41.920285900Z v ggplot2 3.3.2     v purrr   0.3.4
2021-03-11T21:49:41.920309000Z v tibble  3.0.3     v dplyr   1.0.2
2021-03-11T21:49:41.920317000Z v tidyr   1.1.2     v stringr 1.4.0
2021-03-11T21:49:41.920324000Z v readr   1.3.1     v forcats 0.5.0
2021-03-11T21:49:42.096629800Z -- Conflicts ------------------------------------------ tidyverse_conflicts() --
2021-03-11T21:49:42.096677000Z x dplyr::filter() masks stats::filter()
2021-03-11T21:49:42.096685500Z x dplyr::lag()    masks stats::lag()
2021-03-11T21:49:44.181455200Z 
2021-03-11T21:49:44.181523100Z Attaching package: 'lubridate'
2021-03-11T21:49:44.181531300Z 
2021-03-11T21:49:44.182879300Z The following objects are masked from 'package:base':
2021-03-11T21:49:44.182902600Z 
2021-03-11T21:49:44.182911100Z     date, intersect, setdiff, union
2021-03-11T21:49:44.182918200Z 
2021-03-11T21:49:44.525168900Z <environment: R_GlobalEnv>
2021-03-11T21:49:44.525666800Z <environment: R_GlobalEnv>
2021-03-11T21:50:41.739388000Z data_pt data size = 24955167 
2021-03-11T21:50:41.740453500Z   memory usage = 6.488 GB 
2021-03-11T21:51:08.182476400Z   ipwvaxpfizer1 
2021-03-11T22:36:32.394386600Z ipwvaxpfizer1_fxd 
2021-03-11T23:20:37.596786100Z ipwvaxaz1 
2021-03-11T23:53:09.396425800Z ipwvaxaz1_fxd 
2021-03-12T00:18:33.013060600Z ipwdeath 


state: failed
commit: 9b3a15915a99dd736982594579835af554e19d07
docker_image_id: sha256:c7cb8c47c64952beb4dc7e1b4b0edaf95b0fa5cc1af3f796e073e4190413ec9e
exit_code: 137
job_id: cecgyw4h2diwosro
run_by_user: wjchulme
created_at: 2021-03-11T21:39:12Z
started_at: 2021-03-11T21:49:39Z
completed_at: 2021-03-12T00:47:48Z

Job exited with an error code

outputs:
  output/in70s/postest/any/all/strata_vector.rds  - moderately_sensitive