2021-03-30T15:55:24.839714300Z -- Attaching packages --------------------------------------- tidyverse 1.3.0 --
2021-03-30T15:55:24.851963600Z v ggplot2 3.3.2     v purrr   0.3.4
2021-03-30T15:55:24.852044000Z v tibble  3.0.3     v dplyr   1.0.2
2021-03-30T15:55:24.852052100Z v tidyr   1.1.2     v stringr 1.4.0
2021-03-30T15:55:24.852059600Z v readr   1.3.1     v forcats 0.5.0
2021-03-30T15:55:25.140573000Z -- Conflicts ------------------------------------------ tidyverse_conflicts() --
2021-03-30T15:55:25.140660300Z x dplyr::filter() masks stats::filter()
2021-03-30T15:55:25.140668900Z x dplyr::lag()    masks stats::lag()
2021-03-30T15:55:25.178392400Z 
2021-03-30T15:55:25.178466600Z Attaching package: 'lubridate'
2021-03-30T15:55:25.178474600Z 
2021-03-30T15:55:25.180620500Z The following objects are masked from 'package:base':
2021-03-30T15:55:25.180668500Z 
2021-03-30T15:55:25.180677400Z     date, intersect, setdiff, union
2021-03-30T15:55:25.180684700Z 
2021-03-30T15:55:28.724364000Z Loading required package: zoo
2021-03-30T15:55:28.749469100Z 
2021-03-30T15:55:28.749590800Z Attaching package: 'zoo'
2021-03-30T15:55:28.749599800Z 
2021-03-30T15:55:28.750720000Z The following objects are masked from 'package:base':
2021-03-30T15:55:28.750738400Z 
2021-03-30T15:55:28.750752700Z     as.Date, as.Date.numeric
2021-03-30T15:55:28.750777900Z 
2021-03-30T15:55:29.299153300Z <environment: R_GlobalEnv>
2021-03-30T15:55:29.300012200Z <environment: R_GlobalEnv>
2021-03-30T15:55:29.300181100Z <environment: R_GlobalEnv>
2021-03-30T16:35:32.788809900Z There were 17 warnings (use warnings() to see them)
2021-03-30T16:35:32.788994200Z Warning messages:
2021-03-30T16:35:32.789009500Z 1: Removed 1 rows containing missing values (geom_segment).
2021-03-30T16:35:32.789018000Z 2: Removed 1 rows containing missing values (geom_segment).
2021-03-30T16:35:32.789025400Z 3: Removed 1 rows containing missing values (geom_segment).
2021-03-30T16:35:32.789033000Z 4: Removed 1 rows containing missing values (geom_segment).
2021-03-30T16:35:32.789040600Z 5: Removed 1 rows containing missing values (geom_segment).
2021-03-30T16:35:32.789048100Z 6: Removed 1 rows containing missing values (geom_segment).
2021-03-30T16:35:32.789055600Z 7: Removed 1 rows containing missing values (geom_segment).
2021-03-30T16:35:32.789063000Z 8: Removed 1 rows containing missing values (geom_segment).
2021-03-30T16:35:32.789070400Z 9: Removed 1 rows containing missing values (geom_segment).
2021-03-30T16:35:32.789077900Z 10: Removed 1 rows containing missing values (geom_segment).
2021-03-30T16:35:32.789085200Z 11: Removed 1 rows containing missing values (geom_segment).
2021-03-30T16:35:32.789130500Z 12: Removed 1 rows containing missing values (geom_segment).
2021-03-30T16:35:32.789138600Z 13: Removed 1 rows containing missing values (geom_segment).
2021-03-30T16:35:32.789145700Z 14: Removed 1 rows containing missing values (geom_segment).
2021-03-30T16:35:32.789152500Z 15: Removed 1 rows containing missing values (geom_segment).
2021-03-30T16:35:32.789159500Z 16: Removed 1 rows containing missing values (geom_segment).
2021-03-30T16:35:32.789166400Z 17: Removed 1 rows containing missing values (geom_segment).


state: succeeded
commit: 6836f3c5f93affbaf06a33695c429e9dae990756
docker_image_id: sha256:876a994cdafb8d3fb4b710249fd7716a31efd3ea26cb3faf7aa2187853c6c624
exit_code: 0
job_id: r6pe2b3jof54zcgj
run_by_user: wjchulme
created_at: 2021-03-30T09:37:16Z
started_at: 2021-03-30T15:55:20Z
completed_at: 2021-03-30T16:35:54Z

Completed successfully

outputs:
  output/over80s/emergency/any/all/all/plot_ipwdeath.svg    - moderately_sensitive
  output/over80s/emergency/any/all/all/plot_ipwvaxany1.svg  - moderately_sensitive
  output/over80s/emergency/any/all/all/tab_ipwdeath.csv     - moderately_sensitive
  output/over80s/emergency/any/all/all/tab_ipwdeath.html    - moderately_sensitive
  output/over80s/emergency/any/all/all/tab_ipwvaxany1.csv   - moderately_sensitive
  output/over80s/emergency/any/all/all/tab_ipwvaxany1.html  - moderately_sensitive