2021-05-16T01:04:43.909391900Z -- Attaching packages --------------------------------------- tidyverse 1.3.0 --
2021-05-16T01:04:43.919271300Z v ggplot2 3.3.2     v purrr   0.3.4
2021-05-16T01:04:43.919343000Z v tibble  3.0.3     v dplyr   1.0.2
2021-05-16T01:04:43.919352800Z v tidyr   1.1.2     v stringr 1.4.0
2021-05-16T01:04:43.919360100Z v readr   1.3.1     v forcats 0.5.0
2021-05-16T01:04:44.098811300Z -- Conflicts ------------------------------------------ tidyverse_conflicts() --
2021-05-16T01:04:44.098900700Z x dplyr::filter() masks stats::filter()
2021-05-16T01:04:44.098910200Z x dplyr::lag()    masks stats::lag()
2021-05-16T01:04:44.115498800Z 
2021-05-16T01:04:44.115573400Z Attaching package: 'lubridate'
2021-05-16T01:04:44.115581500Z 
2021-05-16T01:04:44.116890400Z The following objects are masked from 'package:base':
2021-05-16T01:04:44.116910600Z 
2021-05-16T01:04:44.116918400Z     date, intersect, setdiff, union
2021-05-16T01:04:44.116925700Z 
2021-05-16T01:04:46.354369500Z Loading required package: zoo
2021-05-16T01:04:46.368119200Z 
2021-05-16T01:04:46.368197200Z Attaching package: 'zoo'
2021-05-16T01:04:46.368206200Z 
2021-05-16T01:04:46.368700300Z The following objects are masked from 'package:base':
2021-05-16T01:04:46.368728500Z 
2021-05-16T01:04:46.368737200Z     as.Date, as.Date.numeric
2021-05-16T01:04:46.368744800Z 
2021-05-16T01:04:46.769701300Z <environment: R_GlobalEnv>
2021-05-16T01:04:46.770039800Z <environment: R_GlobalEnv>
2021-05-16T01:04:46.770377300Z <environment: R_GlobalEnv>
2021-05-16T01:44:06.483503700Z There were 33 warnings (use warnings() to see them)
2021-05-16T01:44:06.483913900Z Warning messages:
2021-05-16T01:44:06.484123600Z 1: Removed 1 rows containing missing values (geom_segment).
2021-05-16T01:44:06.484147800Z 2: Removed 1 rows containing missing values (geom_segment).
2021-05-16T01:44:06.484186600Z 3: Removed 1 rows containing missing values (geom_segment).
2021-05-16T01:44:06.484197200Z 4: Removed 1 rows containing missing values (geom_segment).
2021-05-16T01:44:06.484288000Z 5: Removed 1 rows containing missing values (geom_segment).
2021-05-16T01:44:06.484302800Z 6: Removed 1 rows containing missing values (geom_segment).
2021-05-16T01:44:06.484423900Z 7: Removed 1 rows containing missing values (geom_segment).
2021-05-16T01:44:06.484566800Z 8: Removed 1 rows containing missing values (geom_segment).
2021-05-16T01:44:06.484583500Z 9: Removed 1 rows containing missing values (geom_segment).
2021-05-16T01:44:06.484592900Z 10: Removed 1 rows containing missing values (geom_segment).
2021-05-16T01:44:06.484601200Z 11: Removed 1 rows containing missing values (geom_segment).
2021-05-16T01:44:06.484676600Z 12: Removed 1 rows containing missing values (geom_segment).
2021-05-16T01:44:06.484687300Z 13: Removed 1 rows containing missing values (geom_segment).
2021-05-16T01:44:06.484761600Z 14: Removed 1 rows containing missing values (geom_segment).
2021-05-16T01:44:06.484781400Z 15: Removed 1 rows containing missing values (geom_segment).
2021-05-16T01:44:06.484874500Z 16: Removed 1 rows containing missing values (geom_segment).
2021-05-16T01:44:06.484889700Z 17: Removed 1 rows containing missing values (geom_segment).
2021-05-16T01:44:06.484897700Z 18: Removed 1 rows containing missing values (geom_segment).
2021-05-16T01:44:06.485036800Z 19: Removed 1 rows containing missing values (geom_segment).
2021-05-16T01:44:06.485052000Z 20: Removed 1 rows containing missing values (geom_segment).
2021-05-16T01:44:06.485306500Z 21: In sqrt(diag(se)) : NaNs produced
2021-05-16T01:44:06.485481400Z 22: In sqrt(diag(se)) : NaNs produced
2021-05-16T01:44:06.485540100Z 23: Removed 1 rows containing missing values (geom_segment).
2021-05-16T01:44:06.485554500Z 24: Removed 1 rows containing missing values (geom_segment).
2021-05-16T01:44:06.485614600Z 25: Removed 1 rows containing missing values (geom_segment).
2021-05-16T01:44:06.485635500Z 26: Removed 1 rows containing missing values (geom_segment).
2021-05-16T01:44:06.485900600Z 27: Removed 1 rows containing missing values (geom_segment).
2021-05-16T01:44:06.485920000Z 28: Removed 1 rows containing missing values (geom_segment).
2021-05-16T01:44:06.485928100Z 29: Removed 1 rows containing missing values (geom_segment).
2021-05-16T01:44:06.485935700Z 30: Removed 1 rows containing missing values (geom_segment).
2021-05-16T01:44:06.485943100Z 31: Removed 1 rows containing missing values (geom_segment).
2021-05-16T01:44:06.486129100Z 32: Removed 1 rows containing missing values (geom_segment).
2021-05-16T01:44:06.486148600Z 33: Removed 1 rows containing missing values (geom_segment).


state: succeeded
commit: d95a6fa6ef28b1c9dce6d94b3ef6b92ac12b6e69
docker_image_id: sha256:b0e86ebee1d778d06c4c86d5d4c32dd910483eb4b0a9c7ed3997f928aa94c500
exit_code: 0
job_id: mf4jqkb37cdc2zji
run_by_user: wjchulme
created_at: 2021-05-15T22:36:16Z
started_at: 2021-05-16T01:04:41Z
completed_at: 2021-05-16T10:22:05Z

Completed successfully

outputs:
  output/over80s/noncoviddeath/az/all/all/gt_vaxaz1.rds       - highly_sensitive    
  output/over80s/noncoviddeath/az/all/all/gt_vaxpfizer1.rds   - highly_sensitive    
  output/over80s/noncoviddeath/az/all/all/plot_death.svg      - moderately_sensitive
  output/over80s/noncoviddeath/az/all/all/plot_vaxaz1.svg     - moderately_sensitive
  output/over80s/noncoviddeath/az/all/all/plot_vaxfizer1.svg  - moderately_sensitive
  output/over80s/noncoviddeath/az/all/all/tab_death.csv       - moderately_sensitive
  output/over80s/noncoviddeath/az/all/all/tab_death.html      - moderately_sensitive
  output/over80s/noncoviddeath/az/all/all/tab_pfizer_az.html  - moderately_sensitive
  output/over80s/noncoviddeath/az/all/all/tab_vaxaz1.csv      - moderately_sensitive
  output/over80s/noncoviddeath/az/all/all/tab_vaxaz1.html     - moderately_sensitive
  output/over80s/noncoviddeath/az/all/all/tab_vaxfizer1.html  - moderately_sensitive
  output/over80s/noncoviddeath/az/all/all/tab_vaxpfizer1.csv  - moderately_sensitive