2021-03-30T19:41:08.066587600Z -- Attaching packages --------------------------------------- tidyverse 1.3.0 --
2021-03-30T19:41:08.079447900Z v ggplot2 3.3.2     v purrr   0.3.4
2021-03-30T19:41:08.079517500Z v tibble  3.0.3     v dplyr   1.0.2
2021-03-30T19:41:08.079526200Z v tidyr   1.1.2     v stringr 1.4.0
2021-03-30T19:41:08.079533700Z v readr   1.3.1     v forcats 0.5.0
2021-03-30T19:41:08.277817000Z -- Conflicts ------------------------------------------ tidyverse_conflicts() --
2021-03-30T19:41:08.277892000Z x dplyr::filter() masks stats::filter()
2021-03-30T19:41:08.277900500Z x dplyr::lag()    masks stats::lag()
2021-03-30T19:41:08.295822500Z 
2021-03-30T19:41:08.295892700Z Attaching package: 'lubridate'
2021-03-30T19:41:08.295901300Z 
2021-03-30T19:41:08.296574900Z The following objects are masked from 'package:base':
2021-03-30T19:41:08.296591400Z 
2021-03-30T19:41:08.296598900Z     date, intersect, setdiff, union
2021-03-30T19:41:08.296606200Z 
2021-03-30T19:41:10.641242800Z Loading required package: zoo
2021-03-30T19:41:10.652504600Z 
2021-03-30T19:41:10.652563300Z Attaching package: 'zoo'
2021-03-30T19:41:10.652571200Z 
2021-03-30T19:41:10.653094800Z The following objects are masked from 'package:base':
2021-03-30T19:41:10.653112200Z 
2021-03-30T19:41:10.653119500Z     as.Date, as.Date.numeric
2021-03-30T19:41:10.653126500Z 
2021-03-30T19:41:11.305859900Z <environment: R_GlobalEnv>
2021-03-30T19:41:11.306217000Z <environment: R_GlobalEnv>
2021-03-30T19:41:11.306643200Z <environment: R_GlobalEnv>


state: succeeded
commit: 6836f3c5f93affbaf06a33695c429e9dae990756
docker_image_id: sha256:876a994cdafb8d3fb4b710249fd7716a31efd3ea26cb3faf7aa2187853c6c624
exit_code: 0
job_id: gdz42pz2vf3vam72
run_by_user: wjchulme
created_at: 2021-03-30T16:38:38Z
started_at: 2021-03-30T19:41:05Z
completed_at: 2021-03-30T20:07:41Z

Completed successfully

outputs:
  output/over80s/death/any/all/estimates.csv                - moderately_sensitive
  output/over80s/death/any/all/forest_plot.svg              - moderately_sensitive
  output/over80s/death/any/all/time_trends_region_plot.svg  - moderately_sensitive