2021-03-03T23:04:29.129230700Z -- Attaching packages --------------------------------------- tidyverse 1.3.0 --
2021-03-03T23:04:29.137561700Z v ggplot2 3.3.2     v purrr   0.3.4
2021-03-03T23:04:29.137584100Z v tibble  3.0.3     v dplyr   1.0.2
2021-03-03T23:04:29.137592600Z v tidyr   1.1.2     v stringr 1.4.0
2021-03-03T23:04:29.137599800Z v readr   1.3.1     v forcats 0.5.0
2021-03-03T23:04:29.290238400Z -- Conflicts ------------------------------------------ tidyverse_conflicts() --
2021-03-03T23:04:29.290302500Z x dplyr::filter() masks stats::filter()
2021-03-03T23:04:29.290310500Z x dplyr::lag()    masks stats::lag()
2021-03-03T23:04:29.303682800Z 
2021-03-03T23:04:29.303704900Z Attaching package: 'lubridate'
2021-03-03T23:04:29.303713300Z 
2021-03-03T23:04:29.305016600Z The following objects are masked from 'package:base':
2021-03-03T23:04:29.305032700Z 
2021-03-03T23:04:29.305040200Z     date, intersect, setdiff, union
2021-03-03T23:04:29.305047200Z 
2021-03-03T23:04:31.236088100Z <environment: R_GlobalEnv>
2021-03-03T23:16:37.465139300Z Warning message:
2021-03-03T23:16:37.465218000Z tstop and region are not included in an interaction with one another in the
2021-03-03T23:16:37.465227500Z model. 


state: succeeded
commit: 09bbcadb848bed6a055f0c05d8bd3c2fa6b619b9
docker_image_id: sha256:c7cb8c47c64952beb4dc7e1b4b0edaf95b0fa5cc1af3f796e073e4190413ec9e
exit_code: 0
job_id: ji5mbfpswdiarkzf
run_by_user: wjchulme
created_at: 2021-03-03T21:52:08Z
started_at: 2021-03-03T23:04:26Z
completed_at: 2021-03-03T23:23:09Z

Completed successfully

outputs:
  output/over80s/postest/az/models/estimates.csv                   - moderately_sensitive
  output/over80s/postest/az/models/forest_plot.svg                 - moderately_sensitive
  output/over80s/postest/az/models/secular_trends_region_plot.svg  - moderately_sensitive