2021-03-25T03:20:42.793167100Z -- Attaching packages --------------------------------------- tidyverse 1.3.0 --
2021-03-25T03:20:42.802996800Z v ggplot2 3.3.2     v purrr   0.3.4
2021-03-25T03:20:42.803021000Z v tibble  3.0.3     v dplyr   1.0.2
2021-03-25T03:20:42.803029500Z v tidyr   1.1.2     v stringr 1.4.0
2021-03-25T03:20:42.803036500Z v readr   1.3.1     v forcats 0.5.0
2021-03-25T03:20:42.990167600Z -- Conflicts ------------------------------------------ tidyverse_conflicts() --
2021-03-25T03:20:42.990242300Z x dplyr::filter() masks stats::filter()
2021-03-25T03:20:42.990251400Z x dplyr::lag()    masks stats::lag()
2021-03-25T03:20:43.004829100Z 
2021-03-25T03:20:43.004857200Z Attaching package: 'lubridate'
2021-03-25T03:20:43.004865800Z 
2021-03-25T03:20:43.006220900Z The following objects are masked from 'package:base':
2021-03-25T03:20:43.006237900Z 
2021-03-25T03:20:43.006245800Z     date, intersect, setdiff, union
2021-03-25T03:20:43.006252800Z 
2021-03-25T03:20:45.314770500Z Loading required package: zoo
2021-03-25T03:20:45.326627400Z 
2021-03-25T03:20:45.326659700Z Attaching package: 'zoo'
2021-03-25T03:20:45.326668400Z 
2021-03-25T03:20:45.327259500Z The following objects are masked from 'package:base':
2021-03-25T03:20:45.327276700Z 
2021-03-25T03:20:45.327284300Z     as.Date, as.Date.numeric
2021-03-25T03:20:45.327291400Z 
2021-03-25T03:20:45.715112700Z <environment: R_GlobalEnv>
2021-03-25T03:20:45.715612100Z <environment: R_GlobalEnv>
2021-03-25T03:20:45.715899200Z <environment: R_GlobalEnv>
2021-03-25T03:44:55.014349900Z Saving 7 x 7 in image
2021-03-25T04:21:24.587420300Z Saving 7 x 7 in image
2021-03-25T05:18:41.982892200Z Saving 7 x 7 in image
2021-03-25T05:18:47.251308700Z There were 25 warnings (use warnings() to see them)
2021-03-25T05:18:47.251915300Z Warning messages:
2021-03-25T05:18:47.251940500Z 1: Removed 1 rows containing missing values (geom_segment).
2021-03-25T05:18:47.251977000Z 2: Removed 1 rows containing missing values (geom_segment).
2021-03-25T05:18:47.252056100Z 3: Removed 1 rows containing missing values (geom_segment).
2021-03-25T05:18:47.252071300Z 4: Removed 1 rows containing missing values (geom_segment).
2021-03-25T05:18:47.252137000Z 5: Removed 1 rows containing missing values (geom_segment).
2021-03-25T05:18:47.252252600Z 6: Removed 1 rows containing missing values (geom_segment).
2021-03-25T05:18:47.252267900Z 7: Removed 1 rows containing missing values (geom_segment).
2021-03-25T05:18:47.252276200Z 8: Removed 1 rows containing missing values (geom_segment).
2021-03-25T05:18:47.252386300Z 9: Removed 1 rows containing missing values (geom_segment).
2021-03-25T05:18:47.252432100Z 10: Removed 1 rows containing missing values (geom_segment).
2021-03-25T05:18:47.252508900Z 11: Removed 1 rows containing missing values (geom_segment).
2021-03-25T05:18:47.252523300Z 12: Removed 1 rows containing missing values (geom_segment).
2021-03-25T05:18:47.252586800Z 13: Removed 1 rows containing missing values (geom_segment).
2021-03-25T05:18:47.252645200Z 14: Removed 1 rows containing missing values (geom_segment).
2021-03-25T05:18:47.252659600Z 15: Removed 1 rows containing missing values (geom_segment).
2021-03-25T05:18:47.252754800Z 16: Removed 1 rows containing missing values (geom_segment).
2021-03-25T05:18:47.252823400Z 17: Removed 1 rows containing missing values (geom_segment).
2021-03-25T05:18:47.252884600Z 18: Removed 1 rows containing missing values (geom_segment).
2021-03-25T05:18:47.252898500Z 19: Removed 1 rows containing missing values (geom_segment).
2021-03-25T05:18:47.252945300Z 20: Removed 1 rows containing missing values (geom_segment).
2021-03-25T05:18:47.253015300Z 21: Removed 1 rows containing missing values (geom_segment).
2021-03-25T05:18:47.253033300Z 22: Removed 1 rows containing missing values (geom_segment).
2021-03-25T05:18:47.253113700Z 23: Removed 1 rows containing missing values (geom_segment).
2021-03-25T05:18:47.253213600Z 24: Removed 1 rows containing missing values (geom_segment).
2021-03-25T05:18:47.253279200Z 25: Removed 1 rows containing missing values (geom_segment).


state: succeeded
commit: 043669324e32bd76b2afb705602f9cca724a6602
docker_image_id: sha256:876a994cdafb8d3fb4b710249fd7716a31efd3ea26cb3faf7aa2187853c6c624
exit_code: 0
job_id: lioo23sxnanmucl5
run_by_user: wjchulme
created_at: 2021-03-24T23:19:40Z
started_at: 2021-03-25T03:20:39Z
completed_at: 2021-03-25T05:19:41Z

Completed successfully

outputs:
  output/over80s/noncoviddeath/pfizer/all/all/plot_ipwdeath.svg      - moderately_sensitive
  output/over80s/noncoviddeath/pfizer/all/all/plot_ipwvaxaz1.svg     - moderately_sensitive
  output/over80s/noncoviddeath/pfizer/all/all/plot_ipwvaxfizer1.svg  - moderately_sensitive
  output/over80s/noncoviddeath/pfizer/all/all/tab_ipwdeath.csv       - moderately_sensitive
  output/over80s/noncoviddeath/pfizer/all/all/tab_ipwdeath.html      - moderately_sensitive
  output/over80s/noncoviddeath/pfizer/all/all/tab_ipwvaxaz1.csv      - moderately_sensitive
  output/over80s/noncoviddeath/pfizer/all/all/tab_ipwvaxaz1.html     - moderately_sensitive
  output/over80s/noncoviddeath/pfizer/all/all/tab_ipwvaxfizer1.html  - moderately_sensitive
  output/over80s/noncoviddeath/pfizer/all/all/tab_ipwvaxpfizer1.csv  - moderately_sensitive
  output/over80s/noncoviddeath/pfizer/all/all/tab_pfizer_az.html     - moderately_sensitive