2021-03-16T00:25:06.888713800Z -- Attaching packages --------------------------------------- tidyverse 1.3.0 --
2021-03-16T00:25:06.897599800Z v ggplot2 3.3.2     v purrr   0.3.4
2021-03-16T00:25:06.897619100Z v tibble  3.0.3     v dplyr   1.0.2
2021-03-16T00:25:06.897627400Z v tidyr   1.1.2     v stringr 1.4.0
2021-03-16T00:25:06.897634300Z v readr   1.3.1     v forcats 0.5.0
2021-03-16T00:25:07.069136400Z -- Conflicts ------------------------------------------ tidyverse_conflicts() --
2021-03-16T00:25:07.069175600Z x dplyr::filter() masks stats::filter()
2021-03-16T00:25:07.069184600Z x dplyr::lag()    masks stats::lag()
2021-03-16T00:25:07.084294100Z 
2021-03-16T00:25:07.084311800Z Attaching package: 'lubridate'
2021-03-16T00:25:07.084319500Z 
2021-03-16T00:25:07.085694300Z The following objects are masked from 'package:base':
2021-03-16T00:25:07.085708300Z 
2021-03-16T00:25:07.085715900Z     date, intersect, setdiff, union
2021-03-16T00:25:07.085723000Z 
2021-03-16T00:25:09.153530300Z #BlackLivesMatter
2021-03-16T00:25:09.218563500Z Loading required package: zoo
2021-03-16T00:25:09.230518800Z 
2021-03-16T00:25:09.230543100Z Attaching package: 'zoo'
2021-03-16T00:25:09.230552000Z 
2021-03-16T00:25:09.231159900Z The following objects are masked from 'package:base':
2021-03-16T00:25:09.231180100Z 
2021-03-16T00:25:09.231188500Z     as.Date, as.Date.numeric
2021-03-16T00:25:09.231195500Z 
2021-03-16T00:25:09.622778000Z <environment: R_GlobalEnv>
2021-03-16T00:25:09.622961000Z <environment: R_GlobalEnv>


state: succeeded
commit: 6b40e3327780aa5432dd4ee80ebcbe9753e8090d
docker_image_id: sha256:c7cb8c47c64952beb4dc7e1b4b0edaf95b0fa5cc1af3f796e073e4190413ec9e
exit_code: 0
job_id: vdruts3hrfhg4f4v
run_by_user: wjchulme
created_at: 2021-03-15T19:02:19Z
started_at: 2021-03-16T00:25:04Z
completed_at: 2021-03-16T00:43:37Z

Completed successfully

outputs:
  output/over80s/postest/any/all/estimates.csv    - moderately_sensitive
  output/over80s/postest/any/all/forest_plot.svg  - moderately_sensitive