2021-04-30T19:27:53.338873000Z -- Attaching packages --------------------------------------- tidyverse 1.3.0 --
2021-04-30T19:27:53.349660400Z v ggplot2 3.3.2     v purrr   0.3.4
2021-04-30T19:27:53.349771100Z v tibble  3.0.3     v dplyr   1.0.2
2021-04-30T19:27:53.349779700Z v tidyr   1.1.2     v stringr 1.4.0
2021-04-30T19:27:53.349787000Z v readr   1.3.1     v forcats 0.5.0
2021-04-30T19:27:53.573565600Z -- Conflicts ------------------------------------------ tidyverse_conflicts() --
2021-04-30T19:27:53.573665200Z x dplyr::filter() masks stats::filter()
2021-04-30T19:27:53.573674100Z x dplyr::lag()    masks stats::lag()
2021-04-30T19:27:53.597180800Z 
2021-04-30T19:27:53.597292100Z Attaching package: 'lubridate'
2021-04-30T19:27:53.597300800Z 
2021-04-30T19:27:53.598812400Z The following objects are masked from 'package:base':
2021-04-30T19:27:53.598890700Z 
2021-04-30T19:27:53.598899200Z     date, intersect, setdiff, union
2021-04-30T19:27:53.598906100Z 
2021-04-30T19:27:56.231912700Z Loading required package: zoo
2021-04-30T19:27:56.253228800Z 
2021-04-30T19:27:56.253325900Z Attaching package: 'zoo'
2021-04-30T19:27:56.253334400Z 
2021-04-30T19:27:56.254009800Z The following objects are masked from 'package:base':
2021-04-30T19:27:56.254068700Z 
2021-04-30T19:27:56.254076700Z     as.Date, as.Date.numeric
2021-04-30T19:27:56.254083800Z 
2021-04-30T19:27:56.746003900Z <environment: R_GlobalEnv>
2021-04-30T19:27:56.746463000Z <environment: R_GlobalEnv>
2021-04-30T19:27:56.747731700Z <environment: R_GlobalEnv>


state: failed
commit: c0fbd966a91468dcc99592dc2f8310f35accbf13
docker_image_id: sha256:c2fc5042bf86134947d83ad8e70bd926e2c1f91a263c6bfe87438ad783bec981
exit_code: 137
job_id: v5e26j2orid72b2a
run_by_user: wjchulme
created_at: 2021-04-30T15:15:47Z
started_at: 2021-04-30T19:27:49Z
completed_at: 2021-04-30T19:52:09Z

Job exited with an error code

outputs:
  output/in70s/covidadmitted/any/all/all/plot_vaxany1.svg  - moderately_sensitive
  output/in70s/covidadmitted/any/all/all/tab_vaxany1.csv   - moderately_sensitive
  output/in70s/covidadmitted/any/all/all/tab_vaxany1.html  - moderately_sensitive