2021-03-03T23:36:47.333803400Z -- Attaching packages --------------------------------------- tidyverse 1.3.0 --
2021-03-03T23:36:47.343196500Z v ggplot2 3.3.2     v purrr   0.3.4
2021-03-03T23:36:47.343217800Z v tibble  3.0.3     v dplyr   1.0.2
2021-03-03T23:36:47.343226200Z v tidyr   1.1.2     v stringr 1.4.0
2021-03-03T23:36:47.343233400Z v readr   1.3.1     v forcats 0.5.0
2021-03-03T23:36:47.506935300Z -- Conflicts ------------------------------------------ tidyverse_conflicts() --
2021-03-03T23:36:47.506952700Z x dplyr::filter() masks stats::filter()
2021-03-03T23:36:47.506960500Z x dplyr::lag()    masks stats::lag()
2021-03-03T23:36:47.520321600Z 
2021-03-03T23:36:47.520338600Z Attaching package: 'lubridate'
2021-03-03T23:36:47.520345800Z 
2021-03-03T23:36:47.521625800Z The following objects are masked from 'package:base':
2021-03-03T23:36:47.521641100Z 
2021-03-03T23:36:47.521648200Z     date, intersect, setdiff, union
2021-03-03T23:36:47.521654900Z 
2021-03-03T23:36:49.522638000Z <environment: R_GlobalEnv>
2021-03-03T23:54:50.336070500Z Warning message:
2021-03-03T23:54:50.336110400Z tstop and region are not included in an interaction with one another in the
2021-03-03T23:54:50.336119900Z model. 


state: succeeded
commit: 09bbcadb848bed6a055f0c05d8bd3c2fa6b619b9
docker_image_id: sha256:c7cb8c47c64952beb4dc7e1b4b0edaf95b0fa5cc1af3f796e073e4190413ec9e
exit_code: 0
job_id: ql66krwuui266zsb
run_by_user: wjchulme
created_at: 2021-03-03T21:52:08Z
started_at: 2021-03-03T23:36:44Z
completed_at: 2021-03-04T00:04:51Z

Completed successfully

outputs:
  output/over80s/postest/pfizer/models/estimates.csv                   - moderately_sensitive
  output/over80s/postest/pfizer/models/forest_plot.svg                 - moderately_sensitive
  output/over80s/postest/pfizer/models/secular_trends_region_plot.svg  - moderately_sensitive