2021-03-11T20:39:06.066836200Z -- Attaching packages --------------------------------------- tidyverse 1.3.0 --
2021-03-11T20:39:06.077791000Z v ggplot2 3.3.2     v purrr   0.3.4
2021-03-11T20:39:06.077885300Z v tibble  3.0.3     v dplyr   1.0.2
2021-03-11T20:39:06.077894100Z v tidyr   1.1.2     v stringr 1.4.0
2021-03-11T20:39:06.077901300Z v readr   1.3.1     v forcats 0.5.0
2021-03-11T20:39:06.319783400Z -- Conflicts ------------------------------------------ tidyverse_conflicts() --
2021-03-11T20:39:06.319872300Z x dplyr::filter() masks stats::filter()
2021-03-11T20:39:06.319881500Z x dplyr::lag()    masks stats::lag()
2021-03-11T20:39:06.347407200Z 
2021-03-11T20:39:06.347497800Z Attaching package: 'lubridate'
2021-03-11T20:39:06.347505500Z 
2021-03-11T20:39:06.349047300Z The following objects are masked from 'package:base':
2021-03-11T20:39:06.349069700Z 
2021-03-11T20:39:06.349077000Z     date, intersect, setdiff, union
2021-03-11T20:39:06.349084300Z 
2021-03-11T20:39:08.557547000Z Loading required package: zoo
2021-03-11T20:39:08.578474600Z 
2021-03-11T20:39:08.578520900Z Attaching package: 'zoo'
2021-03-11T20:39:08.578529600Z 
2021-03-11T20:39:08.580285600Z The following objects are masked from 'package:base':
2021-03-11T20:39:08.580303800Z 
2021-03-11T20:39:08.580311900Z     as.Date, as.Date.numeric
2021-03-11T20:39:08.580319200Z 
2021-03-11T20:39:09.207181800Z <environment: R_GlobalEnv>
2021-03-11T20:39:09.207872500Z <environment: R_GlobalEnv>


state: succeeded
commit: 9b3a15915a99dd736982594579835af554e19d07
docker_image_id: sha256:c7cb8c47c64952beb4dc7e1b4b0edaf95b0fa5cc1af3f796e073e4190413ec9e
exit_code: 0
job_id: gyk3jtiozp4xt2wo
run_by_user: wjchulme
created_at: 2021-03-11T18:38:33Z
started_at: 2021-03-11T20:39:02Z
completed_at: 2021-03-11T20:48:51Z

Completed successfully

outputs:
  output/over80s/postest/az/sex/estimates.csv    - moderately_sensitive
  output/over80s/postest/az/sex/forest_plot.svg  - moderately_sensitive