2021-04-19T03:25:46.425261600Z -- Attaching packages --------------------------------------- tidyverse 1.3.0 --
2021-04-19T03:25:46.435826100Z v ggplot2 3.3.2     v purrr   0.3.4
2021-04-19T03:25:46.435912900Z v tibble  3.0.3     v dplyr   1.0.2
2021-04-19T03:25:46.435921100Z v tidyr   1.1.2     v stringr 1.4.0
2021-04-19T03:25:46.435928600Z v readr   1.3.1     v forcats 0.5.0
2021-04-19T03:25:46.654593800Z -- Conflicts ------------------------------------------ tidyverse_conflicts() --
2021-04-19T03:25:46.654672100Z x dplyr::filter() masks stats::filter()
2021-04-19T03:25:46.654681400Z x dplyr::lag()    masks stats::lag()
2021-04-19T03:25:46.677407400Z 
2021-04-19T03:25:46.677485900Z Attaching package: 'lubridate'
2021-04-19T03:25:46.677494400Z 
2021-04-19T03:25:46.678982000Z The following objects are masked from 'package:base':
2021-04-19T03:25:46.679004700Z 
2021-04-19T03:25:46.679013600Z     date, intersect, setdiff, union
2021-04-19T03:25:46.679020800Z 
2021-04-19T03:25:49.202786600Z Loading required package: zoo
2021-04-19T03:25:49.226413700Z 
2021-04-19T03:25:49.226504000Z Attaching package: 'zoo'
2021-04-19T03:25:49.226512900Z 
2021-04-19T03:25:49.227072400Z The following objects are masked from 'package:base':
2021-04-19T03:25:49.227095800Z 
2021-04-19T03:25:49.227104600Z     as.Date, as.Date.numeric
2021-04-19T03:25:49.227112000Z 
2021-04-19T03:25:49.713815800Z <environment: R_GlobalEnv>
2021-04-19T03:25:49.714427200Z <environment: R_GlobalEnv>
2021-04-19T03:25:49.714699800Z <environment: R_GlobalEnv>
2021-04-19T03:53:48.064722300Z There were 15 warnings (use warnings() to see them)
2021-04-19T03:53:48.065786100Z Warning messages:
2021-04-19T03:53:48.065886600Z 1: Removed 1 rows containing missing values (geom_segment).
2021-04-19T03:53:48.065899000Z 2: Removed 1 rows containing missing values (geom_segment).
2021-04-19T03:53:48.065907200Z 3: Removed 1 rows containing missing values (geom_segment).
2021-04-19T03:53:48.065915700Z 4: Removed 1 rows containing missing values (geom_segment).
2021-04-19T03:53:48.065923500Z 5: Removed 1 rows containing missing values (geom_segment).
2021-04-19T03:53:48.065931300Z 6: Removed 1 rows containing missing values (geom_segment).
2021-04-19T03:53:48.065961600Z 7: Removed 1 rows containing missing values (geom_segment).
2021-04-19T03:53:48.065980500Z 8: Removed 1 rows containing missing values (geom_segment).
2021-04-19T03:53:48.065988900Z 9: Removed 1 rows containing missing values (geom_segment).
2021-04-19T03:53:48.066291000Z 10: Removed 1 rows containing missing values (geom_segment).
2021-04-19T03:53:48.066365100Z 11: Removed 1 rows containing missing values (geom_segment).
2021-04-19T03:53:48.066431100Z 12: Removed 1 rows containing missing values (geom_segment).
2021-04-19T03:53:48.066439500Z 13: Removed 1 rows containing missing values (geom_segment).
2021-04-19T03:53:48.066449900Z 14: Removed 1 rows containing missing values (geom_segment).
2021-04-19T03:53:48.066526000Z 15: Removed 1 rows containing missing values (geom_segment).


state: succeeded
commit: 33f52791c8cce80c6c198db74da25e5b695f71d1
docker_image_id: sha256:c2fc5042bf86134947d83ad8e70bd926e2c1f91a263c6bfe87438ad783bec981
exit_code: 0
job_id: wyr3yqtzvhmvukxu
run_by_user: wjchulme
created_at: 2021-04-18T20:34:39Z
started_at: 2021-04-19T03:25:43Z
completed_at: 2021-04-19T03:54:49Z

Completed successfully

outputs:
  output/in70s/coviddeath/any/all/all/plot_death.svg    - moderately_sensitive
  output/in70s/coviddeath/any/all/all/plot_vaxany1.svg  - moderately_sensitive
  output/in70s/coviddeath/any/all/all/tab_death.csv     - moderately_sensitive
  output/in70s/coviddeath/any/all/all/tab_death.html    - moderately_sensitive
  output/in70s/coviddeath/any/all/all/tab_vaxany1.csv   - moderately_sensitive
  output/in70s/coviddeath/any/all/all/tab_vaxany1.html  - moderately_sensitive