2021-04-07T00:36:06.621630700Z -- Attaching packages --------------------------------------- tidyverse 1.3.0 --
2021-04-07T00:36:06.630308500Z v ggplot2 3.3.2     v purrr   0.3.4
2021-04-07T00:36:06.630349700Z v tibble  3.0.3     v dplyr   1.0.2
2021-04-07T00:36:06.630358400Z v tidyr   1.1.2     v stringr 1.4.0
2021-04-07T00:36:06.630365800Z v readr   1.3.1     v forcats 0.5.0
2021-04-07T00:36:06.801822500Z -- Conflicts ------------------------------------------ tidyverse_conflicts() --
2021-04-07T00:36:06.801898300Z x dplyr::filter() masks stats::filter()
2021-04-07T00:36:06.801907200Z x dplyr::lag()    masks stats::lag()
2021-04-07T00:36:06.818945500Z 
2021-04-07T00:36:06.818998500Z Attaching package: 'lubridate'
2021-04-07T00:36:06.819007200Z 
2021-04-07T00:36:06.820484800Z The following objects are masked from 'package:base':
2021-04-07T00:36:06.820508200Z 
2021-04-07T00:36:06.820517100Z     date, intersect, setdiff, union
2021-04-07T00:36:06.820524200Z 
2021-04-07T00:36:08.906096400Z Loading required package: zoo
2021-04-07T00:36:08.917088900Z 
2021-04-07T00:36:08.917112900Z Attaching package: 'zoo'
2021-04-07T00:36:08.917121600Z 
2021-04-07T00:36:08.917733000Z The following objects are masked from 'package:base':
2021-04-07T00:36:08.917753200Z 
2021-04-07T00:36:08.917761900Z     as.Date, as.Date.numeric
2021-04-07T00:36:08.917769200Z 
2021-04-07T00:36:09.296208700Z <environment: R_GlobalEnv>
2021-04-07T00:36:09.296615100Z <environment: R_GlobalEnv>
2021-04-07T00:36:09.296943300Z <environment: R_GlobalEnv>
2021-04-07T01:18:31.408738200Z There were 15 warnings (use warnings() to see them)
2021-04-07T01:18:31.409158400Z Warning messages:
2021-04-07T01:18:31.409278300Z 1: Removed 1 rows containing missing values (geom_segment).
2021-04-07T01:18:31.409295200Z 2: Removed 1 rows containing missing values (geom_segment).
2021-04-07T01:18:31.409305600Z 3: Removed 1 rows containing missing values (geom_segment).
2021-04-07T01:18:31.409431100Z 4: Removed 1 rows containing missing values (geom_segment).
2021-04-07T01:18:31.409449800Z 5: Removed 1 rows containing missing values (geom_segment).
2021-04-07T01:18:31.409459400Z 6: Removed 1 rows containing missing values (geom_segment).
2021-04-07T01:18:31.409567900Z 7: Removed 1 rows containing missing values (geom_segment).
2021-04-07T01:18:31.409583100Z 8: Removed 1 rows containing missing values (geom_segment).
2021-04-07T01:18:31.409591500Z 9: Removed 1 rows containing missing values (geom_segment).
2021-04-07T01:18:31.409703100Z 10: Removed 1 rows containing missing values (geom_segment).
2021-04-07T01:18:31.409717700Z 11: Removed 1 rows containing missing values (geom_segment).
2021-04-07T01:18:31.409763700Z 12: Removed 1 rows containing missing values (geom_segment).
2021-04-07T01:18:31.409933500Z 13: Removed 1 rows containing missing values (geom_segment).
2021-04-07T01:18:31.409950500Z 14: Removed 1 rows containing missing values (geom_segment).
2021-04-07T01:18:31.409958500Z 15: Removed 1 rows containing missing values (geom_segment).


state: succeeded
commit: 14e853eb0b0a8161916d795c5d04ba88a38c60b9
docker_image_id: sha256:876a994cdafb8d3fb4b710249fd7716a31efd3ea26cb3faf7aa2187853c6c624
exit_code: 0
job_id: m3uawv6dpkbnsotk
run_by_user: wjchulme
created_at: 2021-04-06T22:50:31Z
started_at: 2021-04-07T00:36:04Z
completed_at: 2021-04-07T01:19:03Z

Completed successfully

outputs:
  output/over80s/covidadmitted/any/all/all/plot_ipwdeath.svg    - moderately_sensitive
  output/over80s/covidadmitted/any/all/all/plot_ipwvaxany1.svg  - moderately_sensitive
  output/over80s/covidadmitted/any/all/all/tab_ipwdeath.csv     - moderately_sensitive
  output/over80s/covidadmitted/any/all/all/tab_ipwdeath.html    - moderately_sensitive
  output/over80s/covidadmitted/any/all/all/tab_ipwvaxany1.csv   - moderately_sensitive
  output/over80s/covidadmitted/any/all/all/tab_ipwvaxany1.html  - moderately_sensitive