2021-05-15T20:59:08.854619300Z -- Attaching packages --------------------------------------- tidyverse 1.3.0 --
2021-05-15T20:59:08.865295500Z v ggplot2 3.3.2     v purrr   0.3.4
2021-05-15T20:59:08.865382700Z v tibble  3.0.3     v dplyr   1.0.2
2021-05-15T20:59:08.865391500Z v tidyr   1.1.2     v stringr 1.4.0
2021-05-15T20:59:08.865399100Z v readr   1.3.1     v forcats 0.5.0
2021-05-15T20:59:09.097878600Z -- Conflicts ------------------------------------------ tidyverse_conflicts() --
2021-05-15T20:59:09.097959000Z x dplyr::filter() masks stats::filter()
2021-05-15T20:59:09.097967100Z x dplyr::lag()    masks stats::lag()
2021-05-15T20:59:09.123874700Z 
2021-05-15T20:59:09.123906000Z Attaching package: 'lubridate'
2021-05-15T20:59:09.123915100Z 
2021-05-15T20:59:09.125840900Z The following objects are masked from 'package:base':
2021-05-15T20:59:09.125859800Z 
2021-05-15T20:59:09.125867700Z     date, intersect, setdiff, union
2021-05-15T20:59:09.125875000Z 
2021-05-15T20:59:11.798792900Z Loading required package: zoo
2021-05-15T20:59:11.824230400Z 
2021-05-15T20:59:11.824325900Z Attaching package: 'zoo'
2021-05-15T20:59:11.824334900Z 
2021-05-15T20:59:11.824968800Z The following objects are masked from 'package:base':
2021-05-15T20:59:11.824988600Z 
2021-05-15T20:59:11.824996500Z     as.Date, as.Date.numeric
2021-05-15T20:59:11.825003800Z 
2021-05-15T20:59:12.324172700Z <environment: R_GlobalEnv>
2021-05-15T20:59:12.324397400Z <environment: R_GlobalEnv>
2021-05-15T20:59:12.324900700Z <environment: R_GlobalEnv>
2021-05-15T21:24:46.562315400Z There were 20 warnings (use warnings() to see them)
2021-05-15T21:24:46.563130900Z Warning messages:
2021-05-15T21:24:46.563410200Z 1: Removed 1 rows containing missing values (geom_segment).
2021-05-15T21:24:46.563519500Z 2: Removed 1 rows containing missing values (geom_segment).
2021-05-15T21:24:46.563535800Z 3: Removed 1 rows containing missing values (geom_segment).
2021-05-15T21:24:46.563628300Z 4: Removed 1 rows containing missing values (geom_segment).
2021-05-15T21:24:46.563643900Z 5: Removed 1 rows containing missing values (geom_segment).
2021-05-15T21:24:46.563714700Z 6: Removed 1 rows containing missing values (geom_segment).
2021-05-15T21:24:46.563729500Z 7: Removed 1 rows containing missing values (geom_segment).
2021-05-15T21:24:46.563760400Z 8: Removed 1 rows containing missing values (geom_segment).
2021-05-15T21:24:46.563839300Z 9: Removed 1 rows containing missing values (geom_segment).
2021-05-15T21:24:46.563890900Z 10: Removed 1 rows containing missing values (geom_segment).
2021-05-15T21:24:46.563927400Z 11: Removed 1 rows containing missing values (geom_segment).
2021-05-15T21:24:46.564012600Z 12: Removed 1 rows containing missing values (geom_segment).
2021-05-15T21:24:46.564118200Z 13: Removed 1 rows containing missing values (geom_segment).
2021-05-15T21:24:46.564231200Z 14: Removed 1 rows containing missing values (geom_segment).
2021-05-15T21:24:46.564248200Z 15: Removed 1 rows containing missing values (geom_segment).
2021-05-15T21:24:46.564323000Z 16: Removed 1 rows containing missing values (geom_segment).
2021-05-15T21:24:46.564382500Z 17: Removed 1 rows containing missing values (geom_segment).
2021-05-15T21:24:46.564471000Z 18: Removed 1 rows containing missing values (geom_segment).
2021-05-15T21:24:46.564485500Z 19: Removed 1 rows containing missing values (geom_segment).
2021-05-15T21:24:46.564503200Z 20: Removed 1 rows containing missing values (geom_segment).


state: succeeded
commit: de6f9408529f435cf464d104fcd90d74e4dbc51d
docker_image_id: sha256:b0e86ebee1d778d06c4c86d5d4c32dd910483eb4b0a9c7ed3997f928aa94c500
exit_code: 0
job_id: 6ncm7ll6eeo3b5dr
run_by_user: wjchulme
created_at: 2021-05-15T19:06:21Z
started_at: 2021-05-15T20:59:05Z
completed_at: 2021-05-15T21:25:10Z

Completed successfully

outputs:
  output/over80s/death/pfizer/all/all/gt_vaxaz1.rds       - highly_sensitive    
  output/over80s/death/pfizer/all/all/gt_vaxpfizer1.rds   - highly_sensitive    
  output/over80s/death/pfizer/all/all/plot_vaxaz1.svg     - moderately_sensitive
  output/over80s/death/pfizer/all/all/plot_vaxfizer1.svg  - moderately_sensitive
  output/over80s/death/pfizer/all/all/tab_pfizer_az.html  - moderately_sensitive
  output/over80s/death/pfizer/all/all/tab_vaxaz1.csv      - moderately_sensitive
  output/over80s/death/pfizer/all/all/tab_vaxaz1.html     - moderately_sensitive
  output/over80s/death/pfizer/all/all/tab_vaxfizer1.html  - moderately_sensitive
  output/over80s/death/pfizer/all/all/tab_vaxpfizer1.csv  - moderately_sensitive