2021-03-17T04:04:37.942493600Z -- Attaching packages --------------------------------------- tidyverse 1.3.0 --
2021-03-17T04:04:37.951347700Z v ggplot2 3.3.2     v purrr   0.3.4
2021-03-17T04:04:37.951366200Z v tibble  3.0.3     v dplyr   1.0.2
2021-03-17T04:04:37.951374300Z v tidyr   1.1.2     v stringr 1.4.0
2021-03-17T04:04:37.951381400Z v readr   1.3.1     v forcats 0.5.0
2021-03-17T04:04:38.117204200Z -- Conflicts ------------------------------------------ tidyverse_conflicts() --
2021-03-17T04:04:38.117266800Z x dplyr::filter() masks stats::filter()
2021-03-17T04:04:38.117276300Z x dplyr::lag()    masks stats::lag()
2021-03-17T04:04:38.132041100Z 
2021-03-17T04:04:38.132058900Z Attaching package: 'lubridate'
2021-03-17T04:04:38.132103900Z 
2021-03-17T04:04:38.133533800Z The following objects are masked from 'package:base':
2021-03-17T04:04:38.133551400Z 
2021-03-17T04:04:38.133592200Z     date, intersect, setdiff, union
2021-03-17T04:04:38.133605500Z 
2021-03-17T04:04:40.177407100Z Loading required package: zoo
2021-03-17T04:04:40.188439400Z 
2021-03-17T04:04:40.188462300Z Attaching package: 'zoo'
2021-03-17T04:04:40.188470900Z 
2021-03-17T04:04:40.189118900Z The following objects are masked from 'package:base':
2021-03-17T04:04:40.189134500Z 
2021-03-17T04:04:40.189166400Z     as.Date, as.Date.numeric
2021-03-17T04:04:40.189179300Z 
2021-03-17T04:04:40.556509400Z <environment: R_GlobalEnv>
2021-03-17T04:04:40.557075200Z <environment: R_GlobalEnv>


state: succeeded
commit: b3e8b57c5a15f5339f6029b39142dcf48d67c84a
docker_image_id: sha256:876a994cdafb8d3fb4b710249fd7716a31efd3ea26cb3faf7aa2187853c6c624
exit_code: 0
job_id: 2tu7kpnnly5ctnqj
run_by_user: wjchulme
created_at: 2021-03-16T21:26:48Z
started_at: 2021-03-17T04:04:35Z
completed_at: 2021-03-17T04:15:20Z

Completed successfully

outputs:
  output/over80s/postest/az/all/estimates.csv    - moderately_sensitive
  output/over80s/postest/az/all/forest_plot.svg  - moderately_sensitive