2021-05-21T11:24:32.281532900Z -- Attaching packages --------------------------------------- tidyverse 1.3.0 --
2021-05-21T11:24:32.294769000Z v ggplot2 3.3.2     v purrr   0.3.4
2021-05-21T11:24:32.294815600Z v tibble  3.0.3     v dplyr   1.0.2
2021-05-21T11:24:32.294824200Z v tidyr   1.1.2     v stringr 1.4.0
2021-05-21T11:24:32.294831400Z v readr   1.3.1     v forcats 0.5.0
2021-05-21T11:24:32.504584000Z -- Conflicts ------------------------------------------ tidyverse_conflicts() --
2021-05-21T11:24:32.504615800Z x dplyr::filter() masks stats::filter()
2021-05-21T11:24:32.504660400Z x dplyr::lag()    masks stats::lag()
2021-05-21T11:24:32.519778700Z 
2021-05-21T11:24:32.519809800Z Attaching package: 'lubridate'
2021-05-21T11:24:32.519818400Z 
2021-05-21T11:24:32.521207400Z The following objects are masked from 'package:base':
2021-05-21T11:24:32.521232600Z 
2021-05-21T11:24:32.521241500Z     date, intersect, setdiff, union
2021-05-21T11:24:32.521248800Z 
2021-05-21T11:24:35.076103200Z <environment: R_GlobalEnv>
2021-05-21T11:24:35.076540600Z <environment: R_GlobalEnv>
2021-05-21T11:32:19.141061100Z There were 31 warnings (use warnings() to see them)


state: succeeded
commit: b5def90a115d33ee5c47e856f5c6ad4a23ac7023
docker_image_id: sha256:fd70d515514910d8399e807135f3decedae0a426b222b3488810a7aa5283eafb
exit_code: 0
job_id: ovygkopoyndx4izi
run_by_user: wjchulme
created_at: 2021-05-21T11:16:12Z
started_at: 2021-05-21T11:24:29Z
completed_at: 2021-05-21T11:34:36Z

Completed successfully

outputs:
  output/in70s/plot_vax1.svg  - moderately_sensitive
  output/in70s/tab_vax1.html  - moderately_sensitive