2021-05-16T19:10:55.680082100Z -- Attaching packages --------------------------------------- tidyverse 1.3.0 --
2021-05-16T19:10:55.688946700Z v ggplot2 3.3.2     v purrr   0.3.4
2021-05-16T19:10:55.688967600Z v tibble  3.0.3     v dplyr   1.0.2
2021-05-16T19:10:55.688976800Z v tidyr   1.1.2     v stringr 1.4.0
2021-05-16T19:10:55.688984000Z v readr   1.3.1     v forcats 0.5.0
2021-05-16T19:10:55.867655400Z -- Conflicts ------------------------------------------ tidyverse_conflicts() --
2021-05-16T19:10:55.867713000Z x dplyr::filter() masks stats::filter()
2021-05-16T19:10:55.867721800Z x dplyr::lag()    masks stats::lag()
2021-05-16T19:10:55.883153500Z 
2021-05-16T19:10:55.883175400Z Attaching package: 'lubridate'
2021-05-16T19:10:55.883184100Z 
2021-05-16T19:10:55.884551600Z The following objects are masked from 'package:base':
2021-05-16T19:10:55.884574000Z 
2021-05-16T19:10:55.884582000Z     date, intersect, setdiff, union
2021-05-16T19:10:55.884589100Z 
2021-05-16T19:10:58.054864300Z #Uighur
2021-05-16T19:10:58.132959400Z Loading required package: zoo
2021-05-16T19:10:58.146431000Z 
2021-05-16T19:10:58.146456400Z Attaching package: 'zoo'
2021-05-16T19:10:58.146465300Z 
2021-05-16T19:10:58.147205100Z The following objects are masked from 'package:base':
2021-05-16T19:10:58.147227900Z 
2021-05-16T19:10:58.147237600Z     as.Date, as.Date.numeric
2021-05-16T19:10:58.147244800Z 
2021-05-16T19:10:58.596995200Z <environment: R_GlobalEnv>
2021-05-16T19:10:58.597487600Z <environment: R_GlobalEnv>
2021-05-16T19:10:58.597960100Z <environment: R_GlobalEnv>


state: succeeded
commit: d95a6fa6ef28b1c9dce6d94b3ef6b92ac12b6e69
docker_image_id: sha256:b0e86ebee1d778d06c4c86d5d4c32dd910483eb4b0a9c7ed3997f928aa94c500
exit_code: 0
job_id: b6syjf672ajseaof
run_by_user: wjchulme
created_at: 2021-05-16T13:21:34Z
started_at: 2021-05-16T19:10:53Z
completed_at: 2021-05-16T19:43:23Z

Completed successfully

outputs:
  output/in70s/coviddeath/pfizer/all/estimates.csv                 - moderately_sensitive
  output/in70s/coviddeath/pfizer/all/estimates_timesincevax.csv    - moderately_sensitive
  output/in70s/coviddeath/pfizer/all/forest_plot.svg               - moderately_sensitive
  output/in70s/coviddeath/pfizer/all/time_trends_region_plot1.svg  - moderately_sensitive