2021-04-18T23:57:51.597484700Z -- Attaching packages --------------------------------------- tidyverse 1.3.0 --
2021-04-18T23:57:51.608892700Z v ggplot2 3.3.2     v purrr   0.3.4
2021-04-18T23:57:51.608999500Z v tibble  3.0.3     v dplyr   1.0.2
2021-04-18T23:57:51.609010100Z v tidyr   1.1.2     v stringr 1.4.0
2021-04-18T23:57:51.609017500Z v readr   1.3.1     v forcats 0.5.0
2021-04-18T23:57:51.882493500Z -- Conflicts ------------------------------------------ tidyverse_conflicts() --
2021-04-18T23:57:51.882596500Z x dplyr::filter() masks stats::filter()
2021-04-18T23:57:51.882605900Z x dplyr::lag()    masks stats::lag()
2021-04-18T23:57:51.913090800Z 
2021-04-18T23:57:51.913215000Z Attaching package: 'lubridate'
2021-04-18T23:57:51.913224300Z 
2021-04-18T23:57:51.915002400Z The following objects are masked from 'package:base':
2021-04-18T23:57:51.915073800Z 
2021-04-18T23:57:51.915082900Z     date, intersect, setdiff, union
2021-04-18T23:57:51.915090700Z 
2021-04-18T23:57:54.598012300Z #Uighur
2021-04-18T23:57:54.702238200Z Loading required package: zoo
2021-04-18T23:57:54.728825500Z 
2021-04-18T23:57:54.728934400Z Attaching package: 'zoo'
2021-04-18T23:57:54.728944100Z 
2021-04-18T23:57:54.729629500Z The following objects are masked from 'package:base':
2021-04-18T23:57:54.729689500Z 
2021-04-18T23:57:54.729698600Z     as.Date, as.Date.numeric
2021-04-18T23:57:54.729705800Z 
2021-04-18T23:57:55.254711600Z <environment: R_GlobalEnv>
2021-04-18T23:57:55.255206300Z <environment: R_GlobalEnv>
2021-04-18T23:57:55.255601600Z <environment: R_GlobalEnv>


state: succeeded
commit: 33f52791c8cce80c6c198db74da25e5b695f71d1
docker_image_id: sha256:c2fc5042bf86134947d83ad8e70bd926e2c1f91a263c6bfe87438ad783bec981
exit_code: 0
job_id: 6yhkqw7rryznj3gs
run_by_user: wjchulme
created_at: 2021-04-18T20:34:40Z
started_at: 2021-04-18T23:57:48Z
completed_at: 2021-04-19T00:26:43Z

Completed successfully

outputs:
  output/in70s/coviddeath/az/all/estimates.csv                 - moderately_sensitive
  output/in70s/coviddeath/az/all/forest_plot.svg               - moderately_sensitive
  output/in70s/coviddeath/az/all/time_trends_region_plot3.svg  - moderately_sensitive
  output/in70s/coviddeath/az/all/time_trends_region_plot4.svg  - moderately_sensitive