2021-03-20T10:29:46.635766600Z -- Attaching packages --------------------------------------- tidyverse 1.3.0 --
2021-03-20T10:29:46.647898100Z v ggplot2 3.3.2     v purrr   0.3.4
2021-03-20T10:29:46.647920700Z v tibble  3.0.3     v dplyr   1.0.2
2021-03-20T10:29:46.647929500Z v tidyr   1.1.2     v stringr 1.4.0
2021-03-20T10:29:46.647936600Z v readr   1.3.1     v forcats 0.5.0
2021-03-20T10:29:46.831886200Z -- Conflicts ------------------------------------------ tidyverse_conflicts() --
2021-03-20T10:29:46.831956000Z x dplyr::filter() masks stats::filter()
2021-03-20T10:29:46.831965100Z x dplyr::lag()    masks stats::lag()
2021-03-20T10:29:46.846406300Z 
2021-03-20T10:29:46.846427300Z Attaching package: 'lubridate'
2021-03-20T10:29:46.846435100Z 
2021-03-20T10:29:46.847827600Z The following objects are masked from 'package:base':
2021-03-20T10:29:46.847843900Z 
2021-03-20T10:29:46.847851700Z     date, intersect, setdiff, union
2021-03-20T10:29:46.847858900Z 
2021-03-20T10:29:49.087735200Z #Uighur
2021-03-20T10:29:49.167773200Z Loading required package: zoo
2021-03-20T10:29:49.178654000Z 
2021-03-20T10:29:49.178678800Z Attaching package: 'zoo'
2021-03-20T10:29:49.178687500Z 
2021-03-20T10:29:49.179360800Z The following objects are masked from 'package:base':
2021-03-20T10:29:49.179383000Z 
2021-03-20T10:29:49.179391600Z     as.Date, as.Date.numeric
2021-03-20T10:29:49.179398700Z 
2021-03-20T10:29:49.587754900Z <environment: R_GlobalEnv>
2021-03-20T10:29:49.588461900Z <environment: R_GlobalEnv>
2021-03-20T10:29:49.589011600Z <environment: R_GlobalEnv>


state: succeeded
commit: 63227c9dabb1579b6387347ff8853e66df52c7fc
docker_image_id: sha256:876a994cdafb8d3fb4b710249fd7716a31efd3ea26cb3faf7aa2187853c6c624
exit_code: 0
job_id: ziqm3lrxvjyiu4ve
run_by_user: wjchulme
created_at: 2021-03-20T07:50:08Z
started_at: 2021-03-20T10:29:43Z
completed_at: 2021-03-20T10:59:25Z

Completed successfully

outputs:
  output/over80s/coviddeath/az/all/estimates.csv                - moderately_sensitive
  output/over80s/coviddeath/az/all/forest_plot.svg              - moderately_sensitive
  output/over80s/coviddeath/az/all/time_trends_region_plot.svg  - moderately_sensitive