2021-04-07T00:34:54.260967500Z -- Attaching packages --------------------------------------- tidyverse 1.3.0 --
2021-04-07T00:34:54.269902900Z v ggplot2 3.3.2     v purrr   0.3.4
2021-04-07T00:34:54.269959700Z v tibble  3.0.3     v dplyr   1.0.2
2021-04-07T00:34:54.269968600Z v tidyr   1.1.2     v stringr 1.4.0
2021-04-07T00:34:54.269976200Z v readr   1.3.1     v forcats 0.5.0
2021-04-07T00:34:54.457572800Z -- Conflicts ------------------------------------------ tidyverse_conflicts() --
2021-04-07T00:34:54.457665500Z x dplyr::filter() masks stats::filter()
2021-04-07T00:34:54.457674700Z x dplyr::lag()    masks stats::lag()
2021-04-07T00:34:54.476123200Z 
2021-04-07T00:34:54.476180300Z Attaching package: 'lubridate'
2021-04-07T00:34:54.476188900Z 
2021-04-07T00:34:54.477744500Z The following objects are masked from 'package:base':
2021-04-07T00:34:54.477766500Z 
2021-04-07T00:34:54.477775400Z     date, intersect, setdiff, union
2021-04-07T00:34:54.477782600Z 
2021-04-07T00:34:56.632196000Z #BlackLivesMatter
2021-04-07T00:34:56.708611300Z Loading required package: zoo
2021-04-07T00:34:56.720790100Z 
2021-04-07T00:34:56.720811200Z Attaching package: 'zoo'
2021-04-07T00:34:56.720819300Z 
2021-04-07T00:34:56.721417600Z The following objects are masked from 'package:base':
2021-04-07T00:34:56.721436000Z 
2021-04-07T00:34:56.721444400Z     as.Date, as.Date.numeric
2021-04-07T00:34:56.721451600Z 
2021-04-07T00:34:57.128341600Z <environment: R_GlobalEnv>
2021-04-07T00:34:57.128838400Z <environment: R_GlobalEnv>
2021-04-07T00:34:57.129220300Z <environment: R_GlobalEnv>


state: succeeded
commit: 14e853eb0b0a8161916d795c5d04ba88a38c60b9
docker_image_id: sha256:876a994cdafb8d3fb4b710249fd7716a31efd3ea26cb3faf7aa2187853c6c624
exit_code: 0
job_id: vm5vs53b25l6so5a
run_by_user: wjchulme
created_at: 2021-04-06T22:50:31Z
started_at: 2021-04-07T00:34:51Z
completed_at: 2021-04-07T01:02:43Z

Completed successfully

outputs:
  output/over80s/covidadmitted/any/all/estimates.csv                 - moderately_sensitive
  output/over80s/covidadmitted/any/all/forest_plot.svg               - moderately_sensitive
  output/over80s/covidadmitted/any/all/time_trends_region_plot3.svg  - moderately_sensitive
  output/over80s/covidadmitted/any/all/time_trends_region_plot4.svg  - moderately_sensitive