2021-03-12T04:22:43.098168600Z -- Attaching packages --------------------------------------- tidyverse 1.3.0 --
2021-03-12T04:22:43.106875600Z v ggplot2 3.3.2     v purrr   0.3.4
2021-03-12T04:22:43.106893500Z v tibble  3.0.3     v dplyr   1.0.2
2021-03-12T04:22:43.106904300Z v tidyr   1.1.2     v stringr 1.4.0
2021-03-12T04:22:43.106911500Z v readr   1.3.1     v forcats 0.5.0
2021-03-12T04:22:43.276269900Z -- Conflicts ------------------------------------------ tidyverse_conflicts() --
2021-03-12T04:22:43.276335300Z x dplyr::filter() masks stats::filter()
2021-03-12T04:22:43.276343700Z x dplyr::lag()    masks stats::lag()
2021-03-12T04:22:43.290834500Z 
2021-03-12T04:22:43.290857000Z Attaching package: 'lubridate'
2021-03-12T04:22:43.290864900Z 
2021-03-12T04:22:43.292232800Z The following objects are masked from 'package:base':
2021-03-12T04:22:43.292248700Z 
2021-03-12T04:22:43.292256300Z     date, intersect, setdiff, union
2021-03-12T04:22:43.292267900Z 
2021-03-12T04:22:45.464584800Z Loading required package: zoo
2021-03-12T04:22:45.476130900Z 
2021-03-12T04:22:45.476191000Z Attaching package: 'zoo'
2021-03-12T04:22:45.476200100Z 
2021-03-12T04:22:45.476685600Z The following objects are masked from 'package:base':
2021-03-12T04:22:45.476705400Z 
2021-03-12T04:22:45.476713500Z     as.Date, as.Date.numeric
2021-03-12T04:22:45.476720400Z 
2021-03-12T04:22:45.888890600Z <environment: R_GlobalEnv>
2021-03-12T04:22:45.889143400Z <environment: R_GlobalEnv>


state: succeeded
commit: 9b3a15915a99dd736982594579835af554e19d07
docker_image_id: sha256:c7cb8c47c64952beb4dc7e1b4b0edaf95b0fa5cc1af3f796e073e4190413ec9e
exit_code: 0
job_id: 6e2k5jy6ppd3ad5z
run_by_user: wjchulme
created_at: 2021-03-11T21:39:13Z
started_at: 2021-03-12T04:22:40Z
completed_at: 2021-03-12T04:55:36Z

Completed successfully

outputs:
  output/in70s/postest/pfizer/sex/estimates.csv    - moderately_sensitive
  output/in70s/postest/pfizer/sex/forest_plot.svg  - moderately_sensitive