2021-04-19T06:31:59.473971300Z -- Attaching packages --------------------------------------- tidyverse 1.3.0 --
2021-04-19T06:31:59.481899700Z v ggplot2 3.3.2     v purrr   0.3.4
2021-04-19T06:31:59.481956400Z v tibble  3.0.3     v dplyr   1.0.2
2021-04-19T06:31:59.481965100Z v tidyr   1.1.2     v stringr 1.4.0
2021-04-19T06:31:59.481972300Z v readr   1.3.1     v forcats 0.5.0
2021-04-19T06:31:59.644000700Z -- Conflicts ------------------------------------------ tidyverse_conflicts() --
2021-04-19T06:31:59.644047900Z x dplyr::filter() masks stats::filter()
2021-04-19T06:31:59.644055700Z x dplyr::lag()    masks stats::lag()
2021-04-19T06:31:59.658573500Z 
2021-04-19T06:31:59.658599900Z Attaching package: 'lubridate'
2021-04-19T06:31:59.658608400Z 
2021-04-19T06:31:59.659996900Z The following objects are masked from 'package:base':
2021-04-19T06:31:59.660012700Z 
2021-04-19T06:31:59.660020000Z     date, intersect, setdiff, union
2021-04-19T06:31:59.660026800Z 
2021-04-19T06:32:01.697326100Z #Uighur
2021-04-19T06:32:01.755515500Z Loading required package: zoo
2021-04-19T06:32:01.766479900Z 
2021-04-19T06:32:01.766500500Z Attaching package: 'zoo'
2021-04-19T06:32:01.766508700Z 
2021-04-19T06:32:01.767157600Z The following objects are masked from 'package:base':
2021-04-19T06:32:01.767175100Z 
2021-04-19T06:32:01.767183000Z     as.Date, as.Date.numeric
2021-04-19T06:32:01.767190300Z 
2021-04-19T06:32:02.133685100Z <environment: R_GlobalEnv>
2021-04-19T06:32:02.134110400Z <environment: R_GlobalEnv>
2021-04-19T06:32:02.134459200Z <environment: R_GlobalEnv>


state: succeeded
commit: 33f52791c8cce80c6c198db74da25e5b695f71d1
docker_image_id: sha256:c2fc5042bf86134947d83ad8e70bd926e2c1f91a263c6bfe87438ad783bec981
exit_code: 0
job_id: rar7ie2kybq3zx5k
run_by_user: wjchulme
created_at: 2021-04-18T20:34:39Z
started_at: 2021-04-19T06:31:57Z
completed_at: 2021-04-19T06:54:15Z

Completed successfully

outputs:
  output/in70s/noncoviddeath/az/all/estimates.csv                 - moderately_sensitive
  output/in70s/noncoviddeath/az/all/forest_plot.svg               - moderately_sensitive
  output/in70s/noncoviddeath/az/all/time_trends_region_plot3.svg  - moderately_sensitive
  output/in70s/noncoviddeath/az/all/time_trends_region_plot4.svg  - moderately_sensitive