2021-04-18T00:13:48.471250900Z -- Attaching packages --------------------------------------- tidyverse 1.3.0 --
2021-04-18T00:13:48.484706800Z v ggplot2 3.3.2     v purrr   0.3.4
2021-04-18T00:13:48.484778600Z v tibble  3.0.3     v dplyr   1.0.2
2021-04-18T00:13:48.484786800Z v tidyr   1.1.2     v stringr 1.4.0
2021-04-18T00:13:48.484794000Z v readr   1.3.1     v forcats 0.5.0
2021-04-18T00:13:48.712324600Z -- Conflicts ------------------------------------------ tidyverse_conflicts() --
2021-04-18T00:13:48.712420700Z x dplyr::filter() masks stats::filter()
2021-04-18T00:13:48.712428700Z x dplyr::lag()    masks stats::lag()
2021-04-18T00:13:48.738381800Z 
2021-04-18T00:13:48.738475900Z Attaching package: 'lubridate'
2021-04-18T00:13:48.738484800Z 
2021-04-18T00:13:48.740236200Z The following objects are masked from 'package:base':
2021-04-18T00:13:48.740261200Z 
2021-04-18T00:13:48.740269000Z     date, intersect, setdiff, union
2021-04-18T00:13:48.740276100Z 
2021-04-18T00:13:51.366694000Z Loading required package: zoo
2021-04-18T00:13:51.389918300Z 
2021-04-18T00:13:51.390018600Z Attaching package: 'zoo'
2021-04-18T00:13:51.390027300Z 
2021-04-18T00:13:51.390583300Z The following objects are masked from 'package:base':
2021-04-18T00:13:51.390605900Z 
2021-04-18T00:13:51.390617600Z     as.Date, as.Date.numeric
2021-04-18T00:13:51.390625300Z 
2021-04-18T00:13:51.878463600Z <environment: R_GlobalEnv>
2021-04-18T00:13:51.878822000Z <environment: R_GlobalEnv>
2021-04-18T00:13:51.879143100Z <environment: R_GlobalEnv>


state: succeeded
commit: cc87fd96febd7e5e8733f46ab1117e4d3c1fb820
docker_image_id: sha256:c2fc5042bf86134947d83ad8e70bd926e2c1f91a263c6bfe87438ad783bec981
exit_code: 0
job_id: ubp2w6q2optfb22c
run_by_user: wjchulme
created_at: 2021-04-17T21:43:50Z
started_at: 2021-04-18T00:13:45Z
completed_at: 2021-04-18T00:49:10Z

Completed successfully

outputs:
  output/over80s/covidadmitted/any/all/estimates.csv                 - moderately_sensitive
  output/over80s/covidadmitted/any/all/forest_plot.svg               - moderately_sensitive
  output/over80s/covidadmitted/any/all/time_trends_region_plot3.svg  - moderately_sensitive
  output/over80s/covidadmitted/any/all/time_trends_region_plot4.svg  - moderately_sensitive