2021-03-25T02:18:52.110056600Z -- Attaching packages --------------------------------------- tidyverse 1.3.0 --
2021-03-25T02:18:52.120751500Z v ggplot2 3.3.2     v purrr   0.3.4
2021-03-25T02:18:52.120843700Z v tibble  3.0.3     v dplyr   1.0.2
2021-03-25T02:18:52.120852100Z v tidyr   1.1.2     v stringr 1.4.0
2021-03-25T02:18:52.120859000Z v readr   1.3.1     v forcats 0.5.0
2021-03-25T02:18:52.382294400Z -- Conflicts ------------------------------------------ tidyverse_conflicts() --
2021-03-25T02:18:52.382390000Z x dplyr::filter() masks stats::filter()
2021-03-25T02:18:52.382398800Z x dplyr::lag()    masks stats::lag()
2021-03-25T02:18:52.412770000Z 
2021-03-25T02:18:52.412859200Z Attaching package: 'lubridate'
2021-03-25T02:18:52.412867200Z 
2021-03-25T02:18:52.414395100Z The following objects are masked from 'package:base':
2021-03-25T02:18:52.414424900Z 
2021-03-25T02:18:52.414434100Z     date, intersect, setdiff, union
2021-03-25T02:18:52.414441200Z 
2021-03-25T02:18:55.332340900Z Loading required package: zoo
2021-03-25T02:18:55.361076300Z 
2021-03-25T02:18:55.361162100Z Attaching package: 'zoo'
2021-03-25T02:18:55.361170400Z 
2021-03-25T02:18:55.361692900Z The following objects are masked from 'package:base':
2021-03-25T02:18:55.361709400Z 
2021-03-25T02:18:55.361716800Z     as.Date, as.Date.numeric
2021-03-25T02:18:55.361724000Z 
2021-03-25T02:18:55.977801000Z <environment: R_GlobalEnv>
2021-03-25T02:18:55.978155400Z <environment: R_GlobalEnv>
2021-03-25T02:18:55.978694600Z <environment: R_GlobalEnv>


state: succeeded
commit: 043669324e32bd76b2afb705602f9cca724a6602
docker_image_id: sha256:876a994cdafb8d3fb4b710249fd7716a31efd3ea26cb3faf7aa2187853c6c624
exit_code: 0
job_id: cq4bdtsea3jwsa25
run_by_user: wjchulme
created_at: 2021-03-24T23:19:40Z
started_at: 2021-03-25T02:18:47Z
completed_at: 2021-03-25T02:56:57Z

Completed successfully

outputs:
  output/over80s/noncoviddeath/az/all/estimates.csv                - moderately_sensitive
  output/over80s/noncoviddeath/az/all/forest_plot.svg              - moderately_sensitive
  output/over80s/noncoviddeath/az/all/time_trends_region_plot.svg  - moderately_sensitive