2021-03-25T02:56:54.892991100Z -- Attaching packages --------------------------------------- tidyverse 1.3.0 --
2021-03-25T02:56:54.903545900Z v ggplot2 3.3.2     v purrr   0.3.4
2021-03-25T02:56:54.903823800Z v tibble  3.0.3     v dplyr   1.0.2
2021-03-25T02:56:54.903838400Z v tidyr   1.1.2     v stringr 1.4.0
2021-03-25T02:56:54.903846000Z v readr   1.3.1     v forcats 0.5.0
2021-03-25T02:56:55.145969400Z -- Conflicts ------------------------------------------ tidyverse_conflicts() --
2021-03-25T02:56:55.146058900Z x dplyr::filter() masks stats::filter()
2021-03-25T02:56:55.146067500Z x dplyr::lag()    masks stats::lag()
2021-03-25T02:56:55.167665400Z 
2021-03-25T02:56:55.167751900Z Attaching package: 'lubridate'
2021-03-25T02:56:55.167760600Z 
2021-03-25T02:56:55.169181100Z The following objects are masked from 'package:base':
2021-03-25T02:56:55.169199500Z 
2021-03-25T02:56:55.169207100Z     date, intersect, setdiff, union
2021-03-25T02:56:55.169214200Z 
2021-03-25T02:56:57.571395300Z Loading required package: zoo
2021-03-25T02:56:57.589968300Z 
2021-03-25T02:56:57.590005200Z Attaching package: 'zoo'
2021-03-25T02:56:57.590014300Z 
2021-03-25T02:56:57.590231600Z The following objects are masked from 'package:base':
2021-03-25T02:56:57.590275500Z 
2021-03-25T02:56:57.590285700Z     as.Date, as.Date.numeric
2021-03-25T02:56:57.590293800Z 
2021-03-25T02:56:58.031771600Z <environment: R_GlobalEnv>
2021-03-25T02:56:58.032128800Z <environment: R_GlobalEnv>
2021-03-25T02:56:58.032505400Z <environment: R_GlobalEnv>
2021-03-25T03:22:12.712319700Z Saving 7 x 7 in image
2021-03-25T04:26:33.260680100Z Saving 7 x 7 in image
2021-03-25T04:26:38.110072400Z There were 17 warnings (use warnings() to see them)
2021-03-25T04:26:38.110530500Z Warning messages:
2021-03-25T04:26:38.110561300Z 1: Removed 1 rows containing missing values (geom_segment).
2021-03-25T04:26:38.110571000Z 2: Removed 1 rows containing missing values (geom_segment).
2021-03-25T04:26:38.110669100Z 3: Removed 1 rows containing missing values (geom_segment).
2021-03-25T04:26:38.110685000Z 4: Removed 1 rows containing missing values (geom_segment).
2021-03-25T04:26:38.110746400Z 5: Removed 1 rows containing missing values (geom_segment).
2021-03-25T04:26:38.110833700Z 6: Removed 1 rows containing missing values (geom_segment).
2021-03-25T04:26:38.110848900Z 7: Removed 1 rows containing missing values (geom_segment).
2021-03-25T04:26:38.110898400Z 8: Removed 1 rows containing missing values (geom_segment).
2021-03-25T04:26:38.110981200Z 9: Removed 1 rows containing missing values (geom_segment).
2021-03-25T04:26:38.110996300Z 10: Removed 1 rows containing missing values (geom_segment).
2021-03-25T04:26:38.111034200Z 11: Removed 1 rows containing missing values (geom_segment).
2021-03-25T04:26:38.111104600Z 12: Removed 1 rows containing missing values (geom_segment).
2021-03-25T04:26:38.111119100Z 13: Removed 1 rows containing missing values (geom_segment).
2021-03-25T04:26:38.111201500Z 14: Removed 1 rows containing missing values (geom_segment).
2021-03-25T04:26:38.111217100Z 15: Removed 1 rows containing missing values (geom_segment).
2021-03-25T04:26:38.111259000Z 16: Removed 1 rows containing missing values (geom_segment).
2021-03-25T04:26:38.111349700Z 17: Removed 1 rows containing missing values (geom_segment).


state: succeeded
commit: 043669324e32bd76b2afb705602f9cca724a6602
docker_image_id: sha256:876a994cdafb8d3fb4b710249fd7716a31efd3ea26cb3faf7aa2187853c6c624
exit_code: 0
job_id: skhnixewpoqyohig
run_by_user: wjchulme
created_at: 2021-03-24T23:19:40Z
started_at: 2021-03-25T02:56:51Z
completed_at: 2021-03-25T04:27:33Z

Completed successfully

outputs:
  output/over80s/noncoviddeath/any/all/all/plot_ipwdeath.svg    - moderately_sensitive
  output/over80s/noncoviddeath/any/all/all/plot_ipwvaxany1.svg  - moderately_sensitive
  output/over80s/noncoviddeath/any/all/all/tab_ipwdeath.csv     - moderately_sensitive
  output/over80s/noncoviddeath/any/all/all/tab_ipwdeath.html    - moderately_sensitive
  output/over80s/noncoviddeath/any/all/all/tab_ipwvaxany1.csv   - moderately_sensitive
  output/over80s/noncoviddeath/any/all/all/tab_ipwvaxany1.html  - moderately_sensitive