2021-04-15T19:59:30.077817600Z -- Attaching packages --------------------------------------- tidyverse 1.3.0 --
2021-04-15T19:59:30.088841000Z v ggplot2 3.3.2     v purrr   0.3.4
2021-04-15T19:59:30.088926600Z v tibble  3.0.3     v dplyr   1.0.2
2021-04-15T19:59:30.088935300Z v tidyr   1.1.2     v stringr 1.4.0
2021-04-15T19:59:30.088942500Z v readr   1.3.1     v forcats 0.5.0
2021-04-15T19:59:30.356083600Z -- Conflicts ------------------------------------------ tidyverse_conflicts() --
2021-04-15T19:59:30.356165800Z x dplyr::filter() masks stats::filter()
2021-04-15T19:59:30.356174000Z x dplyr::lag()    masks stats::lag()
2021-04-15T19:59:30.385493100Z 
2021-04-15T19:59:30.385577200Z Attaching package: 'lubridate'
2021-04-15T19:59:30.385586300Z 
2021-04-15T19:59:30.387421900Z The following objects are masked from 'package:base':
2021-04-15T19:59:30.387439800Z 
2021-04-15T19:59:30.387453100Z     date, intersect, setdiff, union
2021-04-15T19:59:30.387460500Z 
2021-04-15T19:59:33.219337100Z Loading required package: zoo
2021-04-15T19:59:33.244313500Z 
2021-04-15T19:59:33.244396100Z Attaching package: 'zoo'
2021-04-15T19:59:33.244404300Z 
2021-04-15T19:59:33.245162300Z The following objects are masked from 'package:base':
2021-04-15T19:59:33.245222400Z 
2021-04-15T19:59:33.245231200Z     as.Date, as.Date.numeric
2021-04-15T19:59:33.245238600Z 
2021-04-15T19:59:33.749411400Z <environment: R_GlobalEnv>
2021-04-15T19:59:33.749786500Z <environment: R_GlobalEnv>
2021-04-15T19:59:33.750219200Z <environment: R_GlobalEnv>


state: succeeded
commit: 25565b402803e6d31019351e0ac564dfbec95993
docker_image_id: sha256:c2fc5042bf86134947d83ad8e70bd926e2c1f91a263c6bfe87438ad783bec981
exit_code: 0
job_id: jnde4nw27kfqctna
run_by_user: wjchulme
created_at: 2021-04-15T12:46:04Z
started_at: 2021-04-15T19:59:26Z
completed_at: 2021-04-15T20:27:27Z

Completed successfully

outputs:
  output/over80s/covidadmitted/pfizer/all/estimates.csv                 - moderately_sensitive
  output/over80s/covidadmitted/pfizer/all/forest_plot.svg               - moderately_sensitive
  output/over80s/covidadmitted/pfizer/all/time_trends_region_plot3.svg  - moderately_sensitive
  output/over80s/covidadmitted/pfizer/all/time_trends_region_plot4.svg  - moderately_sensitive