2021-05-05T11:24:47.057704300Z -- Attaching packages --------------------------------------- tidyverse 1.3.0 --
2021-05-05T11:24:47.066641600Z v ggplot2 3.3.2     v purrr   0.3.4
2021-05-05T11:24:47.066701400Z v tibble  3.0.3     v dplyr   1.0.2
2021-05-05T11:24:47.066710100Z v tidyr   1.1.2     v stringr 1.4.0
2021-05-05T11:24:47.066717100Z v readr   1.3.1     v forcats 0.5.0
2021-05-05T11:24:47.238995700Z -- Conflicts ------------------------------------------ tidyverse_conflicts() --
2021-05-05T11:24:47.239069200Z x dplyr::filter() masks stats::filter()
2021-05-05T11:24:47.239077600Z x dplyr::lag()    masks stats::lag()
2021-05-05T11:24:47.253087000Z 
2021-05-05T11:24:47.253126500Z Attaching package: 'lubridate'
2021-05-05T11:24:47.253135100Z 
2021-05-05T11:24:47.254412200Z The following objects are masked from 'package:base':
2021-05-05T11:24:47.254437800Z 
2021-05-05T11:24:47.254446300Z     date, intersect, setdiff, union
2021-05-05T11:24:47.254453400Z 
2021-05-05T11:24:49.390094900Z Loading required package: zoo
2021-05-05T11:24:49.400385200Z 
2021-05-05T11:24:49.400408200Z Attaching package: 'zoo'
2021-05-05T11:24:49.400416700Z 
2021-05-05T11:24:49.400985600Z The following objects are masked from 'package:base':
2021-05-05T11:24:49.401002900Z 
2021-05-05T11:24:49.401010600Z     as.Date, as.Date.numeric
2021-05-05T11:24:49.401017600Z 
2021-05-05T11:24:49.796812500Z <environment: R_GlobalEnv>
2021-05-05T11:24:49.797161000Z <environment: R_GlobalEnv>
2021-05-05T11:24:49.797454000Z <environment: R_GlobalEnv>
2021-05-05T12:02:01.822700300Z Warning messages:
2021-05-05T12:02:01.823081100Z 1: In sqrt(diag(se)) : NaNs produced
2021-05-05T12:02:01.823095300Z 2: In sqrt(diag(se)) : NaNs produced


state: succeeded
commit: 51a4ede907245327eb9788e4c65335feff83e426
docker_image_id: sha256:c2fc5042bf86134947d83ad8e70bd926e2c1f91a263c6bfe87438ad783bec981
exit_code: 0
job_id: l5ftf54fb3mzba5p
run_by_user: wjchulme
created_at: 2021-05-05T05:39:14Z
started_at: 2021-05-05T11:24:44Z
completed_at: 2021-05-05T12:33:04Z

Completed successfully

outputs:
  output/over80s/coviddeath/pfizer/all/estimates.csv                 - moderately_sensitive
  output/over80s/coviddeath/pfizer/all/forest_plot.svg               - moderately_sensitive
  output/over80s/coviddeath/pfizer/all/time_trends_region_plot2.svg  - moderately_sensitive
  output/over80s/coviddeath/pfizer/all/time_trends_region_plot3.svg  - moderately_sensitive
  output/over80s/coviddeath/pfizer/all/time_trends_region_plot4.svg  - moderately_sensitive