2021-04-15T15:11:28.473099400Z -- Attaching packages --------------------------------------- tidyverse 1.3.0 --
2021-04-15T15:11:28.486947900Z v ggplot2 3.3.2     v purrr   0.3.4
2021-04-15T15:11:28.487025000Z v tibble  3.0.3     v dplyr   1.0.2
2021-04-15T15:11:28.487033500Z v tidyr   1.1.2     v stringr 1.4.0
2021-04-15T15:11:28.487040700Z v readr   1.3.1     v forcats 0.5.0
2021-04-15T15:11:28.711328000Z -- Conflicts ------------------------------------------ tidyverse_conflicts() --
2021-04-15T15:11:28.711399800Z x dplyr::filter() masks stats::filter()
2021-04-15T15:11:28.711408000Z x dplyr::lag()    masks stats::lag()
2021-04-15T15:11:28.734232900Z 
2021-04-15T15:11:28.734318300Z Attaching package: 'lubridate'
2021-04-15T15:11:28.734326900Z 
2021-04-15T15:11:28.735968000Z The following objects are masked from 'package:base':
2021-04-15T15:11:28.736011800Z 
2021-04-15T15:11:28.736020100Z     date, intersect, setdiff, union
2021-04-15T15:11:28.736027300Z 
2021-04-15T15:11:31.259280900Z Loading required package: zoo
2021-04-15T15:11:31.278040300Z 
2021-04-15T15:11:31.278132000Z Attaching package: 'zoo'
2021-04-15T15:11:31.278141300Z 
2021-04-15T15:11:31.278902500Z The following objects are masked from 'package:base':
2021-04-15T15:11:31.278930400Z 
2021-04-15T15:11:31.278938800Z     as.Date, as.Date.numeric
2021-04-15T15:11:31.278946000Z 
2021-04-15T15:11:31.716330900Z <environment: R_GlobalEnv>
2021-04-15T15:11:31.716714100Z <environment: R_GlobalEnv>
2021-04-15T15:11:31.717096300Z <environment: R_GlobalEnv>


state: succeeded
commit: 25565b402803e6d31019351e0ac564dfbec95993
docker_image_id: sha256:c2fc5042bf86134947d83ad8e70bd926e2c1f91a263c6bfe87438ad783bec981
exit_code: 0
job_id: mlrgyxdpc7fi426a
run_by_user: wjchulme
created_at: 2021-04-15T12:46:04Z
started_at: 2021-04-15T15:11:25Z
completed_at: 2021-04-15T16:24:17Z

Completed successfully

outputs:
  output/over80s/noncoviddeath/any/all/estimates.csv                 - moderately_sensitive
  output/over80s/noncoviddeath/any/all/forest_plot.svg               - moderately_sensitive
  output/over80s/noncoviddeath/any/all/time_trends_region_plot3.svg  - moderately_sensitive
  output/over80s/noncoviddeath/any/all/time_trends_region_plot4.svg  - moderately_sensitive