2021-04-09T01:45:00.880822400Z -- Attaching packages --------------------------------------- tidyverse 1.3.0 --
2021-04-09T01:45:00.889845700Z v ggplot2 3.3.2     v purrr   0.3.4
2021-04-09T01:45:00.889899300Z v tibble  3.0.3     v dplyr   1.0.2
2021-04-09T01:45:00.889907900Z v tidyr   1.1.2     v stringr 1.4.0
2021-04-09T01:45:00.889916000Z v readr   1.3.1     v forcats 0.5.0
2021-04-09T01:45:01.057416100Z -- Conflicts ------------------------------------------ tidyverse_conflicts() --
2021-04-09T01:45:01.057491000Z x dplyr::filter() masks stats::filter()
2021-04-09T01:45:01.057500000Z x dplyr::lag()    masks stats::lag()
2021-04-09T01:45:01.072224400Z 
2021-04-09T01:45:01.072253600Z Attaching package: 'lubridate'
2021-04-09T01:45:01.072263600Z 
2021-04-09T01:45:01.073721200Z The following objects are masked from 'package:base':
2021-04-09T01:45:01.073739900Z 
2021-04-09T01:45:01.073748600Z     date, intersect, setdiff, union
2021-04-09T01:45:01.073755700Z 
2021-04-09T01:45:03.218347300Z Loading required package: zoo
2021-04-09T01:45:03.230492100Z 
2021-04-09T01:45:03.230523100Z Attaching package: 'zoo'
2021-04-09T01:45:03.230532000Z 
2021-04-09T01:45:03.231133000Z The following objects are masked from 'package:base':
2021-04-09T01:45:03.231151100Z 
2021-04-09T01:45:03.231159200Z     as.Date, as.Date.numeric
2021-04-09T01:45:03.231166300Z 
2021-04-09T01:45:03.618521900Z <environment: R_GlobalEnv>
2021-04-09T01:45:03.618852100Z <environment: R_GlobalEnv>
2021-04-09T01:45:03.619201700Z <environment: R_GlobalEnv>


state: succeeded
commit: a4269e24910a5f37c21a0df4c2da92f7e3611caa
docker_image_id: sha256:876a994cdafb8d3fb4b710249fd7716a31efd3ea26cb3faf7aa2187853c6c624
exit_code: 0
job_id: 3kq3gljbifzyy6sa
run_by_user: wjchulme
created_at: 2021-04-08T22:20:12Z
started_at: 2021-04-09T01:44:58Z
completed_at: 2021-04-09T01:49:18Z

Completed successfully

outputs:
  output/over80s/noncoviddeath/any/all/estimates_cox_region.csv    - moderately_sensitive
  output/over80s/noncoviddeath/any/all/forest_plot_cox_region.svg  - moderately_sensitive