2021-03-12T04:31:56.277287100Z -- Attaching packages --------------------------------------- tidyverse 1.3.0 --
2021-03-12T04:31:56.285847500Z v ggplot2 3.3.2     v purrr   0.3.4
2021-03-12T04:31:56.285896300Z v tibble  3.0.3     v dplyr   1.0.2
2021-03-12T04:31:56.285905500Z v tidyr   1.1.2     v stringr 1.4.0
2021-03-12T04:31:56.285912800Z v readr   1.3.1     v forcats 0.5.0
2021-03-12T04:31:56.449531500Z -- Conflicts ------------------------------------------ tidyverse_conflicts() --
2021-03-12T04:31:56.449605200Z x dplyr::filter() masks stats::filter()
2021-03-12T04:31:56.449613600Z x dplyr::lag()    masks stats::lag()
2021-03-12T04:31:56.464213100Z 
2021-03-12T04:31:56.464235200Z Attaching package: 'lubridate'
2021-03-12T04:31:56.464244000Z 
2021-03-12T04:31:56.465647400Z The following objects are masked from 'package:base':
2021-03-12T04:31:56.465664200Z 
2021-03-12T04:31:56.465671900Z     date, intersect, setdiff, union
2021-03-12T04:31:56.465678900Z 
2021-03-12T04:31:58.497795300Z Loading required package: zoo
2021-03-12T04:31:58.508851400Z 
2021-03-12T04:31:58.508873800Z Attaching package: 'zoo'
2021-03-12T04:31:58.508882300Z 
2021-03-12T04:31:58.509493600Z The following objects are masked from 'package:base':
2021-03-12T04:31:58.509511500Z 
2021-03-12T04:31:58.509519900Z     as.Date, as.Date.numeric
2021-03-12T04:31:58.509527100Z 
2021-03-12T04:31:58.883477500Z <environment: R_GlobalEnv>
2021-03-12T04:31:58.883804500Z <environment: R_GlobalEnv>


state: succeeded
commit: 9b3a15915a99dd736982594579835af554e19d07
docker_image_id: sha256:c7cb8c47c64952beb4dc7e1b4b0edaf95b0fa5cc1af3f796e073e4190413ec9e
exit_code: 0
job_id: zhmcnc7zkpwjialc
run_by_user: wjchulme
created_at: 2021-03-11T21:39:13Z
started_at: 2021-03-12T04:31:53Z
completed_at: 2021-03-12T05:03:54Z

Completed successfully

outputs:
  output/in70s/postest/az/sex/estimates.csv    - moderately_sensitive
  output/in70s/postest/az/sex/forest_plot.svg  - moderately_sensitive