2021-05-16T17:19:34.002503100Z -- Attaching packages --------------------------------------- tidyverse 1.3.0 --
2021-05-16T17:19:34.011250800Z v ggplot2 3.3.2     v purrr   0.3.4
2021-05-16T17:19:34.011272600Z v tibble  3.0.3     v dplyr   1.0.2
2021-05-16T17:19:34.011280700Z v tidyr   1.1.2     v stringr 1.4.0
2021-05-16T17:19:34.011287500Z v readr   1.3.1     v forcats 0.5.0
2021-05-16T17:19:34.179095300Z -- Conflicts ------------------------------------------ tidyverse_conflicts() --
2021-05-16T17:19:34.179128200Z x dplyr::filter() masks stats::filter()
2021-05-16T17:19:34.179137400Z x dplyr::lag()    masks stats::lag()
2021-05-16T17:19:34.195313900Z 
2021-05-16T17:19:34.195342300Z Attaching package: 'lubridate'
2021-05-16T17:19:34.195351000Z 
2021-05-16T17:19:34.196758100Z The following objects are masked from 'package:base':
2021-05-16T17:19:34.196777500Z 
2021-05-16T17:19:34.196786300Z     date, intersect, setdiff, union
2021-05-16T17:19:34.196793500Z 
2021-05-16T17:19:36.655598500Z Loading required package: zoo
2021-05-16T17:19:36.666113300Z 
2021-05-16T17:19:36.666156300Z Attaching package: 'zoo'
2021-05-16T17:19:36.666165100Z 
2021-05-16T17:19:36.666711500Z The following objects are masked from 'package:base':
2021-05-16T17:19:36.666735300Z 
2021-05-16T17:19:36.666745300Z     as.Date, as.Date.numeric
2021-05-16T17:19:36.666752900Z 
2021-05-16T17:19:37.067289400Z <environment: R_GlobalEnv>
2021-05-16T17:19:37.067593100Z <environment: R_GlobalEnv>
2021-05-16T17:19:37.067905400Z <environment: R_GlobalEnv>


state: succeeded
commit: d95a6fa6ef28b1c9dce6d94b3ef6b92ac12b6e69
docker_image_id: sha256:b0e86ebee1d778d06c4c86d5d4c32dd910483eb4b0a9c7ed3997f928aa94c500
exit_code: 0
job_id: zbbxv4wyflqrf25p
run_by_user: wjchulme
created_at: 2021-05-16T13:21:34Z
started_at: 2021-05-16T17:19:31Z
completed_at: 2021-05-16T17:58:54Z

Completed successfully

outputs:
  output/in70s/death/pfizer/all/estimates.csv                 - moderately_sensitive
  output/in70s/death/pfizer/all/estimates_timesincevax.csv    - moderately_sensitive
  output/in70s/death/pfizer/all/forest_plot.svg               - moderately_sensitive
  output/in70s/death/pfizer/all/time_trends_region_plot1.svg  - moderately_sensitive