2021-04-29T10:28:37.360036300Z -- Attaching packages --------------------------------------- tidyverse 1.3.0 --
2021-04-29T10:28:37.369413100Z v ggplot2 3.3.2     v purrr   0.3.4
2021-04-29T10:28:37.369436200Z v tibble  3.0.3     v dplyr   1.0.2
2021-04-29T10:28:37.369444500Z v tidyr   1.1.2     v stringr 1.4.0
2021-04-29T10:28:37.369451800Z v readr   1.3.1     v forcats 0.5.0
2021-04-29T10:28:37.548115200Z -- Conflicts ------------------------------------------ tidyverse_conflicts() --
2021-04-29T10:28:37.548162100Z x dplyr::filter() masks stats::filter()
2021-04-29T10:28:37.548171100Z x dplyr::lag()    masks stats::lag()
2021-04-29T10:28:37.563965000Z 
2021-04-29T10:28:37.564009400Z Attaching package: 'lubridate'
2021-04-29T10:28:37.564017600Z 
2021-04-29T10:28:37.565449000Z The following objects are masked from 'package:base':
2021-04-29T10:28:37.565468200Z 
2021-04-29T10:28:37.565476700Z     date, intersect, setdiff, union
2021-04-29T10:28:37.565484000Z 
2021-04-29T10:28:39.897626500Z #BlackLivesMatter
2021-04-29T10:28:39.985008700Z Loading required package: zoo
2021-04-29T10:28:39.999093400Z 
2021-04-29T10:28:39.999208400Z Attaching package: 'zoo'
2021-04-29T10:28:39.999220100Z 
2021-04-29T10:28:39.999731200Z The following objects are masked from 'package:base':
2021-04-29T10:28:39.999760000Z 
2021-04-29T10:28:39.999769000Z     as.Date, as.Date.numeric
2021-04-29T10:28:39.999776600Z 
2021-04-29T10:28:40.397543600Z <environment: R_GlobalEnv>
2021-04-29T10:28:40.397913900Z <environment: R_GlobalEnv>
2021-04-29T10:28:40.398290900Z <environment: R_GlobalEnv>
2021-04-29T10:43:15.439799000Z Warning messages:
2021-04-29T10:43:15.440224800Z 1: Removed 1 rows containing missing values (geom_segment). 
2021-04-29T10:43:15.440238400Z 2: Removed 1 rows containing missing values (geom_segment). 
2021-04-29T10:43:15.440247200Z 3: Removed 1 rows containing missing values (geom_segment). 
2021-04-29T10:43:15.440255000Z 4: Removed 1 rows containing missing values (geom_segment). 
2021-04-29T10:43:15.440262900Z 5: Removed 1 rows containing missing values (geom_segment). 
2021-04-29T10:43:15.440270600Z 6: Removed 1 rows containing missing values (geom_segment). 
2021-04-29T10:43:15.440278300Z 7: Removed 1 rows containing missing values (geom_segment). 
2021-04-29T10:43:15.440286100Z 8: Removed 1 rows containing missing values (geom_segment). 
2021-04-29T10:43:15.440298600Z 9: Removed 1 rows containing missing values (geom_segment). 
2021-04-29T10:43:15.444016600Z Warning messages:
2021-04-29T10:43:15.444148500Z 1: Removed 1 rows containing missing values (geom_segment).
2021-04-29T10:43:15.444166400Z 2: Removed 1 rows containing missing values (geom_segment).
2021-04-29T10:43:15.444309100Z 3: Removed 1 rows containing missing values (geom_segment).
2021-04-29T10:43:15.444326300Z 4: Removed 1 rows containing missing values (geom_segment).
2021-04-29T10:43:15.444423800Z 5: Removed 1 rows containing missing values (geom_segment).
2021-04-29T10:43:15.444571700Z 6: Removed 1 rows containing missing values (geom_segment).
2021-04-29T10:43:15.444588700Z 7: Removed 1 rows containing missing values (geom_segment).
2021-04-29T10:43:15.444766000Z 8: Removed 1 rows containing missing values (geom_segment).
2021-04-29T10:43:15.444783400Z 9: Removed 1 rows containing missing values (geom_segment).


state: succeeded
commit: 6c61ac4a4f96006388ebde71bb2060ebab2f701f
docker_image_id: sha256:c2fc5042bf86134947d83ad8e70bd926e2c1f91a263c6bfe87438ad783bec981
exit_code: 0
job_id: tkr7gsg45pcfevpg
run_by_user: wjchulme
created_at: 2021-04-29T08:13:49Z
started_at: 2021-04-29T10:28:34Z
completed_at: 2021-04-29T10:51:26Z

Completed successfully

outputs:
  output/over80s/death/any/all/all/plot_vaxany1.svg  - moderately_sensitive
  output/over80s/death/any/all/all/tab_vaxany1.csv   - moderately_sensitive
  output/over80s/death/any/all/all/tab_vaxany1.html  - moderately_sensitive