2021-03-31T09:28:28.130523200Z -- Attaching packages --------------------------------------- tidyverse 1.3.0 --
2021-03-31T09:28:28.139373800Z v ggplot2 3.3.2     v purrr   0.3.4
2021-03-31T09:28:28.139399500Z v tibble  3.0.3     v dplyr   1.0.2
2021-03-31T09:28:28.139408200Z v tidyr   1.1.2     v stringr 1.4.0
2021-03-31T09:28:28.139415300Z v readr   1.3.1     v forcats 0.5.0
2021-03-31T09:28:28.309741400Z -- Conflicts ------------------------------------------ tidyverse_conflicts() --
2021-03-31T09:28:28.309784400Z x dplyr::filter() masks stats::filter()
2021-03-31T09:28:28.309792600Z x dplyr::lag()    masks stats::lag()
2021-03-31T09:28:28.325550200Z 
2021-03-31T09:28:28.325570900Z Attaching package: 'lubridate'
2021-03-31T09:28:28.325578900Z 
2021-03-31T09:28:28.326964600Z The following objects are masked from 'package:base':
2021-03-31T09:28:28.326985800Z 
2021-03-31T09:28:28.326993200Z     date, intersect, setdiff, union
2021-03-31T09:28:28.327000400Z 
2021-03-31T09:28:30.462567100Z Loading required package: zoo
2021-03-31T09:28:30.474019500Z 
2021-03-31T09:28:30.474036400Z Attaching package: 'zoo'
2021-03-31T09:28:30.474044100Z 
2021-03-31T09:28:30.474689500Z The following objects are masked from 'package:base':
2021-03-31T09:28:30.474709100Z 
2021-03-31T09:28:30.474716400Z     as.Date, as.Date.numeric
2021-03-31T09:28:30.474723500Z 
2021-03-31T09:28:30.872608800Z <environment: R_GlobalEnv>
2021-03-31T09:28:30.872945300Z <environment: R_GlobalEnv>
2021-03-31T09:28:30.873345300Z <environment: R_GlobalEnv>


state: succeeded
commit: 2f1293a9d16087f628fb5801aeead17c32437680
docker_image_id: sha256:876a994cdafb8d3fb4b710249fd7716a31efd3ea26cb3faf7aa2187853c6c624
exit_code: 0
job_id: yymstxt6cevlamev
run_by_user: wjchulme
created_at: 2021-03-31T08:50:12Z
started_at: 2021-03-31T09:28:25Z
completed_at: 2021-03-31T09:33:34Z

Completed successfully

outputs:
  output/over80s/emergency/any/all/estimates_cox.csv    - moderately_sensitive
  output/over80s/emergency/any/all/forest_plot_cox.svg  - moderately_sensitive