2021-05-16T19:13:24.020135500Z -- Attaching packages --------------------------------------- tidyverse 1.3.0 --
2021-05-16T19:13:24.028941700Z v ggplot2 3.3.2     v purrr   0.3.4
2021-05-16T19:13:24.028968000Z v tibble  3.0.3     v dplyr   1.0.2
2021-05-16T19:13:24.028976400Z v tidyr   1.1.2     v stringr 1.4.0
2021-05-16T19:13:24.028983400Z v readr   1.3.1     v forcats 0.5.0
2021-05-16T19:13:24.195782300Z -- Conflicts ------------------------------------------ tidyverse_conflicts() --
2021-05-16T19:13:24.195808700Z x dplyr::filter() masks stats::filter()
2021-05-16T19:13:24.195817300Z x dplyr::lag()    masks stats::lag()
2021-05-16T19:13:24.211254100Z 
2021-05-16T19:13:24.211274500Z Attaching package: 'lubridate'
2021-05-16T19:13:24.211282900Z 
2021-05-16T19:13:24.212661200Z The following objects are masked from 'package:base':
2021-05-16T19:13:24.212683400Z 
2021-05-16T19:13:24.212692300Z     date, intersect, setdiff, union
2021-05-16T19:13:24.212699500Z 
2021-05-16T19:13:26.343274400Z Loading required package: zoo
2021-05-16T19:13:26.354092300Z 
2021-05-16T19:13:26.354114900Z Attaching package: 'zoo'
2021-05-16T19:13:26.354123700Z 
2021-05-16T19:13:26.354848600Z The following objects are masked from 'package:base':
2021-05-16T19:13:26.354905500Z 
2021-05-16T19:13:26.354914600Z     as.Date, as.Date.numeric
2021-05-16T19:13:26.354921900Z 
2021-05-16T19:13:26.728635600Z <environment: R_GlobalEnv>
2021-05-16T19:13:26.728968000Z <environment: R_GlobalEnv>
2021-05-16T19:13:26.729296700Z <environment: R_GlobalEnv>


state: succeeded
commit: d95a6fa6ef28b1c9dce6d94b3ef6b92ac12b6e69
docker_image_id: sha256:b0e86ebee1d778d06c4c86d5d4c32dd910483eb4b0a9c7ed3997f928aa94c500
exit_code: 0
job_id: c35op52j52xahice
run_by_user: wjchulme
created_at: 2021-05-16T13:21:34Z
started_at: 2021-05-16T19:13:21Z
completed_at: 2021-05-16T19:46:08Z

Completed successfully

outputs:
  output/in70s/covidadmitted/pfizer/all/estimates.csv                 - moderately_sensitive
  output/in70s/covidadmitted/pfizer/all/estimates_timesincevax.csv    - moderately_sensitive
  output/in70s/covidadmitted/pfizer/all/forest_plot.svg               - moderately_sensitive
  output/in70s/covidadmitted/pfizer/all/time_trends_region_plot1.svg  - moderately_sensitive