2021-04-19T02:48:08.841195200Z -- Attaching packages --------------------------------------- tidyverse 1.3.0 --
2021-04-19T02:48:08.852166700Z v ggplot2 3.3.2     v purrr   0.3.4
2021-04-19T02:48:08.852270100Z v tibble  3.0.3     v dplyr   1.0.2
2021-04-19T02:48:08.852279000Z v tidyr   1.1.2     v stringr 1.4.0
2021-04-19T02:48:08.852286100Z v readr   1.3.1     v forcats 0.5.0
2021-04-19T02:48:09.132829700Z -- Conflicts ------------------------------------------ tidyverse_conflicts() --
2021-04-19T02:48:09.132892500Z x dplyr::filter() masks stats::filter()
2021-04-19T02:48:09.132901300Z x dplyr::lag()    masks stats::lag()
2021-04-19T02:48:09.163612900Z 
2021-04-19T02:48:09.163759000Z Attaching package: 'lubridate'
2021-04-19T02:48:09.163767800Z 
2021-04-19T02:48:09.165735700Z The following objects are masked from 'package:base':
2021-04-19T02:48:09.165800800Z 
2021-04-19T02:48:09.165809500Z     date, intersect, setdiff, union
2021-04-19T02:48:09.165816700Z 
2021-04-19T02:48:11.861823300Z Loading required package: zoo
2021-04-19T02:48:11.887338400Z 
2021-04-19T02:48:11.887435200Z Attaching package: 'zoo'
2021-04-19T02:48:11.887444000Z 
2021-04-19T02:48:11.888042400Z The following objects are masked from 'package:base':
2021-04-19T02:48:11.888061200Z 
2021-04-19T02:48:11.888068700Z     as.Date, as.Date.numeric
2021-04-19T02:48:11.888075700Z 
2021-04-19T02:48:12.453853400Z <environment: R_GlobalEnv>
2021-04-19T02:48:12.454408300Z <environment: R_GlobalEnv>
2021-04-19T02:48:12.454857200Z <environment: R_GlobalEnv>
2021-04-19T03:19:22.686032700Z There were 22 warnings (use warnings() to see them)
2021-04-19T03:19:22.686556900Z Warning messages:
2021-04-19T03:19:22.686778900Z 1: Removed 1 rows containing missing values (geom_segment).
2021-04-19T03:19:22.686800300Z 2: Removed 1 rows containing missing values (geom_segment).
2021-04-19T03:19:22.686809500Z 3: Removed 1 rows containing missing values (geom_segment).
2021-04-19T03:19:22.686821600Z 4: Removed 1 rows containing missing values (geom_segment).
2021-04-19T03:19:22.686875900Z 5: Removed 1 rows containing missing values (geom_segment).
2021-04-19T03:19:22.686891500Z 6: Removed 1 rows containing missing values (geom_segment).
2021-04-19T03:19:22.687041900Z 7: Removed 1 rows containing missing values (geom_segment).
2021-04-19T03:19:22.687057100Z 8: Removed 1 rows containing missing values (geom_segment).
2021-04-19T03:19:22.687184100Z 9: Removed 1 rows containing missing values (geom_segment).
2021-04-19T03:19:22.687199100Z 10: Removed 1 rows containing missing values (geom_segment).
2021-04-19T03:19:22.687315000Z 11: Removed 1 rows containing missing values (geom_segment).
2021-04-19T03:19:22.687366100Z 12: Removed 1 rows containing missing values (geom_segment).
2021-04-19T03:19:22.687473500Z 13: Removed 1 rows containing missing values (geom_segment).
2021-04-19T03:19:22.687567200Z 14: Removed 1 rows containing missing values (geom_segment).
2021-04-19T03:19:22.687639400Z 15: Removed 1 rows containing missing values (geom_segment).
2021-04-19T03:19:22.687667200Z 16: Removed 1 rows containing missing values (geom_segment).
2021-04-19T03:19:22.687785100Z 17: Removed 1 rows containing missing values (geom_segment).
2021-04-19T03:19:22.687801700Z 18: Removed 1 rows containing missing values (geom_segment).
2021-04-19T03:19:22.687845500Z 19: Removed 1 rows containing missing values (geom_segment).
2021-04-19T03:19:22.687946500Z 20: Removed 1 rows containing missing values (geom_segment).
2021-04-19T03:19:22.687960700Z 21: Removed 1 rows containing missing values (geom_segment).
2021-04-19T03:19:22.687968500Z 22: Removed 1 rows containing missing values (geom_segment).


state: succeeded
commit: 33f52791c8cce80c6c198db74da25e5b695f71d1
docker_image_id: sha256:c2fc5042bf86134947d83ad8e70bd926e2c1f91a263c6bfe87438ad783bec981
exit_code: 0
job_id: weo3wnmnp4npr6mo
run_by_user: wjchulme
created_at: 2021-04-18T20:34:39Z
started_at: 2021-04-19T02:48:05Z
completed_at: 2021-04-19T03:20:05Z

Completed successfully

outputs:
  output/in70s/coviddeath/pfizer/all/all/plot_death.svg      - moderately_sensitive
  output/in70s/coviddeath/pfizer/all/all/plot_vaxaz1.svg     - moderately_sensitive
  output/in70s/coviddeath/pfizer/all/all/plot_vaxfizer1.svg  - moderately_sensitive
  output/in70s/coviddeath/pfizer/all/all/tab_death.csv       - moderately_sensitive
  output/in70s/coviddeath/pfizer/all/all/tab_death.html      - moderately_sensitive
  output/in70s/coviddeath/pfizer/all/all/tab_pfizer_az.html  - moderately_sensitive
  output/in70s/coviddeath/pfizer/all/all/tab_vaxaz1.csv      - moderately_sensitive
  output/in70s/coviddeath/pfizer/all/all/tab_vaxaz1.html     - moderately_sensitive
  output/in70s/coviddeath/pfizer/all/all/tab_vaxfizer1.html  - moderately_sensitive
  output/in70s/coviddeath/pfizer/all/all/tab_vaxpfizer1.csv  - moderately_sensitive