2021-05-16T00:18:34.734572400Z -- Attaching packages --------------------------------------- tidyverse 1.3.0 --
2021-05-16T00:18:34.746327500Z v ggplot2 3.3.2     v purrr   0.3.4
2021-05-16T00:18:34.746444500Z v tibble  3.0.3     v dplyr   1.0.2
2021-05-16T00:18:34.746455900Z v tidyr   1.1.2     v stringr 1.4.0
2021-05-16T00:18:34.746463500Z v readr   1.3.1     v forcats 0.5.0
2021-05-16T00:18:35.022511600Z -- Conflicts ------------------------------------------ tidyverse_conflicts() --
2021-05-16T00:18:35.022596500Z x dplyr::filter() masks stats::filter()
2021-05-16T00:18:35.022606500Z x dplyr::lag()    masks stats::lag()
2021-05-16T00:18:35.057389400Z 
2021-05-16T00:18:35.057529500Z Attaching package: 'lubridate'
2021-05-16T00:18:35.057542200Z 
2021-05-16T00:18:35.059628300Z The following objects are masked from 'package:base':
2021-05-16T00:18:35.059690400Z 
2021-05-16T00:18:35.059699000Z     date, intersect, setdiff, union
2021-05-16T00:18:35.059706500Z 
2021-05-16T00:18:37.890482600Z #BlackLivesMatter
2021-05-16T00:18:38.035625900Z Loading required package: zoo
2021-05-16T00:18:38.063923600Z 
2021-05-16T00:18:38.064075200Z Attaching package: 'zoo'
2021-05-16T00:18:38.064087000Z 
2021-05-16T00:18:38.064806700Z The following objects are masked from 'package:base':
2021-05-16T00:18:38.064826400Z 
2021-05-16T00:18:38.064834300Z     as.Date, as.Date.numeric
2021-05-16T00:18:38.064841700Z 
2021-05-16T00:18:38.633521300Z <environment: R_GlobalEnv>
2021-05-16T00:18:38.633896200Z <environment: R_GlobalEnv>
2021-05-16T00:18:38.634355300Z <environment: R_GlobalEnv>
2021-05-16T00:47:16.331261400Z There were 20 warnings (use warnings() to see them)
2021-05-16T00:47:16.332123500Z Warning messages:
2021-05-16T00:47:16.332335700Z 1: Removed 1 rows containing missing values (geom_segment).
2021-05-16T00:47:16.332572100Z 2: Removed 1 rows containing missing values (geom_segment).
2021-05-16T00:47:16.340780900Z 3: Removed 1 rows containing missing values (geom_segment).
2021-05-16T00:47:16.341034200Z 4: Removed 1 rows containing missing values (geom_segment).
2021-05-16T00:47:16.341048600Z 5: Removed 1 rows containing missing values (geom_segment).
2021-05-16T00:47:16.341297100Z 6: Removed 1 rows containing missing values (geom_segment).
2021-05-16T00:47:16.341462600Z 7: Removed 1 rows containing missing values (geom_segment).
2021-05-16T00:47:16.341477300Z 8: Removed 1 rows containing missing values (geom_segment).
2021-05-16T00:47:16.341519100Z 9: Removed 1 rows containing missing values (geom_segment).
2021-05-16T00:47:16.341553900Z 10: Removed 1 rows containing missing values (geom_segment).
2021-05-16T00:47:16.341664300Z 11: Removed 1 rows containing missing values (geom_segment).
2021-05-16T00:47:16.341676400Z 12: Removed 1 rows containing missing values (geom_segment).
2021-05-16T00:47:16.341683900Z 13: Removed 1 rows containing missing values (geom_segment).
2021-05-16T00:47:16.341691000Z 14: Removed 1 rows containing missing values (geom_segment).
2021-05-16T00:47:16.341698400Z 15: Removed 1 rows containing missing values (geom_segment).
2021-05-16T00:47:16.341706300Z 16: Removed 1 rows containing missing values (geom_segment).
2021-05-16T00:47:16.341713900Z 17: Removed 1 rows containing missing values (geom_segment).
2021-05-16T00:47:16.341721200Z 18: Removed 1 rows containing missing values (geom_segment).
2021-05-16T00:47:16.341728500Z 19: Removed 1 rows containing missing values (geom_segment).
2021-05-16T00:47:16.341738500Z 20: Removed 1 rows containing missing values (geom_segment).


state: succeeded
commit: d95a6fa6ef28b1c9dce6d94b3ef6b92ac12b6e69
docker_image_id: sha256:b0e86ebee1d778d06c4c86d5d4c32dd910483eb4b0a9c7ed3997f928aa94c500
exit_code: 0
job_id: yicz4tiwohiav5k3
run_by_user: wjchulme
created_at: 2021-05-15T22:36:16Z
started_at: 2021-05-16T00:18:31Z
completed_at: 2021-05-16T00:47:41Z

Completed successfully

outputs:
  output/over80s/death/az/all/all/gt_vaxaz1.rds       - highly_sensitive    
  output/over80s/death/az/all/all/gt_vaxpfizer1.rds   - highly_sensitive    
  output/over80s/death/az/all/all/plot_vaxaz1.svg     - moderately_sensitive
  output/over80s/death/az/all/all/plot_vaxfizer1.svg  - moderately_sensitive
  output/over80s/death/az/all/all/tab_pfizer_az.html  - moderately_sensitive
  output/over80s/death/az/all/all/tab_vaxaz1.csv      - moderately_sensitive
  output/over80s/death/az/all/all/tab_vaxaz1.html     - moderately_sensitive
  output/over80s/death/az/all/all/tab_vaxfizer1.html  - moderately_sensitive
  output/over80s/death/az/all/all/tab_vaxpfizer1.csv  - moderately_sensitive