2021-03-06T01:56:49.338110800Z -- Attaching packages --------------------------------------- tidyverse 1.3.0 --
2021-03-06T01:56:49.346759000Z v ggplot2 3.3.2     v purrr   0.3.4
2021-03-06T01:56:49.346795300Z v tibble  3.0.3     v dplyr   1.0.2
2021-03-06T01:56:49.346808000Z v tidyr   1.1.2     v stringr 1.4.0
2021-03-06T01:56:49.346815700Z v readr   1.3.1     v forcats 0.5.0
2021-03-06T01:56:49.505650400Z -- Conflicts ------------------------------------------ tidyverse_conflicts() --
2021-03-06T01:56:49.505672600Z x dplyr::filter() masks stats::filter()
2021-03-06T01:56:49.505680900Z x dplyr::lag()    masks stats::lag()
2021-03-06T01:56:49.519679200Z 
2021-03-06T01:56:49.519700000Z Attaching package: 'lubridate'
2021-03-06T01:56:49.519708500Z 
2021-03-06T01:56:49.521097200Z The following objects are masked from 'package:base':
2021-03-06T01:56:49.521113400Z 
2021-03-06T01:56:49.521121100Z     date, intersect, setdiff, union
2021-03-06T01:56:49.521127900Z 
2021-03-06T01:56:51.531467600Z <environment: R_GlobalEnv>
2021-03-06T01:56:51.531746300Z <environment: R_GlobalEnv>


state: succeeded
commit: 9456bc1e00f7ce6dc72be69f711f8409e59f569c
docker_image_id: sha256:c7cb8c47c64952beb4dc7e1b4b0edaf95b0fa5cc1af3f796e073e4190413ec9e
exit_code: 0
job_id: gmslzcil2hklubwb
run_by_user: wjchulme
created_at: 2021-03-05T23:27:30Z
started_at: 2021-03-06T01:56:47Z
completed_at: 2021-03-06T02:10:04Z

Completed successfully

outputs:
  output/over80s/postest/any/dose1/estimates.csv                   - moderately_sensitive
  output/over80s/postest/any/dose1/forest_plot.svg                 - moderately_sensitive
  output/over80s/postest/any/dose1/secular_trends_region_plot.svg  - moderately_sensitive