2021-05-19T14:01:01.860653400Z -- Attaching packages --------------------------------------- tidyverse 1.3.0 --
2021-05-19T14:01:01.869364700Z v ggplot2 3.3.2     v purrr   0.3.4
2021-05-19T14:01:01.869383900Z v tibble  3.0.3     v dplyr   1.0.2
2021-05-19T14:01:01.869392000Z v tidyr   1.1.2     v stringr 1.4.0
2021-05-19T14:01:01.869398900Z v readr   1.3.1     v forcats 0.5.0
2021-05-19T14:01:02.030402700Z -- Conflicts ------------------------------------------ tidyverse_conflicts() --
2021-05-19T14:01:02.030424800Z x dplyr::filter() masks stats::filter()
2021-05-19T14:01:02.030433500Z x dplyr::lag()    masks stats::lag()
2021-05-19T14:01:02.044592500Z 
2021-05-19T14:01:02.044646000Z Attaching package: 'lubridate'
2021-05-19T14:01:02.044654700Z 
2021-05-19T14:01:02.045923000Z The following objects are masked from 'package:base':
2021-05-19T14:01:02.045943500Z 
2021-05-19T14:01:02.045953100Z     date, intersect, setdiff, union
2021-05-19T14:01:02.045960500Z 
2021-05-19T14:01:04.124830700Z #BlackLivesMatter
2021-05-19T14:01:04.539820300Z <environment: R_GlobalEnv>
2021-05-19T14:01:04.540285900Z <environment: R_GlobalEnv>
2021-05-19T14:03:41.500482200Z There were 31 warnings (use warnings() to see them)


state: succeeded
commit: 082f5feae50865ce09b81046995946ee3fddcc9a
docker_image_id: sha256:fd70d515514910d8399e807135f3decedae0a426b222b3488810a7aa5283eafb
exit_code: 0
job_id: t2ygybdsmnsp2sp5
run_by_user: wjchulme
created_at: 2021-05-19T13:51:18Z
started_at: 2021-05-19T14:00:59Z
completed_at: 2021-05-19T14:08:33Z

Completed successfully

outputs:
  output/over80s/plot_vax1.svg  - moderately_sensitive
  output/over80s/tab_vax1.html  - moderately_sensitive