2021-04-07T11:12:23.464308600Z -- Attaching packages --------------------------------------- tidyverse 1.3.0 --
2021-04-07T11:12:23.472946200Z v ggplot2 3.3.2     v purrr   0.3.4
2021-04-07T11:12:23.472974200Z v tibble  3.0.3     v dplyr   1.0.2
2021-04-07T11:12:23.472982700Z v tidyr   1.1.2     v stringr 1.4.0
2021-04-07T11:12:23.472989600Z v readr   1.3.1     v forcats 0.5.0
2021-04-07T11:12:23.662959700Z -- Conflicts ------------------------------------------ tidyverse_conflicts() --
2021-04-07T11:12:23.663042200Z x dplyr::filter() masks stats::filter()
2021-04-07T11:12:23.663051000Z x dplyr::lag()    masks stats::lag()
2021-04-07T11:12:23.678988100Z 
2021-04-07T11:12:23.679006500Z Attaching package: 'lubridate'
2021-04-07T11:12:23.679014300Z 
2021-04-07T11:12:23.680581400Z The following objects are masked from 'package:base':
2021-04-07T11:12:23.680633500Z 
2021-04-07T11:12:23.680641900Z     date, intersect, setdiff, union
2021-04-07T11:12:23.680650200Z 
2021-04-07T11:12:27.811818300Z Loading required package: zoo
2021-04-07T11:12:27.839905200Z 
2021-04-07T11:12:27.839991300Z Attaching package: 'zoo'
2021-04-07T11:12:27.840000300Z 
2021-04-07T11:12:27.841030000Z The following objects are masked from 'package:base':
2021-04-07T11:12:27.841053800Z 
2021-04-07T11:12:27.841062000Z     as.Date, as.Date.numeric
2021-04-07T11:12:27.841069400Z 
2021-04-07T11:12:28.644790000Z <environment: R_GlobalEnv>
2021-04-07T11:12:28.645916400Z <environment: R_GlobalEnv>
2021-04-07T11:12:28.646363600Z <environment: R_GlobalEnv>


state: succeeded
commit: 657dee090fcfc8b1ce6c787d6c21abf728c310bd
docker_image_id: sha256:876a994cdafb8d3fb4b710249fd7716a31efd3ea26cb3faf7aa2187853c6c624
exit_code: 0
job_id: qrwevwqgj6fqinjf
run_by_user: wjchulme
created_at: 2021-04-07T10:09:14Z
started_at: 2021-04-07T11:12:20Z
completed_at: 2021-04-07T11:17:32Z

Completed successfully

outputs:
  output/over80s/covidadmitted/any/all/estimates_cox_region.csv    - moderately_sensitive
  output/over80s/covidadmitted/any/all/forest_plot_cox_region.svg  - moderately_sensitive