2021-03-31T09:19:18.883112600Z -- Attaching packages --------------------------------------- tidyverse 1.3.0 --
2021-03-31T09:19:18.891988400Z v ggplot2 3.3.2     v purrr   0.3.4
2021-03-31T09:19:18.892044300Z v tibble  3.0.3     v dplyr   1.0.2
2021-03-31T09:19:18.892052800Z v tidyr   1.1.2     v stringr 1.4.0
2021-03-31T09:19:18.892059800Z v readr   1.3.1     v forcats 0.5.0
2021-03-31T09:19:19.062164800Z -- Conflicts ------------------------------------------ tidyverse_conflicts() --
2021-03-31T09:19:19.062218100Z x dplyr::filter() masks stats::filter()
2021-03-31T09:19:19.062226600Z x dplyr::lag()    masks stats::lag()
2021-03-31T09:19:19.076827500Z 
2021-03-31T09:19:19.076887200Z Attaching package: 'lubridate'
2021-03-31T09:19:19.076895500Z 
2021-03-31T09:19:19.078166900Z The following objects are masked from 'package:base':
2021-03-31T09:19:19.078194300Z 
2021-03-31T09:19:19.078202800Z     date, intersect, setdiff, union
2021-03-31T09:19:19.078209700Z 
2021-03-31T09:19:21.230531400Z #Uighur
2021-03-31T09:19:21.294001800Z Loading required package: zoo
2021-03-31T09:19:21.306377600Z 
2021-03-31T09:19:21.306422900Z Attaching package: 'zoo'
2021-03-31T09:19:21.306431300Z 
2021-03-31T09:19:21.307067200Z The following objects are masked from 'package:base':
2021-03-31T09:19:21.307090100Z 
2021-03-31T09:19:21.307098800Z     as.Date, as.Date.numeric
2021-03-31T09:19:21.307105800Z 
2021-03-31T09:19:21.708457900Z <environment: R_GlobalEnv>
2021-03-31T09:19:21.708846600Z <environment: R_GlobalEnv>
2021-03-31T09:19:21.709129700Z <environment: R_GlobalEnv>


state: succeeded
commit: 2f1293a9d16087f628fb5801aeead17c32437680
docker_image_id: sha256:876a994cdafb8d3fb4b710249fd7716a31efd3ea26cb3faf7aa2187853c6c624
exit_code: 0
job_id: mmndjlmohrh5qike
run_by_user: wjchulme
created_at: 2021-03-31T08:50:12Z
started_at: 2021-03-31T09:19:16Z
completed_at: 2021-03-31T09:24:12Z

Completed successfully

outputs:
  output/over80s/coviddeath/any/all/estimates_cox.csv    - moderately_sensitive
  output/over80s/coviddeath/any/all/forest_plot_cox.svg  - moderately_sensitive