2021-05-17T15:01:06.090531100Z -- Attaching packages --------------------------------------- tidyverse 1.3.0 --
2021-05-17T15:01:06.100793000Z v ggplot2 3.3.2     v purrr   0.3.4
2021-05-17T15:01:06.100873700Z v tibble  3.0.3     v dplyr   1.0.2
2021-05-17T15:01:06.100882400Z v tidyr   1.1.2     v stringr 1.4.0
2021-05-17T15:01:06.100889800Z v readr   1.3.1     v forcats 0.5.0
2021-05-17T15:01:06.301191000Z -- Conflicts ------------------------------------------ tidyverse_conflicts() --
2021-05-17T15:01:06.301264300Z x dplyr::filter() masks stats::filter()
2021-05-17T15:01:06.301273500Z x dplyr::lag()    masks stats::lag()
2021-05-17T15:01:06.320153800Z 
2021-05-17T15:01:06.320239200Z Attaching package: 'lubridate'
2021-05-17T15:01:06.320248000Z 
2021-05-17T15:01:06.321747800Z The following objects are masked from 'package:base':
2021-05-17T15:01:06.321770700Z 
2021-05-17T15:01:06.321779200Z     date, intersect, setdiff, union
2021-05-17T15:01:06.321786400Z 
2021-05-17T15:01:08.750412100Z Loading required package: zoo
2021-05-17T15:01:08.766977000Z 
2021-05-17T15:01:08.767063100Z Attaching package: 'zoo'
2021-05-17T15:01:08.767071700Z 
2021-05-17T15:01:08.767678400Z The following objects are masked from 'package:base':
2021-05-17T15:01:08.767699800Z 
2021-05-17T15:01:08.767709200Z     as.Date, as.Date.numeric
2021-05-17T15:01:08.767716400Z 
2021-05-17T15:01:09.243491500Z <environment: R_GlobalEnv>
2021-05-17T15:01:09.243896300Z <environment: R_GlobalEnv>
2021-05-17T15:01:09.244215300Z <environment: R_GlobalEnv>
2021-05-17T17:17:22.605924300Z There were 31 warnings (use warnings() to see them)
2021-05-17T17:17:22.606539800Z Warning messages:
2021-05-17T17:17:22.606662100Z 1: Removed 1 rows containing missing values (geom_segment).
2021-05-17T17:17:22.606713500Z 2: Removed 1 rows containing missing values (geom_segment).
2021-05-17T17:17:22.606831500Z 3: Removed 1 rows containing missing values (geom_segment).
2021-05-17T17:17:22.606847500Z 4: Removed 1 rows containing missing values (geom_segment).
2021-05-17T17:17:22.606910900Z 5: Removed 1 rows containing missing values (geom_segment).
2021-05-17T17:17:22.606929500Z 6: Removed 1 rows containing missing values (geom_segment).
2021-05-17T17:17:22.606976900Z 7: Removed 1 rows containing missing values (geom_segment).
2021-05-17T17:17:22.606992800Z 8: Removed 1 rows containing missing values (geom_segment).
2021-05-17T17:17:22.607087500Z 9: Removed 1 rows containing missing values (geom_segment).
2021-05-17T17:17:22.607173600Z 10: Removed 1 rows containing missing values (geom_segment).
2021-05-17T17:17:22.607189300Z 11: Removed 1 rows containing missing values (geom_segment).
2021-05-17T17:17:22.607285900Z 12: Removed 1 rows containing missing values (geom_segment).
2021-05-17T17:17:22.607331400Z 13: Removed 1 rows containing missing values (geom_segment).
2021-05-17T17:17:22.607343200Z 14: Removed 1 rows containing missing values (geom_segment).
2021-05-17T17:17:22.607547800Z 15: Removed 1 rows containing missing values (geom_segment).
2021-05-17T17:17:22.607564700Z 16: Removed 1 rows containing missing values (geom_segment).
2021-05-17T17:17:22.607573500Z 17: Removed 1 rows containing missing values (geom_segment).
2021-05-17T17:17:22.607677900Z 18: Removed 1 rows containing missing values (geom_segment).
2021-05-17T17:17:22.607692100Z 19: Removed 1 rows containing missing values (geom_segment).
2021-05-17T17:17:22.607750500Z 20: Removed 1 rows containing missing values (geom_segment).
2021-05-17T17:17:22.607838900Z 21: Removed 1 rows containing missing values (geom_segment).
2021-05-17T17:17:22.607856300Z 22: Removed 1 rows containing missing values (geom_segment).
2021-05-17T17:17:22.607899200Z 23: Removed 1 rows containing missing values (geom_segment).
2021-05-17T17:17:22.607964600Z 24: Removed 1 rows containing missing values (geom_segment).
2021-05-17T17:17:22.608023700Z 25: Removed 1 rows containing missing values (geom_segment).
2021-05-17T17:17:22.608035200Z 26: Removed 1 rows containing missing values (geom_segment).
2021-05-17T17:17:22.608176500Z 27: Removed 1 rows containing missing values (geom_segment).
2021-05-17T17:17:22.608193600Z 28: Removed 1 rows containing missing values (geom_segment).
2021-05-17T17:17:22.608202000Z 29: Removed 1 rows containing missing values (geom_segment).
2021-05-17T17:17:22.608289000Z 30: Removed 1 rows containing missing values (geom_segment).
2021-05-17T17:17:22.608330300Z 31: Removed 1 rows containing missing values (geom_segment).


state: succeeded
commit: 6fff8b080ef5b019bcac6bd03903fef0f2ebabd2
docker_image_id: sha256:fd70d515514910d8399e807135f3decedae0a426b222b3488810a7aa5283eafb
exit_code: 0
job_id: kmkal76viomypxnx
run_by_user: wjchulme
created_at: 2021-05-17T14:59:20Z
started_at: 2021-05-17T15:01:02Z
completed_at: 2021-05-17T17:18:06Z

Completed successfully

outputs:
  output/in70s/covidadmitted/az/all/all/gt_vaxaz1.rds       - highly_sensitive    
  output/in70s/covidadmitted/az/all/all/gt_vaxpfizer1.rds   - highly_sensitive    
  output/in70s/covidadmitted/az/all/all/plot_death.svg      - moderately_sensitive
  output/in70s/covidadmitted/az/all/all/plot_vaxaz1.svg     - moderately_sensitive
  output/in70s/covidadmitted/az/all/all/plot_vaxfizer1.svg  - moderately_sensitive
  output/in70s/covidadmitted/az/all/all/tab_death.csv       - moderately_sensitive
  output/in70s/covidadmitted/az/all/all/tab_death.html      - moderately_sensitive
  output/in70s/covidadmitted/az/all/all/tab_pfizer_az.html  - moderately_sensitive
  output/in70s/covidadmitted/az/all/all/tab_vaxaz1.csv      - moderately_sensitive
  output/in70s/covidadmitted/az/all/all/tab_vaxaz1.html     - moderately_sensitive
  output/in70s/covidadmitted/az/all/all/tab_vaxfizer1.html  - moderately_sensitive
  output/in70s/covidadmitted/az/all/all/tab_vaxpfizer1.csv  - moderately_sensitive