2021-05-16T00:16:45.103826300Z -- Attaching packages --------------------------------------- tidyverse 1.3.0 --
2021-05-16T00:16:45.120369700Z v ggplot2 3.3.2     v purrr   0.3.4
2021-05-16T00:16:45.120474200Z v tibble  3.0.3     v dplyr   1.0.2
2021-05-16T00:16:45.120484200Z v tidyr   1.1.2     v stringr 1.4.0
2021-05-16T00:16:45.120491900Z v readr   1.3.1     v forcats 0.5.0
2021-05-16T00:16:45.399381500Z -- Conflicts ------------------------------------------ tidyverse_conflicts() --
2021-05-16T00:16:45.399486900Z x dplyr::filter() masks stats::filter()
2021-05-16T00:16:45.399496400Z x dplyr::lag()    masks stats::lag()
2021-05-16T00:16:45.437267200Z 
2021-05-16T00:16:45.437369600Z Attaching package: 'lubridate'
2021-05-16T00:16:45.437379100Z 
2021-05-16T00:16:45.439957000Z The following objects are masked from 'package:base':
2021-05-16T00:16:45.440063900Z 
2021-05-16T00:16:45.440073400Z     date, intersect, setdiff, union
2021-05-16T00:16:45.440081100Z 
2021-05-16T00:16:48.896686900Z Loading required package: zoo
2021-05-16T00:16:48.929598300Z 
2021-05-16T00:16:48.929725000Z Attaching package: 'zoo'
2021-05-16T00:16:48.929734200Z 
2021-05-16T00:16:48.930241200Z The following objects are masked from 'package:base':
2021-05-16T00:16:48.930311000Z 
2021-05-16T00:16:48.930320200Z     as.Date, as.Date.numeric
2021-05-16T00:16:48.930327800Z 
2021-05-16T00:16:49.503370900Z <environment: R_GlobalEnv>
2021-05-16T00:16:49.503905400Z <environment: R_GlobalEnv>
2021-05-16T00:16:49.504424400Z <environment: R_GlobalEnv>


state: succeeded
commit: d95a6fa6ef28b1c9dce6d94b3ef6b92ac12b6e69
docker_image_id: sha256:b0e86ebee1d778d06c4c86d5d4c32dd910483eb4b0a9c7ed3997f928aa94c500
exit_code: 0
job_id: ulkkvpouipq3cmjg
run_by_user: wjchulme
created_at: 2021-05-15T22:36:15Z
started_at: 2021-05-16T00:16:40Z
completed_at: 2021-05-16T00:33:41Z

Completed successfully

outputs:
  output/over80s/death/az/all/estimates.csv                 - moderately_sensitive
  output/over80s/death/az/all/estimates_timesincevax.csv    - moderately_sensitive
  output/over80s/death/az/all/forest_plot.svg               - moderately_sensitive
  output/over80s/death/az/all/time_trends_region_plot1.svg  - moderately_sensitive