2021-04-29T10:27:00.521775600Z -- Attaching packages --------------------------------------- tidyverse 1.3.0 --
2021-04-29T10:27:00.530742600Z v ggplot2 3.3.2     v purrr   0.3.4
2021-04-29T10:27:00.530770000Z v tibble  3.0.3     v dplyr   1.0.2
2021-04-29T10:27:00.530779100Z v tidyr   1.1.2     v stringr 1.4.0
2021-04-29T10:27:00.530786100Z v readr   1.3.1     v forcats 0.5.0
2021-04-29T10:27:00.711163600Z -- Conflicts ------------------------------------------ tidyverse_conflicts() --
2021-04-29T10:27:00.711239700Z x dplyr::filter() masks stats::filter()
2021-04-29T10:27:00.711248800Z x dplyr::lag()    masks stats::lag()
2021-04-29T10:27:00.726649100Z 
2021-04-29T10:27:00.726687800Z Attaching package: 'lubridate'
2021-04-29T10:27:00.726695600Z 
2021-04-29T10:27:00.728119700Z The following objects are masked from 'package:base':
2021-04-29T10:27:00.728141600Z 
2021-04-29T10:27:00.728150000Z     date, intersect, setdiff, union
2021-04-29T10:27:00.728157200Z 
2021-04-29T10:27:02.861017700Z #BlackLivesMatter
2021-04-29T10:27:02.947512700Z Loading required package: zoo
2021-04-29T10:27:02.959439300Z 
2021-04-29T10:27:02.959461100Z Attaching package: 'zoo'
2021-04-29T10:27:02.959469800Z 
2021-04-29T10:27:02.959963700Z The following objects are masked from 'package:base':
2021-04-29T10:27:02.959983400Z 
2021-04-29T10:27:02.959991800Z     as.Date, as.Date.numeric
2021-04-29T10:27:02.959999300Z 
2021-04-29T10:27:03.407643000Z <environment: R_GlobalEnv>
2021-04-29T10:27:03.408274700Z <environment: R_GlobalEnv>
2021-04-29T10:27:03.409104300Z <environment: R_GlobalEnv>


state: failed
commit: 6c61ac4a4f96006388ebde71bb2060ebab2f701f
docker_image_id: sha256:c2fc5042bf86134947d83ad8e70bd926e2c1f91a263c6bfe87438ad783bec981
exit_code: 137
job_id: 6shgbxmipbfohe6s
run_by_user: wjchulme
created_at: 2021-04-29T08:13:49Z
started_at: 2021-04-29T10:26:57Z
completed_at: 2021-04-29T11:08:33Z

Job exited with an error code

outputs:
  output/over80s/coviddeath/any/all/all/plot_vaxany1.svg  - moderately_sensitive
  output/over80s/coviddeath/any/all/all/tab_vaxany1.csv   - moderately_sensitive
  output/over80s/coviddeath/any/all/all/tab_vaxany1.html  - moderately_sensitive