2021-04-09T01:27:23.648236900Z -- Attaching packages --------------------------------------- tidyverse 1.3.0 --
2021-04-09T01:27:23.658911600Z v ggplot2 3.3.2     v purrr   0.3.4
2021-04-09T01:27:23.658994500Z v tibble  3.0.3     v dplyr   1.0.2
2021-04-09T01:27:23.659003300Z v tidyr   1.1.2     v stringr 1.4.0
2021-04-09T01:27:23.659010300Z v readr   1.3.1     v forcats 0.5.0
2021-04-09T01:27:23.884527900Z -- Conflicts ------------------------------------------ tidyverse_conflicts() --
2021-04-09T01:27:23.884612700Z x dplyr::filter() masks stats::filter()
2021-04-09T01:27:23.884621700Z x dplyr::lag()    masks stats::lag()
2021-04-09T01:27:23.907097700Z 
2021-04-09T01:27:23.907174500Z Attaching package: 'lubridate'
2021-04-09T01:27:23.907182100Z 
2021-04-09T01:27:23.908750700Z The following objects are masked from 'package:base':
2021-04-09T01:27:23.908782600Z 
2021-04-09T01:27:23.908791000Z     date, intersect, setdiff, union
2021-04-09T01:27:23.908798000Z 
2021-04-09T01:27:26.501411800Z Loading required package: zoo
2021-04-09T01:27:26.523762400Z 
2021-04-09T01:27:26.523835200Z Attaching package: 'zoo'
2021-04-09T01:27:26.523844000Z 
2021-04-09T01:27:26.525021900Z The following objects are masked from 'package:base':
2021-04-09T01:27:26.525043300Z 
2021-04-09T01:27:26.525051900Z     as.Date, as.Date.numeric
2021-04-09T01:27:26.525059100Z 
2021-04-09T01:27:27.003455800Z <environment: R_GlobalEnv>
2021-04-09T01:27:27.003844700Z <environment: R_GlobalEnv>
2021-04-09T01:27:27.004187800Z <environment: R_GlobalEnv>


state: succeeded
commit: a4269e24910a5f37c21a0df4c2da92f7e3611caa
docker_image_id: sha256:876a994cdafb8d3fb4b710249fd7716a31efd3ea26cb3faf7aa2187853c6c624
exit_code: 0
job_id: duj4rca3k6xfu62g
run_by_user: wjchulme
created_at: 2021-04-08T22:20:12Z
started_at: 2021-04-09T01:27:20Z
completed_at: 2021-04-09T01:30:33Z

Completed successfully

outputs:
  output/over80s/coviddeath/any/all/estimates_cox_region.csv    - moderately_sensitive
  output/over80s/coviddeath/any/all/forest_plot_cox_region.svg  - moderately_sensitive