2021-05-16T10:56:09.150896100Z -- Attaching packages --------------------------------------- tidyverse 1.3.0 --
2021-05-16T10:56:09.159813100Z v ggplot2 3.3.2     v purrr   0.3.4
2021-05-16T10:56:09.159865000Z v tibble  3.0.3     v dplyr   1.0.2
2021-05-16T10:56:09.159873900Z v tidyr   1.1.2     v stringr 1.4.0
2021-05-16T10:56:09.159881500Z v readr   1.3.1     v forcats 0.5.0
2021-05-16T10:56:09.332255400Z -- Conflicts ------------------------------------------ tidyverse_conflicts() --
2021-05-16T10:56:09.332320500Z x dplyr::filter() masks stats::filter()
2021-05-16T10:56:09.332329500Z x dplyr::lag()    masks stats::lag()
2021-05-16T10:56:09.348521500Z 
2021-05-16T10:56:09.348585400Z Attaching package: 'lubridate'
2021-05-16T10:56:09.348594400Z 
2021-05-16T10:56:09.349922000Z The following objects are masked from 'package:base':
2021-05-16T10:56:09.349951500Z 
2021-05-16T10:56:09.349960700Z     date, intersect, setdiff, union
2021-05-16T10:56:09.349968500Z 
2021-05-16T10:56:11.509263300Z #BlackLivesMatter
2021-05-16T10:56:11.582526500Z Loading required package: zoo
2021-05-16T10:56:11.597361700Z 
2021-05-16T10:56:11.597405400Z Attaching package: 'zoo'
2021-05-16T10:56:11.597417700Z 
2021-05-16T10:56:11.598007800Z The following objects are masked from 'package:base':
2021-05-16T10:56:11.598030200Z 
2021-05-16T10:56:11.598039100Z     as.Date, as.Date.numeric
2021-05-16T10:56:11.598046600Z 
2021-05-16T10:56:12.023476900Z <environment: R_GlobalEnv>
2021-05-16T10:56:12.023819400Z <environment: R_GlobalEnv>
2021-05-16T10:56:12.024158600Z <environment: R_GlobalEnv>


state: succeeded
commit: d95a6fa6ef28b1c9dce6d94b3ef6b92ac12b6e69
docker_image_id: sha256:b0e86ebee1d778d06c4c86d5d4c32dd910483eb4b0a9c7ed3997f928aa94c500
exit_code: 0
job_id: yvnoxy34twrg22nz
run_by_user: wjchulme
created_at: 2021-05-16T01:33:29Z
started_at: 2021-05-16T10:56:06Z
completed_at: 2021-05-16T11:44:02Z

Completed successfully

outputs:
  output/in70s/death/any/all/estimates.csv                 - moderately_sensitive
  output/in70s/death/any/all/estimates_timesincevax.csv    - moderately_sensitive
  output/in70s/death/any/all/forest_plot.svg               - moderately_sensitive
  output/in70s/death/any/all/time_trends_region_plot1.svg  - moderately_sensitive