2021-05-15T22:08:55.496474300Z -- Attaching packages --------------------------------------- tidyverse 1.3.0 --
2021-05-15T22:08:55.505193600Z v ggplot2 3.3.2     v purrr   0.3.4
2021-05-15T22:08:55.505226700Z v tibble  3.0.3     v dplyr   1.0.2
2021-05-15T22:08:55.505236000Z v tidyr   1.1.2     v stringr 1.4.0
2021-05-15T22:08:55.505243600Z v readr   1.3.1     v forcats 0.5.0
2021-05-15T22:08:55.675485200Z -- Conflicts ------------------------------------------ tidyverse_conflicts() --
2021-05-15T22:08:55.675567200Z x dplyr::filter() masks stats::filter()
2021-05-15T22:08:55.675575700Z x dplyr::lag()    masks stats::lag()
2021-05-15T22:08:55.692688200Z 
2021-05-15T22:08:55.692742300Z Attaching package: 'lubridate'
2021-05-15T22:08:55.692750400Z 
2021-05-15T22:08:55.694171500Z The following objects are masked from 'package:base':
2021-05-15T22:08:55.694191000Z 
2021-05-15T22:08:55.694198800Z     date, intersect, setdiff, union
2021-05-15T22:08:55.694206200Z 
2021-05-15T22:08:57.862718400Z #BlackLivesMatter
2021-05-15T22:08:57.928493800Z Loading required package: zoo
2021-05-15T22:08:57.940845600Z 
2021-05-15T22:08:57.940899200Z Attaching package: 'zoo'
2021-05-15T22:08:57.940908000Z 
2021-05-15T22:08:57.941376600Z The following objects are masked from 'package:base':
2021-05-15T22:08:57.941395700Z 
2021-05-15T22:08:57.941404100Z     as.Date, as.Date.numeric
2021-05-15T22:08:57.941411600Z 
2021-05-15T22:08:58.333594500Z <environment: R_GlobalEnv>
2021-05-15T22:08:58.333944400Z <environment: R_GlobalEnv>
2021-05-15T22:08:58.334272800Z <environment: R_GlobalEnv>


state: succeeded
commit: de6f9408529f435cf464d104fcd90d74e4dbc51d
docker_image_id: sha256:b0e86ebee1d778d06c4c86d5d4c32dd910483eb4b0a9c7ed3997f928aa94c500
exit_code: 0
job_id: csrhg45htvsw37ai
run_by_user: wjchulme
created_at: 2021-05-15T19:06:21Z
started_at: 2021-05-15T22:08:52Z
completed_at: 2021-05-15T22:26:48Z

Completed successfully

outputs:
  output/over80s/noncoviddeath/pfizer/all/estimates.csv                 - moderately_sensitive
  output/over80s/noncoviddeath/pfizer/all/estimates_timesincevax.csv    - moderately_sensitive
  output/over80s/noncoviddeath/pfizer/all/forest_plot.svg               - moderately_sensitive
  output/over80s/noncoviddeath/pfizer/all/time_trends_region_plot1.svg  - moderately_sensitive