2021-04-12T21:40:42.956787600Z -- Attaching packages --------------------------------------- tidyverse 1.3.0 --
2021-04-12T21:40:42.969611500Z v ggplot2 3.3.2     v purrr   0.3.4
2021-04-12T21:40:42.969700000Z v tibble  3.0.3     v dplyr   1.0.2
2021-04-12T21:40:42.969709000Z v tidyr   1.1.2     v stringr 1.4.0
2021-04-12T21:40:42.969716200Z v readr   1.3.1     v forcats 0.5.0
2021-04-12T21:40:43.250719700Z -- Conflicts ------------------------------------------ tidyverse_conflicts() --
2021-04-12T21:40:43.250806200Z x dplyr::filter() masks stats::filter()
2021-04-12T21:40:43.250814800Z x dplyr::lag()    masks stats::lag()
2021-04-12T21:40:43.283904500Z 
2021-04-12T21:40:43.283991300Z Attaching package: 'lubridate'
2021-04-12T21:40:43.283999900Z 
2021-04-12T21:40:43.285883300Z The following objects are masked from 'package:base':
2021-04-12T21:40:43.285937600Z 
2021-04-12T21:40:43.285946300Z     date, intersect, setdiff, union
2021-04-12T21:40:43.285953500Z 
2021-04-12T21:40:46.429687700Z Loading required package: zoo
2021-04-12T21:40:46.456732100Z 
2021-04-12T21:40:46.456784100Z Attaching package: 'zoo'
2021-04-12T21:40:46.456791900Z 
2021-04-12T21:40:46.457516700Z The following objects are masked from 'package:base':
2021-04-12T21:40:46.457548900Z 
2021-04-12T21:40:46.457557700Z     as.Date, as.Date.numeric
2021-04-12T21:40:46.457565000Z 
2021-04-12T21:40:47.036798600Z <environment: R_GlobalEnv>
2021-04-12T21:40:47.037370700Z <environment: R_GlobalEnv>
2021-04-12T21:40:47.037754100Z <environment: R_GlobalEnv>


state: succeeded
commit: 99361402ba73f388420ff53f87cc7e7d1c949cf8
docker_image_id: sha256:876a994cdafb8d3fb4b710249fd7716a31efd3ea26cb3faf7aa2187853c6c624
exit_code: 0
job_id: nwsqbmryrgcgpreq
run_by_user: wjchulme
created_at: 2021-04-12T17:00:29Z
started_at: 2021-04-12T21:40:39Z
completed_at: 2021-04-12T21:45:33Z

Completed successfully

outputs:
  output/over80s/covidadmitted/any/all/estimates_cox_region.csv    - moderately_sensitive
  output/over80s/covidadmitted/any/all/forest_plot_cox_region.svg  - moderately_sensitive