2021-03-31T15:25:27.148824200Z -- Attaching packages --------------------------------------- tidyverse 1.3.0 --
2021-03-31T15:25:27.158846400Z v ggplot2 3.3.2     v purrr   0.3.4
2021-03-31T15:25:27.158918400Z v tibble  3.0.3     v dplyr   1.0.2
2021-03-31T15:25:27.158926400Z v tidyr   1.1.2     v stringr 1.4.0
2021-03-31T15:25:27.158933400Z v readr   1.3.1     v forcats 0.5.0
2021-03-31T15:25:27.334505400Z -- Conflicts ------------------------------------------ tidyverse_conflicts() --
2021-03-31T15:25:27.334569000Z x dplyr::filter() masks stats::filter()
2021-03-31T15:25:27.334577800Z x dplyr::lag()    masks stats::lag()
2021-03-31T15:25:27.349167100Z 
2021-03-31T15:25:27.349249200Z Attaching package: 'lubridate'
2021-03-31T15:25:27.349257600Z 
2021-03-31T15:25:27.350404800Z The following objects are masked from 'package:base':
2021-03-31T15:25:27.350428500Z 
2021-03-31T15:25:27.350437400Z     date, intersect, setdiff, union
2021-03-31T15:25:27.350444700Z 
2021-03-31T15:25:29.426805800Z #BlackLivesMatter
2021-03-31T15:25:29.503005100Z Loading required package: zoo
2021-03-31T15:25:29.514071600Z 
2021-03-31T15:25:29.514091700Z Attaching package: 'zoo'
2021-03-31T15:25:29.514099900Z 
2021-03-31T15:25:29.514808300Z The following objects are masked from 'package:base':
2021-03-31T15:25:29.514828900Z 
2021-03-31T15:25:29.514837400Z     as.Date, as.Date.numeric
2021-03-31T15:25:29.514844400Z 
2021-03-31T15:25:29.895839300Z <environment: R_GlobalEnv>
2021-03-31T15:25:29.896101500Z <environment: R_GlobalEnv>
2021-03-31T15:25:29.896447300Z <environment: R_GlobalEnv>
2021-03-31T16:10:29.130756600Z There were 15 warnings (use warnings() to see them)
2021-03-31T16:10:29.135851400Z Warning messages:
2021-03-31T16:10:29.135908600Z 1: Removed 1 rows containing missing values (geom_segment).
2021-03-31T16:10:29.135918000Z 2: Removed 1 rows containing missing values (geom_segment).
2021-03-31T16:10:29.135926400Z 3: Removed 1 rows containing missing values (geom_segment).
2021-03-31T16:10:29.135934400Z 4: Removed 1 rows containing missing values (geom_segment).
2021-03-31T16:10:29.135942100Z 5: Removed 1 rows containing missing values (geom_segment).
2021-03-31T16:10:29.135949600Z 6: Removed 1 rows containing missing values (geom_segment).
2021-03-31T16:10:29.135957200Z 7: Removed 1 rows containing missing values (geom_segment).
2021-03-31T16:10:29.135964700Z 8: Removed 1 rows containing missing values (geom_segment).
2021-03-31T16:10:29.135972300Z 9: Removed 1 rows containing missing values (geom_segment).
2021-03-31T16:10:29.135979700Z 10: Removed 1 rows containing missing values (geom_segment).
2021-03-31T16:10:29.136072800Z 11: Removed 1 rows containing missing values (geom_segment).
2021-03-31T16:10:29.136084800Z 12: Removed 1 rows containing missing values (geom_segment).
2021-03-31T16:10:29.136092000Z 13: Removed 1 rows containing missing values (geom_segment).
2021-03-31T16:10:29.136099100Z 14: Removed 1 rows containing missing values (geom_segment).
2021-03-31T16:10:29.136106100Z 15: Removed 1 rows containing missing values (geom_segment).


state: succeeded
commit: 236e7ee0f9e83deab215093d5f20e6192706b792
docker_image_id: sha256:876a994cdafb8d3fb4b710249fd7716a31efd3ea26cb3faf7aa2187853c6c624
exit_code: 0
job_id: asn5u34tdzlgltsr
run_by_user: wjchulme
created_at: 2021-03-31T15:17:23Z
started_at: 2021-03-31T15:25:24Z
completed_at: 2021-03-31T16:11:12Z

Completed successfully

outputs:
  output/over80s/coviddeath/any/all/all/plot_ipwdeath.svg    - moderately_sensitive
  output/over80s/coviddeath/any/all/all/plot_ipwvaxany1.svg  - moderately_sensitive
  output/over80s/coviddeath/any/all/all/tab_ipwdeath.csv     - moderately_sensitive
  output/over80s/coviddeath/any/all/all/tab_ipwdeath.html    - moderately_sensitive
  output/over80s/coviddeath/any/all/all/tab_ipwvaxany1.csv   - moderately_sensitive
  output/over80s/coviddeath/any/all/all/tab_ipwvaxany1.html  - moderately_sensitive