2021-03-04T23:19:30.568746300Z -- Attaching packages --------------------------------------- tidyverse 1.3.0 --
2021-03-04T23:19:30.577695100Z v ggplot2 3.3.2     v purrr   0.3.4
2021-03-04T23:19:30.577712700Z v tibble  3.0.3     v dplyr   1.0.2
2021-03-04T23:19:30.577720300Z v tidyr   1.1.2     v stringr 1.4.0
2021-03-04T23:19:30.577727200Z v readr   1.3.1     v forcats 0.5.0
2021-03-04T23:19:30.763863800Z -- Conflicts ------------------------------------------ tidyverse_conflicts() --
2021-03-04T23:19:30.763899500Z x dplyr::filter() masks stats::filter()
2021-03-04T23:19:30.763907800Z x dplyr::lag()    masks stats::lag()
2021-03-04T23:19:30.779649600Z 
2021-03-04T23:19:30.779672500Z Attaching package: 'lubridate'
2021-03-04T23:19:30.779680400Z 
2021-03-04T23:19:30.781090100Z The following objects are masked from 'package:base':
2021-03-04T23:19:30.781106400Z 
2021-03-04T23:19:30.781113700Z     date, intersect, setdiff, union
2021-03-04T23:19:30.781122200Z 
2021-03-04T23:19:33.064595900Z <environment: R_GlobalEnv>
2021-03-04T23:19:33.064890600Z <environment: R_GlobalEnv>


state: succeeded
commit: 803cda83984e6588d51c02c0aa8e1a848d063d78
docker_image_id: sha256:c7cb8c47c64952beb4dc7e1b4b0edaf95b0fa5cc1af3f796e073e4190413ec9e
exit_code: 0
job_id: p6kpl26s3i4bwv34
run_by_user: wjchulme
created_at: 2021-03-04T20:27:41Z
started_at: 2021-03-04T23:19:27Z
completed_at: 2021-03-04T23:29:08Z

Completed successfully

outputs:
  output/over80s/postest/az/dose1/estimates.csv                   - moderately_sensitive
  output/over80s/postest/az/dose1/forest_plot.svg                 - moderately_sensitive
  output/over80s/postest/az/dose1/secular_trends_region_plot.svg  - moderately_sensitive