2021-04-18T04:43:19.930302300Z -- Attaching packages --------------------------------------- tidyverse 1.3.0 --
2021-04-18T04:43:19.939216400Z v ggplot2 3.3.2     v purrr   0.3.4
2021-04-18T04:43:19.939240800Z v tibble  3.0.3     v dplyr   1.0.2
2021-04-18T04:43:19.939249400Z v tidyr   1.1.2     v stringr 1.4.0
2021-04-18T04:43:19.939256900Z v readr   1.3.1     v forcats 0.5.0
2021-04-18T04:43:20.107618700Z -- Conflicts ------------------------------------------ tidyverse_conflicts() --
2021-04-18T04:43:20.107686600Z x dplyr::filter() masks stats::filter()
2021-04-18T04:43:20.107695200Z x dplyr::lag()    masks stats::lag()
2021-04-18T04:43:20.122174400Z 
2021-04-18T04:43:20.122198500Z Attaching package: 'lubridate'
2021-04-18T04:43:20.122207400Z 
2021-04-18T04:43:20.123558700Z The following objects are masked from 'package:base':
2021-04-18T04:43:20.123574400Z 
2021-04-18T04:43:20.123582000Z     date, intersect, setdiff, union
2021-04-18T04:43:20.123589200Z 
2021-04-18T04:43:22.155210900Z #BlackLivesMatter
2021-04-18T04:43:22.213174700Z Loading required package: zoo
2021-04-18T04:43:22.223951100Z 
2021-04-18T04:43:22.225116100Z Attaching package: 'zoo'
2021-04-18T04:43:22.225131000Z 
2021-04-18T04:43:22.225144600Z The following objects are masked from 'package:base':
2021-04-18T04:43:22.225152300Z 
2021-04-18T04:43:22.225159300Z     as.Date, as.Date.numeric
2021-04-18T04:43:22.225166300Z 
2021-04-18T04:43:22.621968400Z <environment: R_GlobalEnv>
2021-04-18T04:43:22.622273100Z <environment: R_GlobalEnv>
2021-04-18T04:43:22.680074600Z Parsed with column specification:
2021-04-18T04:43:22.680144700Z cols(
2021-04-18T04:43:22.680152700Z   term = col_character(),
2021-04-18T04:43:22.680160100Z   estimate = col_double(),
2021-04-18T04:43:22.680166900Z   std.error = col_double(),
2021-04-18T04:43:22.680173700Z   statistic = col_double(),
2021-04-18T04:43:22.680180500Z   p.value = col_double(),
2021-04-18T04:43:22.680187400Z   conf.low = col_double(),
2021-04-18T04:43:22.680194100Z   conf.high = col_double(),
2021-04-18T04:43:22.680200800Z   or = col_double(),
2021-04-18T04:43:22.680207500Z   or.ll = col_double(),
2021-04-18T04:43:22.680214100Z   or.ul = col_double(),
2021-04-18T04:43:22.680220800Z   model = col_character(),
2021-04-18T04:43:22.680227600Z   strata = col_character()
2021-04-18T04:43:22.680234400Z )
2021-04-18T04:43:22.844882000Z Parsed with column specification:
2021-04-18T04:43:22.844955900Z cols(
2021-04-18T04:43:22.844964700Z   term = col_character(),
2021-04-18T04:43:22.845008800Z   estimate = col_double(),
2021-04-18T04:43:22.845017000Z   std.error = col_double(),
2021-04-18T04:43:22.845023700Z   statistic = col_double(),
2021-04-18T04:43:22.845030600Z   p.value = col_double(),
2021-04-18T04:43:22.845037300Z   conf.low = col_double(),
2021-04-18T04:43:22.845044100Z   conf.high = col_double(),
2021-04-18T04:43:22.845050700Z   or = col_double(),
2021-04-18T04:43:22.845057500Z   or.ll = col_double(),
2021-04-18T04:43:22.845064100Z   or.ul = col_double(),
2021-04-18T04:43:22.845071000Z   model = col_character(),
2021-04-18T04:43:22.845077700Z   strata = col_character()
2021-04-18T04:43:22.845084700Z )
2021-04-18T04:43:22.854304700Z Parsed with column specification:
2021-04-18T04:43:22.854370100Z cols(
2021-04-18T04:43:22.854378400Z   term = col_character(),
2021-04-18T04:43:22.854385600Z   estimate = col_double(),
2021-04-18T04:43:22.854392400Z   std.error = col_double(),
2021-04-18T04:43:22.854399400Z   statistic = col_double(),
2021-04-18T04:43:22.854406200Z   p.value = col_double(),
2021-04-18T04:43:22.854413100Z   conf.low = col_double(),
2021-04-18T04:43:22.854419900Z   conf.high = col_double(),
2021-04-18T04:43:22.854426900Z   or = col_double(),
2021-04-18T04:43:22.854433900Z   or.ll = col_double(),
2021-04-18T04:43:22.854440700Z   or.ul = col_double(),
2021-04-18T04:43:22.854447500Z   model = col_character(),
2021-04-18T04:43:22.854454300Z   strata = col_character()
2021-04-18T04:43:22.854461100Z )
2021-04-18T04:43:22.863166400Z Parsed with column specification:
2021-04-18T04:43:22.863222600Z cols(
2021-04-18T04:43:22.863230300Z   term = col_character(),
2021-04-18T04:43:22.863237200Z   estimate = col_double(),
2021-04-18T04:43:22.863243900Z   std.error = col_double(),
2021-04-18T04:43:22.863250700Z   statistic = col_double(),
2021-04-18T04:43:22.863257400Z   p.value = col_double(),
2021-04-18T04:43:22.863264100Z   conf.low = col_double(),
2021-04-18T04:43:22.863270900Z   conf.high = col_double(),
2021-04-18T04:43:22.863277800Z   or = col_double(),
2021-04-18T04:43:22.863284400Z   or.ll = col_double(),
2021-04-18T04:43:22.863291500Z   or.ul = col_double(),
2021-04-18T04:43:22.863298200Z   model = col_character(),
2021-04-18T04:43:22.863305300Z   strata = col_character()
2021-04-18T04:43:22.863312000Z )


state: succeeded
commit: cc87fd96febd7e5e8733f46ab1117e4d3c1fb820
docker_image_id: sha256:c2fc5042bf86134947d83ad8e70bd926e2c1f91a263c6bfe87438ad783bec981
exit_code: 0
job_id: xjtrfpkoiqcos6mw
run_by_user: wjchulme
created_at: 2021-04-17T21:43:51Z
started_at: 2021-04-18T04:43:17Z
completed_at: 2021-04-18T04:43:28Z

Completed successfully

outputs:
  output/over80s/estimates_pfizer_all.csv    - moderately_sensitive
  output/over80s/estimates_pfizer_all.html   - moderately_sensitive
  output/over80s/forest_plot_pfizer_all.svg  - moderately_sensitive