2021-04-08T02:03:20.099357400Z -- Attaching packages --------------------------------------- tidyverse 1.3.0 --
2021-04-08T02:03:20.110979200Z v ggplot2 3.3.2     v purrr   0.3.4
2021-04-08T02:03:20.111099100Z v tibble  3.0.3     v dplyr   1.0.2
2021-04-08T02:03:20.111109700Z v tidyr   1.1.2     v stringr 1.4.0
2021-04-08T02:03:20.111117500Z v readr   1.3.1     v forcats 0.5.0
2021-04-08T02:03:20.384926100Z -- Conflicts ------------------------------------------ tidyverse_conflicts() --
2021-04-08T02:03:20.385021800Z x dplyr::filter() masks stats::filter()
2021-04-08T02:03:20.385031000Z x dplyr::lag()    masks stats::lag()
2021-04-08T02:03:20.416692700Z 
2021-04-08T02:03:20.416784500Z Attaching package: 'lubridate'
2021-04-08T02:03:20.416793400Z 
2021-04-08T02:03:20.419059300Z The following objects are masked from 'package:base':
2021-04-08T02:03:20.419139200Z 
2021-04-08T02:03:20.419147000Z     date, intersect, setdiff, union
2021-04-08T02:03:20.419154200Z 
2021-04-08T02:03:23.171720500Z Loading required package: zoo
2021-04-08T02:03:23.197986900Z 
2021-04-08T02:03:23.198091200Z Attaching package: 'zoo'
2021-04-08T02:03:23.198099900Z 
2021-04-08T02:03:23.198690000Z The following objects are masked from 'package:base':
2021-04-08T02:03:23.198707500Z 
2021-04-08T02:03:23.198715100Z     as.Date, as.Date.numeric
2021-04-08T02:03:23.198722100Z 
2021-04-08T02:03:23.743036600Z <environment: R_GlobalEnv>
2021-04-08T02:03:23.743670200Z <environment: R_GlobalEnv>
2021-04-08T02:03:23.744030200Z <environment: R_GlobalEnv>


state: succeeded
commit: d47632fa4f9ec6616e4e80cda80d946594612eee
docker_image_id: sha256:876a994cdafb8d3fb4b710249fd7716a31efd3ea26cb3faf7aa2187853c6c624
exit_code: 0
job_id: jjkqacystnaene74
run_by_user: wjchulme
created_at: 2021-04-07T20:48:06Z
started_at: 2021-04-08T02:03:16Z
completed_at: 2021-04-08T02:33:17Z

Completed successfully

outputs:
  output/over80s/coviddeath/any/all/estimates.csv                 - moderately_sensitive
  output/over80s/coviddeath/any/all/forest_plot.svg               - moderately_sensitive
  output/over80s/coviddeath/any/all/time_trends_region_plot3.svg  - moderately_sensitive
  output/over80s/coviddeath/any/all/time_trends_region_plot4.svg  - moderately_sensitive