2021-03-20T04:53:30.041723600Z -- Attaching packages --------------------------------------- tidyverse 1.3.0 --
2021-03-20T04:53:30.053000500Z v ggplot2 3.3.2     v purrr   0.3.4
2021-03-20T04:53:30.053060900Z v tibble  3.0.3     v dplyr   1.0.2
2021-03-20T04:53:30.053068900Z v tidyr   1.1.2     v stringr 1.4.0
2021-03-20T04:53:30.053076100Z v readr   1.3.1     v forcats 0.5.0
2021-03-20T04:53:30.287526900Z -- Conflicts ------------------------------------------ tidyverse_conflicts() --
2021-03-20T04:53:30.287615000Z x dplyr::filter() masks stats::filter()
2021-03-20T04:53:30.287623900Z x dplyr::lag()    masks stats::lag()
2021-03-20T04:53:30.309828400Z 
2021-03-20T04:53:30.309907900Z Attaching package: 'lubridate'
2021-03-20T04:53:30.309917300Z 
2021-03-20T04:53:30.311474200Z The following objects are masked from 'package:base':
2021-03-20T04:53:30.311500000Z 
2021-03-20T04:53:30.311508800Z     date, intersect, setdiff, union
2021-03-20T04:53:30.311515900Z 
2021-03-20T04:53:32.888052900Z #BlackLivesMatter
2021-03-20T04:53:32.968510900Z Loading required package: zoo
2021-03-20T04:53:32.985443800Z 
2021-03-20T04:53:32.985564300Z Attaching package: 'zoo'
2021-03-20T04:53:32.985576500Z 
2021-03-20T04:53:32.986056100Z The following objects are masked from 'package:base':
2021-03-20T04:53:32.986077000Z 
2021-03-20T04:53:32.986085400Z     as.Date, as.Date.numeric
2021-03-20T04:53:32.986092400Z 
2021-03-20T04:53:33.428475200Z <environment: R_GlobalEnv>
2021-03-20T04:53:33.428940000Z <environment: R_GlobalEnv>
2021-03-20T04:53:33.429242400Z <environment: R_GlobalEnv>


state: succeeded
commit: 63227c9dabb1579b6387347ff8853e66df52c7fc
docker_image_id: sha256:876a994cdafb8d3fb4b710249fd7716a31efd3ea26cb3faf7aa2187853c6c624
exit_code: 0
job_id: pz6fhe5hx2pbiowe
run_by_user: wjchulme
created_at: 2021-03-19T23:00:44Z
started_at: 2021-03-20T04:53:26Z
completed_at: 2021-03-20T05:44:26Z

Completed successfully

outputs:
  output/over80s/emergency/any/all/estimates.csv                - moderately_sensitive
  output/over80s/emergency/any/all/forest_plot.svg              - moderately_sensitive
  output/over80s/emergency/any/all/time_trends_region_plot.svg  - moderately_sensitive