2021-03-11T21:25:26.839914100Z -- Attaching packages --------------------------------------- tidyverse 1.3.0 --
2021-03-11T21:25:26.848639900Z v ggplot2 3.3.2     v purrr   0.3.4
2021-03-11T21:25:26.848664700Z v tibble  3.0.3     v dplyr   1.0.2
2021-03-11T21:25:26.848672800Z v tidyr   1.1.2     v stringr 1.4.0
2021-03-11T21:25:26.848679700Z v readr   1.3.1     v forcats 0.5.0
2021-03-11T21:25:27.009989100Z -- Conflicts ------------------------------------------ tidyverse_conflicts() --
2021-03-11T21:25:27.010059400Z x dplyr::filter() masks stats::filter()
2021-03-11T21:25:27.010067700Z x dplyr::lag()    masks stats::lag()
2021-03-11T21:25:27.024194600Z 
2021-03-11T21:25:27.024214500Z Attaching package: 'lubridate'
2021-03-11T21:25:27.024221800Z 
2021-03-11T21:25:27.025591600Z The following objects are masked from 'package:base':
2021-03-11T21:25:27.025608500Z 
2021-03-11T21:25:27.025615800Z     date, intersect, setdiff, union
2021-03-11T21:25:27.025622700Z 
2021-03-11T21:25:29.054501900Z Loading required package: zoo
2021-03-11T21:25:29.065202700Z 
2021-03-11T21:25:29.065224500Z Attaching package: 'zoo'
2021-03-11T21:25:29.065233000Z 
2021-03-11T21:25:29.065855200Z The following objects are masked from 'package:base':
2021-03-11T21:25:29.065872500Z 
2021-03-11T21:25:29.065880300Z     as.Date, as.Date.numeric
2021-03-11T21:25:29.065887200Z 
2021-03-11T21:25:29.425112100Z <environment: R_GlobalEnv>
2021-03-11T21:25:29.425306300Z <environment: R_GlobalEnv>


state: succeeded
commit: 9b3a15915a99dd736982594579835af554e19d07
docker_image_id: sha256:c7cb8c47c64952beb4dc7e1b4b0edaf95b0fa5cc1af3f796e073e4190413ec9e
exit_code: 0
job_id: 2nhep66zrw63fvov
run_by_user: wjchulme
created_at: 2021-03-11T18:38:32Z
started_at: 2021-03-11T21:25:24Z
completed_at: 2021-03-11T21:41:39Z

Completed successfully

outputs:
  output/over80s/postest/pfizer/sex/estimates.csv    - moderately_sensitive
  output/over80s/postest/pfizer/sex/forest_plot.svg  - moderately_sensitive