2021-05-15T21:00:12.091843900Z -- Attaching packages --------------------------------------- tidyverse 1.3.0 --
2021-05-15T21:00:12.102312400Z v ggplot2 3.3.2     v purrr   0.3.4
2021-05-15T21:00:12.102400400Z v tibble  3.0.3     v dplyr   1.0.2
2021-05-15T21:00:12.102409400Z v tidyr   1.1.2     v stringr 1.4.0
2021-05-15T21:00:12.102416900Z v readr   1.3.1     v forcats 0.5.0
2021-05-15T21:00:12.329135000Z -- Conflicts ------------------------------------------ tidyverse_conflicts() --
2021-05-15T21:00:12.329222400Z x dplyr::filter() masks stats::filter()
2021-05-15T21:00:12.329231300Z x dplyr::lag()    masks stats::lag()
2021-05-15T21:00:12.350302100Z 
2021-05-15T21:00:12.350391000Z Attaching package: 'lubridate'
2021-05-15T21:00:12.350400000Z 
2021-05-15T21:00:12.351843200Z The following objects are masked from 'package:base':
2021-05-15T21:00:12.351864700Z 
2021-05-15T21:00:12.351873600Z     date, intersect, setdiff, union
2021-05-15T21:00:12.351881100Z 
2021-05-15T21:00:14.828566600Z Loading required package: zoo
2021-05-15T21:00:14.845728700Z 
2021-05-15T21:00:14.845818000Z Attaching package: 'zoo'
2021-05-15T21:00:14.845826800Z 
2021-05-15T21:00:14.846333900Z The following objects are masked from 'package:base':
2021-05-15T21:00:14.846355900Z 
2021-05-15T21:00:14.846364500Z     as.Date, as.Date.numeric
2021-05-15T21:00:14.846371900Z 
2021-05-15T21:00:15.327708500Z <environment: R_GlobalEnv>
2021-05-15T21:00:15.328176500Z <environment: R_GlobalEnv>
2021-05-15T21:00:15.328475600Z <environment: R_GlobalEnv>


state: succeeded
commit: de6f9408529f435cf464d104fcd90d74e4dbc51d
docker_image_id: sha256:b0e86ebee1d778d06c4c86d5d4c32dd910483eb4b0a9c7ed3997f928aa94c500
exit_code: 0
job_id: z7ha43bpxbyxbiev
run_by_user: wjchulme
created_at: 2021-05-15T19:06:21Z
started_at: 2021-05-15T21:00:08Z
completed_at: 2021-05-15T21:21:55Z

Completed successfully

outputs:
  output/over80s/death/pfizer/all/estimates.csv                 - moderately_sensitive
  output/over80s/death/pfizer/all/estimates_timesincevax.csv    - moderately_sensitive
  output/over80s/death/pfizer/all/forest_plot.svg               - moderately_sensitive
  output/over80s/death/pfizer/all/time_trends_region_plot1.svg  - moderately_sensitive