2021-05-17T19:40:21.430140700Z -- Attaching packages --------------------------------------- tidyverse 1.3.0 --
2021-05-17T19:40:21.439458100Z v ggplot2 3.3.2     v purrr   0.3.4
2021-05-17T19:40:21.439487100Z v tibble  3.0.3     v dplyr   1.0.2
2021-05-17T19:40:21.439495800Z v tidyr   1.1.2     v stringr 1.4.0
2021-05-17T19:40:21.439502800Z v readr   1.3.1     v forcats 0.5.0
2021-05-17T19:40:21.612552200Z -- Conflicts ------------------------------------------ tidyverse_conflicts() --
2021-05-17T19:40:21.612635500Z x dplyr::filter() masks stats::filter()
2021-05-17T19:40:21.612644100Z x dplyr::lag()    masks stats::lag()
2021-05-17T19:40:21.628247000Z 
2021-05-17T19:40:21.628271200Z Attaching package: 'lubridate'
2021-05-17T19:40:21.628280200Z 
2021-05-17T19:40:21.629819800Z The following objects are masked from 'package:base':
2021-05-17T19:40:21.629843200Z 
2021-05-17T19:40:21.629853400Z     date, intersect, setdiff, union
2021-05-17T19:40:21.629861000Z 
2021-05-17T19:40:23.800216100Z Loading required package: zoo
2021-05-17T19:40:23.814594700Z 
2021-05-17T19:40:23.814677700Z Attaching package: 'zoo'
2021-05-17T19:40:23.814686200Z 
2021-05-17T19:40:23.815199800Z The following objects are masked from 'package:base':
2021-05-17T19:40:23.815215300Z 
2021-05-17T19:40:23.815223300Z     as.Date, as.Date.numeric
2021-05-17T19:40:23.815231100Z 
2021-05-17T19:40:24.220621500Z <environment: R_GlobalEnv>
2021-05-17T19:40:24.221066200Z <environment: R_GlobalEnv>
2021-05-17T19:40:24.221483300Z <environment: R_GlobalEnv>


state: succeeded
commit: 6fff8b080ef5b019bcac6bd03903fef0f2ebabd2
docker_image_id: sha256:fd70d515514910d8399e807135f3decedae0a426b222b3488810a7aa5283eafb
exit_code: 0
job_id: ziodgvwbhm55w3vv
run_by_user: wjchulme
created_at: 2021-05-17T16:46:50Z
started_at: 2021-05-17T19:40:18Z
completed_at: 2021-05-17T20:15:51Z

Completed successfully

outputs:
  output/in70s/death/az/all/estimates.csv                 - moderately_sensitive
  output/in70s/death/az/all/estimates_timesincevax.csv    - moderately_sensitive
  output/in70s/death/az/all/forest_plot.svg               - moderately_sensitive
  output/in70s/death/az/all/time_trends_region_plot1.svg  - moderately_sensitive