2021-05-17T19:13:58.002383900Z -- Attaching packages --------------------------------------- tidyverse 1.3.0 --
2021-05-17T19:13:58.012598800Z v ggplot2 3.3.2     v purrr   0.3.4
2021-05-17T19:13:58.012688800Z v tibble  3.0.3     v dplyr   1.0.2
2021-05-17T19:13:58.012698700Z v tidyr   1.1.2     v stringr 1.4.0
2021-05-17T19:13:58.012706000Z v readr   1.3.1     v forcats 0.5.0
2021-05-17T19:13:58.220099600Z -- Conflicts ------------------------------------------ tidyverse_conflicts() --
2021-05-17T19:13:58.220187700Z x dplyr::filter() masks stats::filter()
2021-05-17T19:13:58.220196600Z x dplyr::lag()    masks stats::lag()
2021-05-17T19:13:58.240414300Z 
2021-05-17T19:13:58.240512000Z Attaching package: 'lubridate'
2021-05-17T19:13:58.240521000Z 
2021-05-17T19:13:58.241889800Z The following objects are masked from 'package:base':
2021-05-17T19:13:58.241907400Z 
2021-05-17T19:13:58.241914700Z     date, intersect, setdiff, union
2021-05-17T19:13:58.241921800Z 
2021-05-17T19:14:00.527239800Z #BlackLivesMatter
2021-05-17T19:14:00.623279300Z Loading required package: zoo
2021-05-17T19:14:00.640464500Z 
2021-05-17T19:14:00.640550700Z Attaching package: 'zoo'
2021-05-17T19:14:00.640558600Z 
2021-05-17T19:14:00.641062600Z The following objects are masked from 'package:base':
2021-05-17T19:14:00.641080700Z 
2021-05-17T19:14:00.641088200Z     as.Date, as.Date.numeric
2021-05-17T19:14:00.641095300Z 
2021-05-17T19:14:01.090819900Z <environment: R_GlobalEnv>
2021-05-17T19:14:01.091218200Z <environment: R_GlobalEnv>
2021-05-17T19:14:01.091577100Z <environment: R_GlobalEnv>
2021-05-17T21:24:02.403058000Z There were 31 warnings (use warnings() to see them)
2021-05-17T21:24:02.403542900Z Warning messages:
2021-05-17T21:24:02.403691500Z 1: Removed 1 rows containing missing values (geom_segment).
2021-05-17T21:24:02.403709800Z 2: Removed 1 rows containing missing values (geom_segment).
2021-05-17T21:24:02.403740700Z 3: Removed 1 rows containing missing values (geom_segment).
2021-05-17T21:24:02.403756900Z 4: Removed 1 rows containing missing values (geom_segment).
2021-05-17T21:24:02.403816900Z 5: Removed 1 rows containing missing values (geom_segment).
2021-05-17T21:24:02.403898800Z 6: Removed 1 rows containing missing values (geom_segment).
2021-05-17T21:24:02.403992800Z 7: Removed 1 rows containing missing values (geom_segment).
2021-05-17T21:24:02.404068900Z 8: Removed 1 rows containing missing values (geom_segment).
2021-05-17T21:24:02.404136400Z 9: Removed 1 rows containing missing values (geom_segment).
2021-05-17T21:24:02.404151600Z 10: Removed 1 rows containing missing values (geom_segment).
2021-05-17T21:24:02.404191300Z 11: Removed 1 rows containing missing values (geom_segment).
2021-05-17T21:24:02.404270800Z 12: Removed 1 rows containing missing values (geom_segment).
2021-05-17T21:24:02.404286400Z 13: Removed 1 rows containing missing values (geom_segment).
2021-05-17T21:24:02.404341600Z 14: Removed 1 rows containing missing values (geom_segment).
2021-05-17T21:24:02.404404800Z 15: Removed 1 rows containing missing values (geom_segment).
2021-05-17T21:24:02.404419300Z 16: Removed 1 rows containing missing values (geom_segment).
2021-05-17T21:24:02.404479100Z 17: Removed 1 rows containing missing values (geom_segment).
2021-05-17T21:24:02.404535800Z 18: Removed 1 rows containing missing values (geom_segment).
2021-05-17T21:24:02.404550500Z 19: Removed 1 rows containing missing values (geom_segment).
2021-05-17T21:24:02.404647900Z 20: Removed 1 rows containing missing values (geom_segment).
2021-05-17T21:24:02.404720200Z 21: Removed 1 rows containing missing values (geom_segment).
2021-05-17T21:24:02.404775100Z 22: Removed 1 rows containing missing values (geom_segment).
2021-05-17T21:24:02.404789600Z 23: Removed 1 rows containing missing values (geom_segment).
2021-05-17T21:24:02.404909700Z 24: Removed 1 rows containing missing values (geom_segment).
2021-05-17T21:24:02.404995800Z 25: Removed 1 rows containing missing values (geom_segment).
2021-05-17T21:24:02.405010800Z 26: Removed 1 rows containing missing values (geom_segment).
2021-05-17T21:24:02.405131200Z 27: Removed 1 rows containing missing values (geom_segment).
2021-05-17T21:24:02.405146200Z 28: Removed 1 rows containing missing values (geom_segment).
2021-05-17T21:24:02.405201100Z 29: Removed 1 rows containing missing values (geom_segment).
2021-05-17T21:24:02.405256300Z 30: Removed 1 rows containing missing values (geom_segment).
2021-05-17T21:24:02.405270300Z 31: Removed 1 rows containing missing values (geom_segment).


state: succeeded
commit: 6fff8b080ef5b019bcac6bd03903fef0f2ebabd2
docker_image_id: sha256:fd70d515514910d8399e807135f3decedae0a426b222b3488810a7aa5283eafb
exit_code: 0
job_id: tnjybqb6ry7wklse
run_by_user: wjchulme
created_at: 2021-05-17T19:12:16Z
started_at: 2021-05-17T19:13:54Z
completed_at: 2021-05-17T21:26:08Z

Completed successfully

outputs:
  output/in70s/coviddeath/az/all/all/gt_vaxaz1.rds       - highly_sensitive    
  output/in70s/coviddeath/az/all/all/gt_vaxpfizer1.rds   - highly_sensitive    
  output/in70s/coviddeath/az/all/all/plot_death.svg      - moderately_sensitive
  output/in70s/coviddeath/az/all/all/plot_vaxaz1.svg     - moderately_sensitive
  output/in70s/coviddeath/az/all/all/plot_vaxfizer1.svg  - moderately_sensitive
  output/in70s/coviddeath/az/all/all/tab_death.csv       - moderately_sensitive
  output/in70s/coviddeath/az/all/all/tab_death.html      - moderately_sensitive
  output/in70s/coviddeath/az/all/all/tab_pfizer_az.html  - moderately_sensitive
  output/in70s/coviddeath/az/all/all/tab_vaxaz1.csv      - moderately_sensitive
  output/in70s/coviddeath/az/all/all/tab_vaxaz1.html     - moderately_sensitive
  output/in70s/coviddeath/az/all/all/tab_vaxfizer1.html  - moderately_sensitive
  output/in70s/coviddeath/az/all/all/tab_vaxpfizer1.csv  - moderately_sensitive