2021-05-16T10:57:39.494523300Z -- Attaching packages --------------------------------------- tidyverse 1.3.0 --
2021-05-16T10:57:39.504100800Z v ggplot2 3.3.2     v purrr   0.3.4
2021-05-16T10:57:39.504150200Z v tibble  3.0.3     v dplyr   1.0.2
2021-05-16T10:57:39.504159300Z v tidyr   1.1.2     v stringr 1.4.0
2021-05-16T10:57:39.504167100Z v readr   1.3.1     v forcats 0.5.0
2021-05-16T10:57:39.676383000Z -- Conflicts ------------------------------------------ tidyverse_conflicts() --
2021-05-16T10:57:39.676458100Z x dplyr::filter() masks stats::filter()
2021-05-16T10:57:39.676466900Z x dplyr::lag()    masks stats::lag()
2021-05-16T10:57:39.690996800Z 
2021-05-16T10:57:39.691025900Z Attaching package: 'lubridate'
2021-05-16T10:57:39.691034100Z 
2021-05-16T10:57:39.692475600Z The following objects are masked from 'package:base':
2021-05-16T10:57:39.692503100Z 
2021-05-16T10:57:39.692512000Z     date, intersect, setdiff, union
2021-05-16T10:57:39.692519600Z 
2021-05-16T10:57:41.999572300Z Loading required package: zoo
2021-05-16T10:57:42.010065300Z 
2021-05-16T10:57:42.010104500Z Attaching package: 'zoo'
2021-05-16T10:57:42.010113400Z 
2021-05-16T10:57:42.010686600Z The following objects are masked from 'package:base':
2021-05-16T10:57:42.010707600Z 
2021-05-16T10:57:42.010716300Z     as.Date, as.Date.numeric
2021-05-16T10:57:42.010723800Z 
2021-05-16T10:57:42.393720600Z <environment: R_GlobalEnv>
2021-05-16T10:57:42.394080700Z <environment: R_GlobalEnv>
2021-05-16T10:57:42.394429200Z <environment: R_GlobalEnv>


state: succeeded
commit: d95a6fa6ef28b1c9dce6d94b3ef6b92ac12b6e69
docker_image_id: sha256:b0e86ebee1d778d06c4c86d5d4c32dd910483eb4b0a9c7ed3997f928aa94c500
exit_code: 0
job_id: xu6cjaeimauqlneh
run_by_user: wjchulme
created_at: 2021-05-16T01:33:29Z
started_at: 2021-05-16T10:57:37Z
completed_at: 2021-05-16T11:43:56Z

Completed successfully

outputs:
  output/in70s/covidadmitted/any/all/estimates.csv                 - moderately_sensitive
  output/in70s/covidadmitted/any/all/estimates_timesincevax.csv    - moderately_sensitive
  output/in70s/covidadmitted/any/all/forest_plot.svg               - moderately_sensitive
  output/in70s/covidadmitted/any/all/time_trends_region_plot1.svg  - moderately_sensitive