2021-05-16T10:53:25.849428500Z -- Attaching packages --------------------------------------- tidyverse 1.3.0 --
2021-05-16T10:53:25.858413600Z v ggplot2 3.3.2     v purrr   0.3.4
2021-05-16T10:53:25.858434200Z v tibble  3.0.3     v dplyr   1.0.2
2021-05-16T10:53:25.858442600Z v tidyr   1.1.2     v stringr 1.4.0
2021-05-16T10:53:25.858450000Z v readr   1.3.1     v forcats 0.5.0
2021-05-16T10:53:26.028144600Z -- Conflicts ------------------------------------------ tidyverse_conflicts() --
2021-05-16T10:53:26.028189200Z x dplyr::filter() masks stats::filter()
2021-05-16T10:53:26.028198200Z x dplyr::lag()    masks stats::lag()
2021-05-16T10:53:26.043762000Z 
2021-05-16T10:53:26.043781800Z Attaching package: 'lubridate'
2021-05-16T10:53:26.043790500Z 
2021-05-16T10:53:26.045227200Z The following objects are masked from 'package:base':
2021-05-16T10:53:26.045247800Z 
2021-05-16T10:53:26.045257000Z     date, intersect, setdiff, union
2021-05-16T10:53:26.045264800Z 
2021-05-16T10:53:28.154215100Z Loading required package: zoo
2021-05-16T10:53:28.165461900Z 
2021-05-16T10:53:28.165506900Z Attaching package: 'zoo'
2021-05-16T10:53:28.165515800Z 
2021-05-16T10:53:28.166160700Z The following objects are masked from 'package:base':
2021-05-16T10:53:28.166180500Z 
2021-05-16T10:53:28.166189500Z     as.Date, as.Date.numeric
2021-05-16T10:53:28.166197100Z 
2021-05-16T10:53:28.559913000Z <environment: R_GlobalEnv>
2021-05-16T10:53:28.560278700Z <environment: R_GlobalEnv>
2021-05-16T10:53:28.560612600Z <environment: R_GlobalEnv>
2021-05-16T11:50:40.167877000Z Warning messages:
2021-05-16T11:50:40.168262500Z 1: Removed 1 rows containing missing values (geom_segment). 
2021-05-16T11:50:40.168276000Z 2: Removed 1 rows containing missing values (geom_segment). 
2021-05-16T11:50:40.168284100Z 3: Removed 1 rows containing missing values (geom_segment). 
2021-05-16T11:50:40.168291800Z 4: Removed 1 rows containing missing values (geom_segment). 
2021-05-16T11:50:40.168299300Z 5: Removed 1 rows containing missing values (geom_segment). 
2021-05-16T11:50:40.168307000Z 6: Removed 1 rows containing missing values (geom_segment). 
2021-05-16T11:50:40.168314500Z 7: Removed 1 rows containing missing values (geom_segment). 
2021-05-16T11:50:40.168322200Z 8: Removed 1 rows containing missing values (geom_segment). 
2021-05-16T11:50:40.168329600Z 9: Removed 1 rows containing missing values (geom_segment). 
2021-05-16T11:50:40.168337300Z 10: Removed 1 rows containing missing values (geom_segment). 
2021-05-16T11:50:40.170424600Z Warning messages:
2021-05-16T11:50:40.170561800Z 1: Removed 1 rows containing missing values (geom_segment).
2021-05-16T11:50:40.170596000Z 2: Removed 1 rows containing missing values (geom_segment).
2021-05-16T11:50:40.170717600Z 3: Removed 1 rows containing missing values (geom_segment).
2021-05-16T11:50:40.170733000Z 4: Removed 1 rows containing missing values (geom_segment).
2021-05-16T11:50:40.170862000Z 5: Removed 1 rows containing missing values (geom_segment).
2021-05-16T11:50:40.170875600Z 6: Removed 1 rows containing missing values (geom_segment).
2021-05-16T11:50:40.171021600Z 7: Removed 1 rows containing missing values (geom_segment).
2021-05-16T11:50:40.171035700Z 8: Removed 1 rows containing missing values (geom_segment).
2021-05-16T11:50:40.171139200Z 9: Removed 1 rows containing missing values (geom_segment).
2021-05-16T11:50:40.171152900Z 10: Removed 1 rows containing missing values (geom_segment).


state: succeeded
commit: d95a6fa6ef28b1c9dce6d94b3ef6b92ac12b6e69
docker_image_id: sha256:b0e86ebee1d778d06c4c86d5d4c32dd910483eb4b0a9c7ed3997f928aa94c500
exit_code: 0
job_id: qdyxu4yevmjigkfk
run_by_user: wjchulme
created_at: 2021-05-16T01:33:29Z
started_at: 2021-05-16T10:53:23Z
completed_at: 2021-05-16T11:51:19Z

Completed successfully

outputs:
  output/in70s/death/any/all/all/gt_vaxany1.rds    - highly_sensitive    
  output/in70s/death/any/all/all/plot_vaxany1.svg  - moderately_sensitive
  output/in70s/death/any/all/all/tab_vaxany1.csv   - moderately_sensitive
  output/in70s/death/any/all/all/tab_vaxany1.html  - moderately_sensitive