2021-03-03T20:51:19.797798200Z -- Attaching packages --------------------------------------- tidyverse 1.3.0 --
2021-03-03T20:51:19.806501300Z v ggplot2 3.3.2     v purrr   0.3.4
2021-03-03T20:51:19.806526000Z v tibble  3.0.3     v dplyr   1.0.2
2021-03-03T20:51:19.806534200Z v tidyr   1.1.2     v stringr 1.4.0
2021-03-03T20:51:19.806543200Z v readr   1.3.1     v forcats 0.5.0
2021-03-03T20:51:19.966535300Z -- Conflicts ------------------------------------------ tidyverse_conflicts() --
2021-03-03T20:51:19.966607200Z x dplyr::filter() masks stats::filter()
2021-03-03T20:51:19.966615200Z x dplyr::lag()    masks stats::lag()
2021-03-03T20:51:19.980344900Z 
2021-03-03T20:51:19.980364600Z Attaching package: 'lubridate'
2021-03-03T20:51:19.980372000Z 
2021-03-03T20:51:19.981742500Z The following objects are masked from 'package:base':
2021-03-03T20:51:19.981757700Z 
2021-03-03T20:51:19.981765400Z     date, intersect, setdiff, union
2021-03-03T20:51:19.981772200Z 
2021-03-03T20:51:22.097445100Z <environment: R_GlobalEnv>
2021-03-03T21:11:11.474294700Z Warning message:
2021-03-03T21:11:11.474340500Z tstop and region are not included in an interaction with one another in the
2021-03-03T21:11:11.474349900Z model. 


state: succeeded
commit: 09bbcadb848bed6a055f0c05d8bd3c2fa6b619b9
docker_image_id: sha256:c7cb8c47c64952beb4dc7e1b4b0edaf95b0fa5cc1af3f796e073e4190413ec9e
exit_code: 0
job_id: uaxc4gew5jki7isw
run_by_user: wjchulme
created_at: 2021-03-03T18:43:37Z
started_at: 2021-03-03T20:51:17Z
completed_at: 2021-03-03T21:22:45Z

Completed successfully

outputs:
  output/over80s/postest/any/models/estimates.csv                   - moderately_sensitive
  output/over80s/postest/any/models/forest_plot.svg                 - moderately_sensitive
  output/over80s/postest/any/models/secular_trends_region_plot.svg  - moderately_sensitive