2021-03-30T17:15:58.687532900Z -- Attaching packages --------------------------------------- tidyverse 1.3.0 --
2021-03-30T17:15:58.697478700Z v ggplot2 3.3.2     v purrr   0.3.4
2021-03-30T17:15:58.697553000Z v tibble  3.0.3     v dplyr   1.0.2
2021-03-30T17:15:58.697560800Z v tidyr   1.1.2     v stringr 1.4.0
2021-03-30T17:15:58.697592000Z v readr   1.3.1     v forcats 0.5.0
2021-03-30T17:15:58.940120400Z -- Conflicts ------------------------------------------ tidyverse_conflicts() --
2021-03-30T17:15:58.940173100Z x dplyr::filter() masks stats::filter()
2021-03-30T17:15:58.940181900Z x dplyr::lag()    masks stats::lag()
2021-03-30T17:15:58.965005400Z 
2021-03-30T17:15:58.965071900Z Attaching package: 'lubridate'
2021-03-30T17:15:58.965080500Z 
2021-03-30T17:15:58.966656800Z The following objects are masked from 'package:base':
2021-03-30T17:15:58.966673400Z 
2021-03-30T17:15:58.966722700Z     date, intersect, setdiff, union
2021-03-30T17:15:58.966731600Z 
2021-03-30T17:16:01.467342800Z Loading required package: zoo
2021-03-30T17:16:01.484162400Z 
2021-03-30T17:16:01.484226100Z Attaching package: 'zoo'
2021-03-30T17:16:01.484233800Z 
2021-03-30T17:16:01.485027800Z The following objects are masked from 'package:base':
2021-03-30T17:16:01.485248000Z 
2021-03-30T17:16:01.485259100Z     as.Date, as.Date.numeric
2021-03-30T17:16:01.485266400Z 
2021-03-30T17:16:01.946729000Z <environment: R_GlobalEnv>
2021-03-30T17:16:01.947139100Z <environment: R_GlobalEnv>
2021-03-30T17:16:01.947458400Z <environment: R_GlobalEnv>


state: succeeded
commit: 6836f3c5f93affbaf06a33695c429e9dae990756
docker_image_id: sha256:876a994cdafb8d3fb4b710249fd7716a31efd3ea26cb3faf7aa2187853c6c624
exit_code: 0
job_id: pg7nrginh4vtwxg3
run_by_user: wjchulme
created_at: 2021-03-30T09:37:16Z
started_at: 2021-03-30T17:15:55Z
completed_at: 2021-03-30T17:46:50Z

Completed successfully

outputs:
  output/over80s/coviddeath/any/all/estimates.csv                - moderately_sensitive
  output/over80s/coviddeath/any/all/forest_plot.svg              - moderately_sensitive
  output/over80s/coviddeath/any/all/time_trends_region_plot.svg  - moderately_sensitive