2021-04-18T23:45:32.181096200Z -- Attaching packages --------------------------------------- tidyverse 1.3.0 --
2021-04-18T23:45:32.191483000Z v ggplot2 3.3.2     v purrr   0.3.4
2021-04-18T23:45:32.191570300Z v tibble  3.0.3     v dplyr   1.0.2
2021-04-18T23:45:32.191579600Z v tidyr   1.1.2     v stringr 1.4.0
2021-04-18T23:45:32.191586800Z v readr   1.3.1     v forcats 0.5.0
2021-04-18T23:45:32.403864500Z -- Conflicts ------------------------------------------ tidyverse_conflicts() --
2021-04-18T23:45:32.403954600Z x dplyr::filter() masks stats::filter()
2021-04-18T23:45:32.403963500Z x dplyr::lag()    masks stats::lag()
2021-04-18T23:45:32.424443300Z 
2021-04-18T23:45:32.424529400Z Attaching package: 'lubridate'
2021-04-18T23:45:32.424537000Z 
2021-04-18T23:45:32.425987200Z The following objects are masked from 'package:base':
2021-04-18T23:45:32.426005200Z 
2021-04-18T23:45:32.426012700Z     date, intersect, setdiff, union
2021-04-18T23:45:32.426019700Z 
2021-04-18T23:45:34.876035200Z Loading required package: zoo
2021-04-18T23:45:34.893360100Z 
2021-04-18T23:45:34.893445600Z Attaching package: 'zoo'
2021-04-18T23:45:34.893454200Z 
2021-04-18T23:45:34.894006800Z The following objects are masked from 'package:base':
2021-04-18T23:45:34.894029900Z 
2021-04-18T23:45:34.894037900Z     as.Date, as.Date.numeric
2021-04-18T23:45:34.894045500Z 
2021-04-18T23:45:35.345572700Z <environment: R_GlobalEnv>
2021-04-18T23:45:35.346059400Z <environment: R_GlobalEnv>
2021-04-18T23:45:35.346412400Z <environment: R_GlobalEnv>


state: succeeded
commit: 33f52791c8cce80c6c198db74da25e5b695f71d1
docker_image_id: sha256:c2fc5042bf86134947d83ad8e70bd926e2c1f91a263c6bfe87438ad783bec981
exit_code: 0
job_id: mbtdpvtcgqekap3s
run_by_user: wjchulme
created_at: 2021-04-18T20:34:39Z
started_at: 2021-04-18T23:45:29Z
completed_at: 2021-04-19T00:18:55Z

Completed successfully

outputs:
  output/in70s/noncoviddeath/any/all/estimates.csv                 - moderately_sensitive
  output/in70s/noncoviddeath/any/all/forest_plot.svg               - moderately_sensitive
  output/in70s/noncoviddeath/any/all/time_trends_region_plot3.svg  - moderately_sensitive
  output/in70s/noncoviddeath/any/all/time_trends_region_plot4.svg  - moderately_sensitive