2021-05-18T08:18:30.799903100Z -- Attaching packages --------------------------------------- tidyverse 1.3.0 --
2021-05-18T08:18:30.808763400Z v ggplot2 3.3.2     v purrr   0.3.4
2021-05-18T08:18:30.808785900Z v tibble  3.0.3     v dplyr   1.0.2
2021-05-18T08:18:30.808794600Z v tidyr   1.1.2     v stringr 1.4.0
2021-05-18T08:18:30.808801700Z v readr   1.3.1     v forcats 0.5.0
2021-05-18T08:18:30.974348000Z -- Conflicts ------------------------------------------ tidyverse_conflicts() --
2021-05-18T08:18:30.974367400Z x dplyr::filter() masks stats::filter()
2021-05-18T08:18:30.974375200Z x dplyr::lag()    masks stats::lag()
2021-05-18T08:18:30.990855600Z 
2021-05-18T08:18:30.990927200Z Attaching package: 'lubridate'
2021-05-18T08:18:30.990936000Z 
2021-05-18T08:18:30.992211200Z The following objects are masked from 'package:base':
2021-05-18T08:18:30.992235300Z 
2021-05-18T08:18:30.992244400Z     date, intersect, setdiff, union
2021-05-18T08:18:30.992251600Z 
2021-05-18T08:18:33.126063700Z #Uighur
2021-05-18T08:18:33.194446100Z Loading required package: zoo
2021-05-18T08:18:33.206786600Z 
2021-05-18T08:18:33.206810100Z Attaching package: 'zoo'
2021-05-18T08:18:33.206818700Z 
2021-05-18T08:18:33.207489700Z The following objects are masked from 'package:base':
2021-05-18T08:18:33.207509200Z 
2021-05-18T08:18:33.207517200Z     as.Date, as.Date.numeric
2021-05-18T08:18:33.207524500Z 
2021-05-18T08:18:33.651709000Z <environment: R_GlobalEnv>
2021-05-18T08:18:33.652174300Z <environment: R_GlobalEnv>
2021-05-18T08:20:35.077771200Z There were 49 warnings (use warnings() to see them)


state: succeeded
commit: 0d6f866d323890fa8e22bb59cc15d6580a6f348f
docker_image_id: sha256:fd70d515514910d8399e807135f3decedae0a426b222b3488810a7aa5283eafb
exit_code: 0
job_id: tzzbabq6zzlskjsp
run_by_user: wjchulme
created_at: 2021-05-18T08:01:00Z
started_at: 2021-05-18T08:18:28Z
completed_at: 2021-05-18T08:35:39Z

Completed successfully

outputs:
  output/over80s/plot_vaxaz1.svg  - moderately_sensitive
  output/over80s/tab_vaxaz1.html  - moderately_sensitive