2021-04-19T04:35:39.804607400Z -- Attaching packages --------------------------------------- tidyverse 1.3.0 --
2021-04-19T04:35:39.816802300Z v ggplot2 3.3.2     v purrr   0.3.4
2021-04-19T04:35:39.816916900Z v tibble  3.0.3     v dplyr   1.0.2
2021-04-19T04:35:39.816925800Z v tidyr   1.1.2     v stringr 1.4.0
2021-04-19T04:35:39.816933100Z v readr   1.3.1     v forcats 0.5.0
2021-04-19T04:35:40.101980000Z -- Conflicts ------------------------------------------ tidyverse_conflicts() --
2021-04-19T04:35:40.102070500Z x dplyr::filter() masks stats::filter()
2021-04-19T04:35:40.102079500Z x dplyr::lag()    masks stats::lag()
2021-04-19T04:35:40.140446000Z 
2021-04-19T04:35:40.140528700Z Attaching package: 'lubridate'
2021-04-19T04:35:40.140537400Z 
2021-04-19T04:35:40.142923400Z The following objects are masked from 'package:base':
2021-04-19T04:35:40.143006500Z 
2021-04-19T04:35:40.143015400Z     date, intersect, setdiff, union
2021-04-19T04:35:40.143022900Z 
2021-04-19T04:35:43.154455700Z Loading required package: zoo
2021-04-19T04:35:43.184026900Z 
2021-04-19T04:35:43.184141600Z Attaching package: 'zoo'
2021-04-19T04:35:43.184150800Z 
2021-04-19T04:35:43.184700200Z The following objects are masked from 'package:base':
2021-04-19T04:35:43.184717400Z 
2021-04-19T04:35:43.184725100Z     as.Date, as.Date.numeric
2021-04-19T04:35:43.184732400Z 
2021-04-19T04:35:43.749451700Z <environment: R_GlobalEnv>
2021-04-19T04:35:43.749874800Z <environment: R_GlobalEnv>
2021-04-19T04:35:43.750157600Z <environment: R_GlobalEnv>


state: succeeded
commit: 33f52791c8cce80c6c198db74da25e5b695f71d1
docker_image_id: sha256:c2fc5042bf86134947d83ad8e70bd926e2c1f91a263c6bfe87438ad783bec981
exit_code: 0
job_id: jzpqyi4alvoc6zz7
run_by_user: wjchulme
created_at: 2021-04-18T20:34:39Z
started_at: 2021-04-19T04:35:35Z
completed_at: 2021-04-19T05:04:07Z

Completed successfully

outputs:
  output/in70s/covidadmitted/az/all/estimates.csv                 - moderately_sensitive
  output/in70s/covidadmitted/az/all/forest_plot.svg               - moderately_sensitive
  output/in70s/covidadmitted/az/all/time_trends_region_plot3.svg  - moderately_sensitive
  output/in70s/covidadmitted/az/all/time_trends_region_plot4.svg  - moderately_sensitive