2021-05-16T10:50:10.844743600Z -- Attaching packages --------------------------------------- tidyverse 1.3.0 --
2021-05-16T10:50:10.853509300Z v ggplot2 3.3.2     v purrr   0.3.4
2021-05-16T10:50:10.853530700Z v tibble  3.0.3     v dplyr   1.0.2
2021-05-16T10:50:10.853540000Z v tidyr   1.1.2     v stringr 1.4.0
2021-05-16T10:50:10.853547300Z v readr   1.3.1     v forcats 0.5.0
2021-05-16T10:50:11.020799600Z -- Conflicts ------------------------------------------ tidyverse_conflicts() --
2021-05-16T10:50:11.020822100Z x dplyr::filter() masks stats::filter()
2021-05-16T10:50:11.020830300Z x dplyr::lag()    masks stats::lag()
2021-05-16T10:50:11.035909100Z 
2021-05-16T10:50:11.035932200Z Attaching package: 'lubridate'
2021-05-16T10:50:11.035941500Z 
2021-05-16T10:50:11.037314300Z The following objects are masked from 'package:base':
2021-05-16T10:50:11.037330700Z 
2021-05-16T10:50:11.037339100Z     date, intersect, setdiff, union
2021-05-16T10:50:11.037346600Z 
2021-05-16T10:50:13.101341500Z #BlackLivesMatter
2021-05-16T10:50:13.164444200Z Loading required package: zoo
2021-05-16T10:50:13.176555100Z 
2021-05-16T10:50:13.176583800Z Attaching package: 'zoo'
2021-05-16T10:50:13.176592700Z 
2021-05-16T10:50:13.177321000Z The following objects are masked from 'package:base':
2021-05-16T10:50:13.177338400Z 
2021-05-16T10:50:13.177346500Z     as.Date, as.Date.numeric
2021-05-16T10:50:13.177353800Z 
2021-05-16T10:50:13.568687500Z <environment: R_GlobalEnv>
2021-05-16T10:50:13.569177600Z <environment: R_GlobalEnv>
2021-05-16T10:50:13.569461700Z <environment: R_GlobalEnv>


state: succeeded
commit: d95a6fa6ef28b1c9dce6d94b3ef6b92ac12b6e69
docker_image_id: sha256:b0e86ebee1d778d06c4c86d5d4c32dd910483eb4b0a9c7ed3997f928aa94c500
exit_code: 0
job_id: f2bfjx3kdry6tnyq
run_by_user: wjchulme
created_at: 2021-05-16T01:33:29Z
started_at: 2021-05-16T10:50:08Z
completed_at: 2021-05-16T11:30:13Z

Completed successfully

outputs:
  output/in70s/coviddeath/any/all/estimates.csv                 - moderately_sensitive
  output/in70s/coviddeath/any/all/estimates_timesincevax.csv    - moderately_sensitive
  output/in70s/coviddeath/any/all/forest_plot.svg               - moderately_sensitive
  output/in70s/coviddeath/any/all/time_trends_region_plot1.svg  - moderately_sensitive