2021-05-17T22:15:40.313574500Z -- Attaching packages --------------------------------------- tidyverse 1.3.0 --
2021-05-17T22:15:40.322461100Z v ggplot2 3.3.2     v purrr   0.3.4
2021-05-17T22:15:40.322487400Z v tibble  3.0.3     v dplyr   1.0.2
2021-05-17T22:15:40.322496200Z v tidyr   1.1.2     v stringr 1.4.0
2021-05-17T22:15:40.322503500Z v readr   1.3.1     v forcats 0.5.0
2021-05-17T22:15:40.489699400Z -- Conflicts ------------------------------------------ tidyverse_conflicts() --
2021-05-17T22:15:40.489734100Z x dplyr::filter() masks stats::filter()
2021-05-17T22:15:40.489750600Z x dplyr::lag()    masks stats::lag()
2021-05-17T22:15:40.503924300Z 
2021-05-17T22:15:40.503987200Z Attaching package: 'lubridate'
2021-05-17T22:15:40.503996000Z 
2021-05-17T22:15:40.505370700Z The following objects are masked from 'package:base':
2021-05-17T22:15:40.505395900Z 
2021-05-17T22:15:40.505404100Z     date, intersect, setdiff, union
2021-05-17T22:15:40.505411500Z 
2021-05-17T22:15:42.559411400Z Loading required package: zoo
2021-05-17T22:15:42.570530000Z 
2021-05-17T22:15:42.570550200Z Attaching package: 'zoo'
2021-05-17T22:15:42.570559100Z 
2021-05-17T22:15:42.571181500Z The following objects are masked from 'package:base':
2021-05-17T22:15:42.571204100Z 
2021-05-17T22:15:42.571212800Z     as.Date, as.Date.numeric
2021-05-17T22:15:42.571220100Z 
2021-05-17T22:15:42.974304200Z <environment: R_GlobalEnv>
2021-05-17T22:15:42.974726400Z <environment: R_GlobalEnv>
2021-05-17T22:15:43.044644800Z Parsed with column specification:
2021-05-17T22:15:43.044678600Z cols(
2021-05-17T22:15:43.044687200Z   strata = col_character(),
2021-05-17T22:15:43.044694300Z   model = col_double(),
2021-05-17T22:15:43.044701300Z   model_descr = col_character(),
2021-05-17T22:15:43.044708500Z   term = col_character(),
2021-05-17T22:15:43.044715300Z   estimate = col_double(),
2021-05-17T22:15:43.044722400Z   conf.low = col_double(),
2021-05-17T22:15:43.044729500Z   conf.high = col_double(),
2021-05-17T22:15:43.044736300Z   std.error = col_double(),
2021-05-17T22:15:43.044743100Z   statistic = col_double(),
2021-05-17T22:15:43.044750100Z   p.value = col_double(),
2021-05-17T22:15:43.044757000Z   or = col_double(),
2021-05-17T22:15:43.044764100Z   or.ll = col_double(),
2021-05-17T22:15:43.044771100Z   or.ul = col_double(),
2021-05-17T22:15:43.044782000Z   ve = col_double(),
2021-05-17T22:15:43.044789300Z   ve.ll = col_double(),
2021-05-17T22:15:43.044796300Z   ve.ul = col_double()
2021-05-17T22:15:43.044803200Z )
2021-05-17T22:15:43.199888500Z Parsed with column specification:
2021-05-17T22:15:43.199919300Z cols(
2021-05-17T22:15:43.199927500Z   strata = col_character(),
2021-05-17T22:15:43.199934700Z   model = col_double(),
2021-05-17T22:15:43.199941700Z   model_descr = col_character(),
2021-05-17T22:15:43.199948900Z   term = col_character(),
2021-05-17T22:15:43.199956100Z   estimate = col_double(),
2021-05-17T22:15:43.199963100Z   conf.low = col_double(),
2021-05-17T22:15:43.199970200Z   conf.high = col_double(),
2021-05-17T22:15:43.199977400Z   std.error = col_double(),
2021-05-17T22:15:43.199984500Z   statistic = col_double(),
2021-05-17T22:15:43.199991200Z   p.value = col_double(),
2021-05-17T22:15:43.199998000Z   or = col_double(),
2021-05-17T22:15:43.200004900Z   or.ll = col_double(),
2021-05-17T22:15:43.200012400Z   or.ul = col_double(),
2021-05-17T22:15:43.200019300Z   ve = col_double(),
2021-05-17T22:15:43.200026000Z   ve.ll = col_double(),
2021-05-17T22:15:43.200032800Z   ve.ul = col_double()
2021-05-17T22:15:43.200039700Z )
2021-05-17T22:15:43.206728400Z Parsed with column specification:
2021-05-17T22:15:43.206747500Z cols(
2021-05-17T22:15:43.206756000Z   strata = col_character(),
2021-05-17T22:15:43.206763300Z   model = col_double(),
2021-05-17T22:15:43.206770500Z   model_descr = col_character(),
2021-05-17T22:15:43.206777600Z   term = col_character(),
2021-05-17T22:15:43.206784800Z   estimate = col_double(),
2021-05-17T22:15:43.206792200Z   conf.low = col_double(),
2021-05-17T22:15:43.206799600Z   conf.high = col_double(),
2021-05-17T22:15:43.206807300Z   std.error = col_double(),
2021-05-17T22:15:43.206814500Z   statistic = col_double(),
2021-05-17T22:15:43.206821500Z   p.value = col_double(),
2021-05-17T22:15:43.206828700Z   or = col_double(),
2021-05-17T22:15:43.206835700Z   or.ll = col_double(),
2021-05-17T22:15:43.206842900Z   or.ul = col_double(),
2021-05-17T22:15:43.206849900Z   ve = col_double(),
2021-05-17T22:15:43.206856800Z   ve.ll = col_double(),
2021-05-17T22:15:43.206863600Z   ve.ul = col_double()
2021-05-17T22:15:43.206870400Z )
2021-05-17T22:15:43.212858700Z Parsed with column specification:
2021-05-17T22:15:43.212877600Z cols(
2021-05-17T22:15:43.212885300Z   strata = col_character(),
2021-05-17T22:15:43.212892300Z   model = col_double(),
2021-05-17T22:15:43.212899300Z   model_descr = col_character(),
2021-05-17T22:15:43.212906100Z   term = col_character(),
2021-05-17T22:15:43.212949200Z   estimate = col_double(),
2021-05-17T22:15:43.212959700Z   conf.low = col_double(),
2021-05-17T22:15:43.212966800Z   conf.high = col_double(),
2021-05-17T22:15:43.212974300Z   std.error = col_double(),
2021-05-17T22:15:43.212981200Z   statistic = col_double(),
2021-05-17T22:15:43.212988000Z   p.value = col_double(),
2021-05-17T22:15:43.212994700Z   or = col_double(),
2021-05-17T22:15:43.213001600Z   or.ll = col_double(),
2021-05-17T22:15:43.213008500Z   or.ul = col_double(),
2021-05-17T22:15:43.213015200Z   ve = col_double(),
2021-05-17T22:15:43.213022000Z   ve.ll = col_double(),
2021-05-17T22:15:43.213029000Z   ve.ul = col_double()
2021-05-17T22:15:43.213035800Z )
2021-05-17T22:15:43.219101800Z Parsed with column specification:
2021-05-17T22:15:43.219119600Z cols(
2021-05-17T22:15:43.219128100Z   strata = col_character(),
2021-05-17T22:15:43.219134900Z   model = col_double(),
2021-05-17T22:15:43.219141900Z   model_descr = col_character(),
2021-05-17T22:15:43.219148800Z   term = col_character(),
2021-05-17T22:15:43.219155600Z   estimate = col_double(),
2021-05-17T22:15:43.219162700Z   conf.low = col_double(),
2021-05-17T22:15:43.219169600Z   conf.high = col_double(),
2021-05-17T22:15:43.219176500Z   std.error = col_double(),
2021-05-17T22:15:43.219183800Z   statistic = col_double(),
2021-05-17T22:15:43.219190400Z   p.value = col_double(),
2021-05-17T22:15:43.219197400Z   or = col_double(),
2021-05-17T22:15:43.219204100Z   or.ll = col_double(),
2021-05-17T22:15:43.219210900Z   or.ul = col_double(),
2021-05-17T22:15:43.219217500Z   ve = col_double(),
2021-05-17T22:15:43.219224200Z   ve.ll = col_double(),
2021-05-17T22:15:43.219230800Z   ve.ul = col_double()
2021-05-17T22:15:43.219237500Z )
2021-05-17T22:15:45.972017400Z <style>html {
2021-05-17T22:15:45.972063600Z   font-family: -apple-system, BlinkMacSystemFont, 'Segoe UI', Roboto, Oxygen, Ubuntu, Cantarell, 'Helvetica Neue', 'Fira Sans', 'Droid Sans', Arial, sans-serif;
2021-05-17T22:15:45.972117400Z }
2021-05-17T22:15:45.972168900Z 
2021-05-17T22:15:45.972185600Z #swmkoswdtq .gt_table {
2021-05-17T22:15:45.972193700Z   display: table;
2021-05-17T22:15:45.972201200Z   border-collapse: collapse;
2021-05-17T22:15:45.972208300Z   margin-left: auto;
2021-05-17T22:15:45.972215400Z   margin-right: auto;
2021-05-17T22:15:45.972223900Z   color: #333333;
2021-05-17T22:15:45.972231500Z   font-size: 16px;
2021-05-17T22:15:45.972238900Z   font-weight: normal;
2021-05-17T22:15:45.972256200Z   font-style: normal;
2021-05-17T22:15:45.972263900Z   background-color: #FFFFFF;
2021-05-17T22:15:45.972271100Z   width: auto;
2021-05-17T22:15:45.972278800Z   border-top-style: solid;
2021-05-17T22:15:45.972286000Z   border-top-width: 2px;
2021-05-17T22:15:45.972293300Z   border-top-color: #A8A8A8;
2021-05-17T22:15:45.972300700Z   border-right-style: none;
2021-05-17T22:15:45.972308100Z   border-right-width: 2px;
2021-05-17T22:15:45.972315300Z   border-right-color: #D3D3D3;
2021-05-17T22:15:45.972322100Z   border-bottom-style: solid;
2021-05-17T22:15:45.972329100Z   border-bottom-width: 2px;
2021-05-17T22:15:45.972336200Z   border-bottom-color: #A8A8A8;
2021-05-17T22:15:45.972343000Z   border-left-style: none;
2021-05-17T22:15:45.972349900Z   border-left-width: 2px;
2021-05-17T22:15:45.972356600Z   border-left-color: #D3D3D3;
2021-05-17T22:15:45.972363400Z }
2021-05-17T22:15:45.972370200Z 
2021-05-17T22:15:45.972377000Z #swmkoswdtq .gt_heading {
2021-05-17T22:15:45.972383900Z   background-color: #FFFFFF;
2021-05-17T22:15:45.972391300Z   text-align: center;
2021-05-17T22:15:45.972398200Z   border-bottom-color: #FFFFFF;
2021-05-17T22:15:45.972405100Z   border-left-style: none;
2021-05-17T22:15:45.972412100Z   border-left-width: 1px;
2021-05-17T22:15:45.972419100Z   border-left-color: #D3D3D3;
2021-05-17T22:15:45.972426100Z   border-right-style: none;
2021-05-17T22:15:45.972433000Z   border-right-width: 1px;
2021-05-17T22:15:45.972440000Z   border-right-color: #D3D3D3;
2021-05-17T22:15:45.972447100Z }
2021-05-17T22:15:45.972454000Z 
2021-05-17T22:15:45.972460700Z #swmkoswdtq .gt_title {
2021-05-17T22:15:45.972467700Z   color: #333333;
2021-05-17T22:15:45.972475100Z   font-size: 125%;
2021-05-17T22:15:45.972482100Z   font-weight: initial;
2021-05-17T22:15:45.972488900Z   padding-top: 4px;
2021-05-17T22:15:45.972495900Z   padding-bottom: 4px;
2021-05-17T22:15:45.972502800Z   border-bottom-color: #FFFFFF;
2021-05-17T22:15:45.972509600Z   border-bottom-width: 0;
2021-05-17T22:15:45.972516700Z }
2021-05-17T22:15:45.972523500Z 
2021-05-17T22:15:45.972530400Z #swmkoswdtq .gt_subtitle {
2021-05-17T22:15:45.972537300Z   color: #333333;
2021-05-17T22:15:45.972544200Z   font-size: 85%;
2021-05-17T22:15:45.972551900Z   font-weight: initial;
2021-05-17T22:15:45.972558800Z   padding-top: 0;
2021-05-17T22:15:45.972565700Z   padding-bottom: 4px;
2021-05-17T22:15:45.972573200Z   border-top-color: #FFFFFF;
2021-05-17T22:15:45.972586900Z   border-top-width: 0;
2021-05-17T22:15:45.972594500Z }
2021-05-17T22:15:45.972601200Z 
2021-05-17T22:15:45.972608000Z #swmkoswdtq .gt_bottom_border {
2021-05-17T22:15:45.972614800Z   border-bottom-style: solid;
2021-05-17T22:15:45.972621700Z   border-bottom-width: 2px;
2021-05-17T22:15:45.972628700Z   border-bottom-color: #D3D3D3;
2021-05-17T22:15:45.972636100Z }
2021-05-17T22:15:45.972642900Z 
2021-05-17T22:15:45.972649700Z #swmkoswdtq .gt_col_headings {
2021-05-17T22:15:45.972656800Z   border-top-style: solid;
2021-05-17T22:15:45.972663800Z   border-top-width: 2px;
2021-05-17T22:15:45.972670900Z   border-top-color: #D3D3D3;
2021-05-17T22:15:45.972677700Z   border-bottom-style: solid;
2021-05-17T22:15:45.972684500Z   border-bottom-width: 2px;
2021-05-17T22:15:45.972691400Z   border-bottom-color: #D3D3D3;
2021-05-17T22:15:45.972698300Z   border-left-style: none;
2021-05-17T22:15:45.972705100Z   border-left-width: 1px;
2021-05-17T22:15:45.972711800Z   border-left-color: #D3D3D3;
2021-05-17T22:15:45.972718800Z   border-right-style: none;
2021-05-17T22:15:45.972725500Z   border-right-width: 1px;
2021-05-17T22:15:45.972732400Z   border-right-color: #D3D3D3;
2021-05-17T22:15:45.972739100Z }
2021-05-17T22:15:45.972745800Z 
2021-05-17T22:15:45.972752500Z #swmkoswdtq .gt_col_heading {
2021-05-17T22:15:45.972759300Z   color: #333333;
2021-05-17T22:15:45.972766100Z   background-color: #FFFFFF;
2021-05-17T22:15:45.972772800Z   font-size: 100%;
2021-05-17T22:15:45.972779500Z   font-weight: normal;
2021-05-17T22:15:45.972788700Z   text-transform: inherit;
2021-05-17T22:15:45.972796100Z   border-left-style: none;
2021-05-17T22:15:45.972803000Z   border-left-width: 1px;
2021-05-17T22:15:45.972810100Z   border-left-color: #D3D3D3;
2021-05-17T22:15:45.972817000Z   border-right-style: none;
2021-05-17T22:15:45.972824200Z   border-right-width: 1px;
2021-05-17T22:15:45.972831100Z   border-right-color: #D3D3D3;
2021-05-17T22:15:45.972838100Z   vertical-align: bottom;
2021-05-17T22:15:45.972845000Z   padding-top: 5px;
2021-05-17T22:15:45.972852000Z   padding-bottom: 6px;
2021-05-17T22:15:45.972859000Z   padding-left: 5px;
2021-05-17T22:15:45.972866200Z   padding-right: 5px;
2021-05-17T22:15:45.972873200Z   overflow-x: hidden;
2021-05-17T22:15:45.972881100Z }
2021-05-17T22:15:45.972887900Z 
2021-05-17T22:15:45.972895200Z #swmkoswdtq .gt_column_spanner_outer {
2021-05-17T22:15:45.972909400Z   color: #333333;
2021-05-17T22:15:45.972916900Z   background-color: #FFFFFF;
2021-05-17T22:15:45.972923900Z   font-size: 100%;
2021-05-17T22:15:45.972931300Z   font-weight: normal;
2021-05-17T22:15:45.972938200Z   text-transform: inherit;
2021-05-17T22:15:45.972945100Z   padding-top: 0;
2021-05-17T22:15:45.972951800Z   padding-bottom: 0;
2021-05-17T22:15:45.972958800Z   padding-left: 4px;
2021-05-17T22:15:45.972966400Z   padding-right: 4px;
2021-05-17T22:15:45.972973400Z }
2021-05-17T22:15:45.972980800Z 
2021-05-17T22:15:45.972988100Z #swmkoswdtq .gt_column_spanner_outer:first-child {
2021-05-17T22:15:45.972995000Z   padding-left: 0;
2021-05-17T22:15:45.973001900Z }
2021-05-17T22:15:45.973008600Z 
2021-05-17T22:15:45.973015600Z #swmkoswdtq .gt_column_spanner_outer:last-child {
2021-05-17T22:15:45.973022700Z   padding-right: 0;
2021-05-17T22:15:45.973029800Z }
2021-05-17T22:15:45.973036500Z 
2021-05-17T22:15:45.973046000Z #swmkoswdtq .gt_column_spanner {
2021-05-17T22:15:45.973053400Z   border-bottom-style: solid;
2021-05-17T22:15:45.973060200Z   border-bottom-width: 2px;
2021-05-17T22:15:45.973067100Z   border-bottom-color: #D3D3D3;
2021-05-17T22:15:45.973073900Z   vertical-align: bottom;
2021-05-17T22:15:45.973080800Z   padding-top: 5px;
2021-05-17T22:15:45.973087700Z   padding-bottom: 6px;
2021-05-17T22:15:45.973094600Z   overflow-x: hidden;
2021-05-17T22:15:45.973101500Z   display: inline-block;
2021-05-17T22:15:45.973108500Z   width: 100%;
2021-05-17T22:15:45.973115200Z }
2021-05-17T22:15:45.973122300Z 
2021-05-17T22:15:45.973129500Z #swmkoswdtq .gt_group_heading {
2021-05-17T22:15:45.973136300Z   padding: 8px;
2021-05-17T22:15:45.973142900Z   color: #333333;
2021-05-17T22:15:45.973149800Z   background-color: #FFFFFF;
2021-05-17T22:15:45.973156600Z   font-size: 100%;
2021-05-17T22:15:45.973163400Z   font-weight: initial;
2021-05-17T22:15:45.973170300Z   text-transform: inherit;
2021-05-17T22:15:45.973177100Z   border-top-style: solid;
2021-05-17T22:15:45.973184500Z   border-top-width: 2px;
2021-05-17T22:15:45.973191700Z   border-top-color: #D3D3D3;
2021-05-17T22:15:45.973198700Z   border-bottom-style: solid;
2021-05-17T22:15:45.973205800Z   border-bottom-width: 2px;
2021-05-17T22:15:45.973212800Z   border-bottom-color: #D3D3D3;
2021-05-17T22:15:45.973219700Z   border-left-style: none;
2021-05-17T22:15:45.973226400Z   border-left-width: 1px;
2021-05-17T22:15:45.973238800Z   border-left-color: #D3D3D3;
2021-05-17T22:15:45.973246100Z   border-right-style: none;
2021-05-17T22:15:45.973252900Z   border-right-width: 1px;
2021-05-17T22:15:45.973260000Z   border-right-color: #D3D3D3;
2021-05-17T22:15:45.973266900Z   vertical-align: middle;
2021-05-17T22:15:45.973273800Z }
2021-05-17T22:15:45.973280600Z 
2021-05-17T22:15:45.973287600Z #swmkoswdtq .gt_empty_group_heading {
2021-05-17T22:15:45.973294900Z   padding: 0.5px;
2021-05-17T22:15:45.973301800Z   color: #333333;
2021-05-17T22:15:45.973308600Z   background-color: #FFFFFF;
2021-05-17T22:15:45.973315500Z   font-size: 100%;
2021-05-17T22:15:45.973322400Z   font-weight: initial;
2021-05-17T22:15:45.973329200Z   border-top-style: solid;
2021-05-17T22:15:45.973336100Z   border-top-width: 2px;
2021-05-17T22:15:45.973343000Z   border-top-color: #D3D3D3;
2021-05-17T22:15:45.973349900Z   border-bottom-style: solid;
2021-05-17T22:15:45.973356900Z   border-bottom-width: 2px;
2021-05-17T22:15:45.973363700Z   border-bottom-color: #D3D3D3;
2021-05-17T22:15:45.973371100Z   vertical-align: middle;
2021-05-17T22:15:45.973378000Z }
2021-05-17T22:15:45.973384700Z 
2021-05-17T22:15:45.973391300Z #swmkoswdtq .gt_from_md > :first-child {
2021-05-17T22:15:45.973398200Z   margin-top: 0;
2021-05-17T22:15:45.973405000Z }
2021-05-17T22:15:45.973411700Z 
2021-05-17T22:15:45.973418500Z #swmkoswdtq .gt_from_md > :last-child {
2021-05-17T22:15:45.973425400Z   margin-bottom: 0;
2021-05-17T22:15:45.973432200Z }
2021-05-17T22:15:45.973438900Z 
2021-05-17T22:15:45.973445600Z #swmkoswdtq .gt_row {
2021-05-17T22:15:45.973452700Z   padding-top: 8px;
2021-05-17T22:15:45.973459600Z   padding-bottom: 8px;
2021-05-17T22:15:45.973466900Z   padding-left: 5px;
2021-05-17T22:15:45.973473900Z   padding-right: 5px;
2021-05-17T22:15:45.973480800Z   margin: 10px;
2021-05-17T22:15:45.973487700Z   border-top-style: solid;
2021-05-17T22:15:45.973494500Z   border-top-width: 1px;
2021-05-17T22:15:45.973501600Z   border-top-color: #D3D3D3;
2021-05-17T22:15:45.973508300Z   border-left-style: none;
2021-05-17T22:15:45.973516100Z   border-left-width: 1px;
2021-05-17T22:15:45.973523300Z   border-left-color: #D3D3D3;
2021-05-17T22:15:45.973530700Z   border-right-style: none;
2021-05-17T22:15:45.973538000Z   border-right-width: 1px;
2021-05-17T22:15:45.973545100Z   border-right-color: #D3D3D3;
2021-05-17T22:15:45.973560400Z   vertical-align: middle;
2021-05-17T22:15:45.973568000Z   overflow-x: hidden;
2021-05-17T22:15:45.973574900Z }
2021-05-17T22:15:45.973582000Z 
2021-05-17T22:15:45.973588600Z #swmkoswdtq .gt_stub {
2021-05-17T22:15:45.973595600Z   color: #333333;
2021-05-17T22:15:45.973602300Z   background-color: #FFFFFF;
2021-05-17T22:15:45.973609300Z   font-size: 100%;
2021-05-17T22:15:45.973616400Z   font-weight: initial;
2021-05-17T22:15:45.973623500Z   text-transform: inherit;
2021-05-17T22:15:45.973630300Z   border-right-style: solid;
2021-05-17T22:15:45.973637100Z   border-right-width: 2px;
2021-05-17T22:15:45.973644300Z   border-right-color: #D3D3D3;
2021-05-17T22:15:45.973651100Z   padding-left: 12px;
2021-05-17T22:15:45.973657900Z }
2021-05-17T22:15:45.973664800Z 
2021-05-17T22:15:45.973671500Z #swmkoswdtq .gt_summary_row {
2021-05-17T22:15:45.973678500Z   color: #333333;
2021-05-17T22:15:45.973685300Z   background-color: #FFFFFF;
2021-05-17T22:15:45.973692500Z   text-transform: inherit;
2021-05-17T22:15:45.973699600Z   padding-top: 8px;
2021-05-17T22:15:45.973706700Z   padding-bottom: 8px;
2021-05-17T22:15:45.973713700Z   padding-left: 5px;
2021-05-17T22:15:45.973720600Z   padding-right: 5px;
2021-05-17T22:15:45.973727400Z }
2021-05-17T22:15:45.973734200Z 
2021-05-17T22:15:45.973740900Z #swmkoswdtq .gt_first_summary_row {
2021-05-17T22:15:45.973748100Z   padding-top: 8px;
2021-05-17T22:15:45.973755000Z   padding-bottom: 8px;
2021-05-17T22:15:45.973762000Z   padding-left: 5px;
2021-05-17T22:15:45.973768900Z   padding-right: 5px;
2021-05-17T22:15:45.973775700Z   border-top-style: solid;
2021-05-17T22:15:45.973782800Z   border-top-width: 2px;
2021-05-17T22:15:45.973789700Z   border-top-color: #D3D3D3;
2021-05-17T22:15:45.973796600Z }
2021-05-17T22:15:45.973803400Z 
2021-05-17T22:15:45.973810000Z #swmkoswdtq .gt_grand_summary_row {
2021-05-17T22:15:45.973816900Z   color: #333333;
2021-05-17T22:15:45.973823900Z   background-color: #FFFFFF;
2021-05-17T22:15:45.973830700Z   text-transform: inherit;
2021-05-17T22:15:45.973837500Z   padding-top: 8px;
2021-05-17T22:15:45.973844400Z   padding-bottom: 8px;
2021-05-17T22:15:45.973851000Z   padding-left: 5px;
2021-05-17T22:15:45.973857900Z   padding-right: 5px;
2021-05-17T22:15:45.973865300Z }
2021-05-17T22:15:45.973872400Z 
2021-05-17T22:15:45.973879200Z #swmkoswdtq .gt_first_grand_summary_row {
2021-05-17T22:15:45.973891700Z   padding-top: 8px;
2021-05-17T22:15:45.973899100Z   padding-bottom: 8px;
2021-05-17T22:15:45.973906000Z   padding-left: 5px;
2021-05-17T22:15:45.973912800Z   padding-right: 5px;
2021-05-17T22:15:45.973919600Z   border-top-style: double;
2021-05-17T22:15:45.973926700Z   border-top-width: 6px;
2021-05-17T22:15:45.973933500Z   border-top-color: #D3D3D3;
2021-05-17T22:15:45.973941100Z }
2021-05-17T22:15:45.973948500Z 
2021-05-17T22:15:45.973955400Z #swmkoswdtq .gt_striped {
2021-05-17T22:15:45.973962200Z   background-color: rgba(128, 128, 128, 0.05);
2021-05-17T22:15:45.973969000Z }
2021-05-17T22:15:45.973975700Z 
2021-05-17T22:15:45.973982400Z #swmkoswdtq .gt_table_body {
2021-05-17T22:15:45.973989100Z   border-top-style: solid;
2021-05-17T22:15:45.973995900Z   border-top-width: 2px;
2021-05-17T22:15:45.974002600Z   border-top-color: #D3D3D3;
2021-05-17T22:15:45.974009300Z   border-bottom-style: solid;
2021-05-17T22:15:45.974016200Z   border-bottom-width: 2px;
2021-05-17T22:15:45.974022900Z   border-bottom-color: #D3D3D3;
2021-05-17T22:15:45.974030500Z }
2021-05-17T22:15:45.974037100Z 
2021-05-17T22:15:45.974043900Z #swmkoswdtq .gt_footnotes {
2021-05-17T22:15:45.974050600Z   color: #333333;
2021-05-17T22:15:45.974057500Z   background-color: #FFFFFF;
2021-05-17T22:15:45.974064200Z   border-bottom-style: none;
2021-05-17T22:15:45.974070900Z   border-bottom-width: 2px;
2021-05-17T22:15:45.974077700Z   border-bottom-color: #D3D3D3;
2021-05-17T22:15:45.974084400Z   border-left-style: none;
2021-05-17T22:15:45.974091100Z   border-left-width: 2px;
2021-05-17T22:15:45.974097800Z   border-left-color: #D3D3D3;
2021-05-17T22:15:45.974104600Z   border-right-style: none;
2021-05-17T22:15:45.974111600Z   border-right-width: 2px;
2021-05-17T22:15:45.974118400Z   border-right-color: #D3D3D3;
2021-05-17T22:15:45.974125100Z }
2021-05-17T22:15:45.974131800Z 
2021-05-17T22:15:45.974138400Z #swmkoswdtq .gt_footnote {
2021-05-17T22:15:45.974146100Z   margin: 0px;
2021-05-17T22:15:45.974153200Z   font-size: 90%;
2021-05-17T22:15:45.974159900Z   padding: 4px;
2021-05-17T22:15:45.974166800Z }
2021-05-17T22:15:45.974173600Z 
2021-05-17T22:15:45.974180200Z #swmkoswdtq .gt_sourcenotes {
2021-05-17T22:15:45.974187100Z   color: #333333;
2021-05-17T22:15:45.974194400Z   background-color: #FFFFFF;
2021-05-17T22:15:45.974201500Z   border-bottom-style: none;
2021-05-17T22:15:45.974217400Z   border-bottom-width: 2px;
2021-05-17T22:15:45.974225300Z   border-bottom-color: #D3D3D3;
2021-05-17T22:15:45.974232100Z   border-left-style: none;
2021-05-17T22:15:45.974239000Z   border-left-width: 2px;
2021-05-17T22:15:45.974245700Z   border-left-color: #D3D3D3;
2021-05-17T22:15:45.974252800Z   border-right-style: none;
2021-05-17T22:15:45.974259500Z   border-right-width: 2px;
2021-05-17T22:15:45.974266700Z   border-right-color: #D3D3D3;
2021-05-17T22:15:45.974274000Z }
2021-05-17T22:15:45.974280900Z 
2021-05-17T22:15:45.974287800Z #swmkoswdtq .gt_sourcenote {
2021-05-17T22:15:45.974295100Z   font-size: 90%;
2021-05-17T22:15:45.974302300Z   padding: 4px;
2021-05-17T22:15:45.974309400Z }
2021-05-17T22:15:45.974316200Z 
2021-05-17T22:15:45.974323000Z #swmkoswdtq .gt_left {
2021-05-17T22:15:45.974329900Z   text-align: left;
2021-05-17T22:15:45.974336900Z }
2021-05-17T22:15:45.974343500Z 
2021-05-17T22:15:45.974350500Z #swmkoswdtq .gt_center {
2021-05-17T22:15:45.974357300Z   text-align: center;
2021-05-17T22:15:45.974364300Z }
2021-05-17T22:15:45.974370900Z 
2021-05-17T22:15:45.974377500Z #swmkoswdtq .gt_right {
2021-05-17T22:15:45.974384200Z   text-align: right;
2021-05-17T22:15:45.974391000Z   font-variant-numeric: tabular-nums;
2021-05-17T22:15:45.974397800Z }
2021-05-17T22:15:45.974404500Z 
2021-05-17T22:15:45.974411200Z #swmkoswdtq .gt_font_normal {
2021-05-17T22:15:45.974418200Z   font-weight: normal;
2021-05-17T22:15:45.974425000Z }
2021-05-17T22:15:45.974431700Z 
2021-05-17T22:15:45.974438500Z #swmkoswdtq .gt_font_bold {
2021-05-17T22:15:45.974445400Z   font-weight: bold;
2021-05-17T22:15:45.974452400Z }
2021-05-17T22:15:45.974459200Z 
2021-05-17T22:15:45.974465800Z #swmkoswdtq .gt_font_italic {
2021-05-17T22:15:45.974473000Z   font-style: italic;
2021-05-17T22:15:45.974479700Z }
2021-05-17T22:15:45.974486500Z 
2021-05-17T22:15:45.974493100Z #swmkoswdtq .gt_super {
2021-05-17T22:15:45.974499800Z   font-size: 65%;
2021-05-17T22:15:45.974506600Z }
2021-05-17T22:15:45.974513600Z 
2021-05-17T22:15:45.974520900Z #swmkoswdtq .gt_footnote_marks {
2021-05-17T22:15:45.974527800Z   font-style: italic;
2021-05-17T22:15:45.974534700Z   font-size: 65%;
2021-05-17T22:15:45.974541700Z }
2021-05-17T22:15:45.974554200Z </style>
2021-05-17T22:15:45.974561800Z <div id="swmkoswdtq" style="overflow-x:auto;overflow-y:auto;width:auto;height:auto;"><table class="gt_table">
2021-05-17T22:15:45.974569700Z   
2021-05-17T22:15:45.974576400Z   <thead class="gt_col_headings">
2021-05-17T22:15:45.974583600Z     <tr>
2021-05-17T22:15:45.974591200Z       <th class="gt_col_heading gt_center gt_columns_bottom_border" rowspan="2" colspan="1">Time since first dose</th>
2021-05-17T22:15:45.974599400Z       <th class="gt_center gt_columns_top_border gt_column_spanner_outer" rowspan="1" colspan="3">
2021-05-17T22:15:45.974606800Z         <span class="gt_column_spanner">Model 1</span>
2021-05-17T22:15:45.974614200Z       </th>
2021-05-17T22:15:45.974621100Z       <th class="gt_center gt_columns_top_border gt_column_spanner_outer" rowspan="1" colspan="3">
2021-05-17T22:15:45.974628400Z         <span class="gt_column_spanner">Model 2</span>
2021-05-17T22:15:45.974635600Z       </th>
2021-05-17T22:15:45.974642500Z       <th class="gt_center gt_columns_top_border gt_column_spanner_outer" rowspan="1" colspan="3">
2021-05-17T22:15:45.974649900Z         <span class="gt_column_spanner">Model 3</span>
2021-05-17T22:15:45.974657100Z       </th>
2021-05-17T22:15:45.974663900Z     </tr>
2021-05-17T22:15:45.974670600Z     <tr>
2021-05-17T22:15:45.974677500Z       <th class="gt_col_heading gt_columns_bottom_border gt_center" rowspan="1" colspan="1">VE (%)</th>
2021-05-17T22:15:45.974685300Z       <th class="gt_col_heading gt_columns_bottom_border gt_center" rowspan="1" colspan="1">95% CI</th>
2021-05-17T22:15:45.974692800Z       <th class="gt_col_heading gt_columns_bottom_border gt_center" rowspan="1" colspan="1">P value</th>
2021-05-17T22:15:45.974701000Z       <th class="gt_col_heading gt_columns_bottom_border gt_center" rowspan="1" colspan="1">VE (%)</th>
2021-05-17T22:15:45.974708600Z       <th class="gt_col_heading gt_columns_bottom_border gt_center" rowspan="1" colspan="1">95% CI</th>
2021-05-17T22:15:45.974716100Z       <th class="gt_col_heading gt_columns_bottom_border gt_center" rowspan="1" colspan="1">P value</th>
2021-05-17T22:15:45.974723600Z       <th class="gt_col_heading gt_columns_bottom_border gt_center" rowspan="1" colspan="1">VE (%)</th>
2021-05-17T22:15:45.974731300Z       <th class="gt_col_heading gt_columns_bottom_border gt_center" rowspan="1" colspan="1">95% CI</th>
2021-05-17T22:15:45.974738700Z       <th class="gt_col_heading gt_columns_bottom_border gt_center" rowspan="1" colspan="1">P value</th>
2021-05-17T22:15:45.974746200Z     </tr>
2021-05-17T22:15:45.974753100Z   </thead>
2021-05-17T22:15:45.974766500Z   <tbody class="gt_table_body">
2021-05-17T22:15:45.974773900Z     <tr class="gt_group_heading_row">
2021-05-17T22:15:45.974781000Z       <td colspan="10" class="gt_group_heading">Positive test</td>
2021-05-17T22:15:45.974788500Z     </tr>
2021-05-17T22:15:45.974797200Z     <tr>
2021-05-17T22:15:45.974804100Z       <td class="gt_row gt_right">1-3</td>
2021-05-17T22:15:45.974811200Z       <td class="gt_row gt_right">65.7</td>
2021-05-17T22:15:45.974818400Z       <td class="gt_row gt_right">( 59.4 - 71.1)</td>
2021-05-17T22:15:45.974825700Z       <td class="gt_row gt_right">&lt;0.001</td>
2021-05-17T22:15:45.974833100Z       <td class="gt_row gt_right">65.8</td>
2021-05-17T22:15:45.974840200Z       <td class="gt_row gt_right">( 59.4 - 71.2)</td>
2021-05-17T22:15:45.974848200Z       <td class="gt_row gt_right">&lt;0.001</td>
2021-05-17T22:15:45.974855300Z       <td class="gt_row gt_right">62.8</td>
2021-05-17T22:15:45.974862600Z       <td class="gt_row gt_right">( 55.7 - 68.9)</td>
2021-05-17T22:15:45.974869700Z       <td class="gt_row gt_right">&lt;0.001</td>
2021-05-17T22:15:45.974876900Z     </tr>
2021-05-17T22:15:45.974883900Z     <tr>
2021-05-17T22:15:45.974890600Z       <td class="gt_row gt_right">4-7</td>
2021-05-17T22:15:45.974897900Z       <td class="gt_row gt_right">53.0</td>
2021-05-17T22:15:45.974905100Z       <td class="gt_row gt_right">( 46.2 - 59.0)</td>
2021-05-17T22:15:45.974912400Z       <td class="gt_row gt_right">&lt;0.001</td>
2021-05-17T22:15:45.974919800Z       <td class="gt_row gt_right">52.4</td>
2021-05-17T22:15:45.974927400Z       <td class="gt_row gt_right">( 45.5 - 58.5)</td>
2021-05-17T22:15:45.974934600Z       <td class="gt_row gt_right">&lt;0.001</td>
2021-05-17T22:15:45.974941700Z       <td class="gt_row gt_right">48.4</td>
2021-05-17T22:15:45.974948900Z       <td class="gt_row gt_right">( 40.8 - 55.1)</td>
2021-05-17T22:15:45.974956400Z       <td class="gt_row gt_right">&lt;0.001</td>
2021-05-17T22:15:45.974963700Z     </tr>
2021-05-17T22:15:45.974970900Z     <tr>
2021-05-17T22:15:45.974978600Z       <td class="gt_row gt_right">8-14</td>
2021-05-17T22:15:45.974985800Z       <td class="gt_row gt_right">51.5</td>
2021-05-17T22:15:45.974992900Z       <td class="gt_row gt_right">( 45.4 - 56.9)</td>
2021-05-17T22:15:45.975013800Z       <td class="gt_row gt_right">&lt;0.001</td>
2021-05-17T22:15:45.975021700Z       <td class="gt_row gt_right">49.7</td>
2021-05-17T22:15:45.975029400Z       <td class="gt_row gt_right">( 43.3 - 55.3)</td>
2021-05-17T22:15:45.975036800Z       <td class="gt_row gt_right">&lt;0.001</td>
2021-05-17T22:15:45.975044100Z       <td class="gt_row gt_right">45.0</td>
2021-05-17T22:15:45.975051300Z       <td class="gt_row gt_right">( 37.9 - 51.3)</td>
2021-05-17T22:15:45.975075300Z       <td class="gt_row gt_right">&lt;0.001</td>
2021-05-17T22:15:45.975087500Z     </tr>
2021-05-17T22:15:45.975095500Z     <tr>
2021-05-17T22:15:45.975102500Z       <td class="gt_row gt_right">15-21</td>
2021-05-17T22:15:45.975110300Z       <td class="gt_row gt_right">59.5</td>
2021-05-17T22:15:45.975117500Z       <td class="gt_row gt_right">( 53.0 - 65.2)</td>
2021-05-17T22:15:45.975124700Z       <td class="gt_row gt_right">&lt;0.001</td>
2021-05-17T22:15:45.975132400Z       <td class="gt_row gt_right">56.7</td>
2021-05-17T22:15:45.975139800Z       <td class="gt_row gt_right">( 49.6 - 62.8)</td>
2021-05-17T22:15:45.975147200Z       <td class="gt_row gt_right">&lt;0.001</td>
2021-05-17T22:15:45.975154800Z       <td class="gt_row gt_right">52.8</td>
2021-05-17T22:15:45.975162200Z       <td class="gt_row gt_right">( 44.9 - 59.5)</td>
2021-05-17T22:15:45.975170300Z       <td class="gt_row gt_right">&lt;0.001</td>
2021-05-17T22:15:45.975178700Z     </tr>
2021-05-17T22:15:45.975186100Z     <tr>
2021-05-17T22:15:45.975193600Z       <td class="gt_row gt_right">22-28</td>
2021-05-17T22:15:45.975200800Z       <td class="gt_row gt_right">69.5</td>
2021-05-17T22:15:45.975208200Z       <td class="gt_row gt_right">( 62.6 - 75.1)</td>
2021-05-17T22:15:45.975216000Z       <td class="gt_row gt_right">&lt;0.001</td>
2021-05-17T22:15:45.975223800Z       <td class="gt_row gt_right">66.0</td>
2021-05-17T22:15:45.975231500Z       <td class="gt_row gt_right">( 58.3 - 72.3)</td>
2021-05-17T22:15:45.975238800Z       <td class="gt_row gt_right">&lt;0.001</td>
2021-05-17T22:15:45.975246700Z       <td class="gt_row gt_right">62.0</td>
2021-05-17T22:15:45.975254300Z       <td class="gt_row gt_right">( 53.2 - 69.1)</td>
2021-05-17T22:15:45.975270100Z       <td class="gt_row gt_right">&lt;0.001</td>
2021-05-17T22:15:45.975278600Z     </tr>
2021-05-17T22:15:45.975285900Z     <tr>
2021-05-17T22:15:45.975293300Z       <td class="gt_row gt_right">29+</td>
2021-05-17T22:15:45.975301500Z       <td class="gt_row gt_right">73.9</td>
2021-05-17T22:15:45.975309400Z       <td class="gt_row gt_right">( 65.1 - 80.5)</td>
2021-05-17T22:15:45.975316900Z       <td class="gt_row gt_right">&lt;0.001</td>
2021-05-17T22:15:45.975324400Z       <td class="gt_row gt_right">69.7</td>
2021-05-17T22:15:45.975332200Z       <td class="gt_row gt_right">( 59.5 - 77.3)</td>
2021-05-17T22:15:45.975340300Z       <td class="gt_row gt_right">&lt;0.001</td>
2021-05-17T22:15:45.975348000Z       <td class="gt_row gt_right">65.0</td>
2021-05-17T22:15:45.975355300Z       <td class="gt_row gt_right">( 53.0 - 73.9)</td>
2021-05-17T22:15:45.975362700Z       <td class="gt_row gt_right">&lt;0.001</td>
2021-05-17T22:15:45.975370100Z     </tr>
2021-05-17T22:15:45.975377000Z     <tr class="gt_group_heading_row">
2021-05-17T22:15:45.975384100Z       <td colspan="10" class="gt_group_heading">COVID-related admission</td>
2021-05-17T22:15:45.975391600Z     </tr>
2021-05-17T22:15:45.975398500Z     <tr>
2021-05-17T22:15:45.975405400Z       <td class="gt_row gt_right">1-3</td>
2021-05-17T22:15:45.975412500Z       <td class="gt_row gt_right">43.7</td>
2021-05-17T22:15:45.975419900Z       <td class="gt_row gt_right">( 33.1 - 52.7)</td>
2021-05-17T22:15:45.975428300Z       <td class="gt_row gt_right">&lt;0.001</td>
2021-05-17T22:15:45.975436500Z       <td class="gt_row gt_right">43.8</td>
2021-05-17T22:15:45.975443600Z       <td class="gt_row gt_right">( 33.1 - 52.7)</td>
2021-05-17T22:15:45.975450800Z       <td class="gt_row gt_right">&lt;0.001</td>
2021-05-17T22:15:45.975457900Z       <td class="gt_row gt_right">32.3</td>
2021-05-17T22:15:45.975465100Z       <td class="gt_row gt_right">( 17.6 - 44.5)</td>
2021-05-17T22:15:45.975472100Z       <td class="gt_row gt_right">&lt;0.001</td>
2021-05-17T22:15:45.975479600Z     </tr>
2021-05-17T22:15:45.975486300Z     <tr>
2021-05-17T22:15:45.975493200Z       <td class="gt_row gt_right">4-7</td>
2021-05-17T22:15:45.975500100Z       <td class="gt_row gt_right">51.7</td>
2021-05-17T22:15:45.975513800Z       <td class="gt_row gt_right">( 42.9 - 59.2)</td>
2021-05-17T22:15:45.975521500Z       <td class="gt_row gt_right">&lt;0.001</td>
2021-05-17T22:15:45.975529200Z       <td class="gt_row gt_right">50.9</td>
2021-05-17T22:15:45.975536800Z       <td class="gt_row gt_right">( 41.9 - 58.5)</td>
2021-05-17T22:15:45.975544100Z       <td class="gt_row gt_right">&lt;0.001</td>
2021-05-17T22:15:45.975551300Z       <td class="gt_row gt_right">38.1</td>
2021-05-17T22:15:45.975558500Z       <td class="gt_row gt_right">( 24.6 - 49.2)</td>
2021-05-17T22:15:45.975565700Z       <td class="gt_row gt_right">&lt;0.001</td>
2021-05-17T22:15:45.975573000Z     </tr>
2021-05-17T22:15:45.975579700Z     <tr>
2021-05-17T22:15:45.975586800Z       <td class="gt_row gt_right">8-14</td>
2021-05-17T22:15:45.975594100Z       <td class="gt_row gt_right">48.3</td>
2021-05-17T22:15:45.975601300Z       <td class="gt_row gt_right">( 40.5 - 55.1)</td>
2021-05-17T22:15:45.975608400Z       <td class="gt_row gt_right">&lt;0.001</td>
2021-05-17T22:15:45.975615700Z       <td class="gt_row gt_right">45.9</td>
2021-05-17T22:15:45.975622700Z       <td class="gt_row gt_right">( 37.6 - 53.1)</td>
2021-05-17T22:15:45.975629800Z       <td class="gt_row gt_right">&lt;0.001</td>
2021-05-17T22:15:45.975636800Z       <td class="gt_row gt_right">27.2</td>
2021-05-17T22:15:45.975643900Z       <td class="gt_row gt_right">( 12.8 - 39.2)</td>
2021-05-17T22:15:45.975650900Z       <td class="gt_row gt_right">&lt;0.001</td>
2021-05-17T22:15:45.975658000Z     </tr>
2021-05-17T22:15:45.975664600Z     <tr>
2021-05-17T22:15:45.975671300Z       <td class="gt_row gt_right">15-21</td>
2021-05-17T22:15:45.975678800Z       <td class="gt_row gt_right">57.9</td>
2021-05-17T22:15:45.975685900Z       <td class="gt_row gt_right">( 49.6 - 64.9)</td>
2021-05-17T22:15:45.975693000Z       <td class="gt_row gt_right">&lt;0.001</td>
2021-05-17T22:15:45.975700100Z       <td class="gt_row gt_right">54.2</td>
2021-05-17T22:15:45.975707000Z       <td class="gt_row gt_right">( 44.9 - 61.9)</td>
2021-05-17T22:15:45.975714300Z       <td class="gt_row gt_right">&lt;0.001</td>
2021-05-17T22:15:45.975721400Z       <td class="gt_row gt_right">40.1</td>
2021-05-17T22:15:45.975728500Z       <td class="gt_row gt_right">( 20.5 - 54.9)</td>
2021-05-17T22:15:45.975740600Z       <td class="gt_row gt_right">&lt;0.001</td>
2021-05-17T22:15:45.975748400Z     </tr>
2021-05-17T22:15:45.975755700Z     <tr>
2021-05-17T22:15:45.975762800Z       <td class="gt_row gt_right">22-28</td>
2021-05-17T22:15:45.975769900Z       <td class="gt_row gt_right">71.4</td>
2021-05-17T22:15:45.975777200Z       <td class="gt_row gt_right">( 63.2 - 77.7)</td>
2021-05-17T22:15:45.975784100Z       <td class="gt_row gt_right">&lt;0.001</td>
2021-05-17T22:15:45.975792600Z       <td class="gt_row gt_right">67.2</td>
2021-05-17T22:15:45.975799700Z       <td class="gt_row gt_right">( 57.8 - 74.5)</td>
2021-05-17T22:15:45.975806800Z       <td class="gt_row gt_right">&lt;0.001</td>
2021-05-17T22:15:45.975813900Z       <td class="gt_row gt_right">57.4</td>
2021-05-17T22:15:45.975820900Z       <td class="gt_row gt_right">( 43.7 - 67.7)</td>
2021-05-17T22:15:45.975827800Z       <td class="gt_row gt_right">&lt;0.001</td>
2021-05-17T22:15:45.975834900Z     </tr>
2021-05-17T22:15:45.975842100Z     <tr>
2021-05-17T22:15:45.975849100Z       <td class="gt_row gt_right">29+</td>
2021-05-17T22:15:45.975856200Z       <td class="gt_row gt_right">76.6</td>
2021-05-17T22:15:45.975863400Z       <td class="gt_row gt_right">( 66.4 - 83.6)</td>
2021-05-17T22:15:45.975870300Z       <td class="gt_row gt_right">&lt;0.001</td>
2021-05-17T22:15:45.975877300Z       <td class="gt_row gt_right">71.8</td>
2021-05-17T22:15:45.975884300Z       <td class="gt_row gt_right">( 59.6 - 80.3)</td>
2021-05-17T22:15:45.975891300Z       <td class="gt_row gt_right">&lt;0.001</td>
2021-05-17T22:15:45.975898300Z       <td class="gt_row gt_right">65.3</td>
2021-05-17T22:15:45.975905300Z       <td class="gt_row gt_right">( 48.8 - 76.4)</td>
2021-05-17T22:15:45.975912400Z       <td class="gt_row gt_right">&lt;0.001</td>
2021-05-17T22:15:45.975919600Z     </tr>
2021-05-17T22:15:45.975926300Z     <tr class="gt_group_heading_row">
2021-05-17T22:15:45.975933200Z       <td colspan="10" class="gt_group_heading">COVID-related death</td>
2021-05-17T22:15:45.975940800Z     </tr>
2021-05-17T22:15:45.975947600Z     <tr>
2021-05-17T22:15:45.975954300Z       <td class="gt_row gt_right">1-3</td>
2021-05-17T22:15:45.975961300Z       <td class="gt_row gt_right">95.3</td>
2021-05-17T22:15:45.975974400Z       <td class="gt_row gt_right">( 92.1 - 97.2)</td>
2021-05-17T22:15:45.975982200Z       <td class="gt_row gt_right">&lt;0.001</td>
2021-05-17T22:15:45.975989200Z       <td class="gt_row gt_right">95.4</td>
2021-05-17T22:15:45.975996200Z       <td class="gt_row gt_right">( 92.3 - 97.3)</td>
2021-05-17T22:15:45.976003100Z       <td class="gt_row gt_right">&lt;0.001</td>
2021-05-17T22:15:45.976010300Z       <td class="gt_row gt_right">65.4</td>
2021-05-17T22:15:45.976017200Z       <td class="gt_row gt_right">(-22.4 - 90.2)</td>
2021-05-17T22:15:45.976024300Z       <td class="gt_row gt_right">0.100</td>
2021-05-17T22:15:45.976031300Z     </tr>
2021-05-17T22:15:45.976038100Z     <tr>
2021-05-17T22:15:45.976044900Z       <td class="gt_row gt_right">4-7</td>
2021-05-17T22:15:45.976052000Z       <td class="gt_row gt_right">94.4</td>
2021-05-17T22:15:45.976059000Z       <td class="gt_row gt_right">( 91.6 - 96.3)</td>
2021-05-17T22:15:45.976066100Z       <td class="gt_row gt_right">&lt;0.001</td>
2021-05-17T22:15:45.976073200Z       <td class="gt_row gt_right">94.4</td>
2021-05-17T22:15:45.976080700Z       <td class="gt_row gt_right">( 91.7 - 96.3)</td>
2021-05-17T22:15:45.976087700Z       <td class="gt_row gt_right">&lt;0.001</td>
2021-05-17T22:15:45.976095000Z       <td class="gt_row gt_right">57.2</td>
2021-05-17T22:15:45.976102000Z       <td class="gt_row gt_right">(-22.0 - 85.0)</td>
2021-05-17T22:15:45.976109200Z       <td class="gt_row gt_right">0.112</td>
2021-05-17T22:15:45.976116300Z     </tr>
2021-05-17T22:15:45.976123400Z     <tr>
2021-05-17T22:15:45.976130300Z       <td class="gt_row gt_right">8-14</td>
2021-05-17T22:15:45.976137700Z       <td class="gt_row gt_right">89.4</td>
2021-05-17T22:15:45.976145200Z       <td class="gt_row gt_right">( 86.7 - 91.6)</td>
2021-05-17T22:15:45.976152700Z       <td class="gt_row gt_right">&lt;0.001</td>
2021-05-17T22:15:45.976160100Z       <td class="gt_row gt_right">89.3</td>
2021-05-17T22:15:45.976167200Z       <td class="gt_row gt_right">( 86.5 - 91.5)</td>
2021-05-17T22:15:45.976174300Z       <td class="gt_row gt_right">&lt;0.001</td>
2021-05-17T22:15:45.976181400Z       <td class="gt_row gt_right">67.4</td>
2021-05-17T22:15:45.976188600Z       <td class="gt_row gt_right">( 46.7 - 80.0)</td>
2021-05-17T22:15:45.976201400Z       <td class="gt_row gt_right">&lt;0.001</td>
2021-05-17T22:15:45.976209200Z     </tr>
2021-05-17T22:15:45.976216200Z     <tr>
2021-05-17T22:15:45.976223000Z       <td class="gt_row gt_right">15-21</td>
2021-05-17T22:15:45.976230200Z       <td class="gt_row gt_right">84.9</td>
2021-05-17T22:15:45.976237100Z       <td class="gt_row gt_right">( 81.4 - 87.8)</td>
2021-05-17T22:15:45.976244100Z       <td class="gt_row gt_right">&lt;0.001</td>
2021-05-17T22:15:45.976251100Z       <td class="gt_row gt_right">84.3</td>
2021-05-17T22:15:45.976258100Z       <td class="gt_row gt_right">( 80.6 - 87.4)</td>
2021-05-17T22:15:45.976265100Z       <td class="gt_row gt_right">&lt;0.001</td>
2021-05-17T22:15:45.976272200Z       <td class="gt_row gt_right">52.8</td>
2021-05-17T22:15:45.976279200Z       <td class="gt_row gt_right">( 26.8 - 69.6)</td>
2021-05-17T22:15:45.976286200Z       <td class="gt_row gt_right">&lt;0.001</td>
2021-05-17T22:15:45.976293200Z     </tr>
2021-05-17T22:15:45.976299900Z     <tr>
2021-05-17T22:15:45.976306900Z       <td class="gt_row gt_right">22-28</td>
2021-05-17T22:15:45.976314100Z       <td class="gt_row gt_right">88.3</td>
2021-05-17T22:15:45.976321100Z       <td class="gt_row gt_right">( 84.7 - 91.1)</td>
2021-05-17T22:15:45.976328200Z       <td class="gt_row gt_right">&lt;0.001</td>
2021-05-17T22:15:45.976335300Z       <td class="gt_row gt_right">87.6</td>
2021-05-17T22:15:45.976342300Z       <td class="gt_row gt_right">( 83.6 - 90.6)</td>
2021-05-17T22:15:45.976349400Z       <td class="gt_row gt_right">&lt;0.001</td>
2021-05-17T22:15:45.976356400Z       <td class="gt_row gt_right">36.9</td>
2021-05-17T22:15:45.976363400Z       <td class="gt_row gt_right">(-20.6 - 67.0)</td>
2021-05-17T22:15:45.976370400Z       <td class="gt_row gt_right">0.164</td>
2021-05-17T22:15:45.976377400Z     </tr>
2021-05-17T22:15:45.976384100Z     <tr>
2021-05-17T22:15:45.976391000Z       <td class="gt_row gt_right">29+</td>
2021-05-17T22:15:45.976397900Z       <td class="gt_row gt_right">91.9</td>
2021-05-17T22:15:45.976405100Z       <td class="gt_row gt_right">( 87.7 - 94.7)</td>
2021-05-17T22:15:45.976412200Z       <td class="gt_row gt_right">&lt;0.001</td>
2021-05-17T22:15:45.976425500Z       <td class="gt_row gt_right">91.1</td>
2021-05-17T22:15:45.976433000Z       <td class="gt_row gt_right">( 86.4 - 94.2)</td>
2021-05-17T22:15:45.976440100Z       <td class="gt_row gt_right">&lt;0.001</td>
2021-05-17T22:15:45.976447200Z       <td class="gt_row gt_right">49.5</td>
2021-05-17T22:15:45.976454300Z       <td class="gt_row gt_right">(-82.5 - 86.0)</td>
2021-05-17T22:15:45.976461300Z       <td class="gt_row gt_right">0.298</td>
2021-05-17T22:15:45.976468400Z     </tr>
2021-05-17T22:15:45.976475200Z     <tr class="gt_group_heading_row">
2021-05-17T22:15:45.976482300Z       <td colspan="10" class="gt_group_heading">Non-COVID-related death</td>
2021-05-17T22:15:45.976489500Z     </tr>
2021-05-17T22:15:45.976496300Z     <tr>
2021-05-17T22:15:45.976503400Z       <td class="gt_row gt_right">1-3</td>
2021-05-17T22:15:45.976510700Z       <td class="gt_row gt_right">71.7</td>
2021-05-17T22:15:45.976517700Z       <td class="gt_row gt_right">( 64.8 - 77.3)</td>
2021-05-17T22:15:45.976524800Z       <td class="gt_row gt_right">&lt;0.001</td>
2021-05-17T22:15:45.976531900Z       <td class="gt_row gt_right">72.8</td>
2021-05-17T22:15:45.976538900Z       <td class="gt_row gt_right">( 66.1 - 78.2)</td>
2021-05-17T22:15:45.976546000Z       <td class="gt_row gt_right">&lt;0.001</td>
2021-05-17T22:15:45.976553100Z       <td class="gt_row gt_right">56.1</td>
2021-05-17T22:15:45.976560000Z       <td class="gt_row gt_right">( 15.8 - 77.1)</td>
2021-05-17T22:15:45.976567100Z       <td class="gt_row gt_right">0.013</td>
2021-05-17T22:15:45.976574100Z     </tr>
2021-05-17T22:15:45.976580800Z     <tr>
2021-05-17T22:15:45.976587500Z       <td class="gt_row gt_right">4-7</td>
2021-05-17T22:15:45.976594600Z       <td class="gt_row gt_right">63.1</td>
2021-05-17T22:15:45.976601600Z       <td class="gt_row gt_right">( 56.5 - 68.7)</td>
2021-05-17T22:15:45.976608600Z       <td class="gt_row gt_right">&lt;0.001</td>
2021-05-17T22:15:45.976615700Z       <td class="gt_row gt_right">64.1</td>
2021-05-17T22:15:45.976622800Z       <td class="gt_row gt_right">( 57.6 - 69.6)</td>
2021-05-17T22:15:45.976629800Z       <td class="gt_row gt_right">&lt;0.001</td>
2021-05-17T22:15:45.976637000Z       <td class="gt_row gt_right">60.8</td>
2021-05-17T22:15:45.976644100Z       <td class="gt_row gt_right">( 53.4 - 67.0)</td>
2021-05-17T22:15:45.976659200Z       <td class="gt_row gt_right">&lt;0.001</td>
2021-05-17T22:15:45.976667000Z     </tr>
2021-05-17T22:15:45.976673800Z     <tr>
2021-05-17T22:15:45.976680500Z       <td class="gt_row gt_right">8-14</td>
2021-05-17T22:15:45.976688100Z       <td class="gt_row gt_right">64.3</td>
2021-05-17T22:15:45.976695200Z       <td class="gt_row gt_right">( 59.3 - 68.7)</td>
2021-05-17T22:15:45.976702200Z       <td class="gt_row gt_right">&lt;0.001</td>
2021-05-17T22:15:45.976709200Z       <td class="gt_row gt_right">64.4</td>
2021-05-17T22:15:45.976716300Z       <td class="gt_row gt_right">( 59.4 - 68.8)</td>
2021-05-17T22:15:45.976723500Z       <td class="gt_row gt_right">&lt;0.001</td>
2021-05-17T22:15:45.976730900Z       <td class="gt_row gt_right">60.9</td>
2021-05-17T22:15:45.976737900Z       <td class="gt_row gt_right">( 54.8 - 66.1)</td>
2021-05-17T22:15:45.976745200Z       <td class="gt_row gt_right">&lt;0.001</td>
2021-05-17T22:15:45.976752400Z     </tr>
2021-05-17T22:15:45.976759300Z     <tr>
2021-05-17T22:15:45.976766100Z       <td class="gt_row gt_right">15-21</td>
2021-05-17T22:15:45.976773300Z       <td class="gt_row gt_right">69.5</td>
2021-05-17T22:15:45.976780500Z       <td class="gt_row gt_right">( 64.8 - 73.6)</td>
2021-05-17T22:15:45.976787800Z       <td class="gt_row gt_right">&lt;0.001</td>
2021-05-17T22:15:45.976795000Z       <td class="gt_row gt_right">68.4</td>
2021-05-17T22:15:45.976802200Z       <td class="gt_row gt_right">( 63.5 - 72.7)</td>
2021-05-17T22:15:45.976809400Z       <td class="gt_row gt_right">&lt;0.001</td>
2021-05-17T22:15:45.976816500Z       <td class="gt_row gt_right">63.1</td>
2021-05-17T22:15:45.976823500Z       <td class="gt_row gt_right">( 56.3 - 68.8)</td>
2021-05-17T22:15:45.976830700Z       <td class="gt_row gt_right">&lt;0.001</td>
2021-05-17T22:15:45.976837800Z     </tr>
2021-05-17T22:15:45.976844600Z     <tr>
2021-05-17T22:15:45.976851400Z       <td class="gt_row gt_right">22-28</td>
2021-05-17T22:15:45.976858900Z       <td class="gt_row gt_right">74.6</td>
2021-05-17T22:15:45.976866100Z       <td class="gt_row gt_right">( 70.0 - 78.6)</td>
2021-05-17T22:15:45.976873500Z       <td class="gt_row gt_right">&lt;0.001</td>
2021-05-17T22:15:45.976887300Z       <td class="gt_row gt_right">72.4</td>
2021-05-17T22:15:45.976895000Z       <td class="gt_row gt_right">( 67.3 - 76.7)</td>
2021-05-17T22:15:45.976902100Z       <td class="gt_row gt_right">&lt;0.001</td>
2021-05-17T22:15:45.976909400Z       <td class="gt_row gt_right">68.8</td>
2021-05-17T22:15:45.976916600Z       <td class="gt_row gt_right">( 62.1 - 74.4)</td>
2021-05-17T22:15:45.976923700Z       <td class="gt_row gt_right">&lt;0.001</td>
2021-05-17T22:15:45.976931000Z     </tr>
2021-05-17T22:15:45.976938000Z     <tr>
2021-05-17T22:15:45.976945000Z       <td class="gt_row gt_right">29+</td>
2021-05-17T22:15:45.976952100Z       <td class="gt_row gt_right">75.6</td>
2021-05-17T22:15:45.976959300Z       <td class="gt_row gt_right">( 69.9 - 80.2)</td>
2021-05-17T22:15:45.976966600Z       <td class="gt_row gt_right">&lt;0.001</td>
2021-05-17T22:15:45.976973900Z       <td class="gt_row gt_right">72.7</td>
2021-05-17T22:15:45.976981100Z       <td class="gt_row gt_right">( 66.3 - 78.0)</td>
2021-05-17T22:15:45.976988600Z       <td class="gt_row gt_right">&lt;0.001</td>
2021-05-17T22:15:45.976996000Z       <td class="gt_row gt_right">66.6</td>
2021-05-17T22:15:45.977003300Z       <td class="gt_row gt_right">( 57.1 - 74.0)</td>
2021-05-17T22:15:45.977010700Z       <td class="gt_row gt_right">&lt;0.001</td>
2021-05-17T22:15:45.977018200Z     </tr>
2021-05-17T22:15:45.977025100Z     <tr class="gt_group_heading_row">
2021-05-17T22:15:45.977032300Z       <td colspan="10" class="gt_group_heading">Any death</td>
2021-05-17T22:15:45.977040200Z     </tr>
2021-05-17T22:15:45.977047100Z     <tr>
2021-05-17T22:15:45.977054200Z       <td class="gt_row gt_right">1-3</td>
2021-05-17T22:15:45.977061600Z       <td class="gt_row gt_right">83.4</td>
2021-05-17T22:15:45.977069100Z       <td class="gt_row gt_right">( 79.7 - 86.5)</td>
2021-05-17T22:15:45.977076500Z       <td class="gt_row gt_right">&lt;0.001</td>
2021-05-17T22:15:45.977083900Z       <td class="gt_row gt_right">83.9</td>
2021-05-17T22:15:45.977091000Z       <td class="gt_row gt_right">( 80.3 - 86.9)</td>
2021-05-17T22:15:45.977098400Z       <td class="gt_row gt_right">&lt;0.001</td>
2021-05-17T22:15:45.977105700Z       <td class="gt_row gt_right">64.3</td>
2021-05-17T22:15:45.977120200Z       <td class="gt_row gt_right">( 29.6 - 81.9)</td>
2021-05-17T22:15:45.977128200Z       <td class="gt_row gt_right">0.003</td>
2021-05-17T22:15:45.977135200Z     </tr>
2021-05-17T22:15:45.977141900Z     <tr>
2021-05-17T22:15:45.977148700Z       <td class="gt_row gt_right">4-7</td>
2021-05-17T22:15:45.977155900Z       <td class="gt_row gt_right">78.5</td>
2021-05-17T22:15:45.977163000Z       <td class="gt_row gt_right">( 75.0 - 81.5)</td>
2021-05-17T22:15:45.977170100Z       <td class="gt_row gt_right">&lt;0.001</td>
2021-05-17T22:15:45.977177400Z       <td class="gt_row gt_right">78.9</td>
2021-05-17T22:15:45.977184400Z       <td class="gt_row gt_right">( 75.5 - 81.9)</td>
2021-05-17T22:15:45.977191600Z       <td class="gt_row gt_right">&lt;0.001</td>
2021-05-17T22:15:45.977198700Z       <td class="gt_row gt_right">53.3</td>
2021-05-17T22:15:45.977206000Z       <td class="gt_row gt_right">( 20.3 - 72.6)</td>
2021-05-17T22:15:45.977213100Z       <td class="gt_row gt_right">0.005</td>
2021-05-17T22:15:45.977220300Z     </tr>
2021-05-17T22:15:45.977227500Z     <tr>
2021-05-17T22:15:45.977234600Z       <td class="gt_row gt_right">8-14</td>
2021-05-17T22:15:45.977241800Z       <td class="gt_row gt_right">76.3</td>
2021-05-17T22:15:45.977249100Z       <td class="gt_row gt_right">( 73.5 - 78.8)</td>
2021-05-17T22:15:45.977256300Z       <td class="gt_row gt_right">&lt;0.001</td>
2021-05-17T22:15:45.977263500Z       <td class="gt_row gt_right">76.3</td>
2021-05-17T22:15:45.977270600Z       <td class="gt_row gt_right">( 73.4 - 78.8)</td>
2021-05-17T22:15:45.977277700Z       <td class="gt_row gt_right">&lt;0.001</td>
2021-05-17T22:15:45.977284900Z       <td class="gt_row gt_right">63.9</td>
2021-05-17T22:15:45.977291900Z       <td class="gt_row gt_right">( 57.3 - 69.5)</td>
2021-05-17T22:15:45.977299000Z       <td class="gt_row gt_right">&lt;0.001</td>
2021-05-17T22:15:45.977306300Z     </tr>
2021-05-17T22:15:45.977313000Z     <tr>
2021-05-17T22:15:45.977319800Z       <td class="gt_row gt_right">15-21</td>
2021-05-17T22:15:45.977326900Z       <td class="gt_row gt_right">76.4</td>
2021-05-17T22:15:45.977333900Z       <td class="gt_row gt_right">( 73.4 - 79.1)</td>
2021-05-17T22:15:45.977341000Z       <td class="gt_row gt_right">&lt;0.001</td>
2021-05-17T22:15:45.977354100Z       <td class="gt_row gt_right">75.7</td>
2021-05-17T22:15:45.977361800Z       <td class="gt_row gt_right">( 72.5 - 78.4)</td>
2021-05-17T22:15:45.977368800Z       <td class="gt_row gt_right">&lt;0.001</td>
2021-05-17T22:15:45.977375800Z       <td class="gt_row gt_right">60.0</td>
2021-05-17T22:15:45.977382900Z       <td class="gt_row gt_right">( 49.9 - 68.2)</td>
2021-05-17T22:15:45.977390000Z       <td class="gt_row gt_right">&lt;0.001</td>
2021-05-17T22:15:45.977397900Z     </tr>
2021-05-17T22:15:45.977404700Z     <tr>
2021-05-17T22:15:45.977411400Z       <td class="gt_row gt_right">22-28</td>
2021-05-17T22:15:45.977418500Z       <td class="gt_row gt_right">80.3</td>
2021-05-17T22:15:45.977425600Z       <td class="gt_row gt_right">( 77.3 - 82.9)</td>
2021-05-17T22:15:45.977432600Z       <td class="gt_row gt_right">&lt;0.001</td>
2021-05-17T22:15:45.977439800Z       <td class="gt_row gt_right">78.8</td>
2021-05-17T22:15:45.977446800Z       <td class="gt_row gt_right">( 75.5 - 81.7)</td>
2021-05-17T22:15:45.977454000Z       <td class="gt_row gt_right">&lt;0.001</td>
2021-05-17T22:15:45.977461100Z       <td class="gt_row gt_right">56.9</td>
2021-05-17T22:15:45.977468200Z       <td class="gt_row gt_right">( 38.0 - 70.1)</td>
2021-05-17T22:15:45.977475400Z       <td class="gt_row gt_right">&lt;0.001</td>
2021-05-17T22:15:45.977482600Z     </tr>
2021-05-17T22:15:45.977489400Z     <tr>
2021-05-17T22:15:45.977496200Z       <td class="gt_row gt_right">29+</td>
2021-05-17T22:15:45.977503200Z       <td class="gt_row gt_right">81.7</td>
2021-05-17T22:15:45.977510400Z       <td class="gt_row gt_right">( 78.0 - 84.8)</td>
2021-05-17T22:15:45.977517500Z       <td class="gt_row gt_right">&lt;0.001</td>
2021-05-17T22:15:45.977524700Z       <td class="gt_row gt_right">79.8</td>
2021-05-17T22:15:45.977531700Z       <td class="gt_row gt_right">( 75.7 - 83.3)</td>
2021-05-17T22:15:45.977539000Z       <td class="gt_row gt_right">&lt;0.001</td>
2021-05-17T22:15:45.977546000Z       <td class="gt_row gt_right">59.5</td>
2021-05-17T22:15:45.977553100Z       <td class="gt_row gt_right">( 28.4 - 77.1)</td>
2021-05-17T22:15:45.977560200Z       <td class="gt_row gt_right">0.002</td>
2021-05-17T22:15:45.977567500Z     </tr>
2021-05-17T22:15:45.977579700Z   </tbody>
2021-05-17T22:15:45.977588000Z   <tfoot class="gt_sourcenotes">
2021-05-17T22:15:45.977595400Z     <tr>
2021-05-17T22:15:45.977602700Z       <td class="gt_sourcenote" colspan="10">Model 1: Region-stratified Cox model, with no further adjustment</td>
2021-05-17T22:15:45.977610100Z     </tr>
2021-05-17T22:15:45.977617400Z     <tr>
2021-05-17T22:15:45.977624200Z       <td class="gt_sourcenote" colspan="10">Model 2: Region-stratified Cox model, with adjustment for baseline confounders</td>
2021-05-17T22:15:45.977632000Z     </tr>
2021-05-17T22:15:45.977638800Z     <tr>
2021-05-17T22:15:45.977645700Z       <td class="gt_sourcenote" colspan="10">Model 3: Region-stratified marginal structural Cox model, with adjustment for baseline and time-varying confounders</td>
2021-05-17T22:15:45.977653200Z     </tr>
2021-05-17T22:15:45.977659900Z   </tfoot>
2021-05-17T22:15:45.977666700Z   
2021-05-17T22:15:45.977673500Z </table></div>


state: succeeded
commit: 6fff8b080ef5b019bcac6bd03903fef0f2ebabd2
docker_image_id: sha256:fd70d515514910d8399e807135f3decedae0a426b222b3488810a7aa5283eafb
exit_code: 0
job_id: upr4qz3oogrre4no
run_by_user: wjchulme
created_at: 2021-05-17T22:15:04Z
started_at: 2021-05-17T22:15:37Z
completed_at: 2021-05-17T22:16:50Z

Completed successfully

outputs:
  output/over80s/estimates_az_all.html              - moderately_sensitive
  output/over80s/estimates_timesincevax_az_all.csv  - moderately_sensitive
  output/over80s/forest_plot_az_all.svg             - moderately_sensitive