2021-04-17T02:27:40.260393500Z -- Attaching packages --------------------------------------- tidyverse 1.3.0 --
2021-04-17T02:27:40.273206000Z v ggplot2 3.3.2     v purrr   0.3.4
2021-04-17T02:27:40.273307500Z v tibble  3.0.3     v dplyr   1.0.2
2021-04-17T02:27:40.273316400Z v tidyr   1.1.2     v stringr 1.4.0
2021-04-17T02:27:40.273323700Z v readr   1.3.1     v forcats 0.5.0
2021-04-17T02:27:40.579454400Z -- Conflicts ------------------------------------------ tidyverse_conflicts() --
2021-04-17T02:27:40.579619700Z x dplyr::filter() masks stats::filter()
2021-04-17T02:27:40.579632400Z x dplyr::lag()    masks stats::lag()
2021-04-17T02:27:40.622378400Z 
2021-04-17T02:27:40.622517700Z Attaching package: 'lubridate'
2021-04-17T02:27:40.622528200Z 
2021-04-17T02:27:40.623583700Z The following objects are masked from 'package:base':
2021-04-17T02:27:40.623622000Z 
2021-04-17T02:27:40.623632100Z     date, intersect, setdiff, union
2021-04-17T02:27:40.623639300Z 
2021-04-17T02:27:43.790277900Z Loading required package: zoo
2021-04-17T02:27:43.821831600Z 
2021-04-17T02:27:43.821957000Z Attaching package: 'zoo'
2021-04-17T02:27:43.821965800Z 
2021-04-17T02:27:43.822609200Z The following objects are masked from 'package:base':
2021-04-17T02:27:43.822629400Z 
2021-04-17T02:27:43.822637300Z     as.Date, as.Date.numeric
2021-04-17T02:27:43.822644400Z 
2021-04-17T02:27:44.425032600Z <environment: R_GlobalEnv>
2021-04-17T02:27:44.425394500Z <environment: R_GlobalEnv>
2021-04-17T02:27:44.425888400Z <environment: R_GlobalEnv>


state: succeeded
commit: db07cdf22f89e61d5c906e6684fab92d8a25cbbf
docker_image_id: sha256:c2fc5042bf86134947d83ad8e70bd926e2c1f91a263c6bfe87438ad783bec981
exit_code: 0
job_id: jcapy5qacovsbtgw
run_by_user: wjchulme
created_at: 2021-04-16T21:39:15Z
started_at: 2021-04-17T02:27:35Z
completed_at: 2021-04-17T02:47:14Z

Completed successfully

outputs:
  output/over80s/noncoviddeath/az/all/estimates.csv                 - moderately_sensitive
  output/over80s/noncoviddeath/az/all/forest_plot.svg               - moderately_sensitive
  output/over80s/noncoviddeath/az/all/time_trends_region_plot3.svg  - moderately_sensitive
  output/over80s/noncoviddeath/az/all/time_trends_region_plot4.svg  - moderately_sensitive