2021-03-25T02:21:03.455231800Z -- Attaching packages --------------------------------------- tidyverse 1.3.0 --
2021-03-25T02:21:03.466439700Z v ggplot2 3.3.2     v purrr   0.3.4
2021-03-25T02:21:03.466539300Z v tibble  3.0.3     v dplyr   1.0.2
2021-03-25T02:21:03.466549400Z v tidyr   1.1.2     v stringr 1.4.0
2021-03-25T02:21:03.466556700Z v readr   1.3.1     v forcats 0.5.0
2021-03-25T02:21:03.745195000Z -- Conflicts ------------------------------------------ tidyverse_conflicts() --
2021-03-25T02:21:03.745289300Z x dplyr::filter() masks stats::filter()
2021-03-25T02:21:03.745297500Z x dplyr::lag()    masks stats::lag()
2021-03-25T02:21:03.779203000Z 
2021-03-25T02:21:03.779295600Z Attaching package: 'lubridate'
2021-03-25T02:21:03.779304800Z 
2021-03-25T02:21:03.781258200Z The following objects are masked from 'package:base':
2021-03-25T02:21:03.781285300Z 
2021-03-25T02:21:03.781293400Z     date, intersect, setdiff, union
2021-03-25T02:21:03.781300500Z 
2021-03-25T02:21:06.677860200Z #BlackLivesMatter
2021-03-25T02:21:06.809297700Z Loading required package: zoo
2021-03-25T02:21:06.835755100Z 
2021-03-25T02:21:06.835855200Z Attaching package: 'zoo'
2021-03-25T02:21:06.835863500Z 
2021-03-25T02:21:06.836452300Z The following objects are masked from 'package:base':
2021-03-25T02:21:06.836475300Z 
2021-03-25T02:21:06.836485100Z     as.Date, as.Date.numeric
2021-03-25T02:21:06.836492500Z 
2021-03-25T02:21:07.356297900Z <environment: R_GlobalEnv>
2021-03-25T02:21:07.356725400Z <environment: R_GlobalEnv>
2021-03-25T02:21:07.357136900Z <environment: R_GlobalEnv>
2021-03-25T03:00:15.711675400Z Saving 7 x 7 in image
2021-03-25T03:08:26.544209400Z Saving 7 x 7 in image
2021-03-25T03:35:12.753829900Z Saving 7 x 7 in image
2021-03-25T03:35:15.763706600Z There were 25 warnings (use warnings() to see them)
2021-03-25T03:35:15.764285900Z Warning messages:
2021-03-25T03:35:15.764312400Z 1: Removed 1 rows containing missing values (geom_segment).
2021-03-25T03:35:15.764352300Z 2: Removed 1 rows containing missing values (geom_segment).
2021-03-25T03:35:15.764503800Z 3: Removed 1 rows containing missing values (geom_segment).
2021-03-25T03:35:15.764558000Z 4: Removed 1 rows containing missing values (geom_segment).
2021-03-25T03:35:15.764570900Z 5: Removed 1 rows containing missing values (geom_segment).
2021-03-25T03:35:15.764644600Z 6: Removed 1 rows containing missing values (geom_segment).
2021-03-25T03:35:15.764663800Z 7: Removed 1 rows containing missing values (geom_segment).
2021-03-25T03:35:15.764786900Z 8: Removed 1 rows containing missing values (geom_segment).
2021-03-25T03:35:15.764847500Z 9: Removed 1 rows containing missing values (geom_segment).
2021-03-25T03:35:15.764856100Z 10: Removed 1 rows containing missing values (geom_segment).
2021-03-25T03:35:15.764866300Z 11: Removed 1 rows containing missing values (geom_segment).
2021-03-25T03:35:15.764874100Z 12: Removed 1 rows containing missing values (geom_segment).
2021-03-25T03:35:15.765115600Z 13: Removed 1 rows containing missing values (geom_segment).
2021-03-25T03:35:15.765140500Z 14: Removed 1 rows containing missing values (geom_segment).
2021-03-25T03:35:15.765150400Z 15: Removed 1 rows containing missing values (geom_segment).
2021-03-25T03:35:15.765158700Z 16: Removed 1 rows containing missing values (geom_segment).
2021-03-25T03:35:15.765346700Z 17: Removed 1 rows containing missing values (geom_segment).
2021-03-25T03:35:15.765418100Z 18: Removed 1 rows containing missing values (geom_segment).
2021-03-25T03:35:15.765478200Z 19: Removed 1 rows containing missing values (geom_segment).
2021-03-25T03:35:15.765488700Z 20: Removed 1 rows containing missing values (geom_segment).
2021-03-25T03:35:15.765547300Z 21: Removed 1 rows containing missing values (geom_segment).
2021-03-25T03:35:15.765602200Z 22: Removed 1 rows containing missing values (geom_segment).
2021-03-25T03:35:15.765617800Z 23: Removed 1 rows containing missing values (geom_segment).
2021-03-25T03:35:15.765625700Z 24: Removed 1 rows containing missing values (geom_segment).
2021-03-25T03:35:15.765683700Z 25: Removed 1 rows containing missing values (geom_segment).


state: succeeded
commit: 043669324e32bd76b2afb705602f9cca724a6602
docker_image_id: sha256:876a994cdafb8d3fb4b710249fd7716a31efd3ea26cb3faf7aa2187853c6c624
exit_code: 0
job_id: kea7rkdjr3mtd4mi
run_by_user: wjchulme
created_at: 2021-03-24T23:19:40Z
started_at: 2021-03-25T02:20:59Z
completed_at: 2021-03-25T03:35:57Z

Completed successfully

outputs:
  output/over80s/noncoviddeath/az/all/all/plot_ipwdeath.svg      - moderately_sensitive
  output/over80s/noncoviddeath/az/all/all/plot_ipwvaxaz1.svg     - moderately_sensitive
  output/over80s/noncoviddeath/az/all/all/plot_ipwvaxfizer1.svg  - moderately_sensitive
  output/over80s/noncoviddeath/az/all/all/tab_ipwdeath.csv       - moderately_sensitive
  output/over80s/noncoviddeath/az/all/all/tab_ipwdeath.html      - moderately_sensitive
  output/over80s/noncoviddeath/az/all/all/tab_ipwvaxaz1.csv      - moderately_sensitive
  output/over80s/noncoviddeath/az/all/all/tab_ipwvaxaz1.html     - moderately_sensitive
  output/over80s/noncoviddeath/az/all/all/tab_ipwvaxfizer1.html  - moderately_sensitive
  output/over80s/noncoviddeath/az/all/all/tab_ipwvaxpfizer1.csv  - moderately_sensitive
  output/over80s/noncoviddeath/az/all/all/tab_pfizer_az.html     - moderately_sensitive