2021-03-31T09:20:57.783814700Z -- Attaching packages --------------------------------------- tidyverse 1.3.0 --
2021-03-31T09:20:57.792917600Z v ggplot2 3.3.2     v purrr   0.3.4
2021-03-31T09:20:57.792950900Z v tibble  3.0.3     v dplyr   1.0.2
2021-03-31T09:20:57.792959400Z v tidyr   1.1.2     v stringr 1.4.0
2021-03-31T09:20:57.792966500Z v readr   1.3.1     v forcats 0.5.0
2021-03-31T09:20:57.977299100Z -- Conflicts ------------------------------------------ tidyverse_conflicts() --
2021-03-31T09:20:57.977368800Z x dplyr::filter() masks stats::filter()
2021-03-31T09:20:57.977377400Z x dplyr::lag()    masks stats::lag()
2021-03-31T09:20:57.994043900Z 
2021-03-31T09:20:57.994120800Z Attaching package: 'lubridate'
2021-03-31T09:20:57.994129200Z 
2021-03-31T09:20:57.995668900Z The following objects are masked from 'package:base':
2021-03-31T09:20:57.995691100Z 
2021-03-31T09:20:57.995699900Z     date, intersect, setdiff, union
2021-03-31T09:20:57.995707200Z 
2021-03-31T09:21:00.179362900Z Loading required package: zoo
2021-03-31T09:21:00.193025400Z 
2021-03-31T09:21:00.193107300Z Attaching package: 'zoo'
2021-03-31T09:21:00.193115900Z 
2021-03-31T09:21:00.193640600Z The following objects are masked from 'package:base':
2021-03-31T09:21:00.193661100Z 
2021-03-31T09:21:00.193669000Z     as.Date, as.Date.numeric
2021-03-31T09:21:00.193676300Z 
2021-03-31T09:21:00.583121900Z <environment: R_GlobalEnv>
2021-03-31T09:21:00.583900900Z <environment: R_GlobalEnv>
2021-03-31T09:21:00.584236200Z <environment: R_GlobalEnv>


state: succeeded
commit: 2f1293a9d16087f628fb5801aeead17c32437680
docker_image_id: sha256:876a994cdafb8d3fb4b710249fd7716a31efd3ea26cb3faf7aa2187853c6c624
exit_code: 0
job_id: glzykp6ja2ezjd3y
run_by_user: wjchulme
created_at: 2021-03-31T08:50:12Z
started_at: 2021-03-31T09:20:55Z
completed_at: 2021-03-31T09:26:25Z

Completed successfully

outputs:
  output/over80s/noncoviddeath/any/all/estimates_cox.csv    - moderately_sensitive
  output/over80s/noncoviddeath/any/all/forest_plot_cox.svg  - moderately_sensitive