2021-05-17T21:26:09.579706200Z -- Attaching packages --------------------------------------- tidyverse 1.3.0 --
2021-05-17T21:26:09.590408200Z v ggplot2 3.3.2     v purrr   0.3.4
2021-05-17T21:26:09.590451000Z v tibble  3.0.3     v dplyr   1.0.2
2021-05-17T21:26:09.590459800Z v tidyr   1.1.2     v stringr 1.4.0
2021-05-17T21:26:09.590467200Z v readr   1.3.1     v forcats 0.5.0
2021-05-17T21:26:09.789083400Z -- Conflicts ------------------------------------------ tidyverse_conflicts() --
2021-05-17T21:26:09.789159500Z x dplyr::filter() masks stats::filter()
2021-05-17T21:26:09.789168000Z x dplyr::lag()    masks stats::lag()
2021-05-17T21:26:09.804637900Z 
2021-05-17T21:26:09.804660700Z Attaching package: 'lubridate'
2021-05-17T21:26:09.804669100Z 
2021-05-17T21:26:09.806102400Z The following objects are masked from 'package:base':
2021-05-17T21:26:09.806119700Z 
2021-05-17T21:26:09.806127600Z     date, intersect, setdiff, union
2021-05-17T21:26:09.806134600Z 
2021-05-17T21:26:12.058977400Z Loading required package: zoo
2021-05-17T21:26:12.071195500Z 
2021-05-17T21:26:12.071218700Z Attaching package: 'zoo'
2021-05-17T21:26:12.071227100Z 
2021-05-17T21:26:12.071831100Z The following objects are masked from 'package:base':
2021-05-17T21:26:12.071852400Z 
2021-05-17T21:26:12.071861500Z     as.Date, as.Date.numeric
2021-05-17T21:26:12.071868900Z 
2021-05-17T21:26:12.476125800Z <environment: R_GlobalEnv>
2021-05-17T21:26:12.476899400Z <environment: R_GlobalEnv>
2021-05-17T21:26:12.476961100Z <environment: R_GlobalEnv>
2021-05-17T22:50:03.909941500Z There were 20 warnings (use warnings() to see them)
2021-05-17T22:50:03.910311600Z Warning messages:
2021-05-17T22:50:03.910492700Z 1: Removed 1 rows containing missing values (geom_segment).
2021-05-17T22:50:03.910559200Z 2: Removed 1 rows containing missing values (geom_segment).
2021-05-17T22:50:03.910704600Z 3: Removed 1 rows containing missing values (geom_segment).
2021-05-17T22:50:03.910722400Z 4: Removed 1 rows containing missing values (geom_segment).
2021-05-17T22:50:03.910733600Z 5: Removed 1 rows containing missing values (geom_segment).
2021-05-17T22:50:03.910742000Z 6: Removed 1 rows containing missing values (geom_segment).
2021-05-17T22:50:03.910861200Z 7: Removed 1 rows containing missing values (geom_segment).
2021-05-17T22:50:03.910944300Z 8: Removed 1 rows containing missing values (geom_segment).
2021-05-17T22:50:03.911010500Z 9: Removed 1 rows containing missing values (geom_segment).
2021-05-17T22:50:03.911026400Z 10: Removed 1 rows containing missing values (geom_segment).
2021-05-17T22:50:03.911103600Z 11: Removed 1 rows containing missing values (geom_segment).
2021-05-17T22:50:03.911245100Z 12: Removed 1 rows containing missing values (geom_segment).
2021-05-17T22:50:03.911315600Z 13: Removed 1 rows containing missing values (geom_segment).
2021-05-17T22:50:03.911375900Z 14: Removed 1 rows containing missing values (geom_segment).
2021-05-17T22:50:03.911390300Z 15: Removed 1 rows containing missing values (geom_segment).
2021-05-17T22:50:03.911447000Z 16: Removed 1 rows containing missing values (geom_segment).
2021-05-17T22:50:03.911505400Z 17: Removed 1 rows containing missing values (geom_segment).
2021-05-17T22:50:03.911570900Z 18: Removed 1 rows containing missing values (geom_segment).
2021-05-17T22:50:03.911709800Z 19: Removed 1 rows containing missing values (geom_segment).
2021-05-17T22:50:03.911725400Z 20: Removed 1 rows containing missing values (geom_segment).


state: succeeded
commit: 6fff8b080ef5b019bcac6bd03903fef0f2ebabd2
docker_image_id: sha256:fd70d515514910d8399e807135f3decedae0a426b222b3488810a7aa5283eafb
exit_code: 0
job_id: ilquijwjbdxfcmhw
run_by_user: wjchulme
created_at: 2021-05-17T21:24:30Z
started_at: 2021-05-17T21:26:06Z
completed_at: 2021-05-17T22:50:36Z

Completed successfully

outputs:
  output/in70s/death/pfizer/all/all/gt_vaxaz1.rds       - highly_sensitive    
  output/in70s/death/pfizer/all/all/gt_vaxpfizer1.rds   - highly_sensitive    
  output/in70s/death/pfizer/all/all/plot_vaxaz1.svg     - moderately_sensitive
  output/in70s/death/pfizer/all/all/plot_vaxfizer1.svg  - moderately_sensitive
  output/in70s/death/pfizer/all/all/tab_pfizer_az.html  - moderately_sensitive
  output/in70s/death/pfizer/all/all/tab_vaxaz1.csv      - moderately_sensitive
  output/in70s/death/pfizer/all/all/tab_vaxaz1.html     - moderately_sensitive
  output/in70s/death/pfizer/all/all/tab_vaxfizer1.html  - moderately_sensitive
  output/in70s/death/pfizer/all/all/tab_vaxpfizer1.csv  - moderately_sensitive