2021-04-19T04:03:37.879029000Z -- Attaching packages --------------------------------------- tidyverse 1.3.0 --
2021-04-19T04:03:37.893842800Z v ggplot2 3.3.2     v purrr   0.3.4
2021-04-19T04:03:37.893930600Z v tibble  3.0.3     v dplyr   1.0.2
2021-04-19T04:03:37.893938900Z v tidyr   1.1.2     v stringr 1.4.0
2021-04-19T04:03:37.893946200Z v readr   1.3.1     v forcats 0.5.0
2021-04-19T04:03:38.135242800Z -- Conflicts ------------------------------------------ tidyverse_conflicts() --
2021-04-19T04:03:38.135335700Z x dplyr::filter() masks stats::filter()
2021-04-19T04:03:38.135344600Z x dplyr::lag()    masks stats::lag()
2021-04-19T04:03:38.162105400Z 
2021-04-19T04:03:38.162195200Z Attaching package: 'lubridate'
2021-04-19T04:03:38.162204100Z 
2021-04-19T04:03:38.163895000Z The following objects are masked from 'package:base':
2021-04-19T04:03:38.163925100Z 
2021-04-19T04:03:38.163934300Z     date, intersect, setdiff, union
2021-04-19T04:03:38.163941700Z 
2021-04-19T04:03:40.746216100Z #Uighur
2021-04-19T04:03:40.847616900Z Loading required package: zoo
2021-04-19T04:03:40.871889100Z 
2021-04-19T04:03:40.871968500Z Attaching package: 'zoo'
2021-04-19T04:03:40.871976600Z 
2021-04-19T04:03:40.872559800Z The following objects are masked from 'package:base':
2021-04-19T04:03:40.872582800Z 
2021-04-19T04:03:40.872591800Z     as.Date, as.Date.numeric
2021-04-19T04:03:40.872599100Z 
2021-04-19T04:03:41.405071000Z <environment: R_GlobalEnv>
2021-04-19T04:03:41.405471200Z <environment: R_GlobalEnv>
2021-04-19T04:03:41.523452400Z Parsed with column specification:
2021-04-19T04:03:41.523549500Z cols(
2021-04-19T04:03:41.523557900Z   term = col_character(),
2021-04-19T04:03:41.523565500Z   estimate = col_double(),
2021-04-19T04:03:41.523572700Z   std.error = col_double(),
2021-04-19T04:03:41.523579900Z   statistic = col_double(),
2021-04-19T04:03:41.523587000Z   p.value = col_double(),
2021-04-19T04:03:41.523594100Z   conf.low = col_double(),
2021-04-19T04:03:41.523601000Z   conf.high = col_double(),
2021-04-19T04:03:41.523608000Z   or = col_double(),
2021-04-19T04:03:41.523614900Z   or.ll = col_double(),
2021-04-19T04:03:41.523622000Z   or.ul = col_double(),
2021-04-19T04:03:41.523629600Z   model = col_character(),
2021-04-19T04:03:41.523636800Z   strata = col_character()
2021-04-19T04:03:41.523644000Z )
2021-04-19T04:03:41.737194700Z Parsed with column specification:
2021-04-19T04:03:41.737283500Z cols(
2021-04-19T04:03:41.737292600Z   term = col_character(),
2021-04-19T04:03:41.737340600Z   estimate = col_double(),
2021-04-19T04:03:41.737348300Z   std.error = col_double(),
2021-04-19T04:03:41.737355000Z   statistic = col_double(),
2021-04-19T04:03:41.737400100Z   p.value = col_double(),
2021-04-19T04:03:41.737408100Z   conf.low = col_double(),
2021-04-19T04:03:41.737414900Z   conf.high = col_double(),
2021-04-19T04:03:41.737421600Z   or = col_double(),
2021-04-19T04:03:41.737428800Z   or.ll = col_double(),
2021-04-19T04:03:41.737435500Z   or.ul = col_double(),
2021-04-19T04:03:41.737442300Z   model = col_character(),
2021-04-19T04:03:41.737449000Z   strata = col_character()
2021-04-19T04:03:41.737455800Z )
2021-04-19T04:03:41.751004300Z Parsed with column specification:
2021-04-19T04:03:41.751096100Z cols(
2021-04-19T04:03:41.751104900Z   term = col_character(),
2021-04-19T04:03:41.751112200Z   estimate = col_double(),
2021-04-19T04:03:41.751119200Z   std.error = col_double(),
2021-04-19T04:03:41.751126800Z   statistic = col_double(),
2021-04-19T04:03:41.751133800Z   p.value = col_double(),
2021-04-19T04:03:41.751140800Z   conf.low = col_double(),
2021-04-19T04:03:41.751147800Z   conf.high = col_double(),
2021-04-19T04:03:41.751154800Z   or = col_double(),
2021-04-19T04:03:41.751161600Z   or.ll = col_double(),
2021-04-19T04:03:41.751168600Z   or.ul = col_double(),
2021-04-19T04:03:41.751175400Z   model = col_character(),
2021-04-19T04:03:41.751182400Z   strata = col_character()
2021-04-19T04:03:41.751189300Z )
2021-04-19T04:03:41.764321400Z Parsed with column specification:
2021-04-19T04:03:41.764427700Z cols(
2021-04-19T04:03:41.764437500Z   term = col_character(),
2021-04-19T04:03:41.764444800Z   estimate = col_double(),
2021-04-19T04:03:41.764452000Z   std.error = col_double(),
2021-04-19T04:03:41.764459000Z   statistic = col_double(),
2021-04-19T04:03:41.764466200Z   p.value = col_double(),
2021-04-19T04:03:41.764473200Z   conf.low = col_double(),
2021-04-19T04:03:41.764480200Z   conf.high = col_double(),
2021-04-19T04:03:41.764487100Z   or = col_double(),
2021-04-19T04:03:41.764494300Z   or.ll = col_double(),
2021-04-19T04:03:41.764501200Z   or.ul = col_double(),
2021-04-19T04:03:41.764508400Z   model = col_character(),
2021-04-19T04:03:41.764515300Z   strata = col_character()
2021-04-19T04:03:41.764522500Z )


state: succeeded
commit: 33f52791c8cce80c6c198db74da25e5b695f71d1
docker_image_id: sha256:c2fc5042bf86134947d83ad8e70bd926e2c1f91a263c6bfe87438ad783bec981
exit_code: 0
job_id: x34tvqpi36p6w3dd
run_by_user: wjchulme
created_at: 2021-04-18T20:34:40Z
started_at: 2021-04-19T04:03:34Z
completed_at: 2021-04-19T04:03:50Z

Completed successfully

outputs:
  output/in70s/estimates_any_all.csv    - moderately_sensitive
  output/in70s/estimates_any_all.html   - moderately_sensitive
  output/in70s/forest_plot_any_all.svg  - moderately_sensitive