2021-04-15T19:55:12.930979600Z -- Attaching packages --------------------------------------- tidyverse 1.3.0 --
2021-04-15T19:55:12.939782400Z v ggplot2 3.3.2     v purrr   0.3.4
2021-04-15T19:55:12.939845900Z v tibble  3.0.3     v dplyr   1.0.2
2021-04-15T19:55:12.939854400Z v tidyr   1.1.2     v stringr 1.4.0
2021-04-15T19:55:12.939861400Z v readr   1.3.1     v forcats 0.5.0
2021-04-15T19:55:13.118329600Z -- Conflicts ------------------------------------------ tidyverse_conflicts() --
2021-04-15T19:55:13.118391500Z x dplyr::filter() masks stats::filter()
2021-04-15T19:55:13.118400400Z x dplyr::lag()    masks stats::lag()
2021-04-15T19:55:13.134654300Z 
2021-04-15T19:55:13.134724600Z Attaching package: 'lubridate'
2021-04-15T19:55:13.134733600Z 
2021-04-15T19:55:13.136246100Z The following objects are masked from 'package:base':
2021-04-15T19:55:13.136283700Z 
2021-04-15T19:55:13.136292500Z     date, intersect, setdiff, union
2021-04-15T19:55:13.136299700Z 
2021-04-15T19:55:15.376793700Z Loading required package: zoo
2021-04-15T19:55:15.388295100Z 
2021-04-15T19:55:15.388317300Z Attaching package: 'zoo'
2021-04-15T19:55:15.388325200Z 
2021-04-15T19:55:15.388976000Z The following objects are masked from 'package:base':
2021-04-15T19:55:15.389000100Z 
2021-04-15T19:55:15.389008600Z     as.Date, as.Date.numeric
2021-04-15T19:55:15.389015800Z 
2021-04-15T19:55:15.801491400Z <environment: R_GlobalEnv>
2021-04-15T19:55:15.801977900Z <environment: R_GlobalEnv>
2021-04-15T19:55:15.802259100Z <environment: R_GlobalEnv>
2021-04-15T20:23:58.157791500Z There were 22 warnings (use warnings() to see them)
2021-04-15T20:23:58.164731200Z Warning messages:
2021-04-15T20:23:58.165148500Z 1: Removed 1 rows containing missing values (geom_segment).
2021-04-15T20:23:58.165164700Z 2: Removed 1 rows containing missing values (geom_segment).
2021-04-15T20:23:58.165271900Z 3: Removed 1 rows containing missing values (geom_segment).
2021-04-15T20:23:58.165286900Z 4: Removed 1 rows containing missing values (geom_segment).
2021-04-15T20:23:58.165378100Z 5: Removed 1 rows containing missing values (geom_segment).
2021-04-15T20:23:58.165396600Z 6: Removed 1 rows containing missing values (geom_segment).
2021-04-15T20:23:58.165523300Z 7: Removed 1 rows containing missing values (geom_segment).
2021-04-15T20:23:58.165537300Z 8: Removed 1 rows containing missing values (geom_segment).
2021-04-15T20:23:58.165660300Z 9: Removed 1 rows containing missing values (geom_segment).
2021-04-15T20:23:58.165676200Z 10: Removed 1 rows containing missing values (geom_segment).
2021-04-15T20:23:58.165982300Z 11: Removed 1 rows containing missing values (geom_segment).
2021-04-15T20:23:58.166021700Z 12: Removed 1 rows containing missing values (geom_segment).
2021-04-15T20:23:58.166144100Z 13: Removed 1 rows containing missing values (geom_segment).
2021-04-15T20:23:58.166159500Z 14: Removed 1 rows containing missing values (geom_segment).
2021-04-15T20:23:58.166292700Z 15: Removed 1 rows containing missing values (geom_segment).
2021-04-15T20:23:58.166306800Z 16: Removed 1 rows containing missing values (geom_segment).
2021-04-15T20:23:58.166314700Z 17: Removed 1 rows containing missing values (geom_segment).
2021-04-15T20:23:58.166469000Z 18: Removed 1 rows containing missing values (geom_segment).
2021-04-15T20:23:58.166518200Z 19: Removed 1 rows containing missing values (geom_segment).
2021-04-15T20:23:58.166530500Z 20: Removed 1 rows containing missing values (geom_segment).
2021-04-15T20:23:58.166586900Z 21: Removed 1 rows containing missing values (geom_segment).
2021-04-15T20:23:58.166621300Z 22: Removed 1 rows containing missing values (geom_segment).


state: succeeded
commit: 25565b402803e6d31019351e0ac564dfbec95993
docker_image_id: sha256:c2fc5042bf86134947d83ad8e70bd926e2c1f91a263c6bfe87438ad783bec981
exit_code: 0
job_id: 2n7na5p26ivop6ql
run_by_user: wjchulme
created_at: 2021-04-15T12:46:04Z
started_at: 2021-04-15T19:55:10Z
completed_at: 2021-04-15T20:24:39Z

Completed successfully

outputs:
  output/over80s/covidadmitted/pfizer/all/all/plot_death.svg      - moderately_sensitive
  output/over80s/covidadmitted/pfizer/all/all/plot_vaxfizer1.svg  - moderately_sensitive
  output/over80s/covidadmitted/pfizer/all/all/tab_death.csv       - moderately_sensitive
  output/over80s/covidadmitted/pfizer/all/all/tab_death.html      - moderately_sensitive
  output/over80s/covidadmitted/pfizer/all/all/tab_pfizer_az.html  - moderately_sensitive
  output/over80s/covidadmitted/pfizer/all/all/tab_vaxaz1.csv      - moderately_sensitive
  output/over80s/covidadmitted/pfizer/all/all/tab_vaxfizer1.html  - moderately_sensitive
  output/over80s/covidadmitted/pfizer/all/all/tab_vaxpfizer1.csv  - moderately_sensitive