2021-04-29T10:22:27.016874300Z -- Attaching packages --------------------------------------- tidyverse 1.3.0 --
2021-04-29T10:22:27.025592000Z v ggplot2 3.3.2     v purrr   0.3.4
2021-04-29T10:22:27.025612100Z v tibble  3.0.3     v dplyr   1.0.2
2021-04-29T10:22:27.025620000Z v tidyr   1.1.2     v stringr 1.4.0
2021-04-29T10:22:27.025627000Z v readr   1.3.1     v forcats 0.5.0
2021-04-29T10:22:27.190992100Z -- Conflicts ------------------------------------------ tidyverse_conflicts() --
2021-04-29T10:22:27.191071800Z x dplyr::filter() masks stats::filter()
2021-04-29T10:22:27.191080600Z x dplyr::lag()    masks stats::lag()
2021-04-29T10:22:27.206241600Z 
2021-04-29T10:22:27.206307300Z Attaching package: 'lubridate'
2021-04-29T10:22:27.206316000Z 
2021-04-29T10:22:27.207689500Z The following objects are masked from 'package:base':
2021-04-29T10:22:27.207734500Z 
2021-04-29T10:22:27.207743200Z     date, intersect, setdiff, union
2021-04-29T10:22:27.207750600Z 
2021-04-29T10:22:29.350633400Z Loading required package: zoo
2021-04-29T10:22:29.363305100Z 
2021-04-29T10:22:29.363381300Z Attaching package: 'zoo'
2021-04-29T10:22:29.363390100Z 
2021-04-29T10:22:29.363896200Z The following objects are masked from 'package:base':
2021-04-29T10:22:29.363912700Z 
2021-04-29T10:22:29.363920100Z     as.Date, as.Date.numeric
2021-04-29T10:22:29.363927200Z 
2021-04-29T10:22:29.768341700Z <environment: R_GlobalEnv>
2021-04-29T10:22:29.770374400Z <environment: R_GlobalEnv>
2021-04-29T10:22:30.027535600Z Parsed with column specification:
2021-04-29T10:22:30.027593300Z cols(
2021-04-29T10:22:30.027602000Z   term = col_character(),
2021-04-29T10:22:30.027609100Z   estimate = col_double(),
2021-04-29T10:22:30.027616300Z   std.error = col_double(),
2021-04-29T10:22:30.027623100Z   statistic = col_double(),
2021-04-29T10:22:30.027664400Z   p.value = col_double(),
2021-04-29T10:22:30.027675500Z   conf.low = col_double(),
2021-04-29T10:22:30.027682600Z   conf.high = col_double(),
2021-04-29T10:22:30.027689400Z   or = col_double(),
2021-04-29T10:22:30.027696500Z   or.ll = col_double(),
2021-04-29T10:22:30.027703300Z   or.ul = col_double(),
2021-04-29T10:22:30.027710200Z   model = col_character(),
2021-04-29T10:22:30.027717000Z   strata = col_character()
2021-04-29T10:22:30.027724000Z )
2021-04-29T10:22:30.206366400Z Parsed with column specification:
2021-04-29T10:22:30.206443100Z cols(
2021-04-29T10:22:30.206451700Z   term = col_character(),
2021-04-29T10:22:30.206458900Z   estimate = col_double(),
2021-04-29T10:22:30.206499500Z   std.error = col_double(),
2021-04-29T10:22:30.206507600Z   statistic = col_double(),
2021-04-29T10:22:30.206514800Z   p.value = col_double(),
2021-04-29T10:22:30.206521500Z   conf.low = col_double(),
2021-04-29T10:22:30.206529000Z   conf.high = col_double(),
2021-04-29T10:22:30.206536000Z   or = col_double(),
2021-04-29T10:22:30.206543100Z   or.ll = col_double(),
2021-04-29T10:22:30.206550800Z   or.ul = col_double(),
2021-04-29T10:22:30.206557700Z   model = col_character(),
2021-04-29T10:22:30.206564400Z   strata = col_character()
2021-04-29T10:22:30.206571100Z )
2021-04-29T10:22:30.217201400Z Parsed with column specification:
2021-04-29T10:22:30.217257400Z cols(
2021-04-29T10:22:30.217265500Z   term = col_character(),
2021-04-29T10:22:30.217272300Z   estimate = col_double(),
2021-04-29T10:22:30.217279200Z   std.error = col_double(),
2021-04-29T10:22:30.217285900Z   statistic = col_double(),
2021-04-29T10:22:30.217292700Z   p.value = col_double(),
2021-04-29T10:22:30.217299500Z   conf.low = col_double(),
2021-04-29T10:22:30.217306400Z   conf.high = col_double(),
2021-04-29T10:22:30.217313100Z   or = col_double(),
2021-04-29T10:22:30.217319900Z   or.ll = col_double(),
2021-04-29T10:22:30.217326500Z   or.ul = col_double(),
2021-04-29T10:22:30.217333600Z   model = col_character(),
2021-04-29T10:22:30.217340300Z   strata = col_character()
2021-04-29T10:22:30.217347100Z )
2021-04-29T10:22:30.227556300Z Parsed with column specification:
2021-04-29T10:22:30.227588800Z cols(
2021-04-29T10:22:30.227598200Z   term = col_character(),
2021-04-29T10:22:30.227605400Z   estimate = col_double(),
2021-04-29T10:22:30.227612400Z   std.error = col_double(),
2021-04-29T10:22:30.227619100Z   statistic = col_double(),
2021-04-29T10:22:30.227626100Z   p.value = col_double(),
2021-04-29T10:22:30.227666800Z   conf.low = col_double(),
2021-04-29T10:22:30.227675100Z   conf.high = col_double(),
2021-04-29T10:22:30.227682000Z   or = col_double(),
2021-04-29T10:22:30.227688900Z   or.ll = col_double(),
2021-04-29T10:22:30.227695900Z   or.ul = col_double(),
2021-04-29T10:22:30.227702900Z   model = col_character(),
2021-04-29T10:22:30.227709700Z   strata = col_character()
2021-04-29T10:22:30.227716600Z )
2021-04-29T10:22:30.238097200Z Parsed with column specification:
2021-04-29T10:22:30.238130500Z cols(
2021-04-29T10:22:30.238140200Z   term = col_character(),
2021-04-29T10:22:30.238147400Z   estimate = col_double(),
2021-04-29T10:22:30.238182900Z   std.error = col_double(),
2021-04-29T10:22:30.238190800Z   statistic = col_double(),
2021-04-29T10:22:30.238198000Z   p.value = col_double(),
2021-04-29T10:22:30.238204800Z   conf.low = col_double(),
2021-04-29T10:22:30.238211400Z   conf.high = col_double(),
2021-04-29T10:22:30.238218200Z   or = col_double(),
2021-04-29T10:22:30.238224700Z   or.ll = col_double(),
2021-04-29T10:22:30.238231600Z   or.ul = col_double(),
2021-04-29T10:22:30.238238300Z   model = col_character(),
2021-04-29T10:22:30.238245000Z   strata = col_character()
2021-04-29T10:22:30.238251600Z )


state: succeeded
commit: 6c61ac4a4f96006388ebde71bb2060ebab2f701f
docker_image_id: sha256:c2fc5042bf86134947d83ad8e70bd926e2c1f91a263c6bfe87438ad783bec981
exit_code: 0
job_id: jubif6umo3l74kye
run_by_user: wjchulme
created_at: 2021-04-29T08:13:49Z
started_at: 2021-04-29T10:22:24Z
completed_at: 2021-04-29T10:46:27Z

Completed successfully

outputs:
  output/over80s/estimates_any_all.csv    - moderately_sensitive
  output/over80s/estimates_any_all.html   - moderately_sensitive
  output/over80s/forest_plot_any_all.svg  - moderately_sensitive