2021-05-04T15:11:32.077380500Z -- Attaching packages --------------------------------------- tidyverse 1.3.0 --
2021-05-04T15:11:32.087635800Z v ggplot2 3.3.2     v purrr   0.3.4
2021-05-04T15:11:32.087711300Z v tibble  3.0.3     v dplyr   1.0.2
2021-05-04T15:11:32.087719700Z v tidyr   1.1.2     v stringr 1.4.0
2021-05-04T15:11:32.087727000Z v readr   1.3.1     v forcats 0.5.0
2021-05-04T15:11:32.305203300Z -- Conflicts ------------------------------------------ tidyverse_conflicts() --
2021-05-04T15:11:32.305276800Z x dplyr::filter() masks stats::filter()
2021-05-04T15:11:32.305285700Z x dplyr::lag()    masks stats::lag()
2021-05-04T15:11:32.321874100Z 
2021-05-04T15:11:32.321939600Z Attaching package: 'lubridate'
2021-05-04T15:11:32.321948400Z 
2021-05-04T15:11:32.323395800Z The following objects are masked from 'package:base':
2021-05-04T15:11:32.323413900Z 
2021-05-04T15:11:32.323421200Z     date, intersect, setdiff, union
2021-05-04T15:11:32.323428200Z 
2021-05-04T15:11:34.877408300Z Loading required package: zoo
2021-05-04T15:11:34.891687700Z 
2021-05-04T15:11:34.891790500Z Attaching package: 'zoo'
2021-05-04T15:11:34.891801300Z 
2021-05-04T15:11:34.892352100Z The following objects are masked from 'package:base':
2021-05-04T15:11:34.892396300Z 
2021-05-04T15:11:34.892411100Z     as.Date, as.Date.numeric
2021-05-04T15:11:34.892419500Z 
2021-05-04T15:11:35.329450400Z <environment: R_GlobalEnv>
2021-05-04T15:11:35.329860400Z <environment: R_GlobalEnv>
2021-05-04T15:11:35.330259600Z <environment: R_GlobalEnv>
2021-05-04T15:59:57.020329000Z There were 19 warnings (use warnings() to see them)
2021-05-04T15:59:57.020936100Z Warning messages:
2021-05-04T15:59:57.020967700Z 1: Removed 1 rows containing missing values (geom_segment).
2021-05-04T15:59:57.020980200Z 2: Removed 1 rows containing missing values (geom_segment).
2021-05-04T15:59:57.021041200Z 3: Removed 1 rows containing missing values (geom_segment).
2021-05-04T15:59:57.021066300Z 4: Removed 1 rows containing missing values (geom_segment).
2021-05-04T15:59:57.021200900Z 5: Removed 1 rows containing missing values (geom_segment).
2021-05-04T15:59:57.021216800Z 6: Removed 1 rows containing missing values (geom_segment).
2021-05-04T15:59:57.021233800Z 7: Removed 1 rows containing missing values (geom_segment).
2021-05-04T15:59:57.021349500Z 8: Removed 1 rows containing missing values (geom_segment).
2021-05-04T15:59:57.021455800Z 9: Removed 1 rows containing missing values (geom_segment).
2021-05-04T15:59:57.021476300Z 10: Removed 1 rows containing missing values (geom_segment).
2021-05-04T15:59:57.021487000Z 11: Removed 1 rows containing missing values (geom_segment).
2021-05-04T15:59:57.021579900Z 12: Removed 1 rows containing missing values (geom_segment).
2021-05-04T15:59:57.021703300Z 13: Removed 1 rows containing missing values (geom_segment).
2021-05-04T15:59:57.021730600Z 14: Removed 1 rows containing missing values (geom_segment).
2021-05-04T15:59:57.021795200Z 15: Removed 1 rows containing missing values (geom_segment).
2021-05-04T15:59:57.021809700Z 16: Removed 1 rows containing missing values (geom_segment).
2021-05-04T15:59:57.021817500Z 17: Removed 1 rows containing missing values (geom_segment).
2021-05-04T15:59:57.021940500Z 18: Removed 1 rows containing missing values (geom_segment).
2021-05-04T15:59:57.021956100Z 19: Removed 1 rows containing missing values (geom_segment).


state: succeeded
commit: 51a4ede907245327eb9788e4c65335feff83e426
docker_image_id: sha256:c2fc5042bf86134947d83ad8e70bd926e2c1f91a263c6bfe87438ad783bec981
exit_code: 0
job_id: zi63p2jyrfbxtdnj
run_by_user: wjchulme
created_at: 2021-05-04T10:01:20Z
started_at: 2021-05-04T15:11:28Z
completed_at: 2021-05-04T16:02:57Z

Completed successfully

outputs:
  output/over80s/covidadmitted/any/all/all/gt_vaxany1.rds    - moderately_sensitive
  output/over80s/covidadmitted/any/all/all/plot_death.svg    - moderately_sensitive
  output/over80s/covidadmitted/any/all/all/plot_vaxany1.svg  - moderately_sensitive
  output/over80s/covidadmitted/any/all/all/tab_death.csv     - moderately_sensitive
  output/over80s/covidadmitted/any/all/all/tab_death.html    - moderately_sensitive
  output/over80s/covidadmitted/any/all/all/tab_vaxany1.csv   - moderately_sensitive
  output/over80s/covidadmitted/any/all/all/tab_vaxany1.html  - moderately_sensitive