2021-04-15T20:11:47.149306700Z -- Attaching packages --------------------------------------- tidyverse 1.3.0 --
2021-04-15T20:11:47.160382200Z v ggplot2 3.3.2     v purrr   0.3.4
2021-04-15T20:11:47.160485900Z v tibble  3.0.3     v dplyr   1.0.2
2021-04-15T20:11:47.160495100Z v tidyr   1.1.2     v stringr 1.4.0
2021-04-15T20:11:47.160502400Z v readr   1.3.1     v forcats 0.5.0
2021-04-15T20:11:47.434377300Z -- Conflicts ------------------------------------------ tidyverse_conflicts() --
2021-04-15T20:11:47.434475100Z x dplyr::filter() masks stats::filter()
2021-04-15T20:11:47.434484800Z x dplyr::lag()    masks stats::lag()
2021-04-15T20:11:47.475512000Z 
2021-04-15T20:11:47.475612800Z Attaching package: 'lubridate'
2021-04-15T20:11:47.475621000Z 
2021-04-15T20:11:47.478348600Z The following objects are masked from 'package:base':
2021-04-15T20:11:47.478438100Z 
2021-04-15T20:11:47.478445400Z     date, intersect, setdiff, union
2021-04-15T20:11:47.478452600Z 
2021-04-15T20:11:50.535567500Z Loading required package: zoo
2021-04-15T20:11:50.571303400Z 
2021-04-15T20:11:50.571398900Z Attaching package: 'zoo'
2021-04-15T20:11:50.571407600Z 
2021-04-15T20:11:50.572131800Z The following objects are masked from 'package:base':
2021-04-15T20:11:50.572194500Z 
2021-04-15T20:11:50.572203100Z     as.Date, as.Date.numeric
2021-04-15T20:11:50.572210200Z 
2021-04-15T20:11:51.149743200Z <environment: R_GlobalEnv>
2021-04-15T20:11:51.150284300Z <environment: R_GlobalEnv>
2021-04-15T20:11:51.150676300Z <environment: R_GlobalEnv>
2021-04-15T20:31:15.948941400Z There were 22 warnings (use warnings() to see them)
2021-04-15T20:31:15.952065200Z Warning messages:
2021-04-15T20:31:15.952258900Z 1: Removed 1 rows containing missing values (geom_segment).
2021-04-15T20:31:15.952289200Z 2: Removed 1 rows containing missing values (geom_segment).
2021-04-15T20:31:15.952441700Z 3: Removed 1 rows containing missing values (geom_segment).
2021-04-15T20:31:15.952585700Z 4: Removed 1 rows containing missing values (geom_segment).
2021-04-15T20:31:15.952649300Z 5: Removed 1 rows containing missing values (geom_segment).
2021-04-15T20:31:15.952861600Z 6: Removed 1 rows containing missing values (geom_segment).
2021-04-15T20:31:15.952922600Z 7: Removed 1 rows containing missing values (geom_segment).
2021-04-15T20:31:15.953129800Z 8: Removed 1 rows containing missing values (geom_segment).
2021-04-15T20:31:15.953233000Z 9: Removed 1 rows containing missing values (geom_segment).
2021-04-15T20:31:15.953249400Z 10: Removed 1 rows containing missing values (geom_segment).
2021-04-15T20:31:15.953362300Z 11: Removed 1 rows containing missing values (geom_segment).
2021-04-15T20:31:15.953521400Z 12: Removed 1 rows containing missing values (geom_segment).
2021-04-15T20:31:15.953582500Z 13: Removed 1 rows containing missing values (geom_segment).
2021-04-15T20:31:15.953791000Z 14: Removed 1 rows containing missing values (geom_segment).
2021-04-15T20:31:15.953817400Z 15: Removed 1 rows containing missing values (geom_segment).
2021-04-15T20:31:15.954070100Z 16: Removed 1 rows containing missing values (geom_segment).
2021-04-15T20:31:15.954166500Z 17: Removed 1 rows containing missing values (geom_segment).
2021-04-15T20:31:15.954181500Z 18: Removed 1 rows containing missing values (geom_segment).
2021-04-15T20:31:15.954190200Z 19: Removed 1 rows containing missing values (geom_segment).
2021-04-15T20:31:15.954293900Z 20: Removed 1 rows containing missing values (geom_segment).
2021-04-15T20:31:15.954345100Z 21: Removed 1 rows containing missing values (geom_segment).
2021-04-15T20:31:15.954355800Z 22: Removed 1 rows containing missing values (geom_segment).


state: succeeded
commit: 25565b402803e6d31019351e0ac564dfbec95993
docker_image_id: sha256:c2fc5042bf86134947d83ad8e70bd926e2c1f91a263c6bfe87438ad783bec981
exit_code: 0
job_id: hkomsyormafzsfib
run_by_user: wjchulme
created_at: 2021-04-15T12:46:04Z
started_at: 2021-04-15T20:11:43Z
completed_at: 2021-04-15T20:31:59Z

Completed successfully

outputs:
  output/over80s/coviddeath/az/all/all/plot_death.svg      - moderately_sensitive
  output/over80s/coviddeath/az/all/all/plot_vaxfizer1.svg  - moderately_sensitive
  output/over80s/coviddeath/az/all/all/tab_death.csv       - moderately_sensitive
  output/over80s/coviddeath/az/all/all/tab_death.html      - moderately_sensitive
  output/over80s/coviddeath/az/all/all/tab_pfizer_az.html  - moderately_sensitive
  output/over80s/coviddeath/az/all/all/tab_vaxaz1.csv      - moderately_sensitive
  output/over80s/coviddeath/az/all/all/tab_vaxfizer1.html  - moderately_sensitive
  output/over80s/coviddeath/az/all/all/tab_vaxpfizer1.csv  - moderately_sensitive