2021-04-19T00:00:06.617852400Z -- Attaching packages --------------------------------------- tidyverse 1.3.0 --
2021-04-19T00:00:06.628648200Z v ggplot2 3.3.2     v purrr   0.3.4
2021-04-19T00:00:06.628746500Z v tibble  3.0.3     v dplyr   1.0.2
2021-04-19T00:00:06.628755400Z v tidyr   1.1.2     v stringr 1.4.0
2021-04-19T00:00:06.628762800Z v readr   1.3.1     v forcats 0.5.0
2021-04-19T00:00:06.873351900Z -- Conflicts ------------------------------------------ tidyverse_conflicts() --
2021-04-19T00:00:06.873449300Z x dplyr::filter() masks stats::filter()
2021-04-19T00:00:06.873458500Z x dplyr::lag()    masks stats::lag()
2021-04-19T00:00:06.902783200Z 
2021-04-19T00:00:06.902875900Z Attaching package: 'lubridate'
2021-04-19T00:00:06.902884900Z 
2021-04-19T00:00:06.904763000Z The following objects are masked from 'package:base':
2021-04-19T00:00:06.904836700Z 
2021-04-19T00:00:06.904852600Z     date, intersect, setdiff, union
2021-04-19T00:00:06.904860100Z 
2021-04-19T00:00:09.529278500Z Loading required package: zoo
2021-04-19T00:00:09.553345800Z 
2021-04-19T00:00:09.553441700Z Attaching package: 'zoo'
2021-04-19T00:00:09.553450600Z 
2021-04-19T00:00:09.553963000Z The following objects are masked from 'package:base':
2021-04-19T00:00:09.553977200Z 
2021-04-19T00:00:09.553984700Z     as.Date, as.Date.numeric
2021-04-19T00:00:09.553991800Z 
2021-04-19T00:00:10.059803000Z <environment: R_GlobalEnv>
2021-04-19T00:00:10.060282000Z <environment: R_GlobalEnv>
2021-04-19T00:00:10.060715900Z <environment: R_GlobalEnv>
2021-04-19T00:30:26.248761600Z There were 22 warnings (use warnings() to see them)
2021-04-19T00:30:26.256998800Z Warning messages:
2021-04-19T00:30:26.257025700Z 1: Removed 1 rows containing missing values (geom_segment).
2021-04-19T00:30:26.257086700Z 2: Removed 1 rows containing missing values (geom_segment).
2021-04-19T00:30:26.257105900Z 3: Removed 1 rows containing missing values (geom_segment).
2021-04-19T00:30:26.257236900Z 4: Removed 1 rows containing missing values (geom_segment).
2021-04-19T00:30:26.257258800Z 5: Removed 1 rows containing missing values (geom_segment).
2021-04-19T00:30:26.257304900Z 6: Removed 1 rows containing missing values (geom_segment).
2021-04-19T00:30:26.257404000Z 7: Removed 1 rows containing missing values (geom_segment).
2021-04-19T00:30:26.257424200Z 8: Removed 1 rows containing missing values (geom_segment).
2021-04-19T00:30:26.257448700Z 9: Removed 1 rows containing missing values (geom_segment).
2021-04-19T00:30:26.257466300Z 10: Removed 1 rows containing missing values (geom_segment).
2021-04-19T00:30:26.257554800Z 11: Removed 1 rows containing missing values (geom_segment).
2021-04-19T00:30:26.257598800Z 12: Removed 1 rows containing missing values (geom_segment).
2021-04-19T00:30:26.257683600Z 13: Removed 1 rows containing missing values (geom_segment).
2021-04-19T00:30:26.257699200Z 14: Removed 1 rows containing missing values (geom_segment).
2021-04-19T00:30:26.257812400Z 15: Removed 1 rows containing missing values (geom_segment).
2021-04-19T00:30:26.257828000Z 16: Removed 1 rows containing missing values (geom_segment).
2021-04-19T00:30:26.257866200Z 17: Removed 1 rows containing missing values (geom_segment).
2021-04-19T00:30:26.257972500Z 18: Removed 1 rows containing missing values (geom_segment).
2021-04-19T00:30:26.257987800Z 19: Removed 1 rows containing missing values (geom_segment).
2021-04-19T00:30:26.257995200Z 20: Removed 1 rows containing missing values (geom_segment).
2021-04-19T00:30:26.258098500Z 21: Removed 1 rows containing missing values (geom_segment).
2021-04-19T00:30:26.258113000Z 22: Removed 1 rows containing missing values (geom_segment).


state: succeeded
commit: 33f52791c8cce80c6c198db74da25e5b695f71d1
docker_image_id: sha256:c2fc5042bf86134947d83ad8e70bd926e2c1f91a263c6bfe87438ad783bec981
exit_code: 0
job_id: 47c2ptmgtcxxem6t
run_by_user: wjchulme
created_at: 2021-04-18T20:34:39Z
started_at: 2021-04-19T00:00:03Z
completed_at: 2021-04-19T00:31:08Z

Completed successfully

outputs:
  output/in70s/noncoviddeath/pfizer/all/all/plot_death.svg      - moderately_sensitive
  output/in70s/noncoviddeath/pfizer/all/all/plot_vaxaz1.svg     - moderately_sensitive
  output/in70s/noncoviddeath/pfizer/all/all/plot_vaxfizer1.svg  - moderately_sensitive
  output/in70s/noncoviddeath/pfizer/all/all/tab_death.csv       - moderately_sensitive
  output/in70s/noncoviddeath/pfizer/all/all/tab_death.html      - moderately_sensitive
  output/in70s/noncoviddeath/pfizer/all/all/tab_pfizer_az.html  - moderately_sensitive
  output/in70s/noncoviddeath/pfizer/all/all/tab_vaxaz1.csv      - moderately_sensitive
  output/in70s/noncoviddeath/pfizer/all/all/tab_vaxaz1.html     - moderately_sensitive
  output/in70s/noncoviddeath/pfizer/all/all/tab_vaxfizer1.html  - moderately_sensitive
  output/in70s/noncoviddeath/pfizer/all/all/tab_vaxpfizer1.csv  - moderately_sensitive