2021-05-17T19:38:58.561459900Z -- Attaching packages --------------------------------------- tidyverse 1.3.0 --
2021-05-17T19:38:58.571602300Z v ggplot2 3.3.2     v purrr   0.3.4
2021-05-17T19:38:58.571664000Z v tibble  3.0.3     v dplyr   1.0.2
2021-05-17T19:38:58.571672800Z v tidyr   1.1.2     v stringr 1.4.0
2021-05-17T19:38:58.571684600Z v readr   1.3.1     v forcats 0.5.0
2021-05-17T19:38:58.782621700Z -- Conflicts ------------------------------------------ tidyverse_conflicts() --
2021-05-17T19:38:58.782684300Z x dplyr::filter() masks stats::filter()
2021-05-17T19:38:58.782693000Z x dplyr::lag()    masks stats::lag()
2021-05-17T19:38:58.799831900Z 
2021-05-17T19:38:58.799879100Z Attaching package: 'lubridate'
2021-05-17T19:38:58.799888400Z 
2021-05-17T19:38:58.801271500Z The following objects are masked from 'package:base':
2021-05-17T19:38:58.801323400Z 
2021-05-17T19:38:58.801332000Z     date, intersect, setdiff, union
2021-05-17T19:38:58.801339400Z 
2021-05-17T19:39:01.087403700Z Loading required package: zoo
2021-05-17T19:39:01.100223300Z 
2021-05-17T19:39:01.100263600Z Attaching package: 'zoo'
2021-05-17T19:39:01.100272200Z 
2021-05-17T19:39:01.101020000Z The following objects are masked from 'package:base':
2021-05-17T19:39:01.101040200Z 
2021-05-17T19:39:01.101048700Z     as.Date, as.Date.numeric
2021-05-17T19:39:01.101056000Z 
2021-05-17T19:39:01.522827700Z <environment: R_GlobalEnv>
2021-05-17T19:39:01.523124900Z <environment: R_GlobalEnv>
2021-05-17T19:39:01.523489400Z <environment: R_GlobalEnv>
2021-05-17T21:03:08.012072200Z There were 20 warnings (use warnings() to see them)
2021-05-17T21:03:08.012512900Z Warning messages:
2021-05-17T21:03:08.012806700Z 1: Removed 1 rows containing missing values (geom_segment).
2021-05-17T21:03:08.012829600Z 2: Removed 1 rows containing missing values (geom_segment).
2021-05-17T21:03:08.012839000Z 3: Removed 1 rows containing missing values (geom_segment).
2021-05-17T21:03:08.012847100Z 4: Removed 1 rows containing missing values (geom_segment).
2021-05-17T21:03:08.012854900Z 5: Removed 1 rows containing missing values (geom_segment).
2021-05-17T21:03:08.012862900Z 6: Removed 1 rows containing missing values (geom_segment).
2021-05-17T21:03:08.012870500Z 7: Removed 1 rows containing missing values (geom_segment).
2021-05-17T21:03:08.012880000Z 8: Removed 1 rows containing missing values (geom_segment).
2021-05-17T21:03:08.012903200Z 9: Removed 1 rows containing missing values (geom_segment).
2021-05-17T21:03:08.013224300Z 10: Removed 1 rows containing missing values (geom_segment).
2021-05-17T21:03:08.013241500Z 11: Removed 1 rows containing missing values (geom_segment).
2021-05-17T21:03:08.013265100Z 12: Removed 1 rows containing missing values (geom_segment).
2021-05-17T21:03:08.013273200Z 13: Removed 1 rows containing missing values (geom_segment).
2021-05-17T21:03:08.013282100Z 14: Removed 1 rows containing missing values (geom_segment).
2021-05-17T21:03:08.013289200Z 15: Removed 1 rows containing missing values (geom_segment).
2021-05-17T21:03:08.013390900Z 16: Removed 1 rows containing missing values (geom_segment).
2021-05-17T21:03:08.013441500Z 17: Removed 1 rows containing missing values (geom_segment).
2021-05-17T21:03:08.013601500Z 18: Removed 1 rows containing missing values (geom_segment).
2021-05-17T21:03:08.013618800Z 19: Removed 1 rows containing missing values (geom_segment).
2021-05-17T21:03:08.013705600Z 20: Removed 1 rows containing missing values (geom_segment).


state: succeeded
commit: 6fff8b080ef5b019bcac6bd03903fef0f2ebabd2
docker_image_id: sha256:fd70d515514910d8399e807135f3decedae0a426b222b3488810a7aa5283eafb
exit_code: 0
job_id: vrhwzy2xn27vc27o
run_by_user: wjchulme
created_at: 2021-05-17T16:46:50Z
started_at: 2021-05-17T19:38:55Z
completed_at: 2021-05-17T21:03:40Z

Completed successfully

outputs:
  output/in70s/death/az/all/all/gt_vaxaz1.rds       - highly_sensitive    
  output/in70s/death/az/all/all/gt_vaxpfizer1.rds   - highly_sensitive    
  output/in70s/death/az/all/all/plot_vaxaz1.svg     - moderately_sensitive
  output/in70s/death/az/all/all/plot_vaxfizer1.svg  - moderately_sensitive
  output/in70s/death/az/all/all/tab_pfizer_az.html  - moderately_sensitive
  output/in70s/death/az/all/all/tab_vaxaz1.csv      - moderately_sensitive
  output/in70s/death/az/all/all/tab_vaxaz1.html     - moderately_sensitive
  output/in70s/death/az/all/all/tab_vaxfizer1.html  - moderately_sensitive
  output/in70s/death/az/all/all/tab_vaxpfizer1.csv  - moderately_sensitive