2021-05-16T19:08:26.979172500Z -- Attaching packages --------------------------------------- tidyverse 1.3.0 --
2021-05-16T19:08:26.989397000Z v ggplot2 3.3.2     v purrr   0.3.4
2021-05-16T19:08:26.989436900Z v tibble  3.0.3     v dplyr   1.0.2
2021-05-16T19:08:26.989445500Z v tidyr   1.1.2     v stringr 1.4.0
2021-05-16T19:08:26.989453200Z v readr   1.3.1     v forcats 0.5.0
2021-05-16T19:08:27.172456300Z -- Conflicts ------------------------------------------ tidyverse_conflicts() --
2021-05-16T19:08:27.172505200Z x dplyr::filter() masks stats::filter()
2021-05-16T19:08:27.172514000Z x dplyr::lag()    masks stats::lag()
2021-05-16T19:08:27.189012200Z 
2021-05-16T19:08:27.189033100Z Attaching package: 'lubridate'
2021-05-16T19:08:27.189044500Z 
2021-05-16T19:08:27.190491600Z The following objects are masked from 'package:base':
2021-05-16T19:08:27.190544400Z 
2021-05-16T19:08:27.190553000Z     date, intersect, setdiff, union
2021-05-16T19:08:27.190560600Z 
2021-05-16T19:08:29.535677900Z Loading required package: zoo
2021-05-16T19:08:29.547956900Z 
2021-05-16T19:08:29.547979600Z Attaching package: 'zoo'
2021-05-16T19:08:29.547988500Z 
2021-05-16T19:08:29.548733100Z The following objects are masked from 'package:base':
2021-05-16T19:08:29.548756100Z 
2021-05-16T19:08:29.548765600Z     as.Date, as.Date.numeric
2021-05-16T19:08:29.548773100Z 
2021-05-16T19:08:29.949405100Z <environment: R_GlobalEnv>
2021-05-16T19:08:29.949886700Z <environment: R_GlobalEnv>
2021-05-16T19:08:29.950166700Z <environment: R_GlobalEnv>


state: succeeded
commit: d95a6fa6ef28b1c9dce6d94b3ef6b92ac12b6e69
docker_image_id: sha256:b0e86ebee1d778d06c4c86d5d4c32dd910483eb4b0a9c7ed3997f928aa94c500
exit_code: 0
job_id: wrcw2tcqtmjmdhqf
run_by_user: wjchulme
created_at: 2021-05-16T13:21:34Z
started_at: 2021-05-16T19:08:24Z
completed_at: 2021-05-16T19:42:37Z

Completed successfully

outputs:
  output/in70s/noncoviddeath/pfizer/all/estimates.csv                 - moderately_sensitive
  output/in70s/noncoviddeath/pfizer/all/estimates_timesincevax.csv    - moderately_sensitive
  output/in70s/noncoviddeath/pfizer/all/forest_plot.svg               - moderately_sensitive
  output/in70s/noncoviddeath/pfizer/all/time_trends_region_plot1.svg  - moderately_sensitive