2021-04-19T05:54:06.631358800Z -- Attaching packages --------------------------------------- tidyverse 1.3.0 --
2021-04-19T05:54:06.639796300Z v ggplot2 3.3.2     v purrr   0.3.4
2021-04-19T05:54:06.639818900Z v tibble  3.0.3     v dplyr   1.0.2
2021-04-19T05:54:06.639827600Z v tidyr   1.1.2     v stringr 1.4.0
2021-04-19T05:54:06.639834800Z v readr   1.3.1     v forcats 0.5.0
2021-04-19T05:54:06.807349000Z -- Conflicts ------------------------------------------ tidyverse_conflicts() --
2021-04-19T05:54:06.807423400Z x dplyr::filter() masks stats::filter()
2021-04-19T05:54:06.807431900Z x dplyr::lag()    masks stats::lag()
2021-04-19T05:54:06.822533600Z 
2021-04-19T05:54:06.822556600Z Attaching package: 'lubridate'
2021-04-19T05:54:06.822564400Z 
2021-04-19T05:54:06.824082000Z The following objects are masked from 'package:base':
2021-04-19T05:54:06.824098900Z 
2021-04-19T05:54:06.824106300Z     date, intersect, setdiff, union
2021-04-19T05:54:06.824113300Z 
2021-04-19T05:54:09.036274700Z Loading required package: zoo
2021-04-19T05:54:09.048234100Z 
2021-04-19T05:54:09.048283300Z Attaching package: 'zoo'
2021-04-19T05:54:09.048291900Z 
2021-04-19T05:54:09.048867900Z The following objects are masked from 'package:base':
2021-04-19T05:54:09.048890800Z 
2021-04-19T05:54:09.048899700Z     as.Date, as.Date.numeric
2021-04-19T05:54:09.048907100Z 
2021-04-19T05:54:09.455616700Z <environment: R_GlobalEnv>
2021-04-19T05:54:09.455988500Z <environment: R_GlobalEnv>
2021-04-19T05:54:09.456306200Z <environment: R_GlobalEnv>
2021-04-19T06:18:34.297487700Z There were 22 warnings (use warnings() to see them)
2021-04-19T06:18:34.298021600Z Warning messages:
2021-04-19T06:18:34.298263700Z 1: Removed 1 rows containing missing values (geom_segment).
2021-04-19T06:18:34.298284600Z 2: Removed 1 rows containing missing values (geom_segment).
2021-04-19T06:18:34.298294600Z 3: Removed 1 rows containing missing values (geom_segment).
2021-04-19T06:18:34.298302400Z 4: Removed 1 rows containing missing values (geom_segment).
2021-04-19T06:18:34.298415700Z 5: Removed 1 rows containing missing values (geom_segment).
2021-04-19T06:18:34.298435400Z 6: Removed 1 rows containing missing values (geom_segment).
2021-04-19T06:18:34.298444900Z 7: Removed 1 rows containing missing values (geom_segment).
2021-04-19T06:18:34.298573800Z 8: Removed 1 rows containing missing values (geom_segment).
2021-04-19T06:18:34.298591000Z 9: Removed 1 rows containing missing values (geom_segment).
2021-04-19T06:18:34.298603000Z 10: Removed 1 rows containing missing values (geom_segment).
2021-04-19T06:18:34.298752100Z 11: Removed 1 rows containing missing values (geom_segment).
2021-04-19T06:18:34.298797200Z 12: Removed 1 rows containing missing values (geom_segment).
2021-04-19T06:18:34.298917700Z 13: Removed 1 rows containing missing values (geom_segment).
2021-04-19T06:18:34.298934000Z 14: Removed 1 rows containing missing values (geom_segment).
2021-04-19T06:18:34.298942100Z 15: Removed 1 rows containing missing values (geom_segment).
2021-04-19T06:18:34.299070200Z 16: Removed 1 rows containing missing values (geom_segment).
2021-04-19T06:18:34.299089600Z 17: Removed 1 rows containing missing values (geom_segment).
2021-04-19T06:18:34.299099000Z 18: Removed 1 rows containing missing values (geom_segment).
2021-04-19T06:18:34.299206600Z 19: Removed 1 rows containing missing values (geom_segment).
2021-04-19T06:18:34.299311700Z 20: Removed 1 rows containing missing values (geom_segment).
2021-04-19T06:18:34.299329400Z 21: Removed 1 rows containing missing values (geom_segment).
2021-04-19T06:18:34.299337200Z 22: Removed 1 rows containing missing values (geom_segment).


state: succeeded
commit: 33f52791c8cce80c6c198db74da25e5b695f71d1
docker_image_id: sha256:c2fc5042bf86134947d83ad8e70bd926e2c1f91a263c6bfe87438ad783bec981
exit_code: 0
job_id: r27qphghjafjodhn
run_by_user: wjchulme
created_at: 2021-04-18T20:34:39Z
started_at: 2021-04-19T05:54:03Z
completed_at: 2021-04-19T06:19:05Z

Completed successfully

outputs:
  output/in70s/covidadmitted/pfizer/all/all/plot_death.svg      - moderately_sensitive
  output/in70s/covidadmitted/pfizer/all/all/plot_vaxaz1.svg     - moderately_sensitive
  output/in70s/covidadmitted/pfizer/all/all/plot_vaxfizer1.svg  - moderately_sensitive
  output/in70s/covidadmitted/pfizer/all/all/tab_death.csv       - moderately_sensitive
  output/in70s/covidadmitted/pfizer/all/all/tab_death.html      - moderately_sensitive
  output/in70s/covidadmitted/pfizer/all/all/tab_pfizer_az.html  - moderately_sensitive
  output/in70s/covidadmitted/pfizer/all/all/tab_vaxaz1.csv      - moderately_sensitive
  output/in70s/covidadmitted/pfizer/all/all/tab_vaxaz1.html     - moderately_sensitive
  output/in70s/covidadmitted/pfizer/all/all/tab_vaxfizer1.html  - moderately_sensitive
  output/in70s/covidadmitted/pfizer/all/all/tab_vaxpfizer1.csv  - moderately_sensitive