2021-05-18T09:06:40.285036000Z -- Attaching packages --------------------------------------- tidyverse 1.3.0 --
2021-05-18T09:06:40.294050600Z v ggplot2 3.3.2     v purrr   0.3.4
2021-05-18T09:06:40.294067800Z v tibble  3.0.3     v dplyr   1.0.2
2021-05-18T09:06:40.294075700Z v tidyr   1.1.2     v stringr 1.4.0
2021-05-18T09:06:40.294082600Z v readr   1.3.1     v forcats 0.5.0
2021-05-18T09:06:40.461540300Z -- Conflicts ------------------------------------------ tidyverse_conflicts() --
2021-05-18T09:06:40.461591900Z x dplyr::filter() masks stats::filter()
2021-05-18T09:06:40.461600500Z x dplyr::lag()    masks stats::lag()
2021-05-18T09:06:40.476205300Z 
2021-05-18T09:06:40.476229600Z Attaching package: 'lubridate'
2021-05-18T09:06:40.476238500Z 
2021-05-18T09:06:40.477678600Z The following objects are masked from 'package:base':
2021-05-18T09:06:40.477695800Z 
2021-05-18T09:06:40.477703600Z     date, intersect, setdiff, union
2021-05-18T09:06:40.477711100Z 
2021-05-18T09:06:42.615339500Z Loading required package: zoo
2021-05-18T09:06:42.626054800Z 
2021-05-18T09:06:42.626079800Z Attaching package: 'zoo'
2021-05-18T09:06:42.626088300Z 
2021-05-18T09:06:42.626722100Z The following objects are masked from 'package:base':
2021-05-18T09:06:42.626739700Z 
2021-05-18T09:06:42.626747500Z     as.Date, as.Date.numeric
2021-05-18T09:06:42.626755200Z 
2021-05-18T09:06:43.059563900Z <environment: R_GlobalEnv>
2021-05-18T09:06:43.060512800Z <environment: R_GlobalEnv>
2021-05-18T09:20:51.222387700Z There were 49 warnings (use warnings() to see them)


state: succeeded
commit: 089b037e3b55238e6fd8ca481e88847f9a6aed93
docker_image_id: sha256:fd70d515514910d8399e807135f3decedae0a426b222b3488810a7aa5283eafb
exit_code: 0
job_id: 6qy76zexpty52img
run_by_user: wjchulme
created_at: 2021-05-18T08:44:53Z
started_at: 2021-05-18T09:06:37Z
completed_at: 2021-05-18T09:46:26Z

Completed successfully

outputs:
  output/in70s/plot_vaxpfizer1.svg  - moderately_sensitive
  output/in70s/tab_vaxpfizer1.html  - moderately_sensitive