2021-05-18T10:19:48.117234200Z -- Attaching packages --------------------------------------- tidyverse 1.3.0 --
2021-05-18T10:19:48.125991900Z v ggplot2 3.3.2     v purrr   0.3.4
2021-05-18T10:19:48.126009200Z v tibble  3.0.3     v dplyr   1.0.2
2021-05-18T10:19:48.126017000Z v tidyr   1.1.2     v stringr 1.4.0
2021-05-18T10:19:48.126023900Z v readr   1.3.1     v forcats 0.5.0
2021-05-18T10:19:48.284149800Z -- Conflicts ------------------------------------------ tidyverse_conflicts() --
2021-05-18T10:19:48.284174500Z x dplyr::filter() masks stats::filter()
2021-05-18T10:19:48.284183600Z x dplyr::lag()    masks stats::lag()
2021-05-18T10:19:48.297965200Z 
2021-05-18T10:19:48.297983100Z Attaching package: 'lubridate'
2021-05-18T10:19:48.297990600Z 
2021-05-18T10:19:48.299387200Z The following objects are masked from 'package:base':
2021-05-18T10:19:48.299402800Z 
2021-05-18T10:19:48.299410200Z     date, intersect, setdiff, union
2021-05-18T10:19:48.299417000Z 
2021-05-18T10:19:50.320217700Z Loading required package: zoo
2021-05-18T10:19:50.330563700Z 
2021-05-18T10:19:50.330587400Z Attaching package: 'zoo'
2021-05-18T10:19:50.330596000Z 
2021-05-18T10:19:50.331155100Z The following objects are masked from 'package:base':
2021-05-18T10:19:50.331172600Z 
2021-05-18T10:19:50.331180300Z     as.Date, as.Date.numeric
2021-05-18T10:19:50.331187100Z 
2021-05-18T10:19:50.704075000Z <environment: R_GlobalEnv>
2021-05-18T10:19:50.704545500Z <environment: R_GlobalEnv>
2021-05-18T10:31:11.905248900Z There were 49 warnings (use warnings() to see them)


state: succeeded
commit: ad2632c72fd11f4a1bf84fde807fe6b34f084c6b
docker_image_id: sha256:fd70d515514910d8399e807135f3decedae0a426b222b3488810a7aa5283eafb
exit_code: 0
job_id: f4zsj467dfejcme2
run_by_user: wjchulme
created_at: 2021-05-18T09:50:39Z
started_at: 2021-05-18T10:19:45Z
completed_at: 2021-05-18T10:32:05Z

Completed successfully

outputs:
  output/in70s/plot_vaxany1.svg  - moderately_sensitive
  output/in70s/tab_vaxany1.html  - moderately_sensitive