2021-05-04T19:37:15.541144000Z -- Attaching packages --------------------------------------- tidyverse 1.3.0 --
2021-05-04T19:37:15.550674800Z v ggplot2 3.3.2     v purrr   0.3.4
2021-05-04T19:37:15.550755400Z v tibble  3.0.3     v dplyr   1.0.2
2021-05-04T19:37:15.550763800Z v tidyr   1.1.2     v stringr 1.4.0
2021-05-04T19:37:15.550770900Z v readr   1.3.1     v forcats 0.5.0
2021-05-04T19:37:15.727556500Z -- Conflicts ------------------------------------------ tidyverse_conflicts() --
2021-05-04T19:37:15.727627200Z x dplyr::filter() masks stats::filter()
2021-05-04T19:37:15.727635200Z x dplyr::lag()    masks stats::lag()
2021-05-04T19:37:15.744963200Z 
2021-05-04T19:37:15.745072900Z Attaching package: 'lubridate'
2021-05-04T19:37:15.745084100Z 
2021-05-04T19:37:15.746405300Z The following objects are masked from 'package:base':
2021-05-04T19:37:15.746422800Z 
2021-05-04T19:37:15.746430200Z     date, intersect, setdiff, union
2021-05-04T19:37:15.746437100Z 
2021-05-04T19:37:18.364347000Z Loading required package: zoo
2021-05-04T19:37:18.397938000Z 
2021-05-04T19:37:18.398015900Z Attaching package: 'zoo'
2021-05-04T19:37:18.398024300Z 
2021-05-04T19:37:18.398527800Z The following objects are masked from 'package:base':
2021-05-04T19:37:18.398548100Z 
2021-05-04T19:37:18.398555900Z     as.Date, as.Date.numeric
2021-05-04T19:37:18.398562900Z 
2021-05-04T19:37:18.905542600Z <environment: R_GlobalEnv>
2021-05-04T19:37:18.906024700Z <environment: R_GlobalEnv>
2021-05-04T19:37:18.909467200Z <environment: R_GlobalEnv>


state: succeeded
commit: 51a4ede907245327eb9788e4c65335feff83e426
docker_image_id: sha256:c2fc5042bf86134947d83ad8e70bd926e2c1f91a263c6bfe87438ad783bec981
exit_code: 0
job_id: e5rrk2vnlccw7bwa
run_by_user: wjchulme
created_at: 2021-05-04T16:20:56Z
started_at: 2021-05-04T19:37:12Z
completed_at: 2021-05-04T21:02:42Z

Completed successfully

outputs:
  output/over80s/death/any/all/estimates.csv                 - moderately_sensitive
  output/over80s/death/any/all/forest_plot.svg               - moderately_sensitive
  output/over80s/death/any/all/time_trends_region_plot2.svg  - moderately_sensitive
  output/over80s/death/any/all/time_trends_region_plot3.svg  - moderately_sensitive
  output/over80s/death/any/all/time_trends_region_plot4.svg  - moderately_sensitive