2021-05-18T08:41:51.837600000Z -- Attaching packages --------------------------------------- tidyverse 1.3.0 --
2021-05-18T08:41:51.846336700Z v ggplot2 3.3.2     v purrr   0.3.4
2021-05-18T08:41:51.846358100Z v tibble  3.0.3     v dplyr   1.0.2
2021-05-18T08:41:51.846365800Z v tidyr   1.1.2     v stringr 1.4.0
2021-05-18T08:41:51.846372700Z v readr   1.3.1     v forcats 0.5.0
2021-05-18T08:41:52.016533300Z -- Conflicts ------------------------------------------ tidyverse_conflicts() --
2021-05-18T08:41:52.016595800Z x dplyr::filter() masks stats::filter()
2021-05-18T08:41:52.016604700Z x dplyr::lag()    masks stats::lag()
2021-05-18T08:41:52.031869200Z 
2021-05-18T08:41:52.031922900Z Attaching package: 'lubridate'
2021-05-18T08:41:52.031932400Z 
2021-05-18T08:41:52.033339300Z The following objects are masked from 'package:base':
2021-05-18T08:41:52.033365200Z 
2021-05-18T08:41:52.033373800Z     date, intersect, setdiff, union
2021-05-18T08:41:52.033381000Z 
2021-05-18T08:41:54.062036600Z Loading required package: zoo
2021-05-18T08:41:54.073660300Z 
2021-05-18T08:41:54.073681300Z Attaching package: 'zoo'
2021-05-18T08:41:54.073689900Z 
2021-05-18T08:41:54.074300100Z The following objects are masked from 'package:base':
2021-05-18T08:41:54.074325200Z 
2021-05-18T08:41:54.074334300Z     as.Date, as.Date.numeric
2021-05-18T08:41:54.074342000Z 
2021-05-18T08:41:54.464059500Z <environment: R_GlobalEnv>
2021-05-18T08:41:54.464932000Z <environment: R_GlobalEnv>
2021-05-18T08:50:46.368164200Z There were 49 warnings (use warnings() to see them)


state: succeeded
commit: 0d6f866d323890fa8e22bb59cc15d6580a6f348f
docker_image_id: sha256:fd70d515514910d8399e807135f3decedae0a426b222b3488810a7aa5283eafb
exit_code: 0
job_id: nwtjb2mnajrdht64
run_by_user: wjchulme
created_at: 2021-05-18T08:37:32Z
started_at: 2021-05-18T08:41:48Z
completed_at: 2021-05-18T09:06:44Z

Completed successfully

outputs:
  output/in70s/plot_vaxaz1.svg  - moderately_sensitive
  output/in70s/tab_vaxaz1.html  - moderately_sensitive