2021-04-15T21:04:39.667251300Z -- Attaching packages --------------------------------------- tidyverse 1.3.0 --
2021-04-15T21:04:39.677227100Z v ggplot2 3.3.2     v purrr   0.3.4
2021-04-15T21:04:39.677311300Z v tibble  3.0.3     v dplyr   1.0.2
2021-04-15T21:04:39.677320300Z v tidyr   1.1.2     v stringr 1.4.0
2021-04-15T21:04:39.677327500Z v readr   1.3.1     v forcats 0.5.0
2021-04-15T21:04:39.881597900Z -- Conflicts ------------------------------------------ tidyverse_conflicts() --
2021-04-15T21:04:39.881688000Z x dplyr::filter() masks stats::filter()
2021-04-15T21:04:39.881696500Z x dplyr::lag()    masks stats::lag()
2021-04-15T21:04:39.901254900Z 
2021-04-15T21:04:39.901346400Z Attaching package: 'lubridate'
2021-04-15T21:04:39.901355500Z 
2021-04-15T21:04:39.902786300Z The following objects are masked from 'package:base':
2021-04-15T21:04:39.902807500Z 
2021-04-15T21:04:39.902816300Z     date, intersect, setdiff, union
2021-04-15T21:04:39.902823800Z 
2021-04-15T21:04:42.539033500Z Loading required package: zoo
2021-04-15T21:04:42.559487400Z 
2021-04-15T21:04:42.559576900Z Attaching package: 'zoo'
2021-04-15T21:04:42.559585500Z 
2021-04-15T21:04:42.560077100Z The following objects are masked from 'package:base':
2021-04-15T21:04:42.560105200Z 
2021-04-15T21:04:42.560113800Z     as.Date, as.Date.numeric
2021-04-15T21:04:42.560121100Z 
2021-04-15T21:04:43.083425300Z <environment: R_GlobalEnv>
2021-04-15T21:04:43.083815500Z <environment: R_GlobalEnv>
2021-04-15T21:04:43.084207600Z <environment: R_GlobalEnv>


state: succeeded
commit: 25565b402803e6d31019351e0ac564dfbec95993
docker_image_id: sha256:c2fc5042bf86134947d83ad8e70bd926e2c1f91a263c6bfe87438ad783bec981
exit_code: 0
job_id: usbq65m6moyfoybs
run_by_user: wjchulme
created_at: 2021-04-15T12:46:04Z
started_at: 2021-04-15T21:04:36Z
completed_at: 2021-04-15T21:21:24Z

Completed successfully

outputs:
  output/over80s/covidadmitted/az/all/estimates.csv                 - moderately_sensitive
  output/over80s/covidadmitted/az/all/forest_plot.svg               - moderately_sensitive
  output/over80s/covidadmitted/az/all/time_trends_region_plot3.svg  - moderately_sensitive
  output/over80s/covidadmitted/az/all/time_trends_region_plot4.svg  - moderately_sensitive