2021-04-07T13:19:10.200825900Z -- Attaching packages --------------------------------------- tidyverse 1.3.0 --
2021-04-07T13:19:10.209772100Z v ggplot2 3.3.2     v purrr   0.3.4
2021-04-07T13:19:10.209795500Z v tibble  3.0.3     v dplyr   1.0.2
2021-04-07T13:19:10.209803700Z v tidyr   1.1.2     v stringr 1.4.0
2021-04-07T13:19:10.209810600Z v readr   1.3.1     v forcats 0.5.0
2021-04-07T13:19:10.389394500Z -- Conflicts ------------------------------------------ tidyverse_conflicts() --
2021-04-07T13:19:10.389442400Z x dplyr::filter() masks stats::filter()
2021-04-07T13:19:10.389450900Z x dplyr::lag()    masks stats::lag()
2021-04-07T13:19:10.409422900Z 
2021-04-07T13:19:10.409448300Z Attaching package: 'lubridate'
2021-04-07T13:19:10.409456600Z 
2021-04-07T13:19:10.410960300Z The following objects are masked from 'package:base':
2021-04-07T13:19:10.410985900Z 
2021-04-07T13:19:10.410993900Z     date, intersect, setdiff, union
2021-04-07T13:19:10.411001200Z 
2021-04-07T13:19:12.984519700Z Loading required package: zoo
2021-04-07T13:19:13.000503700Z 
2021-04-07T13:19:13.000532900Z Attaching package: 'zoo'
2021-04-07T13:19:13.000541400Z 
2021-04-07T13:19:13.002892400Z The following objects are masked from 'package:base':
2021-04-07T13:19:13.002938700Z 
2021-04-07T13:19:13.002947500Z     as.Date, as.Date.numeric
2021-04-07T13:19:13.002955000Z 
2021-04-07T13:19:13.442110800Z <environment: R_GlobalEnv>
2021-04-07T13:19:13.442614800Z <environment: R_GlobalEnv>
2021-04-07T13:19:13.442871800Z <environment: R_GlobalEnv>


state: succeeded
commit: 657dee090fcfc8b1ce6c787d6c21abf728c310bd
docker_image_id: sha256:876a994cdafb8d3fb4b710249fd7716a31efd3ea26cb3faf7aa2187853c6c624
exit_code: 0
job_id: ia7hqb33rx2pahom
run_by_user: wjchulme
created_at: 2021-04-07T11:31:02Z
started_at: 2021-04-07T13:19:07Z
completed_at: 2021-04-07T13:46:12Z

Completed successfully

outputs:
  output/over80s/noncoviddeath/any/all/estimates.csv                 - moderately_sensitive
  output/over80s/noncoviddeath/any/all/forest_plot.svg               - moderately_sensitive
  output/over80s/noncoviddeath/any/all/time_trends_region_plot3.svg  - moderately_sensitive
  output/over80s/noncoviddeath/any/all/time_trends_region_plot4.svg  - moderately_sensitive