2021-04-19T06:33:03.483385200Z -- Attaching packages --------------------------------------- tidyverse 1.3.0 --
2021-04-19T06:33:03.492688600Z v ggplot2 3.3.2     v purrr   0.3.4
2021-04-19T06:33:03.492709300Z v tibble  3.0.3     v dplyr   1.0.2
2021-04-19T06:33:03.492717600Z v tidyr   1.1.2     v stringr 1.4.0
2021-04-19T06:33:03.492724600Z v readr   1.3.1     v forcats 0.5.0
2021-04-19T06:33:03.658415900Z -- Conflicts ------------------------------------------ tidyverse_conflicts() --
2021-04-19T06:33:03.658486900Z x dplyr::filter() masks stats::filter()
2021-04-19T06:33:03.658495300Z x dplyr::lag()    masks stats::lag()
2021-04-19T06:33:03.672103900Z 
2021-04-19T06:33:03.672127100Z Attaching package: 'lubridate'
2021-04-19T06:33:03.672135400Z 
2021-04-19T06:33:03.673517700Z The following objects are masked from 'package:base':
2021-04-19T06:33:03.673533000Z 
2021-04-19T06:33:03.673540400Z     date, intersect, setdiff, union
2021-04-19T06:33:03.673547500Z 
2021-04-19T06:33:05.680466300Z Loading required package: zoo
2021-04-19T06:33:05.690664000Z 
2021-04-19T06:33:05.690690000Z Attaching package: 'zoo'
2021-04-19T06:33:05.690698600Z 
2021-04-19T06:33:05.691281100Z The following objects are masked from 'package:base':
2021-04-19T06:33:05.691298100Z 
2021-04-19T06:33:05.691306200Z     as.Date, as.Date.numeric
2021-04-19T06:33:05.691313500Z 
2021-04-19T06:33:06.075484600Z <environment: R_GlobalEnv>
2021-04-19T06:33:06.075911200Z <environment: R_GlobalEnv>
2021-04-19T06:33:06.076153000Z <environment: R_GlobalEnv>
2021-04-19T06:55:33.391917100Z There were 22 warnings (use warnings() to see them)
2021-04-19T06:55:33.392493200Z Warning messages:
2021-04-19T06:55:33.392666200Z 1: Removed 1 rows containing missing values (geom_segment).
2021-04-19T06:55:33.392830100Z 2: Removed 1 rows containing missing values (geom_segment).
2021-04-19T06:55:33.392847400Z 3: Removed 1 rows containing missing values (geom_segment).
2021-04-19T06:55:33.392856600Z 4: Removed 1 rows containing missing values (geom_segment).
2021-04-19T06:55:33.392952400Z 5: Removed 1 rows containing missing values (geom_segment).
2021-04-19T06:55:33.392968200Z 6: Removed 1 rows containing missing values (geom_segment).
2021-04-19T06:55:33.393024300Z 7: Removed 1 rows containing missing values (geom_segment).
2021-04-19T06:55:33.393087400Z 8: Removed 1 rows containing missing values (geom_segment).
2021-04-19T06:55:33.393102000Z 9: Removed 1 rows containing missing values (geom_segment).
2021-04-19T06:55:33.393109800Z 10: Removed 1 rows containing missing values (geom_segment).
2021-04-19T06:55:33.393220800Z 11: Removed 1 rows containing missing values (geom_segment).
2021-04-19T06:55:33.393256800Z 12: Removed 1 rows containing missing values (geom_segment).
2021-04-19T06:55:33.393325700Z 13: Removed 1 rows containing missing values (geom_segment).
2021-04-19T06:55:33.393402400Z 14: Removed 1 rows containing missing values (geom_segment).
2021-04-19T06:55:33.393468200Z 15: Removed 1 rows containing missing values (geom_segment).
2021-04-19T06:55:33.393484400Z 16: Removed 1 rows containing missing values (geom_segment).
2021-04-19T06:55:33.393517700Z 17: Removed 1 rows containing missing values (geom_segment).
2021-04-19T06:55:33.393676800Z 18: Removed 1 rows containing missing values (geom_segment).
2021-04-19T06:55:33.393692500Z 19: Removed 1 rows containing missing values (geom_segment).
2021-04-19T06:55:33.393713700Z 20: Removed 1 rows containing missing values (geom_segment).
2021-04-19T06:55:33.393730800Z 21: Removed 1 rows containing missing values (geom_segment).
2021-04-19T06:55:33.393851300Z 22: Removed 1 rows containing missing values (geom_segment).


state: succeeded
commit: 33f52791c8cce80c6c198db74da25e5b695f71d1
docker_image_id: sha256:c2fc5042bf86134947d83ad8e70bd926e2c1f91a263c6bfe87438ad783bec981
exit_code: 0
job_id: 37nqstjdtqn4lphk
run_by_user: wjchulme
created_at: 2021-04-18T20:34:39Z
started_at: 2021-04-19T06:33:01Z
completed_at: 2021-04-19T06:55:59Z

Completed successfully

outputs:
  output/in70s/noncoviddeath/az/all/all/plot_death.svg      - moderately_sensitive
  output/in70s/noncoviddeath/az/all/all/plot_vaxaz1.svg     - moderately_sensitive
  output/in70s/noncoviddeath/az/all/all/plot_vaxfizer1.svg  - moderately_sensitive
  output/in70s/noncoviddeath/az/all/all/tab_death.csv       - moderately_sensitive
  output/in70s/noncoviddeath/az/all/all/tab_death.html      - moderately_sensitive
  output/in70s/noncoviddeath/az/all/all/tab_pfizer_az.html  - moderately_sensitive
  output/in70s/noncoviddeath/az/all/all/tab_vaxaz1.csv      - moderately_sensitive
  output/in70s/noncoviddeath/az/all/all/tab_vaxaz1.html     - moderately_sensitive
  output/in70s/noncoviddeath/az/all/all/tab_vaxfizer1.html  - moderately_sensitive
  output/in70s/noncoviddeath/az/all/all/tab_vaxpfizer1.csv  - moderately_sensitive