2021-02-16T13:15:05.355273200Z -- Attaching packages --------------------------------------- tidyverse 1.3.0 --
2021-02-16T13:15:05.365382800Z v ggplot2 3.3.2     v purrr   0.3.4
2021-02-16T13:15:05.365403600Z v tibble  3.0.3     v dplyr   1.0.2
2021-02-16T13:15:05.365411800Z v tidyr   1.1.2     v stringr 1.4.0
2021-02-16T13:15:05.365418700Z v readr   1.3.1     v forcats 0.5.0
2021-02-16T13:15:05.537929100Z -- Conflicts ------------------------------------------ tidyverse_conflicts() --
2021-02-16T13:15:05.537972900Z x dplyr::filter() masks stats::filter()
2021-02-16T13:15:05.537981400Z x dplyr::lag()    masks stats::lag()
2021-02-16T13:15:07.510381100Z 
2021-02-16T13:15:07.510427800Z Attaching package: 'lubridate'
2021-02-16T13:15:07.510436200Z 
2021-02-16T13:15:07.512041000Z The following objects are masked from 'package:base':
2021-02-16T13:15:07.512079300Z 
2021-02-16T13:15:07.512088200Z     date, intersect, setdiff, union
2021-02-16T13:15:07.512095600Z 
2021-02-16T13:15:29.805079900Z # A tibble: 2 x 6
2021-02-16T13:15:29.805126900Z   .level2 .level1      n   pct pct_nonmiss redacted
2021-02-16T13:15:29.805135800Z   <fct>   <fct>    <int> <dbl>       <dbl> <lgl>   
2021-02-16T13:15:29.805144000Z 1 Female  0       306936     1           1 FALSE   
2021-02-16T13:15:29.805151000Z 2 Male    0       184401     1           1 FALSE   
2021-02-16T13:15:30.899614400Z # A tibble: 4 x 6
2021-02-16T13:15:30.899703400Z   .level2 .level1      n     pct pct_nonmiss redacted
2021-02-16T13:15:30.899715200Z   <fct>   <fct>    <int>   <dbl>       <dbl> <lgl>   
2021-02-16T13:15:30.899724000Z 1 Female  0       306481 0.999       0.999   FALSE   
2021-02-16T13:15:30.899731300Z 2 Female  1          448 0.00147     0.00146 FALSE   
2021-02-16T13:15:30.899738300Z 3 Male    0       184156 0.999       0.999   FALSE   
2021-02-16T13:15:30.899745500Z 4 Male    1          245 0.00131     0.00133 FALSE   
2021-02-16T13:15:32.436867100Z # A tibble: 4 x 6
2021-02-16T13:15:32.436913500Z   .level2 .level1      n     pct pct_nonmiss redacted
2021-02-16T13:15:32.436921900Z   <fct>   <fct>    <int>   <dbl>       <dbl> <lgl>   
2021-02-16T13:15:32.436930400Z 1 Female  0       302918 0.987       0.987   FALSE   
2021-02-16T13:15:32.436937600Z 2 Female  1         4018 0.0131      0.0131  FALSE   
2021-02-16T13:15:32.436944700Z 3 Male    0       182777 0.991       0.991   FALSE   
2021-02-16T13:15:32.436951700Z 4 Male    1         1624 0.00881     0.00881 FALSE   
2021-02-16T13:15:33.516437500Z # A tibble: 4 x 6
2021-02-16T13:15:33.516485500Z   .level2 .level1      n      pct pct_nonmiss redacted
2021-02-16T13:15:33.516506700Z   <fct>   <fct>    <int>    <dbl>       <dbl> <lgl>   
2021-02-16T13:15:33.516515900Z 1 Female  0       306894 1.00        1.00     FALSE   
2021-02-16T13:15:33.516523100Z 2 Female  1           35 0.000121    0.000114 FALSE   
2021-02-16T13:15:33.516530100Z 3 Male    0       184352 1.00        1.00     FALSE   
2021-02-16T13:15:33.516537000Z 4 Male    1           42 0.000244    0.000228 FALSE   
2021-02-16T13:15:34.648118600Z # A tibble: 4 x 6
2021-02-16T13:15:34.648176600Z   .level2 .level1      n      pct pct_nonmiss redacted
2021-02-16T13:15:34.648185700Z   <fct>   <fct>    <int>    <dbl>       <dbl> <lgl>   
2021-02-16T13:15:34.648194100Z 1 Female  0       306880 1.00        1.00     FALSE   
2021-02-16T13:15:34.648206700Z 2 Female  1           56 0.000182    0.000182 FALSE   
2021-02-16T13:15:34.648213900Z 3 Male    0       184359 1.00        1.00     FALSE   
2021-02-16T13:15:34.648220900Z 4 Male    1           42 0.000239    0.000228 FALSE   
2021-02-16T13:15:35.733486800Z # A tibble: 4 x 6
2021-02-16T13:15:35.733530900Z   .level2 .level1      n      pct pct_nonmiss redacted
2021-02-16T13:15:35.733539600Z   <fct>   <fct>    <int>    <dbl>       <dbl> <lgl>   
2021-02-16T13:15:35.733548000Z 1 Female  0       306712 0.999       0.999    FALSE   
2021-02-16T13:15:35.733555300Z 2 Female  1          224 0.000720    0.000730 FALSE   
2021-02-16T13:15:35.733562300Z 3 Male    0       184212 0.999       0.999    FALSE   
2021-02-16T13:15:35.733569500Z 4 Male    1          189 0.00102     0.00102  FALSE   
2021-02-16T13:15:37.561627600Z # A tibble: 5 x 6
2021-02-16T13:15:37.561673000Z   .level2 .level1      n   pct pct_nonmiss redacted
2021-02-16T13:15:37.561682000Z   <fct>   <fct>    <int> <dbl>       <dbl> <lgl>   
2021-02-16T13:15:37.561691100Z 1 18-49   0       108689     1           1 FALSE   
2021-02-16T13:15:37.561700700Z 2 50s     0        55881     1           1 FALSE   
2021-02-16T13:15:37.561708300Z 3 60s     0        25025     1           1 FALSE   
2021-02-16T13:15:37.561715800Z 4 70s     0        40607     1           1 FALSE   
2021-02-16T13:15:37.561723800Z 5 80+     0       261128     1           1 FALSE   
2021-02-16T13:15:38.566717900Z # A tibble: 10 x 6
2021-02-16T13:15:38.566779700Z    .level2 .level1      n     pct pct_nonmiss redacted
2021-02-16T13:15:38.566790200Z    <fct>   <fct>    <int>   <dbl>       <dbl> <lgl>   
2021-02-16T13:15:38.566799200Z  1 18-49   0       108528 0.998       0.999   FALSE   
2021-02-16T13:15:38.566807800Z  2 18-49   1          161 0.00151     0.00148 FALSE   
2021-02-16T13:15:38.566815400Z  3 50s     0        55776 0.998       0.998   FALSE   
2021-02-16T13:15:38.566835400Z  4 50s     1          112 0.00197     0.00200 FALSE   
2021-02-16T13:15:38.566843100Z  5 60s     0        24983 0.998       0.998   FALSE   
2021-02-16T13:15:38.566850000Z  6 60s     1           42 0.00160     0.00168 FALSE   
2021-02-16T13:15:38.566857100Z  7 70s     0        40551 0.999       0.999   FALSE   
2021-02-16T13:15:38.566863800Z  8 70s     1           56 0.00143     0.00138 FALSE   
2021-02-16T13:15:38.566870700Z  9 80+     0       260806 0.999       0.999   FALSE   
2021-02-16T13:15:38.566877600Z 10 80+     1          322 0.00123     0.00123 FALSE   
2021-02-16T13:15:39.592862200Z # A tibble: 10 x 6
2021-02-16T13:15:39.592908700Z    .level2 .level1      n     pct pct_nonmiss redacted
2021-02-16T13:15:39.592917200Z    <fct>   <fct>    <int>   <dbl>       <dbl> <lgl>   
2021-02-16T13:15:39.592926100Z  1 18-49   0       106099 0.976       0.976   FALSE   
2021-02-16T13:15:39.592933600Z  2 18-49   1         2597 0.0239      0.0239  FALSE   
2021-02-16T13:15:39.592940700Z  3 50s     0        54768 0.980       0.980   FALSE   
2021-02-16T13:15:39.592947800Z  4 50s     1         1113 0.0200      0.0199  FALSE   
2021-02-16T13:15:39.592954800Z  5 60s     0        24591 0.983       0.983   FALSE   
2021-02-16T13:15:39.592962300Z  6 60s     1          434 0.0174      0.0173  FALSE   
2021-02-16T13:15:39.592969400Z  7 70s     0        40320 0.993       0.993   FALSE   
2021-02-16T13:15:39.592976400Z  8 70s     1          287 0.00714     0.00707 FALSE   
2021-02-16T13:15:39.592983500Z  9 80+     0       259924 0.995       0.995   FALSE   
2021-02-16T13:15:39.592990400Z 10 80+     1         1204 0.00462     0.00461 FALSE   
2021-02-16T13:15:40.623702300Z # A tibble: 10 x 6
2021-02-16T13:15:40.623791900Z    .level2 .level1      n       pct pct_nonmiss redacted
2021-02-16T13:15:40.623805400Z    <fct>   <fct>    <int>     <dbl>       <dbl> <lgl>   
2021-02-16T13:15:40.623814500Z  1 18-49   0       108689 1.00         1        FALSE   
2021-02-16T13:15:40.623821900Z  2 18-49   1            0 0.0000184    0        FALSE   
2021-02-16T13:15:40.623831000Z  3 50s     0        55874 1.00         1.00     FALSE   
2021-02-16T13:15:40.623871600Z  4 50s     1            7 0.000125     0.000125 FALSE   
2021-02-16T13:15:40.623879500Z  5 60s     0        25025 1.00         1        FALSE   
2021-02-16T13:15:40.623886700Z  6 60s     1            0 0.000120     0        FALSE   
2021-02-16T13:15:40.623893600Z  7 70s     0        40600 1.00         1.00     FALSE   
2021-02-16T13:15:40.623900900Z  8 70s     1            7 0.000123     0.000172 FALSE   
2021-02-16T13:15:40.623908100Z  9 80+     0       261065 1.00         1.00     FALSE   
2021-02-16T13:15:40.623955700Z 10 80+     1           63 0.000249     0.000241 FALSE   
2021-02-16T13:15:41.584041700Z # A tibble: 10 x 6
2021-02-16T13:15:41.584126200Z    .level2 .level1      n       pct pct_nonmiss redacted
2021-02-16T13:15:41.584135500Z    <fct>   <fct>    <int>     <dbl>       <dbl> <lgl>   
2021-02-16T13:15:41.584144000Z  1 18-49   0       108689 1            1        FALSE   
2021-02-16T13:15:41.584151200Z  2 18-49   1            0 0            0        FALSE   
2021-02-16T13:15:41.584158300Z  3 50s     0        55881 1.00         1        FALSE   
2021-02-16T13:15:41.584165500Z  4 50s     1            0 0.0000179    0        FALSE   
2021-02-16T13:15:41.584172500Z  5 60s     0        25025 1            1        FALSE   
2021-02-16T13:15:41.584282000Z  6 60s     1            0 0            0        FALSE   
2021-02-16T13:15:41.584342400Z  7 70s     0        40586 1.00         0.999    FALSE   
2021-02-16T13:15:41.584351900Z  8 70s     1           21 0.000493     0.000517 FALSE   
2021-02-16T13:15:41.584359400Z  9 80+     0       261051 1.00         1.00     FALSE   
2021-02-16T13:15:41.584366600Z 10 80+     1           77 0.000303     0.000295 FALSE   
2021-02-16T13:15:42.570443300Z # A tibble: 10 x 6
2021-02-16T13:15:42.570506500Z    .level2 .level1      n       pct pct_nonmiss redacted
2021-02-16T13:15:42.570515400Z    <fct>   <fct>    <int>     <dbl>       <dbl> <lgl>   
2021-02-16T13:15:42.570524000Z  1 18-49   0       108689 1            1        FALSE   
2021-02-16T13:15:42.570531300Z  2 18-49   1            0 0            0        FALSE   
2021-02-16T13:15:42.570538600Z  3 50s     0        55881 1.00         1        FALSE   
2021-02-16T13:15:42.570545900Z  4 50s     1            0 0.0000358    0        FALSE   
2021-02-16T13:15:42.570553100Z  5 60s     0        25018 1.00         1.00     FALSE   
2021-02-16T13:15:42.570560200Z  6 60s     1            7 0.000320     0.000280 FALSE   
2021-02-16T13:15:42.570567500Z  7 70s     0        40551 0.999        0.999    FALSE   
2021-02-16T13:15:42.570575100Z  8 70s     1           56 0.00145      0.00138  FALSE   
2021-02-16T13:15:42.570582500Z  9 80+     0       260785 0.999        0.999    FALSE   
2021-02-16T13:15:42.570589800Z 10 80+     1          343 0.00131      0.00131  FALSE   
2021-02-16T13:15:44.592987500Z # A tibble: 6 x 6
2021-02-16T13:15:44.593050100Z   .level2          .level1      n   pct pct_nonmiss redacted
2021-02-16T13:15:44.593058600Z   <fct>            <fct>    <int> <dbl>       <dbl> <lgl>   
2021-02-16T13:15:44.593067300Z 1 1 least deprived 0        67494     1           1 FALSE   
2021-02-16T13:15:44.593074700Z 2 2                0        84119     1           1 FALSE   
2021-02-16T13:15:44.593081800Z 3 3                0       103208     1           1 FALSE   
2021-02-16T13:15:44.593108600Z 4 4                0       112161     1           1 FALSE   
2021-02-16T13:15:44.593116600Z 5 5 most deprived  0       112938     1           1 FALSE   
2021-02-16T13:15:44.593123600Z 6 (missing)        0        11410     1           1 FALSE   
2021-02-16T13:15:45.588975100Z # A tibble: 12 x 6
2021-02-16T13:15:45.589038100Z    .level2          .level1      n      pct pct_nonmiss redacted
2021-02-16T13:15:45.589047200Z    <fct>            <fct>    <int>    <dbl>       <dbl> <lgl>   
2021-02-16T13:15:45.589055700Z  1 1 least deprived 0        67382 0.998       0.998    FALSE   
2021-02-16T13:15:45.589063000Z  2 1 least deprived 1          119 0.00173     0.00176  FALSE   
2021-02-16T13:15:45.589070100Z  3 2                0        83972 0.998       0.998    FALSE   
2021-02-16T13:15:45.589077200Z  4 2                1          147 0.00177     0.00175  FALSE   
2021-02-16T13:15:45.589084300Z  5 3                0       103047 0.998       0.998    FALSE   
2021-02-16T13:15:45.589091500Z  6 3                1          161 0.00155     0.00156  FALSE   
2021-02-16T13:15:45.589098600Z  7 4                0       112014 0.999       0.999    FALSE   
2021-02-16T13:15:45.589106200Z  8 4                1          147 0.00130     0.00131  FALSE   
2021-02-16T13:15:45.589113300Z  9 5 most deprived  0       112826 0.999       0.999    FALSE   
2021-02-16T13:15:45.589120900Z 10 5 most deprived  1          112 0.000992    0.000992 FALSE   
2021-02-16T13:15:45.589128500Z 11 (missing)        0        11396 0.999       0.999    FALSE   
2021-02-16T13:15:45.589135900Z 12 (missing)        1            7 0.000789    0.000614 FALSE   
2021-02-16T13:15:46.604472000Z # A tibble: 12 x 6
2021-02-16T13:15:46.604531000Z    .level2          .level1      n     pct pct_nonmiss redacted
2021-02-16T13:15:46.604542600Z    <fct>            <fct>    <int>   <dbl>       <dbl> <lgl>   
2021-02-16T13:15:46.604551900Z  1 1 least deprived 0        66598 0.987       0.987   FALSE   
2021-02-16T13:15:46.604559300Z  2 1 least deprived 1          903 0.0133      0.0134  FALSE   
2021-02-16T13:15:46.604566700Z  3 2                0        83013 0.987       0.987   FALSE   
2021-02-16T13:15:46.604574100Z  4 2                1         1106 0.0131      0.0131  FALSE   
2021-02-16T13:15:46.604583300Z  5 3                0       101955 0.988       0.988   FALSE   
2021-02-16T13:15:46.604591000Z  6 3                1         1253 0.0121      0.0121  FALSE   
2021-02-16T13:15:46.604598300Z  7 4                0       110971 0.989       0.989   FALSE   
2021-02-16T13:15:46.604605400Z  8 4                1         1190 0.0106      0.0106  FALSE   
2021-02-16T13:15:46.604612600Z  9 5 most deprived  0       111881 0.991       0.991   FALSE   
2021-02-16T13:15:46.604638600Z 10 5 most deprived  1         1064 0.00941     0.00942 FALSE   
2021-02-16T13:15:46.604646400Z 11 (missing)        0        11277 0.989       0.988   FALSE   
2021-02-16T13:15:46.604653600Z 12 (missing)        1          133 0.0114      0.0117  FALSE   
2021-02-16T13:15:47.640202600Z # A tibble: 12 x 6
2021-02-16T13:15:47.640266900Z    .level2          .level1      n      pct pct_nonmiss redacted
2021-02-16T13:15:47.640275800Z    <fct>            <fct>    <int>    <dbl>       <dbl> <lgl>   
2021-02-16T13:15:47.640284300Z  1 1 least deprived 0        67480 1.00        1.00     FALSE   
2021-02-16T13:15:47.640291600Z  2 1 least deprived 1           21 0.000281    0.000311 FALSE   
2021-02-16T13:15:47.640299000Z  3 2                0        84098 1.00        1.00     FALSE   
2021-02-16T13:15:47.640309100Z  4 2                1           21 0.000238    0.000250 FALSE   
2021-02-16T13:15:47.640316700Z  5 3                0       103201 1.00        1.00     FALSE   
2021-02-16T13:15:47.640323900Z  6 3                1           14 0.000107    0.000136 FALSE   
2021-02-16T13:15:47.640332900Z  7 4                0       112147 1.00        1.00     FALSE   
2021-02-16T13:15:47.640340200Z  8 4                1           14 0.000152    0.000125 FALSE   
2021-02-16T13:15:47.640347700Z  9 5 most deprived  0       112924 1.00        1.00     FALSE   
2021-02-16T13:15:47.640355000Z 10 5 most deprived  1           14 0.000133    0.000124 FALSE   
2021-02-16T13:15:47.640362400Z 11 (missing)        0        11410 1           1        FALSE   
2021-02-16T13:15:47.640370000Z 12 (missing)        1            0 0           0        FALSE   
2021-02-16T13:15:48.726550600Z # A tibble: 12 x 6
2021-02-16T13:15:48.726621100Z    .level2          .level1      n      pct pct_nonmiss redacted
2021-02-16T13:15:48.726630100Z    <fct>            <fct>    <int>    <dbl>       <dbl> <lgl>   
2021-02-16T13:15:48.726638900Z  1 1 least deprived 0        67480 1.00        1.00     FALSE   
2021-02-16T13:15:48.726646300Z  2 1 least deprived 1           21 0.000281    0.000311 FALSE   
2021-02-16T13:15:48.726653600Z  3 2                0        84098 1.00        1.00     FALSE   
2021-02-16T13:15:48.726660900Z  4 2                1           14 0.000202    0.000166 FALSE   
2021-02-16T13:15:48.726670300Z  5 3                0       103173 1.00        1.00     FALSE   
2021-02-16T13:15:48.726677500Z  6 3                1           35 0.000339    0.000339 FALSE   
2021-02-16T13:15:48.726684600Z  7 4                0       112147 1.00        1.00     FALSE   
2021-02-16T13:15:48.726691900Z  8 4                1           14 0.000125    0.000125 FALSE   
2021-02-16T13:15:48.726699200Z  9 5 most deprived  0       112931 1.00        1.00     FALSE   
2021-02-16T13:15:48.726706600Z 10 5 most deprived  1           14 0.000106    0.000124 FALSE   
2021-02-16T13:15:48.726735000Z 11 (missing)        0        11403 1.00        1        FALSE   
2021-02-16T13:15:48.726743400Z 12 (missing)        1            0 0.000263    0        FALSE   
2021-02-16T13:15:49.794775700Z # A tibble: 12 x 6
2021-02-16T13:15:49.794844200Z    .level2          .level1      n      pct pct_nonmiss redacted
2021-02-16T13:15:49.794853200Z    <fct>            <fct>    <int>    <dbl>       <dbl> <lgl>   
2021-02-16T13:15:49.794861500Z  1 1 least deprived 0        67424 0.999       0.999    FALSE   
2021-02-16T13:15:49.794868800Z  2 1 least deprived 1           77 0.00111     0.00114  FALSE   
2021-02-16T13:15:49.794875900Z  3 2                0        84049 0.999       0.999    FALSE   
2021-02-16T13:15:49.794883000Z  4 2                1           70 0.000808    0.000832 FALSE   
2021-02-16T13:15:49.794890200Z  5 3                0       103117 0.999       0.999    FALSE   
2021-02-16T13:15:49.794897500Z  6 3                1           91 0.000911    0.000882 FALSE   
2021-02-16T13:15:49.794904700Z  7 4                0       112084 0.999       0.999    FALSE   
2021-02-16T13:15:49.794911800Z  8 4                1           77 0.000669    0.000687 FALSE   
2021-02-16T13:15:49.794919000Z  9 5 most deprived  0       112854 0.999       0.999    FALSE   
2021-02-16T13:15:49.794926100Z 10 5 most deprived  1           91 0.000779    0.000806 FALSE   
2021-02-16T13:15:49.794933300Z 11 (missing)        0        11396 0.999       0.999    FALSE   
2021-02-16T13:15:49.794940400Z 12 (missing)        1            7 0.000877    0.000614 FALSE   
2021-02-16T13:15:51.624957100Z # A tibble: 6 x 6
2021-02-16T13:15:51.625002700Z   .level2     .level1      n   pct pct_nonmiss redacted
2021-02-16T13:15:51.625011200Z   <fct>       <fct>    <int> <dbl>       <dbl> <lgl>   
2021-02-16T13:15:51.625019700Z 1 Black       0         4389     1           1 FALSE   
2021-02-16T13:15:51.625026800Z 2 Mixed       0         2786     1           1 FALSE   
2021-02-16T13:15:51.625034000Z 3 South Asian 0        23618     1           1 FALSE   
2021-02-16T13:15:51.625041200Z 4 White       0       333858     1           1 FALSE   
2021-02-16T13:15:51.625048200Z 5 Other       0         5075     1           1 FALSE   
2021-02-16T13:15:51.625055300Z 6 (missing)   0       121611     1           1 FALSE   
2021-02-16T13:15:52.583021200Z # A tibble: 12 x 6
2021-02-16T13:15:52.583065500Z    .level2     .level1      n     pct pct_nonmiss redacted
2021-02-16T13:15:52.583073800Z    <fct>       <fct>    <int>   <dbl>       <dbl> <lgl>   
2021-02-16T13:15:52.583082100Z  1 Black       0         4382 0.998       0.998   FALSE   
2021-02-16T13:15:52.583089300Z  2 Black       1            7 0.00182     0.00159 FALSE   
2021-02-16T13:15:52.583107200Z  3 Mixed       0         2779 0.998       0.997   FALSE   
2021-02-16T13:15:52.583114900Z  4 Mixed       1            7 0.00180     0.00251 FALSE   
2021-02-16T13:15:52.583122200Z  5 South Asian 0        23569 0.998       0.998   FALSE   
2021-02-16T13:15:52.583129300Z  6 South Asian 1           42 0.00191     0.00178 FALSE   
2021-02-16T13:15:52.583136600Z  7 White       0       333396 0.999       0.999   FALSE   
2021-02-16T13:15:52.583143700Z  8 White       1          462 0.00138     0.00138 FALSE   
2021-02-16T13:15:52.583150700Z  9 Other       0         5061 0.998       0.997   FALSE   
2021-02-16T13:15:52.583157500Z 10 Other       1           14 0.00217     0.00276 FALSE   
2021-02-16T13:15:52.583164500Z 11 (missing)   0       121450 0.999       0.999   FALSE   
2021-02-16T13:15:52.583171600Z 12 (missing)   1          161 0.00133     0.00132 FALSE   
2021-02-16T13:15:53.599480200Z # A tibble: 12 x 6
2021-02-16T13:15:53.599526600Z    .level2     .level1      n    pct pct_nonmiss redacted
2021-02-16T13:15:53.599536000Z    <fct>       <fct>    <int>  <dbl>       <dbl> <lgl>   
2021-02-16T13:15:53.599544700Z  1 Black       0         4284 0.976       0.976  FALSE   
2021-02-16T13:15:53.599552100Z  2 Black       1          105 0.0237      0.0239 FALSE   
2021-02-16T13:15:53.599559400Z  3 Mixed       0         2723 0.977       0.977  FALSE   
2021-02-16T13:15:53.599566800Z  4 Mixed       1           63 0.0226      0.0226 FALSE   
2021-02-16T13:15:53.599574300Z  5 South Asian 0        23100 0.978       0.978  FALSE   
2021-02-16T13:15:53.599581500Z  6 South Asian 1          518 0.0218      0.0219 FALSE   
2021-02-16T13:15:53.599589000Z  7 White       0       330372 0.990       0.990  FALSE   
2021-02-16T13:15:53.599596500Z  8 White       1         3486 0.0105      0.0104 FALSE   
2021-02-16T13:15:53.599603700Z  9 Other       0         4956 0.978       0.978  FALSE   
2021-02-16T13:15:53.599611200Z 10 Other       1          112 0.0223      0.0221 FALSE   
2021-02-16T13:15:53.599618700Z 11 (missing)   0       120253 0.989       0.989  FALSE   
2021-02-16T13:15:53.599626100Z 12 (missing)   1         1358 0.0112      0.0112 FALSE   
2021-02-16T13:15:55.103036300Z # A tibble: 12 x 6
2021-02-16T13:15:55.103111000Z    .level2     .level1      n      pct pct_nonmiss redacted
2021-02-16T13:15:55.103120300Z    <fct>       <fct>    <int>    <dbl>       <dbl> <lgl>   
2021-02-16T13:15:55.103129000Z  1 Black       0         4389 1           1        FALSE   
2021-02-16T13:15:55.103136300Z  2 Black       1            0 0           0        FALSE   
2021-02-16T13:15:55.103143500Z  3 Mixed       0         2779 1.00        1        FALSE   
2021-02-16T13:15:55.103150900Z  4 Mixed       1            0 0.000359    0        FALSE   
2021-02-16T13:15:55.103187200Z  5 South Asian 0        23611 1.00        1.00     FALSE   
2021-02-16T13:15:55.103195300Z  6 South Asian 1            7 0.000212    0.000296 FALSE   
2021-02-16T13:15:55.103202300Z  7 White       0       333809 1.00        1.00     FALSE   
2021-02-16T13:15:55.103209300Z  8 White       1           56 0.000159    0.000168 FALSE   
2021-02-16T13:15:55.103216300Z  9 Other       0         5068 1.00        1        FALSE   
2021-02-16T13:15:55.103223200Z 10 Other       1            0 0.000197    0        FALSE   
2021-02-16T13:15:55.103230100Z 11 (missing)   0       121590 1.00        1.00     FALSE   
2021-02-16T13:15:55.103237000Z 12 (missing)   1           21 0.000181    0.000173 FALSE   
2021-02-16T13:15:56.018800300Z # A tibble: 12 x 6
2021-02-16T13:15:56.018867300Z    .level2     .level1      n       pct pct_nonmiss redacted
2021-02-16T13:15:56.018876300Z    <fct>       <fct>    <int>     <dbl>       <dbl> <lgl>   
2021-02-16T13:15:56.018884800Z  1 Black       0         4389 1.00         1        FALSE   
2021-02-16T13:15:56.018892200Z  2 Black       1            0 0.000228     0        FALSE   
2021-02-16T13:15:56.018899300Z  3 Mixed       0         2786 1            1        FALSE   
2021-02-16T13:15:56.018906700Z  4 Mixed       1            0 0            0        FALSE   
2021-02-16T13:15:56.018913900Z  5 South Asian 0        23611 1.00         1        FALSE   
2021-02-16T13:15:56.018921300Z  6 South Asian 1            0 0.0000847    0        FALSE   
2021-02-16T13:15:56.018928500Z  7 White       0       333795 1.00         1.00     FALSE   
2021-02-16T13:15:56.018935900Z  8 White       1           63 0.000195     0.000189 FALSE   
2021-02-16T13:15:56.018943000Z  9 Other       0         5075 1            1        FALSE   
2021-02-16T13:15:56.018950500Z 10 Other       1            0 0            0        FALSE   
2021-02-16T13:15:56.018957800Z 11 (missing)   0       121583 1.00         1.00     FALSE   
2021-02-16T13:15:56.018965000Z 12 (missing)   1           35 0.000263     0.000288 FALSE   
2021-02-16T13:15:56.966511300Z # A tibble: 12 x 6
2021-02-16T13:15:56.966584400Z    .level2     .level1      n      pct pct_nonmiss redacted
2021-02-16T13:15:56.966593400Z    <fct>       <fct>    <int>    <dbl>       <dbl> <lgl>   
2021-02-16T13:15:56.966602000Z  1 Black       0         4389 1.00        1        FALSE   
2021-02-16T13:15:56.966609000Z  2 Black       1            0 0.000228    0        FALSE   
2021-02-16T13:15:56.966616000Z  3 Mixed       0         2786 1           1        FALSE   
2021-02-16T13:15:56.966623400Z  4 Mixed       1            0 0           0        FALSE   
2021-02-16T13:15:56.966630300Z  5 South Asian 0        23611 1.00        1.00     FALSE   
2021-02-16T13:15:56.966637200Z  6 South Asian 1            7 0.000254    0.000296 FALSE   
2021-02-16T13:15:56.966666300Z  7 White       0       333571 0.999       0.999    FALSE   
2021-02-16T13:15:56.966674300Z  8 White       1          287 0.000869    0.000860 FALSE   
2021-02-16T13:15:56.966681200Z  9 Other       0         5075 1           1        FALSE   
2021-02-16T13:15:56.966688100Z 10 Other       1            0 0           0        FALSE   
2021-02-16T13:15:56.966695000Z 11 (missing)   0       121499 0.999       0.999    FALSE   
2021-02-16T13:15:56.966702200Z 12 (missing)   1          112 0.000929    0.000921 FALSE   
2021-02-16T13:15:58.964470700Z # A tibble: 10 x 6
2021-02-16T13:15:58.964541200Z    .level2                  .level1      n   pct pct_nonmiss redacted
2021-02-16T13:15:58.964552700Z    <fct>                    <fct>    <int> <dbl>       <dbl> <lgl>   
2021-02-16T13:15:58.964561200Z  1 East                     0       102627     1           1 FALSE   
2021-02-16T13:15:58.964568400Z  2 East Midlands            0        72870     1           1 FALSE   
2021-02-16T13:15:58.964575800Z  3 London                   0        17395     1           1 FALSE   
2021-02-16T13:15:58.964583100Z  4 North East               0        21735     1           1 FALSE   
2021-02-16T13:15:58.964590300Z  5 North West               0        58436     1           1 FALSE   
2021-02-16T13:15:58.964597500Z  6 South East               0        37191     1           1 FALSE   
2021-02-16T13:15:58.964604800Z  7 South West               0        86695     1           1 FALSE   
2021-02-16T13:15:58.964611900Z  8 West Midlands            0        20860     1           1 FALSE   
2021-02-16T13:15:58.964619000Z  9 Yorkshire and The Humber 0        73486     1           1 FALSE   
2021-02-16T13:15:58.964626400Z 10 (missing)                0           42     1           1 FALSE   
2021-02-16T13:15:59.980434300Z # A tibble: 20 x 6
2021-02-16T13:15:59.980508200Z    .level2                  .level1      n      pct pct_nonmiss redacted
2021-02-16T13:15:59.980517400Z    <fct>                    <fct>    <int>    <dbl>       <dbl> <lgl>   
2021-02-16T13:15:59.980525900Z  1 East                     0       102459 0.998       0.998    FALSE   
2021-02-16T13:15:59.980533000Z  2 East                     1          168 0.00165     0.00164  FALSE   
2021-02-16T13:15:59.980540300Z  3 East Midlands            0        72723 0.998       0.998    FALSE   
2021-02-16T13:15:59.980547600Z  4 East Midlands            1          147 0.00199     0.00202  FALSE   
2021-02-16T13:15:59.980554700Z  5 London                   0        17374 0.999       0.998    FALSE   
2021-02-16T13:15:59.980561900Z  6 London                   1           28 0.00149     0.00161  FALSE   
2021-02-16T13:15:59.980569000Z  7 North East               0        21707 0.999       0.999    FALSE   
2021-02-16T13:15:59.980576400Z  8 North East               1           28 0.00129     0.00129  FALSE   
2021-02-16T13:15:59.980608700Z  9 North West               0        58366 0.999       0.999    FALSE   
2021-02-16T13:15:59.980616800Z 10 North West               1           70 0.00125     0.00120  FALSE   
2021-02-16T13:15:59.980623800Z 11 South East               0        37121 0.998       0.998    FALSE   
2021-02-16T13:15:59.980630700Z 12 South East               1           70 0.00194     0.00188  FALSE   
2021-02-16T13:15:59.980637400Z 13 South West               0        86590 0.999       0.999    FALSE   
2021-02-16T13:15:59.980644300Z 14 South West               1          105 0.00118     0.00121  FALSE   
2021-02-16T13:15:59.980651100Z 15 West Midlands            0        20846 0.999       0.999    FALSE   
2021-02-16T13:15:59.980657900Z 16 West Midlands            1           14 0.000623    0.000671 FALSE   
2021-02-16T13:15:59.980664600Z 17 Yorkshire and The Humber 0        73423 0.999       0.999    FALSE   
2021-02-16T13:15:59.980671400Z 18 Yorkshire and The Humber 1           63 0.000885    0.000857 FALSE   
2021-02-16T13:15:59.980678200Z 19 (missing)                0           42 1           1        FALSE   
2021-02-16T13:15:59.980685100Z 20 (missing)                1            0 0           0        FALSE   
2021-02-16T13:16:00.929213700Z # A tibble: 20 x 6
2021-02-16T13:16:00.929251500Z    .level2                  .level1      n     pct pct_nonmiss redacted
2021-02-16T13:16:00.929260400Z    <fct>                    <fct>    <int>   <dbl>       <dbl> <lgl>   
2021-02-16T13:16:00.929269100Z  1 East                     0       101129 0.985       0.985   FALSE   
2021-02-16T13:16:00.929276400Z  2 East                     1         1498 0.0146      0.0146  FALSE   
2021-02-16T13:16:00.929283700Z  3 East Midlands            0        72009 0.988       0.988   FALSE   
2021-02-16T13:16:00.929291000Z  4 East Midlands            1          861 0.0119      0.0118  FALSE   
2021-02-16T13:16:00.929298400Z  5 London                   0        17045 0.980       0.980   FALSE   
2021-02-16T13:16:00.929306200Z  6 London                   1          350 0.0203      0.0201  FALSE   
2021-02-16T13:16:00.929313400Z  7 North East               0        21567 0.992       0.993   FALSE   
2021-02-16T13:16:00.929320800Z  8 North East               1          161 0.00750     0.00741 FALSE   
2021-02-16T13:16:00.929328100Z  9 North West               0        57827 0.990       0.990   FALSE   
2021-02-16T13:16:00.929335200Z 10 North West               1          609 0.0104      0.0104  FALSE   
2021-02-16T13:16:00.929342500Z 11 South East               0        36463 0.980       0.980   FALSE   
2021-02-16T13:16:00.929349800Z 12 South East               1          728 0.0196      0.0196  FALSE   
2021-02-16T13:16:00.929357200Z 13 South West               0        85883 0.991       0.991   FALSE   
2021-02-16T13:16:00.929364600Z 14 South West               1          812 0.00933     0.00937 FALSE   
2021-02-16T13:16:00.929392700Z 15 West Midlands            0        20636 0.989       0.989   FALSE   
2021-02-16T13:16:00.929400800Z 16 West Midlands            1          224 0.0108      0.0107  FALSE   
2021-02-16T13:16:00.929408000Z 17 Yorkshire and The Humber 0        73094 0.995       0.995   FALSE   
2021-02-16T13:16:00.929415100Z 18 Yorkshire and The Humber 1          392 0.00529     0.00533 FALSE   
2021-02-16T13:16:00.929422100Z 19 (missing)                0           42 1           1       FALSE   
2021-02-16T13:16:00.929429300Z 20 (missing)                1            0 0           0       FALSE   
2021-02-16T13:16:01.892523700Z # A tibble: 20 x 6
2021-02-16T13:16:01.892595900Z    .level2                  .level1      n       pct pct_nonmiss redacted
2021-02-16T13:16:01.892604900Z    <fct>                    <fct>    <int>     <dbl>       <dbl> <lgl>   
2021-02-16T13:16:01.892613400Z  1 East                     0       102613 1.00        1.00      FALSE   
2021-02-16T13:16:01.892620600Z  2 East                     1           14 0.000146    0.000136  FALSE   
2021-02-16T13:16:01.892627900Z  3 East Midlands            0        72856 1.00        1.00      FALSE   
2021-02-16T13:16:01.892635100Z  4 East Midlands            1           14 0.000192    0.000192  FALSE   
2021-02-16T13:16:01.892642200Z  5 London                   0        17388 1.00        1.00      FALSE   
2021-02-16T13:16:01.892649400Z  6 London                   1            7 0.000345    0.000402  FALSE   
2021-02-16T13:16:01.892656600Z  7 North East               0        21721 1.00        1.00      FALSE   
2021-02-16T13:16:01.892665900Z  8 North East               1            7 0.000414    0.000322  FALSE   
2021-02-16T13:16:01.892673000Z  9 North West               0        58429 1.00        1.00      FALSE   
2021-02-16T13:16:01.892680200Z 10 North West               1            7 0.000171    0.000120  FALSE   
2021-02-16T13:16:01.892687400Z 11 South East               0        37184 1.00        1.00      FALSE   
2021-02-16T13:16:01.892694600Z 12 South East               1            7 0.000242    0.000188  FALSE   
2021-02-16T13:16:01.892701900Z 13 South West               0        86688 1.00        1.00      FALSE   
2021-02-16T13:16:01.892709100Z 14 South West               1            7 0.0000807   0.0000807 FALSE   
2021-02-16T13:16:01.892716300Z 15 West Midlands            0        20853 1.00        1.00      FALSE   
2021-02-16T13:16:01.892723300Z 16 West Midlands            1            7 0.000192    0.000336  FALSE   
2021-02-16T13:16:01.892730600Z 17 Yorkshire and The Humber 0        73479 1.00        1.00      FALSE   
2021-02-16T13:16:01.892737700Z 18 Yorkshire and The Humber 1            7 0.000109    0.0000953 FALSE   
2021-02-16T13:16:01.892744800Z 19 (missing)                0           42 1           1         FALSE   
2021-02-16T13:16:01.892751900Z 20 (missing)                1            0 0           0         FALSE   
2021-02-16T13:16:02.846896300Z # A tibble: 20 x 6
2021-02-16T13:16:02.846966400Z    .level2                  .level1      n       pct pct_nonmiss redacted
2021-02-16T13:16:02.846975500Z    <fct>                    <fct>    <int>     <dbl>       <dbl> <lgl>   
2021-02-16T13:16:02.846983900Z  1 East                     0       102599 1.00        1.00      FALSE   
2021-02-16T13:16:02.846991200Z  2 East                     1           28 0.000263    0.000273  FALSE   
2021-02-16T13:16:02.846998100Z  3 East Midlands            0        72870 1.00        1         FALSE   
2021-02-16T13:16:02.847005100Z  4 East Midlands            1            0 0.0000274   0         FALSE   
2021-02-16T13:16:02.847011900Z  5 London                   0        17395 1.00        1         FALSE   
2021-02-16T13:16:02.847018900Z  6 London                   1            0 0.000172    0         FALSE   
2021-02-16T13:16:02.847025800Z  7 North East               0        21721 0.999       0.999     FALSE   
2021-02-16T13:16:02.847032600Z  8 North East               1           14 0.000552    0.000644  FALSE   
2021-02-16T13:16:02.847039600Z  9 North West               0        58415 1.00        1.00      FALSE   
2021-02-16T13:16:02.847046500Z 10 North West               1           21 0.000359    0.000359  FALSE   
2021-02-16T13:16:02.847053300Z 11 South East               0        37170 1.00        0.999     FALSE   
2021-02-16T13:16:02.847060000Z 12 South East               1           21 0.000484    0.000565  FALSE   
2021-02-16T13:16:02.847066800Z 13 South West               0        86681 1.00        1.00      FALSE   
2021-02-16T13:16:02.847073600Z 14 South West               1            7 0.000104    0.0000807 FALSE   
2021-02-16T13:16:02.847080300Z 15 West Midlands            0        20860 1.00        1         FALSE   
2021-02-16T13:16:02.847087100Z 16 West Midlands            1            0 0.0000959   0         FALSE   
2021-02-16T13:16:02.847094000Z 17 Yorkshire and The Humber 0        73479 1.00        1.00      FALSE   
2021-02-16T13:16:02.847100700Z 18 Yorkshire and The Humber 1            7 0.0000816   0.0000953 FALSE   
2021-02-16T13:16:02.847107600Z 19 (missing)                0           42 1           1         FALSE   
2021-02-16T13:16:02.847114300Z 20 (missing)                1            0 0           0         FALSE   
2021-02-16T13:16:03.831454900Z # A tibble: 20 x 6
2021-02-16T13:16:03.831524700Z    .level2                  .level1      n      pct pct_nonmiss redacted
2021-02-16T13:16:03.831533800Z    <fct>                    <fct>    <int>    <dbl>       <dbl> <lgl>   
2021-02-16T13:16:03.831574200Z  1 East                     0       102550 0.999       0.999    FALSE   
2021-02-16T13:16:03.831588900Z  2 East                     1           77 0.000770    0.000750 FALSE   
2021-02-16T13:16:03.831596500Z  3 East Midlands            0        72835 0.999       0.999    FALSE   
2021-02-16T13:16:03.831630100Z  4 East Midlands            1           42 0.000535    0.000576 FALSE   
2021-02-16T13:16:03.831637900Z  5 London                   0        17388 1.00        1.00     FALSE   
2021-02-16T13:16:03.831645000Z  6 London                   1            7 0.000460    0.000402 FALSE   
2021-02-16T13:16:03.831652100Z  7 North East               0        21707 0.999       0.999    FALSE   
2021-02-16T13:16:03.831659200Z  8 North East               1           21 0.00106     0.000966 FALSE   
2021-02-16T13:16:03.831666200Z  9 North West               0        58373 0.999       0.999    FALSE   
2021-02-16T13:16:03.831673300Z 10 North West               1           70 0.00115     0.00120  FALSE   
2021-02-16T13:16:03.831680200Z 11 South East               0        37142 0.999       0.999    FALSE   
2021-02-16T13:16:03.831687100Z 12 South East               1           49 0.00129     0.00132  FALSE   
2021-02-16T13:16:03.831694000Z 13 South West               0        86618 0.999       0.999    FALSE   
2021-02-16T13:16:03.831700900Z 14 South West               1           77 0.000865    0.000888 FALSE   
2021-02-16T13:16:03.831707800Z 15 West Midlands            0        20853 1.00        1.00     FALSE   
2021-02-16T13:16:03.831714700Z 16 West Midlands            1            7 0.000384    0.000336 FALSE   
2021-02-16T13:16:03.831721600Z 17 Yorkshire and The Humber 0        73423 0.999       0.999    FALSE   
2021-02-16T13:16:03.831728500Z 18 Yorkshire and The Humber 1           63 0.000857    0.000857 FALSE   
2021-02-16T13:16:03.831735400Z 19 (missing)                0           42 1           1        FALSE   
2021-02-16T13:16:03.831742300Z 20 (missing)                1            0 0           0        FALSE   


state: succeeded
commit: 068a9d77282100339453bd94787c4495801b58e4
docker_image_id: sha256:841eb4b2d7724549048fdd750533559f9bd5131c6623d83a48602edaf6af651a
job_id: zmtlthajinvfszga
run_by_user: wjchulme
created_at: 2021-02-16T11:53:43Z
started_at: 2021-02-16T13:15:02Z
completed_at: 2021-02-16T13:16:13Z

Completed successfully

outputs:
  output/tte/tables/event_rates_at_14days_ageband.csv    - moderately_sensitive
  output/tte/tables/event_rates_at_14days_ethnicity.csv  - moderately_sensitive
  output/tte/tables/event_rates_at_14days_imd.csv        - moderately_sensitive
  output/tte/tables/event_rates_at_14days_region.csv     - moderately_sensitive
  output/tte/tables/event_rates_at_14days_sex.csv        - moderately_sensitive