2021-02-16T13:14:17.226834200Z -- Attaching packages --------------------------------------- tidyverse 1.3.0 --
2021-02-16T13:14:17.235733800Z v ggplot2 3.3.2     v purrr   0.3.4
2021-02-16T13:14:17.235771700Z v tibble  3.0.3     v dplyr   1.0.2
2021-02-16T13:14:17.235779800Z v tidyr   1.1.2     v stringr 1.4.0
2021-02-16T13:14:17.235786600Z v readr   1.3.1     v forcats 0.5.0
2021-02-16T13:14:17.411772700Z -- Conflicts ------------------------------------------ tidyverse_conflicts() --
2021-02-16T13:14:17.411817300Z x dplyr::filter() masks stats::filter()
2021-02-16T13:14:17.411825500Z x dplyr::lag()    masks stats::lag()
2021-02-16T13:14:19.310310900Z 
2021-02-16T13:14:19.310356200Z Attaching package: 'lubridate'
2021-02-16T13:14:19.310364400Z 
2021-02-16T13:14:19.311802500Z The following objects are masked from 'package:base':
2021-02-16T13:14:19.311827000Z 
2021-02-16T13:14:19.311835000Z     date, intersect, setdiff, union
2021-02-16T13:14:19.311842100Z 
2021-02-16T13:14:38.044864000Z # A tibble: 6 x 6
2021-02-16T13:14:38.044912800Z   .level2 .level1       n   pct pct_nonmiss redacted
2021-02-16T13:14:38.044921300Z   <fct>   <fct>     <int> <dbl>       <dbl> <lgl>   
2021-02-16T13:14:38.044929700Z 1 Ox-AZ   Female  1135911 0.571       0.571 FALSE   
2021-02-16T13:14:38.044936500Z 2 Ox-AZ   Male     852628 0.429       0.429 FALSE   
2021-02-16T13:14:38.044943300Z 3 P-B     Female  1615579 0.615       0.615 FALSE   
2021-02-16T13:14:38.044950100Z 4 P-B     Male    1011129 0.385       0.385 FALSE   
2021-02-16T13:14:38.044958500Z 5 Unknown Female     1176 0.624       0.625 FALSE   
2021-02-16T13:14:38.044965400Z 6 Unknown Male        707 0.376       0.375 FALSE   
2021-02-16T13:14:39.032853800Z # A tibble: 15 x 6
2021-02-16T13:14:39.032901200Z    .level2 .level1      n    pct pct_nonmiss redacted
2021-02-16T13:14:39.032909200Z    <fct>   <fct>    <int>  <dbl>       <dbl> <lgl>   
2021-02-16T13:14:39.032917500Z  1 Ox-AZ   18-49   256242 0.129       0.129  FALSE   
2021-02-16T13:14:39.032924300Z  2 Ox-AZ   50s     162092 0.0815      0.0815 FALSE   
2021-02-16T13:14:39.032931500Z  3 Ox-AZ   60s     344680 0.173       0.173  FALSE   
2021-02-16T13:14:39.032938200Z  4 Ox-AZ   70s     954436 0.480       0.480  FALSE   
2021-02-16T13:14:39.032945100Z  5 Ox-AZ   80+     271082 0.136       0.136  FALSE   
2021-02-16T13:14:39.032952100Z  6 P-B     18-49   596638 0.227       0.227  FALSE   
2021-02-16T13:14:39.032958800Z  7 P-B     50s     289324 0.110       0.110  FALSE   
2021-02-16T13:14:39.032965500Z  8 P-B     60s     279188 0.106       0.106  FALSE   
2021-02-16T13:14:39.032972300Z  9 P-B     70s     763406 0.291       0.291  FALSE   
2021-02-16T13:14:39.032988600Z 10 P-B     80+     698145 0.266       0.266  FALSE   
2021-02-16T13:14:39.032996400Z 11 Unknown 18-49      322 0.170       0.171  FALSE   
2021-02-16T13:14:39.033003300Z 12 Unknown 50s        189 0.0997      0.100  FALSE   
2021-02-16T13:14:39.033010100Z 13 Unknown 60s        217 0.116       0.115  FALSE   
2021-02-16T13:14:39.033016800Z 14 Unknown 70s        567 0.302       0.301  FALSE   
2021-02-16T13:14:39.033023400Z 15 Unknown 80+        588 0.312       0.312  FALSE   
2021-02-16T13:14:39.701396500Z # A tibble: 18 x 6
2021-02-16T13:14:39.701442400Z    .level2 .level1               n    pct pct_nonmiss redacted
2021-02-16T13:14:39.701451400Z    <fct>   <fct>             <int>  <dbl>       <dbl> <lgl>   
2021-02-16T13:14:39.701460300Z  1 Ox-AZ   1 least deprived 294525 0.148        0.151 FALSE   
2021-02-16T13:14:39.701467500Z  2 Ox-AZ   2                351281 0.177        0.180 FALSE   
2021-02-16T13:14:39.701474700Z  3 Ox-AZ   3                439425 0.221        0.225 FALSE   
2021-02-16T13:14:39.701481900Z  4 Ox-AZ   4                437885 0.220        0.225 FALSE   
2021-02-16T13:14:39.701489100Z  5 Ox-AZ   5 most deprived  426664 0.215        0.219 FALSE   
2021-02-16T13:14:39.701496200Z  6 Ox-AZ   (missing)         38759 0.0195       0     FALSE   
2021-02-16T13:14:39.701503500Z  7 P-B     1 least deprived 360801 0.137        0.140 FALSE   
2021-02-16T13:14:39.701510700Z  8 P-B     2                461104 0.176        0.179 FALSE   
2021-02-16T13:14:39.701518000Z  9 P-B     3                574581 0.219        0.223 FALSE   
2021-02-16T13:14:39.701525300Z 10 P-B     4                593061 0.226        0.231 FALSE   
2021-02-16T13:14:39.701532700Z 11 P-B     5 most deprived  582386 0.222        0.226 FALSE   
2021-02-16T13:14:39.701540000Z 12 P-B     (missing)         54775 0.0209       0     FALSE   
2021-02-16T13:14:39.701547100Z 13 Unknown 1 least deprived    364 0.194        0.206 FALSE   
2021-02-16T13:14:39.701554400Z 14 Unknown 2                   343 0.181        0.194 FALSE   
2021-02-16T13:14:39.701561700Z 15 Unknown 3                   371 0.198        0.209 FALSE   
2021-02-16T13:14:39.701569500Z 16 Unknown 4                   329 0.174        0.186 FALSE   
2021-02-16T13:14:39.701577000Z 17 Unknown 5 most deprived     364 0.194        0.206 FALSE   
2021-02-16T13:14:39.701584100Z 18 Unknown (missing)           112 0.0589       0     FALSE   
2021-02-16T13:14:40.503238700Z # A tibble: 18 x 6
2021-02-16T13:14:40.503305100Z    .level2 .level1           n     pct pct_nonmiss redacted
2021-02-16T13:14:40.503314700Z    <fct>   <fct>         <int>   <dbl>       <dbl> <lgl>   
2021-02-16T13:14:40.503324000Z  1 Ox-AZ   Black         20146 0.0101      0.0130  FALSE   
2021-02-16T13:14:40.503332000Z  2 Ox-AZ   Mixed          8526 0.00429     0.00551 FALSE   
2021-02-16T13:14:40.503365200Z  3 Ox-AZ   South Asian   63931 0.0321      0.0413  FALSE   
2021-02-16T13:14:40.503373500Z  4 Ox-AZ   White       1442091 0.725       0.932   FALSE   
2021-02-16T13:14:40.503380600Z  5 Ox-AZ   Other         13307 0.00669     0.00860 FALSE   
2021-02-16T13:14:40.503387900Z  6 Ox-AZ   (missing)    440531 0.222       0       FALSE   
2021-02-16T13:14:40.503395100Z  7 P-B     Black         30604 0.0117      0.0152  FALSE   
2021-02-16T13:14:40.503402300Z  8 P-B     Mixed         14917 0.00568     0.00739 FALSE   
2021-02-16T13:14:40.503409800Z  9 P-B     South Asian  109144 0.0416      0.0540  FALSE   
2021-02-16T13:14:40.503416800Z 10 P-B     White       1841217 0.701       0.912   FALSE   
2021-02-16T13:14:40.503423800Z 11 P-B     Other         23877 0.00909     0.0118  FALSE   
2021-02-16T13:14:40.503430700Z 12 P-B     (missing)    606942 0.231       0       FALSE   
2021-02-16T13:14:40.503437700Z 13 Unknown Black            21 0.0117      0.0140  FALSE   
2021-02-16T13:14:40.503445200Z 14 Unknown Mixed            21 0.0101      0.0140  FALSE   
2021-02-16T13:14:40.503456900Z 15 Unknown South Asian      98 0.0531      0.0654  FALSE   
2021-02-16T13:14:40.503464000Z 16 Unknown White          1344 0.714       0.897   FALSE   
2021-02-16T13:14:40.503471000Z 17 Unknown Other            14 0.00796     0.00935 FALSE   
2021-02-16T13:14:40.503478000Z 18 Unknown (missing)       385 0.204       0       FALSE   
2021-02-16T13:14:41.471448100Z # A tibble: 30 x 6
2021-02-16T13:14:41.471506800Z    .level2 .level1                       n       pct pct_nonmiss redacted
2021-02-16T13:14:41.471515300Z    <fct>   <fct>                     <int>     <dbl>       <dbl> <lgl>   
2021-02-16T13:14:41.471523900Z  1 Ox-AZ   East                     459242 0.231          0.231  FALSE   
2021-02-16T13:14:41.471532300Z  2 Ox-AZ   East Midlands            350770 0.176          0.176  FALSE   
2021-02-16T13:14:41.471539500Z  3 Ox-AZ   London                    71470 0.0359         0.0359 FALSE   
2021-02-16T13:14:41.471546300Z  4 Ox-AZ   North East                93786 0.0472         0.0472 FALSE   
2021-02-16T13:14:41.471553400Z  5 Ox-AZ   North West               184135 0.0926         0.0926 FALSE   
2021-02-16T13:14:41.471560400Z  6 Ox-AZ   South East               141302 0.0711         0.0711 FALSE   
2021-02-16T13:14:41.471567500Z  7 Ox-AZ   South West               316750 0.159          0.159  FALSE   
2021-02-16T13:14:41.471574300Z  8 Ox-AZ   West Midlands             75341 0.0379         0.0379 FALSE   
2021-02-16T13:14:41.471581200Z  9 Ox-AZ   Yorkshire and The Humber 295547 0.149          0.149  FALSE   
2021-02-16T13:14:41.471588000Z 10 Ox-AZ   (missing)                   196 0.0000971      0      FALSE   
2021-02-16T13:14:41.471595000Z # ... with 20 more rows


state: succeeded
commit: 068a9d77282100339453bd94787c4495801b58e4
docker_image_id: sha256:841eb4b2d7724549048fdd750533559f9bd5131c6623d83a48602edaf6af651a
job_id: k7b6d6d75xklqazo
run_by_user: wjchulme
created_at: 2021-02-16T11:53:43Z
started_at: 2021-02-16T13:14:14Z
completed_at: 2021-02-16T13:16:03Z

Completed successfully

outputs:
  output/vaccine_type/tables/vaccine_type_ageband.csv    - moderately_sensitive
  output/vaccine_type/tables/vaccine_type_ethnicity.csv  - moderately_sensitive
  output/vaccine_type/tables/vaccine_type_imd.csv        - moderately_sensitive
  output/vaccine_type/tables/vaccine_type_region.csv     - moderately_sensitive
  output/vaccine_type/tables/vaccine_type_sex.csv        - moderately_sensitive