2021-04-14T12:21:10.933492100Z -- Attaching packages --------------------------------------- tidyverse 1.3.0 --
2021-04-14T12:21:10.943005200Z v ggplot2 3.3.2     v purrr   0.3.4
2021-04-14T12:21:10.943090100Z v tibble  3.0.3     v dplyr   1.0.2
2021-04-14T12:21:10.943098900Z v tidyr   1.1.2     v stringr 1.4.0
2021-04-14T12:21:10.943106000Z v readr   1.3.1     v forcats 0.5.0
2021-04-14T12:21:11.136953800Z -- Conflicts ------------------------------------------ tidyverse_conflicts() --
2021-04-14T12:21:11.137041100Z x dplyr::filter() masks stats::filter()
2021-04-14T12:21:11.137049700Z x dplyr::lag()    masks stats::lag()
2021-04-14T12:21:13.566414900Z 
2021-04-14T12:21:13.566493800Z Attaching package: 'lubridate'
2021-04-14T12:21:13.566502600Z 
2021-04-14T12:21:13.568056100Z The following objects are masked from 'package:base':
2021-04-14T12:21:13.568080100Z 
2021-04-14T12:21:13.568088900Z     date, intersect, setdiff, union
2021-04-14T12:21:13.568096100Z 
2021-04-14T12:21:13.979952100Z <environment: R_GlobalEnv>
2021-04-14T12:21:13.980549700Z <environment: R_GlobalEnv>
2021-04-14T12:21:16.319711000Z data_cox data size = 100000 
2021-04-14T12:21:16.322827000Z   memory usage = 0.038 GB 
2021-04-14T12:21:16.428003500Z     
2021-04-14T12:21:16.428089500Z all   
2021-04-14T12:21:16.428098400Z   
2021-04-14T12:21:18.373456500Z   
2021-04-14T12:21:18.373547000Z coxmod0 
2021-04-14T12:21:19.698627700Z coxmod0 data size = 100000 
2021-04-14T12:21:19.806113600Z memory usage = 0.016 GB 
2021-04-14T12:21:20.008879100Z   
2021-04-14T12:21:20.008952200Z coxmod1 
2021-04-14T12:21:22.347381800Z   
2021-04-14T12:21:22.347452000Z coxmod2 
2021-04-14T12:21:29.931414300Z   
2021-04-14T12:21:29.931476800Z coxmod3 
2021-04-14T12:21:37.643936800Z NULL
2021-04-14T12:21:37.644005700Z   


state: succeeded
commit: d68dd63032897fbf37c9855d4248683e88a66622
docker_image_id: sha256:c2fc5042bf86134947d83ad8e70bd926e2c1f91a263c6bfe87438ad783bec981
exit_code: 0
job_id: 43z7tzwcgvjmo4iy
run_by_user: wjchulme
created_at: 2021-04-14T11:05:31Z
started_at: 2021-04-14T12:21:07Z
completed_at: 2021-04-14T12:23:07Z

Completed successfully

outputs:
  output/over80s/vaccination/all/all/data_cox_sub.rds  - highly_sensitive
  output/over80s/vaccination/all/all/vaxmodelcox0.rds  - highly_sensitive
  output/over80s/vaccination/all/all/vaxmodelcox1.rds  - highly_sensitive
  output/over80s/vaccination/all/all/vaxmodelcox2.rds  - highly_sensitive
  output/over80s/vaccination/all/all/vaxmodelcox3.rds  - highly_sensitive