2021-03-31T12:59:31.454005700Z -- Attaching packages --------------------------------------- tidyverse 1.3.0 --
2021-03-31T12:59:31.462808600Z v ggplot2 3.3.2     v purrr   0.3.4
2021-03-31T12:59:31.462829800Z v tibble  3.0.3     v dplyr   1.0.2
2021-03-31T12:59:31.462838000Z v tidyr   1.1.2     v stringr 1.4.0
2021-03-31T12:59:31.462845000Z v readr   1.3.1     v forcats 0.5.0
2021-03-31T12:59:31.633294700Z -- Conflicts ------------------------------------------ tidyverse_conflicts() --
2021-03-31T12:59:31.633314900Z x dplyr::filter() masks stats::filter()
2021-03-31T12:59:31.633323200Z x dplyr::lag()    masks stats::lag()
2021-03-31T12:59:31.647179200Z 
2021-03-31T12:59:31.647199900Z Attaching package: 'lubridate'
2021-03-31T12:59:31.647208400Z 
2021-03-31T12:59:31.648560200Z The following objects are masked from 'package:base':
2021-03-31T12:59:31.648576800Z 
2021-03-31T12:59:31.648584200Z     date, intersect, setdiff, union
2021-03-31T12:59:31.648591100Z 
2021-03-31T12:59:33.885113800Z <environment: R_GlobalEnv>
2021-03-31T12:59:33.885394000Z <environment: R_GlobalEnv>


state: succeeded
commit: b44a00e320c39503b08692af096a8d7d7f703aea
docker_image_id: sha256:876a994cdafb8d3fb4b710249fd7716a31efd3ea26cb3faf7aa2187853c6c624
exit_code: 0
job_id: ryl7af3vldm7dvlk
run_by_user: wjchulme
created_at: 2021-03-31T12:59:08Z
started_at: 2021-03-31T12:59:29Z
completed_at: 2021-03-31T13:00:04Z

Completed successfully

outputs:
  output/over80s/vaccination/all/all/plot_vaxcoxmod1.svg  - moderately_sensitive
  output/over80s/vaccination/all/all/plot_vaxcoxmod2.svg  - moderately_sensitive
  output/over80s/vaccination/all/all/plot_vaxcoxmod3.svg  - moderately_sensitive
  output/over80s/vaccination/all/all/tab_vaxcoxmod1.csv   - moderately_sensitive
  output/over80s/vaccination/all/all/tab_vaxcoxmod1.html  - moderately_sensitive
  output/over80s/vaccination/all/all/tab_vaxcoxmod2.csv   - moderately_sensitive
  output/over80s/vaccination/all/all/tab_vaxcoxmod2.html  - moderately_sensitive
  output/over80s/vaccination/all/all/tab_vaxcoxmod3.csv   - moderately_sensitive
  output/over80s/vaccination/all/all/tab_vaxcoxmod3.html  - moderately_sensitive