2021-04-14T13:21:22.864969900Z -- Attaching packages --------------------------------------- tidyverse 1.3.0 --
2021-04-14T13:21:22.875362500Z v ggplot2 3.3.2     v purrr   0.3.4
2021-04-14T13:21:22.875452800Z v tibble  3.0.3     v dplyr   1.0.2
2021-04-14T13:21:22.875461200Z v tidyr   1.1.2     v stringr 1.4.0
2021-04-14T13:21:22.875468300Z v readr   1.3.1     v forcats 0.5.0
2021-04-14T13:21:23.105366400Z -- Conflicts ------------------------------------------ tidyverse_conflicts() --
2021-04-14T13:21:23.105453400Z x dplyr::filter() masks stats::filter()
2021-04-14T13:21:23.105462000Z x dplyr::lag()    masks stats::lag()
2021-04-14T13:21:23.126991200Z 
2021-04-14T13:21:23.127077900Z Attaching package: 'lubridate'
2021-04-14T13:21:23.127086700Z 
2021-04-14T13:21:23.128718700Z The following objects are masked from 'package:base':
2021-04-14T13:21:23.128739900Z 
2021-04-14T13:21:23.128748500Z     date, intersect, setdiff, union
2021-04-14T13:21:23.128755600Z 
2021-04-14T13:21:25.351320000Z #BlackLivesMatter
2021-04-14T13:21:25.835163100Z <environment: R_GlobalEnv>
2021-04-14T13:21:25.835363300Z <environment: R_GlobalEnv>
2021-04-14T13:22:01.803433300Z Saving 7 x 7 in image


state: succeeded
commit: d68dd63032897fbf37c9855d4248683e88a66622
docker_image_id: sha256:c2fc5042bf86134947d83ad8e70bd926e2c1f91a263c6bfe87438ad783bec981
exit_code: 0
job_id: hhl4t6vws3r4nn5y
run_by_user: wjchulme
created_at: 2021-04-14T11:05:31Z
started_at: 2021-04-14T13:21:19Z
completed_at: 2021-04-14T13:22:07Z

Completed successfully

outputs:
  output/over80s/vaccination/all/all/plot_vaxcoxmod1.svg      - moderately_sensitive
  output/over80s/vaccination/all/all/plot_vaxcoxmod2.svg      - moderately_sensitive
  output/over80s/vaccination/all/all/plot_vaxcoxmod3.svg      - moderately_sensitive
  output/over80s/vaccination/all/all/plot_vaxcoxmod3_age.svg  - moderately_sensitive
  output/over80s/vaccination/all/all/tab_vaxcoxmod1.csv       - moderately_sensitive
  output/over80s/vaccination/all/all/tab_vaxcoxmod1.html      - moderately_sensitive
  output/over80s/vaccination/all/all/tab_vaxcoxmod2.csv       - moderately_sensitive
  output/over80s/vaccination/all/all/tab_vaxcoxmod2.html      - moderately_sensitive
  output/over80s/vaccination/all/all/tab_vaxcoxmod3.csv       - moderately_sensitive
  output/over80s/vaccination/all/all/tab_vaxcoxmod3.html      - moderately_sensitive